<?xml version="1.0" encoding="UTF-8"?>
<TestRun id="0dd248f8-b99f-4c19-95fb-848ee70d2435" name="navb@NAVB3 2017-11-29 20:12:15" runUser="FAREAST\navb" xmlns="http://microsoft.com/schemas/VisualStudio/TeamTest/2010">
  <Times creation="2017-11-29T20:12:15.8090465+05:30" queuing="2017-11-29T20:12:15.8090465+05:30" start="2017-11-29T20:12:15.1372059+05:30" finish="2017-11-29T20:12:16.2465602+05:30" />
  <TestSettings name="default" id="901b0741-d561-408e-9cb2-b6341e849c16">
    <Execution>
      <TestTypeSpecific />
    </Execution>
    <Deployment runDeploymentRoot="navb_NAVB3 2017-11-29 20_12_15" />
    <Properties />
  </TestSettings>
  <Results>
    <UnitTestResult executionId="02e0a229-5a83-4def-a18f-ab6360d1f8b5" testId="36bde96d-0d96-c298-43a3-0f3842a0cfda" testName="TestMethod1" computerName="NAVB3" duration="00:00:00.0044591" startTime="2017-11-29T20:12:15.7153232+05:30" endTime="2017-11-29T20:12:15.7465417+05:30" testType="13cdc9d9-ddb5-4fa4-a97d-d965ccfc6d4b" outcome="Passed" testListId="8c84fa94-04c1-424b-9868-57a2d4851a1d" relativeResultsDirectory="02e0a229-5a83-4def-a18f-ab6360d1f8b5" />
    <UnitTestResult executionId="bc9e400d-0187-4f40-8ca4-70ea32a53c15" testId="cb12f671-288e-b984-7841-f27b28b5a954" testName="MSTest_P2_936" computerName="NAVB3" duration="00:00:00.0010210" startTime="2017-11-29T20:12:15.7621718+05:30" endTime="2017-11-29T20:12:15.7621718+05:30" testType="13cdc9d9-ddb5-4fa4-a97d-d965ccfc6d4b" outcome="Passed" testListId="8c84fa94-04c1-424b-9868-57a2d4851a1d" relativeResultsDirectory="bc9e400d-0187-4f40-8ca4-70ea32a53c15" />
    <UnitTestResult executionId="0bc99f20-17fa-411b-831e-82559c0e8507" testId="689479ad-c111-709a-1cd1-0ad6c680155c" testName="MSTest_P2_937" computerName="NAVB3" duration="00:00:00.0000850" startTime="2017-11-29T20:12:15.7621718+05:30" endTime="2017-11-29T20:12:15.7621718+05:30" testType="13cdc9d9-ddb5-4fa4-a97d-d965ccfc6d4b" outcome="Passed" testListId="8c84fa94-04c1-424b-9868-57a2d4851a1d" relativeResultsDirectory="0bc99f20-17fa-411b-831e-82559c0e8507" />
    <UnitTestResult executionId="b88a859e-1cd9-434c-9c4d-61cafcad7487" testId="dd0943f8-c48f-9d2e-8e55-d0f390e5f150" testName="MSTest_P2_938" computerName="NAVB3" duration="00:00:00.0000809" startTime="2017-11-29T20:12:15.7621718+05:30" endTime="2017-11-29T20:12:15.7621718+05:30" testType="13cdc9d9-ddb5-4fa4-a97d-d965ccfc6d4b" outcome="Passed" testListId="8c84fa94-04c1-424b-9868-57a2d4851a1d" relativeResultsDirectory="b88a859e-1cd9-434c-9c4d-61cafcad7487" />
    <UnitTestResult executionId="6bdd5afa-ceb1-48d7-a1d8-e6ebf07ae59d" testId="4d7cd98e-bc15-a9a0-0037-b9c70c17a135" testName="MSTest_P2_939" computerName="NAVB3" duration="00:00:00.0000788" startTime="2017-11-29T20:12:15.7621718+05:30" endTime="2017-11-29T20:12:15.7621718+05:30" testType="13cdc9d9-ddb5-4fa4-a97d-d965ccfc6d4b" outcome="Passed" testListId="8c84fa94-04c1-424b-9868-57a2d4851a1d" relativeResultsDirectory="6bdd5afa-ceb1-48d7-a1d8-e6ebf07ae59d" />
    <UnitTestResult executionId="9493652b-bcb3-4cff-948e-e9da252742b8" testId="9809cbdd-d7b2-80fa-b868-9b34da7f8378" testName="MSTest_P2_940" computerName="NAVB3" duration="00:00:00.0001049" startTime="2017-11-29T20:12:15.7621718+05:30" endTime="2017-11-29T20:12:15.7777931+05:30" testType="13cdc9d9-ddb5-4fa4-a97d-d965ccfc6d4b" outcome="Passed" testListId="8c84fa94-04c1-424b-9868-57a2d4851a1d" relativeResultsDirectory="9493652b-bcb3-4cff-948e-e9da252742b8" />
    <UnitTestResult executionId="f0195489-75a4-4ce5-b87a-e658c2dd707f" testId="09cf93a3-d30f-5c1b-50e2-348e7377cba1" testName="MSTest_P2_941" computerName="NAVB3" duration="00:00:00.0000923" startTime="2017-11-29T20:12:15.7777931+05:30" endTime="2017-11-29T20:12:15.7777931+05:30" testType="13cdc9d9-ddb5-4fa4-a97d-d965ccfc6d4b" outcome="Passed" testListId="8c84fa94-04c1-424b-9868-57a2d4851a1d" relativeResultsDirectory="f0195489-75a4-4ce5-b87a-e658c2dd707f" />
    <UnitTestResult executionId="ff2f938f-35bf-4259-826e-9f8034ad2577" testId="c2b41b39-03cf-6a86-2cd5-dc527130e719" testName="MSTest_P2_942" computerName="NAVB3" duration="00:00:00.0000797" startTime="2017-11-29T20:12:15.7777931+05:30" endTime="2017-11-29T20:12:15.7777931+05:30" testType="13cdc9d9-ddb5-4fa4-a97d-d965ccfc6d4b" outcome="Passed" testListId="8c84fa94-04c1-424b-9868-57a2d4851a1d" relativeResultsDirectory="ff2f938f-35bf-4259-826e-9f8034ad2577" />
    <UnitTestResult executionId="b0d35efe-e2bf-4389-9fd4-3ac7fa6f690f" testId="4a218327-1398-cf0c-6349-b25e288d1af2" testName="MSTest_P2_943" computerName="NAVB3" duration="00:00:00.0000788" startTime="2017-11-29T20:12:15.7777931+05:30" endTime="2017-11-29T20:12:15.7777931+05:30" testType="13cdc9d9-ddb5-4fa4-a97d-d965ccfc6d4b" outcome="Passed" testListId="8c84fa94-04c1-424b-9868-57a2d4851a1d" relativeResultsDirectory="b0d35efe-e2bf-4389-9fd4-3ac7fa6f690f" />
    <UnitTestResult executionId="e5167562-26e6-43c4-b07a-521fc177bb98" testId="4cbcf606-68cf-8ad7-dc0c-2d4bd155347a" testName="MSTest_P2_944" computerName="NAVB3" duration="00:00:00.0001134" startTime="2017-11-29T20:12:15.7777931+05:30" endTime="2017-11-29T20:12:15.7777931+05:30" testType="13cdc9d9-ddb5-4fa4-a97d-d965ccfc6d4b" outcome="Passed" testListId="8c84fa94-04c1-424b-9868-57a2d4851a1d" relativeResultsDirectory="e5167562-26e6-43c4-b07a-521fc177bb98" />
    <UnitTestResult executionId="84418cb8-7fd1-442b-a569-fb7860e40ae2" testId="202ead75-6032-5a2e-65ad-5bc7c7338fc2" testName="MSTest_P2_945" computerName="NAVB3" duration="00:00:00.0000826" startTime="2017-11-29T20:12:15.7777931+05:30" endTime="2017-11-29T20:12:15.7777931+05:30" testType="13cdc9d9-ddb5-4fa4-a97d-d965ccfc6d4b" outcome="Passed" testListId="8c84fa94-04c1-424b-9868-57a2d4851a1d" relativeResultsDirectory="84418cb8-7fd1-442b-a569-fb7860e40ae2" />
    <UnitTestResult executionId="64eb55b6-ac04-43f8-b001-83137b13de23" testId="f35819d5-69b2-b60a-d2a4-edf7fab86950" testName="MSTest_P2_946" computerName="NAVB3" duration="00:00:00.0000841" startTime="2017-11-29T20:12:15.7777931+05:30" endTime="2017-11-29T20:12:15.7777931+05:30" testType="13cdc9d9-ddb5-4fa4-a97d-d965ccfc6d4b" outcome="Passed" testListId="8c84fa94-04c1-424b-9868-57a2d4851a1d" relativeResultsDirectory="64eb55b6-ac04-43f8-b001-83137b13de23" />
    <UnitTestResult executionId="90f0dd26-cc19-4d80-a35b-5ef34e7ded43" testId="77ec1bfe-343f-fe1c-d4cd-31c5de335f97" testName="MSTest_P2_947" computerName="NAVB3" duration="00:00:00.0001085" startTime="2017-11-29T20:12:15.7777931+05:30" endTime="2017-11-29T20:12:15.7777931+05:30" testType="13cdc9d9-ddb5-4fa4-a97d-d965ccfc6d4b" outcome="Passed" testListId="8c84fa94-04c1-424b-9868-57a2d4851a1d" relativeResultsDirectory="90f0dd26-cc19-4d80-a35b-5ef34e7ded43" />
    <UnitTestResult executionId="bd7794e2-7f90-4640-b8db-3a8c8b0ae7cd" testId="b1ff8ea2-5898-8cb4-3204-7704c0e69a5e" testName="MSTest_P2_948" computerName="NAVB3" duration="00:00:00.0001079" startTime="2017-11-29T20:12:15.7777931+05:30" endTime="2017-11-29T20:12:15.7777931+05:30" testType="13cdc9d9-ddb5-4fa4-a97d-d965ccfc6d4b" outcome="Passed" testListId="8c84fa94-04c1-424b-9868-57a2d4851a1d" relativeResultsDirectory="bd7794e2-7f90-4640-b8db-3a8c8b0ae7cd" />
    <UnitTestResult executionId="d9465cf9-c4c6-4185-becc-f9e6a723210c" testId="9502191f-357c-d53a-b156-3c8b5d42c22c" testName="MSTest_P2_949" computerName="NAVB3" duration="00:00:00.0001049" startTime="2017-11-29T20:12:15.7777931+05:30" endTime="2017-11-29T20:12:15.7777931+05:30" testType="13cdc9d9-ddb5-4fa4-a97d-d965ccfc6d4b" outcome="Passed" testListId="8c84fa94-04c1-424b-9868-57a2d4851a1d" relativeResultsDirectory="d9465cf9-c4c6-4185-becc-f9e6a723210c" />
    <UnitTestResult executionId="dd0635ab-4e29-40ee-a7aa-17d556b50dec" testId="ebd8948d-700c-4a44-ff27-5d3f84686268" testName="MSTest_P2_950" computerName="NAVB3" duration="00:00:00.0001079" startTime="2017-11-29T20:12:15.7777931+05:30" endTime="2017-11-29T20:12:15.7777931+05:30" testType="13cdc9d9-ddb5-4fa4-a97d-d965ccfc6d4b" outcome="Passed" testListId="8c84fa94-04c1-424b-9868-57a2d4851a1d" relativeResultsDirectory="dd0635ab-4e29-40ee-a7aa-17d556b50dec" />
    <UnitTestResult executionId="02719488-a0f3-4953-a172-3e7c4146d062" testId="23a62c50-bc12-7400-f1fd-092d1390b2fe" testName="MSTest_P2_951" computerName="NAVB3" duration="00:00:00.0001070" startTime="2017-11-29T20:12:15.7777931+05:30" endTime="2017-11-29T20:12:15.7777931+05:30" testType="13cdc9d9-ddb5-4fa4-a97d-d965ccfc6d4b" outcome="Passed" testListId="8c84fa94-04c1-424b-9868-57a2d4851a1d" relativeResultsDirectory="02719488-a0f3-4953-a172-3e7c4146d062" />
    <UnitTestResult executionId="096ad60e-e93b-4543-ade7-64caac4b03ae" testId="a0c85cac-2650-391a-3d91-e98b8cb1a39e" testName="MSTest_P2_952" computerName="NAVB3" duration="00:00:00.0001126" startTime="2017-11-29T20:12:15.7777931+05:30" endTime="2017-11-29T20:12:15.7777931+05:30" testType="13cdc9d9-ddb5-4fa4-a97d-d965ccfc6d4b" outcome="Passed" testListId="8c84fa94-04c1-424b-9868-57a2d4851a1d" relativeResultsDirectory="096ad60e-e93b-4543-ade7-64caac4b03ae" />
    <UnitTestResult executionId="e4fb3de4-8d15-4c1f-8efa-761e91aaf679" testId="356b006a-65a7-c5af-a896-53d6e9074107" testName="MSTest_P2_953" computerName="NAVB3" duration="00:00:00.0001085" startTime="2017-11-29T20:12:15.7777931+05:30" endTime="2017-11-29T20:12:15.7777931+05:30" testType="13cdc9d9-ddb5-4fa4-a97d-d965ccfc6d4b" outcome="Passed" testListId="8c84fa94-04c1-424b-9868-57a2d4851a1d" relativeResultsDirectory="e4fb3de4-8d15-4c1f-8efa-761e91aaf679" />
    <UnitTestResult executionId="d8086228-6220-4057-82ea-50b925d8c630" testId="4918836b-5d34-a726-31f2-3925ebb3e38f" testName="MSTest_P2_954" computerName="NAVB3" duration="00:00:00.0001102" startTime="2017-11-29T20:12:15.7777931+05:30" endTime="2017-11-29T20:12:15.7777931+05:30" testType="13cdc9d9-ddb5-4fa4-a97d-d965ccfc6d4b" outcome="Passed" testListId="8c84fa94-04c1-424b-9868-57a2d4851a1d" relativeResultsDirectory="d8086228-6220-4057-82ea-50b925d8c630" />
    <UnitTestResult executionId="a70bd64f-abea-493b-88d4-32989e4320bf" testId="656d9fc4-21bf-625c-ad74-01b978a3b51b" testName="MSTest_P2_955" computerName="NAVB3" duration="00:00:00.0000912" startTime="2017-11-29T20:12:15.7777931+05:30" endTime="2017-11-29T20:12:15.7777931+05:30" testType="13cdc9d9-ddb5-4fa4-a97d-d965ccfc6d4b" outcome="Passed" testListId="8c84fa94-04c1-424b-9868-57a2d4851a1d" relativeResultsDirectory="a70bd64f-abea-493b-88d4-32989e4320bf" />
    <UnitTestResult executionId="d8e99f7d-5a74-4200-99a5-6c593c8c900b" testId="959e2205-0310-59a4-9a70-b62eadedc62b" testName="MSTest_P2_956" computerName="NAVB3" duration="00:00:00.0000791" startTime="2017-11-29T20:12:15.7777931+05:30" endTime="2017-11-29T20:12:15.7777931+05:30" testType="13cdc9d9-ddb5-4fa4-a97d-d965ccfc6d4b" outcome="Passed" testListId="8c84fa94-04c1-424b-9868-57a2d4851a1d" relativeResultsDirectory="d8e99f7d-5a74-4200-99a5-6c593c8c900b" />
    <UnitTestResult executionId="b2a51eef-e301-4736-ad55-bd3fbdf948e5" testId="673501ac-dbdd-1a26-34e8-e22d36492c19" testName="MSTest_P2_957" computerName="NAVB3" duration="00:00:00.0000938" startTime="2017-11-29T20:12:15.7777931+05:30" endTime="2017-11-29T20:12:15.7777931+05:30" testType="13cdc9d9-ddb5-4fa4-a97d-d965ccfc6d4b" outcome="Passed" testListId="8c84fa94-04c1-424b-9868-57a2d4851a1d" relativeResultsDirectory="b2a51eef-e301-4736-ad55-bd3fbdf948e5" />
    <UnitTestResult executionId="bedaec98-57b2-4895-9ba7-c02fd4f8af32" testId="67a2eca1-f9f7-38e2-798c-2069f3b96ad7" testName="MSTest_P2_958" computerName="NAVB3" duration="00:00:00.0001079" startTime="2017-11-29T20:12:15.7777931+05:30" endTime="2017-11-29T20:12:15.7777931+05:30" testType="13cdc9d9-ddb5-4fa4-a97d-d965ccfc6d4b" outcome="Passed" testListId="8c84fa94-04c1-424b-9868-57a2d4851a1d" relativeResultsDirectory="bedaec98-57b2-4895-9ba7-c02fd4f8af32" />
    <UnitTestResult executionId="d570aaf4-be2f-4f4b-b572-228053cfbf95" testId="0a8a668f-ff71-29d0-c08b-0fc576ae2e32" testName="MSTest_P2_959" computerName="NAVB3" duration="00:00:00.0001149" startTime="2017-11-29T20:12:15.7777931+05:30" endTime="2017-11-29T20:12:15.7777931+05:30" testType="13cdc9d9-ddb5-4fa4-a97d-d965ccfc6d4b" outcome="Passed" testListId="8c84fa94-04c1-424b-9868-57a2d4851a1d" relativeResultsDirectory="d570aaf4-be2f-4f4b-b572-228053cfbf95" />
    <UnitTestResult executionId="269d3206-d778-44fb-ac3c-710f2df693ae" testId="d12a5db6-fe22-e196-74ee-7702ee4ec904" testName="MSTest_P2_960" computerName="NAVB3" duration="00:00:00.0001129" startTime="2017-11-29T20:12:15.7777931+05:30" endTime="2017-11-29T20:12:15.7777931+05:30" testType="13cdc9d9-ddb5-4fa4-a97d-d965ccfc6d4b" outcome="Passed" testListId="8c84fa94-04c1-424b-9868-57a2d4851a1d" relativeResultsDirectory="269d3206-d778-44fb-ac3c-710f2df693ae" />
    <UnitTestResult executionId="d0147d3a-acef-4719-ac6e-09df1395e8f2" testId="1d3891a6-1247-0c7b-0dc7-cfd177bcdbdd" testName="MSTest_P2_961" computerName="NAVB3" duration="00:00:00.0001079" startTime="2017-11-29T20:12:15.7777931+05:30" endTime="2017-11-29T20:12:15.7777931+05:30" testType="13cdc9d9-ddb5-4fa4-a97d-d965ccfc6d4b" outcome="Passed" testListId="8c84fa94-04c1-424b-9868-57a2d4851a1d" relativeResultsDirectory="d0147d3a-acef-4719-ac6e-09df1395e8f2" />
    <UnitTestResult executionId="425e1214-eea5-4fd5-89b3-8076766ff258" testId="95077557-478d-7507-6475-5cf434b1d3b7" testName="MSTest_P2_962" computerName="NAVB3" duration="00:00:00.0001085" startTime="2017-11-29T20:12:15.7777931+05:30" endTime="2017-11-29T20:12:15.7777931+05:30" testType="13cdc9d9-ddb5-4fa4-a97d-d965ccfc6d4b" outcome="Passed" testListId="8c84fa94-04c1-424b-9868-57a2d4851a1d" relativeResultsDirectory="425e1214-eea5-4fd5-89b3-8076766ff258" />
    <UnitTestResult executionId="89907cc8-ba56-4337-af0f-187fd858571a" testId="dde802ab-3490-e7fd-a348-51dfedb39074" testName="MSTest_P2_963" computerName="NAVB3" duration="00:00:00.0001120" startTime="2017-11-29T20:12:15.7777931+05:30" endTime="2017-11-29T20:12:15.7934229+05:30" testType="13cdc9d9-ddb5-4fa4-a97d-d965ccfc6d4b" outcome="Passed" testListId="8c84fa94-04c1-424b-9868-57a2d4851a1d" relativeResultsDirectory="89907cc8-ba56-4337-af0f-187fd858571a" />
    <UnitTestResult executionId="a007f89e-3c53-4994-ba60-3d517deeb440" testId="a53a1da3-8a72-7627-2744-1b497aa4a58a" testName="MSTest_P2_964" computerName="NAVB3" duration="00:00:00.0001161" startTime="2017-11-29T20:12:15.7934229+05:30" endTime="2017-11-29T20:12:15.7934229+05:30" testType="13cdc9d9-ddb5-4fa4-a97d-d965ccfc6d4b" outcome="Passed" testListId="8c84fa94-04c1-424b-9868-57a2d4851a1d" relativeResultsDirectory="a007f89e-3c53-4994-ba60-3d517deeb440" />
    <UnitTestResult executionId="1a9c4272-543c-4014-8a4f-c53ae4c567f1" testId="6f45ea30-aeef-91aa-f63d-95cdbbda8819" testName="MSTest_P2_965" computerName="NAVB3" duration="00:00:00.0001055" startTime="2017-11-29T20:12:15.7934229+05:30" endTime="2017-11-29T20:12:15.7934229+05:30" testType="13cdc9d9-ddb5-4fa4-a97d-d965ccfc6d4b" outcome="Passed" testListId="8c84fa94-04c1-424b-9868-57a2d4851a1d" relativeResultsDirectory="1a9c4272-543c-4014-8a4f-c53ae4c567f1" />
    <UnitTestResult executionId="a603cfd0-9001-4f67-9afb-d119a2cb0f61" testId="2e7291dd-c1de-8bf0-4046-3eab145e03ad" testName="MSTest_P2_966" computerName="NAVB3" duration="00:00:00.0001117" startTime="2017-11-29T20:12:15.7934229+05:30" endTime="2017-11-29T20:12:15.7934229+05:30" testType="13cdc9d9-ddb5-4fa4-a97d-d965ccfc6d4b" outcome="Passed" testListId="8c84fa94-04c1-424b-9868-57a2d4851a1d" relativeResultsDirectory="a603cfd0-9001-4f67-9afb-d119a2cb0f61" />
    <UnitTestResult executionId="04058949-8c88-437e-a501-b3fe0316418d" testId="eec61463-083f-d697-f74b-78e6661a0ffa" testName="MSTest_P2_967" computerName="NAVB3" duration="00:00:00.0001085" startTime="2017-11-29T20:12:15.7934229+05:30" endTime="2017-11-29T20:12:15.7934229+05:30" testType="13cdc9d9-ddb5-4fa4-a97d-d965ccfc6d4b" outcome="Passed" testListId="8c84fa94-04c1-424b-9868-57a2d4851a1d" relativeResultsDirectory="04058949-8c88-437e-a501-b3fe0316418d" />
    <UnitTestResult executionId="aaa39528-67c5-4a83-915a-9fb5a74d0f97" testId="021aa6e2-1ab8-bf0e-3a87-a681b1bfbd3c" testName="MSTest_P2_968" computerName="NAVB3" duration="00:00:00.0001085" startTime="2017-11-29T20:12:15.7934229+05:30" endTime="2017-11-29T20:12:15.7934229+05:30" testType="13cdc9d9-ddb5-4fa4-a97d-d965ccfc6d4b" outcome="Passed" testListId="8c84fa94-04c1-424b-9868-57a2d4851a1d" relativeResultsDirectory="aaa39528-67c5-4a83-915a-9fb5a74d0f97" />
    <UnitTestResult executionId="a7d575e7-820d-4046-95f8-6be61454f44c" testId="f1b7b4ee-b356-2a6e-ad47-59d1eea98de9" testName="MSTest_P2_969" computerName="NAVB3" duration="00:00:00.0001076" startTime="2017-11-29T20:12:15.7934229+05:30" endTime="2017-11-29T20:12:15.7934229+05:30" testType="13cdc9d9-ddb5-4fa4-a97d-d965ccfc6d4b" outcome="Passed" testListId="8c84fa94-04c1-424b-9868-57a2d4851a1d" relativeResultsDirectory="a7d575e7-820d-4046-95f8-6be61454f44c" />
    <UnitTestResult executionId="2d072cbf-e549-4663-a6ba-14f647e54a05" testId="937c1a24-2374-a6c9-43f7-7bd06df36671" testName="MSTest_P2_970" computerName="NAVB3" duration="00:00:00.0001076" startTime="2017-11-29T20:12:15.7934229+05:30" endTime="2017-11-29T20:12:15.7934229+05:30" testType="13cdc9d9-ddb5-4fa4-a97d-d965ccfc6d4b" outcome="Passed" testListId="8c84fa94-04c1-424b-9868-57a2d4851a1d" relativeResultsDirectory="2d072cbf-e549-4663-a6ba-14f647e54a05" />
    <UnitTestResult executionId="5b86b3ca-909e-43f1-965e-2744c4100829" testId="00e26104-cf41-c102-75d3-90abc73f737c" testName="MSTest_P2_971" computerName="NAVB3" duration="00:00:00.0001111" startTime="2017-11-29T20:12:15.7934229+05:30" endTime="2017-11-29T20:12:15.7934229+05:30" testType="13cdc9d9-ddb5-4fa4-a97d-d965ccfc6d4b" outcome="Passed" testListId="8c84fa94-04c1-424b-9868-57a2d4851a1d" relativeResultsDirectory="5b86b3ca-909e-43f1-965e-2744c4100829" />
    <UnitTestResult executionId="f789a2cb-d538-4f10-8102-4ff60da2bcd7" testId="6db42630-2762-f0dd-63a5-dfa32cb907cc" testName="MSTest_P2_972" computerName="NAVB3" duration="00:00:00.0001073" startTime="2017-11-29T20:12:15.7934229+05:30" endTime="2017-11-29T20:12:15.7934229+05:30" testType="13cdc9d9-ddb5-4fa4-a97d-d965ccfc6d4b" outcome="Passed" testListId="8c84fa94-04c1-424b-9868-57a2d4851a1d" relativeResultsDirectory="f789a2cb-d538-4f10-8102-4ff60da2bcd7" />
    <UnitTestResult executionId="e3d14517-9cba-41c4-a402-5a00278fbd51" testId="f149c2ba-465a-6c74-3c63-988375e8514b" testName="MSTest_P2_973" computerName="NAVB3" duration="00:00:00.0001055" startTime="2017-11-29T20:12:15.7934229+05:30" endTime="2017-11-29T20:12:15.7934229+05:30" testType="13cdc9d9-ddb5-4fa4-a97d-d965ccfc6d4b" outcome="Passed" testListId="8c84fa94-04c1-424b-9868-57a2d4851a1d" relativeResultsDirectory="e3d14517-9cba-41c4-a402-5a00278fbd51" />
    <UnitTestResult executionId="309fb8b2-2a6c-4727-b2dc-d85d5876064a" testId="534e5a5e-a75c-4d7b-ee03-c96c63db19fe" testName="MSTest_P2_974" computerName="NAVB3" duration="00:00:00.0001043" startTime="2017-11-29T20:12:15.7934229+05:30" endTime="2017-11-29T20:12:15.7934229+05:30" testType="13cdc9d9-ddb5-4fa4-a97d-d965ccfc6d4b" outcome="Passed" testListId="8c84fa94-04c1-424b-9868-57a2d4851a1d" relativeResultsDirectory="309fb8b2-2a6c-4727-b2dc-d85d5876064a" />
    <UnitTestResult executionId="7ba9b8db-2f1e-43ff-a75c-69a99a6353fd" testId="c4e1a648-d13c-6d96-77e1-194682ca2e2f" testName="MSTest_P2_975" computerName="NAVB3" duration="00:00:00.0001043" startTime="2017-11-29T20:12:15.7934229+05:30" endTime="2017-11-29T20:12:15.7934229+05:30" testType="13cdc9d9-ddb5-4fa4-a97d-d965ccfc6d4b" outcome="Passed" testListId="8c84fa94-04c1-424b-9868-57a2d4851a1d" relativeResultsDirectory="7ba9b8db-2f1e-43ff-a75c-69a99a6353fd" />
    <UnitTestResult executionId="8463ce74-a97e-4176-8489-ffeb53dc04a3" testId="5a6efaa2-6cee-cfc4-c728-aae3bfe1ac68" testName="MSTest_P2_976" computerName="NAVB3" duration="00:00:00.0001064" startTime="2017-11-29T20:12:15.7934229+05:30" endTime="2017-11-29T20:12:15.7934229+05:30" testType="13cdc9d9-ddb5-4fa4-a97d-d965ccfc6d4b" outcome="Passed" testListId="8c84fa94-04c1-424b-9868-57a2d4851a1d" relativeResultsDirectory="8463ce74-a97e-4176-8489-ffeb53dc04a3" />
    <UnitTestResult executionId="6c55efa8-062b-49bb-b6be-0ac57b901a33" testId="2714cde1-9535-bf45-b8a7-195dca391fda" testName="MSTest_P2_977" computerName="NAVB3" duration="00:00:00.0001055" startTime="2017-11-29T20:12:15.7934229+05:30" endTime="2017-11-29T20:12:15.7934229+05:30" testType="13cdc9d9-ddb5-4fa4-a97d-d965ccfc6d4b" outcome="Passed" testListId="8c84fa94-04c1-424b-9868-57a2d4851a1d" relativeResultsDirectory="6c55efa8-062b-49bb-b6be-0ac57b901a33" />
    <UnitTestResult executionId="a3142262-02e1-4c8f-ba38-1a182d5c1b89" testId="0c9e54e2-5122-ba29-f0a0-9ae6abe21274" testName="MSTest_P2_978" computerName="NAVB3" duration="00:00:00.0001064" startTime="2017-11-29T20:12:15.7934229+05:30" endTime="2017-11-29T20:12:15.7934229+05:30" testType="13cdc9d9-ddb5-4fa4-a97d-d965ccfc6d4b" outcome="Passed" testListId="8c84fa94-04c1-424b-9868-57a2d4851a1d" relativeResultsDirectory="a3142262-02e1-4c8f-ba38-1a182d5c1b89" />
    <UnitTestResult executionId="d0be1983-d9ab-416e-b6ad-56d60b4de478" testId="f53bd6f4-efaa-25e3-9060-6b3174fffaa7" testName="MSTest_P2_979" computerName="NAVB3" duration="00:00:00.0001090" startTime="2017-11-29T20:12:15.7934229+05:30" endTime="2017-11-29T20:12:15.7934229+05:30" testType="13cdc9d9-ddb5-4fa4-a97d-d965ccfc6d4b" outcome="Passed" testListId="8c84fa94-04c1-424b-9868-57a2d4851a1d" relativeResultsDirectory="d0be1983-d9ab-416e-b6ad-56d60b4de478" />
    <UnitTestResult executionId="a316328f-90f7-4e49-bcfd-8fd0067e9c03" testId="31a54882-0459-8808-6dea-815b93d1cf37" testName="MSTest_P2_980" computerName="NAVB3" duration="00:00:00.0001087" startTime="2017-11-29T20:12:15.7934229+05:30" endTime="2017-11-29T20:12:15.7934229+05:30" testType="13cdc9d9-ddb5-4fa4-a97d-d965ccfc6d4b" outcome="Passed" testListId="8c84fa94-04c1-424b-9868-57a2d4851a1d" relativeResultsDirectory="a316328f-90f7-4e49-bcfd-8fd0067e9c03" />
    <UnitTestResult executionId="c21598f2-02e5-4e77-b524-3a2cb8a27c44" testId="73ee45f0-db72-8be7-691e-6a6da7f10eb4" testName="MSTest_P2_981" computerName="NAVB3" duration="00:00:00.0001058" startTime="2017-11-29T20:12:15.7934229+05:30" endTime="2017-11-29T20:12:15.7934229+05:30" testType="13cdc9d9-ddb5-4fa4-a97d-d965ccfc6d4b" outcome="Passed" testListId="8c84fa94-04c1-424b-9868-57a2d4851a1d" relativeResultsDirectory="c21598f2-02e5-4e77-b524-3a2cb8a27c44" />
    <UnitTestResult executionId="d55abc76-e719-4da0-8a8f-67586a47aa7e" testId="c42e4098-937c-1bdf-286e-4a88535261f6" testName="MSTest_P2_982" computerName="NAVB3" duration="00:00:00.0001067" startTime="2017-11-29T20:12:15.7934229+05:30" endTime="2017-11-29T20:12:15.7934229+05:30" testType="13cdc9d9-ddb5-4fa4-a97d-d965ccfc6d4b" outcome="Passed" testListId="8c84fa94-04c1-424b-9868-57a2d4851a1d" relativeResultsDirectory="d55abc76-e719-4da0-8a8f-67586a47aa7e" />
    <UnitTestResult executionId="2be4df21-8bc8-42a4-b360-27ade4acf4fe" testId="eb5031d8-5a01-da61-3df7-26c870bd3135" testName="MSTest_P2_983" computerName="NAVB3" duration="00:00:00.0001049" startTime="2017-11-29T20:12:15.7934229+05:30" endTime="2017-11-29T20:12:15.7934229+05:30" testType="13cdc9d9-ddb5-4fa4-a97d-d965ccfc6d4b" outcome="Passed" testListId="8c84fa94-04c1-424b-9868-57a2d4851a1d" relativeResultsDirectory="2be4df21-8bc8-42a4-b360-27ade4acf4fe" />
    <UnitTestResult executionId="4f3cff78-cb88-4e4f-b659-d509bb7e1f3e" testId="6526c150-7f85-b1c4-20f9-d5f664670ad4" testName="MSTest_P2_984" computerName="NAVB3" duration="00:00:00.0001082" startTime="2017-11-29T20:12:15.7934229+05:30" endTime="2017-11-29T20:12:15.7934229+05:30" testType="13cdc9d9-ddb5-4fa4-a97d-d965ccfc6d4b" outcome="Passed" testListId="8c84fa94-04c1-424b-9868-57a2d4851a1d" relativeResultsDirectory="4f3cff78-cb88-4e4f-b659-d509bb7e1f3e" />
    <UnitTestResult executionId="6899d0e6-b73a-441e-835f-60fe81c72de7" testId="641d120b-a58b-5f63-7577-1d2096e02b03" testName="MSTest_P2_985" computerName="NAVB3" duration="00:00:00.0001055" startTime="2017-11-29T20:12:15.7934229+05:30" endTime="2017-11-29T20:12:15.7934229+05:30" testType="13cdc9d9-ddb5-4fa4-a97d-d965ccfc6d4b" outcome="Passed" testListId="8c84fa94-04c1-424b-9868-57a2d4851a1d" relativeResultsDirectory="6899d0e6-b73a-441e-835f-60fe81c72de7" />
    <UnitTestResult executionId="dd264107-75da-4569-8693-feccc4f464de" testId="2a114e9d-3e7a-eed7-7fc6-c79f8364b40f" testName="MSTest_P2_986" computerName="NAVB3" duration="00:00:00.0001064" startTime="2017-11-29T20:12:15.7934229+05:30" endTime="2017-11-29T20:12:15.7934229+05:30" testType="13cdc9d9-ddb5-4fa4-a97d-d965ccfc6d4b" outcome="Passed" testListId="8c84fa94-04c1-424b-9868-57a2d4851a1d" relativeResultsDirectory="dd264107-75da-4569-8693-feccc4f464de" />
    <UnitTestResult executionId="acf7fea7-fd10-4740-83d9-af8eaf36aacf" testId="7a199eaa-23a1-e626-ccad-d70838934b1e" testName="MSTest_P2_987" computerName="NAVB3" duration="00:00:00.0001055" startTime="2017-11-29T20:12:15.7934229+05:30" endTime="2017-11-29T20:12:15.7934229+05:30" testType="13cdc9d9-ddb5-4fa4-a97d-d965ccfc6d4b" outcome="Passed" testListId="8c84fa94-04c1-424b-9868-57a2d4851a1d" relativeResultsDirectory="acf7fea7-fd10-4740-83d9-af8eaf36aacf" />
    <UnitTestResult executionId="3357fb84-67ef-4357-9a7b-6214a5d82675" testId="040e15d1-3cc6-eb89-1511-64d9be934374" testName="MSTest_P2_988" computerName="NAVB3" duration="00:00:00.0001167" startTime="2017-11-29T20:12:15.7934229+05:30" endTime="2017-11-29T20:12:15.7934229+05:30" testType="13cdc9d9-ddb5-4fa4-a97d-d965ccfc6d4b" outcome="Passed" testListId="8c84fa94-04c1-424b-9868-57a2d4851a1d" relativeResultsDirectory="3357fb84-67ef-4357-9a7b-6214a5d82675" />
    <UnitTestResult executionId="5b47bddd-bb0a-4a26-85fc-b4dc8487def1" testId="4072e1a5-5a8d-7b88-a069-2fef89825d5c" testName="MSTest_P2_989" computerName="NAVB3" duration="00:00:00.0001061" startTime="2017-11-29T20:12:15.7934229+05:30" endTime="2017-11-29T20:12:15.7934229+05:30" testType="13cdc9d9-ddb5-4fa4-a97d-d965ccfc6d4b" outcome="Passed" testListId="8c84fa94-04c1-424b-9868-57a2d4851a1d" relativeResultsDirectory="5b47bddd-bb0a-4a26-85fc-b4dc8487def1" />
    <UnitTestResult executionId="a75717ac-556d-4444-8ec7-e29d09b66cae" testId="5befa1f8-d1ed-8ba8-f375-fd0acfe7d428" testName="MSTest_P2_990" computerName="NAVB3" duration="00:00:00.0001064" startTime="2017-11-29T20:12:15.7934229+05:30" endTime="2017-11-29T20:12:15.7934229+05:30" testType="13cdc9d9-ddb5-4fa4-a97d-d965ccfc6d4b" outcome="Passed" testListId="8c84fa94-04c1-424b-9868-57a2d4851a1d" relativeResultsDirectory="a75717ac-556d-4444-8ec7-e29d09b66cae" />
    <UnitTestResult executionId="8c8ff60d-8da4-4d9e-8dbc-d01c469d3f53" testId="3bc42893-cda1-767a-940c-35ff84d6f263" testName="MSTest_P2_991" computerName="NAVB3" duration="00:00:00.0001073" startTime="2017-11-29T20:12:15.7934229+05:30" endTime="2017-11-29T20:12:15.7934229+05:30" testType="13cdc9d9-ddb5-4fa4-a97d-d965ccfc6d4b" outcome="Passed" testListId="8c84fa94-04c1-424b-9868-57a2d4851a1d" relativeResultsDirectory="8c8ff60d-8da4-4d9e-8dbc-d01c469d3f53" />
    <UnitTestResult executionId="f412bf91-f3bb-471e-be02-cc8c347e0c80" testId="acd2cded-6d85-a36c-f6c5-4544e1fd59e5" testName="MSTest_P2_992" computerName="NAVB3" duration="00:00:00.0001049" startTime="2017-11-29T20:12:15.7934229+05:30" endTime="2017-11-29T20:12:15.7934229+05:30" testType="13cdc9d9-ddb5-4fa4-a97d-d965ccfc6d4b" outcome="Passed" testListId="8c84fa94-04c1-424b-9868-57a2d4851a1d" relativeResultsDirectory="f412bf91-f3bb-471e-be02-cc8c347e0c80" />
    <UnitTestResult executionId="5d19f4c8-16be-404a-9bc0-b7336f039ce6" testId="78f37c92-952e-5a6b-3748-988cf20dc3bb" testName="MSTest_P2_993" computerName="NAVB3" duration="00:00:00.0001085" startTime="2017-11-29T20:12:15.7934229+05:30" endTime="2017-11-29T20:12:15.7934229+05:30" testType="13cdc9d9-ddb5-4fa4-a97d-d965ccfc6d4b" outcome="Passed" testListId="8c84fa94-04c1-424b-9868-57a2d4851a1d" relativeResultsDirectory="5d19f4c8-16be-404a-9bc0-b7336f039ce6" />
    <UnitTestResult executionId="8341c892-ef4c-47d0-be63-0ee328019bef" testId="775de9b7-b56f-e178-17a4-2e73b893f714" testName="MSTest_P2_994" computerName="NAVB3" duration="00:00:00.0001043" startTime="2017-11-29T20:12:15.7934229+05:30" endTime="2017-11-29T20:12:15.7934229+05:30" testType="13cdc9d9-ddb5-4fa4-a97d-d965ccfc6d4b" outcome="Passed" testListId="8c84fa94-04c1-424b-9868-57a2d4851a1d" relativeResultsDirectory="8341c892-ef4c-47d0-be63-0ee328019bef" />
    <UnitTestResult executionId="4d769e14-e3a8-4d29-b84d-c798501d8f97" testId="7b614397-d243-a17d-7fb1-de23fbb638cf" testName="MSTest_P2_995" computerName="NAVB3" duration="00:00:00.0001052" startTime="2017-11-29T20:12:15.7934229+05:30" endTime="2017-11-29T20:12:15.7934229+05:30" testType="13cdc9d9-ddb5-4fa4-a97d-d965ccfc6d4b" outcome="Passed" testListId="8c84fa94-04c1-424b-9868-57a2d4851a1d" relativeResultsDirectory="4d769e14-e3a8-4d29-b84d-c798501d8f97" />
    <UnitTestResult executionId="a1db4398-9ab7-475d-bb29-d78b7b7dfcd9" testId="35cd141a-84b6-cc50-2752-0f4f7b4c9285" testName="MSTest_P2_996" computerName="NAVB3" duration="00:00:00.0001073" startTime="2017-11-29T20:12:15.7934229+05:30" endTime="2017-11-29T20:12:15.7934229+05:30" testType="13cdc9d9-ddb5-4fa4-a97d-d965ccfc6d4b" outcome="Passed" testListId="8c84fa94-04c1-424b-9868-57a2d4851a1d" relativeResultsDirectory="a1db4398-9ab7-475d-bb29-d78b7b7dfcd9" />
    <UnitTestResult executionId="781c47d8-2280-4f39-a6e7-e58eaf968b36" testId="1d9e7009-8802-9d9b-8a2f-df3debadc0a0" testName="MSTest_P2_997" computerName="NAVB3" duration="00:00:00.0001035" startTime="2017-11-29T20:12:15.7934229+05:30" endTime="2017-11-29T20:12:15.7934229+05:30" testType="13cdc9d9-ddb5-4fa4-a97d-d965ccfc6d4b" outcome="Passed" testListId="8c84fa94-04c1-424b-9868-57a2d4851a1d" relativeResultsDirectory="781c47d8-2280-4f39-a6e7-e58eaf968b36" />
    <UnitTestResult executionId="976b6a17-3dfb-4244-95dc-e8c4f48ede40" testId="41171bd7-86b8-6ca1-3adc-e33c367d87d2" testName="MSTest_P2_998" computerName="NAVB3" duration="00:00:00.0001058" startTime="2017-11-29T20:12:15.7934229+05:30" endTime="2017-11-29T20:12:15.7934229+05:30" testType="13cdc9d9-ddb5-4fa4-a97d-d965ccfc6d4b" outcome="Passed" testListId="8c84fa94-04c1-424b-9868-57a2d4851a1d" relativeResultsDirectory="976b6a17-3dfb-4244-95dc-e8c4f48ede40" />
    <UnitTestResult executionId="4bd3c2d6-d058-4b4a-bdac-c46c3abcf2a1" testId="c5239ca4-79b1-e054-dcaf-e5932e86c8d2" testName="MSTest_P2_999" computerName="NAVB3" duration="00:00:00.0001049" startTime="2017-11-29T20:12:15.7934229+05:30" endTime="2017-11-29T20:12:15.7934229+05:30" testType="13cdc9d9-ddb5-4fa4-a97d-d965ccfc6d4b" outcome="Passed" testListId="8c84fa94-04c1-424b-9868-57a2d4851a1d" relativeResultsDirectory="4bd3c2d6-d058-4b4a-bdac-c46c3abcf2a1" />
    <UnitTestResult executionId="89120190-1053-48e6-8e42-588038990bf1" testId="8c179aa1-3adf-0dbb-7bf6-79bd1dec4b45" testName="MSTest_P2_1000" computerName="NAVB3" duration="00:00:00.0001067" startTime="2017-11-29T20:12:15.7934229+05:30" endTime="2017-11-29T20:12:15.7934229+05:30" testType="13cdc9d9-ddb5-4fa4-a97d-d965ccfc6d4b" outcome="Passed" testListId="8c84fa94-04c1-424b-9868-57a2d4851a1d" relativeResultsDirectory="89120190-1053-48e6-8e42-588038990bf1" />
    <UnitTestResult executionId="11fcfcbc-01dc-44d4-ab0a-10c3605e9056" testId="a7fe75a3-2e96-03bd-b6ec-4bc0846c7d00" testName="MSTest_P2_851" computerName="NAVB3" duration="00:00:00.0001073" startTime="2017-11-29T20:12:15.7934229+05:30" endTime="2017-11-29T20:12:15.7934229+05:30" testType="13cdc9d9-ddb5-4fa4-a97d-d965ccfc6d4b" outcome="Passed" testListId="8c84fa94-04c1-424b-9868-57a2d4851a1d" relativeResultsDirectory="11fcfcbc-01dc-44d4-ab0a-10c3605e9056" />
    <UnitTestResult executionId="e97be0d2-f246-4c5a-967a-e2653ef96d4a" testId="c4ee037e-817c-ec67-92c1-9e161f80ebc3" testName="MSTest_P2_852" computerName="NAVB3" duration="00:00:00.0001061" startTime="2017-11-29T20:12:15.7934229+05:30" endTime="2017-11-29T20:12:15.7934229+05:30" testType="13cdc9d9-ddb5-4fa4-a97d-d965ccfc6d4b" outcome="Passed" testListId="8c84fa94-04c1-424b-9868-57a2d4851a1d" relativeResultsDirectory="e97be0d2-f246-4c5a-967a-e2653ef96d4a" />
    <UnitTestResult executionId="95b93833-7e1d-42e3-b103-9cf6c466f7c3" testId="3a19ebda-b487-9e39-3057-c3b49f9be1eb" testName="MSTest_P2_853" computerName="NAVB3" duration="00:00:00.0001099" startTime="2017-11-29T20:12:15.7934229+05:30" endTime="2017-11-29T20:12:15.7934229+05:30" testType="13cdc9d9-ddb5-4fa4-a97d-d965ccfc6d4b" outcome="Passed" testListId="8c84fa94-04c1-424b-9868-57a2d4851a1d" relativeResultsDirectory="95b93833-7e1d-42e3-b103-9cf6c466f7c3" />
    <UnitTestResult executionId="595cc61a-3471-48d6-8096-900be67dc43f" testId="4d82cbc9-2b0f-469d-9800-fb435711556a" testName="MSTest_P2_854" computerName="NAVB3" duration="00:00:00.0001052" startTime="2017-11-29T20:12:15.7934229+05:30" endTime="2017-11-29T20:12:15.7934229+05:30" testType="13cdc9d9-ddb5-4fa4-a97d-d965ccfc6d4b" outcome="Passed" testListId="8c84fa94-04c1-424b-9868-57a2d4851a1d" relativeResultsDirectory="595cc61a-3471-48d6-8096-900be67dc43f" />
    <UnitTestResult executionId="eb712a87-a9cc-4e86-9430-caa228401ef4" testId="ae41f3b8-920f-ca4d-e937-5dcb87ebba03" testName="MSTest_P2_855" computerName="NAVB3" duration="00:00:00.0001123" startTime="2017-11-29T20:12:15.7934229+05:30" endTime="2017-11-29T20:12:15.7934229+05:30" testType="13cdc9d9-ddb5-4fa4-a97d-d965ccfc6d4b" outcome="Passed" testListId="8c84fa94-04c1-424b-9868-57a2d4851a1d" relativeResultsDirectory="eb712a87-a9cc-4e86-9430-caa228401ef4" />
    <UnitTestResult executionId="d169c3fb-528c-4103-9554-857990169896" testId="3033e893-6716-43cf-7916-56ba87dea9be" testName="MSTest_P2_856" computerName="NAVB3" duration="00:00:00.0001046" startTime="2017-11-29T20:12:15.7934229+05:30" endTime="2017-11-29T20:12:15.7934229+05:30" testType="13cdc9d9-ddb5-4fa4-a97d-d965ccfc6d4b" outcome="Passed" testListId="8c84fa94-04c1-424b-9868-57a2d4851a1d" relativeResultsDirectory="d169c3fb-528c-4103-9554-857990169896" />
    <UnitTestResult executionId="bf40ef0b-dfc4-4273-ba30-94eaa088b6bb" testId="7fb75753-0271-6479-c751-1f628e7ab5ff" testName="MSTest_P2_857" computerName="NAVB3" duration="00:00:00.0001049" startTime="2017-11-29T20:12:15.7934229+05:30" endTime="2017-11-29T20:12:15.7934229+05:30" testType="13cdc9d9-ddb5-4fa4-a97d-d965ccfc6d4b" outcome="Passed" testListId="8c84fa94-04c1-424b-9868-57a2d4851a1d" relativeResultsDirectory="bf40ef0b-dfc4-4273-ba30-94eaa088b6bb" />
    <UnitTestResult executionId="27df6f67-3598-4239-a7b8-33ff2cb93e49" testId="be672a72-fc18-0400-485a-12de53f23a2a" testName="MSTest_P2_858" computerName="NAVB3" duration="00:00:00.0001043" startTime="2017-11-29T20:12:15.7934229+05:30" endTime="2017-11-29T20:12:15.7934229+05:30" testType="13cdc9d9-ddb5-4fa4-a97d-d965ccfc6d4b" outcome="Passed" testListId="8c84fa94-04c1-424b-9868-57a2d4851a1d" relativeResultsDirectory="27df6f67-3598-4239-a7b8-33ff2cb93e49" />
    <UnitTestResult executionId="eed2544c-f8b9-4727-984d-b401fe4f35e9" testId="21085900-bc69-616c-355b-a614e8f5bf08" testName="MSTest_P2_859" computerName="NAVB3" duration="00:00:00.0001049" startTime="2017-11-29T20:12:15.7934229+05:30" endTime="2017-11-29T20:12:15.7934229+05:30" testType="13cdc9d9-ddb5-4fa4-a97d-d965ccfc6d4b" outcome="Passed" testListId="8c84fa94-04c1-424b-9868-57a2d4851a1d" relativeResultsDirectory="eed2544c-f8b9-4727-984d-b401fe4f35e9" />
    <UnitTestResult executionId="72104299-a7bd-45bd-afcb-911f253fa185" testId="86027b69-76ae-89a5-9c9b-b257953e6d41" testName="MSTest_P2_860" computerName="NAVB3" duration="00:00:00.0001099" startTime="2017-11-29T20:12:15.7934229+05:30" endTime="2017-11-29T20:12:15.7934229+05:30" testType="13cdc9d9-ddb5-4fa4-a97d-d965ccfc6d4b" outcome="Passed" testListId="8c84fa94-04c1-424b-9868-57a2d4851a1d" relativeResultsDirectory="72104299-a7bd-45bd-afcb-911f253fa185" />
    <UnitTestResult executionId="ce95ba93-f14f-41d2-953b-de758f8781f5" testId="e2ba3635-b0ba-c8cb-7d36-5283fe37fe6e" testName="MSTest_P2_861" computerName="NAVB3" duration="00:00:00.0001049" startTime="2017-11-29T20:12:15.7934229+05:30" endTime="2017-11-29T20:12:15.7934229+05:30" testType="13cdc9d9-ddb5-4fa4-a97d-d965ccfc6d4b" outcome="Passed" testListId="8c84fa94-04c1-424b-9868-57a2d4851a1d" relativeResultsDirectory="ce95ba93-f14f-41d2-953b-de758f8781f5" />
    <UnitTestResult executionId="f3d87770-4527-4fd8-a378-72b3cf440c1a" testId="f3ac47bd-a9a8-a877-946f-8b49d4f70f4f" testName="MSTest_P2_862" computerName="NAVB3" duration="00:00:00.0001055" startTime="2017-11-29T20:12:15.7934229+05:30" endTime="2017-11-29T20:12:15.7934229+05:30" testType="13cdc9d9-ddb5-4fa4-a97d-d965ccfc6d4b" outcome="Passed" testListId="8c84fa94-04c1-424b-9868-57a2d4851a1d" relativeResultsDirectory="f3d87770-4527-4fd8-a378-72b3cf440c1a" />
    <UnitTestResult executionId="f8b0701d-e4c2-412b-a39f-af647fd391c8" testId="b533f450-c8f3-9828-57b4-7959e05dc76f" testName="MSTest_P2_863" computerName="NAVB3" duration="00:00:00.0001079" startTime="2017-11-29T20:12:15.7934229+05:30" endTime="2017-11-29T20:12:15.7934229+05:30" testType="13cdc9d9-ddb5-4fa4-a97d-d965ccfc6d4b" outcome="Passed" testListId="8c84fa94-04c1-424b-9868-57a2d4851a1d" relativeResultsDirectory="f8b0701d-e4c2-412b-a39f-af647fd391c8" />
    <UnitTestResult executionId="0768506f-5da0-4a89-9f60-7d68f12f6e4b" testId="352da715-0705-873c-fcfe-67b3903ef9f1" testName="MSTest_P2_864" computerName="NAVB3" duration="00:00:00.0001152" startTime="2017-11-29T20:12:15.7934229+05:30" endTime="2017-11-29T20:12:15.8090465+05:30" testType="13cdc9d9-ddb5-4fa4-a97d-d965ccfc6d4b" outcome="Passed" testListId="8c84fa94-04c1-424b-9868-57a2d4851a1d" relativeResultsDirectory="0768506f-5da0-4a89-9f60-7d68f12f6e4b" />
    <UnitTestResult executionId="15e3150a-e688-4f60-9277-e5b398b47cf6" testId="c8fa2475-1264-b11f-70e9-ad862879d13f" testName="MSTest_P2_865" computerName="NAVB3" duration="00:00:00.0001821" startTime="2017-11-29T20:12:15.8090465+05:30" endTime="2017-11-29T20:12:15.8090465+05:30" testType="13cdc9d9-ddb5-4fa4-a97d-d965ccfc6d4b" outcome="Passed" testListId="8c84fa94-04c1-424b-9868-57a2d4851a1d" relativeResultsDirectory="15e3150a-e688-4f60-9277-e5b398b47cf6" />
    <UnitTestResult executionId="b7c6004c-3058-4f1b-9b34-800d6bd3329b" testId="01ba11fe-433f-f074-761c-8c83de2a907f" testName="MSTest_P2_866" computerName="NAVB3" duration="00:00:00.0001489" startTime="2017-11-29T20:12:15.8090465+05:30" endTime="2017-11-29T20:12:15.8090465+05:30" testType="13cdc9d9-ddb5-4fa4-a97d-d965ccfc6d4b" outcome="Passed" testListId="8c84fa94-04c1-424b-9868-57a2d4851a1d" relativeResultsDirectory="b7c6004c-3058-4f1b-9b34-800d6bd3329b" />
    <UnitTestResult executionId="f1beed57-88d5-439c-a364-ea1c4bf389a0" testId="d6c2787e-17a8-1045-2399-a361ca4f0a4d" testName="MSTest_P2_867" computerName="NAVB3" duration="00:00:00.0001530" startTime="2017-11-29T20:12:15.8090465+05:30" endTime="2017-11-29T20:12:15.8090465+05:30" testType="13cdc9d9-ddb5-4fa4-a97d-d965ccfc6d4b" outcome="Passed" testListId="8c84fa94-04c1-424b-9868-57a2d4851a1d" relativeResultsDirectory="f1beed57-88d5-439c-a364-ea1c4bf389a0" />
    <UnitTestResult executionId="79307a5c-a0b2-40b1-a8d9-74cd85934179" testId="4b1598ca-bcf0-e7b8-8f2f-39050e65c172" testName="MSTest_P2_868" computerName="NAVB3" duration="00:00:00.0001495" startTime="2017-11-29T20:12:15.8090465+05:30" endTime="2017-11-29T20:12:15.8090465+05:30" testType="13cdc9d9-ddb5-4fa4-a97d-d965ccfc6d4b" outcome="Passed" testListId="8c84fa94-04c1-424b-9868-57a2d4851a1d" relativeResultsDirectory="79307a5c-a0b2-40b1-a8d9-74cd85934179" />
    <UnitTestResult executionId="5d6e2be7-02e8-4177-9b86-0614da9e68ac" testId="8d76d231-341b-be2a-b80f-b4f3e307e824" testName="MSTest_P2_869" computerName="NAVB3" duration="00:00:00.0001519" startTime="2017-11-29T20:12:15.8090465+05:30" endTime="2017-11-29T20:12:15.8090465+05:30" testType="13cdc9d9-ddb5-4fa4-a97d-d965ccfc6d4b" outcome="Passed" testListId="8c84fa94-04c1-424b-9868-57a2d4851a1d" relativeResultsDirectory="5d6e2be7-02e8-4177-9b86-0614da9e68ac" />
    <UnitTestResult executionId="f990425b-0c62-46e3-b988-2f7cc0a03575" testId="0010ea3a-5287-fd2f-b258-8339604e8989" testName="MSTest_P2_870" computerName="NAVB3" duration="00:00:00.0001510" startTime="2017-11-29T20:12:15.8090465+05:30" endTime="2017-11-29T20:12:15.8090465+05:30" testType="13cdc9d9-ddb5-4fa4-a97d-d965ccfc6d4b" outcome="Passed" testListId="8c84fa94-04c1-424b-9868-57a2d4851a1d" relativeResultsDirectory="f990425b-0c62-46e3-b988-2f7cc0a03575" />
    <UnitTestResult executionId="ded8ea9a-c942-4439-9c19-c0048fe9e830" testId="677d7f28-e935-23ec-2ee4-6f2d6738fc72" testName="MSTest_P2_871" computerName="NAVB3" duration="00:00:00.0001507" startTime="2017-11-29T20:12:15.8090465+05:30" endTime="2017-11-29T20:12:15.8090465+05:30" testType="13cdc9d9-ddb5-4fa4-a97d-d965ccfc6d4b" outcome="Passed" testListId="8c84fa94-04c1-424b-9868-57a2d4851a1d" relativeResultsDirectory="ded8ea9a-c942-4439-9c19-c0048fe9e830" />
    <UnitTestResult executionId="77cae168-dff5-4555-bba1-ff5d588754aa" testId="05efae6d-3bf9-84bc-60cc-c072aff43c91" testName="MSTest_P2_872" computerName="NAVB3" duration="00:00:00.0001519" startTime="2017-11-29T20:12:15.8090465+05:30" endTime="2017-11-29T20:12:15.8090465+05:30" testType="13cdc9d9-ddb5-4fa4-a97d-d965ccfc6d4b" outcome="Passed" testListId="8c84fa94-04c1-424b-9868-57a2d4851a1d" relativeResultsDirectory="77cae168-dff5-4555-bba1-ff5d588754aa" />
    <UnitTestResult executionId="20c17319-095d-494b-9872-a76d2d7e295d" testId="e7aa002b-1aa3-87d8-d09b-f2903787c4c5" testName="MSTest_P2_873" computerName="NAVB3" duration="00:00:00.0001475" startTime="2017-11-29T20:12:15.8090465+05:30" endTime="2017-11-29T20:12:15.8090465+05:30" testType="13cdc9d9-ddb5-4fa4-a97d-d965ccfc6d4b" outcome="Passed" testListId="8c84fa94-04c1-424b-9868-57a2d4851a1d" relativeResultsDirectory="20c17319-095d-494b-9872-a76d2d7e295d" />
    <UnitTestResult executionId="1c5c0cc0-fb06-4bcc-b42a-3ffcbfc73b5d" testId="f83b8ceb-3c02-7924-de7f-cf05e02feba9" testName="MSTest_P2_874" computerName="NAVB3" duration="00:00:00.0001486" startTime="2017-11-29T20:12:15.8090465+05:30" endTime="2017-11-29T20:12:15.8090465+05:30" testType="13cdc9d9-ddb5-4fa4-a97d-d965ccfc6d4b" outcome="Passed" testListId="8c84fa94-04c1-424b-9868-57a2d4851a1d" relativeResultsDirectory="1c5c0cc0-fb06-4bcc-b42a-3ffcbfc73b5d" />
    <UnitTestResult executionId="51dd7d07-188d-429b-90b1-ea2451cfd2b7" testId="3c3b9333-2695-fbcf-f1f2-3fe50dd2df23" testName="MSTest_P2_875" computerName="NAVB3" duration="00:00:00.0001475" startTime="2017-11-29T20:12:15.8090465+05:30" endTime="2017-11-29T20:12:15.8090465+05:30" testType="13cdc9d9-ddb5-4fa4-a97d-d965ccfc6d4b" outcome="Passed" testListId="8c84fa94-04c1-424b-9868-57a2d4851a1d" relativeResultsDirectory="51dd7d07-188d-429b-90b1-ea2451cfd2b7" />
    <UnitTestResult executionId="c56d5207-eac5-4f0f-ad42-30710cf75f72" testId="78d579f6-f34e-71d5-c443-3fb4705c2583" testName="MSTest_P2_876" computerName="NAVB3" duration="00:00:00.0001489" startTime="2017-11-29T20:12:15.8090465+05:30" endTime="2017-11-29T20:12:15.8090465+05:30" testType="13cdc9d9-ddb5-4fa4-a97d-d965ccfc6d4b" outcome="Passed" testListId="8c84fa94-04c1-424b-9868-57a2d4851a1d" relativeResultsDirectory="c56d5207-eac5-4f0f-ad42-30710cf75f72" />
    <UnitTestResult executionId="1a434b6a-fb80-4d35-8cc7-2629a2c339cf" testId="4026a03c-5cd1-f768-0585-3b65bec7b92e" testName="MSTest_P2_877" computerName="NAVB3" duration="00:00:00.0001521" startTime="2017-11-29T20:12:15.8090465+05:30" endTime="2017-11-29T20:12:15.8090465+05:30" testType="13cdc9d9-ddb5-4fa4-a97d-d965ccfc6d4b" outcome="Passed" testListId="8c84fa94-04c1-424b-9868-57a2d4851a1d" relativeResultsDirectory="1a434b6a-fb80-4d35-8cc7-2629a2c339cf" />
    <UnitTestResult executionId="7561d3ed-ec01-49c8-9d0a-a158aea87341" testId="19807a41-2691-53a6-d62a-2db876d4fc94" testName="MSTest_P2_878" computerName="NAVB3" duration="00:00:00.0001530" startTime="2017-11-29T20:12:15.8090465+05:30" endTime="2017-11-29T20:12:15.8090465+05:30" testType="13cdc9d9-ddb5-4fa4-a97d-d965ccfc6d4b" outcome="Passed" testListId="8c84fa94-04c1-424b-9868-57a2d4851a1d" relativeResultsDirectory="7561d3ed-ec01-49c8-9d0a-a158aea87341" />
    <UnitTestResult executionId="66d55184-9bd0-4f05-9ec4-6b761c3c7036" testId="53223002-3ece-d6b7-90af-dfc6000e70ce" testName="MSTest_P2_879" computerName="NAVB3" duration="00:00:00.0001507" startTime="2017-11-29T20:12:15.8090465+05:30" endTime="2017-11-29T20:12:15.8090465+05:30" testType="13cdc9d9-ddb5-4fa4-a97d-d965ccfc6d4b" outcome="Passed" testListId="8c84fa94-04c1-424b-9868-57a2d4851a1d" relativeResultsDirectory="66d55184-9bd0-4f05-9ec4-6b761c3c7036" />
    <UnitTestResult executionId="6b701996-3729-4d64-b643-6b555c664f5b" testId="5973e6ab-4412-1088-a080-cf1835df860a" testName="MSTest_P2_880" computerName="NAVB3" duration="00:00:00.0001536" startTime="2017-11-29T20:12:15.8090465+05:30" endTime="2017-11-29T20:12:15.8090465+05:30" testType="13cdc9d9-ddb5-4fa4-a97d-d965ccfc6d4b" outcome="Passed" testListId="8c84fa94-04c1-424b-9868-57a2d4851a1d" relativeResultsDirectory="6b701996-3729-4d64-b643-6b555c664f5b" />
    <UnitTestResult executionId="38283e7b-adfb-444e-85f8-fce06ad0ff9c" testId="b6cbae22-7678-43bf-a3cf-9e1a02f451c5" testName="MSTest_P2_881" computerName="NAVB3" duration="00:00:00.0001551" startTime="2017-11-29T20:12:15.8090465+05:30" endTime="2017-11-29T20:12:15.8090465+05:30" testType="13cdc9d9-ddb5-4fa4-a97d-d965ccfc6d4b" outcome="Passed" testListId="8c84fa94-04c1-424b-9868-57a2d4851a1d" relativeResultsDirectory="38283e7b-adfb-444e-85f8-fce06ad0ff9c" />
    <UnitTestResult executionId="64515323-8ee3-45fa-a8db-57937839a8f7" testId="19aa84b0-3d14-3b24-492f-1b765811c409" testName="MSTest_P2_882" computerName="NAVB3" duration="00:00:00.0001433" startTime="2017-11-29T20:12:15.8090465+05:30" endTime="2017-11-29T20:12:15.8090465+05:30" testType="13cdc9d9-ddb5-4fa4-a97d-d965ccfc6d4b" outcome="Passed" testListId="8c84fa94-04c1-424b-9868-57a2d4851a1d" relativeResultsDirectory="64515323-8ee3-45fa-a8db-57937839a8f7" />
    <UnitTestResult executionId="e68dcf03-07d6-475b-8cb7-537570900356" testId="793dceeb-29da-7d67-8f22-0b73d18f83f5" testName="MSTest_P2_883" computerName="NAVB3" duration="00:00:00.0001480" startTime="2017-11-29T20:12:15.8090465+05:30" endTime="2017-11-29T20:12:15.8090465+05:30" testType="13cdc9d9-ddb5-4fa4-a97d-d965ccfc6d4b" outcome="Passed" testListId="8c84fa94-04c1-424b-9868-57a2d4851a1d" relativeResultsDirectory="e68dcf03-07d6-475b-8cb7-537570900356" />
    <UnitTestResult executionId="b8377f0c-bf4d-434c-b24f-a67031d64331" testId="405694f4-36fb-6245-aa30-de3fbd3780af" testName="MSTest_P2_884" computerName="NAVB3" duration="00:00:00.0001307" startTime="2017-11-29T20:12:15.8090465+05:30" endTime="2017-11-29T20:12:15.8090465+05:30" testType="13cdc9d9-ddb5-4fa4-a97d-d965ccfc6d4b" outcome="Passed" testListId="8c84fa94-04c1-424b-9868-57a2d4851a1d" relativeResultsDirectory="b8377f0c-bf4d-434c-b24f-a67031d64331" />
    <UnitTestResult executionId="f4e9e3d3-2b8d-4577-853a-bf566ed0ced3" testId="37b695b3-3e61-189f-b467-3318d8d15d31" testName="MSTest_P2_885" computerName="NAVB3" duration="00:00:00.0001510" startTime="2017-11-29T20:12:15.8090465+05:30" endTime="2017-11-29T20:12:15.8090465+05:30" testType="13cdc9d9-ddb5-4fa4-a97d-d965ccfc6d4b" outcome="Passed" testListId="8c84fa94-04c1-424b-9868-57a2d4851a1d" relativeResultsDirectory="f4e9e3d3-2b8d-4577-853a-bf566ed0ced3" />
    <UnitTestResult executionId="0189b12a-2942-4c88-a111-5af61983ab37" testId="135d2e13-c57b-2fe9-21d1-c8744f718b44" testName="MSTest_P2_886" computerName="NAVB3" duration="00:00:00.0001425" startTime="2017-11-29T20:12:15.8090465+05:30" endTime="2017-11-29T20:12:15.8090465+05:30" testType="13cdc9d9-ddb5-4fa4-a97d-d965ccfc6d4b" outcome="Passed" testListId="8c84fa94-04c1-424b-9868-57a2d4851a1d" relativeResultsDirectory="0189b12a-2942-4c88-a111-5af61983ab37" />
    <UnitTestResult executionId="3affde08-42a8-4b96-92e3-f13ea052bde9" testId="49f8e1df-8bb0-8489-559f-8c7db164e7ca" testName="MSTest_P2_887" computerName="NAVB3" duration="00:00:00.0001457" startTime="2017-11-29T20:12:15.8090465+05:30" endTime="2017-11-29T20:12:15.8090465+05:30" testType="13cdc9d9-ddb5-4fa4-a97d-d965ccfc6d4b" outcome="Passed" testListId="8c84fa94-04c1-424b-9868-57a2d4851a1d" relativeResultsDirectory="3affde08-42a8-4b96-92e3-f13ea052bde9" />
    <UnitTestResult executionId="944346e9-d256-48cc-9803-2ab584fb7acf" testId="c5821e74-d368-e2f0-980a-54e9e41c9527" testName="MSTest_P2_888" computerName="NAVB3" duration="00:00:00.0001126" startTime="2017-11-29T20:12:15.8090465+05:30" endTime="2017-11-29T20:12:15.8090465+05:30" testType="13cdc9d9-ddb5-4fa4-a97d-d965ccfc6d4b" outcome="Passed" testListId="8c84fa94-04c1-424b-9868-57a2d4851a1d" relativeResultsDirectory="944346e9-d256-48cc-9803-2ab584fb7acf" />
    <UnitTestResult executionId="6bee3d77-e854-4de3-8db3-b9bc6c4b7b5d" testId="13525bc0-6c1b-b08c-be93-a925f20b8daf" testName="MSTest_P2_889" computerName="NAVB3" duration="00:00:00.0001214" startTime="2017-11-29T20:12:15.8090465+05:30" endTime="2017-11-29T20:12:15.8090465+05:30" testType="13cdc9d9-ddb5-4fa4-a97d-d965ccfc6d4b" outcome="Passed" testListId="8c84fa94-04c1-424b-9868-57a2d4851a1d" relativeResultsDirectory="6bee3d77-e854-4de3-8db3-b9bc6c4b7b5d" />
    <UnitTestResult executionId="6d09de53-c0a1-4d3a-8e30-257d6c13b86e" testId="9e1ec76b-8a3d-b2e3-797b-a1567313d528" testName="MSTest_P2_890" computerName="NAVB3" duration="00:00:00.0001120" startTime="2017-11-29T20:12:15.8090465+05:30" endTime="2017-11-29T20:12:15.8090465+05:30" testType="13cdc9d9-ddb5-4fa4-a97d-d965ccfc6d4b" outcome="Passed" testListId="8c84fa94-04c1-424b-9868-57a2d4851a1d" relativeResultsDirectory="6d09de53-c0a1-4d3a-8e30-257d6c13b86e" />
    <UnitTestResult executionId="f6fa9365-ef20-4491-8f63-543dc1dd007e" testId="b6107094-3ee8-6336-dda3-3cc40b28cc63" testName="MSTest_P2_891" computerName="NAVB3" duration="00:00:00.0001395" startTime="2017-11-29T20:12:15.8090465+05:30" endTime="2017-11-29T20:12:15.8090465+05:30" testType="13cdc9d9-ddb5-4fa4-a97d-d965ccfc6d4b" outcome="Passed" testListId="8c84fa94-04c1-424b-9868-57a2d4851a1d" relativeResultsDirectory="f6fa9365-ef20-4491-8f63-543dc1dd007e" />
    <UnitTestResult executionId="83918df2-f8e9-4909-90fa-2d3b890c69c5" testId="17bb2056-a845-81a8-50e9-5b0df5282b4f" testName="MSTest_P2_892" computerName="NAVB3" duration="00:00:00.0001395" startTime="2017-11-29T20:12:15.8090465+05:30" endTime="2017-11-29T20:12:15.8090465+05:30" testType="13cdc9d9-ddb5-4fa4-a97d-d965ccfc6d4b" outcome="Passed" testListId="8c84fa94-04c1-424b-9868-57a2d4851a1d" relativeResultsDirectory="83918df2-f8e9-4909-90fa-2d3b890c69c5" />
    <UnitTestResult executionId="5d6f8e96-9b97-40dd-9532-516d47f28f75" testId="10c2ad78-f2d3-605c-6e27-d687e82263f6" testName="MSTest_P2_893" computerName="NAVB3" duration="00:00:00.0001404" startTime="2017-11-29T20:12:15.8090465+05:30" endTime="2017-11-29T20:12:15.8090465+05:30" testType="13cdc9d9-ddb5-4fa4-a97d-d965ccfc6d4b" outcome="Passed" testListId="8c84fa94-04c1-424b-9868-57a2d4851a1d" relativeResultsDirectory="5d6f8e96-9b97-40dd-9532-516d47f28f75" />
    <UnitTestResult executionId="cae0a4ff-232e-4e01-9171-0d106aa84b6c" testId="2efc752f-e52a-dec4-178f-19604a7c5e7b" testName="MSTest_P2_894" computerName="NAVB3" duration="00:00:00.0001123" startTime="2017-11-29T20:12:15.8090465+05:30" endTime="2017-11-29T20:12:15.8090465+05:30" testType="13cdc9d9-ddb5-4fa4-a97d-d965ccfc6d4b" outcome="Passed" testListId="8c84fa94-04c1-424b-9868-57a2d4851a1d" relativeResultsDirectory="cae0a4ff-232e-4e01-9171-0d106aa84b6c" />
    <UnitTestResult executionId="c7de5a61-309b-446b-a205-74fc94adc97b" testId="30c624c3-79f0-0618-153b-028d806d78cc" testName="MSTest_P2_895" computerName="NAVB3" duration="00:00:00.0001381" startTime="2017-11-29T20:12:15.8090465+05:30" endTime="2017-11-29T20:12:15.8090465+05:30" testType="13cdc9d9-ddb5-4fa4-a97d-d965ccfc6d4b" outcome="Passed" testListId="8c84fa94-04c1-424b-9868-57a2d4851a1d" relativeResultsDirectory="c7de5a61-309b-446b-a205-74fc94adc97b" />
    <UnitTestResult executionId="4fc084f1-45ed-4ab1-b79e-73d5a4cf523a" testId="ec73b0ac-2802-ef8b-0d4a-c76a499b198f" testName="MSTest_P2_896" computerName="NAVB3" duration="00:00:00.0001428" startTime="2017-11-29T20:12:15.8090465+05:30" endTime="2017-11-29T20:12:15.8090465+05:30" testType="13cdc9d9-ddb5-4fa4-a97d-d965ccfc6d4b" outcome="Passed" testListId="8c84fa94-04c1-424b-9868-57a2d4851a1d" relativeResultsDirectory="4fc084f1-45ed-4ab1-b79e-73d5a4cf523a" />
    <UnitTestResult executionId="0adac831-1311-4d35-be4b-0246b4c3310c" testId="1e9cea06-c718-480a-6787-7ecd55d42cf9" testName="MSTest_P2_897" computerName="NAVB3" duration="00:00:00.0001477" startTime="2017-11-29T20:12:15.8090465+05:30" endTime="2017-11-29T20:12:15.8090465+05:30" testType="13cdc9d9-ddb5-4fa4-a97d-d965ccfc6d4b" outcome="Passed" testListId="8c84fa94-04c1-424b-9868-57a2d4851a1d" relativeResultsDirectory="0adac831-1311-4d35-be4b-0246b4c3310c" />
    <UnitTestResult executionId="909ef600-f730-4098-a117-77bf3a0e0a95" testId="3666793a-a353-00ae-7d73-2bbf8422df32" testName="MSTest_P2_898" computerName="NAVB3" duration="00:00:00.0003002" startTime="2017-11-29T20:12:15.8090465+05:30" endTime="2017-11-29T20:12:15.8246681+05:30" testType="13cdc9d9-ddb5-4fa4-a97d-d965ccfc6d4b" outcome="Passed" testListId="8c84fa94-04c1-424b-9868-57a2d4851a1d" relativeResultsDirectory="909ef600-f730-4098-a117-77bf3a0e0a95" />
    <UnitTestResult executionId="4444beb1-4297-450d-bb30-ec47cae76eec" testId="320eb563-5f19-1e3e-f62a-24be6dd2d251" testName="MSTest_P2_899" computerName="NAVB3" duration="00:00:00.0001187" startTime="2017-11-29T20:12:15.8246681+05:30" endTime="2017-11-29T20:12:15.8246681+05:30" testType="13cdc9d9-ddb5-4fa4-a97d-d965ccfc6d4b" outcome="Passed" testListId="8c84fa94-04c1-424b-9868-57a2d4851a1d" relativeResultsDirectory="4444beb1-4297-450d-bb30-ec47cae76eec" />
    <UnitTestResult executionId="bfbebf81-c075-4ee5-98a6-f9c561da6454" testId="aa4382a8-b1d4-c067-573b-0b02a333c466" testName="MSTest_P2_900" computerName="NAVB3" duration="00:00:00.0001375" startTime="2017-11-29T20:12:15.8246681+05:30" endTime="2017-11-29T20:12:15.8246681+05:30" testType="13cdc9d9-ddb5-4fa4-a97d-d965ccfc6d4b" outcome="Passed" testListId="8c84fa94-04c1-424b-9868-57a2d4851a1d" relativeResultsDirectory="bfbebf81-c075-4ee5-98a6-f9c561da6454" />
    <UnitTestResult executionId="5cfc5602-bcce-45b6-ac02-6d4940edb1c2" testId="836d7214-8330-e17b-f95a-b8fe91af83f3" testName="MSTest_P2_901" computerName="NAVB3" duration="00:00:00.0001152" startTime="2017-11-29T20:12:15.8246681+05:30" endTime="2017-11-29T20:12:15.8246681+05:30" testType="13cdc9d9-ddb5-4fa4-a97d-d965ccfc6d4b" outcome="Passed" testListId="8c84fa94-04c1-424b-9868-57a2d4851a1d" relativeResultsDirectory="5cfc5602-bcce-45b6-ac02-6d4940edb1c2" />
    <UnitTestResult executionId="6c16a435-267d-4a82-9ffb-4e2dde774820" testId="e24539b2-56b5-2869-cb2f-2fa73e925e9c" testName="MSTest_P2_902" computerName="NAVB3" duration="00:00:00.0001407" startTime="2017-11-29T20:12:15.8246681+05:30" endTime="2017-11-29T20:12:15.8246681+05:30" testType="13cdc9d9-ddb5-4fa4-a97d-d965ccfc6d4b" outcome="Passed" testListId="8c84fa94-04c1-424b-9868-57a2d4851a1d" relativeResultsDirectory="6c16a435-267d-4a82-9ffb-4e2dde774820" />
    <UnitTestResult executionId="250726a9-c984-4196-89aa-7c8fa12d16c8" testId="a6fa6f17-e648-a691-3cc0-28cc92e8100f" testName="MSTest_P2_903" computerName="NAVB3" duration="00:00:00.0001378" startTime="2017-11-29T20:12:15.8246681+05:30" endTime="2017-11-29T20:12:15.8246681+05:30" testType="13cdc9d9-ddb5-4fa4-a97d-d965ccfc6d4b" outcome="Passed" testListId="8c84fa94-04c1-424b-9868-57a2d4851a1d" relativeResultsDirectory="250726a9-c984-4196-89aa-7c8fa12d16c8" />
    <UnitTestResult executionId="0aec598e-47da-413c-bece-d192bd4ce717" testId="d6b49d03-800f-4e68-47a4-e5f093cd9f74" testName="MSTest_P2_904" computerName="NAVB3" duration="00:00:00.0001392" startTime="2017-11-29T20:12:15.8246681+05:30" endTime="2017-11-29T20:12:15.8246681+05:30" testType="13cdc9d9-ddb5-4fa4-a97d-d965ccfc6d4b" outcome="Passed" testListId="8c84fa94-04c1-424b-9868-57a2d4851a1d" relativeResultsDirectory="0aec598e-47da-413c-bece-d192bd4ce717" />
    <UnitTestResult executionId="a73cd69a-0390-4966-a445-3548132c93f2" testId="9cf10940-879d-c09a-703d-e30b8b71f85e" testName="MSTest_P2_905" computerName="NAVB3" duration="00:00:00.0001398" startTime="2017-11-29T20:12:15.8246681+05:30" endTime="2017-11-29T20:12:15.8246681+05:30" testType="13cdc9d9-ddb5-4fa4-a97d-d965ccfc6d4b" outcome="Passed" testListId="8c84fa94-04c1-424b-9868-57a2d4851a1d" relativeResultsDirectory="a73cd69a-0390-4966-a445-3548132c93f2" />
    <UnitTestResult executionId="7faa9654-852a-4908-8b20-9b3c8c6aca86" testId="0649e455-ff28-da43-dca0-ccf61336f387" testName="MSTest_P2_906" computerName="NAVB3" duration="00:00:00.0001384" startTime="2017-11-29T20:12:15.8246681+05:30" endTime="2017-11-29T20:12:15.8246681+05:30" testType="13cdc9d9-ddb5-4fa4-a97d-d965ccfc6d4b" outcome="Passed" testListId="8c84fa94-04c1-424b-9868-57a2d4851a1d" relativeResultsDirectory="7faa9654-852a-4908-8b20-9b3c8c6aca86" />
    <UnitTestResult executionId="11428671-1d90-46c9-a633-fad1a1131541" testId="a1357182-ed79-cee5-385d-a835414b865b" testName="MSTest_P2_907" computerName="NAVB3" duration="00:00:00.0001425" startTime="2017-11-29T20:12:15.8246681+05:30" endTime="2017-11-29T20:12:15.8246681+05:30" testType="13cdc9d9-ddb5-4fa4-a97d-d965ccfc6d4b" outcome="Passed" testListId="8c84fa94-04c1-424b-9868-57a2d4851a1d" relativeResultsDirectory="11428671-1d90-46c9-a633-fad1a1131541" />
    <UnitTestResult executionId="e0c89430-108c-4c8e-88c7-fe25d86ddbf1" testId="f95789be-557d-7fe1-a340-17926bf88c2a" testName="MSTest_P2_908" computerName="NAVB3" duration="00:00:00.0001428" startTime="2017-11-29T20:12:15.8246681+05:30" endTime="2017-11-29T20:12:15.8246681+05:30" testType="13cdc9d9-ddb5-4fa4-a97d-d965ccfc6d4b" outcome="Passed" testListId="8c84fa94-04c1-424b-9868-57a2d4851a1d" relativeResultsDirectory="e0c89430-108c-4c8e-88c7-fe25d86ddbf1" />
    <UnitTestResult executionId="5f6655c4-1af3-4198-8b3b-d7570cdc2b25" testId="60ebc807-76cf-94a4-39b4-5f450c95d8b9" testName="MSTest_P2_909" computerName="NAVB3" duration="00:00:00.0001378" startTime="2017-11-29T20:12:15.8246681+05:30" endTime="2017-11-29T20:12:15.8246681+05:30" testType="13cdc9d9-ddb5-4fa4-a97d-d965ccfc6d4b" outcome="Passed" testListId="8c84fa94-04c1-424b-9868-57a2d4851a1d" relativeResultsDirectory="5f6655c4-1af3-4198-8b3b-d7570cdc2b25" />
    <UnitTestResult executionId="a5fd4edd-6234-44f2-ae25-1bc3d7fe59ed" testId="3553da06-deeb-eaa9-c4cd-278b080fcb72" testName="MSTest_P2_910" computerName="NAVB3" duration="00:00:00.0001384" startTime="2017-11-29T20:12:15.8246681+05:30" endTime="2017-11-29T20:12:15.8246681+05:30" testType="13cdc9d9-ddb5-4fa4-a97d-d965ccfc6d4b" outcome="Passed" testListId="8c84fa94-04c1-424b-9868-57a2d4851a1d" relativeResultsDirectory="a5fd4edd-6234-44f2-ae25-1bc3d7fe59ed" />
    <UnitTestResult executionId="bae51a46-21bc-406c-9cbb-554ca78ed14e" testId="6bfece42-94dc-3924-f4b1-5ec02be37163" testName="MSTest_P2_911" computerName="NAVB3" duration="00:00:00.0001061" startTime="2017-11-29T20:12:15.8246681+05:30" endTime="2017-11-29T20:12:15.8246681+05:30" testType="13cdc9d9-ddb5-4fa4-a97d-d965ccfc6d4b" outcome="Passed" testListId="8c84fa94-04c1-424b-9868-57a2d4851a1d" relativeResultsDirectory="bae51a46-21bc-406c-9cbb-554ca78ed14e" />
    <UnitTestResult executionId="c016da45-7aff-4dee-a2b6-26889595621f" testId="9cf3f932-6f06-75fc-27e0-026ef589ed1f" testName="MSTest_P2_912" computerName="NAVB3" duration="00:00:00.0001310" startTime="2017-11-29T20:12:15.8246681+05:30" endTime="2017-11-29T20:12:15.8246681+05:30" testType="13cdc9d9-ddb5-4fa4-a97d-d965ccfc6d4b" outcome="Passed" testListId="8c84fa94-04c1-424b-9868-57a2d4851a1d" relativeResultsDirectory="c016da45-7aff-4dee-a2b6-26889595621f" />
    <UnitTestResult executionId="d8c41fb6-1ed6-42a6-a208-8b948ce186b7" testId="a5fb7c56-c36e-8ccf-9be8-25d804e11321" testName="MSTest_P2_913" computerName="NAVB3" duration="00:00:00.0001495" startTime="2017-11-29T20:12:15.8246681+05:30" endTime="2017-11-29T20:12:15.8246681+05:30" testType="13cdc9d9-ddb5-4fa4-a97d-d965ccfc6d4b" outcome="Passed" testListId="8c84fa94-04c1-424b-9868-57a2d4851a1d" relativeResultsDirectory="d8c41fb6-1ed6-42a6-a208-8b948ce186b7" />
    <UnitTestResult executionId="b624461e-eac5-4513-9ba0-abdd46c23513" testId="46727c90-1e9f-d54e-ceb3-653740269c58" testName="MSTest_P2_914" computerName="NAVB3" duration="00:00:00.0001123" startTime="2017-11-29T20:12:15.8246681+05:30" endTime="2017-11-29T20:12:15.8246681+05:30" testType="13cdc9d9-ddb5-4fa4-a97d-d965ccfc6d4b" outcome="Passed" testListId="8c84fa94-04c1-424b-9868-57a2d4851a1d" relativeResultsDirectory="b624461e-eac5-4513-9ba0-abdd46c23513" />
    <UnitTestResult executionId="ccc43a9f-c08d-49e0-a5f3-2aaef9138660" testId="323465df-b0c6-c93a-f976-a3e87e7c0f65" testName="MSTest_P2_915" computerName="NAVB3" duration="00:00:00.0001120" startTime="2017-11-29T20:12:15.8246681+05:30" endTime="2017-11-29T20:12:15.8246681+05:30" testType="13cdc9d9-ddb5-4fa4-a97d-d965ccfc6d4b" outcome="Passed" testListId="8c84fa94-04c1-424b-9868-57a2d4851a1d" relativeResultsDirectory="ccc43a9f-c08d-49e0-a5f3-2aaef9138660" />
    <UnitTestResult executionId="4ad44643-ded3-4d24-a5f0-8ff95cc29fef" testId="5ed4fa02-b449-16f6-d37a-9b8b6e3854fd" testName="MSTest_P2_916" computerName="NAVB3" duration="00:00:00.0001085" startTime="2017-11-29T20:12:15.8246681+05:30" endTime="2017-11-29T20:12:15.8246681+05:30" testType="13cdc9d9-ddb5-4fa4-a97d-d965ccfc6d4b" outcome="Passed" testListId="8c84fa94-04c1-424b-9868-57a2d4851a1d" relativeResultsDirectory="4ad44643-ded3-4d24-a5f0-8ff95cc29fef" />
    <UnitTestResult executionId="8c76d5d6-fc59-4b8c-abcd-6c9599d8c706" testId="ea7ebcbf-c4f3-0665-8fe8-2b8a062f861b" testName="MSTest_P2_917" computerName="NAVB3" duration="00:00:00.0001052" startTime="2017-11-29T20:12:15.8246681+05:30" endTime="2017-11-29T20:12:15.8246681+05:30" testType="13cdc9d9-ddb5-4fa4-a97d-d965ccfc6d4b" outcome="Passed" testListId="8c84fa94-04c1-424b-9868-57a2d4851a1d" relativeResultsDirectory="8c76d5d6-fc59-4b8c-abcd-6c9599d8c706" />
    <UnitTestResult executionId="96d8a31f-708a-4903-b3e5-9a29adc6a13c" testId="9c453d34-0f8d-1810-5953-ca629e7e2dd9" testName="MSTest_P2_918" computerName="NAVB3" duration="00:00:00.0001451" startTime="2017-11-29T20:12:15.8246681+05:30" endTime="2017-11-29T20:12:15.8246681+05:30" testType="13cdc9d9-ddb5-4fa4-a97d-d965ccfc6d4b" outcome="Passed" testListId="8c84fa94-04c1-424b-9868-57a2d4851a1d" relativeResultsDirectory="96d8a31f-708a-4903-b3e5-9a29adc6a13c" />
    <UnitTestResult executionId="0cada2e8-b949-4839-94d7-eeda06356827" testId="fa2e4d78-d3eb-924c-3ce9-2277de7a3a36" testName="MSTest_P2_919" computerName="NAVB3" duration="00:00:00.0001161" startTime="2017-11-29T20:12:15.8246681+05:30" endTime="2017-11-29T20:12:15.8246681+05:30" testType="13cdc9d9-ddb5-4fa4-a97d-d965ccfc6d4b" outcome="Passed" testListId="8c84fa94-04c1-424b-9868-57a2d4851a1d" relativeResultsDirectory="0cada2e8-b949-4839-94d7-eeda06356827" />
    <UnitTestResult executionId="fddfe137-e5d1-414b-882b-06b38a22f7d2" testId="08d6f6f2-ea22-dfbd-0e1d-827e4b20306e" testName="MSTest_P2_920" computerName="NAVB3" duration="00:00:00.0001093" startTime="2017-11-29T20:12:15.8246681+05:30" endTime="2017-11-29T20:12:15.8246681+05:30" testType="13cdc9d9-ddb5-4fa4-a97d-d965ccfc6d4b" outcome="Passed" testListId="8c84fa94-04c1-424b-9868-57a2d4851a1d" relativeResultsDirectory="fddfe137-e5d1-414b-882b-06b38a22f7d2" />
    <UnitTestResult executionId="6c2ea947-f616-4ef0-98ff-ae98fc65d3d2" testId="0fb46cb7-2202-1804-bbaf-4fd6de1dadf9" testName="MSTest_P2_921" computerName="NAVB3" duration="00:00:00.0001076" startTime="2017-11-29T20:12:15.8246681+05:30" endTime="2017-11-29T20:12:15.8246681+05:30" testType="13cdc9d9-ddb5-4fa4-a97d-d965ccfc6d4b" outcome="Passed" testListId="8c84fa94-04c1-424b-9868-57a2d4851a1d" relativeResultsDirectory="6c2ea947-f616-4ef0-98ff-ae98fc65d3d2" />
    <UnitTestResult executionId="c23de512-bdc1-4bd6-b4b5-e0584a6be2b3" testId="533775aa-cd99-b6a3-8ecf-1c326e710103" testName="MSTest_P2_922" computerName="NAVB3" duration="00:00:00.0001096" startTime="2017-11-29T20:12:15.8246681+05:30" endTime="2017-11-29T20:12:15.8246681+05:30" testType="13cdc9d9-ddb5-4fa4-a97d-d965ccfc6d4b" outcome="Passed" testListId="8c84fa94-04c1-424b-9868-57a2d4851a1d" relativeResultsDirectory="c23de512-bdc1-4bd6-b4b5-e0584a6be2b3" />
    <UnitTestResult executionId="2700914d-ec2e-44cc-9910-bba6d1291b88" testId="24df425f-241c-1aaf-b5d2-9182d665aedf" testName="MSTest_P2_923" computerName="NAVB3" duration="00:00:00.0001079" startTime="2017-11-29T20:12:15.8246681+05:30" endTime="2017-11-29T20:12:15.8246681+05:30" testType="13cdc9d9-ddb5-4fa4-a97d-d965ccfc6d4b" outcome="Passed" testListId="8c84fa94-04c1-424b-9868-57a2d4851a1d" relativeResultsDirectory="2700914d-ec2e-44cc-9910-bba6d1291b88" />
    <UnitTestResult executionId="c5290786-a07d-4f09-953a-47de44a68ebe" testId="b0ca919c-7697-da10-c08a-ecf886c5ae32" testName="MSTest_P2_924" computerName="NAVB3" duration="00:00:00.0001076" startTime="2017-11-29T20:12:15.8246681+05:30" endTime="2017-11-29T20:12:15.8246681+05:30" testType="13cdc9d9-ddb5-4fa4-a97d-d965ccfc6d4b" outcome="Passed" testListId="8c84fa94-04c1-424b-9868-57a2d4851a1d" relativeResultsDirectory="c5290786-a07d-4f09-953a-47de44a68ebe" />
    <UnitTestResult executionId="2df2a260-0bbe-4c76-ba8b-0cb3f007b9c9" testId="6812fd0f-ab65-6692-938e-7ca2dbd6f66d" testName="MSTest_P2_925" computerName="NAVB3" duration="00:00:00.0001073" startTime="2017-11-29T20:12:15.8246681+05:30" endTime="2017-11-29T20:12:15.8246681+05:30" testType="13cdc9d9-ddb5-4fa4-a97d-d965ccfc6d4b" outcome="Passed" testListId="8c84fa94-04c1-424b-9868-57a2d4851a1d" relativeResultsDirectory="2df2a260-0bbe-4c76-ba8b-0cb3f007b9c9" />
    <UnitTestResult executionId="2b197d59-da8e-4997-966c-72dbdd48341d" testId="1f1cc244-f301-73b4-f226-162b426a437c" testName="MSTest_P2_926" computerName="NAVB3" duration="00:00:00.0001093" startTime="2017-11-29T20:12:15.8246681+05:30" endTime="2017-11-29T20:12:15.8246681+05:30" testType="13cdc9d9-ddb5-4fa4-a97d-d965ccfc6d4b" outcome="Passed" testListId="8c84fa94-04c1-424b-9868-57a2d4851a1d" relativeResultsDirectory="2b197d59-da8e-4997-966c-72dbdd48341d" />
    <UnitTestResult executionId="dcc1c3df-e2fa-4300-bc0e-5ee1afa55dea" testId="9f12b5fb-25f3-3eaa-431d-8aa6894ec997" testName="MSTest_P2_927" computerName="NAVB3" duration="00:00:00.0001090" startTime="2017-11-29T20:12:15.8246681+05:30" endTime="2017-11-29T20:12:15.8246681+05:30" testType="13cdc9d9-ddb5-4fa4-a97d-d965ccfc6d4b" outcome="Passed" testListId="8c84fa94-04c1-424b-9868-57a2d4851a1d" relativeResultsDirectory="dcc1c3df-e2fa-4300-bc0e-5ee1afa55dea" />
    <UnitTestResult executionId="c3b41772-c111-4ee6-9c9e-ca020bb015c0" testId="9a0f6bd3-4ccd-1b56-8e36-06a02cdba06c" testName="MSTest_P2_928" computerName="NAVB3" duration="00:00:00.0001046" startTime="2017-11-29T20:12:15.8246681+05:30" endTime="2017-11-29T20:12:15.8246681+05:30" testType="13cdc9d9-ddb5-4fa4-a97d-d965ccfc6d4b" outcome="Passed" testListId="8c84fa94-04c1-424b-9868-57a2d4851a1d" relativeResultsDirectory="c3b41772-c111-4ee6-9c9e-ca020bb015c0" />
    <UnitTestResult executionId="6973047b-508b-40d5-9d77-51fefc1e13e3" testId="ebd7decd-c846-6ba5-b848-0cc6fe27c8c7" testName="MSTest_P2_929" computerName="NAVB3" duration="00:00:00.0001090" startTime="2017-11-29T20:12:15.8246681+05:30" endTime="2017-11-29T20:12:15.8246681+05:30" testType="13cdc9d9-ddb5-4fa4-a97d-d965ccfc6d4b" outcome="Passed" testListId="8c84fa94-04c1-424b-9868-57a2d4851a1d" relativeResultsDirectory="6973047b-508b-40d5-9d77-51fefc1e13e3" />
    <UnitTestResult executionId="9db104d6-c58a-4428-94c8-41e0f6d361b6" testId="8c9252dc-213f-a58b-390c-7e02c0b5ea9b" testName="MSTest_P2_930" computerName="NAVB3" duration="00:00:00.0001046" startTime="2017-11-29T20:12:15.8246681+05:30" endTime="2017-11-29T20:12:15.8246681+05:30" testType="13cdc9d9-ddb5-4fa4-a97d-d965ccfc6d4b" outcome="Passed" testListId="8c84fa94-04c1-424b-9868-57a2d4851a1d" relativeResultsDirectory="9db104d6-c58a-4428-94c8-41e0f6d361b6" />
    <UnitTestResult executionId="73609536-05dd-4844-8edd-95f67284e1ac" testId="63099140-f5f1-56a0-a3ef-ed9482f6b9a9" testName="MSTest_P2_931" computerName="NAVB3" duration="00:00:00.0001055" startTime="2017-11-29T20:12:15.8246681+05:30" endTime="2017-11-29T20:12:15.8246681+05:30" testType="13cdc9d9-ddb5-4fa4-a97d-d965ccfc6d4b" outcome="Passed" testListId="8c84fa94-04c1-424b-9868-57a2d4851a1d" relativeResultsDirectory="73609536-05dd-4844-8edd-95f67284e1ac" />
    <UnitTestResult executionId="0dabe73c-a92a-47bd-99a1-cb8b2ac052cd" testId="bea2b1bc-233d-f16e-387b-58a8ca485ce9" testName="MSTest_P2_932" computerName="NAVB3" duration="00:00:00.0001067" startTime="2017-11-29T20:12:15.8246681+05:30" endTime="2017-11-29T20:12:15.8246681+05:30" testType="13cdc9d9-ddb5-4fa4-a97d-d965ccfc6d4b" outcome="Passed" testListId="8c84fa94-04c1-424b-9868-57a2d4851a1d" relativeResultsDirectory="0dabe73c-a92a-47bd-99a1-cb8b2ac052cd" />
    <UnitTestResult executionId="daf4725e-1109-4da4-94eb-42fc985ae717" testId="d326654a-907f-afbd-a71c-7bea3aaf6405" testName="MSTest_P2_933" computerName="NAVB3" duration="00:00:00.0001073" startTime="2017-11-29T20:12:15.8246681+05:30" endTime="2017-11-29T20:12:15.8246681+05:30" testType="13cdc9d9-ddb5-4fa4-a97d-d965ccfc6d4b" outcome="Passed" testListId="8c84fa94-04c1-424b-9868-57a2d4851a1d" relativeResultsDirectory="daf4725e-1109-4da4-94eb-42fc985ae717" />
    <UnitTestResult executionId="1de4a3ee-38d9-4345-aec4-3e13b253b8b5" testId="84834102-f0f5-8e13-66a1-6f61f6ca122a" testName="MSTest_P2_934" computerName="NAVB3" duration="00:00:00.0001043" startTime="2017-11-29T20:12:15.8246681+05:30" endTime="2017-11-29T20:12:15.8246681+05:30" testType="13cdc9d9-ddb5-4fa4-a97d-d965ccfc6d4b" outcome="Passed" testListId="8c84fa94-04c1-424b-9868-57a2d4851a1d" relativeResultsDirectory="1de4a3ee-38d9-4345-aec4-3e13b253b8b5" />
    <UnitTestResult executionId="692fba27-7c1e-40eb-b8c2-94ef0e0b5d2d" testId="122256d8-b7df-94dc-0680-fe2bd42aafc0" testName="MSTest_P2_935" computerName="NAVB3" duration="00:00:00.0001070" startTime="2017-11-29T20:12:15.8246681+05:30" endTime="2017-11-29T20:12:15.8246681+05:30" testType="13cdc9d9-ddb5-4fa4-a97d-d965ccfc6d4b" outcome="Passed" testListId="8c84fa94-04c1-424b-9868-57a2d4851a1d" relativeResultsDirectory="692fba27-7c1e-40eb-b8c2-94ef0e0b5d2d" />
    <UnitTestResult executionId="09b618a4-ece0-45d1-8493-d172b26be0f3" testId="6b05b717-7cc0-0819-e23f-8cb34e553ca0" testName="MSTest_P2_766" computerName="NAVB3" duration="00:00:00.0001046" startTime="2017-11-29T20:12:15.8246681+05:30" endTime="2017-11-29T20:12:15.8246681+05:30" testType="13cdc9d9-ddb5-4fa4-a97d-d965ccfc6d4b" outcome="Passed" testListId="8c84fa94-04c1-424b-9868-57a2d4851a1d" relativeResultsDirectory="09b618a4-ece0-45d1-8493-d172b26be0f3" />
    <UnitTestResult executionId="12be2e43-80ad-451f-8fda-078534ea38ad" testId="476483cf-f278-f6ac-64a1-5aeac311afbc" testName="MSTest_P2_767" computerName="NAVB3" duration="00:00:00.0001070" startTime="2017-11-29T20:12:15.8246681+05:30" endTime="2017-11-29T20:12:15.8246681+05:30" testType="13cdc9d9-ddb5-4fa4-a97d-d965ccfc6d4b" outcome="Passed" testListId="8c84fa94-04c1-424b-9868-57a2d4851a1d" relativeResultsDirectory="12be2e43-80ad-451f-8fda-078534ea38ad" />
    <UnitTestResult executionId="d9d2537d-b219-4c6d-9795-69a39d6a3845" testId="03b3affe-7eb8-8fde-2b55-cdf310972d33" testName="MSTest_P2_768" computerName="NAVB3" duration="00:00:00.0001049" startTime="2017-11-29T20:12:15.8246681+05:30" endTime="2017-11-29T20:12:15.8246681+05:30" testType="13cdc9d9-ddb5-4fa4-a97d-d965ccfc6d4b" outcome="Passed" testListId="8c84fa94-04c1-424b-9868-57a2d4851a1d" relativeResultsDirectory="d9d2537d-b219-4c6d-9795-69a39d6a3845" />
    <UnitTestResult executionId="365b9a0f-79a7-43e6-9bde-86b881011bbd" testId="69239abb-5536-6353-1e1d-6090bab5656d" testName="MSTest_P2_769" computerName="NAVB3" duration="00:00:00.0001049" startTime="2017-11-29T20:12:15.8246681+05:30" endTime="2017-11-29T20:12:15.8246681+05:30" testType="13cdc9d9-ddb5-4fa4-a97d-d965ccfc6d4b" outcome="Passed" testListId="8c84fa94-04c1-424b-9868-57a2d4851a1d" relativeResultsDirectory="365b9a0f-79a7-43e6-9bde-86b881011bbd" />
    <UnitTestResult executionId="3d07c394-dd21-4dc6-a262-47a51068f2ae" testId="24c6bed6-b7ca-60c7-9615-4bb29f84597d" testName="MSTest_P2_770" computerName="NAVB3" duration="00:00:00.0001073" startTime="2017-11-29T20:12:15.8246681+05:30" endTime="2017-11-29T20:12:15.8246681+05:30" testType="13cdc9d9-ddb5-4fa4-a97d-d965ccfc6d4b" outcome="Passed" testListId="8c84fa94-04c1-424b-9868-57a2d4851a1d" relativeResultsDirectory="3d07c394-dd21-4dc6-a262-47a51068f2ae" />
    <UnitTestResult executionId="b50352d4-2180-461f-94d7-55f95a80f687" testId="57350ea8-1da1-16ca-24be-59cd98188beb" testName="MSTest_P2_771" computerName="NAVB3" duration="00:00:00.0001052" startTime="2017-11-29T20:12:15.8246681+05:30" endTime="2017-11-29T20:12:15.8246681+05:30" testType="13cdc9d9-ddb5-4fa4-a97d-d965ccfc6d4b" outcome="Passed" testListId="8c84fa94-04c1-424b-9868-57a2d4851a1d" relativeResultsDirectory="b50352d4-2180-461f-94d7-55f95a80f687" />
    <UnitTestResult executionId="ecc3bb51-102e-4bb0-b63a-4aeae438f85a" testId="255701e3-d6c5-2a7e-582e-4e9454ab3f3a" testName="MSTest_P2_772" computerName="NAVB3" duration="00:00:00.0001035" startTime="2017-11-29T20:12:15.8246681+05:30" endTime="2017-11-29T20:12:15.8246681+05:30" testType="13cdc9d9-ddb5-4fa4-a97d-d965ccfc6d4b" outcome="Passed" testListId="8c84fa94-04c1-424b-9868-57a2d4851a1d" relativeResultsDirectory="ecc3bb51-102e-4bb0-b63a-4aeae438f85a" />
    <UnitTestResult executionId="43100ba4-a8d1-451e-b2d0-22920a33f540" testId="fd864e03-a2ac-9d68-e3e5-21c183607447" testName="MSTest_P2_773" computerName="NAVB3" duration="00:00:00.0001219" startTime="2017-11-29T20:12:15.8246681+05:30" endTime="2017-11-29T20:12:15.8402958+05:30" testType="13cdc9d9-ddb5-4fa4-a97d-d965ccfc6d4b" outcome="Passed" testListId="8c84fa94-04c1-424b-9868-57a2d4851a1d" relativeResultsDirectory="43100ba4-a8d1-451e-b2d0-22920a33f540" />
    <UnitTestResult executionId="4c807da1-ebe1-44ae-90e7-6e115f948129" testId="67cbe143-c9e1-3667-f354-b13f0a4a5818" testName="MSTest_P2_774" computerName="NAVB3" duration="00:00:00.0001120" startTime="2017-11-29T20:12:15.8402958+05:30" endTime="2017-11-29T20:12:15.8402958+05:30" testType="13cdc9d9-ddb5-4fa4-a97d-d965ccfc6d4b" outcome="Passed" testListId="8c84fa94-04c1-424b-9868-57a2d4851a1d" relativeResultsDirectory="4c807da1-ebe1-44ae-90e7-6e115f948129" />
    <UnitTestResult executionId="0a80485e-f667-4ad4-888e-27a2a2636453" testId="2826db9d-036b-730c-6273-7b93a2454dd5" testName="MSTest_P2_775" computerName="NAVB3" duration="00:00:00.0001087" startTime="2017-11-29T20:12:15.8402958+05:30" endTime="2017-11-29T20:12:15.8402958+05:30" testType="13cdc9d9-ddb5-4fa4-a97d-d965ccfc6d4b" outcome="Passed" testListId="8c84fa94-04c1-424b-9868-57a2d4851a1d" relativeResultsDirectory="0a80485e-f667-4ad4-888e-27a2a2636453" />
    <UnitTestResult executionId="1621af20-a34e-42b2-9e87-6c3d88334e6f" testId="0701ec27-8442-0285-8771-a886cad269b6" testName="MSTest_P2_776" computerName="NAVB3" duration="00:00:00.0001102" startTime="2017-11-29T20:12:15.8402958+05:30" endTime="2017-11-29T20:12:15.8402958+05:30" testType="13cdc9d9-ddb5-4fa4-a97d-d965ccfc6d4b" outcome="Passed" testListId="8c84fa94-04c1-424b-9868-57a2d4851a1d" relativeResultsDirectory="1621af20-a34e-42b2-9e87-6c3d88334e6f" />
    <UnitTestResult executionId="70a5c5ca-2202-43fa-b198-4994fc544eb3" testId="0f372502-e6c5-d869-decb-44a8aeec4b47" testName="MSTest_P2_777" computerName="NAVB3" duration="00:00:00.0001079" startTime="2017-11-29T20:12:15.8402958+05:30" endTime="2017-11-29T20:12:15.8402958+05:30" testType="13cdc9d9-ddb5-4fa4-a97d-d965ccfc6d4b" outcome="Passed" testListId="8c84fa94-04c1-424b-9868-57a2d4851a1d" relativeResultsDirectory="70a5c5ca-2202-43fa-b198-4994fc544eb3" />
    <UnitTestResult executionId="470088c3-d7e6-440d-be26-f5ca66509632" testId="6f274f50-385d-9228-ce38-75d52ba2893b" testName="MSTest_P2_778" computerName="NAVB3" duration="00:00:00.0001143" startTime="2017-11-29T20:12:15.8402958+05:30" endTime="2017-11-29T20:12:15.8402958+05:30" testType="13cdc9d9-ddb5-4fa4-a97d-d965ccfc6d4b" outcome="Passed" testListId="8c84fa94-04c1-424b-9868-57a2d4851a1d" relativeResultsDirectory="470088c3-d7e6-440d-be26-f5ca66509632" />
    <UnitTestResult executionId="939dc3e0-2009-429d-b5d5-8e3b8dd6bcd4" testId="d984c8fb-0f45-07d5-5aff-491c95740fee" testName="MSTest_P2_779" computerName="NAVB3" duration="00:00:00.0001087" startTime="2017-11-29T20:12:15.8402958+05:30" endTime="2017-11-29T20:12:15.8402958+05:30" testType="13cdc9d9-ddb5-4fa4-a97d-d965ccfc6d4b" outcome="Passed" testListId="8c84fa94-04c1-424b-9868-57a2d4851a1d" relativeResultsDirectory="939dc3e0-2009-429d-b5d5-8e3b8dd6bcd4" />
    <UnitTestResult executionId="ff073ccb-a9dc-4022-aaa5-289c3c467fe9" testId="3af3e295-475e-2965-3fae-ed16c007300a" testName="MSTest_P2_780" computerName="NAVB3" duration="00:00:00.0001099" startTime="2017-11-29T20:12:15.8402958+05:30" endTime="2017-11-29T20:12:15.8402958+05:30" testType="13cdc9d9-ddb5-4fa4-a97d-d965ccfc6d4b" outcome="Passed" testListId="8c84fa94-04c1-424b-9868-57a2d4851a1d" relativeResultsDirectory="ff073ccb-a9dc-4022-aaa5-289c3c467fe9" />
    <UnitTestResult executionId="3d3cd350-8921-4cc1-86a0-6a19c62e16b3" testId="0ee59989-0de4-6468-54b0-11241b424a01" testName="MSTest_P2_781" computerName="NAVB3" duration="00:00:00.0001152" startTime="2017-11-29T20:12:15.8402958+05:30" endTime="2017-11-29T20:12:15.8402958+05:30" testType="13cdc9d9-ddb5-4fa4-a97d-d965ccfc6d4b" outcome="Passed" testListId="8c84fa94-04c1-424b-9868-57a2d4851a1d" relativeResultsDirectory="3d3cd350-8921-4cc1-86a0-6a19c62e16b3" />
    <UnitTestResult executionId="a64fb8dd-f48a-477d-b0f4-369e57aca85e" testId="d2bcf89c-eb86-9096-0cc4-2265fbaee027" testName="MSTest_P2_782" computerName="NAVB3" duration="00:00:00.0001070" startTime="2017-11-29T20:12:15.8402958+05:30" endTime="2017-11-29T20:12:15.8402958+05:30" testType="13cdc9d9-ddb5-4fa4-a97d-d965ccfc6d4b" outcome="Passed" testListId="8c84fa94-04c1-424b-9868-57a2d4851a1d" relativeResultsDirectory="a64fb8dd-f48a-477d-b0f4-369e57aca85e" />
    <UnitTestResult executionId="32e32fc1-ac64-458c-987d-1b9057af6dfa" testId="1266c2b5-1292-dcba-e77b-8d9741e46aca" testName="MSTest_P2_783" computerName="NAVB3" duration="00:00:00.0001114" startTime="2017-11-29T20:12:15.8402958+05:30" endTime="2017-11-29T20:12:15.8402958+05:30" testType="13cdc9d9-ddb5-4fa4-a97d-d965ccfc6d4b" outcome="Passed" testListId="8c84fa94-04c1-424b-9868-57a2d4851a1d" relativeResultsDirectory="32e32fc1-ac64-458c-987d-1b9057af6dfa" />
    <UnitTestResult executionId="ebff6581-f4c3-4ab9-8af2-96c22e7191e3" testId="de217202-f290-81bc-2399-85d15c17e773" testName="MSTest_P2_784" computerName="NAVB3" duration="00:00:00.0001143" startTime="2017-11-29T20:12:15.8402958+05:30" endTime="2017-11-29T20:12:15.8402958+05:30" testType="13cdc9d9-ddb5-4fa4-a97d-d965ccfc6d4b" outcome="Passed" testListId="8c84fa94-04c1-424b-9868-57a2d4851a1d" relativeResultsDirectory="ebff6581-f4c3-4ab9-8af2-96c22e7191e3" />
    <UnitTestResult executionId="86b7fed4-e9ac-4ee3-8241-dfe05398ec21" testId="4a2efd3f-ce57-9ef4-fb58-689160e33173" testName="MSTest_P2_785" computerName="NAVB3" duration="00:00:00.0001108" startTime="2017-11-29T20:12:15.8402958+05:30" endTime="2017-11-29T20:12:15.8402958+05:30" testType="13cdc9d9-ddb5-4fa4-a97d-d965ccfc6d4b" outcome="Passed" testListId="8c84fa94-04c1-424b-9868-57a2d4851a1d" relativeResultsDirectory="86b7fed4-e9ac-4ee3-8241-dfe05398ec21" />
    <UnitTestResult executionId="42bd6bcb-0154-43c5-9945-60e41bc45c10" testId="93a57171-4abe-da1e-d58c-9098c36cbf34" testName="MSTest_P2_786" computerName="NAVB3" duration="00:00:00.0001114" startTime="2017-11-29T20:12:15.8402958+05:30" endTime="2017-11-29T20:12:15.8402958+05:30" testType="13cdc9d9-ddb5-4fa4-a97d-d965ccfc6d4b" outcome="Passed" testListId="8c84fa94-04c1-424b-9868-57a2d4851a1d" relativeResultsDirectory="42bd6bcb-0154-43c5-9945-60e41bc45c10" />
    <UnitTestResult executionId="696d3797-3c68-47e6-a134-1bf83a3abab7" testId="6078dece-5c87-dc47-5b9e-163f0ce91290" testName="MSTest_P2_787" computerName="NAVB3" duration="00:00:00.0001105" startTime="2017-11-29T20:12:15.8402958+05:30" endTime="2017-11-29T20:12:15.8402958+05:30" testType="13cdc9d9-ddb5-4fa4-a97d-d965ccfc6d4b" outcome="Passed" testListId="8c84fa94-04c1-424b-9868-57a2d4851a1d" relativeResultsDirectory="696d3797-3c68-47e6-a134-1bf83a3abab7" />
    <UnitTestResult executionId="af99a416-dd16-40c1-8060-7b9717e35e6c" testId="b9cfc5a0-1076-53e9-8cfd-8d1b2a030637" testName="MSTest_P2_788" computerName="NAVB3" duration="00:00:00.0001102" startTime="2017-11-29T20:12:15.8402958+05:30" endTime="2017-11-29T20:12:15.8402958+05:30" testType="13cdc9d9-ddb5-4fa4-a97d-d965ccfc6d4b" outcome="Passed" testListId="8c84fa94-04c1-424b-9868-57a2d4851a1d" relativeResultsDirectory="af99a416-dd16-40c1-8060-7b9717e35e6c" />
    <UnitTestResult executionId="b4c03d0c-d350-4304-aa01-0b5d249fe14a" testId="d994af04-09c5-a96a-cd41-7a7e0ae83085" testName="MSTest_P2_789" computerName="NAVB3" duration="00:00:00.0001108" startTime="2017-11-29T20:12:15.8402958+05:30" endTime="2017-11-29T20:12:15.8402958+05:30" testType="13cdc9d9-ddb5-4fa4-a97d-d965ccfc6d4b" outcome="Passed" testListId="8c84fa94-04c1-424b-9868-57a2d4851a1d" relativeResultsDirectory="b4c03d0c-d350-4304-aa01-0b5d249fe14a" />
    <UnitTestResult executionId="a7a5f591-9f71-46fd-adb2-9476d217e592" testId="849a74f3-1a00-7c33-3325-633604a4bbab" testName="MSTest_P2_790" computerName="NAVB3" duration="00:00:00.0001111" startTime="2017-11-29T20:12:15.8402958+05:30" endTime="2017-11-29T20:12:15.8402958+05:30" testType="13cdc9d9-ddb5-4fa4-a97d-d965ccfc6d4b" outcome="Passed" testListId="8c84fa94-04c1-424b-9868-57a2d4851a1d" relativeResultsDirectory="a7a5f591-9f71-46fd-adb2-9476d217e592" />
    <UnitTestResult executionId="2ed7acb3-94b4-4a04-a837-bd5e6d970608" testId="cb78321a-8923-80a0-0105-07bbdbd2d757" testName="MSTest_P2_791" computerName="NAVB3" duration="00:00:00.0001120" startTime="2017-11-29T20:12:15.8402958+05:30" endTime="2017-11-29T20:12:15.8402958+05:30" testType="13cdc9d9-ddb5-4fa4-a97d-d965ccfc6d4b" outcome="Passed" testListId="8c84fa94-04c1-424b-9868-57a2d4851a1d" relativeResultsDirectory="2ed7acb3-94b4-4a04-a837-bd5e6d970608" />
    <UnitTestResult executionId="cc27989b-28f8-467a-b5b7-7c55e56da7dc" testId="40c7469f-c930-c9e9-da2b-daed4edff8ae" testName="MSTest_P2_792" computerName="NAVB3" duration="00:00:00.0001126" startTime="2017-11-29T20:12:15.8402958+05:30" endTime="2017-11-29T20:12:15.8402958+05:30" testType="13cdc9d9-ddb5-4fa4-a97d-d965ccfc6d4b" outcome="Passed" testListId="8c84fa94-04c1-424b-9868-57a2d4851a1d" relativeResultsDirectory="cc27989b-28f8-467a-b5b7-7c55e56da7dc" />
    <UnitTestResult executionId="765a4a85-115e-4b24-a9ef-43bf368e5a18" testId="6f4072a6-4629-5d6d-dc1d-186fda9f3e45" testName="MSTest_P2_793" computerName="NAVB3" duration="00:00:00.0001111" startTime="2017-11-29T20:12:15.8402958+05:30" endTime="2017-11-29T20:12:15.8402958+05:30" testType="13cdc9d9-ddb5-4fa4-a97d-d965ccfc6d4b" outcome="Passed" testListId="8c84fa94-04c1-424b-9868-57a2d4851a1d" relativeResultsDirectory="765a4a85-115e-4b24-a9ef-43bf368e5a18" />
    <UnitTestResult executionId="a331b8e4-1afc-491d-b824-6e49516d4e95" testId="78dd5bfd-af2b-0ae8-c81b-69d9236634f0" testName="MSTest_P2_794" computerName="NAVB3" duration="00:00:00.0001055" startTime="2017-11-29T20:12:15.8402958+05:30" endTime="2017-11-29T20:12:15.8402958+05:30" testType="13cdc9d9-ddb5-4fa4-a97d-d965ccfc6d4b" outcome="Passed" testListId="8c84fa94-04c1-424b-9868-57a2d4851a1d" relativeResultsDirectory="a331b8e4-1afc-491d-b824-6e49516d4e95" />
    <UnitTestResult executionId="520ac149-dcaf-4914-b375-1fd688795574" testId="9bb61604-e246-4057-5cb7-3c74df13bf16" testName="MSTest_P2_795" computerName="NAVB3" duration="00:00:00.0000914" startTime="2017-11-29T20:12:15.8402958+05:30" endTime="2017-11-29T20:12:15.8402958+05:30" testType="13cdc9d9-ddb5-4fa4-a97d-d965ccfc6d4b" outcome="Passed" testListId="8c84fa94-04c1-424b-9868-57a2d4851a1d" relativeResultsDirectory="520ac149-dcaf-4914-b375-1fd688795574" />
    <UnitTestResult executionId="cdd66448-70be-408e-a68c-7c680feec7fa" testId="a1d03f11-272c-53d5-7b4a-76543fd35f2b" testName="MSTest_P2_796" computerName="NAVB3" duration="00:00:00.0001172" startTime="2017-11-29T20:12:15.8402958+05:30" endTime="2017-11-29T20:12:15.8402958+05:30" testType="13cdc9d9-ddb5-4fa4-a97d-d965ccfc6d4b" outcome="Passed" testListId="8c84fa94-04c1-424b-9868-57a2d4851a1d" relativeResultsDirectory="cdd66448-70be-408e-a68c-7c680feec7fa" />
    <UnitTestResult executionId="04161698-6add-4460-929e-805f3b97bf72" testId="a54176d8-aff8-4202-90bc-083139b234cc" testName="MSTest_P2_797" computerName="NAVB3" duration="00:00:00.0000938" startTime="2017-11-29T20:12:15.8402958+05:30" endTime="2017-11-29T20:12:15.8402958+05:30" testType="13cdc9d9-ddb5-4fa4-a97d-d965ccfc6d4b" outcome="Passed" testListId="8c84fa94-04c1-424b-9868-57a2d4851a1d" relativeResultsDirectory="04161698-6add-4460-929e-805f3b97bf72" />
    <UnitTestResult executionId="f20d3e96-d00f-4ded-8758-96a81bd19fd0" testId="f08b2af4-b464-dac8-a571-a6f63862c590" testName="MSTest_P2_798" computerName="NAVB3" duration="00:00:00.0001099" startTime="2017-11-29T20:12:15.8402958+05:30" endTime="2017-11-29T20:12:15.8402958+05:30" testType="13cdc9d9-ddb5-4fa4-a97d-d965ccfc6d4b" outcome="Passed" testListId="8c84fa94-04c1-424b-9868-57a2d4851a1d" relativeResultsDirectory="f20d3e96-d00f-4ded-8758-96a81bd19fd0" />
    <UnitTestResult executionId="fb16501a-e50d-458c-a086-9fa03429bb54" testId="eb55b32b-fdd2-d130-e182-0abffe1bd832" testName="MSTest_P2_799" computerName="NAVB3" duration="00:00:00.0001085" startTime="2017-11-29T20:12:15.8402958+05:30" endTime="2017-11-29T20:12:15.8402958+05:30" testType="13cdc9d9-ddb5-4fa4-a97d-d965ccfc6d4b" outcome="Passed" testListId="8c84fa94-04c1-424b-9868-57a2d4851a1d" relativeResultsDirectory="fb16501a-e50d-458c-a086-9fa03429bb54" />
    <UnitTestResult executionId="c88f4ca3-8a14-4a19-a478-54d9feb164ea" testId="cf4ed24b-84e3-6e2d-335a-7aa8ec3d1e12" testName="MSTest_P2_800" computerName="NAVB3" duration="00:00:00.0001134" startTime="2017-11-29T20:12:15.8402958+05:30" endTime="2017-11-29T20:12:15.8402958+05:30" testType="13cdc9d9-ddb5-4fa4-a97d-d965ccfc6d4b" outcome="Passed" testListId="8c84fa94-04c1-424b-9868-57a2d4851a1d" relativeResultsDirectory="c88f4ca3-8a14-4a19-a478-54d9feb164ea" />
    <UnitTestResult executionId="6b7d468b-11d4-42dc-ad5a-916713b43c26" testId="eff3fa37-cc88-a07a-74eb-51397c885bf1" testName="MSTest_P2_801" computerName="NAVB3" duration="00:00:00.0001184" startTime="2017-11-29T20:12:15.8402958+05:30" endTime="2017-11-29T20:12:15.8402958+05:30" testType="13cdc9d9-ddb5-4fa4-a97d-d965ccfc6d4b" outcome="Passed" testListId="8c84fa94-04c1-424b-9868-57a2d4851a1d" relativeResultsDirectory="6b7d468b-11d4-42dc-ad5a-916713b43c26" />
    <UnitTestResult executionId="462113fc-df5c-4cd2-9d85-9e060e8b8eac" testId="84ae3179-dfb4-f897-741b-781224927163" testName="MSTest_P2_802" computerName="NAVB3" duration="00:00:00.0001187" startTime="2017-11-29T20:12:15.8402958+05:30" endTime="2017-11-29T20:12:15.8402958+05:30" testType="13cdc9d9-ddb5-4fa4-a97d-d965ccfc6d4b" outcome="Passed" testListId="8c84fa94-04c1-424b-9868-57a2d4851a1d" relativeResultsDirectory="462113fc-df5c-4cd2-9d85-9e060e8b8eac" />
    <UnitTestResult executionId="29585582-7850-42e9-887b-bddfaf3b2af7" testId="50ca2d2e-335e-1b51-a58a-9369bd0c88d6" testName="MSTest_P2_803" computerName="NAVB3" duration="00:00:00.0001085" startTime="2017-11-29T20:12:15.8402958+05:30" endTime="2017-11-29T20:12:15.8402958+05:30" testType="13cdc9d9-ddb5-4fa4-a97d-d965ccfc6d4b" outcome="Passed" testListId="8c84fa94-04c1-424b-9868-57a2d4851a1d" relativeResultsDirectory="29585582-7850-42e9-887b-bddfaf3b2af7" />
    <UnitTestResult executionId="311072e3-b3d2-49bb-9565-5a3204638f23" testId="6f6427b3-df2d-53df-9cd3-f5c7d34fe61d" testName="MSTest_P2_804" computerName="NAVB3" duration="00:00:00.0001193" startTime="2017-11-29T20:12:15.8402958+05:30" endTime="2017-11-29T20:12:15.8402958+05:30" testType="13cdc9d9-ddb5-4fa4-a97d-d965ccfc6d4b" outcome="Passed" testListId="8c84fa94-04c1-424b-9868-57a2d4851a1d" relativeResultsDirectory="311072e3-b3d2-49bb-9565-5a3204638f23" />
    <UnitTestResult executionId="c2acace6-3c0c-4ce3-8439-a1a83de08869" testId="025df3ec-7f02-647d-a4d5-94738efbd7f9" testName="MSTest_P2_805" computerName="NAVB3" duration="00:00:00.0001079" startTime="2017-11-29T20:12:15.8402958+05:30" endTime="2017-11-29T20:12:15.8402958+05:30" testType="13cdc9d9-ddb5-4fa4-a97d-d965ccfc6d4b" outcome="Passed" testListId="8c84fa94-04c1-424b-9868-57a2d4851a1d" relativeResultsDirectory="c2acace6-3c0c-4ce3-8439-a1a83de08869" />
    <UnitTestResult executionId="3818ead2-4452-46d5-b9d5-456c1a6fe50d" testId="84a6cd2a-293f-eaf9-92ea-3a15c6eeaa7f" testName="MSTest_P2_806" computerName="NAVB3" duration="00:00:00.0001076" startTime="2017-11-29T20:12:15.8402958+05:30" endTime="2017-11-29T20:12:15.8402958+05:30" testType="13cdc9d9-ddb5-4fa4-a97d-d965ccfc6d4b" outcome="Passed" testListId="8c84fa94-04c1-424b-9868-57a2d4851a1d" relativeResultsDirectory="3818ead2-4452-46d5-b9d5-456c1a6fe50d" />
    <UnitTestResult executionId="c2f08843-39bf-4fc5-98ac-55263dd20e69" testId="2c5ffffa-f808-6c0d-bccb-9a0a67cd47ae" testName="MSTest_P2_807" computerName="NAVB3" duration="00:00:00.0000818" startTime="2017-11-29T20:12:15.8402958+05:30" endTime="2017-11-29T20:12:15.8402958+05:30" testType="13cdc9d9-ddb5-4fa4-a97d-d965ccfc6d4b" outcome="Passed" testListId="8c84fa94-04c1-424b-9868-57a2d4851a1d" relativeResultsDirectory="c2f08843-39bf-4fc5-98ac-55263dd20e69" />
    <UnitTestResult executionId="ccc5cda8-aaad-4e7e-b348-79a352a5bdb5" testId="73d72fb5-c2dc-6f38-0a6b-99cb307fc2f8" testName="MSTest_P2_808" computerName="NAVB3" duration="00:00:00.0001076" startTime="2017-11-29T20:12:15.8402958+05:30" endTime="2017-11-29T20:12:15.8402958+05:30" testType="13cdc9d9-ddb5-4fa4-a97d-d965ccfc6d4b" outcome="Passed" testListId="8c84fa94-04c1-424b-9868-57a2d4851a1d" relativeResultsDirectory="ccc5cda8-aaad-4e7e-b348-79a352a5bdb5" />
    <UnitTestResult executionId="f93b7b43-898c-495b-a612-1e2a0922ddb6" testId="08f8a123-b42a-0db0-93bb-169edd2fe1a2" testName="MSTest_P2_809" computerName="NAVB3" duration="00:00:00.0000803" startTime="2017-11-29T20:12:15.8402958+05:30" endTime="2017-11-29T20:12:15.8402958+05:30" testType="13cdc9d9-ddb5-4fa4-a97d-d965ccfc6d4b" outcome="Passed" testListId="8c84fa94-04c1-424b-9868-57a2d4851a1d" relativeResultsDirectory="f93b7b43-898c-495b-a612-1e2a0922ddb6" />
    <UnitTestResult executionId="0a790789-e19e-4ad1-ba14-6c17af59d0bc" testId="bd8ad09f-c0c9-94ae-416d-5beec2fc567f" testName="MSTest_P2_810" computerName="NAVB3" duration="00:00:00.0000788" startTime="2017-11-29T20:12:15.8402958+05:30" endTime="2017-11-29T20:12:15.8402958+05:30" testType="13cdc9d9-ddb5-4fa4-a97d-d965ccfc6d4b" outcome="Passed" testListId="8c84fa94-04c1-424b-9868-57a2d4851a1d" relativeResultsDirectory="0a790789-e19e-4ad1-ba14-6c17af59d0bc" />
    <UnitTestResult executionId="b8ce2602-57a8-4908-af11-b8606079e25c" testId="9e90a179-924a-4efb-2987-2bd9261ef26b" testName="MSTest_P2_811" computerName="NAVB3" duration="00:00:00.0001079" startTime="2017-11-29T20:12:15.8402958+05:30" endTime="2017-11-29T20:12:15.8402958+05:30" testType="13cdc9d9-ddb5-4fa4-a97d-d965ccfc6d4b" outcome="Passed" testListId="8c84fa94-04c1-424b-9868-57a2d4851a1d" relativeResultsDirectory="b8ce2602-57a8-4908-af11-b8606079e25c" />
    <UnitTestResult executionId="89d58cea-5af3-4521-bea3-e0710a69ff22" testId="32d03bbd-95bd-8068-7509-90fb2972e9e2" testName="MSTest_P2_812" computerName="NAVB3" duration="00:00:00.0001117" startTime="2017-11-29T20:12:15.8402958+05:30" endTime="2017-11-29T20:12:15.8402958+05:30" testType="13cdc9d9-ddb5-4fa4-a97d-d965ccfc6d4b" outcome="Passed" testListId="8c84fa94-04c1-424b-9868-57a2d4851a1d" relativeResultsDirectory="89d58cea-5af3-4521-bea3-e0710a69ff22" />
    <UnitTestResult executionId="dd0e5016-68af-4982-a357-b49aa448706f" testId="3e29961e-79da-7ed5-25ac-d3a8ad153a01" testName="MSTest_P2_813" computerName="NAVB3" duration="00:00:00.0001219" startTime="2017-11-29T20:12:15.8402958+05:30" endTime="2017-11-29T20:12:15.8402958+05:30" testType="13cdc9d9-ddb5-4fa4-a97d-d965ccfc6d4b" outcome="Passed" testListId="8c84fa94-04c1-424b-9868-57a2d4851a1d" relativeResultsDirectory="dd0e5016-68af-4982-a357-b49aa448706f" />
    <UnitTestResult executionId="68938978-26e2-47ce-b903-8fd16f81ea02" testId="beba9f3d-6689-6c1e-3466-2470e80ff591" testName="MSTest_P2_814" computerName="NAVB3" duration="00:00:00.0001131" startTime="2017-11-29T20:12:15.8402958+05:30" endTime="2017-11-29T20:12:15.8402958+05:30" testType="13cdc9d9-ddb5-4fa4-a97d-d965ccfc6d4b" outcome="Passed" testListId="8c84fa94-04c1-424b-9868-57a2d4851a1d" relativeResultsDirectory="68938978-26e2-47ce-b903-8fd16f81ea02" />
    <UnitTestResult executionId="ffeced06-fa15-4e84-b54f-835bf22e16eb" testId="21c02eda-79ba-d8e8-649a-99f562c171b7" testName="MSTest_P2_815" computerName="NAVB3" duration="00:00:00.0000920" startTime="2017-11-29T20:12:15.8402958+05:30" endTime="2017-11-29T20:12:15.8402958+05:30" testType="13cdc9d9-ddb5-4fa4-a97d-d965ccfc6d4b" outcome="Passed" testListId="8c84fa94-04c1-424b-9868-57a2d4851a1d" relativeResultsDirectory="ffeced06-fa15-4e84-b54f-835bf22e16eb" />
    <UnitTestResult executionId="7906d97c-1861-442a-a1ba-0956cfa2a4d1" testId="66c52b53-6d2d-84a8-084d-624a9be83c8d" testName="MSTest_P2_816" computerName="NAVB3" duration="00:00:00.0001134" startTime="2017-11-29T20:12:15.8402958+05:30" endTime="2017-11-29T20:12:15.8402958+05:30" testType="13cdc9d9-ddb5-4fa4-a97d-d965ccfc6d4b" outcome="Passed" testListId="8c84fa94-04c1-424b-9868-57a2d4851a1d" relativeResultsDirectory="7906d97c-1861-442a-a1ba-0956cfa2a4d1" />
    <UnitTestResult executionId="938469cc-5af8-4e72-bf13-7d69a827c503" testId="c7200103-eabd-9873-933f-4ecc52948b48" testName="MSTest_P2_817" computerName="NAVB3" duration="00:00:00.0001483" startTime="2017-11-29T20:12:15.8402958+05:30" endTime="2017-11-29T20:12:15.8402958+05:30" testType="13cdc9d9-ddb5-4fa4-a97d-d965ccfc6d4b" outcome="Passed" testListId="8c84fa94-04c1-424b-9868-57a2d4851a1d" relativeResultsDirectory="938469cc-5af8-4e72-bf13-7d69a827c503" />
    <UnitTestResult executionId="eb99b084-e699-4e59-af52-9e47945b4f98" testId="d8dd4c81-3480-542b-d677-51d58dbb0d46" testName="MSTest_P2_818" computerName="NAVB3" duration="00:00:00.0000953" startTime="2017-11-29T20:12:15.8402958+05:30" endTime="2017-11-29T20:12:15.8402958+05:30" testType="13cdc9d9-ddb5-4fa4-a97d-d965ccfc6d4b" outcome="Passed" testListId="8c84fa94-04c1-424b-9868-57a2d4851a1d" relativeResultsDirectory="eb99b084-e699-4e59-af52-9e47945b4f98" />
    <UnitTestResult executionId="fdcc0d38-e365-438e-bf4a-d0ee8de8fc35" testId="fe33969b-26e9-e45d-10db-c42f3bf1f246" testName="MSTest_P2_819" computerName="NAVB3" duration="00:00:00.0000953" startTime="2017-11-29T20:12:15.8402958+05:30" endTime="2017-11-29T20:12:15.8402958+05:30" testType="13cdc9d9-ddb5-4fa4-a97d-d965ccfc6d4b" outcome="Passed" testListId="8c84fa94-04c1-424b-9868-57a2d4851a1d" relativeResultsDirectory="fdcc0d38-e365-438e-bf4a-d0ee8de8fc35" />
    <UnitTestResult executionId="741084a9-8305-4de9-b505-aaf7bafe4d1b" testId="90aff43c-a2eb-1531-ccc8-abeea2241125" testName="MSTest_P2_820" computerName="NAVB3" duration="00:00:00.0000856" startTime="2017-11-29T20:12:15.8402958+05:30" endTime="2017-11-29T20:12:15.8402958+05:30" testType="13cdc9d9-ddb5-4fa4-a97d-d965ccfc6d4b" outcome="Passed" testListId="8c84fa94-04c1-424b-9868-57a2d4851a1d" relativeResultsDirectory="741084a9-8305-4de9-b505-aaf7bafe4d1b" />
    <UnitTestResult executionId="b753b075-bce6-4067-afeb-c6616ee8bae5" testId="af52ebbc-8807-9217-fb2c-38c6564a9987" testName="MSTest_P2_821" computerName="NAVB3" duration="00:00:00.0000961" startTime="2017-11-29T20:12:15.8402958+05:30" endTime="2017-11-29T20:12:15.8402958+05:30" testType="13cdc9d9-ddb5-4fa4-a97d-d965ccfc6d4b" outcome="Passed" testListId="8c84fa94-04c1-424b-9868-57a2d4851a1d" relativeResultsDirectory="b753b075-bce6-4067-afeb-c6616ee8bae5" />
    <UnitTestResult executionId="823ea7da-4288-4654-abe3-55dbad08aaa3" testId="d26f1766-b8e5-87ec-195a-54711cbf2a1d" testName="MSTest_P2_822" computerName="NAVB3" duration="00:00:00.0001090" startTime="2017-11-29T20:12:15.8402958+05:30" endTime="2017-11-29T20:12:15.8559215+05:30" testType="13cdc9d9-ddb5-4fa4-a97d-d965ccfc6d4b" outcome="Passed" testListId="8c84fa94-04c1-424b-9868-57a2d4851a1d" relativeResultsDirectory="823ea7da-4288-4654-abe3-55dbad08aaa3" />
    <UnitTestResult executionId="ea18bcad-c7b3-4b41-b75b-1047d64d662c" testId="1142e65d-60a9-555e-0c33-0eb796d843a7" testName="MSTest_P2_823" computerName="NAVB3" duration="00:00:00.0000873" startTime="2017-11-29T20:12:15.8559215+05:30" endTime="2017-11-29T20:12:15.8559215+05:30" testType="13cdc9d9-ddb5-4fa4-a97d-d965ccfc6d4b" outcome="Passed" testListId="8c84fa94-04c1-424b-9868-57a2d4851a1d" relativeResultsDirectory="ea18bcad-c7b3-4b41-b75b-1047d64d662c" />
    <UnitTestResult executionId="1278280a-5dfb-4eae-bf3a-191289eac6b0" testId="a96cffdc-e003-4d51-c3d6-c71b9765bd8f" testName="MSTest_P2_824" computerName="NAVB3" duration="00:00:00.0001093" startTime="2017-11-29T20:12:15.8559215+05:30" endTime="2017-11-29T20:12:15.8559215+05:30" testType="13cdc9d9-ddb5-4fa4-a97d-d965ccfc6d4b" outcome="Passed" testListId="8c84fa94-04c1-424b-9868-57a2d4851a1d" relativeResultsDirectory="1278280a-5dfb-4eae-bf3a-191289eac6b0" />
    <UnitTestResult executionId="fc536502-9f3b-4e29-b54e-2cdf8822496c" testId="3808d56e-b973-a045-a0d4-7776af3046ca" testName="MSTest_P2_825" computerName="NAVB3" duration="00:00:00.0001096" startTime="2017-11-29T20:12:15.8559215+05:30" endTime="2017-11-29T20:12:15.8559215+05:30" testType="13cdc9d9-ddb5-4fa4-a97d-d965ccfc6d4b" outcome="Passed" testListId="8c84fa94-04c1-424b-9868-57a2d4851a1d" relativeResultsDirectory="fc536502-9f3b-4e29-b54e-2cdf8822496c" />
    <UnitTestResult executionId="b05ae2d2-f0f7-4b0d-883f-a671f6b86efa" testId="fa6f558e-f835-31c5-57a8-ff603febca1e" testName="MSTest_P2_826" computerName="NAVB3" duration="00:00:00.0001090" startTime="2017-11-29T20:12:15.8559215+05:30" endTime="2017-11-29T20:12:15.8559215+05:30" testType="13cdc9d9-ddb5-4fa4-a97d-d965ccfc6d4b" outcome="Passed" testListId="8c84fa94-04c1-424b-9868-57a2d4851a1d" relativeResultsDirectory="b05ae2d2-f0f7-4b0d-883f-a671f6b86efa" />
    <UnitTestResult executionId="53ca7ac7-bd57-4e1f-8133-9e97b729a720" testId="b5e6d366-0c8a-df28-38f5-585699d762cd" testName="MSTest_P2_827" computerName="NAVB3" duration="00:00:00.0000909" startTime="2017-11-29T20:12:15.8559215+05:30" endTime="2017-11-29T20:12:15.8559215+05:30" testType="13cdc9d9-ddb5-4fa4-a97d-d965ccfc6d4b" outcome="Passed" testListId="8c84fa94-04c1-424b-9868-57a2d4851a1d" relativeResultsDirectory="53ca7ac7-bd57-4e1f-8133-9e97b729a720" />
    <UnitTestResult executionId="cdcba984-328a-4a11-b6b4-3046a5978946" testId="b596ac79-7c20-df28-91f0-608f4763bb4e" testName="MSTest_P2_828" computerName="NAVB3" duration="00:00:00.0000935" startTime="2017-11-29T20:12:15.8559215+05:30" endTime="2017-11-29T20:12:15.8559215+05:30" testType="13cdc9d9-ddb5-4fa4-a97d-d965ccfc6d4b" outcome="Passed" testListId="8c84fa94-04c1-424b-9868-57a2d4851a1d" relativeResultsDirectory="cdcba984-328a-4a11-b6b4-3046a5978946" />
    <UnitTestResult executionId="b5fc88cb-e5d3-4a8e-b0fa-d6f0f5c84cc9" testId="6e6177fe-e296-5fec-1f36-3049bafbdb3a" testName="MSTest_P2_829" computerName="NAVB3" duration="00:00:00.0001114" startTime="2017-11-29T20:12:15.8559215+05:30" endTime="2017-11-29T20:12:15.8559215+05:30" testType="13cdc9d9-ddb5-4fa4-a97d-d965ccfc6d4b" outcome="Passed" testListId="8c84fa94-04c1-424b-9868-57a2d4851a1d" relativeResultsDirectory="b5fc88cb-e5d3-4a8e-b0fa-d6f0f5c84cc9" />
    <UnitTestResult executionId="49d8caec-4802-49a9-89ae-ee026d7695b8" testId="dd86b8ea-992a-9576-2486-b98735ccaf74" testName="MSTest_P2_830" computerName="NAVB3" duration="00:00:00.0001108" startTime="2017-11-29T20:12:15.8559215+05:30" endTime="2017-11-29T20:12:15.8559215+05:30" testType="13cdc9d9-ddb5-4fa4-a97d-d965ccfc6d4b" outcome="Passed" testListId="8c84fa94-04c1-424b-9868-57a2d4851a1d" relativeResultsDirectory="49d8caec-4802-49a9-89ae-ee026d7695b8" />
    <UnitTestResult executionId="e477cb40-5156-4478-ae21-4eca0f93e2cb" testId="c07ae26d-daf2-50d4-907f-c4def0e041c4" testName="MSTest_P2_831" computerName="NAVB3" duration="00:00:00.0001087" startTime="2017-11-29T20:12:15.8559215+05:30" endTime="2017-11-29T20:12:15.8559215+05:30" testType="13cdc9d9-ddb5-4fa4-a97d-d965ccfc6d4b" outcome="Passed" testListId="8c84fa94-04c1-424b-9868-57a2d4851a1d" relativeResultsDirectory="e477cb40-5156-4478-ae21-4eca0f93e2cb" />
    <UnitTestResult executionId="a33b8a66-99c5-4236-a180-2516225afad6" testId="db3689c4-ec64-9807-ff9d-703e1cd5ba30" testName="MSTest_P2_832" computerName="NAVB3" duration="00:00:00.0000885" startTime="2017-11-29T20:12:15.8559215+05:30" endTime="2017-11-29T20:12:15.8559215+05:30" testType="13cdc9d9-ddb5-4fa4-a97d-d965ccfc6d4b" outcome="Passed" testListId="8c84fa94-04c1-424b-9868-57a2d4851a1d" relativeResultsDirectory="a33b8a66-99c5-4236-a180-2516225afad6" />
    <UnitTestResult executionId="87e3248f-d436-41ae-9afa-aadaedccd148" testId="64ab3aa4-24f6-ff24-e8d1-9d32f057ed1d" testName="MSTest_P2_833" computerName="NAVB3" duration="00:00:00.0001085" startTime="2017-11-29T20:12:15.8559215+05:30" endTime="2017-11-29T20:12:15.8559215+05:30" testType="13cdc9d9-ddb5-4fa4-a97d-d965ccfc6d4b" outcome="Passed" testListId="8c84fa94-04c1-424b-9868-57a2d4851a1d" relativeResultsDirectory="87e3248f-d436-41ae-9afa-aadaedccd148" />
    <UnitTestResult executionId="ec201a7d-6f31-416a-bc79-b5799935924a" testId="f70340aa-5fce-d298-7f45-ef899e029905" testName="MSTest_P2_834" computerName="NAVB3" duration="00:00:00.0001140" startTime="2017-11-29T20:12:15.8559215+05:30" endTime="2017-11-29T20:12:15.8559215+05:30" testType="13cdc9d9-ddb5-4fa4-a97d-d965ccfc6d4b" outcome="Passed" testListId="8c84fa94-04c1-424b-9868-57a2d4851a1d" relativeResultsDirectory="ec201a7d-6f31-416a-bc79-b5799935924a" />
    <UnitTestResult executionId="d64b910c-4575-41d9-949c-e3e4f03f322b" testId="1c8558a4-b15e-bedc-ae12-2c816334a012" testName="MSTest_P2_835" computerName="NAVB3" duration="00:00:00.0001099" startTime="2017-11-29T20:12:15.8559215+05:30" endTime="2017-11-29T20:12:15.8559215+05:30" testType="13cdc9d9-ddb5-4fa4-a97d-d965ccfc6d4b" outcome="Passed" testListId="8c84fa94-04c1-424b-9868-57a2d4851a1d" relativeResultsDirectory="d64b910c-4575-41d9-949c-e3e4f03f322b" />
    <UnitTestResult executionId="a036f4c6-2ec6-4446-a7df-47e62ab63b9a" testId="64787a3d-88fc-40c9-3001-6275bb42a712" testName="MSTest_P2_836" computerName="NAVB3" duration="00:00:00.0001049" startTime="2017-11-29T20:12:15.8559215+05:30" endTime="2017-11-29T20:12:15.8559215+05:30" testType="13cdc9d9-ddb5-4fa4-a97d-d965ccfc6d4b" outcome="Passed" testListId="8c84fa94-04c1-424b-9868-57a2d4851a1d" relativeResultsDirectory="a036f4c6-2ec6-4446-a7df-47e62ab63b9a" />
    <UnitTestResult executionId="5d91343c-6cd7-49d6-b433-c69df65e3df9" testId="764ff347-50b0-0099-55f2-3893dcdda0ee" testName="MSTest_P2_837" computerName="NAVB3" duration="00:00:00.0001073" startTime="2017-11-29T20:12:15.8559215+05:30" endTime="2017-11-29T20:12:15.8559215+05:30" testType="13cdc9d9-ddb5-4fa4-a97d-d965ccfc6d4b" outcome="Passed" testListId="8c84fa94-04c1-424b-9868-57a2d4851a1d" relativeResultsDirectory="5d91343c-6cd7-49d6-b433-c69df65e3df9" />
    <UnitTestResult executionId="012719a5-78b3-492e-9638-e2e915396354" testId="fd00d6df-9266-d7f9-06a4-30b68bcce890" testName="MSTest_P2_838" computerName="NAVB3" duration="00:00:00.0001090" startTime="2017-11-29T20:12:15.8559215+05:30" endTime="2017-11-29T20:12:15.8559215+05:30" testType="13cdc9d9-ddb5-4fa4-a97d-d965ccfc6d4b" outcome="Passed" testListId="8c84fa94-04c1-424b-9868-57a2d4851a1d" relativeResultsDirectory="012719a5-78b3-492e-9638-e2e915396354" />
    <UnitTestResult executionId="7f4d5199-5a37-4bc8-848c-c51b23e120d7" testId="6d2690e4-55f2-1173-3955-daa13c7926d5" testName="MSTest_P2_839" computerName="NAVB3" duration="00:00:00.0001105" startTime="2017-11-29T20:12:15.8559215+05:30" endTime="2017-11-29T20:12:15.8559215+05:30" testType="13cdc9d9-ddb5-4fa4-a97d-d965ccfc6d4b" outcome="Passed" testListId="8c84fa94-04c1-424b-9868-57a2d4851a1d" relativeResultsDirectory="7f4d5199-5a37-4bc8-848c-c51b23e120d7" />
    <UnitTestResult executionId="f8fbd794-6d3e-438c-8cd1-9c58440085b0" testId="e955f05b-a5be-2c36-d51c-47d6105a054d" testName="MSTest_P2_840" computerName="NAVB3" duration="00:00:00.0001099" startTime="2017-11-29T20:12:15.8559215+05:30" endTime="2017-11-29T20:12:15.8559215+05:30" testType="13cdc9d9-ddb5-4fa4-a97d-d965ccfc6d4b" outcome="Passed" testListId="8c84fa94-04c1-424b-9868-57a2d4851a1d" relativeResultsDirectory="f8fbd794-6d3e-438c-8cd1-9c58440085b0" />
    <UnitTestResult executionId="f37bbb75-974e-43bc-9c2b-4d42517ef6b2" testId="6e078b1a-21ca-1b99-765c-26240c6f6eea" testName="MSTest_P2_841" computerName="NAVB3" duration="00:00:00.0001090" startTime="2017-11-29T20:12:15.8559215+05:30" endTime="2017-11-29T20:12:15.8559215+05:30" testType="13cdc9d9-ddb5-4fa4-a97d-d965ccfc6d4b" outcome="Passed" testListId="8c84fa94-04c1-424b-9868-57a2d4851a1d" relativeResultsDirectory="f37bbb75-974e-43bc-9c2b-4d42517ef6b2" />
    <UnitTestResult executionId="6eea41ed-daef-4134-a04b-db792e55155c" testId="1f12b4a9-e48c-130f-d084-76be2cb52ea8" testName="MSTest_P2_842" computerName="NAVB3" duration="00:00:00.0001129" startTime="2017-11-29T20:12:15.8559215+05:30" endTime="2017-11-29T20:12:15.8559215+05:30" testType="13cdc9d9-ddb5-4fa4-a97d-d965ccfc6d4b" outcome="Passed" testListId="8c84fa94-04c1-424b-9868-57a2d4851a1d" relativeResultsDirectory="6eea41ed-daef-4134-a04b-db792e55155c" />
    <UnitTestResult executionId="21fd6a78-3693-46b7-9d25-015eae279368" testId="62e597d4-e60d-aa54-8157-377d907b7f43" testName="MSTest_P2_843" computerName="NAVB3" duration="00:00:00.0001090" startTime="2017-11-29T20:12:15.8559215+05:30" endTime="2017-11-29T20:12:15.8559215+05:30" testType="13cdc9d9-ddb5-4fa4-a97d-d965ccfc6d4b" outcome="Passed" testListId="8c84fa94-04c1-424b-9868-57a2d4851a1d" relativeResultsDirectory="21fd6a78-3693-46b7-9d25-015eae279368" />
    <UnitTestResult executionId="50981beb-bf73-4c5c-98f2-4bc3ff4cfabf" testId="511bf4f6-7e37-7990-39e8-edda9467c578" testName="MSTest_P2_844" computerName="NAVB3" duration="00:00:00.0001061" startTime="2017-11-29T20:12:15.8559215+05:30" endTime="2017-11-29T20:12:15.8559215+05:30" testType="13cdc9d9-ddb5-4fa4-a97d-d965ccfc6d4b" outcome="Passed" testListId="8c84fa94-04c1-424b-9868-57a2d4851a1d" relativeResultsDirectory="50981beb-bf73-4c5c-98f2-4bc3ff4cfabf" />
    <UnitTestResult executionId="9d5657ba-e067-48ab-a55e-cb018aed79bc" testId="c6ee03d5-9684-896d-e10e-1858f02dec5f" testName="MSTest_P2_845" computerName="NAVB3" duration="00:00:00.0001111" startTime="2017-11-29T20:12:15.8559215+05:30" endTime="2017-11-29T20:12:15.8559215+05:30" testType="13cdc9d9-ddb5-4fa4-a97d-d965ccfc6d4b" outcome="Passed" testListId="8c84fa94-04c1-424b-9868-57a2d4851a1d" relativeResultsDirectory="9d5657ba-e067-48ab-a55e-cb018aed79bc" />
    <UnitTestResult executionId="d7202263-5ce7-42b4-ab4a-cd3d2b6cea49" testId="6a0c6508-a7ea-d027-fd8e-bdabe1521933" testName="MSTest_P2_846" computerName="NAVB3" duration="00:00:00.0000929" startTime="2017-11-29T20:12:15.8559215+05:30" endTime="2017-11-29T20:12:15.8559215+05:30" testType="13cdc9d9-ddb5-4fa4-a97d-d965ccfc6d4b" outcome="Passed" testListId="8c84fa94-04c1-424b-9868-57a2d4851a1d" relativeResultsDirectory="d7202263-5ce7-42b4-ab4a-cd3d2b6cea49" />
    <UnitTestResult executionId="9eb7994a-03d8-4595-9cb9-e1de148524ea" testId="3a9a7fdb-5b03-106c-0671-c65a903339c6" testName="MSTest_P2_847" computerName="NAVB3" duration="00:00:00.0000894" startTime="2017-11-29T20:12:15.8559215+05:30" endTime="2017-11-29T20:12:15.8559215+05:30" testType="13cdc9d9-ddb5-4fa4-a97d-d965ccfc6d4b" outcome="Passed" testListId="8c84fa94-04c1-424b-9868-57a2d4851a1d" relativeResultsDirectory="9eb7994a-03d8-4595-9cb9-e1de148524ea" />
    <UnitTestResult executionId="6a96548a-ce89-4efb-b49a-38d36ebc1c71" testId="92afaed2-9f76-e231-6ecc-808ff600348b" testName="MSTest_P2_848" computerName="NAVB3" duration="00:00:00.0000841" startTime="2017-11-29T20:12:15.8559215+05:30" endTime="2017-11-29T20:12:15.8559215+05:30" testType="13cdc9d9-ddb5-4fa4-a97d-d965ccfc6d4b" outcome="Passed" testListId="8c84fa94-04c1-424b-9868-57a2d4851a1d" relativeResultsDirectory="6a96548a-ce89-4efb-b49a-38d36ebc1c71" />
    <UnitTestResult executionId="82078ea4-fa28-4e39-a2c9-0b1c616438db" testId="e367aa71-b0af-a758-f513-c2150be0ee58" testName="MSTest_P2_849" computerName="NAVB3" duration="00:00:00.0000829" startTime="2017-11-29T20:12:15.8559215+05:30" endTime="2017-11-29T20:12:15.8559215+05:30" testType="13cdc9d9-ddb5-4fa4-a97d-d965ccfc6d4b" outcome="Passed" testListId="8c84fa94-04c1-424b-9868-57a2d4851a1d" relativeResultsDirectory="82078ea4-fa28-4e39-a2c9-0b1c616438db" />
    <UnitTestResult executionId="81f6a55c-cf5e-482b-a631-adf2b5bd34d8" testId="60863bf4-f9bf-04dc-12a3-a22e0f65c9ea" testName="MSTest_P2_850" computerName="NAVB3" duration="00:00:00.0000832" startTime="2017-11-29T20:12:15.8559215+05:30" endTime="2017-11-29T20:12:15.8559215+05:30" testType="13cdc9d9-ddb5-4fa4-a97d-d965ccfc6d4b" outcome="Passed" testListId="8c84fa94-04c1-424b-9868-57a2d4851a1d" relativeResultsDirectory="81f6a55c-cf5e-482b-a631-adf2b5bd34d8" />
    <UnitTestResult executionId="36f98c9b-0de6-49d8-9e02-b4bd91768303" testId="e024ef41-083b-00b1-2a7d-aeeaf04191e1" testName="MSTest_P2_681" computerName="NAVB3" duration="00:00:00.0000818" startTime="2017-11-29T20:12:15.8559215+05:30" endTime="2017-11-29T20:12:15.8559215+05:30" testType="13cdc9d9-ddb5-4fa4-a97d-d965ccfc6d4b" outcome="Passed" testListId="8c84fa94-04c1-424b-9868-57a2d4851a1d" relativeResultsDirectory="36f98c9b-0de6-49d8-9e02-b4bd91768303" />
    <UnitTestResult executionId="ce6399ee-4706-4315-a940-334d0738f9d7" testId="0aa7aae1-8c4a-9eda-b1d9-2436bdcb68b7" testName="MSTest_P2_682" computerName="NAVB3" duration="00:00:00.0000824" startTime="2017-11-29T20:12:15.8559215+05:30" endTime="2017-11-29T20:12:15.8559215+05:30" testType="13cdc9d9-ddb5-4fa4-a97d-d965ccfc6d4b" outcome="Passed" testListId="8c84fa94-04c1-424b-9868-57a2d4851a1d" relativeResultsDirectory="ce6399ee-4706-4315-a940-334d0738f9d7" />
    <UnitTestResult executionId="2693f145-877e-4e1d-86c3-7fd805614421" testId="12bf26ac-5455-f147-ab84-37229d82317a" testName="MSTest_P2_683" computerName="NAVB3" duration="00:00:00.0000815" startTime="2017-11-29T20:12:15.8559215+05:30" endTime="2017-11-29T20:12:15.8559215+05:30" testType="13cdc9d9-ddb5-4fa4-a97d-d965ccfc6d4b" outcome="Passed" testListId="8c84fa94-04c1-424b-9868-57a2d4851a1d" relativeResultsDirectory="2693f145-877e-4e1d-86c3-7fd805614421" />
    <UnitTestResult executionId="11b6c6e6-1499-4771-afc4-435699cbea3b" testId="2e3a7c50-e4a5-3602-4438-48bdaf561af3" testName="MSTest_P2_684" computerName="NAVB3" duration="00:00:00.0001023" startTime="2017-11-29T20:12:15.8559215+05:30" endTime="2017-11-29T20:12:15.8559215+05:30" testType="13cdc9d9-ddb5-4fa4-a97d-d965ccfc6d4b" outcome="Passed" testListId="8c84fa94-04c1-424b-9868-57a2d4851a1d" relativeResultsDirectory="11b6c6e6-1499-4771-afc4-435699cbea3b" />
    <UnitTestResult executionId="9d0870e5-fad0-41f7-b10f-7cf36a0e4e50" testId="bef2782c-3a6e-228f-d81e-4a0182ff4ef4" testName="MSTest_P2_685" computerName="NAVB3" duration="00:00:00.0000961" startTime="2017-11-29T20:12:15.8559215+05:30" endTime="2017-11-29T20:12:15.8559215+05:30" testType="13cdc9d9-ddb5-4fa4-a97d-d965ccfc6d4b" outcome="Passed" testListId="8c84fa94-04c1-424b-9868-57a2d4851a1d" relativeResultsDirectory="9d0870e5-fad0-41f7-b10f-7cf36a0e4e50" />
    <UnitTestResult executionId="57e61fe5-5734-4fe9-8588-7b88dc3a9e24" testId="9caa978f-dc1f-3b54-f86d-4561a75a1ad7" testName="MSTest_P2_686" computerName="NAVB3" duration="00:00:00.0000897" startTime="2017-11-29T20:12:15.8559215+05:30" endTime="2017-11-29T20:12:15.8559215+05:30" testType="13cdc9d9-ddb5-4fa4-a97d-d965ccfc6d4b" outcome="Passed" testListId="8c84fa94-04c1-424b-9868-57a2d4851a1d" relativeResultsDirectory="57e61fe5-5734-4fe9-8588-7b88dc3a9e24" />
    <UnitTestResult executionId="75249e63-9ecb-4d7c-85c2-fa4249ce714c" testId="1aaed582-bd65-15f1-f19a-f01bfeae0f85" testName="MSTest_P2_687" computerName="NAVB3" duration="00:00:00.0000894" startTime="2017-11-29T20:12:15.8559215+05:30" endTime="2017-11-29T20:12:15.8559215+05:30" testType="13cdc9d9-ddb5-4fa4-a97d-d965ccfc6d4b" outcome="Passed" testListId="8c84fa94-04c1-424b-9868-57a2d4851a1d" relativeResultsDirectory="75249e63-9ecb-4d7c-85c2-fa4249ce714c" />
    <UnitTestResult executionId="06f7d757-2a16-4332-a9c4-b0e71c9bb7ff" testId="02514658-3539-4e09-7083-7a561726facb" testName="MSTest_P2_688" computerName="NAVB3" duration="00:00:00.0000926" startTime="2017-11-29T20:12:15.8559215+05:30" endTime="2017-11-29T20:12:15.8559215+05:30" testType="13cdc9d9-ddb5-4fa4-a97d-d965ccfc6d4b" outcome="Passed" testListId="8c84fa94-04c1-424b-9868-57a2d4851a1d" relativeResultsDirectory="06f7d757-2a16-4332-a9c4-b0e71c9bb7ff" />
    <UnitTestResult executionId="bb6697ec-39d7-4cf6-91ce-f66ba30f92fc" testId="6b16ac49-7c2b-bc72-bfd4-131c02aab2db" testName="MSTest_P2_689" computerName="NAVB3" duration="00:00:00.0001422" startTime="2017-11-29T20:12:15.8559215+05:30" endTime="2017-11-29T20:12:15.8715419+05:30" testType="13cdc9d9-ddb5-4fa4-a97d-d965ccfc6d4b" outcome="Passed" testListId="8c84fa94-04c1-424b-9868-57a2d4851a1d" relativeResultsDirectory="bb6697ec-39d7-4cf6-91ce-f66ba30f92fc" />
    <UnitTestResult executionId="a56f3c27-4406-4c5a-9d16-a58fa3c21f3e" testId="09217960-761f-1039-17a0-ea4ede5ade15" testName="MSTest_P2_690" computerName="NAVB3" duration="00:00:00.0001079" startTime="2017-11-29T20:12:15.8715419+05:30" endTime="2017-11-29T20:12:15.8715419+05:30" testType="13cdc9d9-ddb5-4fa4-a97d-d965ccfc6d4b" outcome="Passed" testListId="8c84fa94-04c1-424b-9868-57a2d4851a1d" relativeResultsDirectory="a56f3c27-4406-4c5a-9d16-a58fa3c21f3e" />
    <UnitTestResult executionId="83c14a70-6f26-4113-9a97-e88e4b5b6e1e" testId="fdbc3f44-4022-324e-a1e5-7cbdcbe40d5d" testName="MSTest_P2_691" computerName="NAVB3" duration="00:00:00.0000955" startTime="2017-11-29T20:12:15.8715419+05:30" endTime="2017-11-29T20:12:15.8715419+05:30" testType="13cdc9d9-ddb5-4fa4-a97d-d965ccfc6d4b" outcome="Passed" testListId="8c84fa94-04c1-424b-9868-57a2d4851a1d" relativeResultsDirectory="83c14a70-6f26-4113-9a97-e88e4b5b6e1e" />
    <UnitTestResult executionId="dae34e66-7bd5-491a-8616-98a0577b274d" testId="10c70c0e-e0e6-4347-f394-4de496e761f1" testName="MSTest_P2_692" computerName="NAVB3" duration="00:00:00.0000923" startTime="2017-11-29T20:12:15.8715419+05:30" endTime="2017-11-29T20:12:15.8715419+05:30" testType="13cdc9d9-ddb5-4fa4-a97d-d965ccfc6d4b" outcome="Passed" testListId="8c84fa94-04c1-424b-9868-57a2d4851a1d" relativeResultsDirectory="dae34e66-7bd5-491a-8616-98a0577b274d" />
    <UnitTestResult executionId="1edb402c-984b-42de-870f-085e9cedb98a" testId="c517d47e-ca32-e377-d7f6-88e94f2c32ee" testName="MSTest_P2_693" computerName="NAVB3" duration="00:00:00.0000970" startTime="2017-11-29T20:12:15.8715419+05:30" endTime="2017-11-29T20:12:15.8715419+05:30" testType="13cdc9d9-ddb5-4fa4-a97d-d965ccfc6d4b" outcome="Passed" testListId="8c84fa94-04c1-424b-9868-57a2d4851a1d" relativeResultsDirectory="1edb402c-984b-42de-870f-085e9cedb98a" />
    <UnitTestResult executionId="8814226b-c542-495d-a420-52d6b60a3dfa" testId="a30c0e1c-6be8-c1fc-d186-4953fdc74232" testName="MSTest_P2_694" computerName="NAVB3" duration="00:00:00.0001041" startTime="2017-11-29T20:12:15.8715419+05:30" endTime="2017-11-29T20:12:15.8715419+05:30" testType="13cdc9d9-ddb5-4fa4-a97d-d965ccfc6d4b" outcome="Passed" testListId="8c84fa94-04c1-424b-9868-57a2d4851a1d" relativeResultsDirectory="8814226b-c542-495d-a420-52d6b60a3dfa" />
    <UnitTestResult executionId="ba887bbb-8fe1-4b49-bf9e-db4425a0e20c" testId="0544e28d-4fc2-b4ec-7e67-93472bf81c4c" testName="MSTest_P2_695" computerName="NAVB3" duration="00:00:00.0000923" startTime="2017-11-29T20:12:15.8715419+05:30" endTime="2017-11-29T20:12:15.8715419+05:30" testType="13cdc9d9-ddb5-4fa4-a97d-d965ccfc6d4b" outcome="Passed" testListId="8c84fa94-04c1-424b-9868-57a2d4851a1d" relativeResultsDirectory="ba887bbb-8fe1-4b49-bf9e-db4425a0e20c" />
    <UnitTestResult executionId="0ad7f8b8-713b-4af8-a8f6-72b2e80995ef" testId="9d2ec2a6-d3d1-c073-e2b7-2bdf63a956f5" testName="MSTest_P2_696" computerName="NAVB3" duration="00:00:00.0001055" startTime="2017-11-29T20:12:15.8715419+05:30" endTime="2017-11-29T20:12:15.8715419+05:30" testType="13cdc9d9-ddb5-4fa4-a97d-d965ccfc6d4b" outcome="Passed" testListId="8c84fa94-04c1-424b-9868-57a2d4851a1d" relativeResultsDirectory="0ad7f8b8-713b-4af8-a8f6-72b2e80995ef" />
    <UnitTestResult executionId="fd3b0921-887a-4a06-a52b-f6eeeab9c0f1" testId="ff871a0a-f3fb-129c-5e01-0c196d851088" testName="MSTest_P2_697" computerName="NAVB3" duration="00:00:00.0001014" startTime="2017-11-29T20:12:15.8715419+05:30" endTime="2017-11-29T20:12:15.8715419+05:30" testType="13cdc9d9-ddb5-4fa4-a97d-d965ccfc6d4b" outcome="Passed" testListId="8c84fa94-04c1-424b-9868-57a2d4851a1d" relativeResultsDirectory="fd3b0921-887a-4a06-a52b-f6eeeab9c0f1" />
    <UnitTestResult executionId="18da3a83-ad4b-482b-9fb1-01e22638a924" testId="7310670a-0010-c516-b9ef-05b270ab4c04" testName="MSTest_P2_698" computerName="NAVB3" duration="00:00:00.0001041" startTime="2017-11-29T20:12:15.8715419+05:30" endTime="2017-11-29T20:12:15.8715419+05:30" testType="13cdc9d9-ddb5-4fa4-a97d-d965ccfc6d4b" outcome="Passed" testListId="8c84fa94-04c1-424b-9868-57a2d4851a1d" relativeResultsDirectory="18da3a83-ad4b-482b-9fb1-01e22638a924" />
    <UnitTestResult executionId="7e30e163-23b7-472b-9c3e-0fe30f25c7db" testId="d768bb94-e7be-c795-a879-8660f5a521ca" testName="MSTest_P2_699" computerName="NAVB3" duration="00:00:00.0000988" startTime="2017-11-29T20:12:15.8715419+05:30" endTime="2017-11-29T20:12:15.8715419+05:30" testType="13cdc9d9-ddb5-4fa4-a97d-d965ccfc6d4b" outcome="Passed" testListId="8c84fa94-04c1-424b-9868-57a2d4851a1d" relativeResultsDirectory="7e30e163-23b7-472b-9c3e-0fe30f25c7db" />
    <UnitTestResult executionId="b3ee68ba-a20c-42c5-bec1-1872e86178fa" testId="23fd5c35-806e-ce3a-d70e-4f98406ae92e" testName="MSTest_P2_700" computerName="NAVB3" duration="00:00:00.0000994" startTime="2017-11-29T20:12:15.8715419+05:30" endTime="2017-11-29T20:12:15.8715419+05:30" testType="13cdc9d9-ddb5-4fa4-a97d-d965ccfc6d4b" outcome="Passed" testListId="8c84fa94-04c1-424b-9868-57a2d4851a1d" relativeResultsDirectory="b3ee68ba-a20c-42c5-bec1-1872e86178fa" />
    <UnitTestResult executionId="9c638b4b-85a4-4792-8205-885969d16312" testId="2c22d41f-092a-968d-84dc-b705713dc267" testName="MSTest_P2_701" computerName="NAVB3" duration="00:00:00.0000917" startTime="2017-11-29T20:12:15.8715419+05:30" endTime="2017-11-29T20:12:15.8715419+05:30" testType="13cdc9d9-ddb5-4fa4-a97d-d965ccfc6d4b" outcome="Passed" testListId="8c84fa94-04c1-424b-9868-57a2d4851a1d" relativeResultsDirectory="9c638b4b-85a4-4792-8205-885969d16312" />
    <UnitTestResult executionId="cfc8c851-f7bb-48f6-85a1-a77ba4448138" testId="4d43b66e-8962-9bb6-1326-4acf18e1f8af" testName="MSTest_P2_702" computerName="NAVB3" duration="00:00:00.0000953" startTime="2017-11-29T20:12:15.8715419+05:30" endTime="2017-11-29T20:12:15.8715419+05:30" testType="13cdc9d9-ddb5-4fa4-a97d-d965ccfc6d4b" outcome="Passed" testListId="8c84fa94-04c1-424b-9868-57a2d4851a1d" relativeResultsDirectory="cfc8c851-f7bb-48f6-85a1-a77ba4448138" />
    <UnitTestResult executionId="e5e10c0b-0e85-4079-9e36-7a39165f0579" testId="d4654878-1a35-6721-cf80-bedb39cbf7b8" testName="MSTest_P2_703" computerName="NAVB3" duration="00:00:00.0001005" startTime="2017-11-29T20:12:15.8715419+05:30" endTime="2017-11-29T20:12:15.8715419+05:30" testType="13cdc9d9-ddb5-4fa4-a97d-d965ccfc6d4b" outcome="Passed" testListId="8c84fa94-04c1-424b-9868-57a2d4851a1d" relativeResultsDirectory="e5e10c0b-0e85-4079-9e36-7a39165f0579" />
    <UnitTestResult executionId="fc15d451-5b90-4fc9-87eb-dd235906f62f" testId="0375a79b-17bf-9022-0b92-a3ad697c1a71" testName="MSTest_P2_704" computerName="NAVB3" duration="00:00:00.0000997" startTime="2017-11-29T20:12:15.8715419+05:30" endTime="2017-11-29T20:12:15.8715419+05:30" testType="13cdc9d9-ddb5-4fa4-a97d-d965ccfc6d4b" outcome="Passed" testListId="8c84fa94-04c1-424b-9868-57a2d4851a1d" relativeResultsDirectory="fc15d451-5b90-4fc9-87eb-dd235906f62f" />
    <UnitTestResult executionId="232fb079-dd5e-4d4e-bf4d-6858e4afdc26" testId="ec973bdb-21c0-1365-934b-b91d9822cd21" testName="MSTest_P2_705" computerName="NAVB3" duration="00:00:00.0001017" startTime="2017-11-29T20:12:15.8715419+05:30" endTime="2017-11-29T20:12:15.8715419+05:30" testType="13cdc9d9-ddb5-4fa4-a97d-d965ccfc6d4b" outcome="Passed" testListId="8c84fa94-04c1-424b-9868-57a2d4851a1d" relativeResultsDirectory="232fb079-dd5e-4d4e-bf4d-6858e4afdc26" />
    <UnitTestResult executionId="c2077bfe-e66c-4fdf-a520-e9019d1172f5" testId="5ad515e4-061f-7df7-ad67-b02fe01da566" testName="MSTest_P2_706" computerName="NAVB3" duration="00:00:00.0000999" startTime="2017-11-29T20:12:15.8715419+05:30" endTime="2017-11-29T20:12:15.8715419+05:30" testType="13cdc9d9-ddb5-4fa4-a97d-d965ccfc6d4b" outcome="Passed" testListId="8c84fa94-04c1-424b-9868-57a2d4851a1d" relativeResultsDirectory="c2077bfe-e66c-4fdf-a520-e9019d1172f5" />
    <UnitTestResult executionId="fb09ac53-31e6-456b-a560-ed31ba56a0cb" testId="0803935a-871f-a690-4074-dae07f076149" testName="MSTest_P2_707" computerName="NAVB3" duration="00:00:00.0001114" startTime="2017-11-29T20:12:15.8715419+05:30" endTime="2017-11-29T20:12:15.8715419+05:30" testType="13cdc9d9-ddb5-4fa4-a97d-d965ccfc6d4b" outcome="Passed" testListId="8c84fa94-04c1-424b-9868-57a2d4851a1d" relativeResultsDirectory="fb09ac53-31e6-456b-a560-ed31ba56a0cb" />
    <UnitTestResult executionId="3f71191e-2e12-4f53-81a0-765ab329bd22" testId="5a551494-faff-53e7-207e-681c218ee1d5" testName="MSTest_P2_708" computerName="NAVB3" duration="00:00:00.0000917" startTime="2017-11-29T20:12:15.8715419+05:30" endTime="2017-11-29T20:12:15.8715419+05:30" testType="13cdc9d9-ddb5-4fa4-a97d-d965ccfc6d4b" outcome="Passed" testListId="8c84fa94-04c1-424b-9868-57a2d4851a1d" relativeResultsDirectory="3f71191e-2e12-4f53-81a0-765ab329bd22" />
    <UnitTestResult executionId="91070c9d-9270-4b53-ac05-1c030d86f3b7" testId="c3a8a6f2-b935-a4af-92db-4c0183516cfb" testName="MSTest_P2_709" computerName="NAVB3" duration="00:00:00.0000935" startTime="2017-11-29T20:12:15.8715419+05:30" endTime="2017-11-29T20:12:15.8715419+05:30" testType="13cdc9d9-ddb5-4fa4-a97d-d965ccfc6d4b" outcome="Passed" testListId="8c84fa94-04c1-424b-9868-57a2d4851a1d" relativeResultsDirectory="91070c9d-9270-4b53-ac05-1c030d86f3b7" />
    <UnitTestResult executionId="2701c10b-31eb-4386-a471-6a60ff5d198b" testId="0019d10a-a6a6-19da-3d6b-4865f197fa35" testName="MSTest_P2_710" computerName="NAVB3" duration="00:00:00.0001055" startTime="2017-11-29T20:12:15.8715419+05:30" endTime="2017-11-29T20:12:15.8715419+05:30" testType="13cdc9d9-ddb5-4fa4-a97d-d965ccfc6d4b" outcome="Passed" testListId="8c84fa94-04c1-424b-9868-57a2d4851a1d" relativeResultsDirectory="2701c10b-31eb-4386-a471-6a60ff5d198b" />
    <UnitTestResult executionId="8b22f061-55f3-4071-bff3-98bccedf21a3" testId="cc78e4c8-e396-40e7-5bdc-41f3b1d91c3b" testName="MSTest_P2_711" computerName="NAVB3" duration="00:00:00.0001046" startTime="2017-11-29T20:12:15.8715419+05:30" endTime="2017-11-29T20:12:15.8715419+05:30" testType="13cdc9d9-ddb5-4fa4-a97d-d965ccfc6d4b" outcome="Passed" testListId="8c84fa94-04c1-424b-9868-57a2d4851a1d" relativeResultsDirectory="8b22f061-55f3-4071-bff3-98bccedf21a3" />
    <UnitTestResult executionId="e647c79b-d0a7-49d8-9377-3fb0e261d04c" testId="efecd466-b15f-af39-21f9-c8961441d324" testName="MSTest_P2_712" computerName="NAVB3" duration="00:00:00.0001055" startTime="2017-11-29T20:12:15.8715419+05:30" endTime="2017-11-29T20:12:15.8715419+05:30" testType="13cdc9d9-ddb5-4fa4-a97d-d965ccfc6d4b" outcome="Passed" testListId="8c84fa94-04c1-424b-9868-57a2d4851a1d" relativeResultsDirectory="e647c79b-d0a7-49d8-9377-3fb0e261d04c" />
    <UnitTestResult executionId="7fa8add3-1b33-4e4c-a0de-d4d5223c22ad" testId="cd2e6b67-6d53-becf-0933-90bf764522df" testName="MSTest_P2_713" computerName="NAVB3" duration="00:00:00.0001041" startTime="2017-11-29T20:12:15.8715419+05:30" endTime="2017-11-29T20:12:15.8715419+05:30" testType="13cdc9d9-ddb5-4fa4-a97d-d965ccfc6d4b" outcome="Passed" testListId="8c84fa94-04c1-424b-9868-57a2d4851a1d" relativeResultsDirectory="7fa8add3-1b33-4e4c-a0de-d4d5223c22ad" />
    <UnitTestResult executionId="a78862db-981d-4a49-a205-48550826da49" testId="272f4885-6438-4d19-4138-7ad48b76a66a" testName="MSTest_P2_714" computerName="NAVB3" duration="00:00:00.0001052" startTime="2017-11-29T20:12:15.8715419+05:30" endTime="2017-11-29T20:12:15.8715419+05:30" testType="13cdc9d9-ddb5-4fa4-a97d-d965ccfc6d4b" outcome="Passed" testListId="8c84fa94-04c1-424b-9868-57a2d4851a1d" relativeResultsDirectory="a78862db-981d-4a49-a205-48550826da49" />
    <UnitTestResult executionId="32cb2646-1d7f-4d67-adea-e0e82431dfc9" testId="7bcf3a65-993a-a11d-3a6c-189aa950d196" testName="MSTest_P2_715" computerName="NAVB3" duration="00:00:00.0001064" startTime="2017-11-29T20:12:15.8715419+05:30" endTime="2017-11-29T20:12:15.8715419+05:30" testType="13cdc9d9-ddb5-4fa4-a97d-d965ccfc6d4b" outcome="Passed" testListId="8c84fa94-04c1-424b-9868-57a2d4851a1d" relativeResultsDirectory="32cb2646-1d7f-4d67-adea-e0e82431dfc9" />
    <UnitTestResult executionId="03db6880-b885-437a-a1bc-921ad33d4195" testId="91ca59a7-2b67-023b-8100-5a8eb67c3171" testName="MSTest_P2_716" computerName="NAVB3" duration="00:00:00.0001023" startTime="2017-11-29T20:12:15.8715419+05:30" endTime="2017-11-29T20:12:15.8715419+05:30" testType="13cdc9d9-ddb5-4fa4-a97d-d965ccfc6d4b" outcome="Passed" testListId="8c84fa94-04c1-424b-9868-57a2d4851a1d" relativeResultsDirectory="03db6880-b885-437a-a1bc-921ad33d4195" />
    <UnitTestResult executionId="238b2d02-2779-4df9-befb-555aca6904b8" testId="6f5c5df5-4252-2513-c1dc-4c088c708d7c" testName="MSTest_P2_717" computerName="NAVB3" duration="00:00:00.0001008" startTime="2017-11-29T20:12:15.8715419+05:30" endTime="2017-11-29T20:12:15.8715419+05:30" testType="13cdc9d9-ddb5-4fa4-a97d-d965ccfc6d4b" outcome="Passed" testListId="8c84fa94-04c1-424b-9868-57a2d4851a1d" relativeResultsDirectory="238b2d02-2779-4df9-befb-555aca6904b8" />
    <UnitTestResult executionId="b8c77c22-e1da-4bb7-9162-3f72de419eb3" testId="48651643-3990-f762-2f5d-868f1a95d4b6" testName="MSTest_P2_718" computerName="NAVB3" duration="00:00:00.0001026" startTime="2017-11-29T20:12:15.8715419+05:30" endTime="2017-11-29T20:12:15.8715419+05:30" testType="13cdc9d9-ddb5-4fa4-a97d-d965ccfc6d4b" outcome="Passed" testListId="8c84fa94-04c1-424b-9868-57a2d4851a1d" relativeResultsDirectory="b8c77c22-e1da-4bb7-9162-3f72de419eb3" />
    <UnitTestResult executionId="a02c214d-8f02-47d3-8fa6-382845a97d0d" testId="f8bf1449-939b-89f4-212d-2e74de51e43d" testName="MSTest_P2_719" computerName="NAVB3" duration="00:00:00.0001120" startTime="2017-11-29T20:12:15.8715419+05:30" endTime="2017-11-29T20:12:15.8715419+05:30" testType="13cdc9d9-ddb5-4fa4-a97d-d965ccfc6d4b" outcome="Passed" testListId="8c84fa94-04c1-424b-9868-57a2d4851a1d" relativeResultsDirectory="a02c214d-8f02-47d3-8fa6-382845a97d0d" />
    <UnitTestResult executionId="f678669e-19b4-42a8-88aa-bfd70e284fc1" testId="7dec1179-eee2-fa94-5da7-099c0e6c3451" testName="MSTest_P2_720" computerName="NAVB3" duration="00:00:00.0001002" startTime="2017-11-29T20:12:15.8715419+05:30" endTime="2017-11-29T20:12:15.8715419+05:30" testType="13cdc9d9-ddb5-4fa4-a97d-d965ccfc6d4b" outcome="Passed" testListId="8c84fa94-04c1-424b-9868-57a2d4851a1d" relativeResultsDirectory="f678669e-19b4-42a8-88aa-bfd70e284fc1" />
    <UnitTestResult executionId="5c51cd28-f0e3-4dca-aa5b-e47d42beb57b" testId="7beb1d45-b2f9-3ce6-acac-11111dd263b6" testName="MSTest_P2_721" computerName="NAVB3" duration="00:00:00.0001026" startTime="2017-11-29T20:12:15.8715419+05:30" endTime="2017-11-29T20:12:15.8715419+05:30" testType="13cdc9d9-ddb5-4fa4-a97d-d965ccfc6d4b" outcome="Passed" testListId="8c84fa94-04c1-424b-9868-57a2d4851a1d" relativeResultsDirectory="5c51cd28-f0e3-4dca-aa5b-e47d42beb57b" />
    <UnitTestResult executionId="83155f61-7491-49b6-91e0-d85dae7f9712" testId="0f01db86-94cf-3b40-a1fd-a3d559461236" testName="MSTest_P2_722" computerName="NAVB3" duration="00:00:00.0001005" startTime="2017-11-29T20:12:15.8715419+05:30" endTime="2017-11-29T20:12:15.8715419+05:30" testType="13cdc9d9-ddb5-4fa4-a97d-d965ccfc6d4b" outcome="Passed" testListId="8c84fa94-04c1-424b-9868-57a2d4851a1d" relativeResultsDirectory="83155f61-7491-49b6-91e0-d85dae7f9712" />
    <UnitTestResult executionId="df39d10b-757e-4cbf-a92a-9f1ea86a815a" testId="60ae1216-f4f8-6b00-f4c4-045e3d712ab9" testName="MSTest_P2_723" computerName="NAVB3" duration="00:00:00.0001008" startTime="2017-11-29T20:12:15.8715419+05:30" endTime="2017-11-29T20:12:15.8715419+05:30" testType="13cdc9d9-ddb5-4fa4-a97d-d965ccfc6d4b" outcome="Passed" testListId="8c84fa94-04c1-424b-9868-57a2d4851a1d" relativeResultsDirectory="df39d10b-757e-4cbf-a92a-9f1ea86a815a" />
    <UnitTestResult executionId="b2be59a8-b331-4f2c-aa5c-7925948b47de" testId="19e5591a-1631-c4d0-c9a6-ceae072f9278" testName="MSTest_P2_724" computerName="NAVB3" duration="00:00:00.0000932" startTime="2017-11-29T20:12:15.8715419+05:30" endTime="2017-11-29T20:12:15.8715419+05:30" testType="13cdc9d9-ddb5-4fa4-a97d-d965ccfc6d4b" outcome="Passed" testListId="8c84fa94-04c1-424b-9868-57a2d4851a1d" relativeResultsDirectory="b2be59a8-b331-4f2c-aa5c-7925948b47de" />
    <UnitTestResult executionId="f53db901-f8b8-4bab-b67f-f6384ae421a2" testId="da7afe93-5f9e-e644-ee17-d8f62724b065" testName="MSTest_P2_725" computerName="NAVB3" duration="00:00:00.0000994" startTime="2017-11-29T20:12:15.8715419+05:30" endTime="2017-11-29T20:12:15.8715419+05:30" testType="13cdc9d9-ddb5-4fa4-a97d-d965ccfc6d4b" outcome="Passed" testListId="8c84fa94-04c1-424b-9868-57a2d4851a1d" relativeResultsDirectory="f53db901-f8b8-4bab-b67f-f6384ae421a2" />
    <UnitTestResult executionId="e635a18e-dcfd-4641-9a8f-00f24854be3e" testId="8266f92d-e581-75a5-bb2e-4504a7b93262" testName="MSTest_P2_726" computerName="NAVB3" duration="00:00:00.0001011" startTime="2017-11-29T20:12:15.8715419+05:30" endTime="2017-11-29T20:12:15.8715419+05:30" testType="13cdc9d9-ddb5-4fa4-a97d-d965ccfc6d4b" outcome="Passed" testListId="8c84fa94-04c1-424b-9868-57a2d4851a1d" relativeResultsDirectory="e635a18e-dcfd-4641-9a8f-00f24854be3e" />
    <UnitTestResult executionId="1394a2f9-ac59-4c97-9c2e-c82af965db91" testId="1cbf8c80-94c3-2ec1-b0e8-bab269a8bc81" testName="MSTest_P2_727" computerName="NAVB3" duration="00:00:00.0000914" startTime="2017-11-29T20:12:15.8715419+05:30" endTime="2017-11-29T20:12:15.8715419+05:30" testType="13cdc9d9-ddb5-4fa4-a97d-d965ccfc6d4b" outcome="Passed" testListId="8c84fa94-04c1-424b-9868-57a2d4851a1d" relativeResultsDirectory="1394a2f9-ac59-4c97-9c2e-c82af965db91" />
    <UnitTestResult executionId="6673bf36-091d-45c8-b7d5-21fc5e33b205" testId="ccaa3c83-5d1b-ce5f-4059-289c1ce0cfc6" testName="MSTest_P2_728" computerName="NAVB3" duration="00:00:00.0000985" startTime="2017-11-29T20:12:15.8715419+05:30" endTime="2017-11-29T20:12:15.8715419+05:30" testType="13cdc9d9-ddb5-4fa4-a97d-d965ccfc6d4b" outcome="Passed" testListId="8c84fa94-04c1-424b-9868-57a2d4851a1d" relativeResultsDirectory="6673bf36-091d-45c8-b7d5-21fc5e33b205" />
    <UnitTestResult executionId="c49cc184-8000-45bf-8b72-9440fa53c389" testId="525b9b8a-dc35-c682-c75e-37fc41131ae6" testName="MSTest_P2_729" computerName="NAVB3" duration="00:00:00.0000979" startTime="2017-11-29T20:12:15.8715419+05:30" endTime="2017-11-29T20:12:15.8715419+05:30" testType="13cdc9d9-ddb5-4fa4-a97d-d965ccfc6d4b" outcome="Passed" testListId="8c84fa94-04c1-424b-9868-57a2d4851a1d" relativeResultsDirectory="c49cc184-8000-45bf-8b72-9440fa53c389" />
    <UnitTestResult executionId="6b994848-f0a0-4538-ab1e-daa30fb01a0f" testId="03080019-5681-3ce2-8630-2dd43ec7dd80" testName="MSTest_P2_730" computerName="NAVB3" duration="00:00:00.0000973" startTime="2017-11-29T20:12:15.8715419+05:30" endTime="2017-11-29T20:12:15.8715419+05:30" testType="13cdc9d9-ddb5-4fa4-a97d-d965ccfc6d4b" outcome="Passed" testListId="8c84fa94-04c1-424b-9868-57a2d4851a1d" relativeResultsDirectory="6b994848-f0a0-4538-ab1e-daa30fb01a0f" />
    <UnitTestResult executionId="2baec136-ce5f-4a4a-a25d-83d8356141b7" testId="4bac3f4f-5c26-53a7-2b63-bc2e982bfcd0" testName="MSTest_P2_731" computerName="NAVB3" duration="00:00:00.0000879" startTime="2017-11-29T20:12:15.8715419+05:30" endTime="2017-11-29T20:12:15.8715419+05:30" testType="13cdc9d9-ddb5-4fa4-a97d-d965ccfc6d4b" outcome="Passed" testListId="8c84fa94-04c1-424b-9868-57a2d4851a1d" relativeResultsDirectory="2baec136-ce5f-4a4a-a25d-83d8356141b7" />
    <UnitTestResult executionId="1d953589-0bda-46d3-b91c-1b8355057eb7" testId="93b4d200-60a7-c4a5-e8f1-e8a503bfc2a3" testName="MSTest_P2_732" computerName="NAVB3" duration="00:00:00.0000909" startTime="2017-11-29T20:12:15.8715419+05:30" endTime="2017-11-29T20:12:15.8715419+05:30" testType="13cdc9d9-ddb5-4fa4-a97d-d965ccfc6d4b" outcome="Passed" testListId="8c84fa94-04c1-424b-9868-57a2d4851a1d" relativeResultsDirectory="1d953589-0bda-46d3-b91c-1b8355057eb7" />
    <UnitTestResult executionId="2a7da5ca-88c2-4b2c-8342-012b622dd2c6" testId="6c5f321c-3892-4b16-73e5-6819c0fa06e9" testName="MSTest_P2_733" computerName="NAVB3" duration="00:00:00.0000894" startTime="2017-11-29T20:12:15.8715419+05:30" endTime="2017-11-29T20:12:15.8715419+05:30" testType="13cdc9d9-ddb5-4fa4-a97d-d965ccfc6d4b" outcome="Passed" testListId="8c84fa94-04c1-424b-9868-57a2d4851a1d" relativeResultsDirectory="2a7da5ca-88c2-4b2c-8342-012b622dd2c6" />
    <UnitTestResult executionId="48d1d286-8e4c-470d-88ae-9cb926901f86" testId="7eb1da94-1ce2-6d2d-984a-cd4d2f71d0f2" testName="MSTest_P2_734" computerName="NAVB3" duration="00:00:00.0000879" startTime="2017-11-29T20:12:15.8715419+05:30" endTime="2017-11-29T20:12:15.8715419+05:30" testType="13cdc9d9-ddb5-4fa4-a97d-d965ccfc6d4b" outcome="Passed" testListId="8c84fa94-04c1-424b-9868-57a2d4851a1d" relativeResultsDirectory="48d1d286-8e4c-470d-88ae-9cb926901f86" />
    <UnitTestResult executionId="eb431019-d84f-4803-bc20-6fea6f1e39c3" testId="dafb9c59-4deb-eceb-485d-d78754e3bb3d" testName="MSTest_P2_735" computerName="NAVB3" duration="00:00:00.0001483" startTime="2017-11-29T20:12:15.8715419+05:30" endTime="2017-11-29T20:12:15.8871664+05:30" testType="13cdc9d9-ddb5-4fa4-a97d-d965ccfc6d4b" outcome="Passed" testListId="8c84fa94-04c1-424b-9868-57a2d4851a1d" relativeResultsDirectory="eb431019-d84f-4803-bc20-6fea6f1e39c3" />
    <UnitTestResult executionId="a8526311-742c-4229-ae85-8c453c540b42" testId="ae1b0e5a-9751-6ec2-a50c-37544beb22df" testName="MSTest_P2_736" computerName="NAVB3" duration="00:00:00.0000894" startTime="2017-11-29T20:12:15.8871664+05:30" endTime="2017-11-29T20:12:15.8871664+05:30" testType="13cdc9d9-ddb5-4fa4-a97d-d965ccfc6d4b" outcome="Passed" testListId="8c84fa94-04c1-424b-9868-57a2d4851a1d" relativeResultsDirectory="a8526311-742c-4229-ae85-8c453c540b42" />
    <UnitTestResult executionId="754c19a7-282c-4355-a99d-402f157f2ac6" testId="46201051-8998-885f-f96c-6e7e1db6ebbf" testName="MSTest_P2_737" computerName="NAVB3" duration="00:00:00.0000829" startTime="2017-11-29T20:12:15.8871664+05:30" endTime="2017-11-29T20:12:15.8871664+05:30" testType="13cdc9d9-ddb5-4fa4-a97d-d965ccfc6d4b" outcome="Passed" testListId="8c84fa94-04c1-424b-9868-57a2d4851a1d" relativeResultsDirectory="754c19a7-282c-4355-a99d-402f157f2ac6" />
    <UnitTestResult executionId="26b95a05-3f29-4a58-b498-d5fd8c8dbd95" testId="95479c3f-3365-f81a-28bd-bfc5cc121e21" testName="MSTest_P2_738" computerName="NAVB3" duration="00:00:00.0001574" startTime="2017-11-29T20:12:15.8871664+05:30" endTime="2017-11-29T20:12:15.8871664+05:30" testType="13cdc9d9-ddb5-4fa4-a97d-d965ccfc6d4b" outcome="Passed" testListId="8c84fa94-04c1-424b-9868-57a2d4851a1d" relativeResultsDirectory="26b95a05-3f29-4a58-b498-d5fd8c8dbd95" />
    <UnitTestResult executionId="b0d7c1ba-514e-42e7-87de-5000daacbd20" testId="9107236d-d734-f374-4ead-dfd7b705c5ba" testName="MSTest_P2_739" computerName="NAVB3" duration="00:00:00.0001351" startTime="2017-11-29T20:12:15.8871664+05:30" endTime="2017-11-29T20:12:15.8871664+05:30" testType="13cdc9d9-ddb5-4fa4-a97d-d965ccfc6d4b" outcome="Passed" testListId="8c84fa94-04c1-424b-9868-57a2d4851a1d" relativeResultsDirectory="b0d7c1ba-514e-42e7-87de-5000daacbd20" />
    <UnitTestResult executionId="f70a3a9f-6dc8-4ef7-9489-3a5e31e31dad" testId="95f8e000-3ba5-e2a7-1692-54b2972a33db" testName="MSTest_P2_740" computerName="NAVB3" duration="00:00:00.0001395" startTime="2017-11-29T20:12:15.8871664+05:30" endTime="2017-11-29T20:12:15.8871664+05:30" testType="13cdc9d9-ddb5-4fa4-a97d-d965ccfc6d4b" outcome="Passed" testListId="8c84fa94-04c1-424b-9868-57a2d4851a1d" relativeResultsDirectory="f70a3a9f-6dc8-4ef7-9489-3a5e31e31dad" />
    <UnitTestResult executionId="6942c3e0-49fc-4d06-bb2f-b68083610013" testId="e871f69c-166e-d899-2060-09cc2f7bdee0" testName="MSTest_P2_741" computerName="NAVB3" duration="00:00:00.0001316" startTime="2017-11-29T20:12:15.8871664+05:30" endTime="2017-11-29T20:12:15.8871664+05:30" testType="13cdc9d9-ddb5-4fa4-a97d-d965ccfc6d4b" outcome="Passed" testListId="8c84fa94-04c1-424b-9868-57a2d4851a1d" relativeResultsDirectory="6942c3e0-49fc-4d06-bb2f-b68083610013" />
    <UnitTestResult executionId="443b8be9-32a7-429b-96e2-fa7a6d10092b" testId="579cefdc-1285-49a6-5465-b30a2f09f831" testName="MSTest_P2_742" computerName="NAVB3" duration="00:00:00.0001137" startTime="2017-11-29T20:12:15.8871664+05:30" endTime="2017-11-29T20:12:15.8871664+05:30" testType="13cdc9d9-ddb5-4fa4-a97d-d965ccfc6d4b" outcome="Passed" testListId="8c84fa94-04c1-424b-9868-57a2d4851a1d" relativeResultsDirectory="443b8be9-32a7-429b-96e2-fa7a6d10092b" />
    <UnitTestResult executionId="4df780bf-88f4-4fd0-83f1-2bc6dd4abf71" testId="7b5fe27a-185c-b6c0-b856-dac5483bd5d8" testName="MSTest_P2_743" computerName="NAVB3" duration="00:00:00.0001152" startTime="2017-11-29T20:12:15.8871664+05:30" endTime="2017-11-29T20:12:15.8871664+05:30" testType="13cdc9d9-ddb5-4fa4-a97d-d965ccfc6d4b" outcome="Passed" testListId="8c84fa94-04c1-424b-9868-57a2d4851a1d" relativeResultsDirectory="4df780bf-88f4-4fd0-83f1-2bc6dd4abf71" />
    <UnitTestResult executionId="a4463779-94ab-4540-982e-6ceed05e3e5f" testId="a8a1177c-65d4-f665-d2f6-84b5f84d7826" testName="MSTest_P2_744" computerName="NAVB3" duration="00:00:00.0001085" startTime="2017-11-29T20:12:15.8871664+05:30" endTime="2017-11-29T20:12:15.8871664+05:30" testType="13cdc9d9-ddb5-4fa4-a97d-d965ccfc6d4b" outcome="Passed" testListId="8c84fa94-04c1-424b-9868-57a2d4851a1d" relativeResultsDirectory="a4463779-94ab-4540-982e-6ceed05e3e5f" />
    <UnitTestResult executionId="f4bf79ab-74a1-4b83-82bc-54098c9adba8" testId="7d6376a8-19a6-b812-8c3c-f3e9a6e14d5a" testName="MSTest_P2_745" computerName="NAVB3" duration="00:00:00.0001237" startTime="2017-11-29T20:12:15.8871664+05:30" endTime="2017-11-29T20:12:15.8871664+05:30" testType="13cdc9d9-ddb5-4fa4-a97d-d965ccfc6d4b" outcome="Passed" testListId="8c84fa94-04c1-424b-9868-57a2d4851a1d" relativeResultsDirectory="f4bf79ab-74a1-4b83-82bc-54098c9adba8" />
    <UnitTestResult executionId="4f6ca65f-6a4d-4966-b8ff-9948b63f5c21" testId="5a579627-9ef0-b996-872a-63ac1117a53a" testName="MSTest_P2_746" computerName="NAVB3" duration="00:00:00.0000997" startTime="2017-11-29T20:12:15.8871664+05:30" endTime="2017-11-29T20:12:15.8871664+05:30" testType="13cdc9d9-ddb5-4fa4-a97d-d965ccfc6d4b" outcome="Passed" testListId="8c84fa94-04c1-424b-9868-57a2d4851a1d" relativeResultsDirectory="4f6ca65f-6a4d-4966-b8ff-9948b63f5c21" />
    <UnitTestResult executionId="c285ab8c-d0b9-4556-a599-8d8eb1d9b1fd" testId="0ec68ff8-bcd6-2c1f-5582-11822f574a1b" testName="MSTest_P2_747" computerName="NAVB3" duration="00:00:00.0000891" startTime="2017-11-29T20:12:15.8871664+05:30" endTime="2017-11-29T20:12:15.8871664+05:30" testType="13cdc9d9-ddb5-4fa4-a97d-d965ccfc6d4b" outcome="Passed" testListId="8c84fa94-04c1-424b-9868-57a2d4851a1d" relativeResultsDirectory="c285ab8c-d0b9-4556-a599-8d8eb1d9b1fd" />
    <UnitTestResult executionId="be73c356-6b40-40a8-ad0a-76a00f802806" testId="66042806-c8a6-bd56-a38a-6786eac991dd" testName="MSTest_P2_748" computerName="NAVB3" duration="00:00:00.0000999" startTime="2017-11-29T20:12:15.8871664+05:30" endTime="2017-11-29T20:12:15.8871664+05:30" testType="13cdc9d9-ddb5-4fa4-a97d-d965ccfc6d4b" outcome="Passed" testListId="8c84fa94-04c1-424b-9868-57a2d4851a1d" relativeResultsDirectory="be73c356-6b40-40a8-ad0a-76a00f802806" />
    <UnitTestResult executionId="339cc815-e045-44aa-82fd-b13fe06f38cb" testId="6c3abf86-27c2-e58e-93b6-ed71048c4a53" testName="MSTest_P2_749" computerName="NAVB3" duration="00:00:00.0000903" startTime="2017-11-29T20:12:15.8871664+05:30" endTime="2017-11-29T20:12:15.8871664+05:30" testType="13cdc9d9-ddb5-4fa4-a97d-d965ccfc6d4b" outcome="Passed" testListId="8c84fa94-04c1-424b-9868-57a2d4851a1d" relativeResultsDirectory="339cc815-e045-44aa-82fd-b13fe06f38cb" />
    <UnitTestResult executionId="1610456b-c5e4-4a4d-bd12-242cb4187f77" testId="eae726ea-ad96-e1f1-c7ca-d531b520535a" testName="MSTest_P2_750" computerName="NAVB3" duration="00:00:00.0000894" startTime="2017-11-29T20:12:15.8871664+05:30" endTime="2017-11-29T20:12:15.8871664+05:30" testType="13cdc9d9-ddb5-4fa4-a97d-d965ccfc6d4b" outcome="Passed" testListId="8c84fa94-04c1-424b-9868-57a2d4851a1d" relativeResultsDirectory="1610456b-c5e4-4a4d-bd12-242cb4187f77" />
    <UnitTestResult executionId="8f6b25d0-ba4c-4816-b937-59dd1810c8a5" testId="6489cf79-7398-4703-1fb8-90649bb5e08a" testName="MSTest_P2_751" computerName="NAVB3" duration="00:00:00.0000920" startTime="2017-11-29T20:12:15.8871664+05:30" endTime="2017-11-29T20:12:15.8871664+05:30" testType="13cdc9d9-ddb5-4fa4-a97d-d965ccfc6d4b" outcome="Passed" testListId="8c84fa94-04c1-424b-9868-57a2d4851a1d" relativeResultsDirectory="8f6b25d0-ba4c-4816-b937-59dd1810c8a5" />
    <UnitTestResult executionId="c0ace125-f0a6-4e38-946d-b6f345c59ccc" testId="fb86bbe9-b22e-d56e-a772-aac14a596077" testName="MSTest_P2_752" computerName="NAVB3" duration="00:00:00.0000891" startTime="2017-11-29T20:12:15.8871664+05:30" endTime="2017-11-29T20:12:15.8871664+05:30" testType="13cdc9d9-ddb5-4fa4-a97d-d965ccfc6d4b" outcome="Passed" testListId="8c84fa94-04c1-424b-9868-57a2d4851a1d" relativeResultsDirectory="c0ace125-f0a6-4e38-946d-b6f345c59ccc" />
    <UnitTestResult executionId="e6632888-2e09-4128-8576-b2c673823f94" testId="42a10cab-52d6-2423-2dbb-2f996d386821" testName="MSTest_P2_753" computerName="NAVB3" duration="00:00:00.0000882" startTime="2017-11-29T20:12:15.8871664+05:30" endTime="2017-11-29T20:12:15.8871664+05:30" testType="13cdc9d9-ddb5-4fa4-a97d-d965ccfc6d4b" outcome="Passed" testListId="8c84fa94-04c1-424b-9868-57a2d4851a1d" relativeResultsDirectory="e6632888-2e09-4128-8576-b2c673823f94" />
    <UnitTestResult executionId="bac682a7-cdc1-486a-b5a6-530dc476663c" testId="6105d136-097e-2af1-996a-858985393c60" testName="MSTest_P2_754" computerName="NAVB3" duration="00:00:00.0000903" startTime="2017-11-29T20:12:15.8871664+05:30" endTime="2017-11-29T20:12:15.8871664+05:30" testType="13cdc9d9-ddb5-4fa4-a97d-d965ccfc6d4b" outcome="Passed" testListId="8c84fa94-04c1-424b-9868-57a2d4851a1d" relativeResultsDirectory="bac682a7-cdc1-486a-b5a6-530dc476663c" />
    <UnitTestResult executionId="90af0cdd-64a8-41f5-8088-2adb6cdd9725" testId="2f10f867-42dc-5abf-9137-8ff312c22506" testName="MSTest_P2_755" computerName="NAVB3" duration="00:00:00.0000879" startTime="2017-11-29T20:12:15.8871664+05:30" endTime="2017-11-29T20:12:15.8871664+05:30" testType="13cdc9d9-ddb5-4fa4-a97d-d965ccfc6d4b" outcome="Passed" testListId="8c84fa94-04c1-424b-9868-57a2d4851a1d" relativeResultsDirectory="90af0cdd-64a8-41f5-8088-2adb6cdd9725" />
    <UnitTestResult executionId="432b9d81-353d-45f9-b33e-8fa505ce97a2" testId="d4f57a1a-368c-f019-fb17-a0e7731624b1" testName="MSTest_P2_756" computerName="NAVB3" duration="00:00:00.0000868" startTime="2017-11-29T20:12:15.8871664+05:30" endTime="2017-11-29T20:12:15.8871664+05:30" testType="13cdc9d9-ddb5-4fa4-a97d-d965ccfc6d4b" outcome="Passed" testListId="8c84fa94-04c1-424b-9868-57a2d4851a1d" relativeResultsDirectory="432b9d81-353d-45f9-b33e-8fa505ce97a2" />
    <UnitTestResult executionId="f769f0df-3901-4a18-b8dd-8ccfc40d567f" testId="9092dab4-904e-9739-f876-0b245e77c9c7" testName="MSTest_P2_757" computerName="NAVB3" duration="00:00:00.0000850" startTime="2017-11-29T20:12:15.8871664+05:30" endTime="2017-11-29T20:12:15.8871664+05:30" testType="13cdc9d9-ddb5-4fa4-a97d-d965ccfc6d4b" outcome="Passed" testListId="8c84fa94-04c1-424b-9868-57a2d4851a1d" relativeResultsDirectory="f769f0df-3901-4a18-b8dd-8ccfc40d567f" />
    <UnitTestResult executionId="69c6db7c-84a4-4eda-9c05-ba4e470181d9" testId="02fd2bfc-16a5-c887-4e9e-ab959744df30" testName="MSTest_P2_758" computerName="NAVB3" duration="00:00:00.0000797" startTime="2017-11-29T20:12:15.8871664+05:30" endTime="2017-11-29T20:12:15.8871664+05:30" testType="13cdc9d9-ddb5-4fa4-a97d-d965ccfc6d4b" outcome="Passed" testListId="8c84fa94-04c1-424b-9868-57a2d4851a1d" relativeResultsDirectory="69c6db7c-84a4-4eda-9c05-ba4e470181d9" />
    <UnitTestResult executionId="4f51f556-3cce-4edf-a29a-fe392f85c560" testId="883d8df5-a937-843c-875c-56710586893b" testName="MSTest_P2_759" computerName="NAVB3" duration="00:00:00.0000815" startTime="2017-11-29T20:12:15.8871664+05:30" endTime="2017-11-29T20:12:15.8871664+05:30" testType="13cdc9d9-ddb5-4fa4-a97d-d965ccfc6d4b" outcome="Passed" testListId="8c84fa94-04c1-424b-9868-57a2d4851a1d" relativeResultsDirectory="4f51f556-3cce-4edf-a29a-fe392f85c560" />
    <UnitTestResult executionId="120c8744-a7af-4070-8190-727b239f0010" testId="ad15feb4-f8fd-7a5b-4855-197bcbe1921d" testName="MSTest_P2_760" computerName="NAVB3" duration="00:00:00.0000859" startTime="2017-11-29T20:12:15.8871664+05:30" endTime="2017-11-29T20:12:15.8871664+05:30" testType="13cdc9d9-ddb5-4fa4-a97d-d965ccfc6d4b" outcome="Passed" testListId="8c84fa94-04c1-424b-9868-57a2d4851a1d" relativeResultsDirectory="120c8744-a7af-4070-8190-727b239f0010" />
    <UnitTestResult executionId="07fff117-24db-4832-a050-1cba6ad13f7f" testId="c73bedc8-3b2e-54e6-a4da-2f94dce108d2" testName="MSTest_P2_761" computerName="NAVB3" duration="00:00:00.0000806" startTime="2017-11-29T20:12:15.8871664+05:30" endTime="2017-11-29T20:12:15.8871664+05:30" testType="13cdc9d9-ddb5-4fa4-a97d-d965ccfc6d4b" outcome="Passed" testListId="8c84fa94-04c1-424b-9868-57a2d4851a1d" relativeResultsDirectory="07fff117-24db-4832-a050-1cba6ad13f7f" />
    <UnitTestResult executionId="c94a5f0d-8612-4c59-ab37-9aee9f624211" testId="4dcfd13e-e80d-3ae2-2685-11e971133d7e" testName="MSTest_P2_762" computerName="NAVB3" duration="00:00:00.0000809" startTime="2017-11-29T20:12:15.8871664+05:30" endTime="2017-11-29T20:12:15.8871664+05:30" testType="13cdc9d9-ddb5-4fa4-a97d-d965ccfc6d4b" outcome="Passed" testListId="8c84fa94-04c1-424b-9868-57a2d4851a1d" relativeResultsDirectory="c94a5f0d-8612-4c59-ab37-9aee9f624211" />
    <UnitTestResult executionId="0ff6dcd6-759c-4c79-8de5-be84ca4415df" testId="639496c7-388a-a84a-e23f-567d9798eca7" testName="MSTest_P2_763" computerName="NAVB3" duration="00:00:00.0000797" startTime="2017-11-29T20:12:15.8871664+05:30" endTime="2017-11-29T20:12:15.8871664+05:30" testType="13cdc9d9-ddb5-4fa4-a97d-d965ccfc6d4b" outcome="Passed" testListId="8c84fa94-04c1-424b-9868-57a2d4851a1d" relativeResultsDirectory="0ff6dcd6-759c-4c79-8de5-be84ca4415df" />
    <UnitTestResult executionId="c26e7c90-60d2-47dd-be23-3eb0d6cd9736" testId="297bf8b1-3a76-8c37-94a7-3d459e5d6d22" testName="MSTest_P2_764" computerName="NAVB3" duration="00:00:00.0000806" startTime="2017-11-29T20:12:15.8871664+05:30" endTime="2017-11-29T20:12:15.8871664+05:30" testType="13cdc9d9-ddb5-4fa4-a97d-d965ccfc6d4b" outcome="Passed" testListId="8c84fa94-04c1-424b-9868-57a2d4851a1d" relativeResultsDirectory="c26e7c90-60d2-47dd-be23-3eb0d6cd9736" />
    <UnitTestResult executionId="45c26984-71d4-4edd-90f4-9f23190950b6" testId="fcda3bf5-d946-ffb2-7dec-1a9a6c8e3bbd" testName="MSTest_P2_765" computerName="NAVB3" duration="00:00:00.0000806" startTime="2017-11-29T20:12:15.8871664+05:30" endTime="2017-11-29T20:12:15.8871664+05:30" testType="13cdc9d9-ddb5-4fa4-a97d-d965ccfc6d4b" outcome="Passed" testListId="8c84fa94-04c1-424b-9868-57a2d4851a1d" relativeResultsDirectory="45c26984-71d4-4edd-90f4-9f23190950b6" />
    <UnitTestResult executionId="c1b140ad-176a-4152-a80c-d1314dfbefe5" testId="69e2a4d3-1b28-a643-4107-b791dbef4d7f" testName="MSTest_P2_596" computerName="NAVB3" duration="00:00:00.0000806" startTime="2017-11-29T20:12:15.8871664+05:30" endTime="2017-11-29T20:12:15.8871664+05:30" testType="13cdc9d9-ddb5-4fa4-a97d-d965ccfc6d4b" outcome="Passed" testListId="8c84fa94-04c1-424b-9868-57a2d4851a1d" relativeResultsDirectory="c1b140ad-176a-4152-a80c-d1314dfbefe5" />
    <UnitTestResult executionId="228d6b75-f954-492c-8ca4-c70d9d202ec7" testId="f32b48a1-9dba-8cf3-587d-95d6253b660e" testName="MSTest_P2_597" computerName="NAVB3" duration="00:00:00.0000809" startTime="2017-11-29T20:12:15.8871664+05:30" endTime="2017-11-29T20:12:15.8871664+05:30" testType="13cdc9d9-ddb5-4fa4-a97d-d965ccfc6d4b" outcome="Passed" testListId="8c84fa94-04c1-424b-9868-57a2d4851a1d" relativeResultsDirectory="228d6b75-f954-492c-8ca4-c70d9d202ec7" />
    <UnitTestResult executionId="3ed18c2b-95d8-4cdb-8b88-93e5b3a68262" testId="76becc9e-1e4c-85c9-a191-07e6217ba6f5" testName="MSTest_P2_598" computerName="NAVB3" duration="00:00:00.0000809" startTime="2017-11-29T20:12:15.8871664+05:30" endTime="2017-11-29T20:12:15.8871664+05:30" testType="13cdc9d9-ddb5-4fa4-a97d-d965ccfc6d4b" outcome="Passed" testListId="8c84fa94-04c1-424b-9868-57a2d4851a1d" relativeResultsDirectory="3ed18c2b-95d8-4cdb-8b88-93e5b3a68262" />
    <UnitTestResult executionId="3c72624c-bd7a-4876-b26d-f9b88ba64153" testId="601fdee9-f223-768f-8645-d728cc96933e" testName="MSTest_P2_599" computerName="NAVB3" duration="00:00:00.0000821" startTime="2017-11-29T20:12:15.8871664+05:30" endTime="2017-11-29T20:12:15.8871664+05:30" testType="13cdc9d9-ddb5-4fa4-a97d-d965ccfc6d4b" outcome="Passed" testListId="8c84fa94-04c1-424b-9868-57a2d4851a1d" relativeResultsDirectory="3c72624c-bd7a-4876-b26d-f9b88ba64153" />
    <UnitTestResult executionId="9f318a08-41a0-4f83-93cd-ad61b1065bb6" testId="7bc0bbeb-61dd-1dbf-6a3f-a983237cd5ef" testName="MSTest_P2_600" computerName="NAVB3" duration="00:00:00.0000815" startTime="2017-11-29T20:12:15.8871664+05:30" endTime="2017-11-29T20:12:15.8871664+05:30" testType="13cdc9d9-ddb5-4fa4-a97d-d965ccfc6d4b" outcome="Passed" testListId="8c84fa94-04c1-424b-9868-57a2d4851a1d" relativeResultsDirectory="9f318a08-41a0-4f83-93cd-ad61b1065bb6" />
    <UnitTestResult executionId="58f061a4-d794-4d5d-9f46-5ac2621d88ab" testId="391cd4ba-c48b-0b4e-8a3e-53e402099f58" testName="MSTest_P2_601" computerName="NAVB3" duration="00:00:00.0000912" startTime="2017-11-29T20:12:15.8871664+05:30" endTime="2017-11-29T20:12:15.8871664+05:30" testType="13cdc9d9-ddb5-4fa4-a97d-d965ccfc6d4b" outcome="Passed" testListId="8c84fa94-04c1-424b-9868-57a2d4851a1d" relativeResultsDirectory="58f061a4-d794-4d5d-9f46-5ac2621d88ab" />
    <UnitTestResult executionId="55efa008-69a3-4f4a-a398-2306f3c2f20b" testId="18e51b80-8f0a-97fd-f36b-65341c3d019b" testName="MSTest_P2_602" computerName="NAVB3" duration="00:00:00.0000815" startTime="2017-11-29T20:12:15.8871664+05:30" endTime="2017-11-29T20:12:15.8871664+05:30" testType="13cdc9d9-ddb5-4fa4-a97d-d965ccfc6d4b" outcome="Passed" testListId="8c84fa94-04c1-424b-9868-57a2d4851a1d" relativeResultsDirectory="55efa008-69a3-4f4a-a398-2306f3c2f20b" />
    <UnitTestResult executionId="e1dbeafc-416a-45cd-90cc-b95a17616f18" testId="a421e850-c287-4788-1489-affb91c8724e" testName="MSTest_P2_603" computerName="NAVB3" duration="00:00:00.0000818" startTime="2017-11-29T20:12:15.8871664+05:30" endTime="2017-11-29T20:12:15.8871664+05:30" testType="13cdc9d9-ddb5-4fa4-a97d-d965ccfc6d4b" outcome="Passed" testListId="8c84fa94-04c1-424b-9868-57a2d4851a1d" relativeResultsDirectory="e1dbeafc-416a-45cd-90cc-b95a17616f18" />
    <UnitTestResult executionId="e661cc7c-0246-4431-bc12-1c46bb263122" testId="d75321e8-0e5a-80fb-c42d-dd5e0a0950e9" testName="MSTest_P2_604" computerName="NAVB3" duration="00:00:00.0000803" startTime="2017-11-29T20:12:15.8871664+05:30" endTime="2017-11-29T20:12:15.8871664+05:30" testType="13cdc9d9-ddb5-4fa4-a97d-d965ccfc6d4b" outcome="Passed" testListId="8c84fa94-04c1-424b-9868-57a2d4851a1d" relativeResultsDirectory="e661cc7c-0246-4431-bc12-1c46bb263122" />
    <UnitTestResult executionId="28bc45d1-f8e8-4bb1-a28a-ee47d3681076" testId="034b013a-a81a-ad66-663b-4a11db95f39e" testName="MSTest_P2_605" computerName="NAVB3" duration="00:00:00.0000800" startTime="2017-11-29T20:12:15.8871664+05:30" endTime="2017-11-29T20:12:15.8871664+05:30" testType="13cdc9d9-ddb5-4fa4-a97d-d965ccfc6d4b" outcome="Passed" testListId="8c84fa94-04c1-424b-9868-57a2d4851a1d" relativeResultsDirectory="28bc45d1-f8e8-4bb1-a28a-ee47d3681076" />
    <UnitTestResult executionId="63a06e20-9526-4d0c-83dc-e524e00b7114" testId="4b79d86c-13be-8c44-a83b-e4778b52ca96" testName="MSTest_P2_606" computerName="NAVB3" duration="00:00:00.0000809" startTime="2017-11-29T20:12:15.8871664+05:30" endTime="2017-11-29T20:12:15.8871664+05:30" testType="13cdc9d9-ddb5-4fa4-a97d-d965ccfc6d4b" outcome="Passed" testListId="8c84fa94-04c1-424b-9868-57a2d4851a1d" relativeResultsDirectory="63a06e20-9526-4d0c-83dc-e524e00b7114" />
    <UnitTestResult executionId="ea045251-b601-487b-8638-b98a22f4ee3e" testId="ab8b2bdc-fcdf-a227-9aa9-2de69a4f993d" testName="MSTest_P2_607" computerName="NAVB3" duration="00:00:00.0000812" startTime="2017-11-29T20:12:15.8871664+05:30" endTime="2017-11-29T20:12:15.8871664+05:30" testType="13cdc9d9-ddb5-4fa4-a97d-d965ccfc6d4b" outcome="Passed" testListId="8c84fa94-04c1-424b-9868-57a2d4851a1d" relativeResultsDirectory="ea045251-b601-487b-8638-b98a22f4ee3e" />
    <UnitTestResult executionId="3ebbc992-72f8-4e8b-b8f5-7cb4aec4dea1" testId="068d3dbd-f792-4a74-80fd-4b276c449dbd" testName="MSTest_P2_608" computerName="NAVB3" duration="00:00:00.0000809" startTime="2017-11-29T20:12:15.8871664+05:30" endTime="2017-11-29T20:12:15.8871664+05:30" testType="13cdc9d9-ddb5-4fa4-a97d-d965ccfc6d4b" outcome="Passed" testListId="8c84fa94-04c1-424b-9868-57a2d4851a1d" relativeResultsDirectory="3ebbc992-72f8-4e8b-b8f5-7cb4aec4dea1" />
    <UnitTestResult executionId="a91350b2-5cc0-4ff2-b4d9-a2c0669e5353" testId="a522e917-770e-f5b4-c711-d74ff56893b7" testName="MSTest_P2_609" computerName="NAVB3" duration="00:00:00.0000806" startTime="2017-11-29T20:12:15.8871664+05:30" endTime="2017-11-29T20:12:15.8871664+05:30" testType="13cdc9d9-ddb5-4fa4-a97d-d965ccfc6d4b" outcome="Passed" testListId="8c84fa94-04c1-424b-9868-57a2d4851a1d" relativeResultsDirectory="a91350b2-5cc0-4ff2-b4d9-a2c0669e5353" />
    <UnitTestResult executionId="e7fdfa63-7e84-4545-a406-c0808580412f" testId="f8f7b224-085f-34b4-7c2b-3e82bf61f9e6" testName="MSTest_P2_610" computerName="NAVB3" duration="00:00:00.0000800" startTime="2017-11-29T20:12:15.8871664+05:30" endTime="2017-11-29T20:12:15.8871664+05:30" testType="13cdc9d9-ddb5-4fa4-a97d-d965ccfc6d4b" outcome="Passed" testListId="8c84fa94-04c1-424b-9868-57a2d4851a1d" relativeResultsDirectory="e7fdfa63-7e84-4545-a406-c0808580412f" />
    <UnitTestResult executionId="d8a8efb0-7959-456b-bede-9c4a91f5c1ba" testId="8473d434-297b-838f-63b6-6e231f7ca144" testName="MSTest_P2_611" computerName="NAVB3" duration="00:00:00.0000812" startTime="2017-11-29T20:12:15.8871664+05:30" endTime="2017-11-29T20:12:15.8871664+05:30" testType="13cdc9d9-ddb5-4fa4-a97d-d965ccfc6d4b" outcome="Passed" testListId="8c84fa94-04c1-424b-9868-57a2d4851a1d" relativeResultsDirectory="d8a8efb0-7959-456b-bede-9c4a91f5c1ba" />
    <UnitTestResult executionId="e885987a-fdcb-4b0a-8698-08049d4baaa3" testId="abe00e23-df5b-5f75-6989-af961829c440" testName="MSTest_P2_612" computerName="NAVB3" duration="00:00:00.0000815" startTime="2017-11-29T20:12:15.8871664+05:30" endTime="2017-11-29T20:12:15.8871664+05:30" testType="13cdc9d9-ddb5-4fa4-a97d-d965ccfc6d4b" outcome="Passed" testListId="8c84fa94-04c1-424b-9868-57a2d4851a1d" relativeResultsDirectory="e885987a-fdcb-4b0a-8698-08049d4baaa3" />
    <UnitTestResult executionId="c9910d85-988a-4daa-b61b-591d352f4ac7" testId="e57a6700-807c-7140-e9f8-1569c0bdd6f3" testName="MSTest_P2_613" computerName="NAVB3" duration="00:00:00.0000818" startTime="2017-11-29T20:12:15.8871664+05:30" endTime="2017-11-29T20:12:15.8871664+05:30" testType="13cdc9d9-ddb5-4fa4-a97d-d965ccfc6d4b" outcome="Passed" testListId="8c84fa94-04c1-424b-9868-57a2d4851a1d" relativeResultsDirectory="c9910d85-988a-4daa-b61b-591d352f4ac7" />
    <UnitTestResult executionId="031c0bbc-cf02-4880-8e3a-39ad898772c1" testId="709f3ad7-4e19-8615-d7df-07ba30361371" testName="MSTest_P2_614" computerName="NAVB3" duration="00:00:00.0001598" startTime="2017-11-29T20:12:15.8871664+05:30" endTime="2017-11-29T20:12:15.9027933+05:30" testType="13cdc9d9-ddb5-4fa4-a97d-d965ccfc6d4b" outcome="Passed" testListId="8c84fa94-04c1-424b-9868-57a2d4851a1d" relativeResultsDirectory="031c0bbc-cf02-4880-8e3a-39ad898772c1" />
    <UnitTestResult executionId="702f35a0-140b-47a1-9420-35f12ceaf1f1" testId="815df831-608b-a7d8-9c28-fa416168dea4" testName="MSTest_P2_615" computerName="NAVB3" duration="00:00:00.0000865" startTime="2017-11-29T20:12:15.9027933+05:30" endTime="2017-11-29T20:12:15.9027933+05:30" testType="13cdc9d9-ddb5-4fa4-a97d-d965ccfc6d4b" outcome="Passed" testListId="8c84fa94-04c1-424b-9868-57a2d4851a1d" relativeResultsDirectory="702f35a0-140b-47a1-9420-35f12ceaf1f1" />
    <UnitTestResult executionId="0402add7-ae64-4fb0-8318-b871dce616cd" testId="e23a3200-450c-a180-bf2d-b14626d87370" testName="MSTest_P2_616" computerName="NAVB3" duration="00:00:00.0000961" startTime="2017-11-29T20:12:15.9027933+05:30" endTime="2017-11-29T20:12:15.9027933+05:30" testType="13cdc9d9-ddb5-4fa4-a97d-d965ccfc6d4b" outcome="Passed" testListId="8c84fa94-04c1-424b-9868-57a2d4851a1d" relativeResultsDirectory="0402add7-ae64-4fb0-8318-b871dce616cd" />
    <UnitTestResult executionId="bbd599cc-9d1d-468a-a1b3-b42cc1d0f090" testId="efcaab1a-d58c-01f3-aaa5-0796b92e35c8" testName="MSTest_P2_617" computerName="NAVB3" duration="00:00:00.0000947" startTime="2017-11-29T20:12:15.9027933+05:30" endTime="2017-11-29T20:12:15.9027933+05:30" testType="13cdc9d9-ddb5-4fa4-a97d-d965ccfc6d4b" outcome="Passed" testListId="8c84fa94-04c1-424b-9868-57a2d4851a1d" relativeResultsDirectory="bbd599cc-9d1d-468a-a1b3-b42cc1d0f090" />
    <UnitTestResult executionId="ec24fb2e-b045-4c83-a57b-0520517eb79f" testId="0fdedd46-6834-8598-ebf3-651f4b30d69a" testName="MSTest_P2_618" computerName="NAVB3" duration="00:00:00.0000941" startTime="2017-11-29T20:12:15.9027933+05:30" endTime="2017-11-29T20:12:15.9027933+05:30" testType="13cdc9d9-ddb5-4fa4-a97d-d965ccfc6d4b" outcome="Passed" testListId="8c84fa94-04c1-424b-9868-57a2d4851a1d" relativeResultsDirectory="ec24fb2e-b045-4c83-a57b-0520517eb79f" />
    <UnitTestResult executionId="72d99d34-60e3-4e53-b706-407c67508ebc" testId="1b93e0bb-33ed-dd7a-4968-e35c3504d6a8" testName="MSTest_P2_619" computerName="NAVB3" duration="00:00:00.0000917" startTime="2017-11-29T20:12:15.9027933+05:30" endTime="2017-11-29T20:12:15.9027933+05:30" testType="13cdc9d9-ddb5-4fa4-a97d-d965ccfc6d4b" outcome="Passed" testListId="8c84fa94-04c1-424b-9868-57a2d4851a1d" relativeResultsDirectory="72d99d34-60e3-4e53-b706-407c67508ebc" />
    <UnitTestResult executionId="43a62857-a38a-46a7-8cb1-6f59dc3034cd" testId="93f295d6-8e86-df7b-fa00-b500211f45da" testName="MSTest_P2_620" computerName="NAVB3" duration="00:00:00.0000809" startTime="2017-11-29T20:12:15.9027933+05:30" endTime="2017-11-29T20:12:15.9027933+05:30" testType="13cdc9d9-ddb5-4fa4-a97d-d965ccfc6d4b" outcome="Passed" testListId="8c84fa94-04c1-424b-9868-57a2d4851a1d" relativeResultsDirectory="43a62857-a38a-46a7-8cb1-6f59dc3034cd" />
    <UnitTestResult executionId="9190c536-fee3-4a5b-a057-53f9a9cb847a" testId="b6384f39-b3d4-de2f-a83f-b06426b33ab0" testName="MSTest_P2_621" computerName="NAVB3" duration="00:00:00.0000876" startTime="2017-11-29T20:12:15.9027933+05:30" endTime="2017-11-29T20:12:15.9027933+05:30" testType="13cdc9d9-ddb5-4fa4-a97d-d965ccfc6d4b" outcome="Passed" testListId="8c84fa94-04c1-424b-9868-57a2d4851a1d" relativeResultsDirectory="9190c536-fee3-4a5b-a057-53f9a9cb847a" />
    <UnitTestResult executionId="7e43a156-d1ad-493b-86c7-aaff336f613f" testId="71e647b9-b3e6-2b31-24b9-2273003b38e4" testName="MSTest_P2_622" computerName="NAVB3" duration="00:00:00.0000794" startTime="2017-11-29T20:12:15.9027933+05:30" endTime="2017-11-29T20:12:15.9027933+05:30" testType="13cdc9d9-ddb5-4fa4-a97d-d965ccfc6d4b" outcome="Passed" testListId="8c84fa94-04c1-424b-9868-57a2d4851a1d" relativeResultsDirectory="7e43a156-d1ad-493b-86c7-aaff336f613f" />
    <UnitTestResult executionId="c4fa3955-8853-4e68-8df4-dbed5a8dd6bb" testId="b23fbb20-fbb6-28da-dab1-c344c6d03b58" testName="MSTest_P2_623" computerName="NAVB3" duration="00:00:00.0000812" startTime="2017-11-29T20:12:15.9027933+05:30" endTime="2017-11-29T20:12:15.9027933+05:30" testType="13cdc9d9-ddb5-4fa4-a97d-d965ccfc6d4b" outcome="Passed" testListId="8c84fa94-04c1-424b-9868-57a2d4851a1d" relativeResultsDirectory="c4fa3955-8853-4e68-8df4-dbed5a8dd6bb" />
    <UnitTestResult executionId="a8fd5893-bf7f-49f5-b117-bdb9ea43b369" testId="b5d84d04-24a2-eb33-edd6-025bff392c00" testName="MSTest_P2_624" computerName="NAVB3" duration="00:00:00.0000797" startTime="2017-11-29T20:12:15.9027933+05:30" endTime="2017-11-29T20:12:15.9027933+05:30" testType="13cdc9d9-ddb5-4fa4-a97d-d965ccfc6d4b" outcome="Passed" testListId="8c84fa94-04c1-424b-9868-57a2d4851a1d" relativeResultsDirectory="a8fd5893-bf7f-49f5-b117-bdb9ea43b369" />
    <UnitTestResult executionId="15f77017-6d92-44ea-9b57-2f68faaac7df" testId="ee0027fb-4759-9ed1-4aca-5847f80c07d1" testName="MSTest_P2_625" computerName="NAVB3" duration="00:00:00.0000812" startTime="2017-11-29T20:12:15.9027933+05:30" endTime="2017-11-29T20:12:15.9027933+05:30" testType="13cdc9d9-ddb5-4fa4-a97d-d965ccfc6d4b" outcome="Passed" testListId="8c84fa94-04c1-424b-9868-57a2d4851a1d" relativeResultsDirectory="15f77017-6d92-44ea-9b57-2f68faaac7df" />
    <UnitTestResult executionId="b8672f16-bd9e-43d3-a632-1c10faa1fda8" testId="a92118ae-2875-7edc-c322-7d5e85972741" testName="MSTest_P2_626" computerName="NAVB3" duration="00:00:00.0000821" startTime="2017-11-29T20:12:15.9027933+05:30" endTime="2017-11-29T20:12:15.9027933+05:30" testType="13cdc9d9-ddb5-4fa4-a97d-d965ccfc6d4b" outcome="Passed" testListId="8c84fa94-04c1-424b-9868-57a2d4851a1d" relativeResultsDirectory="b8672f16-bd9e-43d3-a632-1c10faa1fda8" />
    <UnitTestResult executionId="cce6891d-76ee-43f4-b996-2b384dd309fb" testId="8c2c804c-8aad-6d08-b0ae-d985017cb328" testName="MSTest_P2_627" computerName="NAVB3" duration="00:00:00.0000812" startTime="2017-11-29T20:12:15.9027933+05:30" endTime="2017-11-29T20:12:15.9027933+05:30" testType="13cdc9d9-ddb5-4fa4-a97d-d965ccfc6d4b" outcome="Passed" testListId="8c84fa94-04c1-424b-9868-57a2d4851a1d" relativeResultsDirectory="cce6891d-76ee-43f4-b996-2b384dd309fb" />
    <UnitTestResult executionId="91210401-8cc2-4d88-8960-dcce56c859dc" testId="1dff61d3-34c0-5ac1-dca2-cb7ce7ae9edd" testName="MSTest_P2_628" computerName="NAVB3" duration="00:00:00.0000806" startTime="2017-11-29T20:12:15.9027933+05:30" endTime="2017-11-29T20:12:15.9027933+05:30" testType="13cdc9d9-ddb5-4fa4-a97d-d965ccfc6d4b" outcome="Passed" testListId="8c84fa94-04c1-424b-9868-57a2d4851a1d" relativeResultsDirectory="91210401-8cc2-4d88-8960-dcce56c859dc" />
    <UnitTestResult executionId="e5011e32-087a-4748-b8e3-3827a9b95b6f" testId="0e5b3111-01f7-b24a-6810-1a9402cdc605" testName="MSTest_P2_629" computerName="NAVB3" duration="00:00:00.0000806" startTime="2017-11-29T20:12:15.9027933+05:30" endTime="2017-11-29T20:12:15.9027933+05:30" testType="13cdc9d9-ddb5-4fa4-a97d-d965ccfc6d4b" outcome="Passed" testListId="8c84fa94-04c1-424b-9868-57a2d4851a1d" relativeResultsDirectory="e5011e32-087a-4748-b8e3-3827a9b95b6f" />
    <UnitTestResult executionId="f87ce030-da58-4a4d-8ecc-5aa90e33937a" testId="601153eb-5271-665b-436d-f187a3541d40" testName="MSTest_P2_630" computerName="NAVB3" duration="00:00:00.0000809" startTime="2017-11-29T20:12:15.9027933+05:30" endTime="2017-11-29T20:12:15.9027933+05:30" testType="13cdc9d9-ddb5-4fa4-a97d-d965ccfc6d4b" outcome="Passed" testListId="8c84fa94-04c1-424b-9868-57a2d4851a1d" relativeResultsDirectory="f87ce030-da58-4a4d-8ecc-5aa90e33937a" />
    <UnitTestResult executionId="42815345-3c43-47e1-bceb-4ed96aac7097" testId="150ce5c0-ec6f-a8a5-92e5-bb1a3bd6ce85" testName="MSTest_P2_631" computerName="NAVB3" duration="00:00:00.0000809" startTime="2017-11-29T20:12:15.9027933+05:30" endTime="2017-11-29T20:12:15.9027933+05:30" testType="13cdc9d9-ddb5-4fa4-a97d-d965ccfc6d4b" outcome="Passed" testListId="8c84fa94-04c1-424b-9868-57a2d4851a1d" relativeResultsDirectory="42815345-3c43-47e1-bceb-4ed96aac7097" />
    <UnitTestResult executionId="44f1b282-05c5-4bec-ba81-f40ab547fc7c" testId="85999ceb-c7e0-9b54-df39-198a5f4bb935" testName="MSTest_P2_632" computerName="NAVB3" duration="00:00:00.0000815" startTime="2017-11-29T20:12:15.9027933+05:30" endTime="2017-11-29T20:12:15.9027933+05:30" testType="13cdc9d9-ddb5-4fa4-a97d-d965ccfc6d4b" outcome="Passed" testListId="8c84fa94-04c1-424b-9868-57a2d4851a1d" relativeResultsDirectory="44f1b282-05c5-4bec-ba81-f40ab547fc7c" />
    <UnitTestResult executionId="c9e4a7c2-c238-4580-ba8e-9ba258d642d9" testId="4919b0df-aa86-3ff5-5c9d-2d9e132274a2" testName="MSTest_P2_633" computerName="NAVB3" duration="00:00:00.0000803" startTime="2017-11-29T20:12:15.9027933+05:30" endTime="2017-11-29T20:12:15.9027933+05:30" testType="13cdc9d9-ddb5-4fa4-a97d-d965ccfc6d4b" outcome="Passed" testListId="8c84fa94-04c1-424b-9868-57a2d4851a1d" relativeResultsDirectory="c9e4a7c2-c238-4580-ba8e-9ba258d642d9" />
    <UnitTestResult executionId="2d135123-ec01-4a50-ac0b-77c0bf730b74" testId="7b4171ae-a03d-93ff-7c69-5778e77fd552" testName="MSTest_P2_634" computerName="NAVB3" duration="00:00:00.0000806" startTime="2017-11-29T20:12:15.9027933+05:30" endTime="2017-11-29T20:12:15.9027933+05:30" testType="13cdc9d9-ddb5-4fa4-a97d-d965ccfc6d4b" outcome="Passed" testListId="8c84fa94-04c1-424b-9868-57a2d4851a1d" relativeResultsDirectory="2d135123-ec01-4a50-ac0b-77c0bf730b74" />
    <UnitTestResult executionId="afbba840-14d6-4ad9-a13b-4bf4204863b4" testId="17b7c848-bd3d-0746-890b-7f7afd0444b6" testName="MSTest_P2_635" computerName="NAVB3" duration="00:00:00.0000809" startTime="2017-11-29T20:12:15.9027933+05:30" endTime="2017-11-29T20:12:15.9027933+05:30" testType="13cdc9d9-ddb5-4fa4-a97d-d965ccfc6d4b" outcome="Passed" testListId="8c84fa94-04c1-424b-9868-57a2d4851a1d" relativeResultsDirectory="afbba840-14d6-4ad9-a13b-4bf4204863b4" />
    <UnitTestResult executionId="86d763a8-2ea9-487d-86c0-e5f14faef621" testId="aae4fb24-f554-3152-a299-2f303061b61e" testName="MSTest_P2_636" computerName="NAVB3" duration="00:00:00.0000815" startTime="2017-11-29T20:12:15.9027933+05:30" endTime="2017-11-29T20:12:15.9027933+05:30" testType="13cdc9d9-ddb5-4fa4-a97d-d965ccfc6d4b" outcome="Passed" testListId="8c84fa94-04c1-424b-9868-57a2d4851a1d" relativeResultsDirectory="86d763a8-2ea9-487d-86c0-e5f14faef621" />
    <UnitTestResult executionId="bac54d08-8b50-49c1-8795-3c8af9a8bfd8" testId="33ba377d-e68f-5080-8ea9-4564c579f416" testName="MSTest_P2_637" computerName="NAVB3" duration="00:00:00.0000806" startTime="2017-11-29T20:12:15.9027933+05:30" endTime="2017-11-29T20:12:15.9027933+05:30" testType="13cdc9d9-ddb5-4fa4-a97d-d965ccfc6d4b" outcome="Passed" testListId="8c84fa94-04c1-424b-9868-57a2d4851a1d" relativeResultsDirectory="bac54d08-8b50-49c1-8795-3c8af9a8bfd8" />
    <UnitTestResult executionId="302d9cac-f60f-4130-9a6f-49d5b349a9eb" testId="5d08d3ae-03ea-1a7e-0828-74bbb650a574" testName="MSTest_P2_638" computerName="NAVB3" duration="00:00:00.0000812" startTime="2017-11-29T20:12:15.9027933+05:30" endTime="2017-11-29T20:12:15.9027933+05:30" testType="13cdc9d9-ddb5-4fa4-a97d-d965ccfc6d4b" outcome="Passed" testListId="8c84fa94-04c1-424b-9868-57a2d4851a1d" relativeResultsDirectory="302d9cac-f60f-4130-9a6f-49d5b349a9eb" />
    <UnitTestResult executionId="86f49cdf-5d89-422d-8ba7-37e5d22772d1" testId="848fdcfd-00e6-2e58-a2ed-e6361a3a4ccf" testName="MSTest_P2_639" computerName="NAVB3" duration="00:00:00.0000815" startTime="2017-11-29T20:12:15.9027933+05:30" endTime="2017-11-29T20:12:15.9027933+05:30" testType="13cdc9d9-ddb5-4fa4-a97d-d965ccfc6d4b" outcome="Passed" testListId="8c84fa94-04c1-424b-9868-57a2d4851a1d" relativeResultsDirectory="86f49cdf-5d89-422d-8ba7-37e5d22772d1" />
    <UnitTestResult executionId="7581d013-1d25-4c53-b797-0d18ecd9f268" testId="b5d4fa4d-43f6-ed4c-1ebe-1028a35c3207" testName="MSTest_P2_640" computerName="NAVB3" duration="00:00:00.0000809" startTime="2017-11-29T20:12:15.9027933+05:30" endTime="2017-11-29T20:12:15.9027933+05:30" testType="13cdc9d9-ddb5-4fa4-a97d-d965ccfc6d4b" outcome="Passed" testListId="8c84fa94-04c1-424b-9868-57a2d4851a1d" relativeResultsDirectory="7581d013-1d25-4c53-b797-0d18ecd9f268" />
    <UnitTestResult executionId="35de35c3-9b21-441a-bfa6-ce8e3c8d789d" testId="0b677cef-dffb-d7e8-8796-c9f58ef238e3" testName="MSTest_P2_641" computerName="NAVB3" duration="00:00:00.0000815" startTime="2017-11-29T20:12:15.9027933+05:30" endTime="2017-11-29T20:12:15.9027933+05:30" testType="13cdc9d9-ddb5-4fa4-a97d-d965ccfc6d4b" outcome="Passed" testListId="8c84fa94-04c1-424b-9868-57a2d4851a1d" relativeResultsDirectory="35de35c3-9b21-441a-bfa6-ce8e3c8d789d" />
    <UnitTestResult executionId="8a5cff10-2a97-4bcf-a016-b27e4973a754" testId="3e9c502b-35d8-3ce9-17a4-a57106505143" testName="MSTest_P2_642" computerName="NAVB3" duration="00:00:00.0000812" startTime="2017-11-29T20:12:15.9027933+05:30" endTime="2017-11-29T20:12:15.9027933+05:30" testType="13cdc9d9-ddb5-4fa4-a97d-d965ccfc6d4b" outcome="Passed" testListId="8c84fa94-04c1-424b-9868-57a2d4851a1d" relativeResultsDirectory="8a5cff10-2a97-4bcf-a016-b27e4973a754" />
    <UnitTestResult executionId="223093d4-65ac-44e1-ab33-86b244360dce" testId="d812f365-14a5-d0a4-d872-df8d8d5bb670" testName="MSTest_P2_643" computerName="NAVB3" duration="00:00:00.0000815" startTime="2017-11-29T20:12:15.9027933+05:30" endTime="2017-11-29T20:12:15.9027933+05:30" testType="13cdc9d9-ddb5-4fa4-a97d-d965ccfc6d4b" outcome="Passed" testListId="8c84fa94-04c1-424b-9868-57a2d4851a1d" relativeResultsDirectory="223093d4-65ac-44e1-ab33-86b244360dce" />
    <UnitTestResult executionId="2d3e285f-ed08-4f5f-b809-3dda83a069cd" testId="67659ca1-ac92-6bcc-2bb5-72e6a6541ab7" testName="MSTest_P2_644" computerName="NAVB3" duration="00:00:00.0000826" startTime="2017-11-29T20:12:15.9027933+05:30" endTime="2017-11-29T20:12:15.9027933+05:30" testType="13cdc9d9-ddb5-4fa4-a97d-d965ccfc6d4b" outcome="Passed" testListId="8c84fa94-04c1-424b-9868-57a2d4851a1d" relativeResultsDirectory="2d3e285f-ed08-4f5f-b809-3dda83a069cd" />
    <UnitTestResult executionId="8ef6246b-514e-4398-ac9a-713d7581c30a" testId="3c488412-7332-e4c1-0fae-4af5f8b50c1a" testName="MSTest_P2_645" computerName="NAVB3" duration="00:00:00.0000818" startTime="2017-11-29T20:12:15.9027933+05:30" endTime="2017-11-29T20:12:15.9027933+05:30" testType="13cdc9d9-ddb5-4fa4-a97d-d965ccfc6d4b" outcome="Passed" testListId="8c84fa94-04c1-424b-9868-57a2d4851a1d" relativeResultsDirectory="8ef6246b-514e-4398-ac9a-713d7581c30a" />
    <UnitTestResult executionId="d718ad98-a7bb-4a2d-a8db-58e964fd2401" testId="e78fe577-197c-bbd5-7ab5-8679a236f69f" testName="MSTest_P2_646" computerName="NAVB3" duration="00:00:00.0000815" startTime="2017-11-29T20:12:15.9027933+05:30" endTime="2017-11-29T20:12:15.9027933+05:30" testType="13cdc9d9-ddb5-4fa4-a97d-d965ccfc6d4b" outcome="Passed" testListId="8c84fa94-04c1-424b-9868-57a2d4851a1d" relativeResultsDirectory="d718ad98-a7bb-4a2d-a8db-58e964fd2401" />
    <UnitTestResult executionId="861e66ad-74ab-459c-aebf-6dcccf73b193" testId="eca6b0bf-94f2-dc28-1140-8fce9c0681a0" testName="MSTest_P2_647" computerName="NAVB3" duration="00:00:00.0000821" startTime="2017-11-29T20:12:15.9027933+05:30" endTime="2017-11-29T20:12:15.9027933+05:30" testType="13cdc9d9-ddb5-4fa4-a97d-d965ccfc6d4b" outcome="Passed" testListId="8c84fa94-04c1-424b-9868-57a2d4851a1d" relativeResultsDirectory="861e66ad-74ab-459c-aebf-6dcccf73b193" />
    <UnitTestResult executionId="5c6a53eb-70f5-430f-909a-dbe2a5a3ffeb" testId="e0402f72-9377-b948-a288-28d4fcfc4f9b" testName="MSTest_P2_648" computerName="NAVB3" duration="00:00:00.0000835" startTime="2017-11-29T20:12:15.9027933+05:30" endTime="2017-11-29T20:12:15.9027933+05:30" testType="13cdc9d9-ddb5-4fa4-a97d-d965ccfc6d4b" outcome="Passed" testListId="8c84fa94-04c1-424b-9868-57a2d4851a1d" relativeResultsDirectory="5c6a53eb-70f5-430f-909a-dbe2a5a3ffeb" />
    <UnitTestResult executionId="2cbb5512-d6d3-44dc-8863-d0ad64a06414" testId="e897475a-565a-d220-02fb-7a22190de11f" testName="MSTest_P2_649" computerName="NAVB3" duration="00:00:00.0000824" startTime="2017-11-29T20:12:15.9027933+05:30" endTime="2017-11-29T20:12:15.9027933+05:30" testType="13cdc9d9-ddb5-4fa4-a97d-d965ccfc6d4b" outcome="Passed" testListId="8c84fa94-04c1-424b-9868-57a2d4851a1d" relativeResultsDirectory="2cbb5512-d6d3-44dc-8863-d0ad64a06414" />
    <UnitTestResult executionId="90a93de5-ed30-480d-b8c2-e225097bd99f" testId="6e51c1a4-c47e-8215-41d4-b6192fc399a7" testName="MSTest_P2_650" computerName="NAVB3" duration="00:00:00.0000885" startTime="2017-11-29T20:12:15.9027933+05:30" endTime="2017-11-29T20:12:15.9027933+05:30" testType="13cdc9d9-ddb5-4fa4-a97d-d965ccfc6d4b" outcome="Passed" testListId="8c84fa94-04c1-424b-9868-57a2d4851a1d" relativeResultsDirectory="90a93de5-ed30-480d-b8c2-e225097bd99f" />
    <UnitTestResult executionId="8afc7b7a-9c2d-4eb0-a43d-a5cf1de45398" testId="18a5d991-6a62-bd7d-3d37-6bc0e28957ce" testName="MSTest_P2_651" computerName="NAVB3" duration="00:00:00.0000879" startTime="2017-11-29T20:12:15.9027933+05:30" endTime="2017-11-29T20:12:15.9027933+05:30" testType="13cdc9d9-ddb5-4fa4-a97d-d965ccfc6d4b" outcome="Passed" testListId="8c84fa94-04c1-424b-9868-57a2d4851a1d" relativeResultsDirectory="8afc7b7a-9c2d-4eb0-a43d-a5cf1de45398" />
    <UnitTestResult executionId="c7fc9fef-6d09-4077-b13e-0ce825524c56" testId="c3f336f9-64d8-483d-f756-b051b29d09c0" testName="MSTest_P2_652" computerName="NAVB3" duration="00:00:00.0000873" startTime="2017-11-29T20:12:15.9027933+05:30" endTime="2017-11-29T20:12:15.9027933+05:30" testType="13cdc9d9-ddb5-4fa4-a97d-d965ccfc6d4b" outcome="Passed" testListId="8c84fa94-04c1-424b-9868-57a2d4851a1d" relativeResultsDirectory="c7fc9fef-6d09-4077-b13e-0ce825524c56" />
    <UnitTestResult executionId="678a8db7-3acf-4e5e-8a92-ee784f26b91d" testId="48c7c2f7-e5d2-ef94-1a3f-20ddea55e26b" testName="MSTest_P2_653" computerName="NAVB3" duration="00:00:00.0000888" startTime="2017-11-29T20:12:15.9027933+05:30" endTime="2017-11-29T20:12:15.9027933+05:30" testType="13cdc9d9-ddb5-4fa4-a97d-d965ccfc6d4b" outcome="Passed" testListId="8c84fa94-04c1-424b-9868-57a2d4851a1d" relativeResultsDirectory="678a8db7-3acf-4e5e-8a92-ee784f26b91d" />
    <UnitTestResult executionId="d66edd33-69da-4494-bc2b-a5bf04744fbb" testId="ab2c1fba-ddcb-1900-197d-3f9d3fc16360" testName="MSTest_P2_654" computerName="NAVB3" duration="00:00:00.0000879" startTime="2017-11-29T20:12:15.9027933+05:30" endTime="2017-11-29T20:12:15.9027933+05:30" testType="13cdc9d9-ddb5-4fa4-a97d-d965ccfc6d4b" outcome="Passed" testListId="8c84fa94-04c1-424b-9868-57a2d4851a1d" relativeResultsDirectory="d66edd33-69da-4494-bc2b-a5bf04744fbb" />
    <UnitTestResult executionId="701dc1c7-3bb2-46f9-b3f3-653511aeccfb" testId="899e6aca-dd8a-ca3a-7348-95cefdb66bfb" testName="MSTest_P2_655" computerName="NAVB3" duration="00:00:00.0000888" startTime="2017-11-29T20:12:15.9027933+05:30" endTime="2017-11-29T20:12:15.9027933+05:30" testType="13cdc9d9-ddb5-4fa4-a97d-d965ccfc6d4b" outcome="Passed" testListId="8c84fa94-04c1-424b-9868-57a2d4851a1d" relativeResultsDirectory="701dc1c7-3bb2-46f9-b3f3-653511aeccfb" />
    <UnitTestResult executionId="9597b323-b31d-418f-9e24-161f4db2fb3b" testId="8bdc4f90-77a8-478b-b52c-9da6b7c1e9c9" testName="MSTest_P2_656" computerName="NAVB3" duration="00:00:00.0000882" startTime="2017-11-29T20:12:15.9027933+05:30" endTime="2017-11-29T20:12:15.9027933+05:30" testType="13cdc9d9-ddb5-4fa4-a97d-d965ccfc6d4b" outcome="Passed" testListId="8c84fa94-04c1-424b-9868-57a2d4851a1d" relativeResultsDirectory="9597b323-b31d-418f-9e24-161f4db2fb3b" />
    <UnitTestResult executionId="fc1f6bbc-c149-4359-ad96-e28418a99741" testId="1cfd503a-2a2f-f054-566c-b2432833b5b0" testName="MSTest_P2_657" computerName="NAVB3" duration="00:00:00.0000870" startTime="2017-11-29T20:12:15.9027933+05:30" endTime="2017-11-29T20:12:15.9027933+05:30" testType="13cdc9d9-ddb5-4fa4-a97d-d965ccfc6d4b" outcome="Passed" testListId="8c84fa94-04c1-424b-9868-57a2d4851a1d" relativeResultsDirectory="fc1f6bbc-c149-4359-ad96-e28418a99741" />
    <UnitTestResult executionId="b1a08439-fd00-416e-8ab3-73c30d2288e5" testId="a4ad3799-a270-f12c-0f00-e20e2f12acdd" testName="MSTest_P2_658" computerName="NAVB3" duration="00:00:00.0000873" startTime="2017-11-29T20:12:15.9027933+05:30" endTime="2017-11-29T20:12:15.9027933+05:30" testType="13cdc9d9-ddb5-4fa4-a97d-d965ccfc6d4b" outcome="Passed" testListId="8c84fa94-04c1-424b-9868-57a2d4851a1d" relativeResultsDirectory="b1a08439-fd00-416e-8ab3-73c30d2288e5" />
    <UnitTestResult executionId="a6a60d08-df3d-4176-9d82-e1907dd39791" testId="cbe39397-87a0-2910-ca84-58383bad57ff" testName="MSTest_P2_659" computerName="NAVB3" duration="00:00:00.0000882" startTime="2017-11-29T20:12:15.9027933+05:30" endTime="2017-11-29T20:12:15.9027933+05:30" testType="13cdc9d9-ddb5-4fa4-a97d-d965ccfc6d4b" outcome="Passed" testListId="8c84fa94-04c1-424b-9868-57a2d4851a1d" relativeResultsDirectory="a6a60d08-df3d-4176-9d82-e1907dd39791" />
    <UnitTestResult executionId="3359599e-68d8-493b-a199-bc6ec586220d" testId="6ee7a2b3-6420-c554-9de7-1720065e8cec" testName="MSTest_P2_660" computerName="NAVB3" duration="00:00:00.0000870" startTime="2017-11-29T20:12:15.9027933+05:30" endTime="2017-11-29T20:12:15.9027933+05:30" testType="13cdc9d9-ddb5-4fa4-a97d-d965ccfc6d4b" outcome="Passed" testListId="8c84fa94-04c1-424b-9868-57a2d4851a1d" relativeResultsDirectory="3359599e-68d8-493b-a199-bc6ec586220d" />
    <UnitTestResult executionId="77acb473-4c4a-4245-a4c5-2a89ef295b46" testId="e86472bf-e214-2b20-76f5-45745554fad7" testName="MSTest_P2_661" computerName="NAVB3" duration="00:00:00.0000879" startTime="2017-11-29T20:12:15.9027933+05:30" endTime="2017-11-29T20:12:15.9027933+05:30" testType="13cdc9d9-ddb5-4fa4-a97d-d965ccfc6d4b" outcome="Passed" testListId="8c84fa94-04c1-424b-9868-57a2d4851a1d" relativeResultsDirectory="77acb473-4c4a-4245-a4c5-2a89ef295b46" />
    <UnitTestResult executionId="92cde8c3-7c74-46a7-9d15-a4abbeba7814" testId="e0267b14-97a9-0d32-c9f5-896dabd96fde" testName="MSTest_P2_662" computerName="NAVB3" duration="00:00:00.0000888" startTime="2017-11-29T20:12:15.9027933+05:30" endTime="2017-11-29T20:12:15.9027933+05:30" testType="13cdc9d9-ddb5-4fa4-a97d-d965ccfc6d4b" outcome="Passed" testListId="8c84fa94-04c1-424b-9868-57a2d4851a1d" relativeResultsDirectory="92cde8c3-7c74-46a7-9d15-a4abbeba7814" />
    <UnitTestResult executionId="304c7544-cae0-4663-9424-396756e48271" testId="3fec57b9-8697-e7a2-5cc7-23347c0320cb" testName="MSTest_P2_663" computerName="NAVB3" duration="00:00:00.0000888" startTime="2017-11-29T20:12:15.9027933+05:30" endTime="2017-11-29T20:12:15.9027933+05:30" testType="13cdc9d9-ddb5-4fa4-a97d-d965ccfc6d4b" outcome="Passed" testListId="8c84fa94-04c1-424b-9868-57a2d4851a1d" relativeResultsDirectory="304c7544-cae0-4663-9424-396756e48271" />
    <UnitTestResult executionId="d7bc91eb-a2a1-4874-9f36-7555ff3a2e57" testId="597025ee-fec5-9b13-b948-e15cb8c652bb" testName="MSTest_P2_664" computerName="NAVB3" duration="00:00:00.0000885" startTime="2017-11-29T20:12:15.9027933+05:30" endTime="2017-11-29T20:12:15.9027933+05:30" testType="13cdc9d9-ddb5-4fa4-a97d-d965ccfc6d4b" outcome="Passed" testListId="8c84fa94-04c1-424b-9868-57a2d4851a1d" relativeResultsDirectory="d7bc91eb-a2a1-4874-9f36-7555ff3a2e57" />
    <UnitTestResult executionId="d4851a37-4616-49fd-adc3-686244e37201" testId="0cdbe09b-5b02-9284-150e-310395196ca9" testName="MSTest_P2_665" computerName="NAVB3" duration="00:00:00.0000991" startTime="2017-11-29T20:12:15.9027933+05:30" endTime="2017-11-29T20:12:15.9027933+05:30" testType="13cdc9d9-ddb5-4fa4-a97d-d965ccfc6d4b" outcome="Passed" testListId="8c84fa94-04c1-424b-9868-57a2d4851a1d" relativeResultsDirectory="d4851a37-4616-49fd-adc3-686244e37201" />
    <UnitTestResult executionId="14541186-d626-4ae9-8ecc-438f8b1999de" testId="26b36980-26fa-feaa-eeda-467cb17b47b3" testName="MSTest_P2_666" computerName="NAVB3" duration="00:00:00.0000882" startTime="2017-11-29T20:12:15.9027933+05:30" endTime="2017-11-29T20:12:15.9027933+05:30" testType="13cdc9d9-ddb5-4fa4-a97d-d965ccfc6d4b" outcome="Passed" testListId="8c84fa94-04c1-424b-9868-57a2d4851a1d" relativeResultsDirectory="14541186-d626-4ae9-8ecc-438f8b1999de" />
    <UnitTestResult executionId="5305552c-368e-4422-9de7-087606b04d01" testId="ade8bde1-d507-344c-09f7-848e53c880d7" testName="MSTest_P2_667" computerName="NAVB3" duration="00:00:00.0000797" startTime="2017-11-29T20:12:15.9027933+05:30" endTime="2017-11-29T20:12:15.9027933+05:30" testType="13cdc9d9-ddb5-4fa4-a97d-d965ccfc6d4b" outcome="Passed" testListId="8c84fa94-04c1-424b-9868-57a2d4851a1d" relativeResultsDirectory="5305552c-368e-4422-9de7-087606b04d01" />
    <UnitTestResult executionId="2d4e8468-7fe3-4571-89e7-bf2a4ed7567c" testId="a746b676-bd57-b7d7-68d2-852b9bca4e8d" testName="MSTest_P2_668" computerName="NAVB3" duration="00:00:00.0001302" startTime="2017-11-29T20:12:15.9027933+05:30" endTime="2017-11-29T20:12:15.9184190+05:30" testType="13cdc9d9-ddb5-4fa4-a97d-d965ccfc6d4b" outcome="Passed" testListId="8c84fa94-04c1-424b-9868-57a2d4851a1d" relativeResultsDirectory="2d4e8468-7fe3-4571-89e7-bf2a4ed7567c" />
    <UnitTestResult executionId="3e3a510e-b133-42ee-829c-f9694534235c" testId="3d5f1c08-3797-41ba-2b77-d2369ea0e848" testName="MSTest_P2_669" computerName="NAVB3" duration="00:00:00.0000868" startTime="2017-11-29T20:12:15.9184190+05:30" endTime="2017-11-29T20:12:15.9184190+05:30" testType="13cdc9d9-ddb5-4fa4-a97d-d965ccfc6d4b" outcome="Passed" testListId="8c84fa94-04c1-424b-9868-57a2d4851a1d" relativeResultsDirectory="3e3a510e-b133-42ee-829c-f9694534235c" />
    <UnitTestResult executionId="4fb13c1d-b19e-4f27-ae42-277860ece8c5" testId="a089f9e5-4bec-b582-acfc-39a14dd75252" testName="MSTest_P2_670" computerName="NAVB3" duration="00:00:00.0000917" startTime="2017-11-29T20:12:15.9184190+05:30" endTime="2017-11-29T20:12:15.9184190+05:30" testType="13cdc9d9-ddb5-4fa4-a97d-d965ccfc6d4b" outcome="Passed" testListId="8c84fa94-04c1-424b-9868-57a2d4851a1d" relativeResultsDirectory="4fb13c1d-b19e-4f27-ae42-277860ece8c5" />
    <UnitTestResult executionId="e90a9439-6ae6-4a4b-807a-33b101eca8a3" testId="23721fe5-9ee6-82b6-d99b-fc80796a2eba" testName="MSTest_P2_671" computerName="NAVB3" duration="00:00:00.0000947" startTime="2017-11-29T20:12:15.9184190+05:30" endTime="2017-11-29T20:12:15.9184190+05:30" testType="13cdc9d9-ddb5-4fa4-a97d-d965ccfc6d4b" outcome="Passed" testListId="8c84fa94-04c1-424b-9868-57a2d4851a1d" relativeResultsDirectory="e90a9439-6ae6-4a4b-807a-33b101eca8a3" />
    <UnitTestResult executionId="019e6c4a-ee23-4cbe-b4c3-a10edc4b9dcc" testId="b1cd993d-7313-5ad0-b39e-9f1aa78bc82d" testName="MSTest_P2_672" computerName="NAVB3" duration="00:00:00.0000926" startTime="2017-11-29T20:12:15.9184190+05:30" endTime="2017-11-29T20:12:15.9184190+05:30" testType="13cdc9d9-ddb5-4fa4-a97d-d965ccfc6d4b" outcome="Passed" testListId="8c84fa94-04c1-424b-9868-57a2d4851a1d" relativeResultsDirectory="019e6c4a-ee23-4cbe-b4c3-a10edc4b9dcc" />
    <UnitTestResult executionId="8fe0e1da-344d-4d6c-a1b0-93a0f8e004b9" testId="3a93a51a-c148-1d02-8f4b-13468c757678" testName="MSTest_P2_673" computerName="NAVB3" duration="00:00:00.0000882" startTime="2017-11-29T20:12:15.9184190+05:30" endTime="2017-11-29T20:12:15.9184190+05:30" testType="13cdc9d9-ddb5-4fa4-a97d-d965ccfc6d4b" outcome="Passed" testListId="8c84fa94-04c1-424b-9868-57a2d4851a1d" relativeResultsDirectory="8fe0e1da-344d-4d6c-a1b0-93a0f8e004b9" />
    <UnitTestResult executionId="5f4c93ec-6e48-46f9-8b23-71041eb28215" testId="e7bba644-c651-71b0-f2c6-7f5814caa7e2" testName="MSTest_P2_674" computerName="NAVB3" duration="00:00:00.0000785" startTime="2017-11-29T20:12:15.9184190+05:30" endTime="2017-11-29T20:12:15.9184190+05:30" testType="13cdc9d9-ddb5-4fa4-a97d-d965ccfc6d4b" outcome="Passed" testListId="8c84fa94-04c1-424b-9868-57a2d4851a1d" relativeResultsDirectory="5f4c93ec-6e48-46f9-8b23-71041eb28215" />
    <UnitTestResult executionId="86f883d2-241c-4cba-a30f-9624a06a85f1" testId="27514d22-063a-2899-009e-1b76a88c43a9" testName="MSTest_P2_675" computerName="NAVB3" duration="00:00:00.0000812" startTime="2017-11-29T20:12:15.9184190+05:30" endTime="2017-11-29T20:12:15.9184190+05:30" testType="13cdc9d9-ddb5-4fa4-a97d-d965ccfc6d4b" outcome="Passed" testListId="8c84fa94-04c1-424b-9868-57a2d4851a1d" relativeResultsDirectory="86f883d2-241c-4cba-a30f-9624a06a85f1" />
    <UnitTestResult executionId="6e7f18b1-63d0-4ce3-b271-3adb1455a557" testId="cacb4937-95e1-1710-534d-b2d54b278d0c" testName="MSTest_P2_676" computerName="NAVB3" duration="00:00:00.0000812" startTime="2017-11-29T20:12:15.9184190+05:30" endTime="2017-11-29T20:12:15.9184190+05:30" testType="13cdc9d9-ddb5-4fa4-a97d-d965ccfc6d4b" outcome="Passed" testListId="8c84fa94-04c1-424b-9868-57a2d4851a1d" relativeResultsDirectory="6e7f18b1-63d0-4ce3-b271-3adb1455a557" />
    <UnitTestResult executionId="ca32c0ab-44a9-4930-aa4f-895c4520455d" testId="58cec2fa-25a5-3785-4c9d-c8c6dad46cee" testName="MSTest_P2_677" computerName="NAVB3" duration="00:00:00.0000812" startTime="2017-11-29T20:12:15.9184190+05:30" endTime="2017-11-29T20:12:15.9184190+05:30" testType="13cdc9d9-ddb5-4fa4-a97d-d965ccfc6d4b" outcome="Passed" testListId="8c84fa94-04c1-424b-9868-57a2d4851a1d" relativeResultsDirectory="ca32c0ab-44a9-4930-aa4f-895c4520455d" />
    <UnitTestResult executionId="a75b70a3-6f73-4f3d-9a4b-5783807dc21f" testId="353af7cb-1a1e-cda6-3bd5-1805a8fdcf5d" testName="MSTest_P2_678" computerName="NAVB3" duration="00:00:00.0000826" startTime="2017-11-29T20:12:15.9184190+05:30" endTime="2017-11-29T20:12:15.9184190+05:30" testType="13cdc9d9-ddb5-4fa4-a97d-d965ccfc6d4b" outcome="Passed" testListId="8c84fa94-04c1-424b-9868-57a2d4851a1d" relativeResultsDirectory="a75b70a3-6f73-4f3d-9a4b-5783807dc21f" />
    <UnitTestResult executionId="b0c0de69-7101-4a77-a2ea-3a8052b8561a" testId="304b77ec-fc19-406b-4850-5808e5d0243d" testName="MSTest_P2_679" computerName="NAVB3" duration="00:00:00.0000882" startTime="2017-11-29T20:12:15.9184190+05:30" endTime="2017-11-29T20:12:15.9184190+05:30" testType="13cdc9d9-ddb5-4fa4-a97d-d965ccfc6d4b" outcome="Passed" testListId="8c84fa94-04c1-424b-9868-57a2d4851a1d" relativeResultsDirectory="b0c0de69-7101-4a77-a2ea-3a8052b8561a" />
    <UnitTestResult executionId="459e0377-4c07-4029-ada8-ebef698e8db6" testId="74651ac2-e00f-92e8-ff9b-d39647d9a271" testName="MSTest_P2_680" computerName="NAVB3" duration="00:00:00.0000824" startTime="2017-11-29T20:12:15.9184190+05:30" endTime="2017-11-29T20:12:15.9184190+05:30" testType="13cdc9d9-ddb5-4fa4-a97d-d965ccfc6d4b" outcome="Passed" testListId="8c84fa94-04c1-424b-9868-57a2d4851a1d" relativeResultsDirectory="459e0377-4c07-4029-ada8-ebef698e8db6" />
    <UnitTestResult executionId="5bfefd33-0595-438c-9004-094dfed04ac5" testId="e776d51f-5a00-c228-adb8-2f497b9621e5" testName="MSTest_P2_511" computerName="NAVB3" duration="00:00:00.0001164" startTime="2017-11-29T20:12:15.9184190+05:30" endTime="2017-11-29T20:12:15.9184190+05:30" testType="13cdc9d9-ddb5-4fa4-a97d-d965ccfc6d4b" outcome="Passed" testListId="8c84fa94-04c1-424b-9868-57a2d4851a1d" relativeResultsDirectory="5bfefd33-0595-438c-9004-094dfed04ac5" />
    <UnitTestResult executionId="258a3d6a-2b4c-4bc5-a596-da6c0a2cf596" testId="8a7e2a5a-b3b1-b936-6f36-5a1d091bcdc6" testName="MSTest_P2_512" computerName="NAVB3" duration="00:00:00.0000873" startTime="2017-11-29T20:12:15.9184190+05:30" endTime="2017-11-29T20:12:15.9184190+05:30" testType="13cdc9d9-ddb5-4fa4-a97d-d965ccfc6d4b" outcome="Passed" testListId="8c84fa94-04c1-424b-9868-57a2d4851a1d" relativeResultsDirectory="258a3d6a-2b4c-4bc5-a596-da6c0a2cf596" />
    <UnitTestResult executionId="5416df88-4660-4677-bbe9-f9ba59581d3e" testId="65550164-3705-10e4-aab2-4f1a75804571" testName="MSTest_P2_513" computerName="NAVB3" duration="00:00:00.0000920" startTime="2017-11-29T20:12:15.9184190+05:30" endTime="2017-11-29T20:12:15.9184190+05:30" testType="13cdc9d9-ddb5-4fa4-a97d-d965ccfc6d4b" outcome="Passed" testListId="8c84fa94-04c1-424b-9868-57a2d4851a1d" relativeResultsDirectory="5416df88-4660-4677-bbe9-f9ba59581d3e" />
    <UnitTestResult executionId="711326a8-8962-4074-8e5a-83d72d8cf0a6" testId="7d1aaa36-3199-455c-0527-ac90899cbd4b" testName="MSTest_P2_514" computerName="NAVB3" duration="00:00:00.0000894" startTime="2017-11-29T20:12:15.9184190+05:30" endTime="2017-11-29T20:12:15.9184190+05:30" testType="13cdc9d9-ddb5-4fa4-a97d-d965ccfc6d4b" outcome="Passed" testListId="8c84fa94-04c1-424b-9868-57a2d4851a1d" relativeResultsDirectory="711326a8-8962-4074-8e5a-83d72d8cf0a6" />
    <UnitTestResult executionId="dafcb894-1ad4-4cd9-805f-d73b60b58f29" testId="f166a045-f3e3-f66b-b395-0e361e37a9fe" testName="MSTest_P2_515" computerName="NAVB3" duration="00:00:00.0000891" startTime="2017-11-29T20:12:15.9184190+05:30" endTime="2017-11-29T20:12:15.9184190+05:30" testType="13cdc9d9-ddb5-4fa4-a97d-d965ccfc6d4b" outcome="Passed" testListId="8c84fa94-04c1-424b-9868-57a2d4851a1d" relativeResultsDirectory="dafcb894-1ad4-4cd9-805f-d73b60b58f29" />
    <UnitTestResult executionId="501e62d1-c1d0-45ef-9574-80e2a56890bc" testId="0461b81f-9ef8-c4ca-9df0-2eaf28bf10e0" testName="MSTest_P2_516" computerName="NAVB3" duration="00:00:00.0000891" startTime="2017-11-29T20:12:15.9184190+05:30" endTime="2017-11-29T20:12:15.9184190+05:30" testType="13cdc9d9-ddb5-4fa4-a97d-d965ccfc6d4b" outcome="Passed" testListId="8c84fa94-04c1-424b-9868-57a2d4851a1d" relativeResultsDirectory="501e62d1-c1d0-45ef-9574-80e2a56890bc" />
    <UnitTestResult executionId="1bfae4df-fe72-4c25-b1d9-65ed277e377f" testId="2e82cae1-4a04-cc61-b41b-8d1fead82e72" testName="MSTest_P2_517" computerName="NAVB3" duration="00:00:00.0000891" startTime="2017-11-29T20:12:15.9184190+05:30" endTime="2017-11-29T20:12:15.9184190+05:30" testType="13cdc9d9-ddb5-4fa4-a97d-d965ccfc6d4b" outcome="Passed" testListId="8c84fa94-04c1-424b-9868-57a2d4851a1d" relativeResultsDirectory="1bfae4df-fe72-4c25-b1d9-65ed277e377f" />
    <UnitTestResult executionId="7606e60f-a7dc-46c4-b6b1-d7c58ea0d59b" testId="e5e8d614-1f1c-d660-4f2e-468f69745890" testName="MSTest_P2_518" computerName="NAVB3" duration="00:00:00.0000885" startTime="2017-11-29T20:12:15.9184190+05:30" endTime="2017-11-29T20:12:15.9184190+05:30" testType="13cdc9d9-ddb5-4fa4-a97d-d965ccfc6d4b" outcome="Passed" testListId="8c84fa94-04c1-424b-9868-57a2d4851a1d" relativeResultsDirectory="7606e60f-a7dc-46c4-b6b1-d7c58ea0d59b" />
    <UnitTestResult executionId="555f289d-9b6f-49a4-be8d-58f13553d2d5" testId="50f497cc-80ab-e360-a8c8-bf2e2dd84698" testName="MSTest_P2_519" computerName="NAVB3" duration="00:00:00.0000894" startTime="2017-11-29T20:12:15.9184190+05:30" endTime="2017-11-29T20:12:15.9184190+05:30" testType="13cdc9d9-ddb5-4fa4-a97d-d965ccfc6d4b" outcome="Passed" testListId="8c84fa94-04c1-424b-9868-57a2d4851a1d" relativeResultsDirectory="555f289d-9b6f-49a4-be8d-58f13553d2d5" />
    <UnitTestResult executionId="ab4037f1-cdac-4aa9-874e-7f72a03c82e8" testId="4ac18af5-dcd0-6fcb-32ee-6714d9bb6bc1" testName="MSTest_P2_520" computerName="NAVB3" duration="00:00:00.0000926" startTime="2017-11-29T20:12:15.9184190+05:30" endTime="2017-11-29T20:12:15.9184190+05:30" testType="13cdc9d9-ddb5-4fa4-a97d-d965ccfc6d4b" outcome="Passed" testListId="8c84fa94-04c1-424b-9868-57a2d4851a1d" relativeResultsDirectory="ab4037f1-cdac-4aa9-874e-7f72a03c82e8" />
    <UnitTestResult executionId="a11a77fb-0d5a-4ede-80d6-1566d7551eec" testId="a1477180-0c03-ae3a-b703-3248bd9bbe56" testName="MSTest_P2_521" computerName="NAVB3" duration="00:00:00.0000885" startTime="2017-11-29T20:12:15.9184190+05:30" endTime="2017-11-29T20:12:15.9184190+05:30" testType="13cdc9d9-ddb5-4fa4-a97d-d965ccfc6d4b" outcome="Passed" testListId="8c84fa94-04c1-424b-9868-57a2d4851a1d" relativeResultsDirectory="a11a77fb-0d5a-4ede-80d6-1566d7551eec" />
    <UnitTestResult executionId="c4f78ccf-5aad-4ca8-9fc1-5fffea84b021" testId="efc43898-75b5-8b91-f9a9-1c01d4ce0745" testName="MSTest_P2_522" computerName="NAVB3" duration="00:00:00.0000876" startTime="2017-11-29T20:12:15.9184190+05:30" endTime="2017-11-29T20:12:15.9184190+05:30" testType="13cdc9d9-ddb5-4fa4-a97d-d965ccfc6d4b" outcome="Passed" testListId="8c84fa94-04c1-424b-9868-57a2d4851a1d" relativeResultsDirectory="c4f78ccf-5aad-4ca8-9fc1-5fffea84b021" />
    <UnitTestResult executionId="464d2d2f-1ac7-4b7e-b270-0f9ea3dec545" testId="cefa4e19-5590-bab1-e575-4886cc8e2a57" testName="MSTest_P2_523" computerName="NAVB3" duration="00:00:00.0000794" startTime="2017-11-29T20:12:15.9184190+05:30" endTime="2017-11-29T20:12:15.9184190+05:30" testType="13cdc9d9-ddb5-4fa4-a97d-d965ccfc6d4b" outcome="Passed" testListId="8c84fa94-04c1-424b-9868-57a2d4851a1d" relativeResultsDirectory="464d2d2f-1ac7-4b7e-b270-0f9ea3dec545" />
    <UnitTestResult executionId="235d95eb-8bd7-401a-9765-0d2415928de6" testId="ee5a9f3c-7651-30db-e2d4-78c1cbf124fa" testName="MSTest_P2_524" computerName="NAVB3" duration="00:00:00.0000806" startTime="2017-11-29T20:12:15.9184190+05:30" endTime="2017-11-29T20:12:15.9184190+05:30" testType="13cdc9d9-ddb5-4fa4-a97d-d965ccfc6d4b" outcome="Passed" testListId="8c84fa94-04c1-424b-9868-57a2d4851a1d" relativeResultsDirectory="235d95eb-8bd7-401a-9765-0d2415928de6" />
    <UnitTestResult executionId="e059aee6-7db0-41a1-8e4b-e4ed2bdfbdb0" testId="cac9dee8-2158-c973-652f-192379bdacee" testName="MSTest_P2_525" computerName="NAVB3" duration="00:00:00.0000821" startTime="2017-11-29T20:12:15.9184190+05:30" endTime="2017-11-29T20:12:15.9184190+05:30" testType="13cdc9d9-ddb5-4fa4-a97d-d965ccfc6d4b" outcome="Passed" testListId="8c84fa94-04c1-424b-9868-57a2d4851a1d" relativeResultsDirectory="e059aee6-7db0-41a1-8e4b-e4ed2bdfbdb0" />
    <UnitTestResult executionId="6e315fbc-99a5-4f0a-aecd-7de26b1d9b6a" testId="c95a30e8-f25a-a236-829f-271728eddca1" testName="MSTest_P2_526" computerName="NAVB3" duration="00:00:00.0000806" startTime="2017-11-29T20:12:15.9184190+05:30" endTime="2017-11-29T20:12:15.9184190+05:30" testType="13cdc9d9-ddb5-4fa4-a97d-d965ccfc6d4b" outcome="Passed" testListId="8c84fa94-04c1-424b-9868-57a2d4851a1d" relativeResultsDirectory="6e315fbc-99a5-4f0a-aecd-7de26b1d9b6a" />
    <UnitTestResult executionId="8b721916-9db3-4cc6-be95-8912dc5d8eea" testId="5655d584-e19e-8eef-5861-f48862292e74" testName="MSTest_P2_527" computerName="NAVB3" duration="00:00:00.0000809" startTime="2017-11-29T20:12:15.9184190+05:30" endTime="2017-11-29T20:12:15.9184190+05:30" testType="13cdc9d9-ddb5-4fa4-a97d-d965ccfc6d4b" outcome="Passed" testListId="8c84fa94-04c1-424b-9868-57a2d4851a1d" relativeResultsDirectory="8b721916-9db3-4cc6-be95-8912dc5d8eea" />
    <UnitTestResult executionId="3b9ecb7c-56a2-462d-9bd4-b041a77f4f3d" testId="9bb271d0-5466-cbe0-3fa2-4633de5f9669" testName="MSTest_P2_528" computerName="NAVB3" duration="00:00:00.0000815" startTime="2017-11-29T20:12:15.9184190+05:30" endTime="2017-11-29T20:12:15.9184190+05:30" testType="13cdc9d9-ddb5-4fa4-a97d-d965ccfc6d4b" outcome="Passed" testListId="8c84fa94-04c1-424b-9868-57a2d4851a1d" relativeResultsDirectory="3b9ecb7c-56a2-462d-9bd4-b041a77f4f3d" />
    <UnitTestResult executionId="451931ae-a445-4b2d-9e16-657fa02e34c6" testId="e92fc10c-fb30-b21b-1115-fcf7253c35aa" testName="MSTest_P2_529" computerName="NAVB3" duration="00:00:00.0000818" startTime="2017-11-29T20:12:15.9184190+05:30" endTime="2017-11-29T20:12:15.9184190+05:30" testType="13cdc9d9-ddb5-4fa4-a97d-d965ccfc6d4b" outcome="Passed" testListId="8c84fa94-04c1-424b-9868-57a2d4851a1d" relativeResultsDirectory="451931ae-a445-4b2d-9e16-657fa02e34c6" />
    <UnitTestResult executionId="9b49a99e-de34-49ec-9b5d-9f6c90a41fe2" testId="7966242b-d974-0b64-c59c-d020dbb5e761" testName="MSTest_P2_530" computerName="NAVB3" duration="00:00:00.0001771" startTime="2017-11-29T20:12:15.9184190+05:30" endTime="2017-11-29T20:12:15.9340447+05:30" testType="13cdc9d9-ddb5-4fa4-a97d-d965ccfc6d4b" outcome="Passed" testListId="8c84fa94-04c1-424b-9868-57a2d4851a1d" relativeResultsDirectory="9b49a99e-de34-49ec-9b5d-9f6c90a41fe2" />
    <UnitTestResult executionId="5eded2ca-75c2-4104-8073-8964faa2cf31" testId="9aae1dad-0c68-f480-1b3c-ff63f29ca930" testName="MSTest_P2_531" computerName="NAVB3" duration="00:00:00.0001313" startTime="2017-11-29T20:12:15.9340447+05:30" endTime="2017-11-29T20:12:15.9340447+05:30" testType="13cdc9d9-ddb5-4fa4-a97d-d965ccfc6d4b" outcome="Passed" testListId="8c84fa94-04c1-424b-9868-57a2d4851a1d" relativeResultsDirectory="5eded2ca-75c2-4104-8073-8964faa2cf31" />
    <UnitTestResult executionId="a3e0aecf-461c-468a-9c4e-b06989fdb477" testId="0a07aa18-e58f-69f9-ea5c-287ee69f5e50" testName="MSTest_P2_532" computerName="NAVB3" duration="00:00:00.0000964" startTime="2017-11-29T20:12:15.9340447+05:30" endTime="2017-11-29T20:12:15.9340447+05:30" testType="13cdc9d9-ddb5-4fa4-a97d-d965ccfc6d4b" outcome="Passed" testListId="8c84fa94-04c1-424b-9868-57a2d4851a1d" relativeResultsDirectory="a3e0aecf-461c-468a-9c4e-b06989fdb477" />
    <UnitTestResult executionId="20ecc3a9-af7e-4093-9a9d-3f624d10e322" testId="32236db3-5b10-cb60-6710-e897f6895176" testName="MSTest_P2_533" computerName="NAVB3" duration="00:00:00.0000935" startTime="2017-11-29T20:12:15.9340447+05:30" endTime="2017-11-29T20:12:15.9340447+05:30" testType="13cdc9d9-ddb5-4fa4-a97d-d965ccfc6d4b" outcome="Passed" testListId="8c84fa94-04c1-424b-9868-57a2d4851a1d" relativeResultsDirectory="20ecc3a9-af7e-4093-9a9d-3f624d10e322" />
    <UnitTestResult executionId="4b872a52-a9d5-4736-aa21-6170abcfda7f" testId="fd7e494d-611e-bfc7-6e2e-0b9aa90132e4" testName="MSTest_P2_534" computerName="NAVB3" duration="00:00:00.0000923" startTime="2017-11-29T20:12:15.9340447+05:30" endTime="2017-11-29T20:12:15.9340447+05:30" testType="13cdc9d9-ddb5-4fa4-a97d-d965ccfc6d4b" outcome="Passed" testListId="8c84fa94-04c1-424b-9868-57a2d4851a1d" relativeResultsDirectory="4b872a52-a9d5-4736-aa21-6170abcfda7f" />
    <UnitTestResult executionId="fa21983e-6305-410f-8ade-8ae9b3fe4800" testId="6891dd0b-bc83-91a2-f4f1-c5967c7b6b38" testName="MSTest_P2_535" computerName="NAVB3" duration="00:00:00.0000797" startTime="2017-11-29T20:12:15.9340447+05:30" endTime="2017-11-29T20:12:15.9340447+05:30" testType="13cdc9d9-ddb5-4fa4-a97d-d965ccfc6d4b" outcome="Passed" testListId="8c84fa94-04c1-424b-9868-57a2d4851a1d" relativeResultsDirectory="fa21983e-6305-410f-8ade-8ae9b3fe4800" />
    <UnitTestResult executionId="27de3ba7-fd43-4bd3-bd5e-0f0222928e69" testId="17ab976d-ec81-d8a4-0dca-8954c371741a" testName="MSTest_P2_536" computerName="NAVB3" duration="00:00:00.0000821" startTime="2017-11-29T20:12:15.9340447+05:30" endTime="2017-11-29T20:12:15.9340447+05:30" testType="13cdc9d9-ddb5-4fa4-a97d-d965ccfc6d4b" outcome="Passed" testListId="8c84fa94-04c1-424b-9868-57a2d4851a1d" relativeResultsDirectory="27de3ba7-fd43-4bd3-bd5e-0f0222928e69" />
    <UnitTestResult executionId="cfaf0df3-108f-4d05-8434-be4550cb0116" testId="72723df0-292b-813b-6a25-bd4b93301bd7" testName="MSTest_P2_537" computerName="NAVB3" duration="00:00:00.0000844" startTime="2017-11-29T20:12:15.9340447+05:30" endTime="2017-11-29T20:12:15.9340447+05:30" testType="13cdc9d9-ddb5-4fa4-a97d-d965ccfc6d4b" outcome="Passed" testListId="8c84fa94-04c1-424b-9868-57a2d4851a1d" relativeResultsDirectory="cfaf0df3-108f-4d05-8434-be4550cb0116" />
    <UnitTestResult executionId="c89f6ef9-2d2f-41e8-886e-87d924683754" testId="27bd9190-4948-ce5f-e027-af484941e259" testName="MSTest_P2_538" computerName="NAVB3" duration="00:00:00.0000838" startTime="2017-11-29T20:12:15.9340447+05:30" endTime="2017-11-29T20:12:15.9340447+05:30" testType="13cdc9d9-ddb5-4fa4-a97d-d965ccfc6d4b" outcome="Passed" testListId="8c84fa94-04c1-424b-9868-57a2d4851a1d" relativeResultsDirectory="c89f6ef9-2d2f-41e8-886e-87d924683754" />
    <UnitTestResult executionId="7929795b-6367-4e49-99d6-5ff6be2706dd" testId="fdfbeb7c-11b3-3beb-c55a-8ea097db63c8" testName="MSTest_P2_539" computerName="NAVB3" duration="00:00:00.0000832" startTime="2017-11-29T20:12:15.9340447+05:30" endTime="2017-11-29T20:12:15.9340447+05:30" testType="13cdc9d9-ddb5-4fa4-a97d-d965ccfc6d4b" outcome="Passed" testListId="8c84fa94-04c1-424b-9868-57a2d4851a1d" relativeResultsDirectory="7929795b-6367-4e49-99d6-5ff6be2706dd" />
    <UnitTestResult executionId="14d3b393-7b3e-454d-85fa-8105ab8d0040" testId="2e11bbad-a552-5219-226e-7056b5ce7697" testName="MSTest_P2_540" computerName="NAVB3" duration="00:00:00.0000882" startTime="2017-11-29T20:12:15.9340447+05:30" endTime="2017-11-29T20:12:15.9340447+05:30" testType="13cdc9d9-ddb5-4fa4-a97d-d965ccfc6d4b" outcome="Passed" testListId="8c84fa94-04c1-424b-9868-57a2d4851a1d" relativeResultsDirectory="14d3b393-7b3e-454d-85fa-8105ab8d0040" />
    <UnitTestResult executionId="c656e2ed-8770-42cc-9e87-b12746be1e21" testId="4b4812c6-0d0a-0ab1-819c-d86e04dc55c7" testName="MSTest_P2_541" computerName="NAVB3" duration="00:00:00.0000870" startTime="2017-11-29T20:12:15.9340447+05:30" endTime="2017-11-29T20:12:15.9340447+05:30" testType="13cdc9d9-ddb5-4fa4-a97d-d965ccfc6d4b" outcome="Passed" testListId="8c84fa94-04c1-424b-9868-57a2d4851a1d" relativeResultsDirectory="c656e2ed-8770-42cc-9e87-b12746be1e21" />
    <UnitTestResult executionId="c7e8d95c-ca91-4bf6-ac4b-f18c2eec384f" testId="fba16ff8-1dd9-2338-6b6e-5a87d4c6c9ea" testName="MSTest_P2_542" computerName="NAVB3" duration="00:00:00.0000888" startTime="2017-11-29T20:12:15.9340447+05:30" endTime="2017-11-29T20:12:15.9340447+05:30" testType="13cdc9d9-ddb5-4fa4-a97d-d965ccfc6d4b" outcome="Passed" testListId="8c84fa94-04c1-424b-9868-57a2d4851a1d" relativeResultsDirectory="c7e8d95c-ca91-4bf6-ac4b-f18c2eec384f" />
    <UnitTestResult executionId="7e72afe0-bfc6-4e3b-a684-9c43a94f18c4" testId="809036b5-9cfc-f4b2-5ff3-932e18c30f49" testName="MSTest_P2_543" computerName="NAVB3" duration="00:00:00.0000882" startTime="2017-11-29T20:12:15.9340447+05:30" endTime="2017-11-29T20:12:15.9340447+05:30" testType="13cdc9d9-ddb5-4fa4-a97d-d965ccfc6d4b" outcome="Passed" testListId="8c84fa94-04c1-424b-9868-57a2d4851a1d" relativeResultsDirectory="7e72afe0-bfc6-4e3b-a684-9c43a94f18c4" />
    <UnitTestResult executionId="4fd34cf5-1b20-48be-aeb2-e15fe4633e08" testId="d7c9cab3-c1c9-6386-177d-a619c09ea26e" testName="MSTest_P2_544" computerName="NAVB3" duration="00:00:00.0000876" startTime="2017-11-29T20:12:15.9340447+05:30" endTime="2017-11-29T20:12:15.9340447+05:30" testType="13cdc9d9-ddb5-4fa4-a97d-d965ccfc6d4b" outcome="Passed" testListId="8c84fa94-04c1-424b-9868-57a2d4851a1d" relativeResultsDirectory="4fd34cf5-1b20-48be-aeb2-e15fe4633e08" />
    <UnitTestResult executionId="19380f88-a8f6-4828-b290-f08abc4e07f1" testId="662c26bc-d19f-881f-5a3b-3b472bcbec47" testName="MSTest_P2_545" computerName="NAVB3" duration="00:00:00.0000891" startTime="2017-11-29T20:12:15.9340447+05:30" endTime="2017-11-29T20:12:15.9340447+05:30" testType="13cdc9d9-ddb5-4fa4-a97d-d965ccfc6d4b" outcome="Passed" testListId="8c84fa94-04c1-424b-9868-57a2d4851a1d" relativeResultsDirectory="19380f88-a8f6-4828-b290-f08abc4e07f1" />
    <UnitTestResult executionId="18af5e2c-2338-4435-b77e-c6708d88de85" testId="7fec68fb-a3c3-9ad7-9647-5083ca2a9c0b" testName="MSTest_P2_546" computerName="NAVB3" duration="00:00:00.0000897" startTime="2017-11-29T20:12:15.9340447+05:30" endTime="2017-11-29T20:12:15.9340447+05:30" testType="13cdc9d9-ddb5-4fa4-a97d-d965ccfc6d4b" outcome="Passed" testListId="8c84fa94-04c1-424b-9868-57a2d4851a1d" relativeResultsDirectory="18af5e2c-2338-4435-b77e-c6708d88de85" />
    <UnitTestResult executionId="aa8c2394-e541-42d3-ae89-e91a3a605f98" testId="fd159612-71b0-b743-33dd-3f4e86b87698" testName="MSTest_P2_547" computerName="NAVB3" duration="00:00:00.0000888" startTime="2017-11-29T20:12:15.9340447+05:30" endTime="2017-11-29T20:12:15.9340447+05:30" testType="13cdc9d9-ddb5-4fa4-a97d-d965ccfc6d4b" outcome="Passed" testListId="8c84fa94-04c1-424b-9868-57a2d4851a1d" relativeResultsDirectory="aa8c2394-e541-42d3-ae89-e91a3a605f98" />
    <UnitTestResult executionId="638eddcf-bb21-4786-af3d-3ce54164e5fa" testId="349de77d-bf20-d1d2-ca58-ede03ea4c589" testName="MSTest_P2_548" computerName="NAVB3" duration="00:00:00.0000885" startTime="2017-11-29T20:12:15.9340447+05:30" endTime="2017-11-29T20:12:15.9340447+05:30" testType="13cdc9d9-ddb5-4fa4-a97d-d965ccfc6d4b" outcome="Passed" testListId="8c84fa94-04c1-424b-9868-57a2d4851a1d" relativeResultsDirectory="638eddcf-bb21-4786-af3d-3ce54164e5fa" />
    <UnitTestResult executionId="b61407fc-0086-43a1-addd-bc5b21c30ecc" testId="082c7339-7cc5-7c47-9922-763ff1cc2ed7" testName="MSTest_P2_549" computerName="NAVB3" duration="00:00:00.0000888" startTime="2017-11-29T20:12:15.9340447+05:30" endTime="2017-11-29T20:12:15.9340447+05:30" testType="13cdc9d9-ddb5-4fa4-a97d-d965ccfc6d4b" outcome="Passed" testListId="8c84fa94-04c1-424b-9868-57a2d4851a1d" relativeResultsDirectory="b61407fc-0086-43a1-addd-bc5b21c30ecc" />
    <UnitTestResult executionId="e41f7780-0e2d-46b9-b90a-124cff351fa1" testId="f8e840e4-fd18-1301-16a5-670948fb1fdc" testName="MSTest_P2_550" computerName="NAVB3" duration="00:00:00.0000894" startTime="2017-11-29T20:12:15.9340447+05:30" endTime="2017-11-29T20:12:15.9340447+05:30" testType="13cdc9d9-ddb5-4fa4-a97d-d965ccfc6d4b" outcome="Passed" testListId="8c84fa94-04c1-424b-9868-57a2d4851a1d" relativeResultsDirectory="e41f7780-0e2d-46b9-b90a-124cff351fa1" />
    <UnitTestResult executionId="27b04d2b-8bff-49a0-ba99-f95d6ef41a9c" testId="9d4d20ed-7122-1fba-7a07-68a842a1262a" testName="MSTest_P2_551" computerName="NAVB3" duration="00:00:00.0000862" startTime="2017-11-29T20:12:15.9340447+05:30" endTime="2017-11-29T20:12:15.9340447+05:30" testType="13cdc9d9-ddb5-4fa4-a97d-d965ccfc6d4b" outcome="Passed" testListId="8c84fa94-04c1-424b-9868-57a2d4851a1d" relativeResultsDirectory="27b04d2b-8bff-49a0-ba99-f95d6ef41a9c" />
    <UnitTestResult executionId="ccc9dc9c-226d-4d61-b66c-5867bbf22d69" testId="0e5f0a2e-368e-2490-7e26-f608a8254523" testName="MSTest_P2_552" computerName="NAVB3" duration="00:00:00.0000794" startTime="2017-11-29T20:12:15.9340447+05:30" endTime="2017-11-29T20:12:15.9340447+05:30" testType="13cdc9d9-ddb5-4fa4-a97d-d965ccfc6d4b" outcome="Passed" testListId="8c84fa94-04c1-424b-9868-57a2d4851a1d" relativeResultsDirectory="ccc9dc9c-226d-4d61-b66c-5867bbf22d69" />
    <UnitTestResult executionId="e665434b-b475-4e4c-b159-f266672ae722" testId="875088e7-68b6-f6e0-6a32-f2b4ed4c14b4" testName="MSTest_P2_553" computerName="NAVB3" duration="00:00:00.0000806" startTime="2017-11-29T20:12:15.9340447+05:30" endTime="2017-11-29T20:12:15.9340447+05:30" testType="13cdc9d9-ddb5-4fa4-a97d-d965ccfc6d4b" outcome="Passed" testListId="8c84fa94-04c1-424b-9868-57a2d4851a1d" relativeResultsDirectory="e665434b-b475-4e4c-b159-f266672ae722" />
    <UnitTestResult executionId="7d171b83-ccf9-4809-8748-3e837f38ac3e" testId="9cc5d565-f73b-a443-f68b-1e5854b6792c" testName="MSTest_P2_554" computerName="NAVB3" duration="00:00:00.0000806" startTime="2017-11-29T20:12:15.9340447+05:30" endTime="2017-11-29T20:12:15.9340447+05:30" testType="13cdc9d9-ddb5-4fa4-a97d-d965ccfc6d4b" outcome="Passed" testListId="8c84fa94-04c1-424b-9868-57a2d4851a1d" relativeResultsDirectory="7d171b83-ccf9-4809-8748-3e837f38ac3e" />
    <UnitTestResult executionId="1af03a46-577c-4e4b-a6f7-d5779c2e1b3e" testId="7d736325-4dd1-ff28-0317-4dd9055f7865" testName="MSTest_P2_555" computerName="NAVB3" duration="00:00:00.0000809" startTime="2017-11-29T20:12:15.9340447+05:30" endTime="2017-11-29T20:12:15.9340447+05:30" testType="13cdc9d9-ddb5-4fa4-a97d-d965ccfc6d4b" outcome="Passed" testListId="8c84fa94-04c1-424b-9868-57a2d4851a1d" relativeResultsDirectory="1af03a46-577c-4e4b-a6f7-d5779c2e1b3e" />
    <UnitTestResult executionId="ef6bd82b-fe75-4894-982e-603e728bcdec" testId="7b09c487-2fe1-4c0e-946d-ca6cc6caff6f" testName="MSTest_P2_556" computerName="NAVB3" duration="00:00:00.0000803" startTime="2017-11-29T20:12:15.9340447+05:30" endTime="2017-11-29T20:12:15.9340447+05:30" testType="13cdc9d9-ddb5-4fa4-a97d-d965ccfc6d4b" outcome="Passed" testListId="8c84fa94-04c1-424b-9868-57a2d4851a1d" relativeResultsDirectory="ef6bd82b-fe75-4894-982e-603e728bcdec" />
    <UnitTestResult executionId="adf635c3-ec81-4997-a163-6686abed7435" testId="bc21ff58-3b14-8973-0b02-2b4d21113581" testName="MSTest_P2_557" computerName="NAVB3" duration="00:00:00.0000809" startTime="2017-11-29T20:12:15.9340447+05:30" endTime="2017-11-29T20:12:15.9340447+05:30" testType="13cdc9d9-ddb5-4fa4-a97d-d965ccfc6d4b" outcome="Passed" testListId="8c84fa94-04c1-424b-9868-57a2d4851a1d" relativeResultsDirectory="adf635c3-ec81-4997-a163-6686abed7435" />
    <UnitTestResult executionId="86c9e990-968b-4fff-8256-cd3a07ad5b54" testId="a61cd15d-d694-4217-2314-94a75d5fde5d" testName="MSTest_P2_558" computerName="NAVB3" duration="00:00:00.0000809" startTime="2017-11-29T20:12:15.9340447+05:30" endTime="2017-11-29T20:12:15.9340447+05:30" testType="13cdc9d9-ddb5-4fa4-a97d-d965ccfc6d4b" outcome="Passed" testListId="8c84fa94-04c1-424b-9868-57a2d4851a1d" relativeResultsDirectory="86c9e990-968b-4fff-8256-cd3a07ad5b54" />
    <UnitTestResult executionId="f24f3d77-b25b-4796-938f-e22260bd0d83" testId="fb7d87eb-067f-4711-53f9-9139d33021bd" testName="MSTest_P2_559" computerName="NAVB3" duration="00:00:00.0000999" startTime="2017-11-29T20:12:15.9340447+05:30" endTime="2017-11-29T20:12:15.9340447+05:30" testType="13cdc9d9-ddb5-4fa4-a97d-d965ccfc6d4b" outcome="Passed" testListId="8c84fa94-04c1-424b-9868-57a2d4851a1d" relativeResultsDirectory="f24f3d77-b25b-4796-938f-e22260bd0d83" />
    <UnitTestResult executionId="d4f7a8d9-a1df-400d-8e62-3c012474f497" testId="809dc7a8-ce61-aa44-fca3-16b8d5b0ec1d" testName="MSTest_P2_560" computerName="NAVB3" duration="00:00:00.0000809" startTime="2017-11-29T20:12:15.9340447+05:30" endTime="2017-11-29T20:12:15.9340447+05:30" testType="13cdc9d9-ddb5-4fa4-a97d-d965ccfc6d4b" outcome="Passed" testListId="8c84fa94-04c1-424b-9868-57a2d4851a1d" relativeResultsDirectory="d4f7a8d9-a1df-400d-8e62-3c012474f497" />
    <UnitTestResult executionId="e88e86c4-960e-4518-81e6-8239a793fdc6" testId="79714c50-5eb1-d5d1-b32a-c7f10cf6fbe7" testName="MSTest_P2_561" computerName="NAVB3" duration="00:00:00.0000847" startTime="2017-11-29T20:12:15.9340447+05:30" endTime="2017-11-29T20:12:15.9340447+05:30" testType="13cdc9d9-ddb5-4fa4-a97d-d965ccfc6d4b" outcome="Passed" testListId="8c84fa94-04c1-424b-9868-57a2d4851a1d" relativeResultsDirectory="e88e86c4-960e-4518-81e6-8239a793fdc6" />
    <UnitTestResult executionId="6017b2d3-9294-43f2-9056-f320c6ad4215" testId="90b2e005-acc5-1d6c-5a43-a78c5ff76120" testName="MSTest_P2_562" computerName="NAVB3" duration="00:00:00.0000812" startTime="2017-11-29T20:12:15.9340447+05:30" endTime="2017-11-29T20:12:15.9340447+05:30" testType="13cdc9d9-ddb5-4fa4-a97d-d965ccfc6d4b" outcome="Passed" testListId="8c84fa94-04c1-424b-9868-57a2d4851a1d" relativeResultsDirectory="6017b2d3-9294-43f2-9056-f320c6ad4215" />
    <UnitTestResult executionId="c77b8429-28d2-4048-9779-32361fdf3f48" testId="689ffc80-ae01-18fa-b138-8bae52645615" testName="MSTest_P2_563" computerName="NAVB3" duration="00:00:00.0000806" startTime="2017-11-29T20:12:15.9340447+05:30" endTime="2017-11-29T20:12:15.9340447+05:30" testType="13cdc9d9-ddb5-4fa4-a97d-d965ccfc6d4b" outcome="Passed" testListId="8c84fa94-04c1-424b-9868-57a2d4851a1d" relativeResultsDirectory="c77b8429-28d2-4048-9779-32361fdf3f48" />
    <UnitTestResult executionId="5e63aa74-6f1e-4482-99a1-3d2a125baf1f" testId="ad289964-2943-3eb9-099e-d632a52a571e" testName="MSTest_P2_564" computerName="NAVB3" duration="00:00:00.0000806" startTime="2017-11-29T20:12:15.9340447+05:30" endTime="2017-11-29T20:12:15.9340447+05:30" testType="13cdc9d9-ddb5-4fa4-a97d-d965ccfc6d4b" outcome="Passed" testListId="8c84fa94-04c1-424b-9868-57a2d4851a1d" relativeResultsDirectory="5e63aa74-6f1e-4482-99a1-3d2a125baf1f" />
    <UnitTestResult executionId="dfb483f4-0cb0-4316-a843-ece13a0c9bef" testId="da11a2eb-6208-4f87-a0ec-cc4f270b7396" testName="MSTest_P2_565" computerName="NAVB3" duration="00:00:00.0000812" startTime="2017-11-29T20:12:15.9340447+05:30" endTime="2017-11-29T20:12:15.9340447+05:30" testType="13cdc9d9-ddb5-4fa4-a97d-d965ccfc6d4b" outcome="Passed" testListId="8c84fa94-04c1-424b-9868-57a2d4851a1d" relativeResultsDirectory="dfb483f4-0cb0-4316-a843-ece13a0c9bef" />
    <UnitTestResult executionId="1bcfd0c6-cfb4-4b92-8678-45d63a9d6545" testId="b019235f-b6d9-c1e6-9ed6-84d1850247d9" testName="MSTest_P2_566" computerName="NAVB3" duration="00:00:00.0000815" startTime="2017-11-29T20:12:15.9340447+05:30" endTime="2017-11-29T20:12:15.9340447+05:30" testType="13cdc9d9-ddb5-4fa4-a97d-d965ccfc6d4b" outcome="Passed" testListId="8c84fa94-04c1-424b-9868-57a2d4851a1d" relativeResultsDirectory="1bcfd0c6-cfb4-4b92-8678-45d63a9d6545" />
    <UnitTestResult executionId="8f719e11-326c-46f1-af84-d08d9e1e16cc" testId="c636ae84-7c6c-cc08-2935-5ac732a93a48" testName="MSTest_P2_567" computerName="NAVB3" duration="00:00:00.0000803" startTime="2017-11-29T20:12:15.9340447+05:30" endTime="2017-11-29T20:12:15.9340447+05:30" testType="13cdc9d9-ddb5-4fa4-a97d-d965ccfc6d4b" outcome="Passed" testListId="8c84fa94-04c1-424b-9868-57a2d4851a1d" relativeResultsDirectory="8f719e11-326c-46f1-af84-d08d9e1e16cc" />
    <UnitTestResult executionId="b1728d06-b3cd-4629-b957-d8ecdf15811c" testId="99231236-53fd-bcc2-b2f1-35bf8c9f2cee" testName="MSTest_P2_568" computerName="NAVB3" duration="00:00:00.0000809" startTime="2017-11-29T20:12:15.9340447+05:30" endTime="2017-11-29T20:12:15.9340447+05:30" testType="13cdc9d9-ddb5-4fa4-a97d-d965ccfc6d4b" outcome="Passed" testListId="8c84fa94-04c1-424b-9868-57a2d4851a1d" relativeResultsDirectory="b1728d06-b3cd-4629-b957-d8ecdf15811c" />
    <UnitTestResult executionId="e144fb62-42bb-4d35-ae6e-f9b0be90692b" testId="c2a6d61d-4f19-2ce9-e980-ef896a04601b" testName="MSTest_P2_569" computerName="NAVB3" duration="00:00:00.0000812" startTime="2017-11-29T20:12:15.9340447+05:30" endTime="2017-11-29T20:12:15.9340447+05:30" testType="13cdc9d9-ddb5-4fa4-a97d-d965ccfc6d4b" outcome="Passed" testListId="8c84fa94-04c1-424b-9868-57a2d4851a1d" relativeResultsDirectory="e144fb62-42bb-4d35-ae6e-f9b0be90692b" />
    <UnitTestResult executionId="824a4f03-15b6-40e3-bc05-e6e97fbec6f6" testId="13b7e519-447e-5e0e-9a3c-3c3335bd94f7" testName="MSTest_P2_570" computerName="NAVB3" duration="00:00:00.0000818" startTime="2017-11-29T20:12:15.9340447+05:30" endTime="2017-11-29T20:12:15.9340447+05:30" testType="13cdc9d9-ddb5-4fa4-a97d-d965ccfc6d4b" outcome="Passed" testListId="8c84fa94-04c1-424b-9868-57a2d4851a1d" relativeResultsDirectory="824a4f03-15b6-40e3-bc05-e6e97fbec6f6" />
    <UnitTestResult executionId="4fe6a4a4-7432-4715-85e4-a768eeca3a39" testId="e08737b9-1fe6-529d-d946-521023a440a3" testName="MSTest_P2_571" computerName="NAVB3" duration="00:00:00.0000809" startTime="2017-11-29T20:12:15.9340447+05:30" endTime="2017-11-29T20:12:15.9340447+05:30" testType="13cdc9d9-ddb5-4fa4-a97d-d965ccfc6d4b" outcome="Passed" testListId="8c84fa94-04c1-424b-9868-57a2d4851a1d" relativeResultsDirectory="4fe6a4a4-7432-4715-85e4-a768eeca3a39" />
    <UnitTestResult executionId="26375f42-a315-40bd-917c-79db2c0d6da0" testId="8c4dc4e0-e4dd-8342-9276-c69c90a367a4" testName="MSTest_P2_572" computerName="NAVB3" duration="00:00:00.0000806" startTime="2017-11-29T20:12:15.9340447+05:30" endTime="2017-11-29T20:12:15.9340447+05:30" testType="13cdc9d9-ddb5-4fa4-a97d-d965ccfc6d4b" outcome="Passed" testListId="8c84fa94-04c1-424b-9868-57a2d4851a1d" relativeResultsDirectory="26375f42-a315-40bd-917c-79db2c0d6da0" />
    <UnitTestResult executionId="ce1473d9-058f-4b7c-9cac-4ced6e53fa70" testId="7f0a7865-cba7-e81e-fef8-04d0bb1f3e03" testName="MSTest_P2_573" computerName="NAVB3" duration="00:00:00.0000818" startTime="2017-11-29T20:12:15.9340447+05:30" endTime="2017-11-29T20:12:15.9340447+05:30" testType="13cdc9d9-ddb5-4fa4-a97d-d965ccfc6d4b" outcome="Passed" testListId="8c84fa94-04c1-424b-9868-57a2d4851a1d" relativeResultsDirectory="ce1473d9-058f-4b7c-9cac-4ced6e53fa70" />
    <UnitTestResult executionId="bf483650-2878-4970-aae3-a61efa2d23f2" testId="a2a392f4-9208-dadc-b9c5-6bcf7141eeef" testName="MSTest_P2_574" computerName="NAVB3" duration="00:00:00.0000809" startTime="2017-11-29T20:12:15.9340447+05:30" endTime="2017-11-29T20:12:15.9340447+05:30" testType="13cdc9d9-ddb5-4fa4-a97d-d965ccfc6d4b" outcome="Passed" testListId="8c84fa94-04c1-424b-9868-57a2d4851a1d" relativeResultsDirectory="bf483650-2878-4970-aae3-a61efa2d23f2" />
    <UnitTestResult executionId="6d7c12aa-9586-409a-985a-650efce81165" testId="352e150b-24db-9a0c-6e6c-53d48231945d" testName="MSTest_P2_575" computerName="NAVB3" duration="00:00:00.0000809" startTime="2017-11-29T20:12:15.9340447+05:30" endTime="2017-11-29T20:12:15.9340447+05:30" testType="13cdc9d9-ddb5-4fa4-a97d-d965ccfc6d4b" outcome="Passed" testListId="8c84fa94-04c1-424b-9868-57a2d4851a1d" relativeResultsDirectory="6d7c12aa-9586-409a-985a-650efce81165" />
    <UnitTestResult executionId="3c9789cc-e4af-4d7f-add4-ffa669a82ac1" testId="55bb454f-9cea-2d0c-9de8-1082887d5477" testName="MSTest_P2_576" computerName="NAVB3" duration="00:00:00.0000806" startTime="2017-11-29T20:12:15.9340447+05:30" endTime="2017-11-29T20:12:15.9340447+05:30" testType="13cdc9d9-ddb5-4fa4-a97d-d965ccfc6d4b" outcome="Passed" testListId="8c84fa94-04c1-424b-9868-57a2d4851a1d" relativeResultsDirectory="3c9789cc-e4af-4d7f-add4-ffa669a82ac1" />
    <UnitTestResult executionId="6cca1105-4596-4bcf-9162-aacfb677fee0" testId="cd080ca0-655a-7010-db17-2d5a58bf5cf8" testName="MSTest_P2_577" computerName="NAVB3" duration="00:00:00.0000809" startTime="2017-11-29T20:12:15.9340447+05:30" endTime="2017-11-29T20:12:15.9340447+05:30" testType="13cdc9d9-ddb5-4fa4-a97d-d965ccfc6d4b" outcome="Passed" testListId="8c84fa94-04c1-424b-9868-57a2d4851a1d" relativeResultsDirectory="6cca1105-4596-4bcf-9162-aacfb677fee0" />
    <UnitTestResult executionId="e9ecc711-e5bf-466d-ac4a-0d8391dbbfa5" testId="a3b4422f-6936-c141-3538-498b4226ec66" testName="MSTest_P2_578" computerName="NAVB3" duration="00:00:00.0000809" startTime="2017-11-29T20:12:15.9340447+05:30" endTime="2017-11-29T20:12:15.9340447+05:30" testType="13cdc9d9-ddb5-4fa4-a97d-d965ccfc6d4b" outcome="Passed" testListId="8c84fa94-04c1-424b-9868-57a2d4851a1d" relativeResultsDirectory="e9ecc711-e5bf-466d-ac4a-0d8391dbbfa5" />
    <UnitTestResult executionId="89cf473b-3506-444b-9983-bd809b2e1a6b" testId="9c62c3e7-261f-d123-cce8-f248d6add621" testName="MSTest_P2_579" computerName="NAVB3" duration="00:00:00.0000815" startTime="2017-11-29T20:12:15.9340447+05:30" endTime="2017-11-29T20:12:15.9340447+05:30" testType="13cdc9d9-ddb5-4fa4-a97d-d965ccfc6d4b" outcome="Passed" testListId="8c84fa94-04c1-424b-9868-57a2d4851a1d" relativeResultsDirectory="89cf473b-3506-444b-9983-bd809b2e1a6b" />
    <UnitTestResult executionId="a68c5922-f979-4ba4-bdbb-e71fe88f7d4f" testId="46d28ad6-deb4-09da-ed2b-bf5fc6628fc8" testName="MSTest_P2_580" computerName="NAVB3" duration="00:00:00.0000812" startTime="2017-11-29T20:12:15.9340447+05:30" endTime="2017-11-29T20:12:15.9340447+05:30" testType="13cdc9d9-ddb5-4fa4-a97d-d965ccfc6d4b" outcome="Passed" testListId="8c84fa94-04c1-424b-9868-57a2d4851a1d" relativeResultsDirectory="a68c5922-f979-4ba4-bdbb-e71fe88f7d4f" />
    <UnitTestResult executionId="d0076556-7abf-428c-9ccf-ce15f94a1157" testId="1cc79c2e-0aac-d055-10df-3245802c9312" testName="MSTest_P2_581" computerName="NAVB3" duration="00:00:00.0000815" startTime="2017-11-29T20:12:15.9340447+05:30" endTime="2017-11-29T20:12:15.9340447+05:30" testType="13cdc9d9-ddb5-4fa4-a97d-d965ccfc6d4b" outcome="Passed" testListId="8c84fa94-04c1-424b-9868-57a2d4851a1d" relativeResultsDirectory="d0076556-7abf-428c-9ccf-ce15f94a1157" />
    <UnitTestResult executionId="6d9463c1-4cc2-459f-9e8d-76ba88dbd77a" testId="00c9367a-dbeb-babf-2048-916d2acdf4f7" testName="MSTest_P2_582" computerName="NAVB3" duration="00:00:00.0000818" startTime="2017-11-29T20:12:15.9340447+05:30" endTime="2017-11-29T20:12:15.9340447+05:30" testType="13cdc9d9-ddb5-4fa4-a97d-d965ccfc6d4b" outcome="Passed" testListId="8c84fa94-04c1-424b-9868-57a2d4851a1d" relativeResultsDirectory="6d9463c1-4cc2-459f-9e8d-76ba88dbd77a" />
    <UnitTestResult executionId="3fe7e3ec-7170-45bb-98ab-46de571502b2" testId="77fd3bc3-ca21-2bf7-1001-7b2d3bf56275" testName="MSTest_P2_583" computerName="NAVB3" duration="00:00:00.0000985" startTime="2017-11-29T20:12:15.9340447+05:30" endTime="2017-11-29T20:12:15.9496677+05:30" testType="13cdc9d9-ddb5-4fa4-a97d-d965ccfc6d4b" outcome="Passed" testListId="8c84fa94-04c1-424b-9868-57a2d4851a1d" relativeResultsDirectory="3fe7e3ec-7170-45bb-98ab-46de571502b2" />
    <UnitTestResult executionId="50ac6e1e-c8a7-41b2-9098-9666288519f1" testId="1e875ee1-ba06-caaa-f566-d5714d44dd68" testName="MSTest_P2_584" computerName="NAVB3" duration="00:00:00.0000832" startTime="2017-11-29T20:12:15.9496677+05:30" endTime="2017-11-29T20:12:15.9496677+05:30" testType="13cdc9d9-ddb5-4fa4-a97d-d965ccfc6d4b" outcome="Passed" testListId="8c84fa94-04c1-424b-9868-57a2d4851a1d" relativeResultsDirectory="50ac6e1e-c8a7-41b2-9098-9666288519f1" />
    <UnitTestResult executionId="3fe8ca5a-84b3-4106-bde6-6fea4a6df029" testId="9088f3dd-8dc4-c819-5b3a-457dd18ba798" testName="MSTest_P2_585" computerName="NAVB3" duration="00:00:00.0000941" startTime="2017-11-29T20:12:15.9496677+05:30" endTime="2017-11-29T20:12:15.9496677+05:30" testType="13cdc9d9-ddb5-4fa4-a97d-d965ccfc6d4b" outcome="Passed" testListId="8c84fa94-04c1-424b-9868-57a2d4851a1d" relativeResultsDirectory="3fe8ca5a-84b3-4106-bde6-6fea4a6df029" />
    <UnitTestResult executionId="8f122c84-99a4-4d99-b8d6-a943f602e620" testId="952c328e-00b2-fcd1-1c6a-978b594935a5" testName="MSTest_P2_586" computerName="NAVB3" duration="00:00:00.0000929" startTime="2017-11-29T20:12:15.9496677+05:30" endTime="2017-11-29T20:12:15.9496677+05:30" testType="13cdc9d9-ddb5-4fa4-a97d-d965ccfc6d4b" outcome="Passed" testListId="8c84fa94-04c1-424b-9868-57a2d4851a1d" relativeResultsDirectory="8f122c84-99a4-4d99-b8d6-a943f602e620" />
    <UnitTestResult executionId="cc8ff63a-d997-4e4b-8224-56b7e963c6a3" testId="c596a6e3-f667-1ce9-a00b-5dac9db1c828" testName="MSTest_P2_587" computerName="NAVB3" duration="00:00:00.0000967" startTime="2017-11-29T20:12:15.9496677+05:30" endTime="2017-11-29T20:12:15.9496677+05:30" testType="13cdc9d9-ddb5-4fa4-a97d-d965ccfc6d4b" outcome="Passed" testListId="8c84fa94-04c1-424b-9868-57a2d4851a1d" relativeResultsDirectory="cc8ff63a-d997-4e4b-8224-56b7e963c6a3" />
    <UnitTestResult executionId="5fc833f5-20a1-4e45-84a5-98ea5e01fec0" testId="700b7243-2131-0478-6625-11e19a3b6196" testName="MSTest_P2_588" computerName="NAVB3" duration="00:00:00.0001043" startTime="2017-11-29T20:12:15.9496677+05:30" endTime="2017-11-29T20:12:15.9496677+05:30" testType="13cdc9d9-ddb5-4fa4-a97d-d965ccfc6d4b" outcome="Passed" testListId="8c84fa94-04c1-424b-9868-57a2d4851a1d" relativeResultsDirectory="5fc833f5-20a1-4e45-84a5-98ea5e01fec0" />
    <UnitTestResult executionId="9afb36df-c500-4350-b2de-9fa362db9a17" testId="5f3f9071-e72d-11e5-cfb2-09f868e8c2eb" testName="MSTest_P2_589" computerName="NAVB3" duration="00:00:00.0000812" startTime="2017-11-29T20:12:15.9496677+05:30" endTime="2017-11-29T20:12:15.9496677+05:30" testType="13cdc9d9-ddb5-4fa4-a97d-d965ccfc6d4b" outcome="Passed" testListId="8c84fa94-04c1-424b-9868-57a2d4851a1d" relativeResultsDirectory="9afb36df-c500-4350-b2de-9fa362db9a17" />
    <UnitTestResult executionId="de4b172c-f73e-476d-9215-45d39cc5a068" testId="18bc6132-d4be-24ab-ba89-49edeb609383" testName="MSTest_P2_590" computerName="NAVB3" duration="00:00:00.0000829" startTime="2017-11-29T20:12:15.9496677+05:30" endTime="2017-11-29T20:12:15.9496677+05:30" testType="13cdc9d9-ddb5-4fa4-a97d-d965ccfc6d4b" outcome="Passed" testListId="8c84fa94-04c1-424b-9868-57a2d4851a1d" relativeResultsDirectory="de4b172c-f73e-476d-9215-45d39cc5a068" />
    <UnitTestResult executionId="435197ef-a167-4246-a0ac-525e35cbeef3" testId="ed66a6cc-b05f-6df5-3242-4686b5f5f796" testName="MSTest_P2_591" computerName="NAVB3" duration="00:00:00.0000791" startTime="2017-11-29T20:12:15.9496677+05:30" endTime="2017-11-29T20:12:15.9496677+05:30" testType="13cdc9d9-ddb5-4fa4-a97d-d965ccfc6d4b" outcome="Passed" testListId="8c84fa94-04c1-424b-9868-57a2d4851a1d" relativeResultsDirectory="435197ef-a167-4246-a0ac-525e35cbeef3" />
    <UnitTestResult executionId="daf98233-464f-447c-83da-32b1b7b52871" testId="ca67437b-73b8-ceef-9445-52b4b58e5290" testName="MSTest_P2_592" computerName="NAVB3" duration="00:00:00.0000788" startTime="2017-11-29T20:12:15.9496677+05:30" endTime="2017-11-29T20:12:15.9496677+05:30" testType="13cdc9d9-ddb5-4fa4-a97d-d965ccfc6d4b" outcome="Passed" testListId="8c84fa94-04c1-424b-9868-57a2d4851a1d" relativeResultsDirectory="daf98233-464f-447c-83da-32b1b7b52871" />
    <UnitTestResult executionId="cb40763e-60bf-4225-af05-1ef13c829c8b" testId="84c2e018-bfdb-d939-f8a3-ac81ef51563a" testName="MSTest_P2_593" computerName="NAVB3" duration="00:00:00.0000891" startTime="2017-11-29T20:12:15.9496677+05:30" endTime="2017-11-29T20:12:15.9496677+05:30" testType="13cdc9d9-ddb5-4fa4-a97d-d965ccfc6d4b" outcome="Passed" testListId="8c84fa94-04c1-424b-9868-57a2d4851a1d" relativeResultsDirectory="cb40763e-60bf-4225-af05-1ef13c829c8b" />
    <UnitTestResult executionId="d62be4dd-ec79-4fe1-8587-cb072b5eb547" testId="326669d6-1df5-ae8b-ecc8-21a451cb99e7" testName="MSTest_P2_594" computerName="NAVB3" duration="00:00:00.0000785" startTime="2017-11-29T20:12:15.9496677+05:30" endTime="2017-11-29T20:12:15.9496677+05:30" testType="13cdc9d9-ddb5-4fa4-a97d-d965ccfc6d4b" outcome="Passed" testListId="8c84fa94-04c1-424b-9868-57a2d4851a1d" relativeResultsDirectory="d62be4dd-ec79-4fe1-8587-cb072b5eb547" />
    <UnitTestResult executionId="58d846e8-4038-4c04-8b97-a4ea6d651dfe" testId="cc1e114a-7a5b-882e-d4e9-1afd637fbbff" testName="MSTest_P2_595" computerName="NAVB3" duration="00:00:00.0000780" startTime="2017-11-29T20:12:15.9496677+05:30" endTime="2017-11-29T20:12:15.9496677+05:30" testType="13cdc9d9-ddb5-4fa4-a97d-d965ccfc6d4b" outcome="Passed" testListId="8c84fa94-04c1-424b-9868-57a2d4851a1d" relativeResultsDirectory="58d846e8-4038-4c04-8b97-a4ea6d651dfe" />
    <UnitTestResult executionId="42bd7718-7f46-4eb3-9af0-bc0ec200df27" testId="98abf001-8325-724b-3646-dcd498785d7a" testName="MSTest_P2_426" computerName="NAVB3" duration="00:00:00.0000785" startTime="2017-11-29T20:12:15.9496677+05:30" endTime="2017-11-29T20:12:15.9496677+05:30" testType="13cdc9d9-ddb5-4fa4-a97d-d965ccfc6d4b" outcome="Passed" testListId="8c84fa94-04c1-424b-9868-57a2d4851a1d" relativeResultsDirectory="42bd7718-7f46-4eb3-9af0-bc0ec200df27" />
    <UnitTestResult executionId="5eebe138-93e2-4d70-bd8e-86f178fcf17d" testId="3f6eb43b-0967-1e14-7b80-9a15a48c8d89" testName="MSTest_P2_427" computerName="NAVB3" duration="00:00:00.0000821" startTime="2017-11-29T20:12:15.9496677+05:30" endTime="2017-11-29T20:12:15.9496677+05:30" testType="13cdc9d9-ddb5-4fa4-a97d-d965ccfc6d4b" outcome="Passed" testListId="8c84fa94-04c1-424b-9868-57a2d4851a1d" relativeResultsDirectory="5eebe138-93e2-4d70-bd8e-86f178fcf17d" />
    <UnitTestResult executionId="e86d25c8-b754-4308-b66c-9c4fe83163cf" testId="4807b0ac-94b7-616f-4738-4843ed0f0eae" testName="MSTest_P2_428" computerName="NAVB3" duration="00:00:00.0000818" startTime="2017-11-29T20:12:15.9496677+05:30" endTime="2017-11-29T20:12:15.9496677+05:30" testType="13cdc9d9-ddb5-4fa4-a97d-d965ccfc6d4b" outcome="Passed" testListId="8c84fa94-04c1-424b-9868-57a2d4851a1d" relativeResultsDirectory="e86d25c8-b754-4308-b66c-9c4fe83163cf" />
    <UnitTestResult executionId="1fe73eba-7fd4-45c6-b2bf-ca6ab4d991a1" testId="82727f2a-6150-fc24-7a49-51f80cdb4987" testName="MSTest_P2_429" computerName="NAVB3" duration="00:00:00.0000894" startTime="2017-11-29T20:12:15.9496677+05:30" endTime="2017-11-29T20:12:15.9496677+05:30" testType="13cdc9d9-ddb5-4fa4-a97d-d965ccfc6d4b" outcome="Passed" testListId="8c84fa94-04c1-424b-9868-57a2d4851a1d" relativeResultsDirectory="1fe73eba-7fd4-45c6-b2bf-ca6ab4d991a1" />
    <UnitTestResult executionId="b3ebc39e-4a74-4776-a79d-d4f397bba6e5" testId="6d95c5f4-22d9-e776-2353-03f6df58ff86" testName="MSTest_P2_430" computerName="NAVB3" duration="00:00:00.0000824" startTime="2017-11-29T20:12:15.9496677+05:30" endTime="2017-11-29T20:12:15.9496677+05:30" testType="13cdc9d9-ddb5-4fa4-a97d-d965ccfc6d4b" outcome="Passed" testListId="8c84fa94-04c1-424b-9868-57a2d4851a1d" relativeResultsDirectory="b3ebc39e-4a74-4776-a79d-d4f397bba6e5" />
    <UnitTestResult executionId="9085ff31-7e97-494b-be9c-be0b3f8536e4" testId="051d2aec-46df-a900-8843-4b0d6b05afb0" testName="MSTest_P2_431" computerName="NAVB3" duration="00:00:00.0000824" startTime="2017-11-29T20:12:15.9496677+05:30" endTime="2017-11-29T20:12:15.9496677+05:30" testType="13cdc9d9-ddb5-4fa4-a97d-d965ccfc6d4b" outcome="Passed" testListId="8c84fa94-04c1-424b-9868-57a2d4851a1d" relativeResultsDirectory="9085ff31-7e97-494b-be9c-be0b3f8536e4" />
    <UnitTestResult executionId="4a7673ac-a00b-4ca2-bca0-4712d87036d3" testId="853ac102-a930-910d-cb4b-4b005698cc6d" testName="MSTest_P2_432" computerName="NAVB3" duration="00:00:00.0000815" startTime="2017-11-29T20:12:15.9496677+05:30" endTime="2017-11-29T20:12:15.9496677+05:30" testType="13cdc9d9-ddb5-4fa4-a97d-d965ccfc6d4b" outcome="Passed" testListId="8c84fa94-04c1-424b-9868-57a2d4851a1d" relativeResultsDirectory="4a7673ac-a00b-4ca2-bca0-4712d87036d3" />
    <UnitTestResult executionId="85f26390-15ee-44c5-847e-7c27ce6f36e2" testId="47ca7fad-29cc-f160-b547-703391f4c7c1" testName="MSTest_P2_433" computerName="NAVB3" duration="00:00:00.0000821" startTime="2017-11-29T20:12:15.9496677+05:30" endTime="2017-11-29T20:12:15.9496677+05:30" testType="13cdc9d9-ddb5-4fa4-a97d-d965ccfc6d4b" outcome="Passed" testListId="8c84fa94-04c1-424b-9868-57a2d4851a1d" relativeResultsDirectory="85f26390-15ee-44c5-847e-7c27ce6f36e2" />
    <UnitTestResult executionId="b93fb749-c65a-449f-adae-24844f5eb3cc" testId="8b3a9ffa-bc6d-bbe3-14b1-e8f5717a3826" testName="MSTest_P2_434" computerName="NAVB3" duration="00:00:00.0000824" startTime="2017-11-29T20:12:15.9496677+05:30" endTime="2017-11-29T20:12:15.9496677+05:30" testType="13cdc9d9-ddb5-4fa4-a97d-d965ccfc6d4b" outcome="Passed" testListId="8c84fa94-04c1-424b-9868-57a2d4851a1d" relativeResultsDirectory="b93fb749-c65a-449f-adae-24844f5eb3cc" />
    <UnitTestResult executionId="e98eb820-ec1a-4bf5-9282-46f7d9defe23" testId="9f99169d-223d-c18b-81c1-2a4fc7718ff4" testName="MSTest_P2_435" computerName="NAVB3" duration="00:00:00.0000821" startTime="2017-11-29T20:12:15.9496677+05:30" endTime="2017-11-29T20:12:15.9496677+05:30" testType="13cdc9d9-ddb5-4fa4-a97d-d965ccfc6d4b" outcome="Passed" testListId="8c84fa94-04c1-424b-9868-57a2d4851a1d" relativeResultsDirectory="e98eb820-ec1a-4bf5-9282-46f7d9defe23" />
    <UnitTestResult executionId="9659b8e3-b515-430d-ba44-4011aee86ec8" testId="c172ec41-53cc-73e3-6f28-d49974dc4c14" testName="MSTest_P2_436" computerName="NAVB3" duration="00:00:00.0000821" startTime="2017-11-29T20:12:15.9496677+05:30" endTime="2017-11-29T20:12:15.9496677+05:30" testType="13cdc9d9-ddb5-4fa4-a97d-d965ccfc6d4b" outcome="Passed" testListId="8c84fa94-04c1-424b-9868-57a2d4851a1d" relativeResultsDirectory="9659b8e3-b515-430d-ba44-4011aee86ec8" />
    <UnitTestResult executionId="513aab95-cf0d-404b-8aed-cabb94e8c7bb" testId="f5fdd381-1fe6-8dbf-3d15-553d9c5900b7" testName="MSTest_P2_437" computerName="NAVB3" duration="00:00:00.0000832" startTime="2017-11-29T20:12:15.9496677+05:30" endTime="2017-11-29T20:12:15.9496677+05:30" testType="13cdc9d9-ddb5-4fa4-a97d-d965ccfc6d4b" outcome="Passed" testListId="8c84fa94-04c1-424b-9868-57a2d4851a1d" relativeResultsDirectory="513aab95-cf0d-404b-8aed-cabb94e8c7bb" />
    <UnitTestResult executionId="4907ab6c-a467-4e21-be96-a0185663cd34" testId="a63a9b99-cb84-bafc-6c65-02b668a630ec" testName="MSTest_P2_438" computerName="NAVB3" duration="00:00:00.0000821" startTime="2017-11-29T20:12:15.9496677+05:30" endTime="2017-11-29T20:12:15.9496677+05:30" testType="13cdc9d9-ddb5-4fa4-a97d-d965ccfc6d4b" outcome="Passed" testListId="8c84fa94-04c1-424b-9868-57a2d4851a1d" relativeResultsDirectory="4907ab6c-a467-4e21-be96-a0185663cd34" />
    <UnitTestResult executionId="46dd55c7-e1f5-43d3-bab4-93f0c412ef04" testId="e09e8dca-38a8-b253-db1d-83696b91edf1" testName="MSTest_P2_439" computerName="NAVB3" duration="00:00:00.0000841" startTime="2017-11-29T20:12:15.9496677+05:30" endTime="2017-11-29T20:12:15.9496677+05:30" testType="13cdc9d9-ddb5-4fa4-a97d-d965ccfc6d4b" outcome="Passed" testListId="8c84fa94-04c1-424b-9868-57a2d4851a1d" relativeResultsDirectory="46dd55c7-e1f5-43d3-bab4-93f0c412ef04" />
    <UnitTestResult executionId="4b28e352-0d12-4882-921f-bdab2ac666c0" testId="70220e49-de77-3dca-1307-614c51c1863d" testName="MSTest_P2_440" computerName="NAVB3" duration="00:00:00.0000835" startTime="2017-11-29T20:12:15.9496677+05:30" endTime="2017-11-29T20:12:15.9496677+05:30" testType="13cdc9d9-ddb5-4fa4-a97d-d965ccfc6d4b" outcome="Passed" testListId="8c84fa94-04c1-424b-9868-57a2d4851a1d" relativeResultsDirectory="4b28e352-0d12-4882-921f-bdab2ac666c0" />
    <UnitTestResult executionId="028e6534-73b8-4345-9e2f-11b632daa751" testId="a354306d-3554-d7a5-2e85-7b50f1eade92" testName="MSTest_P2_441" computerName="NAVB3" duration="00:00:00.0000826" startTime="2017-11-29T20:12:15.9496677+05:30" endTime="2017-11-29T20:12:15.9496677+05:30" testType="13cdc9d9-ddb5-4fa4-a97d-d965ccfc6d4b" outcome="Passed" testListId="8c84fa94-04c1-424b-9868-57a2d4851a1d" relativeResultsDirectory="028e6534-73b8-4345-9e2f-11b632daa751" />
    <UnitTestResult executionId="84ca23e5-4bf7-49a6-b439-9f954e46e460" testId="66b442d3-e450-79e0-60a2-bc39ce3f8d01" testName="MSTest_P2_442" computerName="NAVB3" duration="00:00:00.0000815" startTime="2017-11-29T20:12:15.9496677+05:30" endTime="2017-11-29T20:12:15.9496677+05:30" testType="13cdc9d9-ddb5-4fa4-a97d-d965ccfc6d4b" outcome="Passed" testListId="8c84fa94-04c1-424b-9868-57a2d4851a1d" relativeResultsDirectory="84ca23e5-4bf7-49a6-b439-9f954e46e460" />
    <UnitTestResult executionId="0c8540e0-f2c7-434c-90e5-56e45dd743c2" testId="c135c7cb-6cf0-c617-c56f-13200e918382" testName="MSTest_P2_443" computerName="NAVB3" duration="00:00:00.0000826" startTime="2017-11-29T20:12:15.9496677+05:30" endTime="2017-11-29T20:12:15.9496677+05:30" testType="13cdc9d9-ddb5-4fa4-a97d-d965ccfc6d4b" outcome="Passed" testListId="8c84fa94-04c1-424b-9868-57a2d4851a1d" relativeResultsDirectory="0c8540e0-f2c7-434c-90e5-56e45dd743c2" />
    <UnitTestResult executionId="4cf1fd26-afd3-4154-a5b6-b42f50ab35ab" testId="b23a438d-564b-243a-5eff-75fb6294a6ff" testName="MSTest_P2_444" computerName="NAVB3" duration="00:00:00.0000832" startTime="2017-11-29T20:12:15.9496677+05:30" endTime="2017-11-29T20:12:15.9496677+05:30" testType="13cdc9d9-ddb5-4fa4-a97d-d965ccfc6d4b" outcome="Passed" testListId="8c84fa94-04c1-424b-9868-57a2d4851a1d" relativeResultsDirectory="4cf1fd26-afd3-4154-a5b6-b42f50ab35ab" />
    <UnitTestResult executionId="d4baf1d6-c25d-4347-b48a-571c4f237f19" testId="c08f4ceb-c90f-e1d8-5be1-f089fb0fb815" testName="MSTest_P2_445" computerName="NAVB3" duration="00:00:00.0000829" startTime="2017-11-29T20:12:15.9496677+05:30" endTime="2017-11-29T20:12:15.9496677+05:30" testType="13cdc9d9-ddb5-4fa4-a97d-d965ccfc6d4b" outcome="Passed" testListId="8c84fa94-04c1-424b-9868-57a2d4851a1d" relativeResultsDirectory="d4baf1d6-c25d-4347-b48a-571c4f237f19" />
    <UnitTestResult executionId="7398f077-f546-4f03-81d6-e5ee85c4cb64" testId="3ae9efa9-0f57-fd3d-f153-53ac3fa0c046" testName="MSTest_P2_446" computerName="NAVB3" duration="00:00:00.0000824" startTime="2017-11-29T20:12:15.9496677+05:30" endTime="2017-11-29T20:12:15.9496677+05:30" testType="13cdc9d9-ddb5-4fa4-a97d-d965ccfc6d4b" outcome="Passed" testListId="8c84fa94-04c1-424b-9868-57a2d4851a1d" relativeResultsDirectory="7398f077-f546-4f03-81d6-e5ee85c4cb64" />
    <UnitTestResult executionId="e4f98445-cea7-435c-919f-aa59c8eda54b" testId="06ae0461-9d74-dd4d-90dc-a32067cf74a2" testName="MSTest_P2_447" computerName="NAVB3" duration="00:00:00.0000826" startTime="2017-11-29T20:12:15.9496677+05:30" endTime="2017-11-29T20:12:15.9496677+05:30" testType="13cdc9d9-ddb5-4fa4-a97d-d965ccfc6d4b" outcome="Passed" testListId="8c84fa94-04c1-424b-9868-57a2d4851a1d" relativeResultsDirectory="e4f98445-cea7-435c-919f-aa59c8eda54b" />
    <UnitTestResult executionId="800ca639-655e-488b-9213-645ac787f078" testId="995b1b41-31ab-128a-aea4-2fd901ef9d76" testName="MSTest_P2_448" computerName="NAVB3" duration="00:00:00.0000832" startTime="2017-11-29T20:12:15.9496677+05:30" endTime="2017-11-29T20:12:15.9496677+05:30" testType="13cdc9d9-ddb5-4fa4-a97d-d965ccfc6d4b" outcome="Passed" testListId="8c84fa94-04c1-424b-9868-57a2d4851a1d" relativeResultsDirectory="800ca639-655e-488b-9213-645ac787f078" />
    <UnitTestResult executionId="700a8084-32e1-478d-a422-d15873d936a1" testId="92028143-5c4d-f92e-9f1c-fab0fe4c46ea" testName="MSTest_P2_449" computerName="NAVB3" duration="00:00:00.0000826" startTime="2017-11-29T20:12:15.9496677+05:30" endTime="2017-11-29T20:12:15.9496677+05:30" testType="13cdc9d9-ddb5-4fa4-a97d-d965ccfc6d4b" outcome="Passed" testListId="8c84fa94-04c1-424b-9868-57a2d4851a1d" relativeResultsDirectory="700a8084-32e1-478d-a422-d15873d936a1" />
    <UnitTestResult executionId="5392791c-4297-477f-a8aa-5ec176aa7efe" testId="536c7789-65f0-cc9e-9a3c-5594f88058a0" testName="MSTest_P2_450" computerName="NAVB3" duration="00:00:00.0000818" startTime="2017-11-29T20:12:15.9496677+05:30" endTime="2017-11-29T20:12:15.9496677+05:30" testType="13cdc9d9-ddb5-4fa4-a97d-d965ccfc6d4b" outcome="Passed" testListId="8c84fa94-04c1-424b-9868-57a2d4851a1d" relativeResultsDirectory="5392791c-4297-477f-a8aa-5ec176aa7efe" />
    <UnitTestResult executionId="1023938f-1442-4c40-9fff-8e0b7101338b" testId="52fdf3e5-d45c-67f0-da0c-581a3ef09293" testName="MSTest_P2_451" computerName="NAVB3" duration="00:00:00.0000818" startTime="2017-11-29T20:12:15.9496677+05:30" endTime="2017-11-29T20:12:15.9496677+05:30" testType="13cdc9d9-ddb5-4fa4-a97d-d965ccfc6d4b" outcome="Passed" testListId="8c84fa94-04c1-424b-9868-57a2d4851a1d" relativeResultsDirectory="1023938f-1442-4c40-9fff-8e0b7101338b" />
    <UnitTestResult executionId="ba16e7a3-0f9d-4e13-95b1-64c95605b231" testId="9632a146-a6fa-ed81-ae55-f2da442c134b" testName="MSTest_P2_452" computerName="NAVB3" duration="00:00:00.0000985" startTime="2017-11-29T20:12:15.9496677+05:30" endTime="2017-11-29T20:12:15.9496677+05:30" testType="13cdc9d9-ddb5-4fa4-a97d-d965ccfc6d4b" outcome="Passed" testListId="8c84fa94-04c1-424b-9868-57a2d4851a1d" relativeResultsDirectory="ba16e7a3-0f9d-4e13-95b1-64c95605b231" />
    <UnitTestResult executionId="239ddd3f-f2c1-4343-ab98-ae9a54325fe9" testId="1d1c66f0-a2f8-2f67-22d7-039b57e19a76" testName="MSTest_P2_453" computerName="NAVB3" duration="00:00:00.0000832" startTime="2017-11-29T20:12:15.9496677+05:30" endTime="2017-11-29T20:12:15.9496677+05:30" testType="13cdc9d9-ddb5-4fa4-a97d-d965ccfc6d4b" outcome="Passed" testListId="8c84fa94-04c1-424b-9868-57a2d4851a1d" relativeResultsDirectory="239ddd3f-f2c1-4343-ab98-ae9a54325fe9" />
    <UnitTestResult executionId="582dad26-ddde-4cf8-8cfb-8a7959282bcb" testId="c74913f5-c1ba-6065-4362-e98345b9f046" testName="MSTest_P2_454" computerName="NAVB3" duration="00:00:00.0000829" startTime="2017-11-29T20:12:15.9496677+05:30" endTime="2017-11-29T20:12:15.9496677+05:30" testType="13cdc9d9-ddb5-4fa4-a97d-d965ccfc6d4b" outcome="Passed" testListId="8c84fa94-04c1-424b-9868-57a2d4851a1d" relativeResultsDirectory="582dad26-ddde-4cf8-8cfb-8a7959282bcb" />
    <UnitTestResult executionId="38601d68-86ee-41da-bda4-999c65fdbf6e" testId="714bb07d-6f85-d601-64dc-8a3200fea50a" testName="MSTest_P2_455" computerName="NAVB3" duration="00:00:00.0000821" startTime="2017-11-29T20:12:15.9496677+05:30" endTime="2017-11-29T20:12:15.9496677+05:30" testType="13cdc9d9-ddb5-4fa4-a97d-d965ccfc6d4b" outcome="Passed" testListId="8c84fa94-04c1-424b-9868-57a2d4851a1d" relativeResultsDirectory="38601d68-86ee-41da-bda4-999c65fdbf6e" />
    <UnitTestResult executionId="f23aa6a3-f0aa-497a-8e60-8665630b22a2" testId="be81fa0c-04e5-7399-ab09-abd6ced13edd" testName="MSTest_P2_456" computerName="NAVB3" duration="00:00:00.0000832" startTime="2017-11-29T20:12:15.9496677+05:30" endTime="2017-11-29T20:12:15.9496677+05:30" testType="13cdc9d9-ddb5-4fa4-a97d-d965ccfc6d4b" outcome="Passed" testListId="8c84fa94-04c1-424b-9868-57a2d4851a1d" relativeResultsDirectory="f23aa6a3-f0aa-497a-8e60-8665630b22a2" />
    <UnitTestResult executionId="3b7a9a86-2131-4c36-96bb-c5329ab70d90" testId="91b2e486-f476-2fce-3021-5f3f62d6ec99" testName="MSTest_P2_457" computerName="NAVB3" duration="00:00:00.0000841" startTime="2017-11-29T20:12:15.9496677+05:30" endTime="2017-11-29T20:12:15.9496677+05:30" testType="13cdc9d9-ddb5-4fa4-a97d-d965ccfc6d4b" outcome="Passed" testListId="8c84fa94-04c1-424b-9868-57a2d4851a1d" relativeResultsDirectory="3b7a9a86-2131-4c36-96bb-c5329ab70d90" />
    <UnitTestResult executionId="28f91c4b-d759-4708-9917-eed54f85049a" testId="3ca499ad-79a2-a4fc-016a-09cb45b7be8b" testName="MSTest_P2_458" computerName="NAVB3" duration="00:00:00.0000829" startTime="2017-11-29T20:12:15.9496677+05:30" endTime="2017-11-29T20:12:15.9496677+05:30" testType="13cdc9d9-ddb5-4fa4-a97d-d965ccfc6d4b" outcome="Passed" testListId="8c84fa94-04c1-424b-9868-57a2d4851a1d" relativeResultsDirectory="28f91c4b-d759-4708-9917-eed54f85049a" />
    <UnitTestResult executionId="f08b4f83-1f07-45a0-9404-6885b46b000e" testId="645453de-3af8-5680-24b6-9a48f0ec9ad1" testName="MSTest_P2_459" computerName="NAVB3" duration="00:00:00.0000832" startTime="2017-11-29T20:12:15.9496677+05:30" endTime="2017-11-29T20:12:15.9496677+05:30" testType="13cdc9d9-ddb5-4fa4-a97d-d965ccfc6d4b" outcome="Passed" testListId="8c84fa94-04c1-424b-9868-57a2d4851a1d" relativeResultsDirectory="f08b4f83-1f07-45a0-9404-6885b46b000e" />
    <UnitTestResult executionId="79910bf9-c1a4-4543-8a3e-9951fd44af3a" testId="2116128f-bd05-d04d-944b-ae686315656e" testName="MSTest_P2_460" computerName="NAVB3" duration="00:00:00.0000885" startTime="2017-11-29T20:12:15.9496677+05:30" endTime="2017-11-29T20:12:15.9496677+05:30" testType="13cdc9d9-ddb5-4fa4-a97d-d965ccfc6d4b" outcome="Passed" testListId="8c84fa94-04c1-424b-9868-57a2d4851a1d" relativeResultsDirectory="79910bf9-c1a4-4543-8a3e-9951fd44af3a" />
    <UnitTestResult executionId="8aa4e666-a96c-4b6a-8e8e-3f20b9455106" testId="fe492bb4-196c-30bb-1de0-08ba17379422" testName="MSTest_P2_461" computerName="NAVB3" duration="00:00:00.0000879" startTime="2017-11-29T20:12:15.9496677+05:30" endTime="2017-11-29T20:12:15.9496677+05:30" testType="13cdc9d9-ddb5-4fa4-a97d-d965ccfc6d4b" outcome="Passed" testListId="8c84fa94-04c1-424b-9868-57a2d4851a1d" relativeResultsDirectory="8aa4e666-a96c-4b6a-8e8e-3f20b9455106" />
    <UnitTestResult executionId="210fee48-c7d2-457c-945f-a440d385462e" testId="cb4b0772-9322-b512-e163-7e2405e65afb" testName="MSTest_P2_462" computerName="NAVB3" duration="00:00:00.0000882" startTime="2017-11-29T20:12:15.9496677+05:30" endTime="2017-11-29T20:12:15.9496677+05:30" testType="13cdc9d9-ddb5-4fa4-a97d-d965ccfc6d4b" outcome="Passed" testListId="8c84fa94-04c1-424b-9868-57a2d4851a1d" relativeResultsDirectory="210fee48-c7d2-457c-945f-a440d385462e" />
    <UnitTestResult executionId="3edf907b-1a7e-4b7c-a9b0-6f2ae35a8827" testId="0feabef6-a770-66f9-4f17-2499656ced96" testName="MSTest_P2_463" computerName="NAVB3" duration="00:00:00.0000882" startTime="2017-11-29T20:12:15.9496677+05:30" endTime="2017-11-29T20:12:15.9496677+05:30" testType="13cdc9d9-ddb5-4fa4-a97d-d965ccfc6d4b" outcome="Passed" testListId="8c84fa94-04c1-424b-9868-57a2d4851a1d" relativeResultsDirectory="3edf907b-1a7e-4b7c-a9b0-6f2ae35a8827" />
    <UnitTestResult executionId="e5eea73a-d3e0-4e14-8dda-86271c8a224f" testId="dd927e15-9c1a-2c89-1c91-207f0d0e1885" testName="MSTest_P2_464" computerName="NAVB3" duration="00:00:00.0000888" startTime="2017-11-29T20:12:15.9496677+05:30" endTime="2017-11-29T20:12:15.9496677+05:30" testType="13cdc9d9-ddb5-4fa4-a97d-d965ccfc6d4b" outcome="Passed" testListId="8c84fa94-04c1-424b-9868-57a2d4851a1d" relativeResultsDirectory="e5eea73a-d3e0-4e14-8dda-86271c8a224f" />
    <UnitTestResult executionId="1c8e135e-50c0-4839-9543-f66f0791a17d" testId="9bddd9ee-d50f-982a-0247-909118f3a809" testName="MSTest_P2_465" computerName="NAVB3" duration="00:00:00.0000897" startTime="2017-11-29T20:12:15.9496677+05:30" endTime="2017-11-29T20:12:15.9496677+05:30" testType="13cdc9d9-ddb5-4fa4-a97d-d965ccfc6d4b" outcome="Passed" testListId="8c84fa94-04c1-424b-9868-57a2d4851a1d" relativeResultsDirectory="1c8e135e-50c0-4839-9543-f66f0791a17d" />
    <UnitTestResult executionId="a5d34eec-8226-4fb2-873e-2c5bd40424d3" testId="f75d3395-7975-98cd-c26f-7f15f3350ea8" testName="MSTest_P2_466" computerName="NAVB3" duration="00:00:00.0000947" startTime="2017-11-29T20:12:15.9496677+05:30" endTime="2017-11-29T20:12:15.9652946+05:30" testType="13cdc9d9-ddb5-4fa4-a97d-d965ccfc6d4b" outcome="Passed" testListId="8c84fa94-04c1-424b-9868-57a2d4851a1d" relativeResultsDirectory="a5d34eec-8226-4fb2-873e-2c5bd40424d3" />
    <UnitTestResult executionId="111bfb9d-e133-4828-901e-fd0d5ce1de36" testId="9426df83-15fa-eb90-64ac-269d710dfca2" testName="MSTest_P2_467" computerName="NAVB3" duration="00:00:00.0000832" startTime="2017-11-29T20:12:15.9652946+05:30" endTime="2017-11-29T20:12:15.9652946+05:30" testType="13cdc9d9-ddb5-4fa4-a97d-d965ccfc6d4b" outcome="Passed" testListId="8c84fa94-04c1-424b-9868-57a2d4851a1d" relativeResultsDirectory="111bfb9d-e133-4828-901e-fd0d5ce1de36" />
    <UnitTestResult executionId="d00922a8-5353-4536-a7e8-c9a9656bf794" testId="c0bebc5f-e62c-cb07-513e-8a2cbcedc92a" testName="MSTest_P2_468" computerName="NAVB3" duration="00:00:00.0000897" startTime="2017-11-29T20:12:15.9652946+05:30" endTime="2017-11-29T20:12:15.9652946+05:30" testType="13cdc9d9-ddb5-4fa4-a97d-d965ccfc6d4b" outcome="Passed" testListId="8c84fa94-04c1-424b-9868-57a2d4851a1d" relativeResultsDirectory="d00922a8-5353-4536-a7e8-c9a9656bf794" />
    <UnitTestResult executionId="d29b034c-a0cc-4349-9b26-bb630f35eacb" testId="4b34b8a9-be9f-e614-67a3-d646e0b0a9ef" testName="MSTest_P2_469" computerName="NAVB3" duration="00:00:00.0000929" startTime="2017-11-29T20:12:15.9652946+05:30" endTime="2017-11-29T20:12:15.9652946+05:30" testType="13cdc9d9-ddb5-4fa4-a97d-d965ccfc6d4b" outcome="Passed" testListId="8c84fa94-04c1-424b-9868-57a2d4851a1d" relativeResultsDirectory="d29b034c-a0cc-4349-9b26-bb630f35eacb" />
    <UnitTestResult executionId="b0b4d6dc-7283-4b51-b6fb-93c84cd78ff3" testId="80c59539-1248-8085-a707-e41b5a0d5237" testName="MSTest_P2_470" computerName="NAVB3" duration="00:00:00.0000935" startTime="2017-11-29T20:12:15.9652946+05:30" endTime="2017-11-29T20:12:15.9652946+05:30" testType="13cdc9d9-ddb5-4fa4-a97d-d965ccfc6d4b" outcome="Passed" testListId="8c84fa94-04c1-424b-9868-57a2d4851a1d" relativeResultsDirectory="b0b4d6dc-7283-4b51-b6fb-93c84cd78ff3" />
    <UnitTestResult executionId="e884aece-af0a-4833-8a21-c98f4a3fd4b2" testId="bbf16cbc-6612-ff34-30a2-1ede195f818c" testName="MSTest_P2_471" computerName="NAVB3" duration="00:00:00.0000955" startTime="2017-11-29T20:12:15.9652946+05:30" endTime="2017-11-29T20:12:15.9652946+05:30" testType="13cdc9d9-ddb5-4fa4-a97d-d965ccfc6d4b" outcome="Passed" testListId="8c84fa94-04c1-424b-9868-57a2d4851a1d" relativeResultsDirectory="e884aece-af0a-4833-8a21-c98f4a3fd4b2" />
    <UnitTestResult executionId="2edc3f04-3201-4532-8302-3745a446f96c" testId="e268b3c0-20a8-47d4-74ce-4367ac595cc9" testName="MSTest_P2_472" computerName="NAVB3" duration="00:00:00.0000809" startTime="2017-11-29T20:12:15.9652946+05:30" endTime="2017-11-29T20:12:15.9652946+05:30" testType="13cdc9d9-ddb5-4fa4-a97d-d965ccfc6d4b" outcome="Passed" testListId="8c84fa94-04c1-424b-9868-57a2d4851a1d" relativeResultsDirectory="2edc3f04-3201-4532-8302-3745a446f96c" />
    <UnitTestResult executionId="6a28364d-3d6c-4acf-b27d-192b944ce7dc" testId="6230eb1f-0fa8-af17-a896-736e6e5512eb" testName="MSTest_P2_473" computerName="NAVB3" duration="00:00:00.0000780" startTime="2017-11-29T20:12:15.9652946+05:30" endTime="2017-11-29T20:12:15.9652946+05:30" testType="13cdc9d9-ddb5-4fa4-a97d-d965ccfc6d4b" outcome="Passed" testListId="8c84fa94-04c1-424b-9868-57a2d4851a1d" relativeResultsDirectory="6a28364d-3d6c-4acf-b27d-192b944ce7dc" />
    <UnitTestResult executionId="aafce6b9-dbbb-4bbf-a0d7-dd2fcd45eaba" testId="c45a225d-5f7b-8685-de59-ffcb22ada015" testName="MSTest_P2_474" computerName="NAVB3" duration="00:00:00.0000809" startTime="2017-11-29T20:12:15.9652946+05:30" endTime="2017-11-29T20:12:15.9652946+05:30" testType="13cdc9d9-ddb5-4fa4-a97d-d965ccfc6d4b" outcome="Passed" testListId="8c84fa94-04c1-424b-9868-57a2d4851a1d" relativeResultsDirectory="aafce6b9-dbbb-4bbf-a0d7-dd2fcd45eaba" />
    <UnitTestResult executionId="ee5515a9-1390-442f-894b-4b4742e9d227" testId="28d5663d-76d1-0add-7ee1-80f8978fd5b0" testName="MSTest_P2_475" computerName="NAVB3" duration="00:00:00.0000818" startTime="2017-11-29T20:12:15.9652946+05:30" endTime="2017-11-29T20:12:15.9652946+05:30" testType="13cdc9d9-ddb5-4fa4-a97d-d965ccfc6d4b" outcome="Passed" testListId="8c84fa94-04c1-424b-9868-57a2d4851a1d" relativeResultsDirectory="ee5515a9-1390-442f-894b-4b4742e9d227" />
    <UnitTestResult executionId="152b95ca-2cb6-4836-883e-09a8fb0b40a3" testId="80affa90-a1cc-ad37-27a1-45c35a04f9bd" testName="MSTest_P2_476" computerName="NAVB3" duration="00:00:00.0001073" startTime="2017-11-29T20:12:15.9652946+05:30" endTime="2017-11-29T20:12:15.9652946+05:30" testType="13cdc9d9-ddb5-4fa4-a97d-d965ccfc6d4b" outcome="Passed" testListId="8c84fa94-04c1-424b-9868-57a2d4851a1d" relativeResultsDirectory="152b95ca-2cb6-4836-883e-09a8fb0b40a3" />
    <UnitTestResult executionId="5a8f1a2a-b77c-45a6-adb4-b83c060d51a7" testId="dd19c9f9-18aa-a808-174b-881674af5471" testName="MSTest_P2_477" computerName="NAVB3" duration="00:00:00.0000829" startTime="2017-11-29T20:12:15.9652946+05:30" endTime="2017-11-29T20:12:15.9652946+05:30" testType="13cdc9d9-ddb5-4fa4-a97d-d965ccfc6d4b" outcome="Passed" testListId="8c84fa94-04c1-424b-9868-57a2d4851a1d" relativeResultsDirectory="5a8f1a2a-b77c-45a6-adb4-b83c060d51a7" />
    <UnitTestResult executionId="fa9310a3-8e85-47a5-8161-25c41f21568f" testId="0dbd7403-9dd6-4dff-a0e3-46bbd75cf75e" testName="MSTest_P2_478" computerName="NAVB3" duration="00:00:00.0000824" startTime="2017-11-29T20:12:15.9652946+05:30" endTime="2017-11-29T20:12:15.9652946+05:30" testType="13cdc9d9-ddb5-4fa4-a97d-d965ccfc6d4b" outcome="Passed" testListId="8c84fa94-04c1-424b-9868-57a2d4851a1d" relativeResultsDirectory="fa9310a3-8e85-47a5-8161-25c41f21568f" />
    <UnitTestResult executionId="ce3fa14a-b5c6-4c09-be5d-7a2c13f158b9" testId="96c73f9f-94e0-7dbe-be67-3a4c7db52436" testName="MSTest_P2_479" computerName="NAVB3" duration="00:00:00.0000806" startTime="2017-11-29T20:12:15.9652946+05:30" endTime="2017-11-29T20:12:15.9652946+05:30" testType="13cdc9d9-ddb5-4fa4-a97d-d965ccfc6d4b" outcome="Passed" testListId="8c84fa94-04c1-424b-9868-57a2d4851a1d" relativeResultsDirectory="ce3fa14a-b5c6-4c09-be5d-7a2c13f158b9" />
    <UnitTestResult executionId="43f612e9-9fe8-439c-a99d-d3cc3680ad1f" testId="b7ac8b6b-7155-d77c-cc18-eb6e6aff73b4" testName="MSTest_P2_480" computerName="NAVB3" duration="00:00:00.0000824" startTime="2017-11-29T20:12:15.9652946+05:30" endTime="2017-11-29T20:12:15.9652946+05:30" testType="13cdc9d9-ddb5-4fa4-a97d-d965ccfc6d4b" outcome="Passed" testListId="8c84fa94-04c1-424b-9868-57a2d4851a1d" relativeResultsDirectory="43f612e9-9fe8-439c-a99d-d3cc3680ad1f" />
    <UnitTestResult executionId="c4c97aa8-ba88-4a95-bcbe-3cbd51459a5b" testId="3263c152-da27-ad6c-a526-b9eabbfeaedd" testName="MSTest_P2_481" computerName="NAVB3" duration="00:00:00.0000826" startTime="2017-11-29T20:12:15.9652946+05:30" endTime="2017-11-29T20:12:15.9652946+05:30" testType="13cdc9d9-ddb5-4fa4-a97d-d965ccfc6d4b" outcome="Passed" testListId="8c84fa94-04c1-424b-9868-57a2d4851a1d" relativeResultsDirectory="c4c97aa8-ba88-4a95-bcbe-3cbd51459a5b" />
    <UnitTestResult executionId="701f6e03-049a-4606-8328-3a45e637b016" testId="6d1bb024-6f99-7210-a639-ebc6c7f528df" testName="MSTest_P2_482" computerName="NAVB3" duration="00:00:00.0000826" startTime="2017-11-29T20:12:15.9652946+05:30" endTime="2017-11-29T20:12:15.9652946+05:30" testType="13cdc9d9-ddb5-4fa4-a97d-d965ccfc6d4b" outcome="Passed" testListId="8c84fa94-04c1-424b-9868-57a2d4851a1d" relativeResultsDirectory="701f6e03-049a-4606-8328-3a45e637b016" />
    <UnitTestResult executionId="486e021e-f796-497f-b02f-f35303ed0d8f" testId="f4e1ac4c-c96e-4d89-9674-af16364cc8fb" testName="MSTest_P2_483" computerName="NAVB3" duration="00:00:00.0000815" startTime="2017-11-29T20:12:15.9652946+05:30" endTime="2017-11-29T20:12:15.9652946+05:30" testType="13cdc9d9-ddb5-4fa4-a97d-d965ccfc6d4b" outcome="Passed" testListId="8c84fa94-04c1-424b-9868-57a2d4851a1d" relativeResultsDirectory="486e021e-f796-497f-b02f-f35303ed0d8f" />
    <UnitTestResult executionId="6e7d4639-23dc-4a10-800b-f8c7fe3a136b" testId="15d01901-447d-0737-a91d-9bfaf7e6c85e" testName="MSTest_P2_484" computerName="NAVB3" duration="00:00:00.0000815" startTime="2017-11-29T20:12:15.9652946+05:30" endTime="2017-11-29T20:12:15.9652946+05:30" testType="13cdc9d9-ddb5-4fa4-a97d-d965ccfc6d4b" outcome="Passed" testListId="8c84fa94-04c1-424b-9868-57a2d4851a1d" relativeResultsDirectory="6e7d4639-23dc-4a10-800b-f8c7fe3a136b" />
    <UnitTestResult executionId="f5f8aa19-32a3-4961-9b5d-f081e6e384f9" testId="54a5bf8c-3322-8eb7-8f1d-05b3d0308872" testName="MSTest_P2_485" computerName="NAVB3" duration="00:00:00.0000829" startTime="2017-11-29T20:12:15.9652946+05:30" endTime="2017-11-29T20:12:15.9652946+05:30" testType="13cdc9d9-ddb5-4fa4-a97d-d965ccfc6d4b" outcome="Passed" testListId="8c84fa94-04c1-424b-9868-57a2d4851a1d" relativeResultsDirectory="f5f8aa19-32a3-4961-9b5d-f081e6e384f9" />
    <UnitTestResult executionId="b4d84dd2-62c9-4143-bfef-4a7533facc81" testId="37a99259-be0e-2d37-bce1-b438fd5cc781" testName="MSTest_P2_486" computerName="NAVB3" duration="00:00:00.0000815" startTime="2017-11-29T20:12:15.9652946+05:30" endTime="2017-11-29T20:12:15.9652946+05:30" testType="13cdc9d9-ddb5-4fa4-a97d-d965ccfc6d4b" outcome="Passed" testListId="8c84fa94-04c1-424b-9868-57a2d4851a1d" relativeResultsDirectory="b4d84dd2-62c9-4143-bfef-4a7533facc81" />
    <UnitTestResult executionId="2f6636bd-fd68-4a0d-bb86-76e69423a670" testId="1469177e-21fb-2cad-8783-0585c25d35e7" testName="MSTest_P2_487" computerName="NAVB3" duration="00:00:00.0000815" startTime="2017-11-29T20:12:15.9652946+05:30" endTime="2017-11-29T20:12:15.9652946+05:30" testType="13cdc9d9-ddb5-4fa4-a97d-d965ccfc6d4b" outcome="Passed" testListId="8c84fa94-04c1-424b-9868-57a2d4851a1d" relativeResultsDirectory="2f6636bd-fd68-4a0d-bb86-76e69423a670" />
    <UnitTestResult executionId="5d3ec6be-b4cd-4ccf-ba44-bf9d04f14878" testId="5baeedab-e797-7b40-a6ae-834a7cc350ea" testName="MSTest_P2_488" computerName="NAVB3" duration="00:00:00.0000809" startTime="2017-11-29T20:12:15.9652946+05:30" endTime="2017-11-29T20:12:15.9652946+05:30" testType="13cdc9d9-ddb5-4fa4-a97d-d965ccfc6d4b" outcome="Passed" testListId="8c84fa94-04c1-424b-9868-57a2d4851a1d" relativeResultsDirectory="5d3ec6be-b4cd-4ccf-ba44-bf9d04f14878" />
    <UnitTestResult executionId="aa476949-a8b8-4e41-9777-e6b09d31e6e3" testId="2a3b49f1-8eff-a750-af47-87580658dad3" testName="MSTest_P2_489" computerName="NAVB3" duration="00:00:00.0000815" startTime="2017-11-29T20:12:15.9652946+05:30" endTime="2017-11-29T20:12:15.9652946+05:30" testType="13cdc9d9-ddb5-4fa4-a97d-d965ccfc6d4b" outcome="Passed" testListId="8c84fa94-04c1-424b-9868-57a2d4851a1d" relativeResultsDirectory="aa476949-a8b8-4e41-9777-e6b09d31e6e3" />
    <UnitTestResult executionId="843b5a42-7ef0-4d63-a9d7-1b99262c7edb" testId="b798cb2c-7dd9-9186-45a2-73058772e102" testName="MSTest_P2_490" computerName="NAVB3" duration="00:00:00.0000847" startTime="2017-11-29T20:12:15.9652946+05:30" endTime="2017-11-29T20:12:15.9652946+05:30" testType="13cdc9d9-ddb5-4fa4-a97d-d965ccfc6d4b" outcome="Passed" testListId="8c84fa94-04c1-424b-9868-57a2d4851a1d" relativeResultsDirectory="843b5a42-7ef0-4d63-a9d7-1b99262c7edb" />
    <UnitTestResult executionId="cd00fe53-7fc2-4b6f-98b0-31159937f120" testId="28035d2e-eb28-2623-1fa1-fdbd34dbc94b" testName="MSTest_P2_491" computerName="NAVB3" duration="00:00:00.0000812" startTime="2017-11-29T20:12:15.9652946+05:30" endTime="2017-11-29T20:12:15.9652946+05:30" testType="13cdc9d9-ddb5-4fa4-a97d-d965ccfc6d4b" outcome="Passed" testListId="8c84fa94-04c1-424b-9868-57a2d4851a1d" relativeResultsDirectory="cd00fe53-7fc2-4b6f-98b0-31159937f120" />
    <UnitTestResult executionId="5b1c1c8a-fe73-474d-8881-11f6ee1f9ce0" testId="1cddb1c6-2737-cdb0-f6ab-72a1d1eec2bf" testName="MSTest_P2_492" computerName="NAVB3" duration="00:00:00.0000818" startTime="2017-11-29T20:12:15.9652946+05:30" endTime="2017-11-29T20:12:15.9652946+05:30" testType="13cdc9d9-ddb5-4fa4-a97d-d965ccfc6d4b" outcome="Passed" testListId="8c84fa94-04c1-424b-9868-57a2d4851a1d" relativeResultsDirectory="5b1c1c8a-fe73-474d-8881-11f6ee1f9ce0" />
    <UnitTestResult executionId="730ece5d-aaa5-4b0a-bfa9-70663e19e76d" testId="ee765a9d-2af9-df39-3d95-52ab4c9dda25" testName="MSTest_P2_493" computerName="NAVB3" duration="00:00:00.0000826" startTime="2017-11-29T20:12:15.9652946+05:30" endTime="2017-11-29T20:12:15.9652946+05:30" testType="13cdc9d9-ddb5-4fa4-a97d-d965ccfc6d4b" outcome="Passed" testListId="8c84fa94-04c1-424b-9868-57a2d4851a1d" relativeResultsDirectory="730ece5d-aaa5-4b0a-bfa9-70663e19e76d" />
    <UnitTestResult executionId="fbac7f90-5c6a-45ae-a441-a49f9c1b146c" testId="dbdf77cb-29a2-b577-cb96-dbfdcd5991c5" testName="MSTest_P2_494" computerName="NAVB3" duration="00:00:00.0000815" startTime="2017-11-29T20:12:15.9652946+05:30" endTime="2017-11-29T20:12:15.9652946+05:30" testType="13cdc9d9-ddb5-4fa4-a97d-d965ccfc6d4b" outcome="Passed" testListId="8c84fa94-04c1-424b-9868-57a2d4851a1d" relativeResultsDirectory="fbac7f90-5c6a-45ae-a441-a49f9c1b146c" />
    <UnitTestResult executionId="91838932-d110-4f6d-8e8c-450ab4a47579" testId="d6cd9f0e-db54-6a7f-25c6-c577ea5412aa" testName="MSTest_P2_495" computerName="NAVB3" duration="00:00:00.0000815" startTime="2017-11-29T20:12:15.9652946+05:30" endTime="2017-11-29T20:12:15.9652946+05:30" testType="13cdc9d9-ddb5-4fa4-a97d-d965ccfc6d4b" outcome="Passed" testListId="8c84fa94-04c1-424b-9868-57a2d4851a1d" relativeResultsDirectory="91838932-d110-4f6d-8e8c-450ab4a47579" />
    <UnitTestResult executionId="ce9169d4-557a-458b-ba0b-789040ac82c8" testId="d7840737-7c8f-bc7b-3fd1-dc1ce4501a1b" testName="MSTest_P2_496" computerName="NAVB3" duration="00:00:00.0000815" startTime="2017-11-29T20:12:15.9652946+05:30" endTime="2017-11-29T20:12:15.9652946+05:30" testType="13cdc9d9-ddb5-4fa4-a97d-d965ccfc6d4b" outcome="Passed" testListId="8c84fa94-04c1-424b-9868-57a2d4851a1d" relativeResultsDirectory="ce9169d4-557a-458b-ba0b-789040ac82c8" />
    <UnitTestResult executionId="4d87da3e-f172-4a82-8e29-caf5d93496d5" testId="63b798a9-ff20-3cfc-6009-707250402baa" testName="MSTest_P2_497" computerName="NAVB3" duration="00:00:00.0000829" startTime="2017-11-29T20:12:15.9652946+05:30" endTime="2017-11-29T20:12:15.9652946+05:30" testType="13cdc9d9-ddb5-4fa4-a97d-d965ccfc6d4b" outcome="Passed" testListId="8c84fa94-04c1-424b-9868-57a2d4851a1d" relativeResultsDirectory="4d87da3e-f172-4a82-8e29-caf5d93496d5" />
    <UnitTestResult executionId="fabae8cc-a792-4497-a20d-01f68c5aba07" testId="ed5d5abb-6d54-799d-7be4-f374cad9b015" testName="MSTest_P2_498" computerName="NAVB3" duration="00:00:00.0000821" startTime="2017-11-29T20:12:15.9652946+05:30" endTime="2017-11-29T20:12:15.9652946+05:30" testType="13cdc9d9-ddb5-4fa4-a97d-d965ccfc6d4b" outcome="Passed" testListId="8c84fa94-04c1-424b-9868-57a2d4851a1d" relativeResultsDirectory="fabae8cc-a792-4497-a20d-01f68c5aba07" />
    <UnitTestResult executionId="74864d17-2f9b-42b4-a09c-a6758bd401db" testId="92ff6d93-c925-b3b6-824d-6b4e430f0703" testName="MSTest_P2_499" computerName="NAVB3" duration="00:00:00.0000818" startTime="2017-11-29T20:12:15.9652946+05:30" endTime="2017-11-29T20:12:15.9652946+05:30" testType="13cdc9d9-ddb5-4fa4-a97d-d965ccfc6d4b" outcome="Passed" testListId="8c84fa94-04c1-424b-9868-57a2d4851a1d" relativeResultsDirectory="74864d17-2f9b-42b4-a09c-a6758bd401db" />
    <UnitTestResult executionId="a11f3b5f-2ac0-4efb-8ff3-5b094739ba65" testId="8ce34ccd-a3ff-74e1-2c20-e6cd5611ebce" testName="MSTest_P2_500" computerName="NAVB3" duration="00:00:00.0000815" startTime="2017-11-29T20:12:15.9652946+05:30" endTime="2017-11-29T20:12:15.9652946+05:30" testType="13cdc9d9-ddb5-4fa4-a97d-d965ccfc6d4b" outcome="Passed" testListId="8c84fa94-04c1-424b-9868-57a2d4851a1d" relativeResultsDirectory="a11f3b5f-2ac0-4efb-8ff3-5b094739ba65" />
    <UnitTestResult executionId="bb0ed159-f49f-48f4-a832-dfdac845747c" testId="785dc9f4-be06-efe4-aa9b-c29866d4a494" testName="MSTest_P2_501" computerName="NAVB3" duration="00:00:00.0000821" startTime="2017-11-29T20:12:15.9652946+05:30" endTime="2017-11-29T20:12:15.9652946+05:30" testType="13cdc9d9-ddb5-4fa4-a97d-d965ccfc6d4b" outcome="Passed" testListId="8c84fa94-04c1-424b-9868-57a2d4851a1d" relativeResultsDirectory="bb0ed159-f49f-48f4-a832-dfdac845747c" />
    <UnitTestResult executionId="0dc6722f-adc2-4442-8f05-32fdb0f12e01" testId="2a7dc3b8-0735-5975-df64-9fd05b060591" testName="MSTest_P2_502" computerName="NAVB3" duration="00:00:00.0000824" startTime="2017-11-29T20:12:15.9652946+05:30" endTime="2017-11-29T20:12:15.9652946+05:30" testType="13cdc9d9-ddb5-4fa4-a97d-d965ccfc6d4b" outcome="Passed" testListId="8c84fa94-04c1-424b-9868-57a2d4851a1d" relativeResultsDirectory="0dc6722f-adc2-4442-8f05-32fdb0f12e01" />
    <UnitTestResult executionId="4ac65b18-f4bf-4d89-9b27-557dae50270a" testId="a89bd473-283b-555c-2eda-f2d076a10703" testName="MSTest_P2_503" computerName="NAVB3" duration="00:00:00.0000824" startTime="2017-11-29T20:12:15.9652946+05:30" endTime="2017-11-29T20:12:15.9652946+05:30" testType="13cdc9d9-ddb5-4fa4-a97d-d965ccfc6d4b" outcome="Passed" testListId="8c84fa94-04c1-424b-9868-57a2d4851a1d" relativeResultsDirectory="4ac65b18-f4bf-4d89-9b27-557dae50270a" />
    <UnitTestResult executionId="68b34c57-b150-43d7-9fb2-4fdf5d67d2ff" testId="abeb1545-7e38-cd9f-897f-dd86c83fc793" testName="MSTest_P2_504" computerName="NAVB3" duration="00:00:00.0000821" startTime="2017-11-29T20:12:15.9652946+05:30" endTime="2017-11-29T20:12:15.9652946+05:30" testType="13cdc9d9-ddb5-4fa4-a97d-d965ccfc6d4b" outcome="Passed" testListId="8c84fa94-04c1-424b-9868-57a2d4851a1d" relativeResultsDirectory="68b34c57-b150-43d7-9fb2-4fdf5d67d2ff" />
    <UnitTestResult executionId="540b4a43-c821-46db-b698-fc549e081984" testId="3a0d195e-cbff-df92-9494-c6e926df71b2" testName="MSTest_P2_505" computerName="NAVB3" duration="00:00:00.0000803" startTime="2017-11-29T20:12:15.9652946+05:30" endTime="2017-11-29T20:12:15.9652946+05:30" testType="13cdc9d9-ddb5-4fa4-a97d-d965ccfc6d4b" outcome="Passed" testListId="8c84fa94-04c1-424b-9868-57a2d4851a1d" relativeResultsDirectory="540b4a43-c821-46db-b698-fc549e081984" />
    <UnitTestResult executionId="f7a88de8-6466-4e32-8959-4a1182414643" testId="39d1f3ab-acfa-005e-f27e-c324d815f97b" testName="MSTest_P2_506" computerName="NAVB3" duration="00:00:00.0000821" startTime="2017-11-29T20:12:15.9652946+05:30" endTime="2017-11-29T20:12:15.9652946+05:30" testType="13cdc9d9-ddb5-4fa4-a97d-d965ccfc6d4b" outcome="Passed" testListId="8c84fa94-04c1-424b-9868-57a2d4851a1d" relativeResultsDirectory="f7a88de8-6466-4e32-8959-4a1182414643" />
    <UnitTestResult executionId="57ada998-a407-434f-805b-392676bcdec4" testId="7888aaaa-dfdf-1e97-dcc0-e084ff4f6d57" testName="MSTest_P2_507" computerName="NAVB3" duration="00:00:00.0000818" startTime="2017-11-29T20:12:15.9652946+05:30" endTime="2017-11-29T20:12:15.9652946+05:30" testType="13cdc9d9-ddb5-4fa4-a97d-d965ccfc6d4b" outcome="Passed" testListId="8c84fa94-04c1-424b-9868-57a2d4851a1d" relativeResultsDirectory="57ada998-a407-434f-805b-392676bcdec4" />
    <UnitTestResult executionId="a5248c85-86d4-475e-beda-dded2b900d6f" testId="0c81670c-b54e-bbca-db1f-4f3fe2275eb7" testName="MSTest_P2_508" computerName="NAVB3" duration="00:00:00.0000806" startTime="2017-11-29T20:12:15.9652946+05:30" endTime="2017-11-29T20:12:15.9652946+05:30" testType="13cdc9d9-ddb5-4fa4-a97d-d965ccfc6d4b" outcome="Passed" testListId="8c84fa94-04c1-424b-9868-57a2d4851a1d" relativeResultsDirectory="a5248c85-86d4-475e-beda-dded2b900d6f" />
    <UnitTestResult executionId="2791b694-e3fd-4653-885c-4c52628e9cc7" testId="3e9ac3fe-1069-e460-18cb-375dee03f3ab" testName="MSTest_P2_509" computerName="NAVB3" duration="00:00:00.0000923" startTime="2017-11-29T20:12:15.9652946+05:30" endTime="2017-11-29T20:12:15.9652946+05:30" testType="13cdc9d9-ddb5-4fa4-a97d-d965ccfc6d4b" outcome="Passed" testListId="8c84fa94-04c1-424b-9868-57a2d4851a1d" relativeResultsDirectory="2791b694-e3fd-4653-885c-4c52628e9cc7" />
    <UnitTestResult executionId="d1818362-76d8-49c3-b3e3-4580a710454b" testId="35ebe54b-0991-677a-a114-9e999fa4c9ed" testName="MSTest_P2_510" computerName="NAVB3" duration="00:00:00.0000935" startTime="2017-11-29T20:12:15.9652946+05:30" endTime="2017-11-29T20:12:15.9652946+05:30" testType="13cdc9d9-ddb5-4fa4-a97d-d965ccfc6d4b" outcome="Passed" testListId="8c84fa94-04c1-424b-9868-57a2d4851a1d" relativeResultsDirectory="d1818362-76d8-49c3-b3e3-4580a710454b" />
    <UnitTestResult executionId="c6936c7a-ab93-44bc-96da-79ac5dfa9efd" testId="b42a90cd-c7db-8045-b783-42cfcb6d58b1" testName="MSTest_P2_341" computerName="NAVB3" duration="00:00:00.0000932" startTime="2017-11-29T20:12:15.9652946+05:30" endTime="2017-11-29T20:12:15.9652946+05:30" testType="13cdc9d9-ddb5-4fa4-a97d-d965ccfc6d4b" outcome="Passed" testListId="8c84fa94-04c1-424b-9868-57a2d4851a1d" relativeResultsDirectory="c6936c7a-ab93-44bc-96da-79ac5dfa9efd" />
    <UnitTestResult executionId="0e6e7970-0d62-489a-a6e1-68d8330601df" testId="2f040462-f386-fa17-cea6-542b7f377e87" testName="MSTest_P2_342" computerName="NAVB3" duration="00:00:00.0000847" startTime="2017-11-29T20:12:15.9652946+05:30" endTime="2017-11-29T20:12:15.9809185+05:30" testType="13cdc9d9-ddb5-4fa4-a97d-d965ccfc6d4b" outcome="Passed" testListId="8c84fa94-04c1-424b-9868-57a2d4851a1d" relativeResultsDirectory="0e6e7970-0d62-489a-a6e1-68d8330601df" />
    <UnitTestResult executionId="ad0976f8-d4cd-4022-9a77-4776a9178a46" testId="b3289586-16e2-de14-36e6-635c5a01a2a7" testName="MSTest_P2_343" computerName="NAVB3" duration="00:00:00.0000976" startTime="2017-11-29T20:12:15.9809185+05:30" endTime="2017-11-29T20:12:15.9809185+05:30" testType="13cdc9d9-ddb5-4fa4-a97d-d965ccfc6d4b" outcome="Passed" testListId="8c84fa94-04c1-424b-9868-57a2d4851a1d" relativeResultsDirectory="ad0976f8-d4cd-4022-9a77-4776a9178a46" />
    <UnitTestResult executionId="0c2c22d3-781e-4925-9900-fbf7b90086dc" testId="f096824d-40cd-717f-e88d-86435808c17f" testName="MSTest_P2_344" computerName="NAVB3" duration="00:00:00.0000944" startTime="2017-11-29T20:12:15.9809185+05:30" endTime="2017-11-29T20:12:15.9809185+05:30" testType="13cdc9d9-ddb5-4fa4-a97d-d965ccfc6d4b" outcome="Passed" testListId="8c84fa94-04c1-424b-9868-57a2d4851a1d" relativeResultsDirectory="0c2c22d3-781e-4925-9900-fbf7b90086dc" />
    <UnitTestResult executionId="43353288-be40-4f49-a100-cdb53860b278" testId="8da97cd2-880c-f4d0-fc40-f3e35ed402f2" testName="MSTest_P2_345" computerName="NAVB3" duration="00:00:00.0000909" startTime="2017-11-29T20:12:15.9809185+05:30" endTime="2017-11-29T20:12:15.9809185+05:30" testType="13cdc9d9-ddb5-4fa4-a97d-d965ccfc6d4b" outcome="Passed" testListId="8c84fa94-04c1-424b-9868-57a2d4851a1d" relativeResultsDirectory="43353288-be40-4f49-a100-cdb53860b278" />
    <UnitTestResult executionId="9b8a15e6-9445-4504-b00d-0101837aeb69" testId="2fcdfbf0-8e6e-d5cd-3a26-45ff947f28f9" testName="MSTest_P2_346" computerName="NAVB3" duration="00:00:00.0001085" startTime="2017-11-29T20:12:15.9809185+05:30" endTime="2017-11-29T20:12:15.9809185+05:30" testType="13cdc9d9-ddb5-4fa4-a97d-d965ccfc6d4b" outcome="Passed" testListId="8c84fa94-04c1-424b-9868-57a2d4851a1d" relativeResultsDirectory="9b8a15e6-9445-4504-b00d-0101837aeb69" />
    <UnitTestResult executionId="358c91f1-fee8-453f-ad3a-2d7a236c8e96" testId="261da64a-35d8-fc7c-9d86-4d9bc391b081" testName="MSTest_P2_347" computerName="NAVB3" duration="00:00:00.0000824" startTime="2017-11-29T20:12:15.9809185+05:30" endTime="2017-11-29T20:12:15.9809185+05:30" testType="13cdc9d9-ddb5-4fa4-a97d-d965ccfc6d4b" outcome="Passed" testListId="8c84fa94-04c1-424b-9868-57a2d4851a1d" relativeResultsDirectory="358c91f1-fee8-453f-ad3a-2d7a236c8e96" />
    <UnitTestResult executionId="09999923-20fa-4a84-bd8c-9f8c1de34ab0" testId="e57af493-2346-52f4-cc88-1804a63fe825" testName="MSTest_P2_348" computerName="NAVB3" duration="00:00:00.0000900" startTime="2017-11-29T20:12:15.9809185+05:30" endTime="2017-11-29T20:12:15.9809185+05:30" testType="13cdc9d9-ddb5-4fa4-a97d-d965ccfc6d4b" outcome="Passed" testListId="8c84fa94-04c1-424b-9868-57a2d4851a1d" relativeResultsDirectory="09999923-20fa-4a84-bd8c-9f8c1de34ab0" />
    <UnitTestResult executionId="140a3fbd-870a-4763-bcde-1c1964723b9a" testId="d92d8cf9-a667-6491-f73f-b1bfb0d022ec" testName="MSTest_P2_349" computerName="NAVB3" duration="00:00:00.0000888" startTime="2017-11-29T20:12:15.9809185+05:30" endTime="2017-11-29T20:12:15.9809185+05:30" testType="13cdc9d9-ddb5-4fa4-a97d-d965ccfc6d4b" outcome="Passed" testListId="8c84fa94-04c1-424b-9868-57a2d4851a1d" relativeResultsDirectory="140a3fbd-870a-4763-bcde-1c1964723b9a" />
    <UnitTestResult executionId="75b69663-40c0-461f-897a-51062ba93845" testId="cccd6b29-c0bb-520c-ad4f-12b880e60af8" testName="MSTest_P2_350" computerName="NAVB3" duration="00:00:00.0000967" startTime="2017-11-29T20:12:15.9809185+05:30" endTime="2017-11-29T20:12:15.9809185+05:30" testType="13cdc9d9-ddb5-4fa4-a97d-d965ccfc6d4b" outcome="Passed" testListId="8c84fa94-04c1-424b-9868-57a2d4851a1d" relativeResultsDirectory="75b69663-40c0-461f-897a-51062ba93845" />
    <UnitTestResult executionId="7b134613-8878-4b31-b7db-74324e9be60a" testId="aaae3d70-046d-f051-b5b4-eb62d01ad4bf" testName="MSTest_P2_351" computerName="NAVB3" duration="00:00:00.0000903" startTime="2017-11-29T20:12:15.9809185+05:30" endTime="2017-11-29T20:12:15.9809185+05:30" testType="13cdc9d9-ddb5-4fa4-a97d-d965ccfc6d4b" outcome="Passed" testListId="8c84fa94-04c1-424b-9868-57a2d4851a1d" relativeResultsDirectory="7b134613-8878-4b31-b7db-74324e9be60a" />
    <UnitTestResult executionId="a9bb4e67-0b6f-47ed-8c42-2ebc8b3fc363" testId="0c94a7d8-eb7f-8919-c44f-e9081f669d04" testName="MSTest_P2_352" computerName="NAVB3" duration="00:00:00.0000906" startTime="2017-11-29T20:12:15.9809185+05:30" endTime="2017-11-29T20:12:15.9809185+05:30" testType="13cdc9d9-ddb5-4fa4-a97d-d965ccfc6d4b" outcome="Passed" testListId="8c84fa94-04c1-424b-9868-57a2d4851a1d" relativeResultsDirectory="a9bb4e67-0b6f-47ed-8c42-2ebc8b3fc363" />
    <UnitTestResult executionId="b97f7fb1-0bc4-42a9-9e7d-8d429bbf61c5" testId="e2ae9a98-04d2-06b2-1d1e-1288e302b2f5" testName="MSTest_P2_353" computerName="NAVB3" duration="00:00:00.0000888" startTime="2017-11-29T20:12:15.9809185+05:30" endTime="2017-11-29T20:12:15.9809185+05:30" testType="13cdc9d9-ddb5-4fa4-a97d-d965ccfc6d4b" outcome="Passed" testListId="8c84fa94-04c1-424b-9868-57a2d4851a1d" relativeResultsDirectory="b97f7fb1-0bc4-42a9-9e7d-8d429bbf61c5" />
    <UnitTestResult executionId="8ff3b58e-a53b-4d22-b96d-db200f66b482" testId="cff6766d-a1d5-959d-443d-276615b97e94" testName="MSTest_P2_354" computerName="NAVB3" duration="00:00:00.0000897" startTime="2017-11-29T20:12:15.9809185+05:30" endTime="2017-11-29T20:12:15.9809185+05:30" testType="13cdc9d9-ddb5-4fa4-a97d-d965ccfc6d4b" outcome="Passed" testListId="8c84fa94-04c1-424b-9868-57a2d4851a1d" relativeResultsDirectory="8ff3b58e-a53b-4d22-b96d-db200f66b482" />
    <UnitTestResult executionId="69e711f0-fd7e-497d-8cf5-ee9641351731" testId="8b8ceab0-29d2-58ce-53d0-5c811244c0d8" testName="MSTest_P2_355" computerName="NAVB3" duration="00:00:00.0000894" startTime="2017-11-29T20:12:15.9809185+05:30" endTime="2017-11-29T20:12:15.9809185+05:30" testType="13cdc9d9-ddb5-4fa4-a97d-d965ccfc6d4b" outcome="Passed" testListId="8c84fa94-04c1-424b-9868-57a2d4851a1d" relativeResultsDirectory="69e711f0-fd7e-497d-8cf5-ee9641351731" />
    <UnitTestResult executionId="ba9aa01c-0d88-4e61-abaa-0390f1b00b24" testId="ad5a0e91-8c30-5d3f-dd6a-3a5ed0699272" testName="MSTest_P2_356" computerName="NAVB3" duration="00:00:00.0000876" startTime="2017-11-29T20:12:15.9809185+05:30" endTime="2017-11-29T20:12:15.9809185+05:30" testType="13cdc9d9-ddb5-4fa4-a97d-d965ccfc6d4b" outcome="Passed" testListId="8c84fa94-04c1-424b-9868-57a2d4851a1d" relativeResultsDirectory="ba9aa01c-0d88-4e61-abaa-0390f1b00b24" />
    <UnitTestResult executionId="f9d159a6-154f-475d-aae1-7bad97a3a6be" testId="9a50cf54-d2da-b725-6a58-109d8be2c84f" testName="MSTest_P2_357" computerName="NAVB3" duration="00:00:00.0000803" startTime="2017-11-29T20:12:15.9809185+05:30" endTime="2017-11-29T20:12:15.9809185+05:30" testType="13cdc9d9-ddb5-4fa4-a97d-d965ccfc6d4b" outcome="Passed" testListId="8c84fa94-04c1-424b-9868-57a2d4851a1d" relativeResultsDirectory="f9d159a6-154f-475d-aae1-7bad97a3a6be" />
    <UnitTestResult executionId="bf2a6319-fb5c-4a1d-81e4-1a996068be40" testId="a006f8fc-4a91-b9c9-ca82-88969fd63533" testName="MSTest_P2_358" computerName="NAVB3" duration="00:00:00.0000806" startTime="2017-11-29T20:12:15.9809185+05:30" endTime="2017-11-29T20:12:15.9809185+05:30" testType="13cdc9d9-ddb5-4fa4-a97d-d965ccfc6d4b" outcome="Passed" testListId="8c84fa94-04c1-424b-9868-57a2d4851a1d" relativeResultsDirectory="bf2a6319-fb5c-4a1d-81e4-1a996068be40" />
    <UnitTestResult executionId="3f147d7e-9f70-4b17-a7fd-317ae88a641b" testId="cc7f4aa0-49ea-ec9e-9069-676b0f8bcfc6" testName="MSTest_P2_359" computerName="NAVB3" duration="00:00:00.0000879" startTime="2017-11-29T20:12:15.9809185+05:30" endTime="2017-11-29T20:12:15.9809185+05:30" testType="13cdc9d9-ddb5-4fa4-a97d-d965ccfc6d4b" outcome="Passed" testListId="8c84fa94-04c1-424b-9868-57a2d4851a1d" relativeResultsDirectory="3f147d7e-9f70-4b17-a7fd-317ae88a641b" />
    <UnitTestResult executionId="85cfce46-c4c8-4985-a765-297c7acb2173" testId="b57fa639-5fb9-0830-da2d-85c248573397" testName="MSTest_P2_360" computerName="NAVB3" duration="00:00:00.0000800" startTime="2017-11-29T20:12:15.9809185+05:30" endTime="2017-11-29T20:12:15.9809185+05:30" testType="13cdc9d9-ddb5-4fa4-a97d-d965ccfc6d4b" outcome="Passed" testListId="8c84fa94-04c1-424b-9868-57a2d4851a1d" relativeResultsDirectory="85cfce46-c4c8-4985-a765-297c7acb2173" />
    <UnitTestResult executionId="3b6f9191-166d-472a-9192-c99081766cc5" testId="a13cdf1d-5ea0-e21c-19f3-f8483190ffb4" testName="MSTest_P2_361" computerName="NAVB3" duration="00:00:00.0000815" startTime="2017-11-29T20:12:15.9809185+05:30" endTime="2017-11-29T20:12:15.9809185+05:30" testType="13cdc9d9-ddb5-4fa4-a97d-d965ccfc6d4b" outcome="Passed" testListId="8c84fa94-04c1-424b-9868-57a2d4851a1d" relativeResultsDirectory="3b6f9191-166d-472a-9192-c99081766cc5" />
    <UnitTestResult executionId="f2f24d7a-6130-4818-9237-a5175696a742" testId="c4c6663c-b8b8-36ee-cc44-da0d09c1eeb5" testName="MSTest_P2_362" computerName="NAVB3" duration="00:00:00.0000806" startTime="2017-11-29T20:12:15.9809185+05:30" endTime="2017-11-29T20:12:15.9809185+05:30" testType="13cdc9d9-ddb5-4fa4-a97d-d965ccfc6d4b" outcome="Passed" testListId="8c84fa94-04c1-424b-9868-57a2d4851a1d" relativeResultsDirectory="f2f24d7a-6130-4818-9237-a5175696a742" />
    <UnitTestResult executionId="dc7b4212-3450-4d42-bb7b-708671f05c73" testId="85f059df-ab48-015f-9079-68bce7e7081a" testName="MSTest_P2_363" computerName="NAVB3" duration="00:00:00.0000806" startTime="2017-11-29T20:12:15.9809185+05:30" endTime="2017-11-29T20:12:15.9809185+05:30" testType="13cdc9d9-ddb5-4fa4-a97d-d965ccfc6d4b" outcome="Passed" testListId="8c84fa94-04c1-424b-9868-57a2d4851a1d" relativeResultsDirectory="dc7b4212-3450-4d42-bb7b-708671f05c73" />
    <UnitTestResult executionId="e083baa6-c20a-43bd-872c-fc532036e005" testId="c958c197-9663-ac85-ff46-f793549f39b7" testName="MSTest_P2_364" computerName="NAVB3" duration="00:00:00.0000812" startTime="2017-11-29T20:12:15.9809185+05:30" endTime="2017-11-29T20:12:15.9809185+05:30" testType="13cdc9d9-ddb5-4fa4-a97d-d965ccfc6d4b" outcome="Passed" testListId="8c84fa94-04c1-424b-9868-57a2d4851a1d" relativeResultsDirectory="e083baa6-c20a-43bd-872c-fc532036e005" />
    <UnitTestResult executionId="3e348939-5bb3-4959-9ae0-618c0ad2ffe7" testId="86d33541-0c9d-bf01-4588-941c72e5d2db" testName="MSTest_P2_365" computerName="NAVB3" duration="00:00:00.0000815" startTime="2017-11-29T20:12:15.9809185+05:30" endTime="2017-11-29T20:12:15.9809185+05:30" testType="13cdc9d9-ddb5-4fa4-a97d-d965ccfc6d4b" outcome="Passed" testListId="8c84fa94-04c1-424b-9868-57a2d4851a1d" relativeResultsDirectory="3e348939-5bb3-4959-9ae0-618c0ad2ffe7" />
    <UnitTestResult executionId="2b79895a-56f9-4eb8-93b7-bdb011d07321" testId="29245ba5-4fb2-06bc-c20f-6cdfae14cbc2" testName="MSTest_P2_366" computerName="NAVB3" duration="00:00:00.0000812" startTime="2017-11-29T20:12:15.9809185+05:30" endTime="2017-11-29T20:12:15.9809185+05:30" testType="13cdc9d9-ddb5-4fa4-a97d-d965ccfc6d4b" outcome="Passed" testListId="8c84fa94-04c1-424b-9868-57a2d4851a1d" relativeResultsDirectory="2b79895a-56f9-4eb8-93b7-bdb011d07321" />
    <UnitTestResult executionId="5d76817a-b2a9-454a-951b-e56fe5309d6f" testId="b5b533a4-53dc-72cb-3571-2d794c9a324a" testName="MSTest_P2_367" computerName="NAVB3" duration="00:00:00.0000821" startTime="2017-11-29T20:12:15.9809185+05:30" endTime="2017-11-29T20:12:15.9809185+05:30" testType="13cdc9d9-ddb5-4fa4-a97d-d965ccfc6d4b" outcome="Passed" testListId="8c84fa94-04c1-424b-9868-57a2d4851a1d" relativeResultsDirectory="5d76817a-b2a9-454a-951b-e56fe5309d6f" />
    <UnitTestResult executionId="f7b5b067-cfdf-4596-a3c2-a5b4fd1516ac" testId="168656cc-c388-569b-4f5a-f872fa91fb0c" testName="MSTest_P2_368" computerName="NAVB3" duration="00:00:00.0000912" startTime="2017-11-29T20:12:15.9809185+05:30" endTime="2017-11-29T20:12:15.9809185+05:30" testType="13cdc9d9-ddb5-4fa4-a97d-d965ccfc6d4b" outcome="Passed" testListId="8c84fa94-04c1-424b-9868-57a2d4851a1d" relativeResultsDirectory="f7b5b067-cfdf-4596-a3c2-a5b4fd1516ac" />
    <UnitTestResult executionId="cfab0d21-48b9-4ce6-98e4-dc6102283124" testId="762b1e7e-d51b-958a-e187-36e32a2e639a" testName="MSTest_P2_369" computerName="NAVB3" duration="00:00:00.0000888" startTime="2017-11-29T20:12:15.9809185+05:30" endTime="2017-11-29T20:12:15.9809185+05:30" testType="13cdc9d9-ddb5-4fa4-a97d-d965ccfc6d4b" outcome="Passed" testListId="8c84fa94-04c1-424b-9868-57a2d4851a1d" relativeResultsDirectory="cfab0d21-48b9-4ce6-98e4-dc6102283124" />
    <UnitTestResult executionId="8b2c7301-2eff-41c6-8cd1-f0d1c051d1d9" testId="b4928c47-746b-0d95-a4af-76487a813ea1" testName="MSTest_P2_370" computerName="NAVB3" duration="00:00:00.0000891" startTime="2017-11-29T20:12:15.9809185+05:30" endTime="2017-11-29T20:12:15.9809185+05:30" testType="13cdc9d9-ddb5-4fa4-a97d-d965ccfc6d4b" outcome="Passed" testListId="8c84fa94-04c1-424b-9868-57a2d4851a1d" relativeResultsDirectory="8b2c7301-2eff-41c6-8cd1-f0d1c051d1d9" />
    <UnitTestResult executionId="0627a9fa-7641-401b-ae1e-5551a06e3642" testId="a566e3cd-a227-b21d-5140-00ed38f5b13c" testName="MSTest_P2_371" computerName="NAVB3" duration="00:00:00.0000891" startTime="2017-11-29T20:12:15.9809185+05:30" endTime="2017-11-29T20:12:15.9809185+05:30" testType="13cdc9d9-ddb5-4fa4-a97d-d965ccfc6d4b" outcome="Passed" testListId="8c84fa94-04c1-424b-9868-57a2d4851a1d" relativeResultsDirectory="0627a9fa-7641-401b-ae1e-5551a06e3642" />
    <UnitTestResult executionId="d1ccaa3a-5193-407c-acd0-d7d3c9c92119" testId="4285ecbd-ab23-0fc3-1154-3f64e08e6358" testName="MSTest_P2_372" computerName="NAVB3" duration="00:00:00.0000888" startTime="2017-11-29T20:12:15.9809185+05:30" endTime="2017-11-29T20:12:15.9809185+05:30" testType="13cdc9d9-ddb5-4fa4-a97d-d965ccfc6d4b" outcome="Passed" testListId="8c84fa94-04c1-424b-9868-57a2d4851a1d" relativeResultsDirectory="d1ccaa3a-5193-407c-acd0-d7d3c9c92119" />
    <UnitTestResult executionId="d3582ac0-313b-4a16-aa23-7eb80dd4f97c" testId="573004a9-b189-9f27-d738-0e7542d4598e" testName="MSTest_P2_373" computerName="NAVB3" duration="00:00:00.0000888" startTime="2017-11-29T20:12:15.9809185+05:30" endTime="2017-11-29T20:12:15.9809185+05:30" testType="13cdc9d9-ddb5-4fa4-a97d-d965ccfc6d4b" outcome="Passed" testListId="8c84fa94-04c1-424b-9868-57a2d4851a1d" relativeResultsDirectory="d3582ac0-313b-4a16-aa23-7eb80dd4f97c" />
    <UnitTestResult executionId="1dbd151e-b18b-49c6-9fbb-6be6cd2c845b" testId="fcb9f9cb-8bff-4410-2cbd-9f2d9e730c99" testName="MSTest_P2_374" computerName="NAVB3" duration="00:00:00.0000897" startTime="2017-11-29T20:12:15.9809185+05:30" endTime="2017-11-29T20:12:15.9809185+05:30" testType="13cdc9d9-ddb5-4fa4-a97d-d965ccfc6d4b" outcome="Passed" testListId="8c84fa94-04c1-424b-9868-57a2d4851a1d" relativeResultsDirectory="1dbd151e-b18b-49c6-9fbb-6be6cd2c845b" />
    <UnitTestResult executionId="c288a8a3-962a-431f-8d24-fa92ecb7fc86" testId="a46eadae-e5a3-0fd4-d6c8-6fe01f360833" testName="MSTest_P2_375" computerName="NAVB3" duration="00:00:00.0000894" startTime="2017-11-29T20:12:15.9809185+05:30" endTime="2017-11-29T20:12:15.9809185+05:30" testType="13cdc9d9-ddb5-4fa4-a97d-d965ccfc6d4b" outcome="Passed" testListId="8c84fa94-04c1-424b-9868-57a2d4851a1d" relativeResultsDirectory="c288a8a3-962a-431f-8d24-fa92ecb7fc86" />
    <UnitTestResult executionId="a4a1f289-09e7-4c69-a3e3-37b66b86cd3a" testId="1babfa2a-0cf6-9ecf-517c-830806d0794f" testName="MSTest_P2_376" computerName="NAVB3" duration="00:00:00.0000879" startTime="2017-11-29T20:12:15.9809185+05:30" endTime="2017-11-29T20:12:15.9809185+05:30" testType="13cdc9d9-ddb5-4fa4-a97d-d965ccfc6d4b" outcome="Passed" testListId="8c84fa94-04c1-424b-9868-57a2d4851a1d" relativeResultsDirectory="a4a1f289-09e7-4c69-a3e3-37b66b86cd3a" />
    <UnitTestResult executionId="7bf025e9-9377-43eb-ab29-e16f3180a990" testId="df2a9d0e-a274-5910-744b-a0366c312806" testName="MSTest_P2_377" computerName="NAVB3" duration="00:00:00.0000891" startTime="2017-11-29T20:12:15.9809185+05:30" endTime="2017-11-29T20:12:15.9809185+05:30" testType="13cdc9d9-ddb5-4fa4-a97d-d965ccfc6d4b" outcome="Passed" testListId="8c84fa94-04c1-424b-9868-57a2d4851a1d" relativeResultsDirectory="7bf025e9-9377-43eb-ab29-e16f3180a990" />
    <UnitTestResult executionId="86d3579c-88d3-481c-b253-e9fa65fad865" testId="6488116c-bc89-3940-6845-6622d85e58aa" testName="MSTest_P2_378" computerName="NAVB3" duration="00:00:00.0000885" startTime="2017-11-29T20:12:15.9809185+05:30" endTime="2017-11-29T20:12:15.9809185+05:30" testType="13cdc9d9-ddb5-4fa4-a97d-d965ccfc6d4b" outcome="Passed" testListId="8c84fa94-04c1-424b-9868-57a2d4851a1d" relativeResultsDirectory="86d3579c-88d3-481c-b253-e9fa65fad865" />
    <UnitTestResult executionId="94a42dc1-2bd7-47be-9e5e-f7ff037c4706" testId="e566dee5-3807-7605-348b-d344cf004cc2" testName="MSTest_P2_379" computerName="NAVB3" duration="00:00:00.0000891" startTime="2017-11-29T20:12:15.9809185+05:30" endTime="2017-11-29T20:12:15.9809185+05:30" testType="13cdc9d9-ddb5-4fa4-a97d-d965ccfc6d4b" outcome="Passed" testListId="8c84fa94-04c1-424b-9868-57a2d4851a1d" relativeResultsDirectory="94a42dc1-2bd7-47be-9e5e-f7ff037c4706" />
    <UnitTestResult executionId="a2fdfe77-4143-4c41-95ba-2ee979884580" testId="a1e6eaef-4c12-584e-5f6a-216a53e665a4" testName="MSTest_P2_380" computerName="NAVB3" duration="00:00:00.0000903" startTime="2017-11-29T20:12:15.9809185+05:30" endTime="2017-11-29T20:12:15.9809185+05:30" testType="13cdc9d9-ddb5-4fa4-a97d-d965ccfc6d4b" outcome="Passed" testListId="8c84fa94-04c1-424b-9868-57a2d4851a1d" relativeResultsDirectory="a2fdfe77-4143-4c41-95ba-2ee979884580" />
    <UnitTestResult executionId="8613f7f2-e136-41e3-b326-38cec06d1230" testId="169db8bc-9078-646f-fe30-502861017bb9" testName="MSTest_P2_381" computerName="NAVB3" duration="00:00:00.0000885" startTime="2017-11-29T20:12:15.9809185+05:30" endTime="2017-11-29T20:12:15.9809185+05:30" testType="13cdc9d9-ddb5-4fa4-a97d-d965ccfc6d4b" outcome="Passed" testListId="8c84fa94-04c1-424b-9868-57a2d4851a1d" relativeResultsDirectory="8613f7f2-e136-41e3-b326-38cec06d1230" />
    <UnitTestResult executionId="4868556f-93a8-4926-9a30-ccc7aeef8034" testId="7cd7dc3e-fa7a-6dd1-08a3-6101b8e173af" testName="MSTest_P2_382" computerName="NAVB3" duration="00:00:00.0000888" startTime="2017-11-29T20:12:15.9809185+05:30" endTime="2017-11-29T20:12:15.9809185+05:30" testType="13cdc9d9-ddb5-4fa4-a97d-d965ccfc6d4b" outcome="Passed" testListId="8c84fa94-04c1-424b-9868-57a2d4851a1d" relativeResultsDirectory="4868556f-93a8-4926-9a30-ccc7aeef8034" />
    <UnitTestResult executionId="2d6cf275-65af-436f-bb7e-0ac256c74272" testId="73defc98-0362-fc29-ddab-170ef0f6d29d" testName="MSTest_P2_383" computerName="NAVB3" duration="00:00:00.0000897" startTime="2017-11-29T20:12:15.9809185+05:30" endTime="2017-11-29T20:12:15.9809185+05:30" testType="13cdc9d9-ddb5-4fa4-a97d-d965ccfc6d4b" outcome="Passed" testListId="8c84fa94-04c1-424b-9868-57a2d4851a1d" relativeResultsDirectory="2d6cf275-65af-436f-bb7e-0ac256c74272" />
    <UnitTestResult executionId="336e3992-26b3-4dd3-9ae5-54c857996504" testId="f0722d68-87a7-b3ef-b39d-26875ec82e68" testName="MSTest_P2_384" computerName="NAVB3" duration="00:00:00.0000891" startTime="2017-11-29T20:12:15.9809185+05:30" endTime="2017-11-29T20:12:15.9809185+05:30" testType="13cdc9d9-ddb5-4fa4-a97d-d965ccfc6d4b" outcome="Passed" testListId="8c84fa94-04c1-424b-9868-57a2d4851a1d" relativeResultsDirectory="336e3992-26b3-4dd3-9ae5-54c857996504" />
    <UnitTestResult executionId="1344a1f3-3b2c-4a5b-ace7-e7991ed9f96e" testId="9507a82f-228a-e878-fcf5-be244d32dfe3" testName="MSTest_P2_385" computerName="NAVB3" duration="00:00:00.0000885" startTime="2017-11-29T20:12:15.9809185+05:30" endTime="2017-11-29T20:12:15.9809185+05:30" testType="13cdc9d9-ddb5-4fa4-a97d-d965ccfc6d4b" outcome="Passed" testListId="8c84fa94-04c1-424b-9868-57a2d4851a1d" relativeResultsDirectory="1344a1f3-3b2c-4a5b-ace7-e7991ed9f96e" />
    <UnitTestResult executionId="dbc4e7b4-dbc0-4798-8327-598ca1145dfc" testId="84d3bffa-3529-5567-4b2a-a62740c3d75e" testName="MSTest_P2_386" computerName="NAVB3" duration="00:00:00.0000897" startTime="2017-11-29T20:12:15.9809185+05:30" endTime="2017-11-29T20:12:15.9809185+05:30" testType="13cdc9d9-ddb5-4fa4-a97d-d965ccfc6d4b" outcome="Passed" testListId="8c84fa94-04c1-424b-9868-57a2d4851a1d" relativeResultsDirectory="dbc4e7b4-dbc0-4798-8327-598ca1145dfc" />
    <UnitTestResult executionId="d135d93b-7d5a-4b02-91e7-c6fe64c195de" testId="a923ba92-5f49-1db0-a980-f6ad3af6c118" testName="MSTest_P2_387" computerName="NAVB3" duration="00:00:00.0000888" startTime="2017-11-29T20:12:15.9809185+05:30" endTime="2017-11-29T20:12:15.9809185+05:30" testType="13cdc9d9-ddb5-4fa4-a97d-d965ccfc6d4b" outcome="Passed" testListId="8c84fa94-04c1-424b-9868-57a2d4851a1d" relativeResultsDirectory="d135d93b-7d5a-4b02-91e7-c6fe64c195de" />
    <UnitTestResult executionId="c25e01cc-10e6-45fd-9455-90b2423edfa2" testId="716c3939-21a9-baf1-3381-3805519a2c18" testName="MSTest_P2_388" computerName="NAVB3" duration="00:00:00.0000900" startTime="2017-11-29T20:12:15.9809185+05:30" endTime="2017-11-29T20:12:15.9809185+05:30" testType="13cdc9d9-ddb5-4fa4-a97d-d965ccfc6d4b" outcome="Passed" testListId="8c84fa94-04c1-424b-9868-57a2d4851a1d" relativeResultsDirectory="c25e01cc-10e6-45fd-9455-90b2423edfa2" />
    <UnitTestResult executionId="2ff5874c-8457-4985-843c-586c2a8e6d47" testId="2d853185-1b8c-d32c-b8ef-fcd1ca111fe0" testName="MSTest_P2_389" computerName="NAVB3" duration="00:00:00.0000897" startTime="2017-11-29T20:12:15.9809185+05:30" endTime="2017-11-29T20:12:15.9809185+05:30" testType="13cdc9d9-ddb5-4fa4-a97d-d965ccfc6d4b" outcome="Passed" testListId="8c84fa94-04c1-424b-9868-57a2d4851a1d" relativeResultsDirectory="2ff5874c-8457-4985-843c-586c2a8e6d47" />
    <UnitTestResult executionId="59faa4a0-b2d1-4bce-9731-8d654e112ebe" testId="1b51fe85-d5f1-8130-9dfe-a0f9e4a34746" testName="MSTest_P2_390" computerName="NAVB3" duration="00:00:00.0000891" startTime="2017-11-29T20:12:15.9809185+05:30" endTime="2017-11-29T20:12:15.9809185+05:30" testType="13cdc9d9-ddb5-4fa4-a97d-d965ccfc6d4b" outcome="Passed" testListId="8c84fa94-04c1-424b-9868-57a2d4851a1d" relativeResultsDirectory="59faa4a0-b2d1-4bce-9731-8d654e112ebe" />
    <UnitTestResult executionId="a602340c-7323-4fb0-9f58-b3222551d91f" testId="145f33a9-a9ca-28ad-f581-1ed846520f66" testName="MSTest_P2_391" computerName="NAVB3" duration="00:00:00.0000894" startTime="2017-11-29T20:12:15.9809185+05:30" endTime="2017-11-29T20:12:15.9809185+05:30" testType="13cdc9d9-ddb5-4fa4-a97d-d965ccfc6d4b" outcome="Passed" testListId="8c84fa94-04c1-424b-9868-57a2d4851a1d" relativeResultsDirectory="a602340c-7323-4fb0-9f58-b3222551d91f" />
    <UnitTestResult executionId="f7a87141-e576-4be5-b4dd-60c8b4ea762e" testId="e4b2455a-64fc-dffc-d919-2a0245f30187" testName="MSTest_P2_392" computerName="NAVB3" duration="00:00:00.0000903" startTime="2017-11-29T20:12:15.9809185+05:30" endTime="2017-11-29T20:12:15.9809185+05:30" testType="13cdc9d9-ddb5-4fa4-a97d-d965ccfc6d4b" outcome="Passed" testListId="8c84fa94-04c1-424b-9868-57a2d4851a1d" relativeResultsDirectory="f7a87141-e576-4be5-b4dd-60c8b4ea762e" />
    <UnitTestResult executionId="281f42e1-bfdf-4274-9850-e0cbb3b67db3" testId="c2ef64d5-231f-4491-5201-a9b7c9060d4a" testName="MSTest_P2_393" computerName="NAVB3" duration="00:00:00.0000894" startTime="2017-11-29T20:12:15.9809185+05:30" endTime="2017-11-29T20:12:15.9809185+05:30" testType="13cdc9d9-ddb5-4fa4-a97d-d965ccfc6d4b" outcome="Passed" testListId="8c84fa94-04c1-424b-9868-57a2d4851a1d" relativeResultsDirectory="281f42e1-bfdf-4274-9850-e0cbb3b67db3" />
    <UnitTestResult executionId="1d32b723-a524-43fe-8bce-d222390fb8f0" testId="a1bac869-1385-672b-07d7-c035033b5b5b" testName="MSTest_P2_394" computerName="NAVB3" duration="00:00:00.0000894" startTime="2017-11-29T20:12:15.9809185+05:30" endTime="2017-11-29T20:12:15.9809185+05:30" testType="13cdc9d9-ddb5-4fa4-a97d-d965ccfc6d4b" outcome="Passed" testListId="8c84fa94-04c1-424b-9868-57a2d4851a1d" relativeResultsDirectory="1d32b723-a524-43fe-8bce-d222390fb8f0" />
    <UnitTestResult executionId="ba3cf749-c6a8-415e-b04c-ce0da887cf72" testId="33c5b05a-c149-c017-3777-a15579c827fc" testName="MSTest_P2_395" computerName="NAVB3" duration="00:00:00.0000938" startTime="2017-11-29T20:12:15.9809185+05:30" endTime="2017-11-29T20:12:15.9965427+05:30" testType="13cdc9d9-ddb5-4fa4-a97d-d965ccfc6d4b" outcome="Passed" testListId="8c84fa94-04c1-424b-9868-57a2d4851a1d" relativeResultsDirectory="ba3cf749-c6a8-415e-b04c-ce0da887cf72" />
    <UnitTestResult executionId="91746337-4d2a-46b3-9c81-5fb5e53466d9" testId="5d0af9d1-44bb-6c1c-91da-0de0adda509f" testName="MSTest_P2_396" computerName="NAVB3" duration="00:00:00.0000976" startTime="2017-11-29T20:12:15.9965427+05:30" endTime="2017-11-29T20:12:15.9965427+05:30" testType="13cdc9d9-ddb5-4fa4-a97d-d965ccfc6d4b" outcome="Passed" testListId="8c84fa94-04c1-424b-9868-57a2d4851a1d" relativeResultsDirectory="91746337-4d2a-46b3-9c81-5fb5e53466d9" />
    <UnitTestResult executionId="4ef21efd-8e06-4113-8861-41d612a3022d" testId="8a506de1-1596-a50f-344b-f1352abd2793" testName="MSTest_P2_397" computerName="NAVB3" duration="00:00:00.0000964" startTime="2017-11-29T20:12:15.9965427+05:30" endTime="2017-11-29T20:12:15.9965427+05:30" testType="13cdc9d9-ddb5-4fa4-a97d-d965ccfc6d4b" outcome="Passed" testListId="8c84fa94-04c1-424b-9868-57a2d4851a1d" relativeResultsDirectory="4ef21efd-8e06-4113-8861-41d612a3022d" />
    <UnitTestResult executionId="628e105f-bcfc-4897-8d74-86ecb8fd0712" testId="ad4a33be-0820-6acd-0fda-f7dc1d9afabe" testName="MSTest_P2_398" computerName="NAVB3" duration="00:00:00.0000932" startTime="2017-11-29T20:12:15.9965427+05:30" endTime="2017-11-29T20:12:15.9965427+05:30" testType="13cdc9d9-ddb5-4fa4-a97d-d965ccfc6d4b" outcome="Passed" testListId="8c84fa94-04c1-424b-9868-57a2d4851a1d" relativeResultsDirectory="628e105f-bcfc-4897-8d74-86ecb8fd0712" />
    <UnitTestResult executionId="69271830-0495-4db9-a6f2-0c3c86f36bfb" testId="d4e64b61-1d71-9a31-64b3-8f7fa264d751" testName="MSTest_P2_399" computerName="NAVB3" duration="00:00:00.0000923" startTime="2017-11-29T20:12:15.9965427+05:30" endTime="2017-11-29T20:12:15.9965427+05:30" testType="13cdc9d9-ddb5-4fa4-a97d-d965ccfc6d4b" outcome="Passed" testListId="8c84fa94-04c1-424b-9868-57a2d4851a1d" relativeResultsDirectory="69271830-0495-4db9-a6f2-0c3c86f36bfb" />
    <UnitTestResult executionId="a44bf169-09a1-4262-baa9-a58cca7bd965" testId="71368800-2a58-7d0c-02f5-2226bd31ba61" testName="MSTest_P2_400" computerName="NAVB3" duration="00:00:00.0000794" startTime="2017-11-29T20:12:15.9965427+05:30" endTime="2017-11-29T20:12:15.9965427+05:30" testType="13cdc9d9-ddb5-4fa4-a97d-d965ccfc6d4b" outcome="Passed" testListId="8c84fa94-04c1-424b-9868-57a2d4851a1d" relativeResultsDirectory="a44bf169-09a1-4262-baa9-a58cca7bd965" />
    <UnitTestResult executionId="af55966b-95b3-47a5-abce-470002c977ed" testId="dec4cc11-275a-6477-9776-6b40db9a3bd4" testName="MSTest_P2_401" computerName="NAVB3" duration="00:00:00.0000826" startTime="2017-11-29T20:12:15.9965427+05:30" endTime="2017-11-29T20:12:15.9965427+05:30" testType="13cdc9d9-ddb5-4fa4-a97d-d965ccfc6d4b" outcome="Passed" testListId="8c84fa94-04c1-424b-9868-57a2d4851a1d" relativeResultsDirectory="af55966b-95b3-47a5-abce-470002c977ed" />
    <UnitTestResult executionId="4ec3270f-71d8-4450-bc97-f45d735e93fa" testId="a758e563-1f9a-9b88-d4c0-8cc7153a0dc7" testName="MSTest_P2_402" computerName="NAVB3" duration="00:00:00.0000838" startTime="2017-11-29T20:12:15.9965427+05:30" endTime="2017-11-29T20:12:15.9965427+05:30" testType="13cdc9d9-ddb5-4fa4-a97d-d965ccfc6d4b" outcome="Passed" testListId="8c84fa94-04c1-424b-9868-57a2d4851a1d" relativeResultsDirectory="4ec3270f-71d8-4450-bc97-f45d735e93fa" />
    <UnitTestResult executionId="2fb94071-d26e-4f47-b846-61de6e2b376c" testId="cf6d1948-e4c8-984f-d8fe-0f710a6f4061" testName="MSTest_P2_403" computerName="NAVB3" duration="00:00:00.0000835" startTime="2017-11-29T20:12:15.9965427+05:30" endTime="2017-11-29T20:12:15.9965427+05:30" testType="13cdc9d9-ddb5-4fa4-a97d-d965ccfc6d4b" outcome="Passed" testListId="8c84fa94-04c1-424b-9868-57a2d4851a1d" relativeResultsDirectory="2fb94071-d26e-4f47-b846-61de6e2b376c" />
    <UnitTestResult executionId="72757b34-cd55-4f55-9848-be93007702c0" testId="c6c7eaee-0217-c536-1f3e-e884f74d00f9" testName="MSTest_P2_404" computerName="NAVB3" duration="00:00:00.0000835" startTime="2017-11-29T20:12:15.9965427+05:30" endTime="2017-11-29T20:12:15.9965427+05:30" testType="13cdc9d9-ddb5-4fa4-a97d-d965ccfc6d4b" outcome="Passed" testListId="8c84fa94-04c1-424b-9868-57a2d4851a1d" relativeResultsDirectory="72757b34-cd55-4f55-9848-be93007702c0" />
    <UnitTestResult executionId="650b4040-7fd4-4cae-8df9-5cbad2b152b9" testId="b9ed8a5e-ee12-301b-e3c5-ef16e418ae41" testName="MSTest_P2_405" computerName="NAVB3" duration="00:00:00.0000824" startTime="2017-11-29T20:12:15.9965427+05:30" endTime="2017-11-29T20:12:15.9965427+05:30" testType="13cdc9d9-ddb5-4fa4-a97d-d965ccfc6d4b" outcome="Passed" testListId="8c84fa94-04c1-424b-9868-57a2d4851a1d" relativeResultsDirectory="650b4040-7fd4-4cae-8df9-5cbad2b152b9" />
    <UnitTestResult executionId="98a375bb-c473-434d-917b-3927baf92647" testId="b6f1489a-2055-f485-9c7f-98b90c4b3558" testName="MSTest_P2_406" computerName="NAVB3" duration="00:00:00.0000818" startTime="2017-11-29T20:12:15.9965427+05:30" endTime="2017-11-29T20:12:15.9965427+05:30" testType="13cdc9d9-ddb5-4fa4-a97d-d965ccfc6d4b" outcome="Passed" testListId="8c84fa94-04c1-424b-9868-57a2d4851a1d" relativeResultsDirectory="98a375bb-c473-434d-917b-3927baf92647" />
    <UnitTestResult executionId="0e9102ef-3f02-4229-9b28-64b6b6237794" testId="7b2ca1e9-e284-8127-4f7e-dec3027488f5" testName="MSTest_P2_407" computerName="NAVB3" duration="00:00:00.0000832" startTime="2017-11-29T20:12:15.9965427+05:30" endTime="2017-11-29T20:12:15.9965427+05:30" testType="13cdc9d9-ddb5-4fa4-a97d-d965ccfc6d4b" outcome="Passed" testListId="8c84fa94-04c1-424b-9868-57a2d4851a1d" relativeResultsDirectory="0e9102ef-3f02-4229-9b28-64b6b6237794" />
    <UnitTestResult executionId="e99a7c5a-5038-40c0-8938-44e9afebcde9" testId="9c58d5d9-15c3-3301-dbdb-cd91d433ddd3" testName="MSTest_P2_408" computerName="NAVB3" duration="00:00:00.0000832" startTime="2017-11-29T20:12:15.9965427+05:30" endTime="2017-11-29T20:12:15.9965427+05:30" testType="13cdc9d9-ddb5-4fa4-a97d-d965ccfc6d4b" outcome="Passed" testListId="8c84fa94-04c1-424b-9868-57a2d4851a1d" relativeResultsDirectory="e99a7c5a-5038-40c0-8938-44e9afebcde9" />
    <UnitTestResult executionId="3cf4d8bc-42c6-4692-9456-3e96ffd8ab43" testId="02384a4c-827d-2204-02d7-2003620d01f1" testName="MSTest_P2_409" computerName="NAVB3" duration="00:00:00.0000818" startTime="2017-11-29T20:12:15.9965427+05:30" endTime="2017-11-29T20:12:15.9965427+05:30" testType="13cdc9d9-ddb5-4fa4-a97d-d965ccfc6d4b" outcome="Passed" testListId="8c84fa94-04c1-424b-9868-57a2d4851a1d" relativeResultsDirectory="3cf4d8bc-42c6-4692-9456-3e96ffd8ab43" />
    <UnitTestResult executionId="04438990-c35e-4a66-ad2c-888371faa9fe" testId="08657299-4484-6f51-225a-92afef4d6f02" testName="MSTest_P2_410" computerName="NAVB3" duration="00:00:00.0000938" startTime="2017-11-29T20:12:15.9965427+05:30" endTime="2017-11-29T20:12:15.9965427+05:30" testType="13cdc9d9-ddb5-4fa4-a97d-d965ccfc6d4b" outcome="Passed" testListId="8c84fa94-04c1-424b-9868-57a2d4851a1d" relativeResultsDirectory="04438990-c35e-4a66-ad2c-888371faa9fe" />
    <UnitTestResult executionId="45587277-ad5a-4322-b1e0-1347e7a4e365" testId="07f61b47-7639-813a-048e-3af6356509db" testName="MSTest_P2_411" computerName="NAVB3" duration="00:00:00.0000826" startTime="2017-11-29T20:12:15.9965427+05:30" endTime="2017-11-29T20:12:15.9965427+05:30" testType="13cdc9d9-ddb5-4fa4-a97d-d965ccfc6d4b" outcome="Passed" testListId="8c84fa94-04c1-424b-9868-57a2d4851a1d" relativeResultsDirectory="45587277-ad5a-4322-b1e0-1347e7a4e365" />
    <UnitTestResult executionId="3f0ad2c3-d3fc-474a-9979-1e3390f21d88" testId="5a20067f-af35-443e-c5ef-580f5fde2fa9" testName="MSTest_P2_412" computerName="NAVB3" duration="00:00:00.0000835" startTime="2017-11-29T20:12:15.9965427+05:30" endTime="2017-11-29T20:12:15.9965427+05:30" testType="13cdc9d9-ddb5-4fa4-a97d-d965ccfc6d4b" outcome="Passed" testListId="8c84fa94-04c1-424b-9868-57a2d4851a1d" relativeResultsDirectory="3f0ad2c3-d3fc-474a-9979-1e3390f21d88" />
    <UnitTestResult executionId="558ac42e-aee9-48f2-a189-b8822662996c" testId="9f11630d-9ad6-5da3-8de1-e63da75bbad6" testName="MSTest_P2_413" computerName="NAVB3" duration="00:00:00.0000829" startTime="2017-11-29T20:12:15.9965427+05:30" endTime="2017-11-29T20:12:15.9965427+05:30" testType="13cdc9d9-ddb5-4fa4-a97d-d965ccfc6d4b" outcome="Passed" testListId="8c84fa94-04c1-424b-9868-57a2d4851a1d" relativeResultsDirectory="558ac42e-aee9-48f2-a189-b8822662996c" />
    <UnitTestResult executionId="f2e3578f-1f75-41fd-a262-84f00c8d67c0" testId="7201bf1f-ad51-b3dd-90bc-4686a347a8b6" testName="MSTest_P2_414" computerName="NAVB3" duration="00:00:00.0000821" startTime="2017-11-29T20:12:15.9965427+05:30" endTime="2017-11-29T20:12:15.9965427+05:30" testType="13cdc9d9-ddb5-4fa4-a97d-d965ccfc6d4b" outcome="Passed" testListId="8c84fa94-04c1-424b-9868-57a2d4851a1d" relativeResultsDirectory="f2e3578f-1f75-41fd-a262-84f00c8d67c0" />
    <UnitTestResult executionId="0d557c7e-8dc8-42f0-ad6c-39a71806e307" testId="f4c72050-220a-8ed3-f57e-229694005702" testName="MSTest_P2_415" computerName="NAVB3" duration="00:00:00.0000818" startTime="2017-11-29T20:12:15.9965427+05:30" endTime="2017-11-29T20:12:15.9965427+05:30" testType="13cdc9d9-ddb5-4fa4-a97d-d965ccfc6d4b" outcome="Passed" testListId="8c84fa94-04c1-424b-9868-57a2d4851a1d" relativeResultsDirectory="0d557c7e-8dc8-42f0-ad6c-39a71806e307" />
    <UnitTestResult executionId="9ee2a422-7e7b-476b-9523-676da81347a1" testId="1e1812e7-7d89-f4e5-47fa-6ba327ad9f3d" testName="MSTest_P2_416" computerName="NAVB3" duration="00:00:00.0000826" startTime="2017-11-29T20:12:15.9965427+05:30" endTime="2017-11-29T20:12:15.9965427+05:30" testType="13cdc9d9-ddb5-4fa4-a97d-d965ccfc6d4b" outcome="Passed" testListId="8c84fa94-04c1-424b-9868-57a2d4851a1d" relativeResultsDirectory="9ee2a422-7e7b-476b-9523-676da81347a1" />
    <UnitTestResult executionId="28af998d-5655-41eb-a4a4-04427daa726a" testId="80d089ba-d625-b17b-efd7-906fbc26a53f" testName="MSTest_P2_417" computerName="NAVB3" duration="00:00:00.0000824" startTime="2017-11-29T20:12:15.9965427+05:30" endTime="2017-11-29T20:12:15.9965427+05:30" testType="13cdc9d9-ddb5-4fa4-a97d-d965ccfc6d4b" outcome="Passed" testListId="8c84fa94-04c1-424b-9868-57a2d4851a1d" relativeResultsDirectory="28af998d-5655-41eb-a4a4-04427daa726a" />
    <UnitTestResult executionId="8af7ecc4-4986-4690-a9c6-99226bf1ff88" testId="08168dab-134d-4209-dc07-502fc79dff1c" testName="MSTest_P2_418" computerName="NAVB3" duration="00:00:00.0000821" startTime="2017-11-29T20:12:15.9965427+05:30" endTime="2017-11-29T20:12:15.9965427+05:30" testType="13cdc9d9-ddb5-4fa4-a97d-d965ccfc6d4b" outcome="Passed" testListId="8c84fa94-04c1-424b-9868-57a2d4851a1d" relativeResultsDirectory="8af7ecc4-4986-4690-a9c6-99226bf1ff88" />
    <UnitTestResult executionId="a80ab478-48f2-4a18-a79a-e93fbbd4e814" testId="afc65689-0d8a-1a8c-230e-11dcfbd51f6f" testName="MSTest_P2_419" computerName="NAVB3" duration="00:00:00.0000812" startTime="2017-11-29T20:12:15.9965427+05:30" endTime="2017-11-29T20:12:15.9965427+05:30" testType="13cdc9d9-ddb5-4fa4-a97d-d965ccfc6d4b" outcome="Passed" testListId="8c84fa94-04c1-424b-9868-57a2d4851a1d" relativeResultsDirectory="a80ab478-48f2-4a18-a79a-e93fbbd4e814" />
    <UnitTestResult executionId="6d915518-6a1f-4f2e-b3a4-ff00df8196b6" testId="fde371e7-9430-28a6-4e5f-caad1e97ede8" testName="MSTest_P2_420" computerName="NAVB3" duration="00:00:00.0000815" startTime="2017-11-29T20:12:15.9965427+05:30" endTime="2017-11-29T20:12:15.9965427+05:30" testType="13cdc9d9-ddb5-4fa4-a97d-d965ccfc6d4b" outcome="Passed" testListId="8c84fa94-04c1-424b-9868-57a2d4851a1d" relativeResultsDirectory="6d915518-6a1f-4f2e-b3a4-ff00df8196b6" />
    <UnitTestResult executionId="f14cc80d-a63a-41cf-a953-4dc96dc17d60" testId="0664e823-2347-d542-a362-7c3833a62cb7" testName="MSTest_P2_421" computerName="NAVB3" duration="00:00:00.0000824" startTime="2017-11-29T20:12:15.9965427+05:30" endTime="2017-11-29T20:12:15.9965427+05:30" testType="13cdc9d9-ddb5-4fa4-a97d-d965ccfc6d4b" outcome="Passed" testListId="8c84fa94-04c1-424b-9868-57a2d4851a1d" relativeResultsDirectory="f14cc80d-a63a-41cf-a953-4dc96dc17d60" />
    <UnitTestResult executionId="3e526c87-99e6-4b76-9f08-4c17a765f46c" testId="b0f42246-221a-8273-26a5-64d428e0acf2" testName="MSTest_P2_422" computerName="NAVB3" duration="00:00:00.0000829" startTime="2017-11-29T20:12:15.9965427+05:30" endTime="2017-11-29T20:12:15.9965427+05:30" testType="13cdc9d9-ddb5-4fa4-a97d-d965ccfc6d4b" outcome="Passed" testListId="8c84fa94-04c1-424b-9868-57a2d4851a1d" relativeResultsDirectory="3e526c87-99e6-4b76-9f08-4c17a765f46c" />
    <UnitTestResult executionId="05624ccd-618e-4b7d-ac0c-ec9939d3534d" testId="ed016d2a-a143-45b4-1538-1fd2c412205d" testName="MSTest_P2_423" computerName="NAVB3" duration="00:00:00.0000821" startTime="2017-11-29T20:12:15.9965427+05:30" endTime="2017-11-29T20:12:15.9965427+05:30" testType="13cdc9d9-ddb5-4fa4-a97d-d965ccfc6d4b" outcome="Passed" testListId="8c84fa94-04c1-424b-9868-57a2d4851a1d" relativeResultsDirectory="05624ccd-618e-4b7d-ac0c-ec9939d3534d" />
    <UnitTestResult executionId="2bdb12ee-94f8-4fb7-84b8-f7c3b37c70a5" testId="b1569a4a-886e-ec94-03b5-fba9d87c80e2" testName="MSTest_P2_424" computerName="NAVB3" duration="00:00:00.0000818" startTime="2017-11-29T20:12:15.9965427+05:30" endTime="2017-11-29T20:12:15.9965427+05:30" testType="13cdc9d9-ddb5-4fa4-a97d-d965ccfc6d4b" outcome="Passed" testListId="8c84fa94-04c1-424b-9868-57a2d4851a1d" relativeResultsDirectory="2bdb12ee-94f8-4fb7-84b8-f7c3b37c70a5" />
    <UnitTestResult executionId="fdc0514c-73e8-47ba-8296-14001bc00c53" testId="8e99ddbf-1f62-a90d-a88c-3e09a5e62fbc" testName="MSTest_P2_425" computerName="NAVB3" duration="00:00:00.0000824" startTime="2017-11-29T20:12:15.9965427+05:30" endTime="2017-11-29T20:12:15.9965427+05:30" testType="13cdc9d9-ddb5-4fa4-a97d-d965ccfc6d4b" outcome="Passed" testListId="8c84fa94-04c1-424b-9868-57a2d4851a1d" relativeResultsDirectory="fdc0514c-73e8-47ba-8296-14001bc00c53" />
    <UnitTestResult executionId="27c153c7-d861-4651-ac90-01db838852e3" testId="62edf976-7a76-227c-ab3e-3e3068d22419" testName="MSTest_P2_256" computerName="NAVB3" duration="00:00:00.0000826" startTime="2017-11-29T20:12:15.9965427+05:30" endTime="2017-11-29T20:12:15.9965427+05:30" testType="13cdc9d9-ddb5-4fa4-a97d-d965ccfc6d4b" outcome="Passed" testListId="8c84fa94-04c1-424b-9868-57a2d4851a1d" relativeResultsDirectory="27c153c7-d861-4651-ac90-01db838852e3" />
    <UnitTestResult executionId="f687a0dd-ebd0-4ede-9076-e9cabd5d189d" testId="3afaf579-db15-cc97-6075-93fc66d2482e" testName="MSTest_P2_257" computerName="NAVB3" duration="00:00:00.0000821" startTime="2017-11-29T20:12:15.9965427+05:30" endTime="2017-11-29T20:12:15.9965427+05:30" testType="13cdc9d9-ddb5-4fa4-a97d-d965ccfc6d4b" outcome="Passed" testListId="8c84fa94-04c1-424b-9868-57a2d4851a1d" relativeResultsDirectory="f687a0dd-ebd0-4ede-9076-e9cabd5d189d" />
    <UnitTestResult executionId="0d99b9ea-f9eb-4caf-b9fb-434518cfa8bb" testId="cf3134ed-5854-5d81-39ac-bdd4ad6563c0" testName="MSTest_P2_258" computerName="NAVB3" duration="00:00:00.0000818" startTime="2017-11-29T20:12:15.9965427+05:30" endTime="2017-11-29T20:12:15.9965427+05:30" testType="13cdc9d9-ddb5-4fa4-a97d-d965ccfc6d4b" outcome="Passed" testListId="8c84fa94-04c1-424b-9868-57a2d4851a1d" relativeResultsDirectory="0d99b9ea-f9eb-4caf-b9fb-434518cfa8bb" />
    <UnitTestResult executionId="b942da48-bcbc-4d55-a98c-69cb0316d853" testId="c6064df2-d70f-a735-4d38-9ada6958097c" testName="MSTest_P2_259" computerName="NAVB3" duration="00:00:00.0000818" startTime="2017-11-29T20:12:15.9965427+05:30" endTime="2017-11-29T20:12:15.9965427+05:30" testType="13cdc9d9-ddb5-4fa4-a97d-d965ccfc6d4b" outcome="Passed" testListId="8c84fa94-04c1-424b-9868-57a2d4851a1d" relativeResultsDirectory="b942da48-bcbc-4d55-a98c-69cb0316d853" />
    <UnitTestResult executionId="f3b1283b-cc0e-4830-a87b-c9a39353a6a9" testId="b5644c1a-4e6f-a72a-7960-9542c506051d" testName="MSTest_P2_260" computerName="NAVB3" duration="00:00:00.0000829" startTime="2017-11-29T20:12:15.9965427+05:30" endTime="2017-11-29T20:12:15.9965427+05:30" testType="13cdc9d9-ddb5-4fa4-a97d-d965ccfc6d4b" outcome="Passed" testListId="8c84fa94-04c1-424b-9868-57a2d4851a1d" relativeResultsDirectory="f3b1283b-cc0e-4830-a87b-c9a39353a6a9" />
    <UnitTestResult executionId="b256a811-9097-4e44-8f80-5ac6c0307587" testId="08be73c0-a975-a603-5d02-2398253cc14e" testName="MSTest_P2_261" computerName="NAVB3" duration="00:00:00.0000832" startTime="2017-11-29T20:12:15.9965427+05:30" endTime="2017-11-29T20:12:15.9965427+05:30" testType="13cdc9d9-ddb5-4fa4-a97d-d965ccfc6d4b" outcome="Passed" testListId="8c84fa94-04c1-424b-9868-57a2d4851a1d" relativeResultsDirectory="b256a811-9097-4e44-8f80-5ac6c0307587" />
    <UnitTestResult executionId="4f5c3c4a-003b-401a-ba5c-efd72dc38a41" testId="b243411e-0b00-e9ac-a0d9-fd6cc8fe5e76" testName="MSTest_P2_262" computerName="NAVB3" duration="00:00:00.0000821" startTime="2017-11-29T20:12:15.9965427+05:30" endTime="2017-11-29T20:12:15.9965427+05:30" testType="13cdc9d9-ddb5-4fa4-a97d-d965ccfc6d4b" outcome="Passed" testListId="8c84fa94-04c1-424b-9868-57a2d4851a1d" relativeResultsDirectory="4f5c3c4a-003b-401a-ba5c-efd72dc38a41" />
    <UnitTestResult executionId="68c2acec-91cd-4ec2-a245-64317f81cc7f" testId="01bf3557-af42-0cc6-b667-13a114246373" testName="MSTest_P2_263" computerName="NAVB3" duration="00:00:00.0000809" startTime="2017-11-29T20:12:15.9965427+05:30" endTime="2017-11-29T20:12:15.9965427+05:30" testType="13cdc9d9-ddb5-4fa4-a97d-d965ccfc6d4b" outcome="Passed" testListId="8c84fa94-04c1-424b-9868-57a2d4851a1d" relativeResultsDirectory="68c2acec-91cd-4ec2-a245-64317f81cc7f" />
    <UnitTestResult executionId="ba6578fd-9729-4079-9edd-fdd94b783853" testId="b9addcd8-1689-aa5c-75f0-51367ace995d" testName="MSTest_P2_264" computerName="NAVB3" duration="00:00:00.0000818" startTime="2017-11-29T20:12:15.9965427+05:30" endTime="2017-11-29T20:12:15.9965427+05:30" testType="13cdc9d9-ddb5-4fa4-a97d-d965ccfc6d4b" outcome="Passed" testListId="8c84fa94-04c1-424b-9868-57a2d4851a1d" relativeResultsDirectory="ba6578fd-9729-4079-9edd-fdd94b783853" />
    <UnitTestResult executionId="fab95bdf-535b-4f8f-aab4-fc05ec81dd2b" testId="b47b78f9-b0d8-fec8-ab9a-9eaa193e9134" testName="MSTest_P2_265" computerName="NAVB3" duration="00:00:00.0000818" startTime="2017-11-29T20:12:15.9965427+05:30" endTime="2017-11-29T20:12:15.9965427+05:30" testType="13cdc9d9-ddb5-4fa4-a97d-d965ccfc6d4b" outcome="Passed" testListId="8c84fa94-04c1-424b-9868-57a2d4851a1d" relativeResultsDirectory="fab95bdf-535b-4f8f-aab4-fc05ec81dd2b" />
    <UnitTestResult executionId="57bed475-c708-4ccb-848b-ddbdc25609a5" testId="2ee5ca22-9ef4-3b84-d450-25e78cba1fdf" testName="MSTest_P2_266" computerName="NAVB3" duration="00:00:00.0000815" startTime="2017-11-29T20:12:15.9965427+05:30" endTime="2017-11-29T20:12:15.9965427+05:30" testType="13cdc9d9-ddb5-4fa4-a97d-d965ccfc6d4b" outcome="Passed" testListId="8c84fa94-04c1-424b-9868-57a2d4851a1d" relativeResultsDirectory="57bed475-c708-4ccb-848b-ddbdc25609a5" />
    <UnitTestResult executionId="52e237ed-c9dc-48c3-9d0f-0bf5ea7a5790" testId="5b93bb66-36aa-9546-a63c-858a942f47c9" testName="MSTest_P2_267" computerName="NAVB3" duration="00:00:00.0000815" startTime="2017-11-29T20:12:15.9965427+05:30" endTime="2017-11-29T20:12:15.9965427+05:30" testType="13cdc9d9-ddb5-4fa4-a97d-d965ccfc6d4b" outcome="Passed" testListId="8c84fa94-04c1-424b-9868-57a2d4851a1d" relativeResultsDirectory="52e237ed-c9dc-48c3-9d0f-0bf5ea7a5790" />
    <UnitTestResult executionId="8401f421-e436-4ddf-826b-33292e2e3f64" testId="82026b1b-e4f8-c75d-6fd9-4e0c102dea19" testName="MSTest_P2_268" computerName="NAVB3" duration="00:00:00.0000812" startTime="2017-11-29T20:12:15.9965427+05:30" endTime="2017-11-29T20:12:15.9965427+05:30" testType="13cdc9d9-ddb5-4fa4-a97d-d965ccfc6d4b" outcome="Passed" testListId="8c84fa94-04c1-424b-9868-57a2d4851a1d" relativeResultsDirectory="8401f421-e436-4ddf-826b-33292e2e3f64" />
    <UnitTestResult executionId="2f260c42-4668-403c-bef6-a2f31d82f0b7" testId="a0a14464-fb50-3caf-9ff8-c858c9ed6f8f" testName="MSTest_P2_269" computerName="NAVB3" duration="00:00:00.0000856" startTime="2017-11-29T20:12:15.9965427+05:30" endTime="2017-11-29T20:12:15.9965427+05:30" testType="13cdc9d9-ddb5-4fa4-a97d-d965ccfc6d4b" outcome="Passed" testListId="8c84fa94-04c1-424b-9868-57a2d4851a1d" relativeResultsDirectory="2f260c42-4668-403c-bef6-a2f31d82f0b7" />
    <UnitTestResult executionId="aa9dd048-e885-45d9-846c-783c15117b54" testId="963aa350-dc63-27d1-7f7c-e76e264a3a37" testName="MSTest_P2_270" computerName="NAVB3" duration="00:00:00.0000826" startTime="2017-11-29T20:12:15.9965427+05:30" endTime="2017-11-29T20:12:15.9965427+05:30" testType="13cdc9d9-ddb5-4fa4-a97d-d965ccfc6d4b" outcome="Passed" testListId="8c84fa94-04c1-424b-9868-57a2d4851a1d" relativeResultsDirectory="aa9dd048-e885-45d9-846c-783c15117b54" />
    <UnitTestResult executionId="4da34e5c-54e7-4443-87b3-e5e6f1212882" testId="28d66a73-94f8-0e54-f4ff-ed8e155407df" testName="MSTest_P2_271" computerName="NAVB3" duration="00:00:00.0000821" startTime="2017-11-29T20:12:15.9965427+05:30" endTime="2017-11-29T20:12:15.9965427+05:30" testType="13cdc9d9-ddb5-4fa4-a97d-d965ccfc6d4b" outcome="Passed" testListId="8c84fa94-04c1-424b-9868-57a2d4851a1d" relativeResultsDirectory="4da34e5c-54e7-4443-87b3-e5e6f1212882" />
    <UnitTestResult executionId="46de4353-02ce-4694-867c-378696dd1378" testId="a7e88723-8b5a-898e-e1e7-2c3de4a24710" testName="MSTest_P2_272" computerName="NAVB3" duration="00:00:00.0000812" startTime="2017-11-29T20:12:15.9965427+05:30" endTime="2017-11-29T20:12:15.9965427+05:30" testType="13cdc9d9-ddb5-4fa4-a97d-d965ccfc6d4b" outcome="Passed" testListId="8c84fa94-04c1-424b-9868-57a2d4851a1d" relativeResultsDirectory="46de4353-02ce-4694-867c-378696dd1378" />
    <UnitTestResult executionId="8bf008b1-5cbe-43b6-a87a-3eb5a5050060" testId="7e2e5360-6df1-ebd4-8076-bf6f1d65e59c" testName="MSTest_P2_273" computerName="NAVB3" duration="00:00:00.0000818" startTime="2017-11-29T20:12:15.9965427+05:30" endTime="2017-11-29T20:12:15.9965427+05:30" testType="13cdc9d9-ddb5-4fa4-a97d-d965ccfc6d4b" outcome="Passed" testListId="8c84fa94-04c1-424b-9868-57a2d4851a1d" relativeResultsDirectory="8bf008b1-5cbe-43b6-a87a-3eb5a5050060" />
    <UnitTestResult executionId="44aaf72b-6e37-43b2-a686-1dc76d0a6649" testId="d7d436a4-3906-ab93-f5f1-96092f24175b" testName="MSTest_P2_274" computerName="NAVB3" duration="00:00:00.0000821" startTime="2017-11-29T20:12:15.9965427+05:30" endTime="2017-11-29T20:12:15.9965427+05:30" testType="13cdc9d9-ddb5-4fa4-a97d-d965ccfc6d4b" outcome="Passed" testListId="8c84fa94-04c1-424b-9868-57a2d4851a1d" relativeResultsDirectory="44aaf72b-6e37-43b2-a686-1dc76d0a6649" />
    <UnitTestResult executionId="7ab71a17-f6c6-49c1-b8be-adb90e413db6" testId="28e9670f-567b-9c6f-1402-8bf5f9a39898" testName="MSTest_P2_275" computerName="NAVB3" duration="00:00:00.0000821" startTime="2017-11-29T20:12:15.9965427+05:30" endTime="2017-11-29T20:12:15.9965427+05:30" testType="13cdc9d9-ddb5-4fa4-a97d-d965ccfc6d4b" outcome="Passed" testListId="8c84fa94-04c1-424b-9868-57a2d4851a1d" relativeResultsDirectory="7ab71a17-f6c6-49c1-b8be-adb90e413db6" />
    <UnitTestResult executionId="af692494-9f45-45df-a487-a5fbdc861612" testId="fbdd2467-997a-8b59-2d03-827ea0150a6e" testName="MSTest_P2_276" computerName="NAVB3" duration="00:00:00.0000815" startTime="2017-11-29T20:12:15.9965427+05:30" endTime="2017-11-29T20:12:15.9965427+05:30" testType="13cdc9d9-ddb5-4fa4-a97d-d965ccfc6d4b" outcome="Passed" testListId="8c84fa94-04c1-424b-9868-57a2d4851a1d" relativeResultsDirectory="af692494-9f45-45df-a487-a5fbdc861612" />
    <UnitTestResult executionId="5eede82b-e7aa-4d0f-bd18-49476c3782ee" testId="ddb1687b-21f5-a3e9-7517-956477c2bca4" testName="MSTest_P2_277" computerName="NAVB3" duration="00:00:00.0000809" startTime="2017-11-29T20:12:15.9965427+05:30" endTime="2017-11-29T20:12:15.9965427+05:30" testType="13cdc9d9-ddb5-4fa4-a97d-d965ccfc6d4b" outcome="Passed" testListId="8c84fa94-04c1-424b-9868-57a2d4851a1d" relativeResultsDirectory="5eede82b-e7aa-4d0f-bd18-49476c3782ee" />
    <UnitTestResult executionId="7e769272-7cc3-43fc-97fd-584034b70a65" testId="d8da4ec2-35b9-0e3a-4030-62ef830c61a7" testName="MSTest_P2_278" computerName="NAVB3" duration="00:00:00.0000938" startTime="2017-11-29T20:12:15.9965427+05:30" endTime="2017-11-29T20:12:16.0121637+05:30" testType="13cdc9d9-ddb5-4fa4-a97d-d965ccfc6d4b" outcome="Passed" testListId="8c84fa94-04c1-424b-9868-57a2d4851a1d" relativeResultsDirectory="7e769272-7cc3-43fc-97fd-584034b70a65" />
    <UnitTestResult executionId="a22c75e6-f598-4fc6-b543-49e9bdf54c8e" testId="dfbdc630-5e07-0fdc-f3fc-f4c6c0ff0370" testName="MSTest_P2_279" computerName="NAVB3" duration="00:00:00.0000994" startTime="2017-11-29T20:12:16.0121637+05:30" endTime="2017-11-29T20:12:16.0121637+05:30" testType="13cdc9d9-ddb5-4fa4-a97d-d965ccfc6d4b" outcome="Passed" testListId="8c84fa94-04c1-424b-9868-57a2d4851a1d" relativeResultsDirectory="a22c75e6-f598-4fc6-b543-49e9bdf54c8e" />
    <UnitTestResult executionId="4ae1a6e8-7643-40b2-ac89-416e4efd2de9" testId="b4074a21-e2ce-5842-e74d-fc3d260f335c" testName="MSTest_P2_280" computerName="NAVB3" duration="00:00:00.0000964" startTime="2017-11-29T20:12:16.0121637+05:30" endTime="2017-11-29T20:12:16.0121637+05:30" testType="13cdc9d9-ddb5-4fa4-a97d-d965ccfc6d4b" outcome="Passed" testListId="8c84fa94-04c1-424b-9868-57a2d4851a1d" relativeResultsDirectory="4ae1a6e8-7643-40b2-ac89-416e4efd2de9" />
    <UnitTestResult executionId="2aec5eb5-00a1-4f9a-908b-0f41834c0c3c" testId="cbb203b9-e6ef-c267-30db-ffaaa0662758" testName="MSTest_P2_281" computerName="NAVB3" duration="00:00:00.0000941" startTime="2017-11-29T20:12:16.0121637+05:30" endTime="2017-11-29T20:12:16.0121637+05:30" testType="13cdc9d9-ddb5-4fa4-a97d-d965ccfc6d4b" outcome="Passed" testListId="8c84fa94-04c1-424b-9868-57a2d4851a1d" relativeResultsDirectory="2aec5eb5-00a1-4f9a-908b-0f41834c0c3c" />
    <UnitTestResult executionId="ac80e207-398a-4102-878b-cfadc0167287" testId="093d6d69-22d5-1124-5efd-663062435753" testName="MSTest_P2_282" computerName="NAVB3" duration="00:00:00.0001005" startTime="2017-11-29T20:12:16.0121637+05:30" endTime="2017-11-29T20:12:16.0121637+05:30" testType="13cdc9d9-ddb5-4fa4-a97d-d965ccfc6d4b" outcome="Passed" testListId="8c84fa94-04c1-424b-9868-57a2d4851a1d" relativeResultsDirectory="ac80e207-398a-4102-878b-cfadc0167287" />
    <UnitTestResult executionId="c6a8800f-0732-45a1-aa3b-d099a5d8f8be" testId="e7aea337-de24-a376-f3b9-0d22e1d8af40" testName="MSTest_P2_283" computerName="NAVB3" duration="00:00:00.0000826" startTime="2017-11-29T20:12:16.0121637+05:30" endTime="2017-11-29T20:12:16.0121637+05:30" testType="13cdc9d9-ddb5-4fa4-a97d-d965ccfc6d4b" outcome="Passed" testListId="8c84fa94-04c1-424b-9868-57a2d4851a1d" relativeResultsDirectory="c6a8800f-0732-45a1-aa3b-d099a5d8f8be" />
    <UnitTestResult executionId="8e484aaa-2201-4397-80c5-200c6700e274" testId="08154134-9b90-89e8-9af5-168ac43908b2" testName="MSTest_P2_284" computerName="NAVB3" duration="00:00:00.0000894" startTime="2017-11-29T20:12:16.0121637+05:30" endTime="2017-11-29T20:12:16.0121637+05:30" testType="13cdc9d9-ddb5-4fa4-a97d-d965ccfc6d4b" outcome="Passed" testListId="8c84fa94-04c1-424b-9868-57a2d4851a1d" relativeResultsDirectory="8e484aaa-2201-4397-80c5-200c6700e274" />
    <UnitTestResult executionId="2e30dc2c-a71a-416c-bccb-1ccffe36bb0d" testId="2290ca4f-3875-8b90-edfe-8bab19de1b67" testName="MSTest_P2_285" computerName="NAVB3" duration="00:00:00.0000809" startTime="2017-11-29T20:12:16.0121637+05:30" endTime="2017-11-29T20:12:16.0121637+05:30" testType="13cdc9d9-ddb5-4fa4-a97d-d965ccfc6d4b" outcome="Passed" testListId="8c84fa94-04c1-424b-9868-57a2d4851a1d" relativeResultsDirectory="2e30dc2c-a71a-416c-bccb-1ccffe36bb0d" />
    <UnitTestResult executionId="a1292602-8ff2-4035-9ed8-9f2c3617fbb1" testId="d7c9e9c0-379b-4273-60a5-d000d941afe0" testName="MSTest_P2_286" computerName="NAVB3" duration="00:00:00.0000826" startTime="2017-11-29T20:12:16.0121637+05:30" endTime="2017-11-29T20:12:16.0121637+05:30" testType="13cdc9d9-ddb5-4fa4-a97d-d965ccfc6d4b" outcome="Passed" testListId="8c84fa94-04c1-424b-9868-57a2d4851a1d" relativeResultsDirectory="a1292602-8ff2-4035-9ed8-9f2c3617fbb1" />
    <UnitTestResult executionId="a259c78a-30bc-4841-827e-1ee881d859f9" testId="0393dea9-21b3-c648-a2bb-8c43c535c531" testName="MSTest_P2_287" computerName="NAVB3" duration="00:00:00.0000818" startTime="2017-11-29T20:12:16.0121637+05:30" endTime="2017-11-29T20:12:16.0121637+05:30" testType="13cdc9d9-ddb5-4fa4-a97d-d965ccfc6d4b" outcome="Passed" testListId="8c84fa94-04c1-424b-9868-57a2d4851a1d" relativeResultsDirectory="a259c78a-30bc-4841-827e-1ee881d859f9" />
    <UnitTestResult executionId="dfc69bc4-87b9-4c31-9254-d1f904d3fc46" testId="1609fce3-b504-eda5-c2a7-88a436828de6" testName="MSTest_P2_288" computerName="NAVB3" duration="00:00:00.0000891" startTime="2017-11-29T20:12:16.0121637+05:30" endTime="2017-11-29T20:12:16.0121637+05:30" testType="13cdc9d9-ddb5-4fa4-a97d-d965ccfc6d4b" outcome="Passed" testListId="8c84fa94-04c1-424b-9868-57a2d4851a1d" relativeResultsDirectory="dfc69bc4-87b9-4c31-9254-d1f904d3fc46" />
    <UnitTestResult executionId="7e6d2ad2-1580-4f46-8b42-918077c18bfe" testId="98f07e3c-358f-d3cf-0895-d97022d04d5a" testName="MSTest_P2_289" computerName="NAVB3" duration="00:00:00.0000865" startTime="2017-11-29T20:12:16.0121637+05:30" endTime="2017-11-29T20:12:16.0121637+05:30" testType="13cdc9d9-ddb5-4fa4-a97d-d965ccfc6d4b" outcome="Passed" testListId="8c84fa94-04c1-424b-9868-57a2d4851a1d" relativeResultsDirectory="7e6d2ad2-1580-4f46-8b42-918077c18bfe" />
    <UnitTestResult executionId="86cd2b05-d76e-444e-8d77-2f3fa0be4ba2" testId="ada0b923-425a-7a46-ecff-77f785a5120c" testName="MSTest_P2_290" computerName="NAVB3" duration="00:00:00.0000809" startTime="2017-11-29T20:12:16.0121637+05:30" endTime="2017-11-29T20:12:16.0121637+05:30" testType="13cdc9d9-ddb5-4fa4-a97d-d965ccfc6d4b" outcome="Passed" testListId="8c84fa94-04c1-424b-9868-57a2d4851a1d" relativeResultsDirectory="86cd2b05-d76e-444e-8d77-2f3fa0be4ba2" />
    <UnitTestResult executionId="e351cd96-67e5-4f69-b388-f359d22701a1" testId="30c94d1c-21b6-fe2b-316a-7b2ede5b4559" testName="MSTest_P2_291" computerName="NAVB3" duration="00:00:00.0000818" startTime="2017-11-29T20:12:16.0121637+05:30" endTime="2017-11-29T20:12:16.0121637+05:30" testType="13cdc9d9-ddb5-4fa4-a97d-d965ccfc6d4b" outcome="Passed" testListId="8c84fa94-04c1-424b-9868-57a2d4851a1d" relativeResultsDirectory="e351cd96-67e5-4f69-b388-f359d22701a1" />
    <UnitTestResult executionId="a7cc5d39-5e71-407c-9974-4fd0e3ab8e77" testId="55b8d4af-b440-c4c8-a2fe-e30838b46a22" testName="MSTest_P2_292" computerName="NAVB3" duration="00:00:00.0000815" startTime="2017-11-29T20:12:16.0121637+05:30" endTime="2017-11-29T20:12:16.0121637+05:30" testType="13cdc9d9-ddb5-4fa4-a97d-d965ccfc6d4b" outcome="Passed" testListId="8c84fa94-04c1-424b-9868-57a2d4851a1d" relativeResultsDirectory="a7cc5d39-5e71-407c-9974-4fd0e3ab8e77" />
    <UnitTestResult executionId="7852c73a-077a-401a-ba25-fc1a4bb5e2a1" testId="a3fd5dca-f73b-62b1-bd58-55ba1ea9a5c1" testName="MSTest_P2_293" computerName="NAVB3" duration="00:00:00.0000812" startTime="2017-11-29T20:12:16.0121637+05:30" endTime="2017-11-29T20:12:16.0121637+05:30" testType="13cdc9d9-ddb5-4fa4-a97d-d965ccfc6d4b" outcome="Passed" testListId="8c84fa94-04c1-424b-9868-57a2d4851a1d" relativeResultsDirectory="7852c73a-077a-401a-ba25-fc1a4bb5e2a1" />
    <UnitTestResult executionId="3c200928-17b3-489d-b6aa-2b4be16e6fc9" testId="3001e9c2-ed25-f9b0-79a7-f5c487f354a4" testName="MSTest_P2_294" computerName="NAVB3" duration="00:00:00.0000809" startTime="2017-11-29T20:12:16.0121637+05:30" endTime="2017-11-29T20:12:16.0121637+05:30" testType="13cdc9d9-ddb5-4fa4-a97d-d965ccfc6d4b" outcome="Passed" testListId="8c84fa94-04c1-424b-9868-57a2d4851a1d" relativeResultsDirectory="3c200928-17b3-489d-b6aa-2b4be16e6fc9" />
    <UnitTestResult executionId="121e86ea-f536-4472-9073-31cbcba0f649" testId="5d6f6418-386d-98fe-bae2-b06e56b1e19a" testName="MSTest_P2_295" computerName="NAVB3" duration="00:00:00.0000812" startTime="2017-11-29T20:12:16.0121637+05:30" endTime="2017-11-29T20:12:16.0121637+05:30" testType="13cdc9d9-ddb5-4fa4-a97d-d965ccfc6d4b" outcome="Passed" testListId="8c84fa94-04c1-424b-9868-57a2d4851a1d" relativeResultsDirectory="121e86ea-f536-4472-9073-31cbcba0f649" />
    <UnitTestResult executionId="10704aed-a3d2-4de6-ba0c-a4bc790e2a5c" testId="57ba7df0-92b3-047b-5050-37512ab886e0" testName="MSTest_P2_296" computerName="NAVB3" duration="00:00:00.0000821" startTime="2017-11-29T20:12:16.0121637+05:30" endTime="2017-11-29T20:12:16.0121637+05:30" testType="13cdc9d9-ddb5-4fa4-a97d-d965ccfc6d4b" outcome="Passed" testListId="8c84fa94-04c1-424b-9868-57a2d4851a1d" relativeResultsDirectory="10704aed-a3d2-4de6-ba0c-a4bc790e2a5c" />
    <UnitTestResult executionId="ecbfe9b4-3ddf-408d-9d43-8da40d4d7f04" testId="e0f0bbf4-1dc9-3459-3c93-967eeb7520cf" testName="MSTest_P2_297" computerName="NAVB3" duration="00:00:00.0000824" startTime="2017-11-29T20:12:16.0121637+05:30" endTime="2017-11-29T20:12:16.0121637+05:30" testType="13cdc9d9-ddb5-4fa4-a97d-d965ccfc6d4b" outcome="Passed" testListId="8c84fa94-04c1-424b-9868-57a2d4851a1d" relativeResultsDirectory="ecbfe9b4-3ddf-408d-9d43-8da40d4d7f04" />
    <UnitTestResult executionId="0d8595c7-4c72-42c4-b8bb-d3f7deee8f63" testId="cc9c5d43-fd02-7e0a-3b7a-3966d3d7218e" testName="MSTest_P2_298" computerName="NAVB3" duration="00:00:00.0000818" startTime="2017-11-29T20:12:16.0121637+05:30" endTime="2017-11-29T20:12:16.0121637+05:30" testType="13cdc9d9-ddb5-4fa4-a97d-d965ccfc6d4b" outcome="Passed" testListId="8c84fa94-04c1-424b-9868-57a2d4851a1d" relativeResultsDirectory="0d8595c7-4c72-42c4-b8bb-d3f7deee8f63" />
    <UnitTestResult executionId="bb622b96-b006-4752-8f3c-ecb4a1211f6a" testId="dca091ea-1cbc-5f9a-7502-bbe023c83808" testName="MSTest_P2_299" computerName="NAVB3" duration="00:00:00.0000815" startTime="2017-11-29T20:12:16.0121637+05:30" endTime="2017-11-29T20:12:16.0121637+05:30" testType="13cdc9d9-ddb5-4fa4-a97d-d965ccfc6d4b" outcome="Passed" testListId="8c84fa94-04c1-424b-9868-57a2d4851a1d" relativeResultsDirectory="bb622b96-b006-4752-8f3c-ecb4a1211f6a" />
    <UnitTestResult executionId="9f86aba3-eab9-4bb2-9399-31a34e30b7ff" testId="7a7864aa-a264-e531-b03f-9ba77df9e4f4" testName="MSTest_P2_300" computerName="NAVB3" duration="00:00:00.0000818" startTime="2017-11-29T20:12:16.0121637+05:30" endTime="2017-11-29T20:12:16.0121637+05:30" testType="13cdc9d9-ddb5-4fa4-a97d-d965ccfc6d4b" outcome="Passed" testListId="8c84fa94-04c1-424b-9868-57a2d4851a1d" relativeResultsDirectory="9f86aba3-eab9-4bb2-9399-31a34e30b7ff" />
    <UnitTestResult executionId="51fedcc1-6869-4441-88e8-e5cf732ab342" testId="a3264e97-a002-ccfa-f0fa-ad04bee9701c" testName="MSTest_P2_301" computerName="NAVB3" duration="00:00:00.0000824" startTime="2017-11-29T20:12:16.0121637+05:30" endTime="2017-11-29T20:12:16.0121637+05:30" testType="13cdc9d9-ddb5-4fa4-a97d-d965ccfc6d4b" outcome="Passed" testListId="8c84fa94-04c1-424b-9868-57a2d4851a1d" relativeResultsDirectory="51fedcc1-6869-4441-88e8-e5cf732ab342" />
    <UnitTestResult executionId="143edff2-1c23-4e8f-8610-a231e5653001" testId="c943d2d5-d592-e6ca-6e00-44246c3c5f00" testName="MSTest_P2_302" computerName="NAVB3" duration="00:00:00.0000818" startTime="2017-11-29T20:12:16.0121637+05:30" endTime="2017-11-29T20:12:16.0121637+05:30" testType="13cdc9d9-ddb5-4fa4-a97d-d965ccfc6d4b" outcome="Passed" testListId="8c84fa94-04c1-424b-9868-57a2d4851a1d" relativeResultsDirectory="143edff2-1c23-4e8f-8610-a231e5653001" />
    <UnitTestResult executionId="87f68a35-526a-4619-a1b2-b3a02697f0db" testId="9bb1dcad-fcb0-330d-0709-c9e4144cf7f8" testName="MSTest_P2_303" computerName="NAVB3" duration="00:00:00.0000815" startTime="2017-11-29T20:12:16.0121637+05:30" endTime="2017-11-29T20:12:16.0121637+05:30" testType="13cdc9d9-ddb5-4fa4-a97d-d965ccfc6d4b" outcome="Passed" testListId="8c84fa94-04c1-424b-9868-57a2d4851a1d" relativeResultsDirectory="87f68a35-526a-4619-a1b2-b3a02697f0db" />
    <UnitTestResult executionId="a2faa180-db8c-4a12-8021-aec11038ad96" testId="d26c349f-95f0-0d83-37b0-8277c4d50a65" testName="MSTest_P2_304" computerName="NAVB3" duration="00:00:00.0000909" startTime="2017-11-29T20:12:16.0121637+05:30" endTime="2017-11-29T20:12:16.0121637+05:30" testType="13cdc9d9-ddb5-4fa4-a97d-d965ccfc6d4b" outcome="Passed" testListId="8c84fa94-04c1-424b-9868-57a2d4851a1d" relativeResultsDirectory="a2faa180-db8c-4a12-8021-aec11038ad96" />
    <UnitTestResult executionId="471bd0f7-cfa8-4a48-9415-c7d93c4df834" testId="66f6f9ca-c07b-4d38-5e2a-4920c58f51c4" testName="MSTest_P2_305" computerName="NAVB3" duration="00:00:00.0000824" startTime="2017-11-29T20:12:16.0121637+05:30" endTime="2017-11-29T20:12:16.0121637+05:30" testType="13cdc9d9-ddb5-4fa4-a97d-d965ccfc6d4b" outcome="Passed" testListId="8c84fa94-04c1-424b-9868-57a2d4851a1d" relativeResultsDirectory="471bd0f7-cfa8-4a48-9415-c7d93c4df834" />
    <UnitTestResult executionId="cf0d82e2-a18f-4460-b6b7-8cc56f407043" testId="e31f0b37-bc0f-e336-b3b7-a2096cfbdfc1" testName="MSTest_P2_306" computerName="NAVB3" duration="00:00:00.0000824" startTime="2017-11-29T20:12:16.0121637+05:30" endTime="2017-11-29T20:12:16.0121637+05:30" testType="13cdc9d9-ddb5-4fa4-a97d-d965ccfc6d4b" outcome="Passed" testListId="8c84fa94-04c1-424b-9868-57a2d4851a1d" relativeResultsDirectory="cf0d82e2-a18f-4460-b6b7-8cc56f407043" />
    <UnitTestResult executionId="2de4351d-7e43-44f4-8fec-59d872b1c917" testId="877d15db-0f38-4d44-e0c0-f170c92f8958" testName="MSTest_P2_307" computerName="NAVB3" duration="00:00:00.0000812" startTime="2017-11-29T20:12:16.0121637+05:30" endTime="2017-11-29T20:12:16.0121637+05:30" testType="13cdc9d9-ddb5-4fa4-a97d-d965ccfc6d4b" outcome="Passed" testListId="8c84fa94-04c1-424b-9868-57a2d4851a1d" relativeResultsDirectory="2de4351d-7e43-44f4-8fec-59d872b1c917" />
    <UnitTestResult executionId="11231866-bd2a-4e75-901a-9230a608402f" testId="ef7b2c37-1e52-0fec-59d9-aedf0ac4d7b8" testName="MSTest_P2_308" computerName="NAVB3" duration="00:00:00.0000809" startTime="2017-11-29T20:12:16.0121637+05:30" endTime="2017-11-29T20:12:16.0121637+05:30" testType="13cdc9d9-ddb5-4fa4-a97d-d965ccfc6d4b" outcome="Passed" testListId="8c84fa94-04c1-424b-9868-57a2d4851a1d" relativeResultsDirectory="11231866-bd2a-4e75-901a-9230a608402f" />
    <UnitTestResult executionId="08be86f0-39f6-432d-a07b-c7723b5d69e1" testId="182711c0-250a-b813-8f26-c4e2fd373900" testName="MSTest_P2_309" computerName="NAVB3" duration="00:00:00.0000841" startTime="2017-11-29T20:12:16.0121637+05:30" endTime="2017-11-29T20:12:16.0121637+05:30" testType="13cdc9d9-ddb5-4fa4-a97d-d965ccfc6d4b" outcome="Passed" testListId="8c84fa94-04c1-424b-9868-57a2d4851a1d" relativeResultsDirectory="08be86f0-39f6-432d-a07b-c7723b5d69e1" />
    <UnitTestResult executionId="28f298e8-c34f-4380-887d-c7f085a36ff4" testId="9110038b-b223-ff94-2668-b85a069e7261" testName="MSTest_P2_310" computerName="NAVB3" duration="00:00:00.0000818" startTime="2017-11-29T20:12:16.0121637+05:30" endTime="2017-11-29T20:12:16.0121637+05:30" testType="13cdc9d9-ddb5-4fa4-a97d-d965ccfc6d4b" outcome="Passed" testListId="8c84fa94-04c1-424b-9868-57a2d4851a1d" relativeResultsDirectory="28f298e8-c34f-4380-887d-c7f085a36ff4" />
    <UnitTestResult executionId="e6ee5f50-5792-4ccd-a664-c3132f2fd499" testId="9524ede8-16bb-7379-a529-3ec35e85c5bc" testName="MSTest_P2_311" computerName="NAVB3" duration="00:00:00.0000824" startTime="2017-11-29T20:12:16.0121637+05:30" endTime="2017-11-29T20:12:16.0121637+05:30" testType="13cdc9d9-ddb5-4fa4-a97d-d965ccfc6d4b" outcome="Passed" testListId="8c84fa94-04c1-424b-9868-57a2d4851a1d" relativeResultsDirectory="e6ee5f50-5792-4ccd-a664-c3132f2fd499" />
    <UnitTestResult executionId="e98acc72-1780-471b-995b-a876852ce399" testId="f85eddb6-61e8-5884-3144-1ddf8899fb41" testName="MSTest_P2_312" computerName="NAVB3" duration="00:00:00.0000815" startTime="2017-11-29T20:12:16.0121637+05:30" endTime="2017-11-29T20:12:16.0121637+05:30" testType="13cdc9d9-ddb5-4fa4-a97d-d965ccfc6d4b" outcome="Passed" testListId="8c84fa94-04c1-424b-9868-57a2d4851a1d" relativeResultsDirectory="e98acc72-1780-471b-995b-a876852ce399" />
    <UnitTestResult executionId="5af93e96-cf47-4c1c-b8de-9a5ce4c780a7" testId="6094b16c-1fc2-c53b-5d3f-03b3a5b9342c" testName="MSTest_P2_313" computerName="NAVB3" duration="00:00:00.0000809" startTime="2017-11-29T20:12:16.0121637+05:30" endTime="2017-11-29T20:12:16.0121637+05:30" testType="13cdc9d9-ddb5-4fa4-a97d-d965ccfc6d4b" outcome="Passed" testListId="8c84fa94-04c1-424b-9868-57a2d4851a1d" relativeResultsDirectory="5af93e96-cf47-4c1c-b8de-9a5ce4c780a7" />
    <UnitTestResult executionId="18cdd10f-6358-473a-a0d9-88e983ec8c99" testId="339551d9-9d17-4cb2-416c-11838942374e" testName="MSTest_P2_314" computerName="NAVB3" duration="00:00:00.0000815" startTime="2017-11-29T20:12:16.0121637+05:30" endTime="2017-11-29T20:12:16.0121637+05:30" testType="13cdc9d9-ddb5-4fa4-a97d-d965ccfc6d4b" outcome="Passed" testListId="8c84fa94-04c1-424b-9868-57a2d4851a1d" relativeResultsDirectory="18cdd10f-6358-473a-a0d9-88e983ec8c99" />
    <UnitTestResult executionId="11903e2e-6504-421d-86e3-76a6a3707cd3" testId="127bdc48-2cb0-eb0d-0eb8-f4e5625c7a31" testName="MSTest_P2_315" computerName="NAVB3" duration="00:00:00.0000824" startTime="2017-11-29T20:12:16.0121637+05:30" endTime="2017-11-29T20:12:16.0121637+05:30" testType="13cdc9d9-ddb5-4fa4-a97d-d965ccfc6d4b" outcome="Passed" testListId="8c84fa94-04c1-424b-9868-57a2d4851a1d" relativeResultsDirectory="11903e2e-6504-421d-86e3-76a6a3707cd3" />
    <UnitTestResult executionId="99a33310-2310-4e3c-af7e-2588fc3b0d95" testId="a378e966-1967-03e8-6d2e-051b0c421b96" testName="MSTest_P2_316" computerName="NAVB3" duration="00:00:00.0000815" startTime="2017-11-29T20:12:16.0121637+05:30" endTime="2017-11-29T20:12:16.0121637+05:30" testType="13cdc9d9-ddb5-4fa4-a97d-d965ccfc6d4b" outcome="Passed" testListId="8c84fa94-04c1-424b-9868-57a2d4851a1d" relativeResultsDirectory="99a33310-2310-4e3c-af7e-2588fc3b0d95" />
    <UnitTestResult executionId="338ff769-9954-4a22-b0b8-f1637e465c55" testId="5a26a265-5783-93f2-3fcd-7e67c3d71a8c" testName="MSTest_P2_317" computerName="NAVB3" duration="00:00:00.0000821" startTime="2017-11-29T20:12:16.0121637+05:30" endTime="2017-11-29T20:12:16.0121637+05:30" testType="13cdc9d9-ddb5-4fa4-a97d-d965ccfc6d4b" outcome="Passed" testListId="8c84fa94-04c1-424b-9868-57a2d4851a1d" relativeResultsDirectory="338ff769-9954-4a22-b0b8-f1637e465c55" />
    <UnitTestResult executionId="6b6fbff7-cc9e-43c8-8edb-26c5f76ec45d" testId="3eced6e8-2bb6-e504-06e4-8d378e6ddff6" testName="MSTest_P2_318" computerName="NAVB3" duration="00:00:00.0000809" startTime="2017-11-29T20:12:16.0121637+05:30" endTime="2017-11-29T20:12:16.0121637+05:30" testType="13cdc9d9-ddb5-4fa4-a97d-d965ccfc6d4b" outcome="Passed" testListId="8c84fa94-04c1-424b-9868-57a2d4851a1d" relativeResultsDirectory="6b6fbff7-cc9e-43c8-8edb-26c5f76ec45d" />
    <UnitTestResult executionId="bcf34f97-a184-4c9b-b776-da00da39ced9" testId="67742a60-4b68-e5e0-9d7e-b44a8b7eeadd" testName="MSTest_P2_319" computerName="NAVB3" duration="00:00:00.0000809" startTime="2017-11-29T20:12:16.0121637+05:30" endTime="2017-11-29T20:12:16.0121637+05:30" testType="13cdc9d9-ddb5-4fa4-a97d-d965ccfc6d4b" outcome="Passed" testListId="8c84fa94-04c1-424b-9868-57a2d4851a1d" relativeResultsDirectory="bcf34f97-a184-4c9b-b776-da00da39ced9" />
    <UnitTestResult executionId="e6200718-4f69-41f5-9f86-d0813c138aac" testId="5a662f06-97b9-d580-dc09-5b578c4f6e42" testName="MSTest_P2_320" computerName="NAVB3" duration="00:00:00.0000812" startTime="2017-11-29T20:12:16.0121637+05:30" endTime="2017-11-29T20:12:16.0121637+05:30" testType="13cdc9d9-ddb5-4fa4-a97d-d965ccfc6d4b" outcome="Passed" testListId="8c84fa94-04c1-424b-9868-57a2d4851a1d" relativeResultsDirectory="e6200718-4f69-41f5-9f86-d0813c138aac" />
    <UnitTestResult executionId="edae3391-9e21-440f-aa70-8b49f62392ce" testId="0a43a3a6-79b0-9182-0258-9188c25dc043" testName="MSTest_P2_321" computerName="NAVB3" duration="00:00:00.0000815" startTime="2017-11-29T20:12:16.0121637+05:30" endTime="2017-11-29T20:12:16.0121637+05:30" testType="13cdc9d9-ddb5-4fa4-a97d-d965ccfc6d4b" outcome="Passed" testListId="8c84fa94-04c1-424b-9868-57a2d4851a1d" relativeResultsDirectory="edae3391-9e21-440f-aa70-8b49f62392ce" />
    <UnitTestResult executionId="21c10f7d-ef10-4d0d-85d8-0791c92e1bec" testId="a5b0261c-99ed-6de0-4e82-ffb3c3a8c55d" testName="MSTest_P2_322" computerName="NAVB3" duration="00:00:00.0000806" startTime="2017-11-29T20:12:16.0121637+05:30" endTime="2017-11-29T20:12:16.0121637+05:30" testType="13cdc9d9-ddb5-4fa4-a97d-d965ccfc6d4b" outcome="Passed" testListId="8c84fa94-04c1-424b-9868-57a2d4851a1d" relativeResultsDirectory="21c10f7d-ef10-4d0d-85d8-0791c92e1bec" />
    <UnitTestResult executionId="865f46ff-1f7f-41ff-85bb-b03326f60189" testId="dc5585c5-ed56-4d92-117f-27ee8bbc6392" testName="MSTest_P2_323" computerName="NAVB3" duration="00:00:00.0000815" startTime="2017-11-29T20:12:16.0121637+05:30" endTime="2017-11-29T20:12:16.0121637+05:30" testType="13cdc9d9-ddb5-4fa4-a97d-d965ccfc6d4b" outcome="Passed" testListId="8c84fa94-04c1-424b-9868-57a2d4851a1d" relativeResultsDirectory="865f46ff-1f7f-41ff-85bb-b03326f60189" />
    <UnitTestResult executionId="600d7861-a511-4b88-8894-06ea5c4bb646" testId="8652aeba-792d-9d8c-0f0f-b917a43460b0" testName="MSTest_P2_324" computerName="NAVB3" duration="00:00:00.0000829" startTime="2017-11-29T20:12:16.0121637+05:30" endTime="2017-11-29T20:12:16.0121637+05:30" testType="13cdc9d9-ddb5-4fa4-a97d-d965ccfc6d4b" outcome="Passed" testListId="8c84fa94-04c1-424b-9868-57a2d4851a1d" relativeResultsDirectory="600d7861-a511-4b88-8894-06ea5c4bb646" />
    <UnitTestResult executionId="6e6e2fe7-46cf-4786-bc04-0e6d8eb0b761" testId="cd9b80e2-b450-dfb5-50fe-c74d73b29539" testName="MSTest_P2_325" computerName="NAVB3" duration="00:00:00.0000818" startTime="2017-11-29T20:12:16.0121637+05:30" endTime="2017-11-29T20:12:16.0121637+05:30" testType="13cdc9d9-ddb5-4fa4-a97d-d965ccfc6d4b" outcome="Passed" testListId="8c84fa94-04c1-424b-9868-57a2d4851a1d" relativeResultsDirectory="6e6e2fe7-46cf-4786-bc04-0e6d8eb0b761" />
    <UnitTestResult executionId="c0ba0b53-cf29-4f64-b286-07fe6fcacc24" testId="7d39e355-8daa-a30c-3d03-59dbb669e8dc" testName="MSTest_P2_326" computerName="NAVB3" duration="00:00:00.0000821" startTime="2017-11-29T20:12:16.0121637+05:30" endTime="2017-11-29T20:12:16.0121637+05:30" testType="13cdc9d9-ddb5-4fa4-a97d-d965ccfc6d4b" outcome="Passed" testListId="8c84fa94-04c1-424b-9868-57a2d4851a1d" relativeResultsDirectory="c0ba0b53-cf29-4f64-b286-07fe6fcacc24" />
    <UnitTestResult executionId="1dfbe28f-50a0-4f7c-b3d2-231d6f94eee7" testId="c4fc2d07-7267-f47c-9b24-2eafbede2fff" testName="MSTest_P2_327" computerName="NAVB3" duration="00:00:00.0000806" startTime="2017-11-29T20:12:16.0121637+05:30" endTime="2017-11-29T20:12:16.0121637+05:30" testType="13cdc9d9-ddb5-4fa4-a97d-d965ccfc6d4b" outcome="Passed" testListId="8c84fa94-04c1-424b-9868-57a2d4851a1d" relativeResultsDirectory="1dfbe28f-50a0-4f7c-b3d2-231d6f94eee7" />
    <UnitTestResult executionId="f56a538a-9b4c-40fa-a827-da26a309830c" testId="a85474ae-2967-b69d-5045-a4e24e68e36f" testName="MSTest_P2_328" computerName="NAVB3" duration="00:00:00.0000812" startTime="2017-11-29T20:12:16.0121637+05:30" endTime="2017-11-29T20:12:16.0121637+05:30" testType="13cdc9d9-ddb5-4fa4-a97d-d965ccfc6d4b" outcome="Passed" testListId="8c84fa94-04c1-424b-9868-57a2d4851a1d" relativeResultsDirectory="f56a538a-9b4c-40fa-a827-da26a309830c" />
    <UnitTestResult executionId="ef26f660-d688-4b54-80f2-9c2a979d4533" testId="142bee73-ffde-24dd-28ed-fe9e02e37abc" testName="MSTest_P2_329" computerName="NAVB3" duration="00:00:00.0000812" startTime="2017-11-29T20:12:16.0121637+05:30" endTime="2017-11-29T20:12:16.0121637+05:30" testType="13cdc9d9-ddb5-4fa4-a97d-d965ccfc6d4b" outcome="Passed" testListId="8c84fa94-04c1-424b-9868-57a2d4851a1d" relativeResultsDirectory="ef26f660-d688-4b54-80f2-9c2a979d4533" />
    <UnitTestResult executionId="1bf68b53-e5a9-43f5-b0a8-3ab336ec9d97" testId="881cce1f-de25-d9c4-3686-f2632a9fa5d0" testName="MSTest_P2_330" computerName="NAVB3" duration="00:00:00.0000809" startTime="2017-11-29T20:12:16.0121637+05:30" endTime="2017-11-29T20:12:16.0121637+05:30" testType="13cdc9d9-ddb5-4fa4-a97d-d965ccfc6d4b" outcome="Passed" testListId="8c84fa94-04c1-424b-9868-57a2d4851a1d" relativeResultsDirectory="1bf68b53-e5a9-43f5-b0a8-3ab336ec9d97" />
    <UnitTestResult executionId="94784249-c1fa-49b0-989c-5023ce788eda" testId="a08653e0-4983-d171-dc6f-8458b680423b" testName="MSTest_P2_331" computerName="NAVB3" duration="00:00:00.0001319" startTime="2017-11-29T20:12:16.0121637+05:30" endTime="2017-11-29T20:12:16.0277906+05:30" testType="13cdc9d9-ddb5-4fa4-a97d-d965ccfc6d4b" outcome="Passed" testListId="8c84fa94-04c1-424b-9868-57a2d4851a1d" relativeResultsDirectory="94784249-c1fa-49b0-989c-5023ce788eda" />
    <UnitTestResult executionId="7000829d-e55b-4908-8bbf-8d2e81b89417" testId="df79eee8-6d78-6afa-dd9b-a03170811a13" testName="MSTest_P2_332" computerName="NAVB3" duration="00:00:00.0000850" startTime="2017-11-29T20:12:16.0277906+05:30" endTime="2017-11-29T20:12:16.0277906+05:30" testType="13cdc9d9-ddb5-4fa4-a97d-d965ccfc6d4b" outcome="Passed" testListId="8c84fa94-04c1-424b-9868-57a2d4851a1d" relativeResultsDirectory="7000829d-e55b-4908-8bbf-8d2e81b89417" />
    <UnitTestResult executionId="325edb7e-e841-4898-ba62-daa722176276" testId="3c0b759b-f07e-0aa4-02e0-0808101868e7" testName="MSTest_P2_333" computerName="NAVB3" duration="00:00:00.0000973" startTime="2017-11-29T20:12:16.0277906+05:30" endTime="2017-11-29T20:12:16.0277906+05:30" testType="13cdc9d9-ddb5-4fa4-a97d-d965ccfc6d4b" outcome="Passed" testListId="8c84fa94-04c1-424b-9868-57a2d4851a1d" relativeResultsDirectory="325edb7e-e841-4898-ba62-daa722176276" />
    <UnitTestResult executionId="b61b87c9-265e-4729-86c3-ae1ad206cff5" testId="38841c9a-1e94-ace2-5531-37380c3cb27c" testName="MSTest_P2_334" computerName="NAVB3" duration="00:00:00.0000941" startTime="2017-11-29T20:12:16.0277906+05:30" endTime="2017-11-29T20:12:16.0277906+05:30" testType="13cdc9d9-ddb5-4fa4-a97d-d965ccfc6d4b" outcome="Passed" testListId="8c84fa94-04c1-424b-9868-57a2d4851a1d" relativeResultsDirectory="b61b87c9-265e-4729-86c3-ae1ad206cff5" />
    <UnitTestResult executionId="f0a81a0d-318d-4b12-b6e7-d45b3cb42137" testId="c36cb8ae-46c1-d837-c91e-720bf2554055" testName="MSTest_P2_335" computerName="NAVB3" duration="00:00:00.0000938" startTime="2017-11-29T20:12:16.0277906+05:30" endTime="2017-11-29T20:12:16.0277906+05:30" testType="13cdc9d9-ddb5-4fa4-a97d-d965ccfc6d4b" outcome="Passed" testListId="8c84fa94-04c1-424b-9868-57a2d4851a1d" relativeResultsDirectory="f0a81a0d-318d-4b12-b6e7-d45b3cb42137" />
    <UnitTestResult executionId="e70a1103-175e-486b-99e6-68de93201ce4" testId="dab630fc-903d-cf72-2e8c-7c559e8ef2c8" testName="MSTest_P2_336" computerName="NAVB3" duration="00:00:00.0000826" startTime="2017-11-29T20:12:16.0277906+05:30" endTime="2017-11-29T20:12:16.0277906+05:30" testType="13cdc9d9-ddb5-4fa4-a97d-d965ccfc6d4b" outcome="Passed" testListId="8c84fa94-04c1-424b-9868-57a2d4851a1d" relativeResultsDirectory="e70a1103-175e-486b-99e6-68de93201ce4" />
    <UnitTestResult executionId="788f9f9b-5c1c-48b4-ae18-f76d6a34f9f1" testId="e2010539-700a-0895-cf20-741f7c61fd6e" testName="MSTest_P2_337" computerName="NAVB3" duration="00:00:00.0000856" startTime="2017-11-29T20:12:16.0277906+05:30" endTime="2017-11-29T20:12:16.0277906+05:30" testType="13cdc9d9-ddb5-4fa4-a97d-d965ccfc6d4b" outcome="Passed" testListId="8c84fa94-04c1-424b-9868-57a2d4851a1d" relativeResultsDirectory="788f9f9b-5c1c-48b4-ae18-f76d6a34f9f1" />
    <UnitTestResult executionId="7b67a322-f778-4011-8e5c-182894fb623b" testId="ab40b798-d765-91f0-8e06-5b70f21cd8d8" testName="MSTest_P2_338" computerName="NAVB3" duration="00:00:00.0000812" startTime="2017-11-29T20:12:16.0277906+05:30" endTime="2017-11-29T20:12:16.0277906+05:30" testType="13cdc9d9-ddb5-4fa4-a97d-d965ccfc6d4b" outcome="Passed" testListId="8c84fa94-04c1-424b-9868-57a2d4851a1d" relativeResultsDirectory="7b67a322-f778-4011-8e5c-182894fb623b" />
    <UnitTestResult executionId="0351089a-80c4-47b6-8961-43239844cf2a" testId="5fa14b7d-7f59-da21-db8d-8057acd4ecd4" testName="MSTest_P2_339" computerName="NAVB3" duration="00:00:00.0000821" startTime="2017-11-29T20:12:16.0277906+05:30" endTime="2017-11-29T20:12:16.0277906+05:30" testType="13cdc9d9-ddb5-4fa4-a97d-d965ccfc6d4b" outcome="Passed" testListId="8c84fa94-04c1-424b-9868-57a2d4851a1d" relativeResultsDirectory="0351089a-80c4-47b6-8961-43239844cf2a" />
    <UnitTestResult executionId="a4454fe1-b373-4e00-a78a-14a1f110f656" testId="7546d94d-ce85-24d5-44ac-795ab0d6437a" testName="MSTest_P2_340" computerName="NAVB3" duration="00:00:00.0000862" startTime="2017-11-29T20:12:16.0277906+05:30" endTime="2017-11-29T20:12:16.0277906+05:30" testType="13cdc9d9-ddb5-4fa4-a97d-d965ccfc6d4b" outcome="Passed" testListId="8c84fa94-04c1-424b-9868-57a2d4851a1d" relativeResultsDirectory="a4454fe1-b373-4e00-a78a-14a1f110f656" />
    <UnitTestResult executionId="9b2f7510-06c4-4d7a-a52d-1f8ae2e72599" testId="2c1e3bdc-8e1d-9575-3498-9a33d518275d" testName="MSTest_P2_171" computerName="NAVB3" duration="00:00:00.0000821" startTime="2017-11-29T20:12:16.0277906+05:30" endTime="2017-11-29T20:12:16.0277906+05:30" testType="13cdc9d9-ddb5-4fa4-a97d-d965ccfc6d4b" outcome="Passed" testListId="8c84fa94-04c1-424b-9868-57a2d4851a1d" relativeResultsDirectory="9b2f7510-06c4-4d7a-a52d-1f8ae2e72599" />
    <UnitTestResult executionId="8cbce4f3-d72e-4249-a40a-837bb7d3647d" testId="2b46fd64-e5c0-ee62-8d5c-d0040171df6a" testName="MSTest_P2_172" computerName="NAVB3" duration="00:00:00.0000920" startTime="2017-11-29T20:12:16.0277906+05:30" endTime="2017-11-29T20:12:16.0277906+05:30" testType="13cdc9d9-ddb5-4fa4-a97d-d965ccfc6d4b" outcome="Passed" testListId="8c84fa94-04c1-424b-9868-57a2d4851a1d" relativeResultsDirectory="8cbce4f3-d72e-4249-a40a-837bb7d3647d" />
    <UnitTestResult executionId="c4abfd87-feaf-4660-b5c0-be4f8633cb24" testId="0cfe45c3-690d-b4eb-33cc-460f9a2b1e7f" testName="MSTest_P2_173" computerName="NAVB3" duration="00:00:00.0000900" startTime="2017-11-29T20:12:16.0277906+05:30" endTime="2017-11-29T20:12:16.0277906+05:30" testType="13cdc9d9-ddb5-4fa4-a97d-d965ccfc6d4b" outcome="Passed" testListId="8c84fa94-04c1-424b-9868-57a2d4851a1d" relativeResultsDirectory="c4abfd87-feaf-4660-b5c0-be4f8633cb24" />
    <UnitTestResult executionId="079af7fc-4e16-4543-82d6-2a0862d10eb8" testId="ab640a57-752a-59a2-6621-efb7c01890e5" testName="MSTest_P2_174" computerName="NAVB3" duration="00:00:00.0000897" startTime="2017-11-29T20:12:16.0277906+05:30" endTime="2017-11-29T20:12:16.0277906+05:30" testType="13cdc9d9-ddb5-4fa4-a97d-d965ccfc6d4b" outcome="Passed" testListId="8c84fa94-04c1-424b-9868-57a2d4851a1d" relativeResultsDirectory="079af7fc-4e16-4543-82d6-2a0862d10eb8" />
    <UnitTestResult executionId="574a818d-f848-4792-a53a-b5751f433b3f" testId="55859722-169b-f5f5-a556-d0974eccd57b" testName="MSTest_P2_175" computerName="NAVB3" duration="00:00:00.0000894" startTime="2017-11-29T20:12:16.0277906+05:30" endTime="2017-11-29T20:12:16.0277906+05:30" testType="13cdc9d9-ddb5-4fa4-a97d-d965ccfc6d4b" outcome="Passed" testListId="8c84fa94-04c1-424b-9868-57a2d4851a1d" relativeResultsDirectory="574a818d-f848-4792-a53a-b5751f433b3f" />
    <UnitTestResult executionId="ddb268d5-8850-4f23-b7d7-0dc0e859dd87" testId="eb685602-2e80-bc21-a1dc-470348e548df" testName="MSTest_P2_176" computerName="NAVB3" duration="00:00:00.0000906" startTime="2017-11-29T20:12:16.0277906+05:30" endTime="2017-11-29T20:12:16.0277906+05:30" testType="13cdc9d9-ddb5-4fa4-a97d-d965ccfc6d4b" outcome="Passed" testListId="8c84fa94-04c1-424b-9868-57a2d4851a1d" relativeResultsDirectory="ddb268d5-8850-4f23-b7d7-0dc0e859dd87" />
    <UnitTestResult executionId="2297a7c4-214c-47dd-90ca-d11f56cdf23e" testId="594e18ca-0987-37df-7dc2-c7573e82a6a9" testName="MSTest_P2_177" computerName="NAVB3" duration="00:00:00.0000903" startTime="2017-11-29T20:12:16.0277906+05:30" endTime="2017-11-29T20:12:16.0277906+05:30" testType="13cdc9d9-ddb5-4fa4-a97d-d965ccfc6d4b" outcome="Passed" testListId="8c84fa94-04c1-424b-9868-57a2d4851a1d" relativeResultsDirectory="2297a7c4-214c-47dd-90ca-d11f56cdf23e" />
    <UnitTestResult executionId="f84f2d40-c357-4b22-a6a1-167e14e662e7" testId="eaa36cae-cec5-c0d3-577f-7f0969635ecb" testName="MSTest_P2_178" computerName="NAVB3" duration="00:00:00.0000885" startTime="2017-11-29T20:12:16.0277906+05:30" endTime="2017-11-29T20:12:16.0277906+05:30" testType="13cdc9d9-ddb5-4fa4-a97d-d965ccfc6d4b" outcome="Passed" testListId="8c84fa94-04c1-424b-9868-57a2d4851a1d" relativeResultsDirectory="f84f2d40-c357-4b22-a6a1-167e14e662e7" />
    <UnitTestResult executionId="439ddf75-c57e-4745-8a0e-b6ea7eadbafd" testId="b2700c23-7976-41f4-f6a2-216b72a9e115" testName="MSTest_P2_179" computerName="NAVB3" duration="00:00:00.0000900" startTime="2017-11-29T20:12:16.0277906+05:30" endTime="2017-11-29T20:12:16.0277906+05:30" testType="13cdc9d9-ddb5-4fa4-a97d-d965ccfc6d4b" outcome="Passed" testListId="8c84fa94-04c1-424b-9868-57a2d4851a1d" relativeResultsDirectory="439ddf75-c57e-4745-8a0e-b6ea7eadbafd" />
    <UnitTestResult executionId="5c6a5b97-1b90-4e83-8698-94889d713941" testId="5eb34856-2da0-4203-dee1-90fc0e782f79" testName="MSTest_P2_180" computerName="NAVB3" duration="00:00:00.0000897" startTime="2017-11-29T20:12:16.0277906+05:30" endTime="2017-11-29T20:12:16.0277906+05:30" testType="13cdc9d9-ddb5-4fa4-a97d-d965ccfc6d4b" outcome="Passed" testListId="8c84fa94-04c1-424b-9868-57a2d4851a1d" relativeResultsDirectory="5c6a5b97-1b90-4e83-8698-94889d713941" />
    <UnitTestResult executionId="06a85a66-2e13-4b04-aeb4-0bb112120815" testId="8654dbfb-f069-ee22-a306-8ad0a67bb14f" testName="MSTest_P2_181" computerName="NAVB3" duration="00:00:00.0000838" startTime="2017-11-29T20:12:16.0277906+05:30" endTime="2017-11-29T20:12:16.0277906+05:30" testType="13cdc9d9-ddb5-4fa4-a97d-d965ccfc6d4b" outcome="Passed" testListId="8c84fa94-04c1-424b-9868-57a2d4851a1d" relativeResultsDirectory="06a85a66-2e13-4b04-aeb4-0bb112120815" />
    <UnitTestResult executionId="78496af1-82f5-43d7-ad9a-95d2c284fd31" testId="f8fc2d29-ae4a-2a28-38d3-c46c841711b9" testName="MSTest_P2_182" computerName="NAVB3" duration="00:00:00.0000832" startTime="2017-11-29T20:12:16.0277906+05:30" endTime="2017-11-29T20:12:16.0277906+05:30" testType="13cdc9d9-ddb5-4fa4-a97d-d965ccfc6d4b" outcome="Passed" testListId="8c84fa94-04c1-424b-9868-57a2d4851a1d" relativeResultsDirectory="78496af1-82f5-43d7-ad9a-95d2c284fd31" />
    <UnitTestResult executionId="86201c71-4a90-4cd8-8c6c-49ea12b60636" testId="e2a26798-3e2d-66bf-b3ed-e240aa86b080" testName="MSTest_P2_183" computerName="NAVB3" duration="00:00:00.0000824" startTime="2017-11-29T20:12:16.0277906+05:30" endTime="2017-11-29T20:12:16.0277906+05:30" testType="13cdc9d9-ddb5-4fa4-a97d-d965ccfc6d4b" outcome="Passed" testListId="8c84fa94-04c1-424b-9868-57a2d4851a1d" relativeResultsDirectory="86201c71-4a90-4cd8-8c6c-49ea12b60636" />
    <UnitTestResult executionId="a0caa8ca-51c5-4afb-9535-f8026c91fce9" testId="aa756adc-70a2-2284-ea9c-e41840178340" testName="MSTest_P2_184" computerName="NAVB3" duration="00:00:00.0000826" startTime="2017-11-29T20:12:16.0277906+05:30" endTime="2017-11-29T20:12:16.0277906+05:30" testType="13cdc9d9-ddb5-4fa4-a97d-d965ccfc6d4b" outcome="Passed" testListId="8c84fa94-04c1-424b-9868-57a2d4851a1d" relativeResultsDirectory="a0caa8ca-51c5-4afb-9535-f8026c91fce9" />
    <UnitTestResult executionId="bb2d2b34-bf49-45f6-a066-fb32ea15c73d" testId="c22dba7b-8048-0edc-4264-1337741bdbf3" testName="MSTest_P2_185" computerName="NAVB3" duration="00:00:00.0000824" startTime="2017-11-29T20:12:16.0277906+05:30" endTime="2017-11-29T20:12:16.0277906+05:30" testType="13cdc9d9-ddb5-4fa4-a97d-d965ccfc6d4b" outcome="Passed" testListId="8c84fa94-04c1-424b-9868-57a2d4851a1d" relativeResultsDirectory="bb2d2b34-bf49-45f6-a066-fb32ea15c73d" />
    <UnitTestResult executionId="bd4f7ce0-88d5-470c-96e9-74e40646057e" testId="0269cbf6-265f-6c87-84a6-eaad977b24a8" testName="MSTest_P2_186" computerName="NAVB3" duration="00:00:00.0000824" startTime="2017-11-29T20:12:16.0277906+05:30" endTime="2017-11-29T20:12:16.0277906+05:30" testType="13cdc9d9-ddb5-4fa4-a97d-d965ccfc6d4b" outcome="Passed" testListId="8c84fa94-04c1-424b-9868-57a2d4851a1d" relativeResultsDirectory="bd4f7ce0-88d5-470c-96e9-74e40646057e" />
    <UnitTestResult executionId="029b708d-dce0-442c-b8ac-06b87243aa83" testId="eb80484c-36af-5133-1ada-8954549d374b" testName="MSTest_P2_187" computerName="NAVB3" duration="00:00:00.0000824" startTime="2017-11-29T20:12:16.0277906+05:30" endTime="2017-11-29T20:12:16.0277906+05:30" testType="13cdc9d9-ddb5-4fa4-a97d-d965ccfc6d4b" outcome="Passed" testListId="8c84fa94-04c1-424b-9868-57a2d4851a1d" relativeResultsDirectory="029b708d-dce0-442c-b8ac-06b87243aa83" />
    <UnitTestResult executionId="1078a024-5c8a-4bb0-9253-ef7abb92f514" testId="bebd57ae-bbed-9c03-8c0e-09b62ba6f6a1" testName="MSTest_P2_188" computerName="NAVB3" duration="00:00:00.0000832" startTime="2017-11-29T20:12:16.0277906+05:30" endTime="2017-11-29T20:12:16.0277906+05:30" testType="13cdc9d9-ddb5-4fa4-a97d-d965ccfc6d4b" outcome="Passed" testListId="8c84fa94-04c1-424b-9868-57a2d4851a1d" relativeResultsDirectory="1078a024-5c8a-4bb0-9253-ef7abb92f514" />
    <UnitTestResult executionId="fc42f0cb-464f-40b9-8d5a-66ff65482048" testId="b73418ff-2ad6-01a4-4ee7-8828e8f303c7" testName="MSTest_P2_189" computerName="NAVB3" duration="00:00:00.0000824" startTime="2017-11-29T20:12:16.0277906+05:30" endTime="2017-11-29T20:12:16.0277906+05:30" testType="13cdc9d9-ddb5-4fa4-a97d-d965ccfc6d4b" outcome="Passed" testListId="8c84fa94-04c1-424b-9868-57a2d4851a1d" relativeResultsDirectory="fc42f0cb-464f-40b9-8d5a-66ff65482048" />
    <UnitTestResult executionId="0f5b31b7-cbc4-43c7-bf89-6663c017adda" testId="f6e3eaa7-8848-dc04-d52d-91af0fd72d66" testName="MSTest_P2_190" computerName="NAVB3" duration="00:00:00.0000821" startTime="2017-11-29T20:12:16.0277906+05:30" endTime="2017-11-29T20:12:16.0277906+05:30" testType="13cdc9d9-ddb5-4fa4-a97d-d965ccfc6d4b" outcome="Passed" testListId="8c84fa94-04c1-424b-9868-57a2d4851a1d" relativeResultsDirectory="0f5b31b7-cbc4-43c7-bf89-6663c017adda" />
    <UnitTestResult executionId="1efcb1c1-ab31-481f-9d13-1fb776475cf1" testId="8484725a-6cd4-83fb-3ffb-951c33303e96" testName="MSTest_P2_191" computerName="NAVB3" duration="00:00:00.0000809" startTime="2017-11-29T20:12:16.0277906+05:30" endTime="2017-11-29T20:12:16.0277906+05:30" testType="13cdc9d9-ddb5-4fa4-a97d-d965ccfc6d4b" outcome="Passed" testListId="8c84fa94-04c1-424b-9868-57a2d4851a1d" relativeResultsDirectory="1efcb1c1-ab31-481f-9d13-1fb776475cf1" />
    <UnitTestResult executionId="58647f68-84f9-499b-8c07-ce08de848d9d" testId="ae90bd75-b902-7f37-c7b5-d2bdc8c4bc61" testName="MSTest_P2_192" computerName="NAVB3" duration="00:00:00.0000818" startTime="2017-11-29T20:12:16.0277906+05:30" endTime="2017-11-29T20:12:16.0277906+05:30" testType="13cdc9d9-ddb5-4fa4-a97d-d965ccfc6d4b" outcome="Passed" testListId="8c84fa94-04c1-424b-9868-57a2d4851a1d" relativeResultsDirectory="58647f68-84f9-499b-8c07-ce08de848d9d" />
    <UnitTestResult executionId="bf49ca0d-b4cc-49c7-a331-2b9805c70de7" testId="3bf32474-7a0d-2433-69f9-4e57b260d299" testName="MSTest_P2_193" computerName="NAVB3" duration="00:00:00.0000985" startTime="2017-11-29T20:12:16.0277906+05:30" endTime="2017-11-29T20:12:16.0277906+05:30" testType="13cdc9d9-ddb5-4fa4-a97d-d965ccfc6d4b" outcome="Passed" testListId="8c84fa94-04c1-424b-9868-57a2d4851a1d" relativeResultsDirectory="bf49ca0d-b4cc-49c7-a331-2b9805c70de7" />
    <UnitTestResult executionId="dc088b56-b72e-49bb-b130-2714c511d577" testId="32e5d2be-7b20-dc2a-0e1d-8f5e32c6a33d" testName="MSTest_P2_194" computerName="NAVB3" duration="00:00:00.0000920" startTime="2017-11-29T20:12:16.0277906+05:30" endTime="2017-11-29T20:12:16.0277906+05:30" testType="13cdc9d9-ddb5-4fa4-a97d-d965ccfc6d4b" outcome="Passed" testListId="8c84fa94-04c1-424b-9868-57a2d4851a1d" relativeResultsDirectory="dc088b56-b72e-49bb-b130-2714c511d577" />
    <UnitTestResult executionId="443b4ff7-c5e3-4e73-97a8-eba529ca9475" testId="9b2191ca-de78-2575-4a4a-b3a9a2067488" testName="MSTest_P2_195" computerName="NAVB3" duration="00:00:00.0000917" startTime="2017-11-29T20:12:16.0277906+05:30" endTime="2017-11-29T20:12:16.0277906+05:30" testType="13cdc9d9-ddb5-4fa4-a97d-d965ccfc6d4b" outcome="Passed" testListId="8c84fa94-04c1-424b-9868-57a2d4851a1d" relativeResultsDirectory="443b4ff7-c5e3-4e73-97a8-eba529ca9475" />
    <UnitTestResult executionId="87648adf-05c9-44a2-982a-1a969fd7f3f9" testId="2f20d77e-7fdc-bfdf-1dd4-a8da727855f9" testName="MSTest_P2_196" computerName="NAVB3" duration="00:00:00.0000906" startTime="2017-11-29T20:12:16.0277906+05:30" endTime="2017-11-29T20:12:16.0277906+05:30" testType="13cdc9d9-ddb5-4fa4-a97d-d965ccfc6d4b" outcome="Passed" testListId="8c84fa94-04c1-424b-9868-57a2d4851a1d" relativeResultsDirectory="87648adf-05c9-44a2-982a-1a969fd7f3f9" />
    <UnitTestResult executionId="053b31dc-e71e-4267-b32d-3ca259879832" testId="a251fbff-911a-3cba-61e7-5ff36bd7bb05" testName="MSTest_P2_197" computerName="NAVB3" duration="00:00:00.0000906" startTime="2017-11-29T20:12:16.0277906+05:30" endTime="2017-11-29T20:12:16.0277906+05:30" testType="13cdc9d9-ddb5-4fa4-a97d-d965ccfc6d4b" outcome="Passed" testListId="8c84fa94-04c1-424b-9868-57a2d4851a1d" relativeResultsDirectory="053b31dc-e71e-4267-b32d-3ca259879832" />
    <UnitTestResult executionId="68843a34-7419-44c5-910e-b8caae145a2d" testId="d38aba40-6207-a827-6008-82706c360bc9" testName="MSTest_P2_198" computerName="NAVB3" duration="00:00:00.0001011" startTime="2017-11-29T20:12:16.0277906+05:30" endTime="2017-11-29T20:12:16.0277906+05:30" testType="13cdc9d9-ddb5-4fa4-a97d-d965ccfc6d4b" outcome="Passed" testListId="8c84fa94-04c1-424b-9868-57a2d4851a1d" relativeResultsDirectory="68843a34-7419-44c5-910e-b8caae145a2d" />
    <UnitTestResult executionId="d68f1b56-cfe1-442e-9281-84384f01947e" testId="b0a833d1-f918-0115-a514-3841ec87d6a8" testName="MSTest_P2_199" computerName="NAVB3" duration="00:00:00.0000847" startTime="2017-11-29T20:12:16.0277906+05:30" endTime="2017-11-29T20:12:16.0277906+05:30" testType="13cdc9d9-ddb5-4fa4-a97d-d965ccfc6d4b" outcome="Passed" testListId="8c84fa94-04c1-424b-9868-57a2d4851a1d" relativeResultsDirectory="d68f1b56-cfe1-442e-9281-84384f01947e" />
    <UnitTestResult executionId="f5e450a9-16cf-451d-981a-712817416c49" testId="e2970972-ea34-e448-2041-84adb568fdea" testName="MSTest_P2_200" computerName="NAVB3" duration="00:00:00.0000832" startTime="2017-11-29T20:12:16.0277906+05:30" endTime="2017-11-29T20:12:16.0277906+05:30" testType="13cdc9d9-ddb5-4fa4-a97d-d965ccfc6d4b" outcome="Passed" testListId="8c84fa94-04c1-424b-9868-57a2d4851a1d" relativeResultsDirectory="f5e450a9-16cf-451d-981a-712817416c49" />
    <UnitTestResult executionId="97f56a7a-03a2-4cde-93e3-2b9794730902" testId="d902866a-a6c6-b644-2cc0-b7b1b80822e4" testName="MSTest_P2_201" computerName="NAVB3" duration="00:00:00.0000832" startTime="2017-11-29T20:12:16.0277906+05:30" endTime="2017-11-29T20:12:16.0277906+05:30" testType="13cdc9d9-ddb5-4fa4-a97d-d965ccfc6d4b" outcome="Passed" testListId="8c84fa94-04c1-424b-9868-57a2d4851a1d" relativeResultsDirectory="97f56a7a-03a2-4cde-93e3-2b9794730902" />
    <UnitTestResult executionId="22b220cb-7ae4-4962-9abb-a65c1da1f1d5" testId="4f7556dd-01de-53b7-c0db-f3c78ec86f81" testName="MSTest_P2_202" computerName="NAVB3" duration="00:00:00.0000832" startTime="2017-11-29T20:12:16.0277906+05:30" endTime="2017-11-29T20:12:16.0277906+05:30" testType="13cdc9d9-ddb5-4fa4-a97d-d965ccfc6d4b" outcome="Passed" testListId="8c84fa94-04c1-424b-9868-57a2d4851a1d" relativeResultsDirectory="22b220cb-7ae4-4962-9abb-a65c1da1f1d5" />
    <UnitTestResult executionId="c0454f45-f0e1-44f4-bd5e-45f574d6fd16" testId="d721a845-0f8a-9056-d328-0cafd2f6648b" testName="MSTest_P2_203" computerName="NAVB3" duration="00:00:00.0000829" startTime="2017-11-29T20:12:16.0277906+05:30" endTime="2017-11-29T20:12:16.0277906+05:30" testType="13cdc9d9-ddb5-4fa4-a97d-d965ccfc6d4b" outcome="Passed" testListId="8c84fa94-04c1-424b-9868-57a2d4851a1d" relativeResultsDirectory="c0454f45-f0e1-44f4-bd5e-45f574d6fd16" />
    <UnitTestResult executionId="bce9a004-be9f-4ff5-b596-42e459e8cc5f" testId="9c45de35-d86a-1dd1-2361-c05e2d40ebba" testName="MSTest_P2_204" computerName="NAVB3" duration="00:00:00.0000832" startTime="2017-11-29T20:12:16.0277906+05:30" endTime="2017-11-29T20:12:16.0277906+05:30" testType="13cdc9d9-ddb5-4fa4-a97d-d965ccfc6d4b" outcome="Passed" testListId="8c84fa94-04c1-424b-9868-57a2d4851a1d" relativeResultsDirectory="bce9a004-be9f-4ff5-b596-42e459e8cc5f" />
    <UnitTestResult executionId="229a19be-5d77-4b63-a89f-2d5fc8ba9fc8" testId="7b3f8960-4d29-cfc4-ab61-e313ce02edaf" testName="MSTest_P2_205" computerName="NAVB3" duration="00:00:00.0000944" startTime="2017-11-29T20:12:16.0277906+05:30" endTime="2017-11-29T20:12:16.0434157+05:30" testType="13cdc9d9-ddb5-4fa4-a97d-d965ccfc6d4b" outcome="Passed" testListId="8c84fa94-04c1-424b-9868-57a2d4851a1d" relativeResultsDirectory="229a19be-5d77-4b63-a89f-2d5fc8ba9fc8" />
    <UnitTestResult executionId="00c68654-58c1-4018-8bb2-a575102f24b3" testId="cf3ce8a9-dafb-7bf0-be16-407770d74f8c" testName="MSTest_P2_206" computerName="NAVB3" duration="00:00:00.0000824" startTime="2017-11-29T20:12:16.0434157+05:30" endTime="2017-11-29T20:12:16.0434157+05:30" testType="13cdc9d9-ddb5-4fa4-a97d-d965ccfc6d4b" outcome="Passed" testListId="8c84fa94-04c1-424b-9868-57a2d4851a1d" relativeResultsDirectory="00c68654-58c1-4018-8bb2-a575102f24b3" />
    <UnitTestResult executionId="5acecd32-2ab1-488f-b8e9-6cace54888a7" testId="8f98d869-5df0-dc07-03cb-1a12635a8876" testName="MSTest_P2_207" computerName="NAVB3" duration="00:00:00.0000853" startTime="2017-11-29T20:12:16.0434157+05:30" endTime="2017-11-29T20:12:16.0434157+05:30" testType="13cdc9d9-ddb5-4fa4-a97d-d965ccfc6d4b" outcome="Passed" testListId="8c84fa94-04c1-424b-9868-57a2d4851a1d" relativeResultsDirectory="5acecd32-2ab1-488f-b8e9-6cace54888a7" />
    <UnitTestResult executionId="86380199-cf6a-49dc-ac2c-b33cd773a384" testId="f1b57f3f-3220-124e-896b-da01bafcb43b" testName="MSTest_P2_208" computerName="NAVB3" duration="00:00:00.0000955" startTime="2017-11-29T20:12:16.0434157+05:30" endTime="2017-11-29T20:12:16.0434157+05:30" testType="13cdc9d9-ddb5-4fa4-a97d-d965ccfc6d4b" outcome="Passed" testListId="8c84fa94-04c1-424b-9868-57a2d4851a1d" relativeResultsDirectory="86380199-cf6a-49dc-ac2c-b33cd773a384" />
    <UnitTestResult executionId="48b2f2b7-5d63-4e3c-85eb-b19a499dfa2e" testId="d9d755e1-6dc7-5e45-5f41-1aba808dceaa" testName="MSTest_P2_209" computerName="NAVB3" duration="00:00:00.0000941" startTime="2017-11-29T20:12:16.0434157+05:30" endTime="2017-11-29T20:12:16.0434157+05:30" testType="13cdc9d9-ddb5-4fa4-a97d-d965ccfc6d4b" outcome="Passed" testListId="8c84fa94-04c1-424b-9868-57a2d4851a1d" relativeResultsDirectory="48b2f2b7-5d63-4e3c-85eb-b19a499dfa2e" />
    <UnitTestResult executionId="cf7aaa86-d355-47a3-a878-ad8f7487b1a3" testId="577853bd-d92f-63a0-3a06-64d985628bf4" testName="MSTest_P2_210" computerName="NAVB3" duration="00:00:00.0000961" startTime="2017-11-29T20:12:16.0434157+05:30" endTime="2017-11-29T20:12:16.0434157+05:30" testType="13cdc9d9-ddb5-4fa4-a97d-d965ccfc6d4b" outcome="Passed" testListId="8c84fa94-04c1-424b-9868-57a2d4851a1d" relativeResultsDirectory="cf7aaa86-d355-47a3-a878-ad8f7487b1a3" />
    <UnitTestResult executionId="7b482a94-9cfa-4dc2-9181-a2464def672d" testId="ec1fffa6-089b-d47d-d435-f0a02acdccab" testName="MSTest_P2_211" computerName="NAVB3" duration="00:00:00.0000809" startTime="2017-11-29T20:12:16.0434157+05:30" endTime="2017-11-29T20:12:16.0434157+05:30" testType="13cdc9d9-ddb5-4fa4-a97d-d965ccfc6d4b" outcome="Passed" testListId="8c84fa94-04c1-424b-9868-57a2d4851a1d" relativeResultsDirectory="7b482a94-9cfa-4dc2-9181-a2464def672d" />
    <UnitTestResult executionId="c86785e2-dde0-43cf-a7b3-81e9eed705d2" testId="42af4767-db61-a5cc-f12c-c7ba7d626fff" testName="MSTest_P2_212" computerName="NAVB3" duration="00:00:00.0000906" startTime="2017-11-29T20:12:16.0434157+05:30" endTime="2017-11-29T20:12:16.0434157+05:30" testType="13cdc9d9-ddb5-4fa4-a97d-d965ccfc6d4b" outcome="Passed" testListId="8c84fa94-04c1-424b-9868-57a2d4851a1d" relativeResultsDirectory="c86785e2-dde0-43cf-a7b3-81e9eed705d2" />
    <UnitTestResult executionId="b32c2bf3-f8b9-464b-88d5-e697ed62c66b" testId="7a214316-ec64-dc07-4ea5-967b680b9947" testName="MSTest_P2_213" computerName="NAVB3" duration="00:00:00.0000903" startTime="2017-11-29T20:12:16.0434157+05:30" endTime="2017-11-29T20:12:16.0434157+05:30" testType="13cdc9d9-ddb5-4fa4-a97d-d965ccfc6d4b" outcome="Passed" testListId="8c84fa94-04c1-424b-9868-57a2d4851a1d" relativeResultsDirectory="b32c2bf3-f8b9-464b-88d5-e697ed62c66b" />
    <UnitTestResult executionId="c27c72d1-23a6-4a73-bdb1-7b0bb9d3494c" testId="730bd739-f483-6549-4837-8508b1cb5917" testName="MSTest_P2_214" computerName="NAVB3" duration="00:00:00.0000821" startTime="2017-11-29T20:12:16.0434157+05:30" endTime="2017-11-29T20:12:16.0434157+05:30" testType="13cdc9d9-ddb5-4fa4-a97d-d965ccfc6d4b" outcome="Passed" testListId="8c84fa94-04c1-424b-9868-57a2d4851a1d" relativeResultsDirectory="c27c72d1-23a6-4a73-bdb1-7b0bb9d3494c" />
    <UnitTestResult executionId="ba934adf-56ec-47ae-bd29-f068e0cf96e5" testId="6968fd26-b67d-ecc4-480a-3ffc35cb8c39" testName="MSTest_P2_215" computerName="NAVB3" duration="00:00:00.0000891" startTime="2017-11-29T20:12:16.0434157+05:30" endTime="2017-11-29T20:12:16.0434157+05:30" testType="13cdc9d9-ddb5-4fa4-a97d-d965ccfc6d4b" outcome="Passed" testListId="8c84fa94-04c1-424b-9868-57a2d4851a1d" relativeResultsDirectory="ba934adf-56ec-47ae-bd29-f068e0cf96e5" />
    <UnitTestResult executionId="1e825c84-5901-4a7a-be62-79233a290729" testId="341ef31b-d437-a146-037f-a9edcdf8f8f3" testName="MSTest_P2_216" computerName="NAVB3" duration="00:00:00.0000818" startTime="2017-11-29T20:12:16.0434157+05:30" endTime="2017-11-29T20:12:16.0434157+05:30" testType="13cdc9d9-ddb5-4fa4-a97d-d965ccfc6d4b" outcome="Passed" testListId="8c84fa94-04c1-424b-9868-57a2d4851a1d" relativeResultsDirectory="1e825c84-5901-4a7a-be62-79233a290729" />
    <UnitTestResult executionId="e8bfe3bc-7205-4b1e-bfc4-28d8f9b94861" testId="00e5dc4f-943c-26cc-2233-44bd1a0b0f7e" testName="MSTest_P2_217" computerName="NAVB3" duration="00:00:00.0000815" startTime="2017-11-29T20:12:16.0434157+05:30" endTime="2017-11-29T20:12:16.0434157+05:30" testType="13cdc9d9-ddb5-4fa4-a97d-d965ccfc6d4b" outcome="Passed" testListId="8c84fa94-04c1-424b-9868-57a2d4851a1d" relativeResultsDirectory="e8bfe3bc-7205-4b1e-bfc4-28d8f9b94861" />
    <UnitTestResult executionId="c3f66969-aabe-414d-91e8-7e318bc12a13" testId="691aa125-d7d5-efd4-f138-9f97eb3c0bfd" testName="MSTest_P2_218" computerName="NAVB3" duration="00:00:00.0000826" startTime="2017-11-29T20:12:16.0434157+05:30" endTime="2017-11-29T20:12:16.0434157+05:30" testType="13cdc9d9-ddb5-4fa4-a97d-d965ccfc6d4b" outcome="Passed" testListId="8c84fa94-04c1-424b-9868-57a2d4851a1d" relativeResultsDirectory="c3f66969-aabe-414d-91e8-7e318bc12a13" />
    <UnitTestResult executionId="29856374-8351-40e5-87df-7f48c36ed1be" testId="9068a2c7-5f77-a991-fe86-17cee1cf0d9e" testName="MSTest_P2_219" computerName="NAVB3" duration="00:00:00.0000829" startTime="2017-11-29T20:12:16.0434157+05:30" endTime="2017-11-29T20:12:16.0434157+05:30" testType="13cdc9d9-ddb5-4fa4-a97d-d965ccfc6d4b" outcome="Passed" testListId="8c84fa94-04c1-424b-9868-57a2d4851a1d" relativeResultsDirectory="29856374-8351-40e5-87df-7f48c36ed1be" />
    <UnitTestResult executionId="dbb94961-59fd-4d14-937a-c05c27917cc9" testId="02c19d9d-3cb1-f310-6c51-02331b43a835" testName="MSTest_P2_220" computerName="NAVB3" duration="00:00:00.0000829" startTime="2017-11-29T20:12:16.0434157+05:30" endTime="2017-11-29T20:12:16.0434157+05:30" testType="13cdc9d9-ddb5-4fa4-a97d-d965ccfc6d4b" outcome="Passed" testListId="8c84fa94-04c1-424b-9868-57a2d4851a1d" relativeResultsDirectory="dbb94961-59fd-4d14-937a-c05c27917cc9" />
    <UnitTestResult executionId="dcc5ee61-a433-4824-b943-d02a825f85c3" testId="a4cf0f0e-3157-3fd2-1fd7-296445929fa6" testName="MSTest_P2_221" computerName="NAVB3" duration="00:00:00.0000832" startTime="2017-11-29T20:12:16.0434157+05:30" endTime="2017-11-29T20:12:16.0434157+05:30" testType="13cdc9d9-ddb5-4fa4-a97d-d965ccfc6d4b" outcome="Passed" testListId="8c84fa94-04c1-424b-9868-57a2d4851a1d" relativeResultsDirectory="dcc5ee61-a433-4824-b943-d02a825f85c3" />
    <UnitTestResult executionId="da49e6e6-3f17-4e52-8245-394d54000153" testId="fe6c340a-2944-b673-a471-414785b785f0" testName="MSTest_P2_222" computerName="NAVB3" duration="00:00:00.0000873" startTime="2017-11-29T20:12:16.0434157+05:30" endTime="2017-11-29T20:12:16.0434157+05:30" testType="13cdc9d9-ddb5-4fa4-a97d-d965ccfc6d4b" outcome="Passed" testListId="8c84fa94-04c1-424b-9868-57a2d4851a1d" relativeResultsDirectory="da49e6e6-3f17-4e52-8245-394d54000153" />
    <UnitTestResult executionId="419dc83c-70ae-4846-9ae8-01b5a6da31ad" testId="605d1c99-1323-da38-73f6-6baae324cf28" testName="MSTest_P2_223" computerName="NAVB3" duration="00:00:00.0000873" startTime="2017-11-29T20:12:16.0434157+05:30" endTime="2017-11-29T20:12:16.0434157+05:30" testType="13cdc9d9-ddb5-4fa4-a97d-d965ccfc6d4b" outcome="Passed" testListId="8c84fa94-04c1-424b-9868-57a2d4851a1d" relativeResultsDirectory="419dc83c-70ae-4846-9ae8-01b5a6da31ad" />
    <UnitTestResult executionId="e21933ce-eea0-428f-9ced-564de2b29afe" testId="9f5d896c-23c4-d5ae-33fd-fd6708172748" testName="MSTest_P2_224" computerName="NAVB3" duration="00:00:00.0000885" startTime="2017-11-29T20:12:16.0434157+05:30" endTime="2017-11-29T20:12:16.0434157+05:30" testType="13cdc9d9-ddb5-4fa4-a97d-d965ccfc6d4b" outcome="Passed" testListId="8c84fa94-04c1-424b-9868-57a2d4851a1d" relativeResultsDirectory="e21933ce-eea0-428f-9ced-564de2b29afe" />
    <UnitTestResult executionId="844deb43-628a-4e5b-95d5-a271e1839d79" testId="6f678329-59b4-2768-96fe-0f42ff16fa5a" testName="MSTest_P2_225" computerName="NAVB3" duration="00:00:00.0000888" startTime="2017-11-29T20:12:16.0434157+05:30" endTime="2017-11-29T20:12:16.0434157+05:30" testType="13cdc9d9-ddb5-4fa4-a97d-d965ccfc6d4b" outcome="Passed" testListId="8c84fa94-04c1-424b-9868-57a2d4851a1d" relativeResultsDirectory="844deb43-628a-4e5b-95d5-a271e1839d79" />
    <UnitTestResult executionId="0edf0258-84bd-4147-b82d-caea8d66a027" testId="5a0d41d5-a45f-321a-23b7-ba377fafda63" testName="MSTest_P2_226" computerName="NAVB3" duration="00:00:00.0000894" startTime="2017-11-29T20:12:16.0434157+05:30" endTime="2017-11-29T20:12:16.0434157+05:30" testType="13cdc9d9-ddb5-4fa4-a97d-d965ccfc6d4b" outcome="Passed" testListId="8c84fa94-04c1-424b-9868-57a2d4851a1d" relativeResultsDirectory="0edf0258-84bd-4147-b82d-caea8d66a027" />
    <UnitTestResult executionId="c94e15b4-c419-4004-aa43-48648bd8dea5" testId="5a86e92f-0ef8-2d17-4442-ea65b9155454" testName="MSTest_P2_227" computerName="NAVB3" duration="00:00:00.0000882" startTime="2017-11-29T20:12:16.0434157+05:30" endTime="2017-11-29T20:12:16.0434157+05:30" testType="13cdc9d9-ddb5-4fa4-a97d-d965ccfc6d4b" outcome="Passed" testListId="8c84fa94-04c1-424b-9868-57a2d4851a1d" relativeResultsDirectory="c94e15b4-c419-4004-aa43-48648bd8dea5" />
    <UnitTestResult executionId="bfedf967-70e7-4c16-9e1d-886642ea4031" testId="ac735a88-f7b8-8443-7a9e-2c213dd47d0d" testName="MSTest_P2_228" computerName="NAVB3" duration="00:00:00.0000885" startTime="2017-11-29T20:12:16.0434157+05:30" endTime="2017-11-29T20:12:16.0434157+05:30" testType="13cdc9d9-ddb5-4fa4-a97d-d965ccfc6d4b" outcome="Passed" testListId="8c84fa94-04c1-424b-9868-57a2d4851a1d" relativeResultsDirectory="bfedf967-70e7-4c16-9e1d-886642ea4031" />
    <UnitTestResult executionId="53b962a2-87d9-4a26-854d-787bfdc1a471" testId="d1040cc9-0db5-a2c6-8e3b-599d9ae0566a" testName="MSTest_P2_229" computerName="NAVB3" duration="00:00:00.0000888" startTime="2017-11-29T20:12:16.0434157+05:30" endTime="2017-11-29T20:12:16.0434157+05:30" testType="13cdc9d9-ddb5-4fa4-a97d-d965ccfc6d4b" outcome="Passed" testListId="8c84fa94-04c1-424b-9868-57a2d4851a1d" relativeResultsDirectory="53b962a2-87d9-4a26-854d-787bfdc1a471" />
    <UnitTestResult executionId="290c82d7-7e5f-4296-a25b-d7db2037701d" testId="2cad1e90-449b-be41-afc8-3e491b2139de" testName="MSTest_P2_230" computerName="NAVB3" duration="00:00:00.0000888" startTime="2017-11-29T20:12:16.0434157+05:30" endTime="2017-11-29T20:12:16.0434157+05:30" testType="13cdc9d9-ddb5-4fa4-a97d-d965ccfc6d4b" outcome="Passed" testListId="8c84fa94-04c1-424b-9868-57a2d4851a1d" relativeResultsDirectory="290c82d7-7e5f-4296-a25b-d7db2037701d" />
    <UnitTestResult executionId="6c398df5-e405-4bb6-a721-aa724576edd0" testId="5a84b0ae-e586-2a61-f5c2-4aa06fe15347" testName="MSTest_P2_231" computerName="NAVB3" duration="00:00:00.0000794" startTime="2017-11-29T20:12:16.0434157+05:30" endTime="2017-11-29T20:12:16.0434157+05:30" testType="13cdc9d9-ddb5-4fa4-a97d-d965ccfc6d4b" outcome="Passed" testListId="8c84fa94-04c1-424b-9868-57a2d4851a1d" relativeResultsDirectory="6c398df5-e405-4bb6-a721-aa724576edd0" />
    <UnitTestResult executionId="6964c983-978f-480c-923e-d569d65a6df0" testId="4eacc58a-39a5-cdc4-7cb0-909b522f5263" testName="MSTest_P2_232" computerName="NAVB3" duration="00:00:00.0000812" startTime="2017-11-29T20:12:16.0434157+05:30" endTime="2017-11-29T20:12:16.0434157+05:30" testType="13cdc9d9-ddb5-4fa4-a97d-d965ccfc6d4b" outcome="Passed" testListId="8c84fa94-04c1-424b-9868-57a2d4851a1d" relativeResultsDirectory="6964c983-978f-480c-923e-d569d65a6df0" />
    <UnitTestResult executionId="b05d4851-84c1-4bac-930d-d6487274d678" testId="1ae6bd7a-6166-ebed-fdc7-bafecc9a34a5" testName="MSTest_P2_233" computerName="NAVB3" duration="00:00:00.0000815" startTime="2017-11-29T20:12:16.0434157+05:30" endTime="2017-11-29T20:12:16.0434157+05:30" testType="13cdc9d9-ddb5-4fa4-a97d-d965ccfc6d4b" outcome="Passed" testListId="8c84fa94-04c1-424b-9868-57a2d4851a1d" relativeResultsDirectory="b05d4851-84c1-4bac-930d-d6487274d678" />
    <UnitTestResult executionId="95df3b0c-5757-4344-b858-a3182294200b" testId="a6af2890-8947-2003-b0eb-4dbbae27d5ed" testName="MSTest_P2_234" computerName="NAVB3" duration="00:00:00.0000818" startTime="2017-11-29T20:12:16.0434157+05:30" endTime="2017-11-29T20:12:16.0434157+05:30" testType="13cdc9d9-ddb5-4fa4-a97d-d965ccfc6d4b" outcome="Passed" testListId="8c84fa94-04c1-424b-9868-57a2d4851a1d" relativeResultsDirectory="95df3b0c-5757-4344-b858-a3182294200b" />
    <UnitTestResult executionId="9f6715b2-248b-4e43-8cb0-5469f79ffa81" testId="6ceec2cf-1895-3234-fc41-4c88056af76b" testName="MSTest_P2_235" computerName="NAVB3" duration="00:00:00.0000818" startTime="2017-11-29T20:12:16.0434157+05:30" endTime="2017-11-29T20:12:16.0434157+05:30" testType="13cdc9d9-ddb5-4fa4-a97d-d965ccfc6d4b" outcome="Passed" testListId="8c84fa94-04c1-424b-9868-57a2d4851a1d" relativeResultsDirectory="9f6715b2-248b-4e43-8cb0-5469f79ffa81" />
    <UnitTestResult executionId="da614da7-c795-4ab0-a18e-6101eddb0295" testId="ed24fa60-9ae1-327a-34dd-25499ff1e673" testName="MSTest_P2_236" computerName="NAVB3" duration="00:00:00.0000818" startTime="2017-11-29T20:12:16.0434157+05:30" endTime="2017-11-29T20:12:16.0434157+05:30" testType="13cdc9d9-ddb5-4fa4-a97d-d965ccfc6d4b" outcome="Passed" testListId="8c84fa94-04c1-424b-9868-57a2d4851a1d" relativeResultsDirectory="da614da7-c795-4ab0-a18e-6101eddb0295" />
    <UnitTestResult executionId="8a99cc8a-cc02-497a-ba81-55c6e05b090b" testId="308de2f1-a65b-2ef3-00c3-b11aed421fad" testName="MSTest_P2_237" computerName="NAVB3" duration="00:00:00.0000809" startTime="2017-11-29T20:12:16.0434157+05:30" endTime="2017-11-29T20:12:16.0434157+05:30" testType="13cdc9d9-ddb5-4fa4-a97d-d965ccfc6d4b" outcome="Passed" testListId="8c84fa94-04c1-424b-9868-57a2d4851a1d" relativeResultsDirectory="8a99cc8a-cc02-497a-ba81-55c6e05b090b" />
    <UnitTestResult executionId="ae4432ff-2256-4841-86ff-825920e7fc42" testId="e67c7e39-2041-921d-fcbf-52c404627a21" testName="MSTest_P2_238" computerName="NAVB3" duration="00:00:00.0000812" startTime="2017-11-29T20:12:16.0434157+05:30" endTime="2017-11-29T20:12:16.0434157+05:30" testType="13cdc9d9-ddb5-4fa4-a97d-d965ccfc6d4b" outcome="Passed" testListId="8c84fa94-04c1-424b-9868-57a2d4851a1d" relativeResultsDirectory="ae4432ff-2256-4841-86ff-825920e7fc42" />
    <UnitTestResult executionId="0ab88ab2-3f05-48ac-ac3b-1287b5a5c36d" testId="50ceb1a3-bbee-77bd-f7c8-ea6ffa8fcb9e" testName="MSTest_P2_239" computerName="NAVB3" duration="00:00:00.0000806" startTime="2017-11-29T20:12:16.0434157+05:30" endTime="2017-11-29T20:12:16.0434157+05:30" testType="13cdc9d9-ddb5-4fa4-a97d-d965ccfc6d4b" outcome="Passed" testListId="8c84fa94-04c1-424b-9868-57a2d4851a1d" relativeResultsDirectory="0ab88ab2-3f05-48ac-ac3b-1287b5a5c36d" />
    <UnitTestResult executionId="42750f8a-1987-42d5-9d13-3cad815b0345" testId="6ebc79a4-987d-2bc3-df08-09a50a77278a" testName="MSTest_P2_240" computerName="NAVB3" duration="00:00:00.0000812" startTime="2017-11-29T20:12:16.0434157+05:30" endTime="2017-11-29T20:12:16.0434157+05:30" testType="13cdc9d9-ddb5-4fa4-a97d-d965ccfc6d4b" outcome="Passed" testListId="8c84fa94-04c1-424b-9868-57a2d4851a1d" relativeResultsDirectory="42750f8a-1987-42d5-9d13-3cad815b0345" />
    <UnitTestResult executionId="da43145f-8858-4196-acfa-76c0b32a52e4" testId="412203ea-3b32-8c37-03c6-58087662cf65" testName="MSTest_P2_241" computerName="NAVB3" duration="00:00:00.0000809" startTime="2017-11-29T20:12:16.0434157+05:30" endTime="2017-11-29T20:12:16.0434157+05:30" testType="13cdc9d9-ddb5-4fa4-a97d-d965ccfc6d4b" outcome="Passed" testListId="8c84fa94-04c1-424b-9868-57a2d4851a1d" relativeResultsDirectory="da43145f-8858-4196-acfa-76c0b32a52e4" />
    <UnitTestResult executionId="ee994bfe-230e-423f-abf9-4d6990ab38ac" testId="688ab4e1-9ede-63ba-415f-d219cfbc76f5" testName="MSTest_P2_242" computerName="NAVB3" duration="00:00:00.0000797" startTime="2017-11-29T20:12:16.0434157+05:30" endTime="2017-11-29T20:12:16.0434157+05:30" testType="13cdc9d9-ddb5-4fa4-a97d-d965ccfc6d4b" outcome="Passed" testListId="8c84fa94-04c1-424b-9868-57a2d4851a1d" relativeResultsDirectory="ee994bfe-230e-423f-abf9-4d6990ab38ac" />
    <UnitTestResult executionId="874f5dee-6f55-446c-b653-8d1012ebac9d" testId="929d3ee7-c2a7-b471-7d66-c1eb4d7bfb83" testName="MSTest_P2_243" computerName="NAVB3" duration="00:00:00.0000803" startTime="2017-11-29T20:12:16.0434157+05:30" endTime="2017-11-29T20:12:16.0434157+05:30" testType="13cdc9d9-ddb5-4fa4-a97d-d965ccfc6d4b" outcome="Passed" testListId="8c84fa94-04c1-424b-9868-57a2d4851a1d" relativeResultsDirectory="874f5dee-6f55-446c-b653-8d1012ebac9d" />
    <UnitTestResult executionId="03ba59e0-90b4-46d5-83e9-c012f62c2ecd" testId="86e77e5b-a8c7-eee6-7aa2-17ce1d5eb81f" testName="MSTest_P2_244" computerName="NAVB3" duration="00:00:00.0000812" startTime="2017-11-29T20:12:16.0434157+05:30" endTime="2017-11-29T20:12:16.0434157+05:30" testType="13cdc9d9-ddb5-4fa4-a97d-d965ccfc6d4b" outcome="Passed" testListId="8c84fa94-04c1-424b-9868-57a2d4851a1d" relativeResultsDirectory="03ba59e0-90b4-46d5-83e9-c012f62c2ecd" />
    <UnitTestResult executionId="067b1f4d-314e-41a3-ad81-339c705ef99b" testId="48e7dd7c-963d-0c73-c44e-071d94068a1f" testName="MSTest_P2_245" computerName="NAVB3" duration="00:00:00.0000824" startTime="2017-11-29T20:12:16.0434157+05:30" endTime="2017-11-29T20:12:16.0434157+05:30" testType="13cdc9d9-ddb5-4fa4-a97d-d965ccfc6d4b" outcome="Passed" testListId="8c84fa94-04c1-424b-9868-57a2d4851a1d" relativeResultsDirectory="067b1f4d-314e-41a3-ad81-339c705ef99b" />
    <UnitTestResult executionId="fdf29a7c-e9d5-482e-98d9-21862fc4bc56" testId="99afc3a3-e56c-65f0-a935-a8e52ed7d982" testName="MSTest_P2_246" computerName="NAVB3" duration="00:00:00.0000809" startTime="2017-11-29T20:12:16.0434157+05:30" endTime="2017-11-29T20:12:16.0434157+05:30" testType="13cdc9d9-ddb5-4fa4-a97d-d965ccfc6d4b" outcome="Passed" testListId="8c84fa94-04c1-424b-9868-57a2d4851a1d" relativeResultsDirectory="fdf29a7c-e9d5-482e-98d9-21862fc4bc56" />
    <UnitTestResult executionId="509211a7-d7c3-4c5f-aac5-5638fc663f35" testId="7900cd3f-12b8-1eff-695a-493ad9dbd3cf" testName="MSTest_P2_247" computerName="NAVB3" duration="00:00:00.0000812" startTime="2017-11-29T20:12:16.0434157+05:30" endTime="2017-11-29T20:12:16.0434157+05:30" testType="13cdc9d9-ddb5-4fa4-a97d-d965ccfc6d4b" outcome="Passed" testListId="8c84fa94-04c1-424b-9868-57a2d4851a1d" relativeResultsDirectory="509211a7-d7c3-4c5f-aac5-5638fc663f35" />
    <UnitTestResult executionId="b4348d13-e465-4252-a1ce-72a0a5c34ca8" testId="5eff9454-3e7e-e22f-ff2d-9eff65c48d24" testName="MSTest_P2_248" computerName="NAVB3" duration="00:00:00.0000800" startTime="2017-11-29T20:12:16.0434157+05:30" endTime="2017-11-29T20:12:16.0434157+05:30" testType="13cdc9d9-ddb5-4fa4-a97d-d965ccfc6d4b" outcome="Passed" testListId="8c84fa94-04c1-424b-9868-57a2d4851a1d" relativeResultsDirectory="b4348d13-e465-4252-a1ce-72a0a5c34ca8" />
    <UnitTestResult executionId="47a94cf4-06e4-438b-ae0c-3bde50dd1d4a" testId="95872637-10aa-91a4-5b1e-72f11650fb60" testName="MSTest_P2_249" computerName="NAVB3" duration="00:00:00.0000809" startTime="2017-11-29T20:12:16.0434157+05:30" endTime="2017-11-29T20:12:16.0434157+05:30" testType="13cdc9d9-ddb5-4fa4-a97d-d965ccfc6d4b" outcome="Passed" testListId="8c84fa94-04c1-424b-9868-57a2d4851a1d" relativeResultsDirectory="47a94cf4-06e4-438b-ae0c-3bde50dd1d4a" />
    <UnitTestResult executionId="c74f6ccf-d2c6-4353-90df-6b36de136ad4" testId="5e9ea610-9094-fb5a-1809-d8c49e738327" testName="MSTest_P2_250" computerName="NAVB3" duration="00:00:00.0000818" startTime="2017-11-29T20:12:16.0434157+05:30" endTime="2017-11-29T20:12:16.0434157+05:30" testType="13cdc9d9-ddb5-4fa4-a97d-d965ccfc6d4b" outcome="Passed" testListId="8c84fa94-04c1-424b-9868-57a2d4851a1d" relativeResultsDirectory="c74f6ccf-d2c6-4353-90df-6b36de136ad4" />
    <UnitTestResult executionId="ab298198-f53f-49c1-821a-5d7527909f72" testId="e2464868-1917-fea2-960f-a50e75ae2910" testName="MSTest_P2_251" computerName="NAVB3" duration="00:00:00.0000821" startTime="2017-11-29T20:12:16.0434157+05:30" endTime="2017-11-29T20:12:16.0434157+05:30" testType="13cdc9d9-ddb5-4fa4-a97d-d965ccfc6d4b" outcome="Passed" testListId="8c84fa94-04c1-424b-9868-57a2d4851a1d" relativeResultsDirectory="ab298198-f53f-49c1-821a-5d7527909f72" />
    <UnitTestResult executionId="f82302a2-d841-432b-bb0c-06a2c1ec64f9" testId="d7728b7a-65fd-b6e3-45d3-f0717092cd5c" testName="MSTest_P2_252" computerName="NAVB3" duration="00:00:00.0000812" startTime="2017-11-29T20:12:16.0434157+05:30" endTime="2017-11-29T20:12:16.0434157+05:30" testType="13cdc9d9-ddb5-4fa4-a97d-d965ccfc6d4b" outcome="Passed" testListId="8c84fa94-04c1-424b-9868-57a2d4851a1d" relativeResultsDirectory="f82302a2-d841-432b-bb0c-06a2c1ec64f9" />
    <UnitTestResult executionId="6876f956-4927-48a9-910d-65345d1998dc" testId="988a76fb-eb14-31ef-5ee6-1186dfa7274b" testName="MSTest_P2_253" computerName="NAVB3" duration="00:00:00.0000824" startTime="2017-11-29T20:12:16.0434157+05:30" endTime="2017-11-29T20:12:16.0434157+05:30" testType="13cdc9d9-ddb5-4fa4-a97d-d965ccfc6d4b" outcome="Passed" testListId="8c84fa94-04c1-424b-9868-57a2d4851a1d" relativeResultsDirectory="6876f956-4927-48a9-910d-65345d1998dc" />
    <UnitTestResult executionId="832fa901-80a8-40f4-8dbd-12def53c949a" testId="f05470f3-dd98-66fc-30c8-eedbefc2c2fd" testName="MSTest_P2_254" computerName="NAVB3" duration="00:00:00.0000815" startTime="2017-11-29T20:12:16.0434157+05:30" endTime="2017-11-29T20:12:16.0434157+05:30" testType="13cdc9d9-ddb5-4fa4-a97d-d965ccfc6d4b" outcome="Passed" testListId="8c84fa94-04c1-424b-9868-57a2d4851a1d" relativeResultsDirectory="832fa901-80a8-40f4-8dbd-12def53c949a" />
    <UnitTestResult executionId="4b81962b-e424-4a89-845e-687054128431" testId="e9be7b7b-dc0a-0a89-0d10-388e7cb87792" testName="MSTest_P2_255" computerName="NAVB3" duration="00:00:00.0000815" startTime="2017-11-29T20:12:16.0434157+05:30" endTime="2017-11-29T20:12:16.0434157+05:30" testType="13cdc9d9-ddb5-4fa4-a97d-d965ccfc6d4b" outcome="Passed" testListId="8c84fa94-04c1-424b-9868-57a2d4851a1d" relativeResultsDirectory="4b81962b-e424-4a89-845e-687054128431" />
    <UnitTestResult executionId="23299558-5a24-463f-a284-d03618a65494" testId="8cf89d54-be14-6b51-122f-95abd8412bb8" testName="MSTest_P2_86" computerName="NAVB3" duration="00:00:00.0000818" startTime="2017-11-29T20:12:16.0434157+05:30" endTime="2017-11-29T20:12:16.0434157+05:30" testType="13cdc9d9-ddb5-4fa4-a97d-d965ccfc6d4b" outcome="Passed" testListId="8c84fa94-04c1-424b-9868-57a2d4851a1d" relativeResultsDirectory="23299558-5a24-463f-a284-d03618a65494" />
    <UnitTestResult executionId="ae3e9657-7d44-44c8-86a9-998d34655ce2" testId="af8664c8-bb1f-43f3-80b2-16d2443501ee" testName="MSTest_P2_87" computerName="NAVB3" duration="00:00:00.0000809" startTime="2017-11-29T20:12:16.0434157+05:30" endTime="2017-11-29T20:12:16.0434157+05:30" testType="13cdc9d9-ddb5-4fa4-a97d-d965ccfc6d4b" outcome="Passed" testListId="8c84fa94-04c1-424b-9868-57a2d4851a1d" relativeResultsDirectory="ae3e9657-7d44-44c8-86a9-998d34655ce2" />
    <UnitTestResult executionId="cb8e1084-4d83-4fd5-aa35-e27099744b83" testId="2e239ad8-51c8-4368-8f5f-8170258aca39" testName="MSTest_P2_88" computerName="NAVB3" duration="00:00:00.0000850" startTime="2017-11-29T20:12:16.0434157+05:30" endTime="2017-11-29T20:12:16.0590405+05:30" testType="13cdc9d9-ddb5-4fa4-a97d-d965ccfc6d4b" outcome="Passed" testListId="8c84fa94-04c1-424b-9868-57a2d4851a1d" relativeResultsDirectory="cb8e1084-4d83-4fd5-aa35-e27099744b83" />
    <UnitTestResult executionId="c5ad334f-a399-4418-8025-9982d3e48082" testId="6a103265-61c4-c703-aa4c-eb91c9c0b9e7" testName="MSTest_P2_89" computerName="NAVB3" duration="00:00:00.0000935" startTime="2017-11-29T20:12:16.0590405+05:30" endTime="2017-11-29T20:12:16.0590405+05:30" testType="13cdc9d9-ddb5-4fa4-a97d-d965ccfc6d4b" outcome="Passed" testListId="8c84fa94-04c1-424b-9868-57a2d4851a1d" relativeResultsDirectory="c5ad334f-a399-4418-8025-9982d3e48082" />
    <UnitTestResult executionId="cceb20eb-448c-45aa-b613-339c0e0ec538" testId="543fd025-c46a-063a-e7de-4ca06c2152d1" testName="MSTest_P2_90" computerName="NAVB3" duration="00:00:00.0000997" startTime="2017-11-29T20:12:16.0590405+05:30" endTime="2017-11-29T20:12:16.0590405+05:30" testType="13cdc9d9-ddb5-4fa4-a97d-d965ccfc6d4b" outcome="Passed" testListId="8c84fa94-04c1-424b-9868-57a2d4851a1d" relativeResultsDirectory="cceb20eb-448c-45aa-b613-339c0e0ec538" />
    <UnitTestResult executionId="f9282504-243b-4944-bda8-cfd083399faf" testId="92cdf67a-081b-2da5-36e5-8c058767cb2d" testName="MSTest_P2_91" computerName="NAVB3" duration="00:00:00.0000970" startTime="2017-11-29T20:12:16.0590405+05:30" endTime="2017-11-29T20:12:16.0590405+05:30" testType="13cdc9d9-ddb5-4fa4-a97d-d965ccfc6d4b" outcome="Passed" testListId="8c84fa94-04c1-424b-9868-57a2d4851a1d" relativeResultsDirectory="f9282504-243b-4944-bda8-cfd083399faf" />
    <UnitTestResult executionId="62c21976-c241-42c1-bda3-f1104dbfd854" testId="af35a698-328d-7ccb-f3a4-1ca20c607cd3" testName="MSTest_P2_92" computerName="NAVB3" duration="00:00:00.0001093" startTime="2017-11-29T20:12:16.0590405+05:30" endTime="2017-11-29T20:12:16.0590405+05:30" testType="13cdc9d9-ddb5-4fa4-a97d-d965ccfc6d4b" outcome="Passed" testListId="8c84fa94-04c1-424b-9868-57a2d4851a1d" relativeResultsDirectory="62c21976-c241-42c1-bda3-f1104dbfd854" />
    <UnitTestResult executionId="910c971b-ac41-41f9-b103-3d8b0bbe41c5" testId="facad60b-be32-9dda-fba5-7c7fb77c582b" testName="MSTest_P2_93" computerName="NAVB3" duration="00:00:00.0000903" startTime="2017-11-29T20:12:16.0590405+05:30" endTime="2017-11-29T20:12:16.0590405+05:30" testType="13cdc9d9-ddb5-4fa4-a97d-d965ccfc6d4b" outcome="Passed" testListId="8c84fa94-04c1-424b-9868-57a2d4851a1d" relativeResultsDirectory="910c971b-ac41-41f9-b103-3d8b0bbe41c5" />
    <UnitTestResult executionId="f7629d48-17a0-4cbc-85e8-2412de27006a" testId="a7f039bb-e008-d895-9ca3-6a3be43521e0" testName="MSTest_P2_94" computerName="NAVB3" duration="00:00:00.0000797" startTime="2017-11-29T20:12:16.0590405+05:30" endTime="2017-11-29T20:12:16.0590405+05:30" testType="13cdc9d9-ddb5-4fa4-a97d-d965ccfc6d4b" outcome="Passed" testListId="8c84fa94-04c1-424b-9868-57a2d4851a1d" relativeResultsDirectory="f7629d48-17a0-4cbc-85e8-2412de27006a" />
    <UnitTestResult executionId="bd5ef3a2-fe30-4a7f-840f-a58040e94a31" testId="c7f0b721-5cb3-11b9-78ce-982c6c93b561" testName="MSTest_P2_95" computerName="NAVB3" duration="00:00:00.0000838" startTime="2017-11-29T20:12:16.0590405+05:30" endTime="2017-11-29T20:12:16.0590405+05:30" testType="13cdc9d9-ddb5-4fa4-a97d-d965ccfc6d4b" outcome="Passed" testListId="8c84fa94-04c1-424b-9868-57a2d4851a1d" relativeResultsDirectory="bd5ef3a2-fe30-4a7f-840f-a58040e94a31" />
    <UnitTestResult executionId="30eb349e-6b08-4168-b5c2-ec2c713dcb77" testId="9f772cef-e404-3eb2-ee64-340c0f46aba5" testName="MSTest_P2_96" computerName="NAVB3" duration="00:00:00.0000832" startTime="2017-11-29T20:12:16.0590405+05:30" endTime="2017-11-29T20:12:16.0590405+05:30" testType="13cdc9d9-ddb5-4fa4-a97d-d965ccfc6d4b" outcome="Passed" testListId="8c84fa94-04c1-424b-9868-57a2d4851a1d" relativeResultsDirectory="30eb349e-6b08-4168-b5c2-ec2c713dcb77" />
    <UnitTestResult executionId="da5ffe39-95e9-410b-865e-3336490b39bc" testId="939a2244-834b-61d1-6354-aa06c674cd79" testName="MSTest_P2_97" computerName="NAVB3" duration="00:00:00.0000824" startTime="2017-11-29T20:12:16.0590405+05:30" endTime="2017-11-29T20:12:16.0590405+05:30" testType="13cdc9d9-ddb5-4fa4-a97d-d965ccfc6d4b" outcome="Passed" testListId="8c84fa94-04c1-424b-9868-57a2d4851a1d" relativeResultsDirectory="da5ffe39-95e9-410b-865e-3336490b39bc" />
    <UnitTestResult executionId="248575f0-1699-4ff5-a186-3fbc7b8cae8d" testId="3c0ef892-0b3e-7e60-bcd6-b7064953d994" testName="MSTest_P2_98" computerName="NAVB3" duration="00:00:00.0000826" startTime="2017-11-29T20:12:16.0590405+05:30" endTime="2017-11-29T20:12:16.0590405+05:30" testType="13cdc9d9-ddb5-4fa4-a97d-d965ccfc6d4b" outcome="Passed" testListId="8c84fa94-04c1-424b-9868-57a2d4851a1d" relativeResultsDirectory="248575f0-1699-4ff5-a186-3fbc7b8cae8d" />
    <UnitTestResult executionId="bfab9ac7-4459-4cff-900b-a68fc4b9400e" testId="7d6d4444-0857-2926-ad21-737ce1d59354" testName="MSTest_P2_99" computerName="NAVB3" duration="00:00:00.0000835" startTime="2017-11-29T20:12:16.0590405+05:30" endTime="2017-11-29T20:12:16.0590405+05:30" testType="13cdc9d9-ddb5-4fa4-a97d-d965ccfc6d4b" outcome="Passed" testListId="8c84fa94-04c1-424b-9868-57a2d4851a1d" relativeResultsDirectory="bfab9ac7-4459-4cff-900b-a68fc4b9400e" />
    <UnitTestResult executionId="5b4e5bc7-3611-4731-b0af-4430434a182c" testId="29221416-c2aa-3a8e-bcbb-e2e374422384" testName="MSTest_P2_100" computerName="NAVB3" duration="00:00:00.0000829" startTime="2017-11-29T20:12:16.0590405+05:30" endTime="2017-11-29T20:12:16.0590405+05:30" testType="13cdc9d9-ddb5-4fa4-a97d-d965ccfc6d4b" outcome="Passed" testListId="8c84fa94-04c1-424b-9868-57a2d4851a1d" relativeResultsDirectory="5b4e5bc7-3611-4731-b0af-4430434a182c" />
    <UnitTestResult executionId="e84e6391-810d-4505-b2ab-bc109345b96a" testId="3f1a6d2c-e41e-7400-2935-a30ddfef3b4f" testName="MSTest_P2_101" computerName="NAVB3" duration="00:00:00.0000835" startTime="2017-11-29T20:12:16.0590405+05:30" endTime="2017-11-29T20:12:16.0590405+05:30" testType="13cdc9d9-ddb5-4fa4-a97d-d965ccfc6d4b" outcome="Passed" testListId="8c84fa94-04c1-424b-9868-57a2d4851a1d" relativeResultsDirectory="e84e6391-810d-4505-b2ab-bc109345b96a" />
    <UnitTestResult executionId="451c1767-6e45-4afd-89f3-1cbd0a15f388" testId="915baf8a-558c-8445-25e8-39afc4def2d3" testName="MSTest_P2_102" computerName="NAVB3" duration="00:00:00.0000821" startTime="2017-11-29T20:12:16.0590405+05:30" endTime="2017-11-29T20:12:16.0590405+05:30" testType="13cdc9d9-ddb5-4fa4-a97d-d965ccfc6d4b" outcome="Passed" testListId="8c84fa94-04c1-424b-9868-57a2d4851a1d" relativeResultsDirectory="451c1767-6e45-4afd-89f3-1cbd0a15f388" />
    <UnitTestResult executionId="66009858-a8cd-4d20-8a9e-fce6a685b59a" testId="fccc4855-8f79-aac6-2d77-b19e845576b0" testName="MSTest_P2_103" computerName="NAVB3" duration="00:00:00.0000821" startTime="2017-11-29T20:12:16.0590405+05:30" endTime="2017-11-29T20:12:16.0590405+05:30" testType="13cdc9d9-ddb5-4fa4-a97d-d965ccfc6d4b" outcome="Passed" testListId="8c84fa94-04c1-424b-9868-57a2d4851a1d" relativeResultsDirectory="66009858-a8cd-4d20-8a9e-fce6a685b59a" />
    <UnitTestResult executionId="c591c6cc-5cb6-420c-b51a-252a2d768d4b" testId="fd196665-9f74-c566-c22f-3c3e5b1d3bc2" testName="MSTest_P2_104" computerName="NAVB3" duration="00:00:00.0000829" startTime="2017-11-29T20:12:16.0590405+05:30" endTime="2017-11-29T20:12:16.0590405+05:30" testType="13cdc9d9-ddb5-4fa4-a97d-d965ccfc6d4b" outcome="Passed" testListId="8c84fa94-04c1-424b-9868-57a2d4851a1d" relativeResultsDirectory="c591c6cc-5cb6-420c-b51a-252a2d768d4b" />
    <UnitTestResult executionId="7c5c2858-175c-4e15-aa7e-94d219bea5ae" testId="91185eda-8025-13c8-dfb8-0ba856a8e4b6" testName="MSTest_P2_105" computerName="NAVB3" duration="00:00:00.0000832" startTime="2017-11-29T20:12:16.0590405+05:30" endTime="2017-11-29T20:12:16.0590405+05:30" testType="13cdc9d9-ddb5-4fa4-a97d-d965ccfc6d4b" outcome="Passed" testListId="8c84fa94-04c1-424b-9868-57a2d4851a1d" relativeResultsDirectory="7c5c2858-175c-4e15-aa7e-94d219bea5ae" />
    <UnitTestResult executionId="1f013769-40e1-4002-a7fe-060ac74b392f" testId="2312bf96-caf8-4555-c7c6-ad46b1dc526b" testName="MSTest_P2_106" computerName="NAVB3" duration="00:00:00.0000824" startTime="2017-11-29T20:12:16.0590405+05:30" endTime="2017-11-29T20:12:16.0590405+05:30" testType="13cdc9d9-ddb5-4fa4-a97d-d965ccfc6d4b" outcome="Passed" testListId="8c84fa94-04c1-424b-9868-57a2d4851a1d" relativeResultsDirectory="1f013769-40e1-4002-a7fe-060ac74b392f" />
    <UnitTestResult executionId="60be3c90-70c7-4e9b-b4b6-6ce511c3ebdd" testId="16c2d2bb-f749-1b84-5d1a-f4693eeff379" testName="MSTest_P2_107" computerName="NAVB3" duration="00:00:00.0000826" startTime="2017-11-29T20:12:16.0590405+05:30" endTime="2017-11-29T20:12:16.0590405+05:30" testType="13cdc9d9-ddb5-4fa4-a97d-d965ccfc6d4b" outcome="Passed" testListId="8c84fa94-04c1-424b-9868-57a2d4851a1d" relativeResultsDirectory="60be3c90-70c7-4e9b-b4b6-6ce511c3ebdd" />
    <UnitTestResult executionId="71195b26-e693-458b-bb06-1678f3d27163" testId="3052bbd6-828d-da64-f0c6-52ba6226af7a" testName="MSTest_P2_108" computerName="NAVB3" duration="00:00:00.0000821" startTime="2017-11-29T20:12:16.0590405+05:30" endTime="2017-11-29T20:12:16.0590405+05:30" testType="13cdc9d9-ddb5-4fa4-a97d-d965ccfc6d4b" outcome="Passed" testListId="8c84fa94-04c1-424b-9868-57a2d4851a1d" relativeResultsDirectory="71195b26-e693-458b-bb06-1678f3d27163" />
    <UnitTestResult executionId="11be3d8a-c9d5-4b1d-bd42-2328ae027a1c" testId="de7798a5-e4ad-f8d4-2c72-5c24a0cf7145" testName="MSTest_P2_109" computerName="NAVB3" duration="00:00:00.0000826" startTime="2017-11-29T20:12:16.0590405+05:30" endTime="2017-11-29T20:12:16.0590405+05:30" testType="13cdc9d9-ddb5-4fa4-a97d-d965ccfc6d4b" outcome="Passed" testListId="8c84fa94-04c1-424b-9868-57a2d4851a1d" relativeResultsDirectory="11be3d8a-c9d5-4b1d-bd42-2328ae027a1c" />
    <UnitTestResult executionId="ee1d4583-c411-4315-bc22-31ae5c4c41ad" testId="537f464b-2890-762f-2d6a-4c915364b3e3" testName="MSTest_P2_110" computerName="NAVB3" duration="00:00:00.0000826" startTime="2017-11-29T20:12:16.0590405+05:30" endTime="2017-11-29T20:12:16.0590405+05:30" testType="13cdc9d9-ddb5-4fa4-a97d-d965ccfc6d4b" outcome="Passed" testListId="8c84fa94-04c1-424b-9868-57a2d4851a1d" relativeResultsDirectory="ee1d4583-c411-4315-bc22-31ae5c4c41ad" />
    <UnitTestResult executionId="68bf2040-af14-49fd-a2fb-94e8979e2110" testId="c43ccd69-1d07-f1ca-15df-57ee4d99dac7" testName="MSTest_P2_111" computerName="NAVB3" duration="00:00:00.0000815" startTime="2017-11-29T20:12:16.0590405+05:30" endTime="2017-11-29T20:12:16.0590405+05:30" testType="13cdc9d9-ddb5-4fa4-a97d-d965ccfc6d4b" outcome="Passed" testListId="8c84fa94-04c1-424b-9868-57a2d4851a1d" relativeResultsDirectory="68bf2040-af14-49fd-a2fb-94e8979e2110" />
    <UnitTestResult executionId="fc0c536c-da23-4922-b094-1eb063166fac" testId="9f00f2fa-3d74-2446-5749-9f3e0babecac" testName="MSTest_P2_112" computerName="NAVB3" duration="00:00:00.0000821" startTime="2017-11-29T20:12:16.0590405+05:30" endTime="2017-11-29T20:12:16.0590405+05:30" testType="13cdc9d9-ddb5-4fa4-a97d-d965ccfc6d4b" outcome="Passed" testListId="8c84fa94-04c1-424b-9868-57a2d4851a1d" relativeResultsDirectory="fc0c536c-da23-4922-b094-1eb063166fac" />
    <UnitTestResult executionId="2431f74f-1df4-4bc9-bf17-ec88bcb5fa28" testId="cd11f649-a23e-aa6b-25ea-c9537d6d7754" testName="MSTest_P2_113" computerName="NAVB3" duration="00:00:00.0000821" startTime="2017-11-29T20:12:16.0590405+05:30" endTime="2017-11-29T20:12:16.0590405+05:30" testType="13cdc9d9-ddb5-4fa4-a97d-d965ccfc6d4b" outcome="Passed" testListId="8c84fa94-04c1-424b-9868-57a2d4851a1d" relativeResultsDirectory="2431f74f-1df4-4bc9-bf17-ec88bcb5fa28" />
    <UnitTestResult executionId="59a551bf-705f-41d5-9d6f-f58ff5557b90" testId="34211a94-c56c-bda5-da75-a958f6fec0fd" testName="MSTest_P2_114" computerName="NAVB3" duration="00:00:00.0000829" startTime="2017-11-29T20:12:16.0590405+05:30" endTime="2017-11-29T20:12:16.0590405+05:30" testType="13cdc9d9-ddb5-4fa4-a97d-d965ccfc6d4b" outcome="Passed" testListId="8c84fa94-04c1-424b-9868-57a2d4851a1d" relativeResultsDirectory="59a551bf-705f-41d5-9d6f-f58ff5557b90" />
    <UnitTestResult executionId="55a77f41-714a-4010-8c62-09e993dc5659" testId="914fcf56-73e7-5755-af49-0edb6532b413" testName="MSTest_P2_115" computerName="NAVB3" duration="00:00:00.0000829" startTime="2017-11-29T20:12:16.0590405+05:30" endTime="2017-11-29T20:12:16.0590405+05:30" testType="13cdc9d9-ddb5-4fa4-a97d-d965ccfc6d4b" outcome="Passed" testListId="8c84fa94-04c1-424b-9868-57a2d4851a1d" relativeResultsDirectory="55a77f41-714a-4010-8c62-09e993dc5659" />
    <UnitTestResult executionId="472bd2e7-213d-413e-94c7-c1964d36d72b" testId="55fcdea5-f0c8-1939-1d6f-85530f5b3f84" testName="MSTest_P2_116" computerName="NAVB3" duration="00:00:00.0000826" startTime="2017-11-29T20:12:16.0590405+05:30" endTime="2017-11-29T20:12:16.0590405+05:30" testType="13cdc9d9-ddb5-4fa4-a97d-d965ccfc6d4b" outcome="Passed" testListId="8c84fa94-04c1-424b-9868-57a2d4851a1d" relativeResultsDirectory="472bd2e7-213d-413e-94c7-c1964d36d72b" />
    <UnitTestResult executionId="bc14bfa8-87c6-44e2-97c0-53e4c33a4735" testId="bd9e4de3-f354-3ba6-5d06-fcf4d194d7fd" testName="MSTest_P2_117" computerName="NAVB3" duration="00:00:00.0000818" startTime="2017-11-29T20:12:16.0590405+05:30" endTime="2017-11-29T20:12:16.0590405+05:30" testType="13cdc9d9-ddb5-4fa4-a97d-d965ccfc6d4b" outcome="Passed" testListId="8c84fa94-04c1-424b-9868-57a2d4851a1d" relativeResultsDirectory="bc14bfa8-87c6-44e2-97c0-53e4c33a4735" />
    <UnitTestResult executionId="49dbab85-ff8c-4870-8765-ce9c75dba4bf" testId="e01f699e-2cfd-1511-9baf-46a63b479927" testName="MSTest_P2_118" computerName="NAVB3" duration="00:00:00.0000824" startTime="2017-11-29T20:12:16.0590405+05:30" endTime="2017-11-29T20:12:16.0590405+05:30" testType="13cdc9d9-ddb5-4fa4-a97d-d965ccfc6d4b" outcome="Passed" testListId="8c84fa94-04c1-424b-9868-57a2d4851a1d" relativeResultsDirectory="49dbab85-ff8c-4870-8765-ce9c75dba4bf" />
    <UnitTestResult executionId="a93640a9-cc4f-4bd3-8020-08893e9a14cb" testId="807a3318-f20a-42a4-889a-f1120df8c97a" testName="MSTest_P2_119" computerName="NAVB3" duration="00:00:00.0000818" startTime="2017-11-29T20:12:16.0590405+05:30" endTime="2017-11-29T20:12:16.0590405+05:30" testType="13cdc9d9-ddb5-4fa4-a97d-d965ccfc6d4b" outcome="Passed" testListId="8c84fa94-04c1-424b-9868-57a2d4851a1d" relativeResultsDirectory="a93640a9-cc4f-4bd3-8020-08893e9a14cb" />
    <UnitTestResult executionId="288f92a8-3bbe-4d85-870a-dc9b852ba9a0" testId="3a2ef3df-829b-c946-16cd-4ccab9f111ab" testName="MSTest_P2_120" computerName="NAVB3" duration="00:00:00.0000829" startTime="2017-11-29T20:12:16.0590405+05:30" endTime="2017-11-29T20:12:16.0590405+05:30" testType="13cdc9d9-ddb5-4fa4-a97d-d965ccfc6d4b" outcome="Passed" testListId="8c84fa94-04c1-424b-9868-57a2d4851a1d" relativeResultsDirectory="288f92a8-3bbe-4d85-870a-dc9b852ba9a0" />
    <UnitTestResult executionId="d2e2f894-ed06-4e72-ae27-e5955b4be708" testId="33f1551c-325e-5bc6-9b2a-69eeddb08656" testName="MSTest_P2_121" computerName="NAVB3" duration="00:00:00.0000829" startTime="2017-11-29T20:12:16.0590405+05:30" endTime="2017-11-29T20:12:16.0590405+05:30" testType="13cdc9d9-ddb5-4fa4-a97d-d965ccfc6d4b" outcome="Passed" testListId="8c84fa94-04c1-424b-9868-57a2d4851a1d" relativeResultsDirectory="d2e2f894-ed06-4e72-ae27-e5955b4be708" />
    <UnitTestResult executionId="7c5f16c5-68a7-4c4a-9608-62482dc69a3f" testId="1ba574a1-6649-3d9c-bbd9-ac7d24976a9a" testName="MSTest_P2_122" computerName="NAVB3" duration="00:00:00.0000815" startTime="2017-11-29T20:12:16.0590405+05:30" endTime="2017-11-29T20:12:16.0590405+05:30" testType="13cdc9d9-ddb5-4fa4-a97d-d965ccfc6d4b" outcome="Passed" testListId="8c84fa94-04c1-424b-9868-57a2d4851a1d" relativeResultsDirectory="7c5f16c5-68a7-4c4a-9608-62482dc69a3f" />
    <UnitTestResult executionId="de9bab7a-3f6a-445b-ba83-ba8fdaa966f3" testId="5a87932a-3364-a4d0-eff8-debcdd964c85" testName="MSTest_P2_123" computerName="NAVB3" duration="00:00:00.0000821" startTime="2017-11-29T20:12:16.0590405+05:30" endTime="2017-11-29T20:12:16.0590405+05:30" testType="13cdc9d9-ddb5-4fa4-a97d-d965ccfc6d4b" outcome="Passed" testListId="8c84fa94-04c1-424b-9868-57a2d4851a1d" relativeResultsDirectory="de9bab7a-3f6a-445b-ba83-ba8fdaa966f3" />
    <UnitTestResult executionId="4f2deafe-2208-48e4-bd2e-1db80f77cb39" testId="683f065d-9593-0c25-faae-663a5d47b14d" testName="MSTest_P2_124" computerName="NAVB3" duration="00:00:00.0000821" startTime="2017-11-29T20:12:16.0590405+05:30" endTime="2017-11-29T20:12:16.0590405+05:30" testType="13cdc9d9-ddb5-4fa4-a97d-d965ccfc6d4b" outcome="Passed" testListId="8c84fa94-04c1-424b-9868-57a2d4851a1d" relativeResultsDirectory="4f2deafe-2208-48e4-bd2e-1db80f77cb39" />
    <UnitTestResult executionId="fc74cd9b-79d4-448e-90d5-4ecbf6b3b54e" testId="82b008a7-be57-0cc4-9799-cf73507f9143" testName="MSTest_P2_125" computerName="NAVB3" duration="00:00:00.0000821" startTime="2017-11-29T20:12:16.0590405+05:30" endTime="2017-11-29T20:12:16.0590405+05:30" testType="13cdc9d9-ddb5-4fa4-a97d-d965ccfc6d4b" outcome="Passed" testListId="8c84fa94-04c1-424b-9868-57a2d4851a1d" relativeResultsDirectory="fc74cd9b-79d4-448e-90d5-4ecbf6b3b54e" />
    <UnitTestResult executionId="c167473e-9615-4827-ae33-cf3402d425a8" testId="54cf61e4-1c71-8316-8ed4-f64d77175755" testName="MSTest_P2_126" computerName="NAVB3" duration="00:00:00.0000821" startTime="2017-11-29T20:12:16.0590405+05:30" endTime="2017-11-29T20:12:16.0590405+05:30" testType="13cdc9d9-ddb5-4fa4-a97d-d965ccfc6d4b" outcome="Passed" testListId="8c84fa94-04c1-424b-9868-57a2d4851a1d" relativeResultsDirectory="c167473e-9615-4827-ae33-cf3402d425a8" />
    <UnitTestResult executionId="3ef56146-4c57-4223-b556-4992be59a858" testId="313fbd05-9ccb-9751-9fc3-6e68b028f609" testName="MSTest_P2_127" computerName="NAVB3" duration="00:00:00.0000818" startTime="2017-11-29T20:12:16.0590405+05:30" endTime="2017-11-29T20:12:16.0590405+05:30" testType="13cdc9d9-ddb5-4fa4-a97d-d965ccfc6d4b" outcome="Passed" testListId="8c84fa94-04c1-424b-9868-57a2d4851a1d" relativeResultsDirectory="3ef56146-4c57-4223-b556-4992be59a858" />
    <UnitTestResult executionId="b57e4f6f-8b85-4910-a829-02363eea389f" testId="fdf1163b-4929-09f8-4881-b4623554d75c" testName="MSTest_P2_128" computerName="NAVB3" duration="00:00:00.0000818" startTime="2017-11-29T20:12:16.0590405+05:30" endTime="2017-11-29T20:12:16.0590405+05:30" testType="13cdc9d9-ddb5-4fa4-a97d-d965ccfc6d4b" outcome="Passed" testListId="8c84fa94-04c1-424b-9868-57a2d4851a1d" relativeResultsDirectory="b57e4f6f-8b85-4910-a829-02363eea389f" />
    <UnitTestResult executionId="cb819807-2556-4915-882b-2c29906de386" testId="3b471184-88ca-7a13-34f4-c6d1b7cf4d66" testName="MSTest_P2_129" computerName="NAVB3" duration="00:00:00.0000841" startTime="2017-11-29T20:12:16.0590405+05:30" endTime="2017-11-29T20:12:16.0590405+05:30" testType="13cdc9d9-ddb5-4fa4-a97d-d965ccfc6d4b" outcome="Passed" testListId="8c84fa94-04c1-424b-9868-57a2d4851a1d" relativeResultsDirectory="cb819807-2556-4915-882b-2c29906de386" />
    <UnitTestResult executionId="c490545e-aa12-4f4e-9362-42dd2672e14f" testId="953013aa-d082-3c5d-8a98-9e0ecff132b0" testName="MSTest_P2_130" computerName="NAVB3" duration="00:00:00.0000821" startTime="2017-11-29T20:12:16.0590405+05:30" endTime="2017-11-29T20:12:16.0590405+05:30" testType="13cdc9d9-ddb5-4fa4-a97d-d965ccfc6d4b" outcome="Passed" testListId="8c84fa94-04c1-424b-9868-57a2d4851a1d" relativeResultsDirectory="c490545e-aa12-4f4e-9362-42dd2672e14f" />
    <UnitTestResult executionId="5c8d459f-e659-407c-aef3-a661ba8c88dd" testId="7c6a723b-a4be-6a05-a4a9-5ba579b0ba3b" testName="MSTest_P2_131" computerName="NAVB3" duration="00:00:00.0000826" startTime="2017-11-29T20:12:16.0590405+05:30" endTime="2017-11-29T20:12:16.0590405+05:30" testType="13cdc9d9-ddb5-4fa4-a97d-d965ccfc6d4b" outcome="Passed" testListId="8c84fa94-04c1-424b-9868-57a2d4851a1d" relativeResultsDirectory="5c8d459f-e659-407c-aef3-a661ba8c88dd" />
    <UnitTestResult executionId="05d598b9-30a7-49ae-a7b7-0f4f0764c93e" testId="45cb87c9-ee6a-f724-01aa-c025b8b44d98" testName="MSTest_P2_132" computerName="NAVB3" duration="00:00:00.0000821" startTime="2017-11-29T20:12:16.0590405+05:30" endTime="2017-11-29T20:12:16.0590405+05:30" testType="13cdc9d9-ddb5-4fa4-a97d-d965ccfc6d4b" outcome="Passed" testListId="8c84fa94-04c1-424b-9868-57a2d4851a1d" relativeResultsDirectory="05d598b9-30a7-49ae-a7b7-0f4f0764c93e" />
    <UnitTestResult executionId="cb33dd54-51e4-4698-bcb5-aa900f910132" testId="12f89f78-f9fc-272f-f46c-011dcde46eaa" testName="MSTest_P2_133" computerName="NAVB3" duration="00:00:00.0000812" startTime="2017-11-29T20:12:16.0590405+05:30" endTime="2017-11-29T20:12:16.0590405+05:30" testType="13cdc9d9-ddb5-4fa4-a97d-d965ccfc6d4b" outcome="Passed" testListId="8c84fa94-04c1-424b-9868-57a2d4851a1d" relativeResultsDirectory="cb33dd54-51e4-4698-bcb5-aa900f910132" />
    <UnitTestResult executionId="80a6bd22-0b44-4f57-a415-8bcfe154146d" testId="385136dc-bac7-acd8-7962-cdf97a4bb2c9" testName="MSTest_P2_134" computerName="NAVB3" duration="00:00:00.0000815" startTime="2017-11-29T20:12:16.0590405+05:30" endTime="2017-11-29T20:12:16.0590405+05:30" testType="13cdc9d9-ddb5-4fa4-a97d-d965ccfc6d4b" outcome="Passed" testListId="8c84fa94-04c1-424b-9868-57a2d4851a1d" relativeResultsDirectory="80a6bd22-0b44-4f57-a415-8bcfe154146d" />
    <UnitTestResult executionId="abc3c17d-9732-4625-af28-201d80a32282" testId="11a34d87-512e-de17-6267-ac3a29b1cf72" testName="MSTest_P2_135" computerName="NAVB3" duration="00:00:00.0000821" startTime="2017-11-29T20:12:16.0590405+05:30" endTime="2017-11-29T20:12:16.0590405+05:30" testType="13cdc9d9-ddb5-4fa4-a97d-d965ccfc6d4b" outcome="Passed" testListId="8c84fa94-04c1-424b-9868-57a2d4851a1d" relativeResultsDirectory="abc3c17d-9732-4625-af28-201d80a32282" />
    <UnitTestResult executionId="d8b58d79-dedb-4ac0-986c-7c0d070cacf0" testId="22abed9d-49d8-71a4-89c2-66713f85425f" testName="MSTest_P2_136" computerName="NAVB3" duration="00:00:00.0000826" startTime="2017-11-29T20:12:16.0590405+05:30" endTime="2017-11-29T20:12:16.0590405+05:30" testType="13cdc9d9-ddb5-4fa4-a97d-d965ccfc6d4b" outcome="Passed" testListId="8c84fa94-04c1-424b-9868-57a2d4851a1d" relativeResultsDirectory="d8b58d79-dedb-4ac0-986c-7c0d070cacf0" />
    <UnitTestResult executionId="fd47edb7-f940-4119-8fd0-f226aad62ce6" testId="ee5a758c-544a-d3b1-f895-5f90e0109756" testName="MSTest_P2_137" computerName="NAVB3" duration="00:00:00.0000826" startTime="2017-11-29T20:12:16.0590405+05:30" endTime="2017-11-29T20:12:16.0590405+05:30" testType="13cdc9d9-ddb5-4fa4-a97d-d965ccfc6d4b" outcome="Passed" testListId="8c84fa94-04c1-424b-9868-57a2d4851a1d" relativeResultsDirectory="fd47edb7-f940-4119-8fd0-f226aad62ce6" />
    <UnitTestResult executionId="a1c697a3-4c56-4c8f-a3ad-eb0d14ce129b" testId="6fb0c6b5-3d65-c95b-a9a8-8dfc5d0d66aa" testName="MSTest_P2_138" computerName="NAVB3" duration="00:00:00.0000824" startTime="2017-11-29T20:12:16.0590405+05:30" endTime="2017-11-29T20:12:16.0590405+05:30" testType="13cdc9d9-ddb5-4fa4-a97d-d965ccfc6d4b" outcome="Passed" testListId="8c84fa94-04c1-424b-9868-57a2d4851a1d" relativeResultsDirectory="a1c697a3-4c56-4c8f-a3ad-eb0d14ce129b" />
    <UnitTestResult executionId="459488b2-4dcf-4c28-9d9e-52c5ca098a6b" testId="036f551c-e61f-c570-996f-7bae87eb586a" testName="MSTest_P2_139" computerName="NAVB3" duration="00:00:00.0000812" startTime="2017-11-29T20:12:16.0590405+05:30" endTime="2017-11-29T20:12:16.0590405+05:30" testType="13cdc9d9-ddb5-4fa4-a97d-d965ccfc6d4b" outcome="Passed" testListId="8c84fa94-04c1-424b-9868-57a2d4851a1d" relativeResultsDirectory="459488b2-4dcf-4c28-9d9e-52c5ca098a6b" />
    <UnitTestResult executionId="8e3c0394-9e56-4c68-a1f7-35fbfa89416d" testId="57bcd0ca-050a-b275-e807-ded96d0587fe" testName="MSTest_P2_140" computerName="NAVB3" duration="00:00:00.0000806" startTime="2017-11-29T20:12:16.0590405+05:30" endTime="2017-11-29T20:12:16.0590405+05:30" testType="13cdc9d9-ddb5-4fa4-a97d-d965ccfc6d4b" outcome="Passed" testListId="8c84fa94-04c1-424b-9868-57a2d4851a1d" relativeResultsDirectory="8e3c0394-9e56-4c68-a1f7-35fbfa89416d" />
    <UnitTestResult executionId="c80fc98d-1586-4e4a-b034-903a8d122bed" testId="da64defb-3906-2b10-5011-37335c8d4ff1" testName="MSTest_P2_141" computerName="NAVB3" duration="00:00:00.0000824" startTime="2017-11-29T20:12:16.0590405+05:30" endTime="2017-11-29T20:12:16.0746668+05:30" testType="13cdc9d9-ddb5-4fa4-a97d-d965ccfc6d4b" outcome="Passed" testListId="8c84fa94-04c1-424b-9868-57a2d4851a1d" relativeResultsDirectory="c80fc98d-1586-4e4a-b034-903a8d122bed" />
    <UnitTestResult executionId="afdf63b1-3b13-4587-811e-e67834e0b6ef" testId="c3437a62-552a-ed54-b8f7-fcecde198474" testName="MSTest_P2_142" computerName="NAVB3" duration="00:00:00.0000941" startTime="2017-11-29T20:12:16.0746668+05:30" endTime="2017-11-29T20:12:16.0746668+05:30" testType="13cdc9d9-ddb5-4fa4-a97d-d965ccfc6d4b" outcome="Passed" testListId="8c84fa94-04c1-424b-9868-57a2d4851a1d" relativeResultsDirectory="afdf63b1-3b13-4587-811e-e67834e0b6ef" />
    <UnitTestResult executionId="dfc2ddd7-a5a4-4e59-bec9-ce644762317c" testId="1685dbe1-9f1c-2a95-90f9-ff921808fdad" testName="MSTest_P2_143" computerName="NAVB3" duration="00:00:00.0000806" startTime="2017-11-29T20:12:16.0746668+05:30" endTime="2017-11-29T20:12:16.0746668+05:30" testType="13cdc9d9-ddb5-4fa4-a97d-d965ccfc6d4b" outcome="Passed" testListId="8c84fa94-04c1-424b-9868-57a2d4851a1d" relativeResultsDirectory="dfc2ddd7-a5a4-4e59-bec9-ce644762317c" />
    <UnitTestResult executionId="c8daaa73-b545-4f4d-9c37-fc804a4c8950" testId="7227b3e2-e334-0aaa-fa61-7c29a4ebe86b" testName="MSTest_P2_144" computerName="NAVB3" duration="00:00:00.0000935" startTime="2017-11-29T20:12:16.0746668+05:30" endTime="2017-11-29T20:12:16.0746668+05:30" testType="13cdc9d9-ddb5-4fa4-a97d-d965ccfc6d4b" outcome="Passed" testListId="8c84fa94-04c1-424b-9868-57a2d4851a1d" relativeResultsDirectory="c8daaa73-b545-4f4d-9c37-fc804a4c8950" />
    <UnitTestResult executionId="fdac7c9f-5cc6-4ed7-9fb1-381c30e2fee6" testId="341643ad-55ad-fdb4-18ba-ece3bccc4431" testName="MSTest_P2_145" computerName="NAVB3" duration="00:00:00.0000932" startTime="2017-11-29T20:12:16.0746668+05:30" endTime="2017-11-29T20:12:16.0746668+05:30" testType="13cdc9d9-ddb5-4fa4-a97d-d965ccfc6d4b" outcome="Passed" testListId="8c84fa94-04c1-424b-9868-57a2d4851a1d" relativeResultsDirectory="fdac7c9f-5cc6-4ed7-9fb1-381c30e2fee6" />
    <UnitTestResult executionId="4df33f41-d3ae-4a96-aaaf-efd9a20d9e93" testId="4c7d6d90-1ebb-8c38-5ca6-20ae78ee870a" testName="MSTest_P2_146" computerName="NAVB3" duration="00:00:00.0000920" startTime="2017-11-29T20:12:16.0746668+05:30" endTime="2017-11-29T20:12:16.0746668+05:30" testType="13cdc9d9-ddb5-4fa4-a97d-d965ccfc6d4b" outcome="Passed" testListId="8c84fa94-04c1-424b-9868-57a2d4851a1d" relativeResultsDirectory="4df33f41-d3ae-4a96-aaaf-efd9a20d9e93" />
    <UnitTestResult executionId="7ff5b099-42c8-41ce-b2c8-5edeffebbfd9" testId="d092aa67-a9be-4767-c2e7-52ff796b3a92" testName="MSTest_P2_147" computerName="NAVB3" duration="00:00:00.0001029" startTime="2017-11-29T20:12:16.0746668+05:30" endTime="2017-11-29T20:12:16.0746668+05:30" testType="13cdc9d9-ddb5-4fa4-a97d-d965ccfc6d4b" outcome="Passed" testListId="8c84fa94-04c1-424b-9868-57a2d4851a1d" relativeResultsDirectory="7ff5b099-42c8-41ce-b2c8-5edeffebbfd9" />
    <UnitTestResult executionId="0687909c-9676-4803-8e83-5dcbbce07ce0" testId="6aeb39e9-dab2-1804-ca3c-8a8217081440" testName="MSTest_P2_148" computerName="NAVB3" duration="00:00:00.0000818" startTime="2017-11-29T20:12:16.0746668+05:30" endTime="2017-11-29T20:12:16.0746668+05:30" testType="13cdc9d9-ddb5-4fa4-a97d-d965ccfc6d4b" outcome="Passed" testListId="8c84fa94-04c1-424b-9868-57a2d4851a1d" relativeResultsDirectory="0687909c-9676-4803-8e83-5dcbbce07ce0" />
    <UnitTestResult executionId="52b1a9c5-d40d-43ac-b508-1df5228b29f8" testId="c7feaebf-9198-62e2-d84a-e46179321576" testName="MSTest_P2_149" computerName="NAVB3" duration="00:00:00.0000894" startTime="2017-11-29T20:12:16.0746668+05:30" endTime="2017-11-29T20:12:16.0746668+05:30" testType="13cdc9d9-ddb5-4fa4-a97d-d965ccfc6d4b" outcome="Passed" testListId="8c84fa94-04c1-424b-9868-57a2d4851a1d" relativeResultsDirectory="52b1a9c5-d40d-43ac-b508-1df5228b29f8" />
    <UnitTestResult executionId="85a15b43-87b6-49ba-bc4e-b3f45437375c" testId="c7b1f0e6-b20c-4656-f570-63b0a322af39" testName="MSTest_P2_150" computerName="NAVB3" duration="00:00:00.0000897" startTime="2017-11-29T20:12:16.0746668+05:30" endTime="2017-11-29T20:12:16.0746668+05:30" testType="13cdc9d9-ddb5-4fa4-a97d-d965ccfc6d4b" outcome="Passed" testListId="8c84fa94-04c1-424b-9868-57a2d4851a1d" relativeResultsDirectory="85a15b43-87b6-49ba-bc4e-b3f45437375c" />
    <UnitTestResult executionId="098473ca-4595-473a-b254-9e656c1d30fc" testId="ba601120-1d8a-05ea-533e-27048785ecd2" testName="MSTest_P2_151" computerName="NAVB3" duration="00:00:00.0000879" startTime="2017-11-29T20:12:16.0746668+05:30" endTime="2017-11-29T20:12:16.0746668+05:30" testType="13cdc9d9-ddb5-4fa4-a97d-d965ccfc6d4b" outcome="Passed" testListId="8c84fa94-04c1-424b-9868-57a2d4851a1d" relativeResultsDirectory="098473ca-4595-473a-b254-9e656c1d30fc" />
    <UnitTestResult executionId="60873aaf-abd3-4caf-80bf-610344e677ca" testId="800e376d-8447-b1c1-a59a-6bbdf67f99d3" testName="MSTest_P2_152" computerName="NAVB3" duration="00:00:00.0000856" startTime="2017-11-29T20:12:16.0746668+05:30" endTime="2017-11-29T20:12:16.0746668+05:30" testType="13cdc9d9-ddb5-4fa4-a97d-d965ccfc6d4b" outcome="Passed" testListId="8c84fa94-04c1-424b-9868-57a2d4851a1d" relativeResultsDirectory="60873aaf-abd3-4caf-80bf-610344e677ca" />
    <UnitTestResult executionId="4edac5e1-ed4c-4702-ab70-041b6985abe5" testId="be756dfa-b7b5-ad99-6695-714ebfe75552" testName="MSTest_P2_153" computerName="NAVB3" duration="00:00:00.0000809" startTime="2017-11-29T20:12:16.0746668+05:30" endTime="2017-11-29T20:12:16.0746668+05:30" testType="13cdc9d9-ddb5-4fa4-a97d-d965ccfc6d4b" outcome="Passed" testListId="8c84fa94-04c1-424b-9868-57a2d4851a1d" relativeResultsDirectory="4edac5e1-ed4c-4702-ab70-041b6985abe5" />
    <UnitTestResult executionId="c96d63d2-654c-418d-bc93-03ae3a96c963" testId="dcd5e115-f666-b3c0-1f2e-23ef0ff0a732" testName="MSTest_P2_154" computerName="NAVB3" duration="00:00:00.0000885" startTime="2017-11-29T20:12:16.0746668+05:30" endTime="2017-11-29T20:12:16.0746668+05:30" testType="13cdc9d9-ddb5-4fa4-a97d-d965ccfc6d4b" outcome="Passed" testListId="8c84fa94-04c1-424b-9868-57a2d4851a1d" relativeResultsDirectory="c96d63d2-654c-418d-bc93-03ae3a96c963" />
    <UnitTestResult executionId="4e7c3beb-8059-4d4f-b403-27fc6793fdd4" testId="4758b8c7-dd1b-ea54-9b32-61255bb7b2ee" testName="MSTest_P2_155" computerName="NAVB3" duration="00:00:00.0000912" startTime="2017-11-29T20:12:16.0746668+05:30" endTime="2017-11-29T20:12:16.0746668+05:30" testType="13cdc9d9-ddb5-4fa4-a97d-d965ccfc6d4b" outcome="Passed" testListId="8c84fa94-04c1-424b-9868-57a2d4851a1d" relativeResultsDirectory="4e7c3beb-8059-4d4f-b403-27fc6793fdd4" />
    <UnitTestResult executionId="a70420a9-893a-4c2f-8241-5a202490ea77" testId="2fff50bd-e523-bbea-2dad-8cb56239ed43" testName="MSTest_P2_156" computerName="NAVB3" duration="00:00:00.0001005" startTime="2017-11-29T20:12:16.0746668+05:30" endTime="2017-11-29T20:12:16.0746668+05:30" testType="13cdc9d9-ddb5-4fa4-a97d-d965ccfc6d4b" outcome="Passed" testListId="8c84fa94-04c1-424b-9868-57a2d4851a1d" relativeResultsDirectory="a70420a9-893a-4c2f-8241-5a202490ea77" />
    <UnitTestResult executionId="d615253b-e3c5-4d08-927a-e3780d4fc7ec" testId="3f7e344f-2ac5-e9c1-c15b-3351e575b864" testName="MSTest_P2_157" computerName="NAVB3" duration="00:00:00.0000909" startTime="2017-11-29T20:12:16.0746668+05:30" endTime="2017-11-29T20:12:16.0746668+05:30" testType="13cdc9d9-ddb5-4fa4-a97d-d965ccfc6d4b" outcome="Passed" testListId="8c84fa94-04c1-424b-9868-57a2d4851a1d" relativeResultsDirectory="d615253b-e3c5-4d08-927a-e3780d4fc7ec" />
    <UnitTestResult executionId="426df2b8-2cf0-499f-9d3b-c6de27b695f5" testId="1b49c08b-32cf-4465-2415-0716b4f9d1dc" testName="MSTest_P2_158" computerName="NAVB3" duration="00:00:00.0000897" startTime="2017-11-29T20:12:16.0746668+05:30" endTime="2017-11-29T20:12:16.0746668+05:30" testType="13cdc9d9-ddb5-4fa4-a97d-d965ccfc6d4b" outcome="Passed" testListId="8c84fa94-04c1-424b-9868-57a2d4851a1d" relativeResultsDirectory="426df2b8-2cf0-499f-9d3b-c6de27b695f5" />
    <UnitTestResult executionId="7a1e0ee5-ff8c-45a3-a409-c6bea44a30ad" testId="825f865b-478d-d1c8-2ac4-a7befc0ac424" testName="MSTest_P2_159" computerName="NAVB3" duration="00:00:00.0000900" startTime="2017-11-29T20:12:16.0746668+05:30" endTime="2017-11-29T20:12:16.0746668+05:30" testType="13cdc9d9-ddb5-4fa4-a97d-d965ccfc6d4b" outcome="Passed" testListId="8c84fa94-04c1-424b-9868-57a2d4851a1d" relativeResultsDirectory="7a1e0ee5-ff8c-45a3-a409-c6bea44a30ad" />
    <UnitTestResult executionId="8ffc2310-b8a4-4e02-9a7d-880ad64507ee" testId="29c7ac91-4e62-f459-d5d6-91ca9bee8817" testName="MSTest_P2_160" computerName="NAVB3" duration="00:00:00.0000894" startTime="2017-11-29T20:12:16.0746668+05:30" endTime="2017-11-29T20:12:16.0746668+05:30" testType="13cdc9d9-ddb5-4fa4-a97d-d965ccfc6d4b" outcome="Passed" testListId="8c84fa94-04c1-424b-9868-57a2d4851a1d" relativeResultsDirectory="8ffc2310-b8a4-4e02-9a7d-880ad64507ee" />
    <UnitTestResult executionId="6dcf50e6-2411-47e6-befd-fe915a9395cf" testId="6641a4e9-3fe6-7f29-b4a1-efa288cf1fad" testName="MSTest_P2_161" computerName="NAVB3" duration="00:00:00.0000900" startTime="2017-11-29T20:12:16.0746668+05:30" endTime="2017-11-29T20:12:16.0746668+05:30" testType="13cdc9d9-ddb5-4fa4-a97d-d965ccfc6d4b" outcome="Passed" testListId="8c84fa94-04c1-424b-9868-57a2d4851a1d" relativeResultsDirectory="6dcf50e6-2411-47e6-befd-fe915a9395cf" />
    <UnitTestResult executionId="7f1f4234-3936-4ed0-ac04-b31fad95eae1" testId="4382419f-13f7-0845-003b-916b2981c71a" testName="MSTest_P2_162" computerName="NAVB3" duration="00:00:00.0000909" startTime="2017-11-29T20:12:16.0746668+05:30" endTime="2017-11-29T20:12:16.0746668+05:30" testType="13cdc9d9-ddb5-4fa4-a97d-d965ccfc6d4b" outcome="Passed" testListId="8c84fa94-04c1-424b-9868-57a2d4851a1d" relativeResultsDirectory="7f1f4234-3936-4ed0-ac04-b31fad95eae1" />
    <UnitTestResult executionId="fdd09819-3fa1-447c-b390-4a52cce33012" testId="be1b6951-253c-0819-087b-82ed5331132b" testName="MSTest_P2_163" computerName="NAVB3" duration="00:00:00.0000900" startTime="2017-11-29T20:12:16.0746668+05:30" endTime="2017-11-29T20:12:16.0746668+05:30" testType="13cdc9d9-ddb5-4fa4-a97d-d965ccfc6d4b" outcome="Passed" testListId="8c84fa94-04c1-424b-9868-57a2d4851a1d" relativeResultsDirectory="fdd09819-3fa1-447c-b390-4a52cce33012" />
    <UnitTestResult executionId="e19d9b28-d63b-47e3-b65a-a065a09abac3" testId="67cc3065-555c-f5aa-0cc2-37a5adf97462" testName="MSTest_P2_164" computerName="NAVB3" duration="00:00:00.0000838" startTime="2017-11-29T20:12:16.0746668+05:30" endTime="2017-11-29T20:12:16.0746668+05:30" testType="13cdc9d9-ddb5-4fa4-a97d-d965ccfc6d4b" outcome="Passed" testListId="8c84fa94-04c1-424b-9868-57a2d4851a1d" relativeResultsDirectory="e19d9b28-d63b-47e3-b65a-a065a09abac3" />
    <UnitTestResult executionId="51ce5591-5435-43a0-8891-b912126e490d" testId="00120dea-7622-88ad-3f22-a370349f1818" testName="MSTest_P2_165" computerName="NAVB3" duration="00:00:00.0000829" startTime="2017-11-29T20:12:16.0746668+05:30" endTime="2017-11-29T20:12:16.0746668+05:30" testType="13cdc9d9-ddb5-4fa4-a97d-d965ccfc6d4b" outcome="Passed" testListId="8c84fa94-04c1-424b-9868-57a2d4851a1d" relativeResultsDirectory="51ce5591-5435-43a0-8891-b912126e490d" />
    <UnitTestResult executionId="37e3aedb-a917-4789-8353-6d00431d26e3" testId="3c5b1a9e-c8b2-65c9-34cd-2a1c54be71ab" testName="MSTest_P2_166" computerName="NAVB3" duration="00:00:00.0000832" startTime="2017-11-29T20:12:16.0746668+05:30" endTime="2017-11-29T20:12:16.0746668+05:30" testType="13cdc9d9-ddb5-4fa4-a97d-d965ccfc6d4b" outcome="Passed" testListId="8c84fa94-04c1-424b-9868-57a2d4851a1d" relativeResultsDirectory="37e3aedb-a917-4789-8353-6d00431d26e3" />
    <UnitTestResult executionId="13c1f020-ffb1-40ca-a22a-64d27bd30ed3" testId="c6fb0d07-8065-f29e-c772-055a9d010e16" testName="MSTest_P2_167" computerName="NAVB3" duration="00:00:00.0000835" startTime="2017-11-29T20:12:16.0746668+05:30" endTime="2017-11-29T20:12:16.0746668+05:30" testType="13cdc9d9-ddb5-4fa4-a97d-d965ccfc6d4b" outcome="Passed" testListId="8c84fa94-04c1-424b-9868-57a2d4851a1d" relativeResultsDirectory="13c1f020-ffb1-40ca-a22a-64d27bd30ed3" />
    <UnitTestResult executionId="c3f2c2aa-0969-4f19-821c-49ae42aee98f" testId="54177842-3e52-de32-f3fa-d7af1a4fc4f9" testName="MSTest_P2_168" computerName="NAVB3" duration="00:00:00.0000835" startTime="2017-11-29T20:12:16.0746668+05:30" endTime="2017-11-29T20:12:16.0746668+05:30" testType="13cdc9d9-ddb5-4fa4-a97d-d965ccfc6d4b" outcome="Passed" testListId="8c84fa94-04c1-424b-9868-57a2d4851a1d" relativeResultsDirectory="c3f2c2aa-0969-4f19-821c-49ae42aee98f" />
    <UnitTestResult executionId="2eb93bcf-0a1f-40c9-b290-56ede8c8aa31" testId="bd9be175-3f11-e2af-e478-5a99233fd72f" testName="MSTest_P2_169" computerName="NAVB3" duration="00:00:00.0000826" startTime="2017-11-29T20:12:16.0746668+05:30" endTime="2017-11-29T20:12:16.0746668+05:30" testType="13cdc9d9-ddb5-4fa4-a97d-d965ccfc6d4b" outcome="Passed" testListId="8c84fa94-04c1-424b-9868-57a2d4851a1d" relativeResultsDirectory="2eb93bcf-0a1f-40c9-b290-56ede8c8aa31" />
    <UnitTestResult executionId="1ce5ac1d-f9bf-443f-94c0-12ea446a083a" testId="5207ba34-ff73-e996-4133-2d057c8d5ad1" testName="MSTest_P2_170" computerName="NAVB3" duration="00:00:00.0000821" startTime="2017-11-29T20:12:16.0746668+05:30" endTime="2017-11-29T20:12:16.0746668+05:30" testType="13cdc9d9-ddb5-4fa4-a97d-d965ccfc6d4b" outcome="Passed" testListId="8c84fa94-04c1-424b-9868-57a2d4851a1d" relativeResultsDirectory="1ce5ac1d-f9bf-443f-94c0-12ea446a083a" />
    <UnitTestResult executionId="3ba20df8-3c68-48fb-acf9-b8eaf324e2ab" testId="266c1673-c18f-1799-f292-dae45c9faeb0" testName="MSTest_P2_01" computerName="NAVB3" duration="00:00:00.0000835" startTime="2017-11-29T20:12:16.0746668+05:30" endTime="2017-11-29T20:12:16.0746668+05:30" testType="13cdc9d9-ddb5-4fa4-a97d-d965ccfc6d4b" outcome="Passed" testListId="8c84fa94-04c1-424b-9868-57a2d4851a1d" relativeResultsDirectory="3ba20df8-3c68-48fb-acf9-b8eaf324e2ab" />
    <UnitTestResult executionId="73e5ee08-facd-48c6-afff-48e0cbd979c5" testId="4dcc34f5-2e20-7f83-e900-3de41873f6a4" testName="MSTest_P2_02" computerName="NAVB3" duration="00:00:00.0000844" startTime="2017-11-29T20:12:16.0746668+05:30" endTime="2017-11-29T20:12:16.0746668+05:30" testType="13cdc9d9-ddb5-4fa4-a97d-d965ccfc6d4b" outcome="Passed" testListId="8c84fa94-04c1-424b-9868-57a2d4851a1d" relativeResultsDirectory="73e5ee08-facd-48c6-afff-48e0cbd979c5" />
    <UnitTestResult executionId="09c910ce-e29c-44f0-add0-b01ad6d73bbf" testId="5bf2f827-a694-5c40-9e1c-9ae629007eed" testName="MSTest_P2_03" computerName="NAVB3" duration="00:00:00.0000826" startTime="2017-11-29T20:12:16.0746668+05:30" endTime="2017-11-29T20:12:16.0746668+05:30" testType="13cdc9d9-ddb5-4fa4-a97d-d965ccfc6d4b" outcome="Passed" testListId="8c84fa94-04c1-424b-9868-57a2d4851a1d" relativeResultsDirectory="09c910ce-e29c-44f0-add0-b01ad6d73bbf" />
    <UnitTestResult executionId="0b70e73b-2bf7-4927-a65c-ef3fbbd0a6e2" testId="dbdd8738-f971-2ac4-1f4f-b334ef243188" testName="MSTest_P2_04" computerName="NAVB3" duration="00:00:00.0000812" startTime="2017-11-29T20:12:16.0746668+05:30" endTime="2017-11-29T20:12:16.0746668+05:30" testType="13cdc9d9-ddb5-4fa4-a97d-d965ccfc6d4b" outcome="Passed" testListId="8c84fa94-04c1-424b-9868-57a2d4851a1d" relativeResultsDirectory="0b70e73b-2bf7-4927-a65c-ef3fbbd0a6e2" />
    <UnitTestResult executionId="0b446aa0-c206-48df-aa17-56e474cf3c08" testId="04bd6ec9-2d65-7664-c334-46c83b945990" testName="MSTest_P2_05" computerName="NAVB3" duration="00:00:00.0000832" startTime="2017-11-29T20:12:16.0746668+05:30" endTime="2017-11-29T20:12:16.0746668+05:30" testType="13cdc9d9-ddb5-4fa4-a97d-d965ccfc6d4b" outcome="Passed" testListId="8c84fa94-04c1-424b-9868-57a2d4851a1d" relativeResultsDirectory="0b446aa0-c206-48df-aa17-56e474cf3c08" />
    <UnitTestResult executionId="32799fa6-b265-45b5-8f59-754c35e4587d" testId="36047bf0-906f-2972-04b9-54bf22739225" testName="MSTest_P2_06" computerName="NAVB3" duration="00:00:00.0000885" startTime="2017-11-29T20:12:16.0746668+05:30" endTime="2017-11-29T20:12:16.0746668+05:30" testType="13cdc9d9-ddb5-4fa4-a97d-d965ccfc6d4b" outcome="Passed" testListId="8c84fa94-04c1-424b-9868-57a2d4851a1d" relativeResultsDirectory="32799fa6-b265-45b5-8f59-754c35e4587d" />
    <UnitTestResult executionId="03eef63f-bb89-49c4-b50e-8f7e384a2591" testId="a1e89a98-a76b-73b6-16aa-d82d2430a368" testName="MSTest_P2_07" computerName="NAVB3" duration="00:00:00.0000885" startTime="2017-11-29T20:12:16.0746668+05:30" endTime="2017-11-29T20:12:16.0746668+05:30" testType="13cdc9d9-ddb5-4fa4-a97d-d965ccfc6d4b" outcome="Passed" testListId="8c84fa94-04c1-424b-9868-57a2d4851a1d" relativeResultsDirectory="03eef63f-bb89-49c4-b50e-8f7e384a2591" />
    <UnitTestResult executionId="e1674582-18f5-4e06-b961-f1702c9779c0" testId="fa72d82c-ff06-ed3e-fe4c-28ba5a65c72a" testName="MSTest_P2_08" computerName="NAVB3" duration="00:00:00.0000909" startTime="2017-11-29T20:12:16.0746668+05:30" endTime="2017-11-29T20:12:16.0746668+05:30" testType="13cdc9d9-ddb5-4fa4-a97d-d965ccfc6d4b" outcome="Passed" testListId="8c84fa94-04c1-424b-9868-57a2d4851a1d" relativeResultsDirectory="e1674582-18f5-4e06-b961-f1702c9779c0" />
    <UnitTestResult executionId="c406efda-3317-43d5-90db-45613f589753" testId="97b1f011-5b3f-3448-cf2c-c730ad856ce3" testName="MSTest_P2_09" computerName="NAVB3" duration="00:00:00.0000894" startTime="2017-11-29T20:12:16.0746668+05:30" endTime="2017-11-29T20:12:16.0746668+05:30" testType="13cdc9d9-ddb5-4fa4-a97d-d965ccfc6d4b" outcome="Passed" testListId="8c84fa94-04c1-424b-9868-57a2d4851a1d" relativeResultsDirectory="c406efda-3317-43d5-90db-45613f589753" />
    <UnitTestResult executionId="43f9f7ef-d16f-452a-8c0b-2e642129ccb0" testId="d9c88791-a31f-50fb-edfa-0553db7632a5" testName="MSTest_P2_10" computerName="NAVB3" duration="00:00:00.0000885" startTime="2017-11-29T20:12:16.0746668+05:30" endTime="2017-11-29T20:12:16.0746668+05:30" testType="13cdc9d9-ddb5-4fa4-a97d-d965ccfc6d4b" outcome="Passed" testListId="8c84fa94-04c1-424b-9868-57a2d4851a1d" relativeResultsDirectory="43f9f7ef-d16f-452a-8c0b-2e642129ccb0" />
    <UnitTestResult executionId="681abbee-ab59-4f76-8016-98459b2a03c8" testId="c05cf843-a216-7fb4-27dd-aef083160757" testName="MSTest_P2_11" computerName="NAVB3" duration="00:00:00.0000888" startTime="2017-11-29T20:12:16.0746668+05:30" endTime="2017-11-29T20:12:16.0746668+05:30" testType="13cdc9d9-ddb5-4fa4-a97d-d965ccfc6d4b" outcome="Passed" testListId="8c84fa94-04c1-424b-9868-57a2d4851a1d" relativeResultsDirectory="681abbee-ab59-4f76-8016-98459b2a03c8" />
    <UnitTestResult executionId="02916ca4-64a1-4644-9281-8af0ac80ba5b" testId="031cd14d-90fd-cff5-0f2d-a9b616527c02" testName="MSTest_P2_12" computerName="NAVB3" duration="00:00:00.0000894" startTime="2017-11-29T20:12:16.0746668+05:30" endTime="2017-11-29T20:12:16.0746668+05:30" testType="13cdc9d9-ddb5-4fa4-a97d-d965ccfc6d4b" outcome="Passed" testListId="8c84fa94-04c1-424b-9868-57a2d4851a1d" relativeResultsDirectory="02916ca4-64a1-4644-9281-8af0ac80ba5b" />
    <UnitTestResult executionId="28bb5ebe-4842-43a8-9f56-31f2bef89af4" testId="f02c4b37-2d35-e127-ed31-a1360b6b386f" testName="MSTest_P2_13" computerName="NAVB3" duration="00:00:00.0000888" startTime="2017-11-29T20:12:16.0746668+05:30" endTime="2017-11-29T20:12:16.0746668+05:30" testType="13cdc9d9-ddb5-4fa4-a97d-d965ccfc6d4b" outcome="Passed" testListId="8c84fa94-04c1-424b-9868-57a2d4851a1d" relativeResultsDirectory="28bb5ebe-4842-43a8-9f56-31f2bef89af4" />
    <UnitTestResult executionId="79707c23-cb49-48df-ba72-87d66ed5f19d" testId="aea9b725-6b91-83a7-24ed-fba9aecaea7d" testName="MSTest_P2_14" computerName="NAVB3" duration="00:00:00.0000885" startTime="2017-11-29T20:12:16.0746668+05:30" endTime="2017-11-29T20:12:16.0746668+05:30" testType="13cdc9d9-ddb5-4fa4-a97d-d965ccfc6d4b" outcome="Passed" testListId="8c84fa94-04c1-424b-9868-57a2d4851a1d" relativeResultsDirectory="79707c23-cb49-48df-ba72-87d66ed5f19d" />
    <UnitTestResult executionId="b0a16ee2-34e9-4409-b146-d36629201205" testId="4cc89ad0-e24a-4039-f296-387b2c4c908d" testName="MSTest_P2_15" computerName="NAVB3" duration="00:00:00.0000876" startTime="2017-11-29T20:12:16.0746668+05:30" endTime="2017-11-29T20:12:16.0746668+05:30" testType="13cdc9d9-ddb5-4fa4-a97d-d965ccfc6d4b" outcome="Passed" testListId="8c84fa94-04c1-424b-9868-57a2d4851a1d" relativeResultsDirectory="b0a16ee2-34e9-4409-b146-d36629201205" />
    <UnitTestResult executionId="a9e639ec-db6c-44c9-a957-1b25c9fff3d6" testId="3e8618fb-d9c2-89e4-b68f-23c09de3774f" testName="MSTest_P2_16" computerName="NAVB3" duration="00:00:00.0000894" startTime="2017-11-29T20:12:16.0746668+05:30" endTime="2017-11-29T20:12:16.0746668+05:30" testType="13cdc9d9-ddb5-4fa4-a97d-d965ccfc6d4b" outcome="Passed" testListId="8c84fa94-04c1-424b-9868-57a2d4851a1d" relativeResultsDirectory="a9e639ec-db6c-44c9-a957-1b25c9fff3d6" />
    <UnitTestResult executionId="d09e9655-4102-428e-9ee1-b814d8d24add" testId="a7878fba-8233-46a1-465f-b16492f8d563" testName="MSTest_P2_17" computerName="NAVB3" duration="00:00:00.0000888" startTime="2017-11-29T20:12:16.0746668+05:30" endTime="2017-11-29T20:12:16.0746668+05:30" testType="13cdc9d9-ddb5-4fa4-a97d-d965ccfc6d4b" outcome="Passed" testListId="8c84fa94-04c1-424b-9868-57a2d4851a1d" relativeResultsDirectory="d09e9655-4102-428e-9ee1-b814d8d24add" />
    <UnitTestResult executionId="331a15bd-69f7-46d1-b578-a660c60c03ad" testId="594e7349-f67d-b54a-3ff1-32e7d00732d0" testName="MSTest_P2_18" computerName="NAVB3" duration="00:00:00.0000894" startTime="2017-11-29T20:12:16.0746668+05:30" endTime="2017-11-29T20:12:16.0746668+05:30" testType="13cdc9d9-ddb5-4fa4-a97d-d965ccfc6d4b" outcome="Passed" testListId="8c84fa94-04c1-424b-9868-57a2d4851a1d" relativeResultsDirectory="331a15bd-69f7-46d1-b578-a660c60c03ad" />
    <UnitTestResult executionId="b2455bf6-8c20-4103-86e5-afb4cd27f01d" testId="0600cf9e-1d21-dc00-6774-436608f5ef65" testName="MSTest_P2_19" computerName="NAVB3" duration="00:00:00.0000894" startTime="2017-11-29T20:12:16.0746668+05:30" endTime="2017-11-29T20:12:16.0746668+05:30" testType="13cdc9d9-ddb5-4fa4-a97d-d965ccfc6d4b" outcome="Passed" testListId="8c84fa94-04c1-424b-9868-57a2d4851a1d" relativeResultsDirectory="b2455bf6-8c20-4103-86e5-afb4cd27f01d" />
    <UnitTestResult executionId="42789015-3a67-4957-ae1f-8a9065aae8c4" testId="6823f43f-237c-e909-3a18-05eff59f5e15" testName="MSTest_P2_20" computerName="NAVB3" duration="00:00:00.0000894" startTime="2017-11-29T20:12:16.0746668+05:30" endTime="2017-11-29T20:12:16.0746668+05:30" testType="13cdc9d9-ddb5-4fa4-a97d-d965ccfc6d4b" outcome="Passed" testListId="8c84fa94-04c1-424b-9868-57a2d4851a1d" relativeResultsDirectory="42789015-3a67-4957-ae1f-8a9065aae8c4" />
    <UnitTestResult executionId="848e0abf-03af-4f5e-8ce0-b27f366fc971" testId="c0313b89-fd8f-a6a5-6269-7c2f8313d3f8" testName="MSTest_P2_21" computerName="NAVB3" duration="00:00:00.0000897" startTime="2017-11-29T20:12:16.0746668+05:30" endTime="2017-11-29T20:12:16.0746668+05:30" testType="13cdc9d9-ddb5-4fa4-a97d-d965ccfc6d4b" outcome="Passed" testListId="8c84fa94-04c1-424b-9868-57a2d4851a1d" relativeResultsDirectory="848e0abf-03af-4f5e-8ce0-b27f366fc971" />
    <UnitTestResult executionId="8e3c416c-e512-4d6b-a1f8-9451de7756c7" testId="717bd1e2-dd57-8b5a-9066-9060a27b508d" testName="MSTest_P2_22" computerName="NAVB3" duration="00:00:00.0000897" startTime="2017-11-29T20:12:16.0746668+05:30" endTime="2017-11-29T20:12:16.0746668+05:30" testType="13cdc9d9-ddb5-4fa4-a97d-d965ccfc6d4b" outcome="Passed" testListId="8c84fa94-04c1-424b-9868-57a2d4851a1d" relativeResultsDirectory="8e3c416c-e512-4d6b-a1f8-9451de7756c7" />
    <UnitTestResult executionId="6f58fd5e-9de0-40fd-a753-f78893cda3be" testId="46223da2-1af1-111c-e434-95d68baf71e9" testName="MSTest_P2_23" computerName="NAVB3" duration="00:00:00.0000891" startTime="2017-11-29T20:12:16.0746668+05:30" endTime="2017-11-29T20:12:16.0746668+05:30" testType="13cdc9d9-ddb5-4fa4-a97d-d965ccfc6d4b" outcome="Passed" testListId="8c84fa94-04c1-424b-9868-57a2d4851a1d" relativeResultsDirectory="6f58fd5e-9de0-40fd-a753-f78893cda3be" />
    <UnitTestResult executionId="ac7144cd-4913-4cdd-9a52-4c2713ee1b76" testId="4c0fed65-2528-7458-3c00-153a4778437c" testName="MSTest_P2_24" computerName="NAVB3" duration="00:00:00.0000897" startTime="2017-11-29T20:12:16.0746668+05:30" endTime="2017-11-29T20:12:16.0746668+05:30" testType="13cdc9d9-ddb5-4fa4-a97d-d965ccfc6d4b" outcome="Passed" testListId="8c84fa94-04c1-424b-9868-57a2d4851a1d" relativeResultsDirectory="ac7144cd-4913-4cdd-9a52-4c2713ee1b76" />
    <UnitTestResult executionId="f1fb5b4f-16a2-400a-a403-e8f6499466b6" testId="f6478a14-0781-a840-1331-60ec0ea84836" testName="MSTest_P2_25" computerName="NAVB3" duration="00:00:00.0000955" startTime="2017-11-29T20:12:16.0746668+05:30" endTime="2017-11-29T20:12:16.0902904+05:30" testType="13cdc9d9-ddb5-4fa4-a97d-d965ccfc6d4b" outcome="Passed" testListId="8c84fa94-04c1-424b-9868-57a2d4851a1d" relativeResultsDirectory="f1fb5b4f-16a2-400a-a403-e8f6499466b6" />
    <UnitTestResult executionId="02b3321b-1228-4815-bca3-5d14961e2f48" testId="209e8c12-8f87-634b-aabf-f55790bff9e4" testName="MSTest_P2_26" computerName="NAVB3" duration="00:00:00.0000967" startTime="2017-11-29T20:12:16.0902904+05:30" endTime="2017-11-29T20:12:16.0902904+05:30" testType="13cdc9d9-ddb5-4fa4-a97d-d965ccfc6d4b" outcome="Passed" testListId="8c84fa94-04c1-424b-9868-57a2d4851a1d" relativeResultsDirectory="02b3321b-1228-4815-bca3-5d14961e2f48" />
    <UnitTestResult executionId="d44a4218-7c7e-475f-88f5-95d19e552612" testId="450c4c4f-dd64-c052-a58d-0f321e9a4ab5" testName="MSTest_P2_27" computerName="NAVB3" duration="00:00:00.0000979" startTime="2017-11-29T20:12:16.0902904+05:30" endTime="2017-11-29T20:12:16.0902904+05:30" testType="13cdc9d9-ddb5-4fa4-a97d-d965ccfc6d4b" outcome="Passed" testListId="8c84fa94-04c1-424b-9868-57a2d4851a1d" relativeResultsDirectory="d44a4218-7c7e-475f-88f5-95d19e552612" />
    <UnitTestResult executionId="9768a11f-9470-4797-8e6a-a8264f43cd20" testId="79431802-2d85-13b8-ab61-67a85be3995c" testName="MSTest_P2_28" computerName="NAVB3" duration="00:00:00.0000953" startTime="2017-11-29T20:12:16.0902904+05:30" endTime="2017-11-29T20:12:16.0902904+05:30" testType="13cdc9d9-ddb5-4fa4-a97d-d965ccfc6d4b" outcome="Passed" testListId="8c84fa94-04c1-424b-9868-57a2d4851a1d" relativeResultsDirectory="9768a11f-9470-4797-8e6a-a8264f43cd20" />
    <UnitTestResult executionId="ab9b7e19-7bcc-4f0a-8c4c-7437a9d1b223" testId="2e9a08db-93e4-a0b0-2823-9687580ea111" testName="MSTest_P2_29" computerName="NAVB3" duration="00:00:00.0000938" startTime="2017-11-29T20:12:16.0902904+05:30" endTime="2017-11-29T20:12:16.0902904+05:30" testType="13cdc9d9-ddb5-4fa4-a97d-d965ccfc6d4b" outcome="Passed" testListId="8c84fa94-04c1-424b-9868-57a2d4851a1d" relativeResultsDirectory="ab9b7e19-7bcc-4f0a-8c4c-7437a9d1b223" />
    <UnitTestResult executionId="ae169714-7802-4dd1-80af-71dee03d78a6" testId="c6a1a0c6-0543-e043-6574-7026d074da5a" testName="MSTest_P2_30" computerName="NAVB3" duration="00:00:00.0000832" startTime="2017-11-29T20:12:16.0902904+05:30" endTime="2017-11-29T20:12:16.0902904+05:30" testType="13cdc9d9-ddb5-4fa4-a97d-d965ccfc6d4b" outcome="Passed" testListId="8c84fa94-04c1-424b-9868-57a2d4851a1d" relativeResultsDirectory="ae169714-7802-4dd1-80af-71dee03d78a6" />
    <UnitTestResult executionId="57061491-00f6-451b-925c-d9f16ddb88a5" testId="832e72e0-cf72-177f-4b57-b8a6c410d77d" testName="MSTest_P2_31" computerName="NAVB3" duration="00:00:00.0000832" startTime="2017-11-29T20:12:16.0902904+05:30" endTime="2017-11-29T20:12:16.0902904+05:30" testType="13cdc9d9-ddb5-4fa4-a97d-d965ccfc6d4b" outcome="Passed" testListId="8c84fa94-04c1-424b-9868-57a2d4851a1d" relativeResultsDirectory="57061491-00f6-451b-925c-d9f16ddb88a5" />
    <UnitTestResult executionId="ca8d86fa-eeb6-4551-bf9d-857519d4b9c7" testId="af18c65a-6dab-963c-ae11-ca606f9ec716" testName="MSTest_P2_32" computerName="NAVB3" duration="00:00:00.0000832" startTime="2017-11-29T20:12:16.0902904+05:30" endTime="2017-11-29T20:12:16.0902904+05:30" testType="13cdc9d9-ddb5-4fa4-a97d-d965ccfc6d4b" outcome="Passed" testListId="8c84fa94-04c1-424b-9868-57a2d4851a1d" relativeResultsDirectory="ca8d86fa-eeb6-4551-bf9d-857519d4b9c7" />
    <UnitTestResult executionId="c1d435b8-235e-4522-8195-c4bb75a17b69" testId="71ea535e-e323-ac42-effa-861c728b9432" testName="MSTest_P2_33" computerName="NAVB3" duration="00:00:00.0000835" startTime="2017-11-29T20:12:16.0902904+05:30" endTime="2017-11-29T20:12:16.0902904+05:30" testType="13cdc9d9-ddb5-4fa4-a97d-d965ccfc6d4b" outcome="Passed" testListId="8c84fa94-04c1-424b-9868-57a2d4851a1d" relativeResultsDirectory="c1d435b8-235e-4522-8195-c4bb75a17b69" />
    <UnitTestResult executionId="27775c2c-1d0c-4791-add8-6efbdb0e10b7" testId="a7789761-e712-36f0-3d13-cb2a7e42aa93" testName="MSTest_P2_34" computerName="NAVB3" duration="00:00:00.0000832" startTime="2017-11-29T20:12:16.0902904+05:30" endTime="2017-11-29T20:12:16.0902904+05:30" testType="13cdc9d9-ddb5-4fa4-a97d-d965ccfc6d4b" outcome="Passed" testListId="8c84fa94-04c1-424b-9868-57a2d4851a1d" relativeResultsDirectory="27775c2c-1d0c-4791-add8-6efbdb0e10b7" />
    <UnitTestResult executionId="8dbb61fd-c779-4672-8674-b86339fc7b87" testId="48bba266-5231-49e4-88d1-691c91359319" testName="MSTest_P2_35" computerName="NAVB3" duration="00:00:00.0000832" startTime="2017-11-29T20:12:16.0902904+05:30" endTime="2017-11-29T20:12:16.0902904+05:30" testType="13cdc9d9-ddb5-4fa4-a97d-d965ccfc6d4b" outcome="Passed" testListId="8c84fa94-04c1-424b-9868-57a2d4851a1d" relativeResultsDirectory="8dbb61fd-c779-4672-8674-b86339fc7b87" />
    <UnitTestResult executionId="c8cd725f-ff83-4efc-9f1a-1465d276343a" testId="a5766b4c-0dc0-04ea-2ded-12460a086d5f" testName="MSTest_P2_36" computerName="NAVB3" duration="00:00:00.0000824" startTime="2017-11-29T20:12:16.0902904+05:30" endTime="2017-11-29T20:12:16.0902904+05:30" testType="13cdc9d9-ddb5-4fa4-a97d-d965ccfc6d4b" outcome="Passed" testListId="8c84fa94-04c1-424b-9868-57a2d4851a1d" relativeResultsDirectory="c8cd725f-ff83-4efc-9f1a-1465d276343a" />
    <UnitTestResult executionId="52d59d54-bf15-4d5f-8b80-dd3091ae9e87" testId="a8e7e1f1-4bf2-014f-d2e4-4938a7f4e81c" testName="MSTest_P2_37" computerName="NAVB3" duration="00:00:00.0000824" startTime="2017-11-29T20:12:16.0902904+05:30" endTime="2017-11-29T20:12:16.0902904+05:30" testType="13cdc9d9-ddb5-4fa4-a97d-d965ccfc6d4b" outcome="Passed" testListId="8c84fa94-04c1-424b-9868-57a2d4851a1d" relativeResultsDirectory="52d59d54-bf15-4d5f-8b80-dd3091ae9e87" />
    <UnitTestResult executionId="09dceae3-e5f9-4179-9a0f-996572bf0eb0" testId="f02d8dd0-31af-bb80-f1c4-f378ce56b784" testName="MSTest_P2_38" computerName="NAVB3" duration="00:00:00.0000826" startTime="2017-11-29T20:12:16.0902904+05:30" endTime="2017-11-29T20:12:16.0902904+05:30" testType="13cdc9d9-ddb5-4fa4-a97d-d965ccfc6d4b" outcome="Passed" testListId="8c84fa94-04c1-424b-9868-57a2d4851a1d" relativeResultsDirectory="09dceae3-e5f9-4179-9a0f-996572bf0eb0" />
    <UnitTestResult executionId="e3a77421-8f3c-431c-9afe-19d0a2d0f472" testId="2520ece5-6d09-2a4f-6a86-aaceeae65ffd" testName="MSTest_P2_39" computerName="NAVB3" duration="00:00:00.0000832" startTime="2017-11-29T20:12:16.0902904+05:30" endTime="2017-11-29T20:12:16.0902904+05:30" testType="13cdc9d9-ddb5-4fa4-a97d-d965ccfc6d4b" outcome="Passed" testListId="8c84fa94-04c1-424b-9868-57a2d4851a1d" relativeResultsDirectory="e3a77421-8f3c-431c-9afe-19d0a2d0f472" />
    <UnitTestResult executionId="d9cace22-ee41-4be0-baa3-fb0b56e75eeb" testId="e449c253-e685-88dc-b9a2-4cb435a6f8c9" testName="MSTest_P2_40" computerName="NAVB3" duration="00:00:00.0000821" startTime="2017-11-29T20:12:16.0902904+05:30" endTime="2017-11-29T20:12:16.0902904+05:30" testType="13cdc9d9-ddb5-4fa4-a97d-d965ccfc6d4b" outcome="Passed" testListId="8c84fa94-04c1-424b-9868-57a2d4851a1d" relativeResultsDirectory="d9cace22-ee41-4be0-baa3-fb0b56e75eeb" />
    <UnitTestResult executionId="e09c1bac-9e9b-4606-9f2e-03a4121c982f" testId="910e3c4e-91ca-5a52-25c0-efa52d0d7125" testName="MSTest_P2_41" computerName="NAVB3" duration="00:00:00.0000815" startTime="2017-11-29T20:12:16.0902904+05:30" endTime="2017-11-29T20:12:16.0902904+05:30" testType="13cdc9d9-ddb5-4fa4-a97d-d965ccfc6d4b" outcome="Passed" testListId="8c84fa94-04c1-424b-9868-57a2d4851a1d" relativeResultsDirectory="e09c1bac-9e9b-4606-9f2e-03a4121c982f" />
    <UnitTestResult executionId="d4dff9e8-35bc-45c7-840c-3e7f65f0e32d" testId="467aeb63-52fb-5550-90b9-62408ec18747" testName="MSTest_P2_42" computerName="NAVB3" duration="00:00:00.0000850" startTime="2017-11-29T20:12:16.0902904+05:30" endTime="2017-11-29T20:12:16.0902904+05:30" testType="13cdc9d9-ddb5-4fa4-a97d-d965ccfc6d4b" outcome="Passed" testListId="8c84fa94-04c1-424b-9868-57a2d4851a1d" relativeResultsDirectory="d4dff9e8-35bc-45c7-840c-3e7f65f0e32d" />
    <UnitTestResult executionId="04f4cc2e-de5f-44fe-9247-ced3e8faa43c" testId="34de9a5c-ffac-5ea5-1c8c-bc8c44eaa588" testName="MSTest_P2_43" computerName="NAVB3" duration="00:00:00.0000821" startTime="2017-11-29T20:12:16.0902904+05:30" endTime="2017-11-29T20:12:16.0902904+05:30" testType="13cdc9d9-ddb5-4fa4-a97d-d965ccfc6d4b" outcome="Passed" testListId="8c84fa94-04c1-424b-9868-57a2d4851a1d" relativeResultsDirectory="04f4cc2e-de5f-44fe-9247-ced3e8faa43c" />
    <UnitTestResult executionId="67cd8c63-2268-48a0-86cb-250216f6411f" testId="88461271-8542-7451-7f10-15633b7a652e" testName="MSTest_P2_44" computerName="NAVB3" duration="00:00:00.0000815" startTime="2017-11-29T20:12:16.0902904+05:30" endTime="2017-11-29T20:12:16.0902904+05:30" testType="13cdc9d9-ddb5-4fa4-a97d-d965ccfc6d4b" outcome="Passed" testListId="8c84fa94-04c1-424b-9868-57a2d4851a1d" relativeResultsDirectory="67cd8c63-2268-48a0-86cb-250216f6411f" />
    <UnitTestResult executionId="5416dcdb-b2fd-4cd4-91df-c96bb4804cd7" testId="4c795da5-98b8-4296-89a1-f144b9f88460" testName="MSTest_P2_45" computerName="NAVB3" duration="00:00:00.0000818" startTime="2017-11-29T20:12:16.0902904+05:30" endTime="2017-11-29T20:12:16.0902904+05:30" testType="13cdc9d9-ddb5-4fa4-a97d-d965ccfc6d4b" outcome="Passed" testListId="8c84fa94-04c1-424b-9868-57a2d4851a1d" relativeResultsDirectory="5416dcdb-b2fd-4cd4-91df-c96bb4804cd7" />
    <UnitTestResult executionId="cd3edc92-a298-475f-9ba3-2350b800ad0c" testId="bcf9aa62-f8de-054d-810a-52baa94a16f5" testName="MSTest_P2_46" computerName="NAVB3" duration="00:00:00.0000818" startTime="2017-11-29T20:12:16.0902904+05:30" endTime="2017-11-29T20:12:16.0902904+05:30" testType="13cdc9d9-ddb5-4fa4-a97d-d965ccfc6d4b" outcome="Passed" testListId="8c84fa94-04c1-424b-9868-57a2d4851a1d" relativeResultsDirectory="cd3edc92-a298-475f-9ba3-2350b800ad0c" />
    <UnitTestResult executionId="733598a5-21af-420d-960f-58297097c76c" testId="09bd71e3-6d9b-b514-a037-f6e515efdbd3" testName="MSTest_P2_47" computerName="NAVB3" duration="00:00:00.0000818" startTime="2017-11-29T20:12:16.0902904+05:30" endTime="2017-11-29T20:12:16.0902904+05:30" testType="13cdc9d9-ddb5-4fa4-a97d-d965ccfc6d4b" outcome="Passed" testListId="8c84fa94-04c1-424b-9868-57a2d4851a1d" relativeResultsDirectory="733598a5-21af-420d-960f-58297097c76c" />
    <UnitTestResult executionId="ee3abd23-29aa-478c-b4a6-60d573aaadaa" testId="f8bcba92-efa3-dd7f-fde0-cbf5bd42a380" testName="MSTest_P2_48" computerName="NAVB3" duration="00:00:00.0000806" startTime="2017-11-29T20:12:16.0902904+05:30" endTime="2017-11-29T20:12:16.0902904+05:30" testType="13cdc9d9-ddb5-4fa4-a97d-d965ccfc6d4b" outcome="Passed" testListId="8c84fa94-04c1-424b-9868-57a2d4851a1d" relativeResultsDirectory="ee3abd23-29aa-478c-b4a6-60d573aaadaa" />
    <UnitTestResult executionId="9640b4e3-cb1c-4cb0-9174-5c34eb688a43" testId="9a59e2f9-cef5-d6ee-3a90-b3902d6003af" testName="MSTest_P2_49" computerName="NAVB3" duration="00:00:00.0000803" startTime="2017-11-29T20:12:16.0902904+05:30" endTime="2017-11-29T20:12:16.0902904+05:30" testType="13cdc9d9-ddb5-4fa4-a97d-d965ccfc6d4b" outcome="Passed" testListId="8c84fa94-04c1-424b-9868-57a2d4851a1d" relativeResultsDirectory="9640b4e3-cb1c-4cb0-9174-5c34eb688a43" />
    <UnitTestResult executionId="f15afa97-1fb9-48bf-9bb2-ad846ecf7e73" testId="7dfc9189-fb1b-a28d-4a92-90ac81e9729a" testName="MSTest_P2_50" computerName="NAVB3" duration="00:00:00.0001096" startTime="2017-11-29T20:12:16.0902904+05:30" endTime="2017-11-29T20:12:16.0902904+05:30" testType="13cdc9d9-ddb5-4fa4-a97d-d965ccfc6d4b" outcome="Passed" testListId="8c84fa94-04c1-424b-9868-57a2d4851a1d" relativeResultsDirectory="f15afa97-1fb9-48bf-9bb2-ad846ecf7e73" />
    <UnitTestResult executionId="8407c93b-3d4a-4ddf-aa5e-6eace6ab4c1e" testId="c677994e-be98-5f54-d1fb-321aebfa3a16" testName="MSTest_P2_51" computerName="NAVB3" duration="00:00:00.0000923" startTime="2017-11-29T20:12:16.0902904+05:30" endTime="2017-11-29T20:12:16.0902904+05:30" testType="13cdc9d9-ddb5-4fa4-a97d-d965ccfc6d4b" outcome="Passed" testListId="8c84fa94-04c1-424b-9868-57a2d4851a1d" relativeResultsDirectory="8407c93b-3d4a-4ddf-aa5e-6eace6ab4c1e" />
    <UnitTestResult executionId="adf98aab-46d4-43d7-98ae-0ec00f7a48c7" testId="f54520c7-8c9b-76a2-4894-0d118d41d4e3" testName="MSTest_P2_52" computerName="NAVB3" duration="00:00:00.0000906" startTime="2017-11-29T20:12:16.0902904+05:30" endTime="2017-11-29T20:12:16.0902904+05:30" testType="13cdc9d9-ddb5-4fa4-a97d-d965ccfc6d4b" outcome="Passed" testListId="8c84fa94-04c1-424b-9868-57a2d4851a1d" relativeResultsDirectory="adf98aab-46d4-43d7-98ae-0ec00f7a48c7" />
    <UnitTestResult executionId="318337f1-7d36-4aa2-9bbc-c1c6dc859198" testId="f1794d39-df94-d1e9-60a6-10119aebc35f" testName="MSTest_P2_53" computerName="NAVB3" duration="00:00:00.0000903" startTime="2017-11-29T20:12:16.0902904+05:30" endTime="2017-11-29T20:12:16.0902904+05:30" testType="13cdc9d9-ddb5-4fa4-a97d-d965ccfc6d4b" outcome="Passed" testListId="8c84fa94-04c1-424b-9868-57a2d4851a1d" relativeResultsDirectory="318337f1-7d36-4aa2-9bbc-c1c6dc859198" />
    <UnitTestResult executionId="c480d6d1-07fc-4479-b3b1-93235d8dd884" testId="64e6c983-0403-dff9-6112-34addbef41c9" testName="MSTest_P2_54" computerName="NAVB3" duration="00:00:00.0000900" startTime="2017-11-29T20:12:16.0902904+05:30" endTime="2017-11-29T20:12:16.0902904+05:30" testType="13cdc9d9-ddb5-4fa4-a97d-d965ccfc6d4b" outcome="Passed" testListId="8c84fa94-04c1-424b-9868-57a2d4851a1d" relativeResultsDirectory="c480d6d1-07fc-4479-b3b1-93235d8dd884" />
    <UnitTestResult executionId="357bed1f-7f41-4a42-8d38-ad93eed8b0f3" testId="d9e22f6c-6893-f2d5-4bad-1f25a676c4a6" testName="MSTest_P2_55" computerName="NAVB3" duration="00:00:00.0000897" startTime="2017-11-29T20:12:16.0902904+05:30" endTime="2017-11-29T20:12:16.0902904+05:30" testType="13cdc9d9-ddb5-4fa4-a97d-d965ccfc6d4b" outcome="Passed" testListId="8c84fa94-04c1-424b-9868-57a2d4851a1d" relativeResultsDirectory="357bed1f-7f41-4a42-8d38-ad93eed8b0f3" />
    <UnitTestResult executionId="e75165a0-8b56-47ee-98b5-841f4dd611df" testId="ca69075d-0b70-18d5-1a06-fac35b67cd3b" testName="MSTest_P2_56" computerName="NAVB3" duration="00:00:00.0000903" startTime="2017-11-29T20:12:16.0902904+05:30" endTime="2017-11-29T20:12:16.0902904+05:30" testType="13cdc9d9-ddb5-4fa4-a97d-d965ccfc6d4b" outcome="Passed" testListId="8c84fa94-04c1-424b-9868-57a2d4851a1d" relativeResultsDirectory="e75165a0-8b56-47ee-98b5-841f4dd611df" />
    <UnitTestResult executionId="b44c6054-137e-475b-ba3e-81eb9a594da9" testId="c57e7f9f-0cce-b6f4-07ee-ada8d8fbc5c3" testName="MSTest_P2_57" computerName="NAVB3" duration="00:00:00.0000897" startTime="2017-11-29T20:12:16.0902904+05:30" endTime="2017-11-29T20:12:16.0902904+05:30" testType="13cdc9d9-ddb5-4fa4-a97d-d965ccfc6d4b" outcome="Passed" testListId="8c84fa94-04c1-424b-9868-57a2d4851a1d" relativeResultsDirectory="b44c6054-137e-475b-ba3e-81eb9a594da9" />
    <UnitTestResult executionId="0158cc48-decb-4329-8a0d-7b91d75f9118" testId="1a585a28-c287-7bb4-1bb2-c0e1b93f38bd" testName="MSTest_P2_58" computerName="NAVB3" duration="00:00:00.0000894" startTime="2017-11-29T20:12:16.0902904+05:30" endTime="2017-11-29T20:12:16.0902904+05:30" testType="13cdc9d9-ddb5-4fa4-a97d-d965ccfc6d4b" outcome="Passed" testListId="8c84fa94-04c1-424b-9868-57a2d4851a1d" relativeResultsDirectory="0158cc48-decb-4329-8a0d-7b91d75f9118" />
    <UnitTestResult executionId="5bee7020-212f-4d5b-a485-6ed147a3048a" testId="f8615455-a4b0-bdd0-1ecf-8870ef34a7e9" testName="MSTest_P2_59" computerName="NAVB3" duration="00:00:00.0000894" startTime="2017-11-29T20:12:16.0902904+05:30" endTime="2017-11-29T20:12:16.0902904+05:30" testType="13cdc9d9-ddb5-4fa4-a97d-d965ccfc6d4b" outcome="Passed" testListId="8c84fa94-04c1-424b-9868-57a2d4851a1d" relativeResultsDirectory="5bee7020-212f-4d5b-a485-6ed147a3048a" />
    <UnitTestResult executionId="705b3034-eb41-4844-9e30-d8d03b58a4a1" testId="482c8cf5-ae0a-bdfe-8fea-125551c79d32" testName="MSTest_P2_60" computerName="NAVB3" duration="00:00:00.0000897" startTime="2017-11-29T20:12:16.0902904+05:30" endTime="2017-11-29T20:12:16.0902904+05:30" testType="13cdc9d9-ddb5-4fa4-a97d-d965ccfc6d4b" outcome="Passed" testListId="8c84fa94-04c1-424b-9868-57a2d4851a1d" relativeResultsDirectory="705b3034-eb41-4844-9e30-d8d03b58a4a1" />
    <UnitTestResult executionId="783776c3-a3b6-4185-a027-f87e855803a7" testId="e66a5384-6cb0-65a2-e91d-02c1e155d5c3" testName="MSTest_P2_61" computerName="NAVB3" duration="00:00:00.0000891" startTime="2017-11-29T20:12:16.0902904+05:30" endTime="2017-11-29T20:12:16.0902904+05:30" testType="13cdc9d9-ddb5-4fa4-a97d-d965ccfc6d4b" outcome="Passed" testListId="8c84fa94-04c1-424b-9868-57a2d4851a1d" relativeResultsDirectory="783776c3-a3b6-4185-a027-f87e855803a7" />
    <UnitTestResult executionId="2828b83c-a907-4e26-85d9-f594d4ac8689" testId="2e962158-3ffe-3f85-8291-ad30cd47ebcb" testName="MSTest_P2_62" computerName="NAVB3" duration="00:00:00.0000888" startTime="2017-11-29T20:12:16.0902904+05:30" endTime="2017-11-29T20:12:16.0902904+05:30" testType="13cdc9d9-ddb5-4fa4-a97d-d965ccfc6d4b" outcome="Passed" testListId="8c84fa94-04c1-424b-9868-57a2d4851a1d" relativeResultsDirectory="2828b83c-a907-4e26-85d9-f594d4ac8689" />
    <UnitTestResult executionId="5c66125d-ea66-4d5e-9ef4-a4276774746e" testId="2bdceb26-ca6a-1ff9-bb11-3a9cdbe462e0" testName="MSTest_P2_63" computerName="NAVB3" duration="00:00:00.0000891" startTime="2017-11-29T20:12:16.0902904+05:30" endTime="2017-11-29T20:12:16.0902904+05:30" testType="13cdc9d9-ddb5-4fa4-a97d-d965ccfc6d4b" outcome="Passed" testListId="8c84fa94-04c1-424b-9868-57a2d4851a1d" relativeResultsDirectory="5c66125d-ea66-4d5e-9ef4-a4276774746e" />
    <UnitTestResult executionId="65363d7f-a5d7-402d-a501-89a067f30c53" testId="2520ef80-08f7-0a88-649a-45adca3a8d2b" testName="MSTest_P2_64" computerName="NAVB3" duration="00:00:00.0000888" startTime="2017-11-29T20:12:16.0902904+05:30" endTime="2017-11-29T20:12:16.0902904+05:30" testType="13cdc9d9-ddb5-4fa4-a97d-d965ccfc6d4b" outcome="Passed" testListId="8c84fa94-04c1-424b-9868-57a2d4851a1d" relativeResultsDirectory="65363d7f-a5d7-402d-a501-89a067f30c53" />
    <UnitTestResult executionId="6f05efc2-036d-4161-af18-d77c8ccb1e0f" testId="acdf9e27-ac18-9369-da0a-58cd6c064cde" testName="MSTest_P2_65" computerName="NAVB3" duration="00:00:00.0000876" startTime="2017-11-29T20:12:16.0902904+05:30" endTime="2017-11-29T20:12:16.0902904+05:30" testType="13cdc9d9-ddb5-4fa4-a97d-d965ccfc6d4b" outcome="Passed" testListId="8c84fa94-04c1-424b-9868-57a2d4851a1d" relativeResultsDirectory="6f05efc2-036d-4161-af18-d77c8ccb1e0f" />
    <UnitTestResult executionId="4539c79c-a2a4-425c-9c9d-d0ac75e9413a" testId="65721392-e906-b72c-9e38-c0b0eb482edc" testName="MSTest_P2_66" computerName="NAVB3" duration="00:00:00.0000906" startTime="2017-11-29T20:12:16.0902904+05:30" endTime="2017-11-29T20:12:16.0902904+05:30" testType="13cdc9d9-ddb5-4fa4-a97d-d965ccfc6d4b" outcome="Passed" testListId="8c84fa94-04c1-424b-9868-57a2d4851a1d" relativeResultsDirectory="4539c79c-a2a4-425c-9c9d-d0ac75e9413a" />
    <UnitTestResult executionId="8f1f16e5-884b-4f6c-b858-5f3b32f72780" testId="491bc67f-7e7f-5614-884d-dec272d0026c" testName="MSTest_P2_67" computerName="NAVB3" duration="00:00:00.0000894" startTime="2017-11-29T20:12:16.0902904+05:30" endTime="2017-11-29T20:12:16.0902904+05:30" testType="13cdc9d9-ddb5-4fa4-a97d-d965ccfc6d4b" outcome="Passed" testListId="8c84fa94-04c1-424b-9868-57a2d4851a1d" relativeResultsDirectory="8f1f16e5-884b-4f6c-b858-5f3b32f72780" />
    <UnitTestResult executionId="58b9f001-5c65-40f5-b2d3-af5b239a9475" testId="0d79d664-5469-b946-d144-1a8906ff02db" testName="MSTest_P2_68" computerName="NAVB3" duration="00:00:00.0001469" startTime="2017-11-29T20:12:16.0902904+05:30" endTime="2017-11-29T20:12:16.1059140+05:30" testType="13cdc9d9-ddb5-4fa4-a97d-d965ccfc6d4b" outcome="Passed" testListId="8c84fa94-04c1-424b-9868-57a2d4851a1d" relativeResultsDirectory="58b9f001-5c65-40f5-b2d3-af5b239a9475" />
    <UnitTestResult executionId="b9f20922-4c8e-41cf-a85f-aa1f6f095bd9" testId="876d31d9-fb1a-792e-0be0-736862f1be56" testName="MSTest_P2_69" computerName="NAVB3" duration="00:00:00.0000800" startTime="2017-11-29T20:12:16.1059140+05:30" endTime="2017-11-29T20:12:16.1059140+05:30" testType="13cdc9d9-ddb5-4fa4-a97d-d965ccfc6d4b" outcome="Passed" testListId="8c84fa94-04c1-424b-9868-57a2d4851a1d" relativeResultsDirectory="b9f20922-4c8e-41cf-a85f-aa1f6f095bd9" />
    <UnitTestResult executionId="78f54fed-6f58-4ed6-a4a1-8d63472a4d6e" testId="fe28166b-13d8-a133-208f-4359b9894fdc" testName="MSTest_P2_70" computerName="NAVB3" duration="00:00:00.0000932" startTime="2017-11-29T20:12:16.1059140+05:30" endTime="2017-11-29T20:12:16.1059140+05:30" testType="13cdc9d9-ddb5-4fa4-a97d-d965ccfc6d4b" outcome="Passed" testListId="8c84fa94-04c1-424b-9868-57a2d4851a1d" relativeResultsDirectory="78f54fed-6f58-4ed6-a4a1-8d63472a4d6e" />
    <UnitTestResult executionId="f8ba3b71-7395-4613-8abe-e38b527a105a" testId="84f75f95-3219-0890-164f-b43e2a396545" testName="MSTest_P2_71" computerName="NAVB3" duration="00:00:00.0000900" startTime="2017-11-29T20:12:16.1059140+05:30" endTime="2017-11-29T20:12:16.1059140+05:30" testType="13cdc9d9-ddb5-4fa4-a97d-d965ccfc6d4b" outcome="Passed" testListId="8c84fa94-04c1-424b-9868-57a2d4851a1d" relativeResultsDirectory="f8ba3b71-7395-4613-8abe-e38b527a105a" />
    <UnitTestResult executionId="09189886-30cc-4d00-8594-1d827a3b7355" testId="c11ab97d-c893-e1cf-5312-f111a740bfdf" testName="MSTest_P2_72" computerName="NAVB3" duration="00:00:00.0000909" startTime="2017-11-29T20:12:16.1059140+05:30" endTime="2017-11-29T20:12:16.1059140+05:30" testType="13cdc9d9-ddb5-4fa4-a97d-d965ccfc6d4b" outcome="Passed" testListId="8c84fa94-04c1-424b-9868-57a2d4851a1d" relativeResultsDirectory="09189886-30cc-4d00-8594-1d827a3b7355" />
    <UnitTestResult executionId="791389c6-c0a4-48c8-8ade-0acc9af88289" testId="8b3429f2-4cdd-dda8-4850-b96c716e5e44" testName="MSTest_P2_73" computerName="NAVB3" duration="00:00:00.0000906" startTime="2017-11-29T20:12:16.1059140+05:30" endTime="2017-11-29T20:12:16.1059140+05:30" testType="13cdc9d9-ddb5-4fa4-a97d-d965ccfc6d4b" outcome="Passed" testListId="8c84fa94-04c1-424b-9868-57a2d4851a1d" relativeResultsDirectory="791389c6-c0a4-48c8-8ade-0acc9af88289" />
    <UnitTestResult executionId="8f9363fc-8301-498d-b0a6-54e404315860" testId="93f22dd6-8de6-585c-5715-a0390a34c0b2" testName="MSTest_P2_74" computerName="NAVB3" duration="00:00:00.0000800" startTime="2017-11-29T20:12:16.1059140+05:30" endTime="2017-11-29T20:12:16.1059140+05:30" testType="13cdc9d9-ddb5-4fa4-a97d-d965ccfc6d4b" outcome="Passed" testListId="8c84fa94-04c1-424b-9868-57a2d4851a1d" relativeResultsDirectory="8f9363fc-8301-498d-b0a6-54e404315860" />
    <UnitTestResult executionId="6fb68bc5-54f6-4172-a9ef-4ae882c58e08" testId="30ba49f3-c41a-af3c-6a4c-c75c4a2a3acc" testName="MSTest_P2_75" computerName="NAVB3" duration="00:00:00.0000891" startTime="2017-11-29T20:12:16.1059140+05:30" endTime="2017-11-29T20:12:16.1059140+05:30" testType="13cdc9d9-ddb5-4fa4-a97d-d965ccfc6d4b" outcome="Passed" testListId="8c84fa94-04c1-424b-9868-57a2d4851a1d" relativeResultsDirectory="6fb68bc5-54f6-4172-a9ef-4ae882c58e08" />
    <UnitTestResult executionId="798abc9f-9ca7-419c-b81e-49f3cf4f9dad" testId="4c6f794f-c5bb-f458-941d-32ab8518b9d6" testName="MSTest_P2_76" computerName="NAVB3" duration="00:00:00.0000894" startTime="2017-11-29T20:12:16.1059140+05:30" endTime="2017-11-29T20:12:16.1059140+05:30" testType="13cdc9d9-ddb5-4fa4-a97d-d965ccfc6d4b" outcome="Passed" testListId="8c84fa94-04c1-424b-9868-57a2d4851a1d" relativeResultsDirectory="798abc9f-9ca7-419c-b81e-49f3cf4f9dad" />
    <UnitTestResult executionId="d8ada6fd-5657-4ab1-aaf7-705b75459853" testId="5b7cb14d-e2cf-47b2-be5d-4ccbf441dc80" testName="MSTest_P2_77" computerName="NAVB3" duration="00:00:00.0000891" startTime="2017-11-29T20:12:16.1059140+05:30" endTime="2017-11-29T20:12:16.1059140+05:30" testType="13cdc9d9-ddb5-4fa4-a97d-d965ccfc6d4b" outcome="Passed" testListId="8c84fa94-04c1-424b-9868-57a2d4851a1d" relativeResultsDirectory="d8ada6fd-5657-4ab1-aaf7-705b75459853" />
    <UnitTestResult executionId="7a41482d-895f-4146-86e3-27362e3e6511" testId="18c44544-acad-6617-1142-684d35a26c3b" testName="MSTest_P2_78" computerName="NAVB3" duration="00:00:00.0000888" startTime="2017-11-29T20:12:16.1059140+05:30" endTime="2017-11-29T20:12:16.1059140+05:30" testType="13cdc9d9-ddb5-4fa4-a97d-d965ccfc6d4b" outcome="Passed" testListId="8c84fa94-04c1-424b-9868-57a2d4851a1d" relativeResultsDirectory="7a41482d-895f-4146-86e3-27362e3e6511" />
    <UnitTestResult executionId="899ea976-730c-45ef-aa6f-ff8a872a257e" testId="df9a9820-2b23-f3db-c367-77cc26700e6f" testName="MSTest_P2_79" computerName="NAVB3" duration="00:00:00.0000888" startTime="2017-11-29T20:12:16.1059140+05:30" endTime="2017-11-29T20:12:16.1059140+05:30" testType="13cdc9d9-ddb5-4fa4-a97d-d965ccfc6d4b" outcome="Passed" testListId="8c84fa94-04c1-424b-9868-57a2d4851a1d" relativeResultsDirectory="899ea976-730c-45ef-aa6f-ff8a872a257e" />
    <UnitTestResult executionId="200a6590-bd4e-448a-b763-998808a3f55f" testId="901b3e11-eb23-a25f-de1e-7060c98c147c" testName="MSTest_P2_80" computerName="NAVB3" duration="00:00:00.0000967" startTime="2017-11-29T20:12:16.1059140+05:30" endTime="2017-11-29T20:12:16.1059140+05:30" testType="13cdc9d9-ddb5-4fa4-a97d-d965ccfc6d4b" outcome="Passed" testListId="8c84fa94-04c1-424b-9868-57a2d4851a1d" relativeResultsDirectory="200a6590-bd4e-448a-b763-998808a3f55f" />
    <UnitTestResult executionId="eb238434-a468-42d7-922f-6e715337766f" testId="42fbaa12-b780-8351-11ef-f860362fd63f" testName="MSTest_P2_81" computerName="NAVB3" duration="00:00:00.0000888" startTime="2017-11-29T20:12:16.1059140+05:30" endTime="2017-11-29T20:12:16.1059140+05:30" testType="13cdc9d9-ddb5-4fa4-a97d-d965ccfc6d4b" outcome="Passed" testListId="8c84fa94-04c1-424b-9868-57a2d4851a1d" relativeResultsDirectory="eb238434-a468-42d7-922f-6e715337766f" />
    <UnitTestResult executionId="beb65bab-3df1-442d-af97-dad0c4f69d7c" testId="d25df39d-7eba-d3e6-f674-e9e0f95d7b9a" testName="MSTest_P2_82" computerName="NAVB3" duration="00:00:00.0000882" startTime="2017-11-29T20:12:16.1059140+05:30" endTime="2017-11-29T20:12:16.1059140+05:30" testType="13cdc9d9-ddb5-4fa4-a97d-d965ccfc6d4b" outcome="Passed" testListId="8c84fa94-04c1-424b-9868-57a2d4851a1d" relativeResultsDirectory="beb65bab-3df1-442d-af97-dad0c4f69d7c" />
    <UnitTestResult executionId="a24b3742-2268-4ccb-a6e7-e31244971473" testId="ad0a023a-3693-562e-9fc0-99203e08636b" testName="MSTest_P2_83" computerName="NAVB3" duration="00:00:00.0000900" startTime="2017-11-29T20:12:16.1059140+05:30" endTime="2017-11-29T20:12:16.1059140+05:30" testType="13cdc9d9-ddb5-4fa4-a97d-d965ccfc6d4b" outcome="Passed" testListId="8c84fa94-04c1-424b-9868-57a2d4851a1d" relativeResultsDirectory="a24b3742-2268-4ccb-a6e7-e31244971473" />
    <UnitTestResult executionId="f45dd8bd-4846-4416-aaf0-c1585b240535" testId="b8011298-da04-432a-4208-b77526e552c7" testName="MSTest_P2_84" computerName="NAVB3" duration="00:00:00.0000897" startTime="2017-11-29T20:12:16.1059140+05:30" endTime="2017-11-29T20:12:16.1059140+05:30" testType="13cdc9d9-ddb5-4fa4-a97d-d965ccfc6d4b" outcome="Passed" testListId="8c84fa94-04c1-424b-9868-57a2d4851a1d" relativeResultsDirectory="f45dd8bd-4846-4416-aaf0-c1585b240535" />
    <UnitTestResult executionId="e9464eb5-faa4-406b-90be-6cfcb410e97a" testId="f40ed4b4-c95a-cc58-32e7-3c22c07fd1c6" testName="MSTest_P2_85" computerName="NAVB3" duration="00:00:00.0000891" startTime="2017-11-29T20:12:16.1059140+05:30" endTime="2017-11-29T20:12:16.1059140+05:30" testType="13cdc9d9-ddb5-4fa4-a97d-d965ccfc6d4b" outcome="Passed" testListId="8c84fa94-04c1-424b-9868-57a2d4851a1d" relativeResultsDirectory="e9464eb5-faa4-406b-90be-6cfcb410e97a" />
  </Results>
  <TestDefinitions>
    <UnitTest name="TestMethod1" storage="c:\users\navb\source\repos\sampleproject\testproject\unittestproject10\bin\debug\unittestproject10.dll" id="36bde96d-0d96-c298-43a3-0f3842a0cfda">
      <Execution id="02e0a229-5a83-4def-a18f-ab6360d1f8b5" />
      <TestMethod codeBase="C:\Users\navb\source\repos\SampleProject\TestProject\UnitTestProject10\bin\Debug\UnitTestProject10.dll" adapterTypeName="Microsoft.VisualStudio.TestTools.TestTypes.Unit.UnitTestAdapter" className="UnitTestProject10.UnitTest1" name="TestMethod1" />
    </UnitTest>
    <UnitTest name="MSTest_P2_936" storage="c:\users\navb\source\repos\sampleproject\testproject\unittestproject10\bin\debug\unittestproject10.dll" id="cb12f671-288e-b984-7841-f27b28b5a954">
      <Execution id="bc9e400d-0187-4f40-8ca4-70ea32a53c15" />
      <TestMethod codeBase="C:\Users\navb\source\repos\SampleProject\TestProject\UnitTestProject10\bin\Debug\UnitTestProject10.dll" adapterTypeName="Microsoft.VisualStudio.TestTools.TestTypes.Unit.UnitTestAdapter" className="UnitTestinProgress.MSTestClass2" name="MSTest_P2_936" />
    </UnitTest>
    <UnitTest name="MSTest_P2_937" storage="c:\users\navb\source\repos\sampleproject\testproject\unittestproject10\bin\debug\unittestproject10.dll" id="689479ad-c111-709a-1cd1-0ad6c680155c">
      <Execution id="0bc99f20-17fa-411b-831e-82559c0e8507" />
      <TestMethod codeBase="C:\Users\navb\source\repos\SampleProject\TestProject\UnitTestProject10\bin\Debug\UnitTestProject10.dll" adapterTypeName="Microsoft.VisualStudio.TestTools.TestTypes.Unit.UnitTestAdapter" className="UnitTestinProgress.MSTestClass2" name="MSTest_P2_937" />
    </UnitTest>
    <UnitTest name="MSTest_P2_938" storage="c:\users\navb\source\repos\sampleproject\testproject\unittestproject10\bin\debug\unittestproject10.dll" id="dd0943f8-c48f-9d2e-8e55-d0f390e5f150">
      <Execution id="b88a859e-1cd9-434c-9c4d-61cafcad7487" />
      <TestMethod codeBase="C:\Users\navb\source\repos\SampleProject\TestProject\UnitTestProject10\bin\Debug\UnitTestProject10.dll" adapterTypeName="Microsoft.VisualStudio.TestTools.TestTypes.Unit.UnitTestAdapter" className="UnitTestinProgress.MSTestClass2" name="MSTest_P2_938" />
    </UnitTest>
    <UnitTest name="MSTest_P2_939" storage="c:\users\navb\source\repos\sampleproject\testproject\unittestproject10\bin\debug\unittestproject10.dll" id="4d7cd98e-bc15-a9a0-0037-b9c70c17a135">
      <Execution id="6bdd5afa-ceb1-48d7-a1d8-e6ebf07ae59d" />
      <TestMethod codeBase="C:\Users\navb\source\repos\SampleProject\TestProject\UnitTestProject10\bin\Debug\UnitTestProject10.dll" adapterTypeName="Microsoft.VisualStudio.TestTools.TestTypes.Unit.UnitTestAdapter" className="UnitTestinProgress.MSTestClass2" name="MSTest_P2_939" />
    </UnitTest>
    <UnitTest name="MSTest_P2_940" storage="c:\users\navb\source\repos\sampleproject\testproject\unittestproject10\bin\debug\unittestproject10.dll" id="9809cbdd-d7b2-80fa-b868-9b34da7f8378">
      <Execution id="9493652b-bcb3-4cff-948e-e9da252742b8" />
      <TestMethod codeBase="C:\Users\navb\source\repos\SampleProject\TestProject\UnitTestProject10\bin\Debug\UnitTestProject10.dll" adapterTypeName="Microsoft.VisualStudio.TestTools.TestTypes.Unit.UnitTestAdapter" className="UnitTestinProgress.MSTestClass2" name="MSTest_P2_940" />
    </UnitTest>
    <UnitTest name="MSTest_P2_941" storage="c:\users\navb\source\repos\sampleproject\testproject\unittestproject10\bin\debug\unittestproject10.dll" id="09cf93a3-d30f-5c1b-50e2-348e7377cba1">
      <Execution id="f0195489-75a4-4ce5-b87a-e658c2dd707f" />
      <TestMethod codeBase="C:\Users\navb\source\repos\SampleProject\TestProject\UnitTestProject10\bin\Debug\UnitTestProject10.dll" adapterTypeName="Microsoft.VisualStudio.TestTools.TestTypes.Unit.UnitTestAdapter" className="UnitTestinProgress.MSTestClass2" name="MSTest_P2_941" />
    </UnitTest>
    <UnitTest name="MSTest_P2_942" storage="c:\users\navb\source\repos\sampleproject\testproject\unittestproject10\bin\debug\unittestproject10.dll" id="c2b41b39-03cf-6a86-2cd5-dc527130e719">
      <Execution id="ff2f938f-35bf-4259-826e-9f8034ad2577" />
      <TestMethod codeBase="C:\Users\navb\source\repos\SampleProject\TestProject\UnitTestProject10\bin\Debug\UnitTestProject10.dll" adapterTypeName="Microsoft.VisualStudio.TestTools.TestTypes.Unit.UnitTestAdapter" className="UnitTestinProgress.MSTestClass2" name="MSTest_P2_942" />
    </UnitTest>
    <UnitTest name="MSTest_P2_943" storage="c:\users\navb\source\repos\sampleproject\testproject\unittestproject10\bin\debug\unittestproject10.dll" id="4a218327-1398-cf0c-6349-b25e288d1af2">
      <Execution id="b0d35efe-e2bf-4389-9fd4-3ac7fa6f690f" />
      <TestMethod codeBase="C:\Users\navb\source\repos\SampleProject\TestProject\UnitTestProject10\bin\Debug\UnitTestProject10.dll" adapterTypeName="Microsoft.VisualStudio.TestTools.TestTypes.Unit.UnitTestAdapter" className="UnitTestinProgress.MSTestClass2" name="MSTest_P2_943" />
    </UnitTest>
    <UnitTest name="MSTest_P2_944" storage="c:\users\navb\source\repos\sampleproject\testproject\unittestproject10\bin\debug\unittestproject10.dll" id="4cbcf606-68cf-8ad7-dc0c-2d4bd155347a">
      <Execution id="e5167562-26e6-43c4-b07a-521fc177bb98" />
      <TestMethod codeBase="C:\Users\navb\source\repos\SampleProject\TestProject\UnitTestProject10\bin\Debug\UnitTestProject10.dll" adapterTypeName="Microsoft.VisualStudio.TestTools.TestTypes.Unit.UnitTestAdapter" className="UnitTestinProgress.MSTestClass2" name="MSTest_P2_944" />
    </UnitTest>
    <UnitTest name="MSTest_P2_945" storage="c:\users\navb\source\repos\sampleproject\testproject\unittestproject10\bin\debug\unittestproject10.dll" id="202ead75-6032-5a2e-65ad-5bc7c7338fc2">
      <Execution id="84418cb8-7fd1-442b-a569-fb7860e40ae2" />
      <TestMethod codeBase="C:\Users\navb\source\repos\SampleProject\TestProject\UnitTestProject10\bin\Debug\UnitTestProject10.dll" adapterTypeName="Microsoft.VisualStudio.TestTools.TestTypes.Unit.UnitTestAdapter" className="UnitTestinProgress.MSTestClass2" name="MSTest_P2_945" />
    </UnitTest>
    <UnitTest name="MSTest_P2_946" storage="c:\users\navb\source\repos\sampleproject\testproject\unittestproject10\bin\debug\unittestproject10.dll" id="f35819d5-69b2-b60a-d2a4-edf7fab86950">
      <Execution id="64eb55b6-ac04-43f8-b001-83137b13de23" />
      <TestMethod codeBase="C:\Users\navb\source\repos\SampleProject\TestProject\UnitTestProject10\bin\Debug\UnitTestProject10.dll" adapterTypeName="Microsoft.VisualStudio.TestTools.TestTypes.Unit.UnitTestAdapter" className="UnitTestinProgress.MSTestClass2" name="MSTest_P2_946" />
    </UnitTest>
    <UnitTest name="MSTest_P2_947" storage="c:\users\navb\source\repos\sampleproject\testproject\unittestproject10\bin\debug\unittestproject10.dll" id="77ec1bfe-343f-fe1c-d4cd-31c5de335f97">
      <Execution id="90f0dd26-cc19-4d80-a35b-5ef34e7ded43" />
      <TestMethod codeBase="C:\Users\navb\source\repos\SampleProject\TestProject\UnitTestProject10\bin\Debug\UnitTestProject10.dll" adapterTypeName="Microsoft.VisualStudio.TestTools.TestTypes.Unit.UnitTestAdapter" className="UnitTestinProgress.MSTestClass2" name="MSTest_P2_947" />
    </UnitTest>
    <UnitTest name="MSTest_P2_948" storage="c:\users\navb\source\repos\sampleproject\testproject\unittestproject10\bin\debug\unittestproject10.dll" id="b1ff8ea2-5898-8cb4-3204-7704c0e69a5e">
      <Execution id="bd7794e2-7f90-4640-b8db-3a8c8b0ae7cd" />
      <TestMethod codeBase="C:\Users\navb\source\repos\SampleProject\TestProject\UnitTestProject10\bin\Debug\UnitTestProject10.dll" adapterTypeName="Microsoft.VisualStudio.TestTools.TestTypes.Unit.UnitTestAdapter" className="UnitTestinProgress.MSTestClass2" name="MSTest_P2_948" />
    </UnitTest>
    <UnitTest name="MSTest_P2_949" storage="c:\users\navb\source\repos\sampleproject\testproject\unittestproject10\bin\debug\unittestproject10.dll" id="9502191f-357c-d53a-b156-3c8b5d42c22c">
      <Execution id="d9465cf9-c4c6-4185-becc-f9e6a723210c" />
      <TestMethod codeBase="C:\Users\navb\source\repos\SampleProject\TestProject\UnitTestProject10\bin\Debug\UnitTestProject10.dll" adapterTypeName="Microsoft.VisualStudio.TestTools.TestTypes.Unit.UnitTestAdapter" className="UnitTestinProgress.MSTestClass2" name="MSTest_P2_949" />
    </UnitTest>
    <UnitTest name="MSTest_P2_950" storage="c:\users\navb\source\repos\sampleproject\testproject\unittestproject10\bin\debug\unittestproject10.dll" id="ebd8948d-700c-4a44-ff27-5d3f84686268">
      <Execution id="dd0635ab-4e29-40ee-a7aa-17d556b50dec" />
      <TestMethod codeBase="C:\Users\navb\source\repos\SampleProject\TestProject\UnitTestProject10\bin\Debug\UnitTestProject10.dll" adapterTypeName="Microsoft.VisualStudio.TestTools.TestTypes.Unit.UnitTestAdapter" className="UnitTestinProgress.MSTestClass2" name="MSTest_P2_950" />
    </UnitTest>
    <UnitTest name="MSTest_P2_951" storage="c:\users\navb\source\repos\sampleproject\testproject\unittestproject10\bin\debug\unittestproject10.dll" id="23a62c50-bc12-7400-f1fd-092d1390b2fe">
      <Execution id="02719488-a0f3-4953-a172-3e7c4146d062" />
      <TestMethod codeBase="C:\Users\navb\source\repos\SampleProject\TestProject\UnitTestProject10\bin\Debug\UnitTestProject10.dll" adapterTypeName="Microsoft.VisualStudio.TestTools.TestTypes.Unit.UnitTestAdapter" className="UnitTestinProgress.MSTestClass2" name="MSTest_P2_951" />
    </UnitTest>
    <UnitTest name="MSTest_P2_952" storage="c:\users\navb\source\repos\sampleproject\testproject\unittestproject10\bin\debug\unittestproject10.dll" id="a0c85cac-2650-391a-3d91-e98b8cb1a39e">
      <Execution id="096ad60e-e93b-4543-ade7-64caac4b03ae" />
      <TestMethod codeBase="C:\Users\navb\source\repos\SampleProject\TestProject\UnitTestProject10\bin\Debug\UnitTestProject10.dll" adapterTypeName="Microsoft.VisualStudio.TestTools.TestTypes.Unit.UnitTestAdapter" className="UnitTestinProgress.MSTestClass2" name="MSTest_P2_952" />
    </UnitTest>
    <UnitTest name="MSTest_P2_953" storage="c:\users\navb\source\repos\sampleproject\testproject\unittestproject10\bin\debug\unittestproject10.dll" id="356b006a-65a7-c5af-a896-53d6e9074107">
      <Execution id="e4fb3de4-8d15-4c1f-8efa-761e91aaf679" />
      <TestMethod codeBase="C:\Users\navb\source\repos\SampleProject\TestProject\UnitTestProject10\bin\Debug\UnitTestProject10.dll" adapterTypeName="Microsoft.VisualStudio.TestTools.TestTypes.Unit.UnitTestAdapter" className="UnitTestinProgress.MSTestClass2" name="MSTest_P2_953" />
    </UnitTest>
    <UnitTest name="MSTest_P2_954" storage="c:\users\navb\source\repos\sampleproject\testproject\unittestproject10\bin\debug\unittestproject10.dll" id="4918836b-5d34-a726-31f2-3925ebb3e38f">
      <Execution id="d8086228-6220-4057-82ea-50b925d8c630" />
      <TestMethod codeBase="C:\Users\navb\source\repos\SampleProject\TestProject\UnitTestProject10\bin\Debug\UnitTestProject10.dll" adapterTypeName="Microsoft.VisualStudio.TestTools.TestTypes.Unit.UnitTestAdapter" className="UnitTestinProgress.MSTestClass2" name="MSTest_P2_954" />
    </UnitTest>
    <UnitTest name="MSTest_P2_955" storage="c:\users\navb\source\repos\sampleproject\testproject\unittestproject10\bin\debug\unittestproject10.dll" id="656d9fc4-21bf-625c-ad74-01b978a3b51b">
      <Execution id="a70bd64f-abea-493b-88d4-32989e4320bf" />
      <TestMethod codeBase="C:\Users\navb\source\repos\SampleProject\TestProject\UnitTestProject10\bin\Debug\UnitTestProject10.dll" adapterTypeName="Microsoft.VisualStudio.TestTools.TestTypes.Unit.UnitTestAdapter" className="UnitTestinProgress.MSTestClass2" name="MSTest_P2_955" />
    </UnitTest>
    <UnitTest name="MSTest_P2_956" storage="c:\users\navb\source\repos\sampleproject\testproject\unittestproject10\bin\debug\unittestproject10.dll" id="959e2205-0310-59a4-9a70-b62eadedc62b">
      <Execution id="d8e99f7d-5a74-4200-99a5-6c593c8c900b" />
      <TestMethod codeBase="C:\Users\navb\source\repos\SampleProject\TestProject\UnitTestProject10\bin\Debug\UnitTestProject10.dll" adapterTypeName="Microsoft.VisualStudio.TestTools.TestTypes.Unit.UnitTestAdapter" className="UnitTestinProgress.MSTestClass2" name="MSTest_P2_956" />
    </UnitTest>
    <UnitTest name="MSTest_P2_957" storage="c:\users\navb\source\repos\sampleproject\testproject\unittestproject10\bin\debug\unittestproject10.dll" id="673501ac-dbdd-1a26-34e8-e22d36492c19">
      <Execution id="b2a51eef-e301-4736-ad55-bd3fbdf948e5" />
      <TestMethod codeBase="C:\Users\navb\source\repos\SampleProject\TestProject\UnitTestProject10\bin\Debug\UnitTestProject10.dll" adapterTypeName="Microsoft.VisualStudio.TestTools.TestTypes.Unit.UnitTestAdapter" className="UnitTestinProgress.MSTestClass2" name="MSTest_P2_957" />
    </UnitTest>
    <UnitTest name="MSTest_P2_958" storage="c:\users\navb\source\repos\sampleproject\testproject\unittestproject10\bin\debug\unittestproject10.dll" id="67a2eca1-f9f7-38e2-798c-2069f3b96ad7">
      <Execution id="bedaec98-57b2-4895-9ba7-c02fd4f8af32" />
      <TestMethod codeBase="C:\Users\navb\source\repos\SampleProject\TestProject\UnitTestProject10\bin\Debug\UnitTestProject10.dll" adapterTypeName="Microsoft.VisualStudio.TestTools.TestTypes.Unit.UnitTestAdapter" className="UnitTestinProgress.MSTestClass2" name="MSTest_P2_958" />
    </UnitTest>
    <UnitTest name="MSTest_P2_959" storage="c:\users\navb\source\repos\sampleproject\testproject\unittestproject10\bin\debug\unittestproject10.dll" id="0a8a668f-ff71-29d0-c08b-0fc576ae2e32">
      <Execution id="d570aaf4-be2f-4f4b-b572-228053cfbf95" />
      <TestMethod codeBase="C:\Users\navb\source\repos\SampleProject\TestProject\UnitTestProject10\bin\Debug\UnitTestProject10.dll" adapterTypeName="Microsoft.VisualStudio.TestTools.TestTypes.Unit.UnitTestAdapter" className="UnitTestinProgress.MSTestClass2" name="MSTest_P2_959" />
    </UnitTest>
    <UnitTest name="MSTest_P2_960" storage="c:\users\navb\source\repos\sampleproject\testproject\unittestproject10\bin\debug\unittestproject10.dll" id="d12a5db6-fe22-e196-74ee-7702ee4ec904">
      <Execution id="269d3206-d778-44fb-ac3c-710f2df693ae" />
      <TestMethod codeBase="C:\Users\navb\source\repos\SampleProject\TestProject\UnitTestProject10\bin\Debug\UnitTestProject10.dll" adapterTypeName="Microsoft.VisualStudio.TestTools.TestTypes.Unit.UnitTestAdapter" className="UnitTestinProgress.MSTestClass2" name="MSTest_P2_960" />
    </UnitTest>
    <UnitTest name="MSTest_P2_961" storage="c:\users\navb\source\repos\sampleproject\testproject\unittestproject10\bin\debug\unittestproject10.dll" id="1d3891a6-1247-0c7b-0dc7-cfd177bcdbdd">
      <Execution id="d0147d3a-acef-4719-ac6e-09df1395e8f2" />
      <TestMethod codeBase="C:\Users\navb\source\repos\SampleProject\TestProject\UnitTestProject10\bin\Debug\UnitTestProject10.dll" adapterTypeName="Microsoft.VisualStudio.TestTools.TestTypes.Unit.UnitTestAdapter" className="UnitTestinProgress.MSTestClass2" name="MSTest_P2_961" />
    </UnitTest>
    <UnitTest name="MSTest_P2_962" storage="c:\users\navb\source\repos\sampleproject\testproject\unittestproject10\bin\debug\unittestproject10.dll" id="95077557-478d-7507-6475-5cf434b1d3b7">
      <Execution id="425e1214-eea5-4fd5-89b3-8076766ff258" />
      <TestMethod codeBase="C:\Users\navb\source\repos\SampleProject\TestProject\UnitTestProject10\bin\Debug\UnitTestProject10.dll" adapterTypeName="Microsoft.VisualStudio.TestTools.TestTypes.Unit.UnitTestAdapter" className="UnitTestinProgress.MSTestClass2" name="MSTest_P2_962" />
    </UnitTest>
    <UnitTest name="MSTest_P2_963" storage="c:\users\navb\source\repos\sampleproject\testproject\unittestproject10\bin\debug\unittestproject10.dll" id="dde802ab-3490-e7fd-a348-51dfedb39074">
      <Execution id="89907cc8-ba56-4337-af0f-187fd858571a" />
      <TestMethod codeBase="C:\Users\navb\source\repos\SampleProject\TestProject\UnitTestProject10\bin\Debug\UnitTestProject10.dll" adapterTypeName="Microsoft.VisualStudio.TestTools.TestTypes.Unit.UnitTestAdapter" className="UnitTestinProgress.MSTestClass2" name="MSTest_P2_963" />
    </UnitTest>
    <UnitTest name="MSTest_P2_964" storage="c:\users\navb\source\repos\sampleproject\testproject\unittestproject10\bin\debug\unittestproject10.dll" id="a53a1da3-8a72-7627-2744-1b497aa4a58a">
      <Execution id="a007f89e-3c53-4994-ba60-3d517deeb440" />
      <TestMethod codeBase="C:\Users\navb\source\repos\SampleProject\TestProject\UnitTestProject10\bin\Debug\UnitTestProject10.dll" adapterTypeName="Microsoft.VisualStudio.TestTools.TestTypes.Unit.UnitTestAdapter" className="UnitTestinProgress.MSTestClass2" name="MSTest_P2_964" />
    </UnitTest>
    <UnitTest name="MSTest_P2_965" storage="c:\users\navb\source\repos\sampleproject\testproject\unittestproject10\bin\debug\unittestproject10.dll" id="6f45ea30-aeef-91aa-f63d-95cdbbda8819">
      <Execution id="1a9c4272-543c-4014-8a4f-c53ae4c567f1" />
      <TestMethod codeBase="C:\Users\navb\source\repos\SampleProject\TestProject\UnitTestProject10\bin\Debug\UnitTestProject10.dll" adapterTypeName="Microsoft.VisualStudio.TestTools.TestTypes.Unit.UnitTestAdapter" className="UnitTestinProgress.MSTestClass2" name="MSTest_P2_965" />
    </UnitTest>
    <UnitTest name="MSTest_P2_966" storage="c:\users\navb\source\repos\sampleproject\testproject\unittestproject10\bin\debug\unittestproject10.dll" id="2e7291dd-c1de-8bf0-4046-3eab145e03ad">
      <Execution id="a603cfd0-9001-4f67-9afb-d119a2cb0f61" />
      <TestMethod codeBase="C:\Users\navb\source\repos\SampleProject\TestProject\UnitTestProject10\bin\Debug\UnitTestProject10.dll" adapterTypeName="Microsoft.VisualStudio.TestTools.TestTypes.Unit.UnitTestAdapter" className="UnitTestinProgress.MSTestClass2" name="MSTest_P2_966" />
    </UnitTest>
    <UnitTest name="MSTest_P2_967" storage="c:\users\navb\source\repos\sampleproject\testproject\unittestproject10\bin\debug\unittestproject10.dll" id="eec61463-083f-d697-f74b-78e6661a0ffa">
      <Execution id="04058949-8c88-437e-a501-b3fe0316418d" />
      <TestMethod codeBase="C:\Users\navb\source\repos\SampleProject\TestProject\UnitTestProject10\bin\Debug\UnitTestProject10.dll" adapterTypeName="Microsoft.VisualStudio.TestTools.TestTypes.Unit.UnitTestAdapter" className="UnitTestinProgress.MSTestClass2" name="MSTest_P2_967" />
    </UnitTest>
    <UnitTest name="MSTest_P2_968" storage="c:\users\navb\source\repos\sampleproject\testproject\unittestproject10\bin\debug\unittestproject10.dll" id="021aa6e2-1ab8-bf0e-3a87-a681b1bfbd3c">
      <Execution id="aaa39528-67c5-4a83-915a-9fb5a74d0f97" />
      <TestMethod codeBase="C:\Users\navb\source\repos\SampleProject\TestProject\UnitTestProject10\bin\Debug\UnitTestProject10.dll" adapterTypeName="Microsoft.VisualStudio.TestTools.TestTypes.Unit.UnitTestAdapter" className="UnitTestinProgress.MSTestClass2" name="MSTest_P2_968" />
    </UnitTest>
    <UnitTest name="MSTest_P2_969" storage="c:\users\navb\source\repos\sampleproject\testproject\unittestproject10\bin\debug\unittestproject10.dll" id="f1b7b4ee-b356-2a6e-ad47-59d1eea98de9">
      <Execution id="a7d575e7-820d-4046-95f8-6be61454f44c" />
      <TestMethod codeBase="C:\Users\navb\source\repos\SampleProject\TestProject\UnitTestProject10\bin\Debug\UnitTestProject10.dll" adapterTypeName="Microsoft.VisualStudio.TestTools.TestTypes.Unit.UnitTestAdapter" className="UnitTestinProgress.MSTestClass2" name="MSTest_P2_969" />
    </UnitTest>
    <UnitTest name="MSTest_P2_970" storage="c:\users\navb\source\repos\sampleproject\testproject\unittestproject10\bin\debug\unittestproject10.dll" id="937c1a24-2374-a6c9-43f7-7bd06df36671">
      <Execution id="2d072cbf-e549-4663-a6ba-14f647e54a05" />
      <TestMethod codeBase="C:\Users\navb\source\repos\SampleProject\TestProject\UnitTestProject10\bin\Debug\UnitTestProject10.dll" adapterTypeName="Microsoft.VisualStudio.TestTools.TestTypes.Unit.UnitTestAdapter" className="UnitTestinProgress.MSTestClass2" name="MSTest_P2_970" />
    </UnitTest>
    <UnitTest name="MSTest_P2_971" storage="c:\users\navb\source\repos\sampleproject\testproject\unittestproject10\bin\debug\unittestproject10.dll" id="00e26104-cf41-c102-75d3-90abc73f737c">
      <Execution id="5b86b3ca-909e-43f1-965e-2744c4100829" />
      <TestMethod codeBase="C:\Users\navb\source\repos\SampleProject\TestProject\UnitTestProject10\bin\Debug\UnitTestProject10.dll" adapterTypeName="Microsoft.VisualStudio.TestTools.TestTypes.Unit.UnitTestAdapter" className="UnitTestinProgress.MSTestClass2" name="MSTest_P2_971" />
    </UnitTest>
    <UnitTest name="MSTest_P2_972" storage="c:\users\navb\source\repos\sampleproject\testproject\unittestproject10\bin\debug\unittestproject10.dll" id="6db42630-2762-f0dd-63a5-dfa32cb907cc">
      <Execution id="f789a2cb-d538-4f10-8102-4ff60da2bcd7" />
      <TestMethod codeBase="C:\Users\navb\source\repos\SampleProject\TestProject\UnitTestProject10\bin\Debug\UnitTestProject10.dll" adapterTypeName="Microsoft.VisualStudio.TestTools.TestTypes.Unit.UnitTestAdapter" className="UnitTestinProgress.MSTestClass2" name="MSTest_P2_972" />
    </UnitTest>
    <UnitTest name="MSTest_P2_973" storage="c:\users\navb\source\repos\sampleproject\testproject\unittestproject10\bin\debug\unittestproject10.dll" id="f149c2ba-465a-6c74-3c63-988375e8514b">
      <Execution id="e3d14517-9cba-41c4-a402-5a00278fbd51" />
      <TestMethod codeBase="C:\Users\navb\source\repos\SampleProject\TestProject\UnitTestProject10\bin\Debug\UnitTestProject10.dll" adapterTypeName="Microsoft.VisualStudio.TestTools.TestTypes.Unit.UnitTestAdapter" className="UnitTestinProgress.MSTestClass2" name="MSTest_P2_973" />
    </UnitTest>
    <UnitTest name="MSTest_P2_974" storage="c:\users\navb\source\repos\sampleproject\testproject\unittestproject10\bin\debug\unittestproject10.dll" id="534e5a5e-a75c-4d7b-ee03-c96c63db19fe">
      <Execution id="309fb8b2-2a6c-4727-b2dc-d85d5876064a" />
      <TestMethod codeBase="C:\Users\navb\source\repos\SampleProject\TestProject\UnitTestProject10\bin\Debug\UnitTestProject10.dll" adapterTypeName="Microsoft.VisualStudio.TestTools.TestTypes.Unit.UnitTestAdapter" className="UnitTestinProgress.MSTestClass2" name="MSTest_P2_974" />
    </UnitTest>
    <UnitTest name="MSTest_P2_975" storage="c:\users\navb\source\repos\sampleproject\testproject\unittestproject10\bin\debug\unittestproject10.dll" id="c4e1a648-d13c-6d96-77e1-194682ca2e2f">
      <Execution id="7ba9b8db-2f1e-43ff-a75c-69a99a6353fd" />
      <TestMethod codeBase="C:\Users\navb\source\repos\SampleProject\TestProject\UnitTestProject10\bin\Debug\UnitTestProject10.dll" adapterTypeName="Microsoft.VisualStudio.TestTools.TestTypes.Unit.UnitTestAdapter" className="UnitTestinProgress.MSTestClass2" name="MSTest_P2_975" />
    </UnitTest>
    <UnitTest name="MSTest_P2_976" storage="c:\users\navb\source\repos\sampleproject\testproject\unittestproject10\bin\debug\unittestproject10.dll" id="5a6efaa2-6cee-cfc4-c728-aae3bfe1ac68">
      <Execution id="8463ce74-a97e-4176-8489-ffeb53dc04a3" />
      <TestMethod codeBase="C:\Users\navb\source\repos\SampleProject\TestProject\UnitTestProject10\bin\Debug\UnitTestProject10.dll" adapterTypeName="Microsoft.VisualStudio.TestTools.TestTypes.Unit.UnitTestAdapter" className="UnitTestinProgress.MSTestClass2" name="MSTest_P2_976" />
    </UnitTest>
    <UnitTest name="MSTest_P2_977" storage="c:\users\navb\source\repos\sampleproject\testproject\unittestproject10\bin\debug\unittestproject10.dll" id="2714cde1-9535-bf45-b8a7-195dca391fda">
      <Execution id="6c55efa8-062b-49bb-b6be-0ac57b901a33" />
      <TestMethod codeBase="C:\Users\navb\source\repos\SampleProject\TestProject\UnitTestProject10\bin\Debug\UnitTestProject10.dll" adapterTypeName="Microsoft.VisualStudio.TestTools.TestTypes.Unit.UnitTestAdapter" className="UnitTestinProgress.MSTestClass2" name="MSTest_P2_977" />
    </UnitTest>
    <UnitTest name="MSTest_P2_978" storage="c:\users\navb\source\repos\sampleproject\testproject\unittestproject10\bin\debug\unittestproject10.dll" id="0c9e54e2-5122-ba29-f0a0-9ae6abe21274">
      <Execution id="a3142262-02e1-4c8f-ba38-1a182d5c1b89" />
      <TestMethod codeBase="C:\Users\navb\source\repos\SampleProject\TestProject\UnitTestProject10\bin\Debug\UnitTestProject10.dll" adapterTypeName="Microsoft.VisualStudio.TestTools.TestTypes.Unit.UnitTestAdapter" className="UnitTestinProgress.MSTestClass2" name="MSTest_P2_978" />
    </UnitTest>
    <UnitTest name="MSTest_P2_979" storage="c:\users\navb\source\repos\sampleproject\testproject\unittestproject10\bin\debug\unittestproject10.dll" id="f53bd6f4-efaa-25e3-9060-6b3174fffaa7">
      <Execution id="d0be1983-d9ab-416e-b6ad-56d60b4de478" />
      <TestMethod codeBase="C:\Users\navb\source\repos\SampleProject\TestProject\UnitTestProject10\bin\Debug\UnitTestProject10.dll" adapterTypeName="Microsoft.VisualStudio.TestTools.TestTypes.Unit.UnitTestAdapter" className="UnitTestinProgress.MSTestClass2" name="MSTest_P2_979" />
    </UnitTest>
    <UnitTest name="MSTest_P2_980" storage="c:\users\navb\source\repos\sampleproject\testproject\unittestproject10\bin\debug\unittestproject10.dll" id="31a54882-0459-8808-6dea-815b93d1cf37">
      <Execution id="a316328f-90f7-4e49-bcfd-8fd0067e9c03" />
      <TestMethod codeBase="C:\Users\navb\source\repos\SampleProject\TestProject\UnitTestProject10\bin\Debug\UnitTestProject10.dll" adapterTypeName="Microsoft.VisualStudio.TestTools.TestTypes.Unit.UnitTestAdapter" className="UnitTestinProgress.MSTestClass2" name="MSTest_P2_980" />
    </UnitTest>
    <UnitTest name="MSTest_P2_981" storage="c:\users\navb\source\repos\sampleproject\testproject\unittestproject10\bin\debug\unittestproject10.dll" id="73ee45f0-db72-8be7-691e-6a6da7f10eb4">
      <Execution id="c21598f2-02e5-4e77-b524-3a2cb8a27c44" />
      <TestMethod codeBase="C:\Users\navb\source\repos\SampleProject\TestProject\UnitTestProject10\bin\Debug\UnitTestProject10.dll" adapterTypeName="Microsoft.VisualStudio.TestTools.TestTypes.Unit.UnitTestAdapter" className="UnitTestinProgress.MSTestClass2" name="MSTest_P2_981" />
    </UnitTest>
    <UnitTest name="MSTest_P2_982" storage="c:\users\navb\source\repos\sampleproject\testproject\unittestproject10\bin\debug\unittestproject10.dll" id="c42e4098-937c-1bdf-286e-4a88535261f6">
      <Execution id="d55abc76-e719-4da0-8a8f-67586a47aa7e" />
      <TestMethod codeBase="C:\Users\navb\source\repos\SampleProject\TestProject\UnitTestProject10\bin\Debug\UnitTestProject10.dll" adapterTypeName="Microsoft.VisualStudio.TestTools.TestTypes.Unit.UnitTestAdapter" className="UnitTestinProgress.MSTestClass2" name="MSTest_P2_982" />
    </UnitTest>
    <UnitTest name="MSTest_P2_983" storage="c:\users\navb\source\repos\sampleproject\testproject\unittestproject10\bin\debug\unittestproject10.dll" id="eb5031d8-5a01-da61-3df7-26c870bd3135">
      <Execution id="2be4df21-8bc8-42a4-b360-27ade4acf4fe" />
      <TestMethod codeBase="C:\Users\navb\source\repos\SampleProject\TestProject\UnitTestProject10\bin\Debug\UnitTestProject10.dll" adapterTypeName="Microsoft.VisualStudio.TestTools.TestTypes.Unit.UnitTestAdapter" className="UnitTestinProgress.MSTestClass2" name="MSTest_P2_983" />
    </UnitTest>
    <UnitTest name="MSTest_P2_984" storage="c:\users\navb\source\repos\sampleproject\testproject\unittestproject10\bin\debug\unittestproject10.dll" id="6526c150-7f85-b1c4-20f9-d5f664670ad4">
      <Execution id="4f3cff78-cb88-4e4f-b659-d509bb7e1f3e" />
      <TestMethod codeBase="C:\Users\navb\source\repos\SampleProject\TestProject\UnitTestProject10\bin\Debug\UnitTestProject10.dll" adapterTypeName="Microsoft.VisualStudio.TestTools.TestTypes.Unit.UnitTestAdapter" className="UnitTestinProgress.MSTestClass2" name="MSTest_P2_984" />
    </UnitTest>
    <UnitTest name="MSTest_P2_985" storage="c:\users\navb\source\repos\sampleproject\testproject\unittestproject10\bin\debug\unittestproject10.dll" id="641d120b-a58b-5f63-7577-1d2096e02b03">
      <Execution id="6899d0e6-b73a-441e-835f-60fe81c72de7" />
      <TestMethod codeBase="C:\Users\navb\source\repos\SampleProject\TestProject\UnitTestProject10\bin\Debug\UnitTestProject10.dll" adapterTypeName="Microsoft.VisualStudio.TestTools.TestTypes.Unit.UnitTestAdapter" className="UnitTestinProgress.MSTestClass2" name="MSTest_P2_985" />
    </UnitTest>
    <UnitTest name="MSTest_P2_986" storage="c:\users\navb\source\repos\sampleproject\testproject\unittestproject10\bin\debug\unittestproject10.dll" id="2a114e9d-3e7a-eed7-7fc6-c79f8364b40f">
      <Execution id="dd264107-75da-4569-8693-feccc4f464de" />
      <TestMethod codeBase="C:\Users\navb\source\repos\SampleProject\TestProject\UnitTestProject10\bin\Debug\UnitTestProject10.dll" adapterTypeName="Microsoft.VisualStudio.TestTools.TestTypes.Unit.UnitTestAdapter" className="UnitTestinProgress.MSTestClass2" name="MSTest_P2_986" />
    </UnitTest>
    <UnitTest name="MSTest_P2_987" storage="c:\users\navb\source\repos\sampleproject\testproject\unittestproject10\bin\debug\unittestproject10.dll" id="7a199eaa-23a1-e626-ccad-d70838934b1e">
      <Execution id="acf7fea7-fd10-4740-83d9-af8eaf36aacf" />
      <TestMethod codeBase="C:\Users\navb\source\repos\SampleProject\TestProject\UnitTestProject10\bin\Debug\UnitTestProject10.dll" adapterTypeName="Microsoft.VisualStudio.TestTools.TestTypes.Unit.UnitTestAdapter" className="UnitTestinProgress.MSTestClass2" name="MSTest_P2_987" />
    </UnitTest>
    <UnitTest name="MSTest_P2_988" storage="c:\users\navb\source\repos\sampleproject\testproject\unittestproject10\bin\debug\unittestproject10.dll" id="040e15d1-3cc6-eb89-1511-64d9be934374">
      <Execution id="3357fb84-67ef-4357-9a7b-6214a5d82675" />
      <TestMethod codeBase="C:\Users\navb\source\repos\SampleProject\TestProject\UnitTestProject10\bin\Debug\UnitTestProject10.dll" adapterTypeName="Microsoft.VisualStudio.TestTools.TestTypes.Unit.UnitTestAdapter" className="UnitTestinProgress.MSTestClass2" name="MSTest_P2_988" />
    </UnitTest>
    <UnitTest name="MSTest_P2_989" storage="c:\users\navb\source\repos\sampleproject\testproject\unittestproject10\bin\debug\unittestproject10.dll" id="4072e1a5-5a8d-7b88-a069-2fef89825d5c">
      <Execution id="5b47bddd-bb0a-4a26-85fc-b4dc8487def1" />
      <TestMethod codeBase="C:\Users\navb\source\repos\SampleProject\TestProject\UnitTestProject10\bin\Debug\UnitTestProject10.dll" adapterTypeName="Microsoft.VisualStudio.TestTools.TestTypes.Unit.UnitTestAdapter" className="UnitTestinProgress.MSTestClass2" name="MSTest_P2_989" />
    </UnitTest>
    <UnitTest name="MSTest_P2_990" storage="c:\users\navb\source\repos\sampleproject\testproject\unittestproject10\bin\debug\unittestproject10.dll" id="5befa1f8-d1ed-8ba8-f375-fd0acfe7d428">
      <Execution id="a75717ac-556d-4444-8ec7-e29d09b66cae" />
      <TestMethod codeBase="C:\Users\navb\source\repos\SampleProject\TestProject\UnitTestProject10\bin\Debug\UnitTestProject10.dll" adapterTypeName="Microsoft.VisualStudio.TestTools.TestTypes.Unit.UnitTestAdapter" className="UnitTestinProgress.MSTestClass2" name="MSTest_P2_990" />
    </UnitTest>
    <UnitTest name="MSTest_P2_991" storage="c:\users\navb\source\repos\sampleproject\testproject\unittestproject10\bin\debug\unittestproject10.dll" id="3bc42893-cda1-767a-940c-35ff84d6f263">
      <Execution id="8c8ff60d-8da4-4d9e-8dbc-d01c469d3f53" />
      <TestMethod codeBase="C:\Users\navb\source\repos\SampleProject\TestProject\UnitTestProject10\bin\Debug\UnitTestProject10.dll" adapterTypeName="Microsoft.VisualStudio.TestTools.TestTypes.Unit.UnitTestAdapter" className="UnitTestinProgress.MSTestClass2" name="MSTest_P2_991" />
    </UnitTest>
    <UnitTest name="MSTest_P2_992" storage="c:\users\navb\source\repos\sampleproject\testproject\unittestproject10\bin\debug\unittestproject10.dll" id="acd2cded-6d85-a36c-f6c5-4544e1fd59e5">
      <Execution id="f412bf91-f3bb-471e-be02-cc8c347e0c80" />
      <TestMethod codeBase="C:\Users\navb\source\repos\SampleProject\TestProject\UnitTestProject10\bin\Debug\UnitTestProject10.dll" adapterTypeName="Microsoft.VisualStudio.TestTools.TestTypes.Unit.UnitTestAdapter" className="UnitTestinProgress.MSTestClass2" name="MSTest_P2_992" />
    </UnitTest>
    <UnitTest name="MSTest_P2_993" storage="c:\users\navb\source\repos\sampleproject\testproject\unittestproject10\bin\debug\unittestproject10.dll" id="78f37c92-952e-5a6b-3748-988cf20dc3bb">
      <Execution id="5d19f4c8-16be-404a-9bc0-b7336f039ce6" />
      <TestMethod codeBase="C:\Users\navb\source\repos\SampleProject\TestProject\UnitTestProject10\bin\Debug\UnitTestProject10.dll" adapterTypeName="Microsoft.VisualStudio.TestTools.TestTypes.Unit.UnitTestAdapter" className="UnitTestinProgress.MSTestClass2" name="MSTest_P2_993" />
    </UnitTest>
    <UnitTest name="MSTest_P2_994" storage="c:\users\navb\source\repos\sampleproject\testproject\unittestproject10\bin\debug\unittestproject10.dll" id="775de9b7-b56f-e178-17a4-2e73b893f714">
      <Execution id="8341c892-ef4c-47d0-be63-0ee328019bef" />
      <TestMethod codeBase="C:\Users\navb\source\repos\SampleProject\TestProject\UnitTestProject10\bin\Debug\UnitTestProject10.dll" adapterTypeName="Microsoft.VisualStudio.TestTools.TestTypes.Unit.UnitTestAdapter" className="UnitTestinProgress.MSTestClass2" name="MSTest_P2_994" />
    </UnitTest>
    <UnitTest name="MSTest_P2_995" storage="c:\users\navb\source\repos\sampleproject\testproject\unittestproject10\bin\debug\unittestproject10.dll" id="7b614397-d243-a17d-7fb1-de23fbb638cf">
      <Execution id="4d769e14-e3a8-4d29-b84d-c798501d8f97" />
      <TestMethod codeBase="C:\Users\navb\source\repos\SampleProject\TestProject\UnitTestProject10\bin\Debug\UnitTestProject10.dll" adapterTypeName="Microsoft.VisualStudio.TestTools.TestTypes.Unit.UnitTestAdapter" className="UnitTestinProgress.MSTestClass2" name="MSTest_P2_995" />
    </UnitTest>
    <UnitTest name="MSTest_P2_996" storage="c:\users\navb\source\repos\sampleproject\testproject\unittestproject10\bin\debug\unittestproject10.dll" id="35cd141a-84b6-cc50-2752-0f4f7b4c9285">
      <Execution id="a1db4398-9ab7-475d-bb29-d78b7b7dfcd9" />
      <TestMethod codeBase="C:\Users\navb\source\repos\SampleProject\TestProject\UnitTestProject10\bin\Debug\UnitTestProject10.dll" adapterTypeName="Microsoft.VisualStudio.TestTools.TestTypes.Unit.UnitTestAdapter" className="UnitTestinProgress.MSTestClass2" name="MSTest_P2_996" />
    </UnitTest>
    <UnitTest name="MSTest_P2_997" storage="c:\users\navb\source\repos\sampleproject\testproject\unittestproject10\bin\debug\unittestproject10.dll" id="1d9e7009-8802-9d9b-8a2f-df3debadc0a0">
      <Execution id="781c47d8-2280-4f39-a6e7-e58eaf968b36" />
      <TestMethod codeBase="C:\Users\navb\source\repos\SampleProject\TestProject\UnitTestProject10\bin\Debug\UnitTestProject10.dll" adapterTypeName="Microsoft.VisualStudio.TestTools.TestTypes.Unit.UnitTestAdapter" className="UnitTestinProgress.MSTestClass2" name="MSTest_P2_997" />
    </UnitTest>
    <UnitTest name="MSTest_P2_998" storage="c:\users\navb\source\repos\sampleproject\testproject\unittestproject10\bin\debug\unittestproject10.dll" id="41171bd7-86b8-6ca1-3adc-e33c367d87d2">
      <Execution id="976b6a17-3dfb-4244-95dc-e8c4f48ede40" />
      <TestMethod codeBase="C:\Users\navb\source\repos\SampleProject\TestProject\UnitTestProject10\bin\Debug\UnitTestProject10.dll" adapterTypeName="Microsoft.VisualStudio.TestTools.TestTypes.Unit.UnitTestAdapter" className="UnitTestinProgress.MSTestClass2" name="MSTest_P2_998" />
    </UnitTest>
    <UnitTest name="MSTest_P2_999" storage="c:\users\navb\source\repos\sampleproject\testproject\unittestproject10\bin\debug\unittestproject10.dll" id="c5239ca4-79b1-e054-dcaf-e5932e86c8d2">
      <Execution id="4bd3c2d6-d058-4b4a-bdac-c46c3abcf2a1" />
      <TestMethod codeBase="C:\Users\navb\source\repos\SampleProject\TestProject\UnitTestProject10\bin\Debug\UnitTestProject10.dll" adapterTypeName="Microsoft.VisualStudio.TestTools.TestTypes.Unit.UnitTestAdapter" className="UnitTestinProgress.MSTestClass2" name="MSTest_P2_999" />
    </UnitTest>
    <UnitTest name="MSTest_P2_1000" storage="c:\users\navb\source\repos\sampleproject\testproject\unittestproject10\bin\debug\unittestproject10.dll" id="8c179aa1-3adf-0dbb-7bf6-79bd1dec4b45">
      <Execution id="89120190-1053-48e6-8e42-588038990bf1" />
      <TestMethod codeBase="C:\Users\navb\source\repos\SampleProject\TestProject\UnitTestProject10\bin\Debug\UnitTestProject10.dll" adapterTypeName="Microsoft.VisualStudio.TestTools.TestTypes.Unit.UnitTestAdapter" className="UnitTestinProgress.MSTestClass2" name="MSTest_P2_1000" />
    </UnitTest>
    <UnitTest name="MSTest_P2_851" storage="c:\users\navb\source\repos\sampleproject\testproject\unittestproject10\bin\debug\unittestproject10.dll" id="a7fe75a3-2e96-03bd-b6ec-4bc0846c7d00">
      <Execution id="11fcfcbc-01dc-44d4-ab0a-10c3605e9056" />
      <TestMethod codeBase="C:\Users\navb\source\repos\SampleProject\TestProject\UnitTestProject10\bin\Debug\UnitTestProject10.dll" adapterTypeName="Microsoft.VisualStudio.TestTools.TestTypes.Unit.UnitTestAdapter" className="UnitTestinProgress.MSTestClass2" name="MSTest_P2_851" />
    </UnitTest>
    <UnitTest name="MSTest_P2_852" storage="c:\users\navb\source\repos\sampleproject\testproject\unittestproject10\bin\debug\unittestproject10.dll" id="c4ee037e-817c-ec67-92c1-9e161f80ebc3">
      <Execution id="e97be0d2-f246-4c5a-967a-e2653ef96d4a" />
      <TestMethod codeBase="C:\Users\navb\source\repos\SampleProject\TestProject\UnitTestProject10\bin\Debug\UnitTestProject10.dll" adapterTypeName="Microsoft.VisualStudio.TestTools.TestTypes.Unit.UnitTestAdapter" className="UnitTestinProgress.MSTestClass2" name="MSTest_P2_852" />
    </UnitTest>
    <UnitTest name="MSTest_P2_853" storage="c:\users\navb\source\repos\sampleproject\testproject\unittestproject10\bin\debug\unittestproject10.dll" id="3a19ebda-b487-9e39-3057-c3b49f9be1eb">
      <Execution id="95b93833-7e1d-42e3-b103-9cf6c466f7c3" />
      <TestMethod codeBase="C:\Users\navb\source\repos\SampleProject\TestProject\UnitTestProject10\bin\Debug\UnitTestProject10.dll" adapterTypeName="Microsoft.VisualStudio.TestTools.TestTypes.Unit.UnitTestAdapter" className="UnitTestinProgress.MSTestClass2" name="MSTest_P2_853" />
    </UnitTest>
    <UnitTest name="MSTest_P2_854" storage="c:\users\navb\source\repos\sampleproject\testproject\unittestproject10\bin\debug\unittestproject10.dll" id="4d82cbc9-2b0f-469d-9800-fb435711556a">
      <Execution id="595cc61a-3471-48d6-8096-900be67dc43f" />
      <TestMethod codeBase="C:\Users\navb\source\repos\SampleProject\TestProject\UnitTestProject10\bin\Debug\UnitTestProject10.dll" adapterTypeName="Microsoft.VisualStudio.TestTools.TestTypes.Unit.UnitTestAdapter" className="UnitTestinProgress.MSTestClass2" name="MSTest_P2_854" />
    </UnitTest>
    <UnitTest name="MSTest_P2_855" storage="c:\users\navb\source\repos\sampleproject\testproject\unittestproject10\bin\debug\unittestproject10.dll" id="ae41f3b8-920f-ca4d-e937-5dcb87ebba03">
      <Execution id="eb712a87-a9cc-4e86-9430-caa228401ef4" />
      <TestMethod codeBase="C:\Users\navb\source\repos\SampleProject\TestProject\UnitTestProject10\bin\Debug\UnitTestProject10.dll" adapterTypeName="Microsoft.VisualStudio.TestTools.TestTypes.Unit.UnitTestAdapter" className="UnitTestinProgress.MSTestClass2" name="MSTest_P2_855" />
    </UnitTest>
    <UnitTest name="MSTest_P2_856" storage="c:\users\navb\source\repos\sampleproject\testproject\unittestproject10\bin\debug\unittestproject10.dll" id="3033e893-6716-43cf-7916-56ba87dea9be">
      <Execution id="d169c3fb-528c-4103-9554-857990169896" />
      <TestMethod codeBase="C:\Users\navb\source\repos\SampleProject\TestProject\UnitTestProject10\bin\Debug\UnitTestProject10.dll" adapterTypeName="Microsoft.VisualStudio.TestTools.TestTypes.Unit.UnitTestAdapter" className="UnitTestinProgress.MSTestClass2" name="MSTest_P2_856" />
    </UnitTest>
    <UnitTest name="MSTest_P2_857" storage="c:\users\navb\source\repos\sampleproject\testproject\unittestproject10\bin\debug\unittestproject10.dll" id="7fb75753-0271-6479-c751-1f628e7ab5ff">
      <Execution id="bf40ef0b-dfc4-4273-ba30-94eaa088b6bb" />
      <TestMethod codeBase="C:\Users\navb\source\repos\SampleProject\TestProject\UnitTestProject10\bin\Debug\UnitTestProject10.dll" adapterTypeName="Microsoft.VisualStudio.TestTools.TestTypes.Unit.UnitTestAdapter" className="UnitTestinProgress.MSTestClass2" name="MSTest_P2_857" />
    </UnitTest>
    <UnitTest name="MSTest_P2_858" storage="c:\users\navb\source\repos\sampleproject\testproject\unittestproject10\bin\debug\unittestproject10.dll" id="be672a72-fc18-0400-485a-12de53f23a2a">
      <Execution id="27df6f67-3598-4239-a7b8-33ff2cb93e49" />
      <TestMethod codeBase="C:\Users\navb\source\repos\SampleProject\TestProject\UnitTestProject10\bin\Debug\UnitTestProject10.dll" adapterTypeName="Microsoft.VisualStudio.TestTools.TestTypes.Unit.UnitTestAdapter" className="UnitTestinProgress.MSTestClass2" name="MSTest_P2_858" />
    </UnitTest>
    <UnitTest name="MSTest_P2_859" storage="c:\users\navb\source\repos\sampleproject\testproject\unittestproject10\bin\debug\unittestproject10.dll" id="21085900-bc69-616c-355b-a614e8f5bf08">
      <Execution id="eed2544c-f8b9-4727-984d-b401fe4f35e9" />
      <TestMethod codeBase="C:\Users\navb\source\repos\SampleProject\TestProject\UnitTestProject10\bin\Debug\UnitTestProject10.dll" adapterTypeName="Microsoft.VisualStudio.TestTools.TestTypes.Unit.UnitTestAdapter" className="UnitTestinProgress.MSTestClass2" name="MSTest_P2_859" />
    </UnitTest>
    <UnitTest name="MSTest_P2_860" storage="c:\users\navb\source\repos\sampleproject\testproject\unittestproject10\bin\debug\unittestproject10.dll" id="86027b69-76ae-89a5-9c9b-b257953e6d41">
      <Execution id="72104299-a7bd-45bd-afcb-911f253fa185" />
      <TestMethod codeBase="C:\Users\navb\source\repos\SampleProject\TestProject\UnitTestProject10\bin\Debug\UnitTestProject10.dll" adapterTypeName="Microsoft.VisualStudio.TestTools.TestTypes.Unit.UnitTestAdapter" className="UnitTestinProgress.MSTestClass2" name="MSTest_P2_860" />
    </UnitTest>
    <UnitTest name="MSTest_P2_861" storage="c:\users\navb\source\repos\sampleproject\testproject\unittestproject10\bin\debug\unittestproject10.dll" id="e2ba3635-b0ba-c8cb-7d36-5283fe37fe6e">
      <Execution id="ce95ba93-f14f-41d2-953b-de758f8781f5" />
      <TestMethod codeBase="C:\Users\navb\source\repos\SampleProject\TestProject\UnitTestProject10\bin\Debug\UnitTestProject10.dll" adapterTypeName="Microsoft.VisualStudio.TestTools.TestTypes.Unit.UnitTestAdapter" className="UnitTestinProgress.MSTestClass2" name="MSTest_P2_861" />
    </UnitTest>
    <UnitTest name="MSTest_P2_862" storage="c:\users\navb\source\repos\sampleproject\testproject\unittestproject10\bin\debug\unittestproject10.dll" id="f3ac47bd-a9a8-a877-946f-8b49d4f70f4f">
      <Execution id="f3d87770-4527-4fd8-a378-72b3cf440c1a" />
      <TestMethod codeBase="C:\Users\navb\source\repos\SampleProject\TestProject\UnitTestProject10\bin\Debug\UnitTestProject10.dll" adapterTypeName="Microsoft.VisualStudio.TestTools.TestTypes.Unit.UnitTestAdapter" className="UnitTestinProgress.MSTestClass2" name="MSTest_P2_862" />
    </UnitTest>
    <UnitTest name="MSTest_P2_863" storage="c:\users\navb\source\repos\sampleproject\testproject\unittestproject10\bin\debug\unittestproject10.dll" id="b533f450-c8f3-9828-57b4-7959e05dc76f">
      <Execution id="f8b0701d-e4c2-412b-a39f-af647fd391c8" />
      <TestMethod codeBase="C:\Users\navb\source\repos\SampleProject\TestProject\UnitTestProject10\bin\Debug\UnitTestProject10.dll" adapterTypeName="Microsoft.VisualStudio.TestTools.TestTypes.Unit.UnitTestAdapter" className="UnitTestinProgress.MSTestClass2" name="MSTest_P2_863" />
    </UnitTest>
    <UnitTest name="MSTest_P2_864" storage="c:\users\navb\source\repos\sampleproject\testproject\unittestproject10\bin\debug\unittestproject10.dll" id="352da715-0705-873c-fcfe-67b3903ef9f1">
      <Execution id="0768506f-5da0-4a89-9f60-7d68f12f6e4b" />
      <TestMethod codeBase="C:\Users\navb\source\repos\SampleProject\TestProject\UnitTestProject10\bin\Debug\UnitTestProject10.dll" adapterTypeName="Microsoft.VisualStudio.TestTools.TestTypes.Unit.UnitTestAdapter" className="UnitTestinProgress.MSTestClass2" name="MSTest_P2_864" />
    </UnitTest>
    <UnitTest name="MSTest_P2_865" storage="c:\users\navb\source\repos\sampleproject\testproject\unittestproject10\bin\debug\unittestproject10.dll" id="c8fa2475-1264-b11f-70e9-ad862879d13f">
      <Execution id="15e3150a-e688-4f60-9277-e5b398b47cf6" />
      <TestMethod codeBase="C:\Users\navb\source\repos\SampleProject\TestProject\UnitTestProject10\bin\Debug\UnitTestProject10.dll" adapterTypeName="Microsoft.VisualStudio.TestTools.TestTypes.Unit.UnitTestAdapter" className="UnitTestinProgress.MSTestClass2" name="MSTest_P2_865" />
    </UnitTest>
    <UnitTest name="MSTest_P2_866" storage="c:\users\navb\source\repos\sampleproject\testproject\unittestproject10\bin\debug\unittestproject10.dll" id="01ba11fe-433f-f074-761c-8c83de2a907f">
      <Execution id="b7c6004c-3058-4f1b-9b34-800d6bd3329b" />
      <TestMethod codeBase="C:\Users\navb\source\repos\SampleProject\TestProject\UnitTestProject10\bin\Debug\UnitTestProject10.dll" adapterTypeName="Microsoft.VisualStudio.TestTools.TestTypes.Unit.UnitTestAdapter" className="UnitTestinProgress.MSTestClass2" name="MSTest_P2_866" />
    </UnitTest>
    <UnitTest name="MSTest_P2_867" storage="c:\users\navb\source\repos\sampleproject\testproject\unittestproject10\bin\debug\unittestproject10.dll" id="d6c2787e-17a8-1045-2399-a361ca4f0a4d">
      <Execution id="f1beed57-88d5-439c-a364-ea1c4bf389a0" />
      <TestMethod codeBase="C:\Users\navb\source\repos\SampleProject\TestProject\UnitTestProject10\bin\Debug\UnitTestProject10.dll" adapterTypeName="Microsoft.VisualStudio.TestTools.TestTypes.Unit.UnitTestAdapter" className="UnitTestinProgress.MSTestClass2" name="MSTest_P2_867" />
    </UnitTest>
    <UnitTest name="MSTest_P2_868" storage="c:\users\navb\source\repos\sampleproject\testproject\unittestproject10\bin\debug\unittestproject10.dll" id="4b1598ca-bcf0-e7b8-8f2f-39050e65c172">
      <Execution id="79307a5c-a0b2-40b1-a8d9-74cd85934179" />
      <TestMethod codeBase="C:\Users\navb\source\repos\SampleProject\TestProject\UnitTestProject10\bin\Debug\UnitTestProject10.dll" adapterTypeName="Microsoft.VisualStudio.TestTools.TestTypes.Unit.UnitTestAdapter" className="UnitTestinProgress.MSTestClass2" name="MSTest_P2_868" />
    </UnitTest>
    <UnitTest name="MSTest_P2_869" storage="c:\users\navb\source\repos\sampleproject\testproject\unittestproject10\bin\debug\unittestproject10.dll" id="8d76d231-341b-be2a-b80f-b4f3e307e824">
      <Execution id="5d6e2be7-02e8-4177-9b86-0614da9e68ac" />
      <TestMethod codeBase="C:\Users\navb\source\repos\SampleProject\TestProject\UnitTestProject10\bin\Debug\UnitTestProject10.dll" adapterTypeName="Microsoft.VisualStudio.TestTools.TestTypes.Unit.UnitTestAdapter" className="UnitTestinProgress.MSTestClass2" name="MSTest_P2_869" />
    </UnitTest>
    <UnitTest name="MSTest_P2_870" storage="c:\users\navb\source\repos\sampleproject\testproject\unittestproject10\bin\debug\unittestproject10.dll" id="0010ea3a-5287-fd2f-b258-8339604e8989">
      <Execution id="f990425b-0c62-46e3-b988-2f7cc0a03575" />
      <TestMethod codeBase="C:\Users\navb\source\repos\SampleProject\TestProject\UnitTestProject10\bin\Debug\UnitTestProject10.dll" adapterTypeName="Microsoft.VisualStudio.TestTools.TestTypes.Unit.UnitTestAdapter" className="UnitTestinProgress.MSTestClass2" name="MSTest_P2_870" />
    </UnitTest>
    <UnitTest name="MSTest_P2_871" storage="c:\users\navb\source\repos\sampleproject\testproject\unittestproject10\bin\debug\unittestproject10.dll" id="677d7f28-e935-23ec-2ee4-6f2d6738fc72">
      <Execution id="ded8ea9a-c942-4439-9c19-c0048fe9e830" />
      <TestMethod codeBase="C:\Users\navb\source\repos\SampleProject\TestProject\UnitTestProject10\bin\Debug\UnitTestProject10.dll" adapterTypeName="Microsoft.VisualStudio.TestTools.TestTypes.Unit.UnitTestAdapter" className="UnitTestinProgress.MSTestClass2" name="MSTest_P2_871" />
    </UnitTest>
    <UnitTest name="MSTest_P2_872" storage="c:\users\navb\source\repos\sampleproject\testproject\unittestproject10\bin\debug\unittestproject10.dll" id="05efae6d-3bf9-84bc-60cc-c072aff43c91">
      <Execution id="77cae168-dff5-4555-bba1-ff5d588754aa" />
      <TestMethod codeBase="C:\Users\navb\source\repos\SampleProject\TestProject\UnitTestProject10\bin\Debug\UnitTestProject10.dll" adapterTypeName="Microsoft.VisualStudio.TestTools.TestTypes.Unit.UnitTestAdapter" className="UnitTestinProgress.MSTestClass2" name="MSTest_P2_872" />
    </UnitTest>
    <UnitTest name="MSTest_P2_873" storage="c:\users\navb\source\repos\sampleproject\testproject\unittestproject10\bin\debug\unittestproject10.dll" id="e7aa002b-1aa3-87d8-d09b-f2903787c4c5">
      <Execution id="20c17319-095d-494b-9872-a76d2d7e295d" />
      <TestMethod codeBase="C:\Users\navb\source\repos\SampleProject\TestProject\UnitTestProject10\bin\Debug\UnitTestProject10.dll" adapterTypeName="Microsoft.VisualStudio.TestTools.TestTypes.Unit.UnitTestAdapter" className="UnitTestinProgress.MSTestClass2" name="MSTest_P2_873" />
    </UnitTest>
    <UnitTest name="MSTest_P2_874" storage="c:\users\navb\source\repos\sampleproject\testproject\unittestproject10\bin\debug\unittestproject10.dll" id="f83b8ceb-3c02-7924-de7f-cf05e02feba9">
      <Execution id="1c5c0cc0-fb06-4bcc-b42a-3ffcbfc73b5d" />
      <TestMethod codeBase="C:\Users\navb\source\repos\SampleProject\TestProject\UnitTestProject10\bin\Debug\UnitTestProject10.dll" adapterTypeName="Microsoft.VisualStudio.TestTools.TestTypes.Unit.UnitTestAdapter" className="UnitTestinProgress.MSTestClass2" name="MSTest_P2_874" />
    </UnitTest>
    <UnitTest name="MSTest_P2_875" storage="c:\users\navb\source\repos\sampleproject\testproject\unittestproject10\bin\debug\unittestproject10.dll" id="3c3b9333-2695-fbcf-f1f2-3fe50dd2df23">
      <Execution id="51dd7d07-188d-429b-90b1-ea2451cfd2b7" />
      <TestMethod codeBase="C:\Users\navb\source\repos\SampleProject\TestProject\UnitTestProject10\bin\Debug\UnitTestProject10.dll" adapterTypeName="Microsoft.VisualStudio.TestTools.TestTypes.Unit.UnitTestAdapter" className="UnitTestinProgress.MSTestClass2" name="MSTest_P2_875" />
    </UnitTest>
    <UnitTest name="MSTest_P2_876" storage="c:\users\navb\source\repos\sampleproject\testproject\unittestproject10\bin\debug\unittestproject10.dll" id="78d579f6-f34e-71d5-c443-3fb4705c2583">
      <Execution id="c56d5207-eac5-4f0f-ad42-30710cf75f72" />
      <TestMethod codeBase="C:\Users\navb\source\repos\SampleProject\TestProject\UnitTestProject10\bin\Debug\UnitTestProject10.dll" adapterTypeName="Microsoft.VisualStudio.TestTools.TestTypes.Unit.UnitTestAdapter" className="UnitTestinProgress.MSTestClass2" name="MSTest_P2_876" />
    </UnitTest>
    <UnitTest name="MSTest_P2_877" storage="c:\users\navb\source\repos\sampleproject\testproject\unittestproject10\bin\debug\unittestproject10.dll" id="4026a03c-5cd1-f768-0585-3b65bec7b92e">
      <Execution id="1a434b6a-fb80-4d35-8cc7-2629a2c339cf" />
      <TestMethod codeBase="C:\Users\navb\source\repos\SampleProject\TestProject\UnitTestProject10\bin\Debug\UnitTestProject10.dll" adapterTypeName="Microsoft.VisualStudio.TestTools.TestTypes.Unit.UnitTestAdapter" className="UnitTestinProgress.MSTestClass2" name="MSTest_P2_877" />
    </UnitTest>
    <UnitTest name="MSTest_P2_878" storage="c:\users\navb\source\repos\sampleproject\testproject\unittestproject10\bin\debug\unittestproject10.dll" id="19807a41-2691-53a6-d62a-2db876d4fc94">
      <Execution id="7561d3ed-ec01-49c8-9d0a-a158aea87341" />
      <TestMethod codeBase="C:\Users\navb\source\repos\SampleProject\TestProject\UnitTestProject10\bin\Debug\UnitTestProject10.dll" adapterTypeName="Microsoft.VisualStudio.TestTools.TestTypes.Unit.UnitTestAdapter" className="UnitTestinProgress.MSTestClass2" name="MSTest_P2_878" />
    </UnitTest>
    <UnitTest name="MSTest_P2_879" storage="c:\users\navb\source\repos\sampleproject\testproject\unittestproject10\bin\debug\unittestproject10.dll" id="53223002-3ece-d6b7-90af-dfc6000e70ce">
      <Execution id="66d55184-9bd0-4f05-9ec4-6b761c3c7036" />
      <TestMethod codeBase="C:\Users\navb\source\repos\SampleProject\TestProject\UnitTestProject10\bin\Debug\UnitTestProject10.dll" adapterTypeName="Microsoft.VisualStudio.TestTools.TestTypes.Unit.UnitTestAdapter" className="UnitTestinProgress.MSTestClass2" name="MSTest_P2_879" />
    </UnitTest>
    <UnitTest name="MSTest_P2_880" storage="c:\users\navb\source\repos\sampleproject\testproject\unittestproject10\bin\debug\unittestproject10.dll" id="5973e6ab-4412-1088-a080-cf1835df860a">
      <Execution id="6b701996-3729-4d64-b643-6b555c664f5b" />
      <TestMethod codeBase="C:\Users\navb\source\repos\SampleProject\TestProject\UnitTestProject10\bin\Debug\UnitTestProject10.dll" adapterTypeName="Microsoft.VisualStudio.TestTools.TestTypes.Unit.UnitTestAdapter" className="UnitTestinProgress.MSTestClass2" name="MSTest_P2_880" />
    </UnitTest>
    <UnitTest name="MSTest_P2_881" storage="c:\users\navb\source\repos\sampleproject\testproject\unittestproject10\bin\debug\unittestproject10.dll" id="b6cbae22-7678-43bf-a3cf-9e1a02f451c5">
      <Execution id="38283e7b-adfb-444e-85f8-fce06ad0ff9c" />
      <TestMethod codeBase="C:\Users\navb\source\repos\SampleProject\TestProject\UnitTestProject10\bin\Debug\UnitTestProject10.dll" adapterTypeName="Microsoft.VisualStudio.TestTools.TestTypes.Unit.UnitTestAdapter" className="UnitTestinProgress.MSTestClass2" name="MSTest_P2_881" />
    </UnitTest>
    <UnitTest name="MSTest_P2_882" storage="c:\users\navb\source\repos\sampleproject\testproject\unittestproject10\bin\debug\unittestproject10.dll" id="19aa84b0-3d14-3b24-492f-1b765811c409">
      <Execution id="64515323-8ee3-45fa-a8db-57937839a8f7" />
      <TestMethod codeBase="C:\Users\navb\source\repos\SampleProject\TestProject\UnitTestProject10\bin\Debug\UnitTestProject10.dll" adapterTypeName="Microsoft.VisualStudio.TestTools.TestTypes.Unit.UnitTestAdapter" className="UnitTestinProgress.MSTestClass2" name="MSTest_P2_882" />
    </UnitTest>
    <UnitTest name="MSTest_P2_883" storage="c:\users\navb\source\repos\sampleproject\testproject\unittestproject10\bin\debug\unittestproject10.dll" id="793dceeb-29da-7d67-8f22-0b73d18f83f5">
      <Execution id="e68dcf03-07d6-475b-8cb7-537570900356" />
      <TestMethod codeBase="C:\Users\navb\source\repos\SampleProject\TestProject\UnitTestProject10\bin\Debug\UnitTestProject10.dll" adapterTypeName="Microsoft.VisualStudio.TestTools.TestTypes.Unit.UnitTestAdapter" className="UnitTestinProgress.MSTestClass2" name="MSTest_P2_883" />
    </UnitTest>
    <UnitTest name="MSTest_P2_884" storage="c:\users\navb\source\repos\sampleproject\testproject\unittestproject10\bin\debug\unittestproject10.dll" id="405694f4-36fb-6245-aa30-de3fbd3780af">
      <Execution id="b8377f0c-bf4d-434c-b24f-a67031d64331" />
      <TestMethod codeBase="C:\Users\navb\source\repos\SampleProject\TestProject\UnitTestProject10\bin\Debug\UnitTestProject10.dll" adapterTypeName="Microsoft.VisualStudio.TestTools.TestTypes.Unit.UnitTestAdapter" className="UnitTestinProgress.MSTestClass2" name="MSTest_P2_884" />
    </UnitTest>
    <UnitTest name="MSTest_P2_885" storage="c:\users\navb\source\repos\sampleproject\testproject\unittestproject10\bin\debug\unittestproject10.dll" id="37b695b3-3e61-189f-b467-3318d8d15d31">
      <Execution id="f4e9e3d3-2b8d-4577-853a-bf566ed0ced3" />
      <TestMethod codeBase="C:\Users\navb\source\repos\SampleProject\TestProject\UnitTestProject10\bin\Debug\UnitTestProject10.dll" adapterTypeName="Microsoft.VisualStudio.TestTools.TestTypes.Unit.UnitTestAdapter" className="UnitTestinProgress.MSTestClass2" name="MSTest_P2_885" />
    </UnitTest>
    <UnitTest name="MSTest_P2_886" storage="c:\users\navb\source\repos\sampleproject\testproject\unittestproject10\bin\debug\unittestproject10.dll" id="135d2e13-c57b-2fe9-21d1-c8744f718b44">
      <Execution id="0189b12a-2942-4c88-a111-5af61983ab37" />
      <TestMethod codeBase="C:\Users\navb\source\repos\SampleProject\TestProject\UnitTestProject10\bin\Debug\UnitTestProject10.dll" adapterTypeName="Microsoft.VisualStudio.TestTools.TestTypes.Unit.UnitTestAdapter" className="UnitTestinProgress.MSTestClass2" name="MSTest_P2_886" />
    </UnitTest>
    <UnitTest name="MSTest_P2_887" storage="c:\users\navb\source\repos\sampleproject\testproject\unittestproject10\bin\debug\unittestproject10.dll" id="49f8e1df-8bb0-8489-559f-8c7db164e7ca">
      <Execution id="3affde08-42a8-4b96-92e3-f13ea052bde9" />
      <TestMethod codeBase="C:\Users\navb\source\repos\SampleProject\TestProject\UnitTestProject10\bin\Debug\UnitTestProject10.dll" adapterTypeName="Microsoft.VisualStudio.TestTools.TestTypes.Unit.UnitTestAdapter" className="UnitTestinProgress.MSTestClass2" name="MSTest_P2_887" />
    </UnitTest>
    <UnitTest name="MSTest_P2_888" storage="c:\users\navb\source\repos\sampleproject\testproject\unittestproject10\bin\debug\unittestproject10.dll" id="c5821e74-d368-e2f0-980a-54e9e41c9527">
      <Execution id="944346e9-d256-48cc-9803-2ab584fb7acf" />
      <TestMethod codeBase="C:\Users\navb\source\repos\SampleProject\TestProject\UnitTestProject10\bin\Debug\UnitTestProject10.dll" adapterTypeName="Microsoft.VisualStudio.TestTools.TestTypes.Unit.UnitTestAdapter" className="UnitTestinProgress.MSTestClass2" name="MSTest_P2_888" />
    </UnitTest>
    <UnitTest name="MSTest_P2_889" storage="c:\users\navb\source\repos\sampleproject\testproject\unittestproject10\bin\debug\unittestproject10.dll" id="13525bc0-6c1b-b08c-be93-a925f20b8daf">
      <Execution id="6bee3d77-e854-4de3-8db3-b9bc6c4b7b5d" />
      <TestMethod codeBase="C:\Users\navb\source\repos\SampleProject\TestProject\UnitTestProject10\bin\Debug\UnitTestProject10.dll" adapterTypeName="Microsoft.VisualStudio.TestTools.TestTypes.Unit.UnitTestAdapter" className="UnitTestinProgress.MSTestClass2" name="MSTest_P2_889" />
    </UnitTest>
    <UnitTest name="MSTest_P2_890" storage="c:\users\navb\source\repos\sampleproject\testproject\unittestproject10\bin\debug\unittestproject10.dll" id="9e1ec76b-8a3d-b2e3-797b-a1567313d528">
      <Execution id="6d09de53-c0a1-4d3a-8e30-257d6c13b86e" />
      <TestMethod codeBase="C:\Users\navb\source\repos\SampleProject\TestProject\UnitTestProject10\bin\Debug\UnitTestProject10.dll" adapterTypeName="Microsoft.VisualStudio.TestTools.TestTypes.Unit.UnitTestAdapter" className="UnitTestinProgress.MSTestClass2" name="MSTest_P2_890" />
    </UnitTest>
    <UnitTest name="MSTest_P2_891" storage="c:\users\navb\source\repos\sampleproject\testproject\unittestproject10\bin\debug\unittestproject10.dll" id="b6107094-3ee8-6336-dda3-3cc40b28cc63">
      <Execution id="f6fa9365-ef20-4491-8f63-543dc1dd007e" />
      <TestMethod codeBase="C:\Users\navb\source\repos\SampleProject\TestProject\UnitTestProject10\bin\Debug\UnitTestProject10.dll" adapterTypeName="Microsoft.VisualStudio.TestTools.TestTypes.Unit.UnitTestAdapter" className="UnitTestinProgress.MSTestClass2" name="MSTest_P2_891" />
    </UnitTest>
    <UnitTest name="MSTest_P2_892" storage="c:\users\navb\source\repos\sampleproject\testproject\unittestproject10\bin\debug\unittestproject10.dll" id="17bb2056-a845-81a8-50e9-5b0df5282b4f">
      <Execution id="83918df2-f8e9-4909-90fa-2d3b890c69c5" />
      <TestMethod codeBase="C:\Users\navb\source\repos\SampleProject\TestProject\UnitTestProject10\bin\Debug\UnitTestProject10.dll" adapterTypeName="Microsoft.VisualStudio.TestTools.TestTypes.Unit.UnitTestAdapter" className="UnitTestinProgress.MSTestClass2" name="MSTest_P2_892" />
    </UnitTest>
    <UnitTest name="MSTest_P2_893" storage="c:\users\navb\source\repos\sampleproject\testproject\unittestproject10\bin\debug\unittestproject10.dll" id="10c2ad78-f2d3-605c-6e27-d687e82263f6">
      <Execution id="5d6f8e96-9b97-40dd-9532-516d47f28f75" />
      <TestMethod codeBase="C:\Users\navb\source\repos\SampleProject\TestProject\UnitTestProject10\bin\Debug\UnitTestProject10.dll" adapterTypeName="Microsoft.VisualStudio.TestTools.TestTypes.Unit.UnitTestAdapter" className="UnitTestinProgress.MSTestClass2" name="MSTest_P2_893" />
    </UnitTest>
    <UnitTest name="MSTest_P2_894" storage="c:\users\navb\source\repos\sampleproject\testproject\unittestproject10\bin\debug\unittestproject10.dll" id="2efc752f-e52a-dec4-178f-19604a7c5e7b">
      <Execution id="cae0a4ff-232e-4e01-9171-0d106aa84b6c" />
      <TestMethod codeBase="C:\Users\navb\source\repos\SampleProject\TestProject\UnitTestProject10\bin\Debug\UnitTestProject10.dll" adapterTypeName="Microsoft.VisualStudio.TestTools.TestTypes.Unit.UnitTestAdapter" className="UnitTestinProgress.MSTestClass2" name="MSTest_P2_894" />
    </UnitTest>
    <UnitTest name="MSTest_P2_895" storage="c:\users\navb\source\repos\sampleproject\testproject\unittestproject10\bin\debug\unittestproject10.dll" id="30c624c3-79f0-0618-153b-028d806d78cc">
      <Execution id="c7de5a61-309b-446b-a205-74fc94adc97b" />
      <TestMethod codeBase="C:\Users\navb\source\repos\SampleProject\TestProject\UnitTestProject10\bin\Debug\UnitTestProject10.dll" adapterTypeName="Microsoft.VisualStudio.TestTools.TestTypes.Unit.UnitTestAdapter" className="UnitTestinProgress.MSTestClass2" name="MSTest_P2_895" />
    </UnitTest>
    <UnitTest name="MSTest_P2_896" storage="c:\users\navb\source\repos\sampleproject\testproject\unittestproject10\bin\debug\unittestproject10.dll" id="ec73b0ac-2802-ef8b-0d4a-c76a499b198f">
      <Execution id="4fc084f1-45ed-4ab1-b79e-73d5a4cf523a" />
      <TestMethod codeBase="C:\Users\navb\source\repos\SampleProject\TestProject\UnitTestProject10\bin\Debug\UnitTestProject10.dll" adapterTypeName="Microsoft.VisualStudio.TestTools.TestTypes.Unit.UnitTestAdapter" className="UnitTestinProgress.MSTestClass2" name="MSTest_P2_896" />
    </UnitTest>
    <UnitTest name="MSTest_P2_897" storage="c:\users\navb\source\repos\sampleproject\testproject\unittestproject10\bin\debug\unittestproject10.dll" id="1e9cea06-c718-480a-6787-7ecd55d42cf9">
      <Execution id="0adac831-1311-4d35-be4b-0246b4c3310c" />
      <TestMethod codeBase="C:\Users\navb\source\repos\SampleProject\TestProject\UnitTestProject10\bin\Debug\UnitTestProject10.dll" adapterTypeName="Microsoft.VisualStudio.TestTools.TestTypes.Unit.UnitTestAdapter" className="UnitTestinProgress.MSTestClass2" name="MSTest_P2_897" />
    </UnitTest>
    <UnitTest name="MSTest_P2_898" storage="c:\users\navb\source\repos\sampleproject\testproject\unittestproject10\bin\debug\unittestproject10.dll" id="3666793a-a353-00ae-7d73-2bbf8422df32">
      <Execution id="909ef600-f730-4098-a117-77bf3a0e0a95" />
      <TestMethod codeBase="C:\Users\navb\source\repos\SampleProject\TestProject\UnitTestProject10\bin\Debug\UnitTestProject10.dll" adapterTypeName="Microsoft.VisualStudio.TestTools.TestTypes.Unit.UnitTestAdapter" className="UnitTestinProgress.MSTestClass2" name="MSTest_P2_898" />
    </UnitTest>
    <UnitTest name="MSTest_P2_899" storage="c:\users\navb\source\repos\sampleproject\testproject\unittestproject10\bin\debug\unittestproject10.dll" id="320eb563-5f19-1e3e-f62a-24be6dd2d251">
      <Execution id="4444beb1-4297-450d-bb30-ec47cae76eec" />
      <TestMethod codeBase="C:\Users\navb\source\repos\SampleProject\TestProject\UnitTestProject10\bin\Debug\UnitTestProject10.dll" adapterTypeName="Microsoft.VisualStudio.TestTools.TestTypes.Unit.UnitTestAdapter" className="UnitTestinProgress.MSTestClass2" name="MSTest_P2_899" />
    </UnitTest>
    <UnitTest name="MSTest_P2_900" storage="c:\users\navb\source\repos\sampleproject\testproject\unittestproject10\bin\debug\unittestproject10.dll" id="aa4382a8-b1d4-c067-573b-0b02a333c466">
      <Execution id="bfbebf81-c075-4ee5-98a6-f9c561da6454" />
      <TestMethod codeBase="C:\Users\navb\source\repos\SampleProject\TestProject\UnitTestProject10\bin\Debug\UnitTestProject10.dll" adapterTypeName="Microsoft.VisualStudio.TestTools.TestTypes.Unit.UnitTestAdapter" className="UnitTestinProgress.MSTestClass2" name="MSTest_P2_900" />
    </UnitTest>
    <UnitTest name="MSTest_P2_901" storage="c:\users\navb\source\repos\sampleproject\testproject\unittestproject10\bin\debug\unittestproject10.dll" id="836d7214-8330-e17b-f95a-b8fe91af83f3">
      <Execution id="5cfc5602-bcce-45b6-ac02-6d4940edb1c2" />
      <TestMethod codeBase="C:\Users\navb\source\repos\SampleProject\TestProject\UnitTestProject10\bin\Debug\UnitTestProject10.dll" adapterTypeName="Microsoft.VisualStudio.TestTools.TestTypes.Unit.UnitTestAdapter" className="UnitTestinProgress.MSTestClass2" name="MSTest_P2_901" />
    </UnitTest>
    <UnitTest name="MSTest_P2_902" storage="c:\users\navb\source\repos\sampleproject\testproject\unittestproject10\bin\debug\unittestproject10.dll" id="e24539b2-56b5-2869-cb2f-2fa73e925e9c">
      <Execution id="6c16a435-267d-4a82-9ffb-4e2dde774820" />
      <TestMethod codeBase="C:\Users\navb\source\repos\SampleProject\TestProject\UnitTestProject10\bin\Debug\UnitTestProject10.dll" adapterTypeName="Microsoft.VisualStudio.TestTools.TestTypes.Unit.UnitTestAdapter" className="UnitTestinProgress.MSTestClass2" name="MSTest_P2_902" />
    </UnitTest>
    <UnitTest name="MSTest_P2_903" storage="c:\users\navb\source\repos\sampleproject\testproject\unittestproject10\bin\debug\unittestproject10.dll" id="a6fa6f17-e648-a691-3cc0-28cc92e8100f">
      <Execution id="250726a9-c984-4196-89aa-7c8fa12d16c8" />
      <TestMethod codeBase="C:\Users\navb\source\repos\SampleProject\TestProject\UnitTestProject10\bin\Debug\UnitTestProject10.dll" adapterTypeName="Microsoft.VisualStudio.TestTools.TestTypes.Unit.UnitTestAdapter" className="UnitTestinProgress.MSTestClass2" name="MSTest_P2_903" />
    </UnitTest>
    <UnitTest name="MSTest_P2_904" storage="c:\users\navb\source\repos\sampleproject\testproject\unittestproject10\bin\debug\unittestproject10.dll" id="d6b49d03-800f-4e68-47a4-e5f093cd9f74">
      <Execution id="0aec598e-47da-413c-bece-d192bd4ce717" />
      <TestMethod codeBase="C:\Users\navb\source\repos\SampleProject\TestProject\UnitTestProject10\bin\Debug\UnitTestProject10.dll" adapterTypeName="Microsoft.VisualStudio.TestTools.TestTypes.Unit.UnitTestAdapter" className="UnitTestinProgress.MSTestClass2" name="MSTest_P2_904" />
    </UnitTest>
    <UnitTest name="MSTest_P2_905" storage="c:\users\navb\source\repos\sampleproject\testproject\unittestproject10\bin\debug\unittestproject10.dll" id="9cf10940-879d-c09a-703d-e30b8b71f85e">
      <Execution id="a73cd69a-0390-4966-a445-3548132c93f2" />
      <TestMethod codeBase="C:\Users\navb\source\repos\SampleProject\TestProject\UnitTestProject10\bin\Debug\UnitTestProject10.dll" adapterTypeName="Microsoft.VisualStudio.TestTools.TestTypes.Unit.UnitTestAdapter" className="UnitTestinProgress.MSTestClass2" name="MSTest_P2_905" />
    </UnitTest>
    <UnitTest name="MSTest_P2_906" storage="c:\users\navb\source\repos\sampleproject\testproject\unittestproject10\bin\debug\unittestproject10.dll" id="0649e455-ff28-da43-dca0-ccf61336f387">
      <Execution id="7faa9654-852a-4908-8b20-9b3c8c6aca86" />
      <TestMethod codeBase="C:\Users\navb\source\repos\SampleProject\TestProject\UnitTestProject10\bin\Debug\UnitTestProject10.dll" adapterTypeName="Microsoft.VisualStudio.TestTools.TestTypes.Unit.UnitTestAdapter" className="UnitTestinProgress.MSTestClass2" name="MSTest_P2_906" />
    </UnitTest>
    <UnitTest name="MSTest_P2_907" storage="c:\users\navb\source\repos\sampleproject\testproject\unittestproject10\bin\debug\unittestproject10.dll" id="a1357182-ed79-cee5-385d-a835414b865b">
      <Execution id="11428671-1d90-46c9-a633-fad1a1131541" />
      <TestMethod codeBase="C:\Users\navb\source\repos\SampleProject\TestProject\UnitTestProject10\bin\Debug\UnitTestProject10.dll" adapterTypeName="Microsoft.VisualStudio.TestTools.TestTypes.Unit.UnitTestAdapter" className="UnitTestinProgress.MSTestClass2" name="MSTest_P2_907" />
    </UnitTest>
    <UnitTest name="MSTest_P2_908" storage="c:\users\navb\source\repos\sampleproject\testproject\unittestproject10\bin\debug\unittestproject10.dll" id="f95789be-557d-7fe1-a340-17926bf88c2a">
      <Execution id="e0c89430-108c-4c8e-88c7-fe25d86ddbf1" />
      <TestMethod codeBase="C:\Users\navb\source\repos\SampleProject\TestProject\UnitTestProject10\bin\Debug\UnitTestProject10.dll" adapterTypeName="Microsoft.VisualStudio.TestTools.TestTypes.Unit.UnitTestAdapter" className="UnitTestinProgress.MSTestClass2" name="MSTest_P2_908" />
    </UnitTest>
    <UnitTest name="MSTest_P2_909" storage="c:\users\navb\source\repos\sampleproject\testproject\unittestproject10\bin\debug\unittestproject10.dll" id="60ebc807-76cf-94a4-39b4-5f450c95d8b9">
      <Execution id="5f6655c4-1af3-4198-8b3b-d7570cdc2b25" />
      <TestMethod codeBase="C:\Users\navb\source\repos\SampleProject\TestProject\UnitTestProject10\bin\Debug\UnitTestProject10.dll" adapterTypeName="Microsoft.VisualStudio.TestTools.TestTypes.Unit.UnitTestAdapter" className="UnitTestinProgress.MSTestClass2" name="MSTest_P2_909" />
    </UnitTest>
    <UnitTest name="MSTest_P2_910" storage="c:\users\navb\source\repos\sampleproject\testproject\unittestproject10\bin\debug\unittestproject10.dll" id="3553da06-deeb-eaa9-c4cd-278b080fcb72">
      <Execution id="a5fd4edd-6234-44f2-ae25-1bc3d7fe59ed" />
      <TestMethod codeBase="C:\Users\navb\source\repos\SampleProject\TestProject\UnitTestProject10\bin\Debug\UnitTestProject10.dll" adapterTypeName="Microsoft.VisualStudio.TestTools.TestTypes.Unit.UnitTestAdapter" className="UnitTestinProgress.MSTestClass2" name="MSTest_P2_910" />
    </UnitTest>
    <UnitTest name="MSTest_P2_911" storage="c:\users\navb\source\repos\sampleproject\testproject\unittestproject10\bin\debug\unittestproject10.dll" id="6bfece42-94dc-3924-f4b1-5ec02be37163">
      <Execution id="bae51a46-21bc-406c-9cbb-554ca78ed14e" />
      <TestMethod codeBase="C:\Users\navb\source\repos\SampleProject\TestProject\UnitTestProject10\bin\Debug\UnitTestProject10.dll" adapterTypeName="Microsoft.VisualStudio.TestTools.TestTypes.Unit.UnitTestAdapter" className="UnitTestinProgress.MSTestClass2" name="MSTest_P2_911" />
    </UnitTest>
    <UnitTest name="MSTest_P2_912" storage="c:\users\navb\source\repos\sampleproject\testproject\unittestproject10\bin\debug\unittestproject10.dll" id="9cf3f932-6f06-75fc-27e0-026ef589ed1f">
      <Execution id="c016da45-7aff-4dee-a2b6-26889595621f" />
      <TestMethod codeBase="C:\Users\navb\source\repos\SampleProject\TestProject\UnitTestProject10\bin\Debug\UnitTestProject10.dll" adapterTypeName="Microsoft.VisualStudio.TestTools.TestTypes.Unit.UnitTestAdapter" className="UnitTestinProgress.MSTestClass2" name="MSTest_P2_912" />
    </UnitTest>
    <UnitTest name="MSTest_P2_913" storage="c:\users\navb\source\repos\sampleproject\testproject\unittestproject10\bin\debug\unittestproject10.dll" id="a5fb7c56-c36e-8ccf-9be8-25d804e11321">
      <Execution id="d8c41fb6-1ed6-42a6-a208-8b948ce186b7" />
      <TestMethod codeBase="C:\Users\navb\source\repos\SampleProject\TestProject\UnitTestProject10\bin\Debug\UnitTestProject10.dll" adapterTypeName="Microsoft.VisualStudio.TestTools.TestTypes.Unit.UnitTestAdapter" className="UnitTestinProgress.MSTestClass2" name="MSTest_P2_913" />
    </UnitTest>
    <UnitTest name="MSTest_P2_914" storage="c:\users\navb\source\repos\sampleproject\testproject\unittestproject10\bin\debug\unittestproject10.dll" id="46727c90-1e9f-d54e-ceb3-653740269c58">
      <Execution id="b624461e-eac5-4513-9ba0-abdd46c23513" />
      <TestMethod codeBase="C:\Users\navb\source\repos\SampleProject\TestProject\UnitTestProject10\bin\Debug\UnitTestProject10.dll" adapterTypeName="Microsoft.VisualStudio.TestTools.TestTypes.Unit.UnitTestAdapter" className="UnitTestinProgress.MSTestClass2" name="MSTest_P2_914" />
    </UnitTest>
    <UnitTest name="MSTest_P2_915" storage="c:\users\navb\source\repos\sampleproject\testproject\unittestproject10\bin\debug\unittestproject10.dll" id="323465df-b0c6-c93a-f976-a3e87e7c0f65">
      <Execution id="ccc43a9f-c08d-49e0-a5f3-2aaef9138660" />
      <TestMethod codeBase="C:\Users\navb\source\repos\SampleProject\TestProject\UnitTestProject10\bin\Debug\UnitTestProject10.dll" adapterTypeName="Microsoft.VisualStudio.TestTools.TestTypes.Unit.UnitTestAdapter" className="UnitTestinProgress.MSTestClass2" name="MSTest_P2_915" />
    </UnitTest>
    <UnitTest name="MSTest_P2_916" storage="c:\users\navb\source\repos\sampleproject\testproject\unittestproject10\bin\debug\unittestproject10.dll" id="5ed4fa02-b449-16f6-d37a-9b8b6e3854fd">
      <Execution id="4ad44643-ded3-4d24-a5f0-8ff95cc29fef" />
      <TestMethod codeBase="C:\Users\navb\source\repos\SampleProject\TestProject\UnitTestProject10\bin\Debug\UnitTestProject10.dll" adapterTypeName="Microsoft.VisualStudio.TestTools.TestTypes.Unit.UnitTestAdapter" className="UnitTestinProgress.MSTestClass2" name="MSTest_P2_916" />
    </UnitTest>
    <UnitTest name="MSTest_P2_917" storage="c:\users\navb\source\repos\sampleproject\testproject\unittestproject10\bin\debug\unittestproject10.dll" id="ea7ebcbf-c4f3-0665-8fe8-2b8a062f861b">
      <Execution id="8c76d5d6-fc59-4b8c-abcd-6c9599d8c706" />
      <TestMethod codeBase="C:\Users\navb\source\repos\SampleProject\TestProject\UnitTestProject10\bin\Debug\UnitTestProject10.dll" adapterTypeName="Microsoft.VisualStudio.TestTools.TestTypes.Unit.UnitTestAdapter" className="UnitTestinProgress.MSTestClass2" name="MSTest_P2_917" />
    </UnitTest>
    <UnitTest name="MSTest_P2_918" storage="c:\users\navb\source\repos\sampleproject\testproject\unittestproject10\bin\debug\unittestproject10.dll" id="9c453d34-0f8d-1810-5953-ca629e7e2dd9">
      <Execution id="96d8a31f-708a-4903-b3e5-9a29adc6a13c" />
      <TestMethod codeBase="C:\Users\navb\source\repos\SampleProject\TestProject\UnitTestProject10\bin\Debug\UnitTestProject10.dll" adapterTypeName="Microsoft.VisualStudio.TestTools.TestTypes.Unit.UnitTestAdapter" className="UnitTestinProgress.MSTestClass2" name="MSTest_P2_918" />
    </UnitTest>
    <UnitTest name="MSTest_P2_919" storage="c:\users\navb\source\repos\sampleproject\testproject\unittestproject10\bin\debug\unittestproject10.dll" id="fa2e4d78-d3eb-924c-3ce9-2277de7a3a36">
      <Execution id="0cada2e8-b949-4839-94d7-eeda06356827" />
      <TestMethod codeBase="C:\Users\navb\source\repos\SampleProject\TestProject\UnitTestProject10\bin\Debug\UnitTestProject10.dll" adapterTypeName="Microsoft.VisualStudio.TestTools.TestTypes.Unit.UnitTestAdapter" className="UnitTestinProgress.MSTestClass2" name="MSTest_P2_919" />
    </UnitTest>
    <UnitTest name="MSTest_P2_920" storage="c:\users\navb\source\repos\sampleproject\testproject\unittestproject10\bin\debug\unittestproject10.dll" id="08d6f6f2-ea22-dfbd-0e1d-827e4b20306e">
      <Execution id="fddfe137-e5d1-414b-882b-06b38a22f7d2" />
      <TestMethod codeBase="C:\Users\navb\source\repos\SampleProject\TestProject\UnitTestProject10\bin\Debug\UnitTestProject10.dll" adapterTypeName="Microsoft.VisualStudio.TestTools.TestTypes.Unit.UnitTestAdapter" className="UnitTestinProgress.MSTestClass2" name="MSTest_P2_920" />
    </UnitTest>
    <UnitTest name="MSTest_P2_921" storage="c:\users\navb\source\repos\sampleproject\testproject\unittestproject10\bin\debug\unittestproject10.dll" id="0fb46cb7-2202-1804-bbaf-4fd6de1dadf9">
      <Execution id="6c2ea947-f616-4ef0-98ff-ae98fc65d3d2" />
      <TestMethod codeBase="C:\Users\navb\source\repos\SampleProject\TestProject\UnitTestProject10\bin\Debug\UnitTestProject10.dll" adapterTypeName="Microsoft.VisualStudio.TestTools.TestTypes.Unit.UnitTestAdapter" className="UnitTestinProgress.MSTestClass2" name="MSTest_P2_921" />
    </UnitTest>
    <UnitTest name="MSTest_P2_922" storage="c:\users\navb\source\repos\sampleproject\testproject\unittestproject10\bin\debug\unittestproject10.dll" id="533775aa-cd99-b6a3-8ecf-1c326e710103">
      <Execution id="c23de512-bdc1-4bd6-b4b5-e0584a6be2b3" />
      <TestMethod codeBase="C:\Users\navb\source\repos\SampleProject\TestProject\UnitTestProject10\bin\Debug\UnitTestProject10.dll" adapterTypeName="Microsoft.VisualStudio.TestTools.TestTypes.Unit.UnitTestAdapter" className="UnitTestinProgress.MSTestClass2" name="MSTest_P2_922" />
    </UnitTest>
    <UnitTest name="MSTest_P2_923" storage="c:\users\navb\source\repos\sampleproject\testproject\unittestproject10\bin\debug\unittestproject10.dll" id="24df425f-241c-1aaf-b5d2-9182d665aedf">
      <Execution id="2700914d-ec2e-44cc-9910-bba6d1291b88" />
      <TestMethod codeBase="C:\Users\navb\source\repos\SampleProject\TestProject\UnitTestProject10\bin\Debug\UnitTestProject10.dll" adapterTypeName="Microsoft.VisualStudio.TestTools.TestTypes.Unit.UnitTestAdapter" className="UnitTestinProgress.MSTestClass2" name="MSTest_P2_923" />
    </UnitTest>
    <UnitTest name="MSTest_P2_924" storage="c:\users\navb\source\repos\sampleproject\testproject\unittestproject10\bin\debug\unittestproject10.dll" id="b0ca919c-7697-da10-c08a-ecf886c5ae32">
      <Execution id="c5290786-a07d-4f09-953a-47de44a68ebe" />
      <TestMethod codeBase="C:\Users\navb\source\repos\SampleProject\TestProject\UnitTestProject10\bin\Debug\UnitTestProject10.dll" adapterTypeName="Microsoft.VisualStudio.TestTools.TestTypes.Unit.UnitTestAdapter" className="UnitTestinProgress.MSTestClass2" name="MSTest_P2_924" />
    </UnitTest>
    <UnitTest name="MSTest_P2_925" storage="c:\users\navb\source\repos\sampleproject\testproject\unittestproject10\bin\debug\unittestproject10.dll" id="6812fd0f-ab65-6692-938e-7ca2dbd6f66d">
      <Execution id="2df2a260-0bbe-4c76-ba8b-0cb3f007b9c9" />
      <TestMethod codeBase="C:\Users\navb\source\repos\SampleProject\TestProject\UnitTestProject10\bin\Debug\UnitTestProject10.dll" adapterTypeName="Microsoft.VisualStudio.TestTools.TestTypes.Unit.UnitTestAdapter" className="UnitTestinProgress.MSTestClass2" name="MSTest_P2_925" />
    </UnitTest>
    <UnitTest name="MSTest_P2_926" storage="c:\users\navb\source\repos\sampleproject\testproject\unittestproject10\bin\debug\unittestproject10.dll" id="1f1cc244-f301-73b4-f226-162b426a437c">
      <Execution id="2b197d59-da8e-4997-966c-72dbdd48341d" />
      <TestMethod codeBase="C:\Users\navb\source\repos\SampleProject\TestProject\UnitTestProject10\bin\Debug\UnitTestProject10.dll" adapterTypeName="Microsoft.VisualStudio.TestTools.TestTypes.Unit.UnitTestAdapter" className="UnitTestinProgress.MSTestClass2" name="MSTest_P2_926" />
    </UnitTest>
    <UnitTest name="MSTest_P2_927" storage="c:\users\navb\source\repos\sampleproject\testproject\unittestproject10\bin\debug\unittestproject10.dll" id="9f12b5fb-25f3-3eaa-431d-8aa6894ec997">
      <Execution id="dcc1c3df-e2fa-4300-bc0e-5ee1afa55dea" />
      <TestMethod codeBase="C:\Users\navb\source\repos\SampleProject\TestProject\UnitTestProject10\bin\Debug\UnitTestProject10.dll" adapterTypeName="Microsoft.VisualStudio.TestTools.TestTypes.Unit.UnitTestAdapter" className="UnitTestinProgress.MSTestClass2" name="MSTest_P2_927" />
    </UnitTest>
    <UnitTest name="MSTest_P2_928" storage="c:\users\navb\source\repos\sampleproject\testproject\unittestproject10\bin\debug\unittestproject10.dll" id="9a0f6bd3-4ccd-1b56-8e36-06a02cdba06c">
      <Execution id="c3b41772-c111-4ee6-9c9e-ca020bb015c0" />
      <TestMethod codeBase="C:\Users\navb\source\repos\SampleProject\TestProject\UnitTestProject10\bin\Debug\UnitTestProject10.dll" adapterTypeName="Microsoft.VisualStudio.TestTools.TestTypes.Unit.UnitTestAdapter" className="UnitTestinProgress.MSTestClass2" name="MSTest_P2_928" />
    </UnitTest>
    <UnitTest name="MSTest_P2_929" storage="c:\users\navb\source\repos\sampleproject\testproject\unittestproject10\bin\debug\unittestproject10.dll" id="ebd7decd-c846-6ba5-b848-0cc6fe27c8c7">
      <Execution id="6973047b-508b-40d5-9d77-51fefc1e13e3" />
      <TestMethod codeBase="C:\Users\navb\source\repos\SampleProject\TestProject\UnitTestProject10\bin\Debug\UnitTestProject10.dll" adapterTypeName="Microsoft.VisualStudio.TestTools.TestTypes.Unit.UnitTestAdapter" className="UnitTestinProgress.MSTestClass2" name="MSTest_P2_929" />
    </UnitTest>
    <UnitTest name="MSTest_P2_930" storage="c:\users\navb\source\repos\sampleproject\testproject\unittestproject10\bin\debug\unittestproject10.dll" id="8c9252dc-213f-a58b-390c-7e02c0b5ea9b">
      <Execution id="9db104d6-c58a-4428-94c8-41e0f6d361b6" />
      <TestMethod codeBase="C:\Users\navb\source\repos\SampleProject\TestProject\UnitTestProject10\bin\Debug\UnitTestProject10.dll" adapterTypeName="Microsoft.VisualStudio.TestTools.TestTypes.Unit.UnitTestAdapter" className="UnitTestinProgress.MSTestClass2" name="MSTest_P2_930" />
    </UnitTest>
    <UnitTest name="MSTest_P2_931" storage="c:\users\navb\source\repos\sampleproject\testproject\unittestproject10\bin\debug\unittestproject10.dll" id="63099140-f5f1-56a0-a3ef-ed9482f6b9a9">
      <Execution id="73609536-05dd-4844-8edd-95f67284e1ac" />
      <TestMethod codeBase="C:\Users\navb\source\repos\SampleProject\TestProject\UnitTestProject10\bin\Debug\UnitTestProject10.dll" adapterTypeName="Microsoft.VisualStudio.TestTools.TestTypes.Unit.UnitTestAdapter" className="UnitTestinProgress.MSTestClass2" name="MSTest_P2_931" />
    </UnitTest>
    <UnitTest name="MSTest_P2_932" storage="c:\users\navb\source\repos\sampleproject\testproject\unittestproject10\bin\debug\unittestproject10.dll" id="bea2b1bc-233d-f16e-387b-58a8ca485ce9">
      <Execution id="0dabe73c-a92a-47bd-99a1-cb8b2ac052cd" />
      <TestMethod codeBase="C:\Users\navb\source\repos\SampleProject\TestProject\UnitTestProject10\bin\Debug\UnitTestProject10.dll" adapterTypeName="Microsoft.VisualStudio.TestTools.TestTypes.Unit.UnitTestAdapter" className="UnitTestinProgress.MSTestClass2" name="MSTest_P2_932" />
    </UnitTest>
    <UnitTest name="MSTest_P2_933" storage="c:\users\navb\source\repos\sampleproject\testproject\unittestproject10\bin\debug\unittestproject10.dll" id="d326654a-907f-afbd-a71c-7bea3aaf6405">
      <Execution id="daf4725e-1109-4da4-94eb-42fc985ae717" />
      <TestMethod codeBase="C:\Users\navb\source\repos\SampleProject\TestProject\UnitTestProject10\bin\Debug\UnitTestProject10.dll" adapterTypeName="Microsoft.VisualStudio.TestTools.TestTypes.Unit.UnitTestAdapter" className="UnitTestinProgress.MSTestClass2" name="MSTest_P2_933" />
    </UnitTest>
    <UnitTest name="MSTest_P2_934" storage="c:\users\navb\source\repos\sampleproject\testproject\unittestproject10\bin\debug\unittestproject10.dll" id="84834102-f0f5-8e13-66a1-6f61f6ca122a">
      <Execution id="1de4a3ee-38d9-4345-aec4-3e13b253b8b5" />
      <TestMethod codeBase="C:\Users\navb\source\repos\SampleProject\TestProject\UnitTestProject10\bin\Debug\UnitTestProject10.dll" adapterTypeName="Microsoft.VisualStudio.TestTools.TestTypes.Unit.UnitTestAdapter" className="UnitTestinProgress.MSTestClass2" name="MSTest_P2_934" />
    </UnitTest>
    <UnitTest name="MSTest_P2_935" storage="c:\users\navb\source\repos\sampleproject\testproject\unittestproject10\bin\debug\unittestproject10.dll" id="122256d8-b7df-94dc-0680-fe2bd42aafc0">
      <Execution id="692fba27-7c1e-40eb-b8c2-94ef0e0b5d2d" />
      <TestMethod codeBase="C:\Users\navb\source\repos\SampleProject\TestProject\UnitTestProject10\bin\Debug\UnitTestProject10.dll" adapterTypeName="Microsoft.VisualStudio.TestTools.TestTypes.Unit.UnitTestAdapter" className="UnitTestinProgress.MSTestClass2" name="MSTest_P2_935" />
    </UnitTest>
    <UnitTest name="MSTest_P2_766" storage="c:\users\navb\source\repos\sampleproject\testproject\unittestproject10\bin\debug\unittestproject10.dll" id="6b05b717-7cc0-0819-e23f-8cb34e553ca0">
      <Execution id="09b618a4-ece0-45d1-8493-d172b26be0f3" />
      <TestMethod codeBase="C:\Users\navb\source\repos\SampleProject\TestProject\UnitTestProject10\bin\Debug\UnitTestProject10.dll" adapterTypeName="Microsoft.VisualStudio.TestTools.TestTypes.Unit.UnitTestAdapter" className="UnitTestinProgress.MSTestClass2" name="MSTest_P2_766" />
    </UnitTest>
    <UnitTest name="MSTest_P2_767" storage="c:\users\navb\source\repos\sampleproject\testproject\unittestproject10\bin\debug\unittestproject10.dll" id="476483cf-f278-f6ac-64a1-5aeac311afbc">
      <Execution id="12be2e43-80ad-451f-8fda-078534ea38ad" />
      <TestMethod codeBase="C:\Users\navb\source\repos\SampleProject\TestProject\UnitTestProject10\bin\Debug\UnitTestProject10.dll" adapterTypeName="Microsoft.VisualStudio.TestTools.TestTypes.Unit.UnitTestAdapter" className="UnitTestinProgress.MSTestClass2" name="MSTest_P2_767" />
    </UnitTest>
    <UnitTest name="MSTest_P2_768" storage="c:\users\navb\source\repos\sampleproject\testproject\unittestproject10\bin\debug\unittestproject10.dll" id="03b3affe-7eb8-8fde-2b55-cdf310972d33">
      <Execution id="d9d2537d-b219-4c6d-9795-69a39d6a3845" />
      <TestMethod codeBase="C:\Users\navb\source\repos\SampleProject\TestProject\UnitTestProject10\bin\Debug\UnitTestProject10.dll" adapterTypeName="Microsoft.VisualStudio.TestTools.TestTypes.Unit.UnitTestAdapter" className="UnitTestinProgress.MSTestClass2" name="MSTest_P2_768" />
    </UnitTest>
    <UnitTest name="MSTest_P2_769" storage="c:\users\navb\source\repos\sampleproject\testproject\unittestproject10\bin\debug\unittestproject10.dll" id="69239abb-5536-6353-1e1d-6090bab5656d">
      <Execution id="365b9a0f-79a7-43e6-9bde-86b881011bbd" />
      <TestMethod codeBase="C:\Users\navb\source\repos\SampleProject\TestProject\UnitTestProject10\bin\Debug\UnitTestProject10.dll" adapterTypeName="Microsoft.VisualStudio.TestTools.TestTypes.Unit.UnitTestAdapter" className="UnitTestinProgress.MSTestClass2" name="MSTest_P2_769" />
    </UnitTest>
    <UnitTest name="MSTest_P2_770" storage="c:\users\navb\source\repos\sampleproject\testproject\unittestproject10\bin\debug\unittestproject10.dll" id="24c6bed6-b7ca-60c7-9615-4bb29f84597d">
      <Execution id="3d07c394-dd21-4dc6-a262-47a51068f2ae" />
      <TestMethod codeBase="C:\Users\navb\source\repos\SampleProject\TestProject\UnitTestProject10\bin\Debug\UnitTestProject10.dll" adapterTypeName="Microsoft.VisualStudio.TestTools.TestTypes.Unit.UnitTestAdapter" className="UnitTestinProgress.MSTestClass2" name="MSTest_P2_770" />
    </UnitTest>
    <UnitTest name="MSTest_P2_771" storage="c:\users\navb\source\repos\sampleproject\testproject\unittestproject10\bin\debug\unittestproject10.dll" id="57350ea8-1da1-16ca-24be-59cd98188beb">
      <Execution id="b50352d4-2180-461f-94d7-55f95a80f687" />
      <TestMethod codeBase="C:\Users\navb\source\repos\SampleProject\TestProject\UnitTestProject10\bin\Debug\UnitTestProject10.dll" adapterTypeName="Microsoft.VisualStudio.TestTools.TestTypes.Unit.UnitTestAdapter" className="UnitTestinProgress.MSTestClass2" name="MSTest_P2_771" />
    </UnitTest>
    <UnitTest name="MSTest_P2_772" storage="c:\users\navb\source\repos\sampleproject\testproject\unittestproject10\bin\debug\unittestproject10.dll" id="255701e3-d6c5-2a7e-582e-4e9454ab3f3a">
      <Execution id="ecc3bb51-102e-4bb0-b63a-4aeae438f85a" />
      <TestMethod codeBase="C:\Users\navb\source\repos\SampleProject\TestProject\UnitTestProject10\bin\Debug\UnitTestProject10.dll" adapterTypeName="Microsoft.VisualStudio.TestTools.TestTypes.Unit.UnitTestAdapter" className="UnitTestinProgress.MSTestClass2" name="MSTest_P2_772" />
    </UnitTest>
    <UnitTest name="MSTest_P2_773" storage="c:\users\navb\source\repos\sampleproject\testproject\unittestproject10\bin\debug\unittestproject10.dll" id="fd864e03-a2ac-9d68-e3e5-21c183607447">
      <Execution id="43100ba4-a8d1-451e-b2d0-22920a33f540" />
      <TestMethod codeBase="C:\Users\navb\source\repos\SampleProject\TestProject\UnitTestProject10\bin\Debug\UnitTestProject10.dll" adapterTypeName="Microsoft.VisualStudio.TestTools.TestTypes.Unit.UnitTestAdapter" className="UnitTestinProgress.MSTestClass2" name="MSTest_P2_773" />
    </UnitTest>
    <UnitTest name="MSTest_P2_774" storage="c:\users\navb\source\repos\sampleproject\testproject\unittestproject10\bin\debug\unittestproject10.dll" id="67cbe143-c9e1-3667-f354-b13f0a4a5818">
      <Execution id="4c807da1-ebe1-44ae-90e7-6e115f948129" />
      <TestMethod codeBase="C:\Users\navb\source\repos\SampleProject\TestProject\UnitTestProject10\bin\Debug\UnitTestProject10.dll" adapterTypeName="Microsoft.VisualStudio.TestTools.TestTypes.Unit.UnitTestAdapter" className="UnitTestinProgress.MSTestClass2" name="MSTest_P2_774" />
    </UnitTest>
    <UnitTest name="MSTest_P2_775" storage="c:\users\navb\source\repos\sampleproject\testproject\unittestproject10\bin\debug\unittestproject10.dll" id="2826db9d-036b-730c-6273-7b93a2454dd5">
      <Execution id="0a80485e-f667-4ad4-888e-27a2a2636453" />
      <TestMethod codeBase="C:\Users\navb\source\repos\SampleProject\TestProject\UnitTestProject10\bin\Debug\UnitTestProject10.dll" adapterTypeName="Microsoft.VisualStudio.TestTools.TestTypes.Unit.UnitTestAdapter" className="UnitTestinProgress.MSTestClass2" name="MSTest_P2_775" />
    </UnitTest>
    <UnitTest name="MSTest_P2_776" storage="c:\users\navb\source\repos\sampleproject\testproject\unittestproject10\bin\debug\unittestproject10.dll" id="0701ec27-8442-0285-8771-a886cad269b6">
      <Execution id="1621af20-a34e-42b2-9e87-6c3d88334e6f" />
      <TestMethod codeBase="C:\Users\navb\source\repos\SampleProject\TestProject\UnitTestProject10\bin\Debug\UnitTestProject10.dll" adapterTypeName="Microsoft.VisualStudio.TestTools.TestTypes.Unit.UnitTestAdapter" className="UnitTestinProgress.MSTestClass2" name="MSTest_P2_776" />
    </UnitTest>
    <UnitTest name="MSTest_P2_777" storage="c:\users\navb\source\repos\sampleproject\testproject\unittestproject10\bin\debug\unittestproject10.dll" id="0f372502-e6c5-d869-decb-44a8aeec4b47">
      <Execution id="70a5c5ca-2202-43fa-b198-4994fc544eb3" />
      <TestMethod codeBase="C:\Users\navb\source\repos\SampleProject\TestProject\UnitTestProject10\bin\Debug\UnitTestProject10.dll" adapterTypeName="Microsoft.VisualStudio.TestTools.TestTypes.Unit.UnitTestAdapter" className="UnitTestinProgress.MSTestClass2" name="MSTest_P2_777" />
    </UnitTest>
    <UnitTest name="MSTest_P2_778" storage="c:\users\navb\source\repos\sampleproject\testproject\unittestproject10\bin\debug\unittestproject10.dll" id="6f274f50-385d-9228-ce38-75d52ba2893b">
      <Execution id="470088c3-d7e6-440d-be26-f5ca66509632" />
      <TestMethod codeBase="C:\Users\navb\source\repos\SampleProject\TestProject\UnitTestProject10\bin\Debug\UnitTestProject10.dll" adapterTypeName="Microsoft.VisualStudio.TestTools.TestTypes.Unit.UnitTestAdapter" className="UnitTestinProgress.MSTestClass2" name="MSTest_P2_778" />
    </UnitTest>
    <UnitTest name="MSTest_P2_779" storage="c:\users\navb\source\repos\sampleproject\testproject\unittestproject10\bin\debug\unittestproject10.dll" id="d984c8fb-0f45-07d5-5aff-491c95740fee">
      <Execution id="939dc3e0-2009-429d-b5d5-8e3b8dd6bcd4" />
      <TestMethod codeBase="C:\Users\navb\source\repos\SampleProject\TestProject\UnitTestProject10\bin\Debug\UnitTestProject10.dll" adapterTypeName="Microsoft.VisualStudio.TestTools.TestTypes.Unit.UnitTestAdapter" className="UnitTestinProgress.MSTestClass2" name="MSTest_P2_779" />
    </UnitTest>
    <UnitTest name="MSTest_P2_780" storage="c:\users\navb\source\repos\sampleproject\testproject\unittestproject10\bin\debug\unittestproject10.dll" id="3af3e295-475e-2965-3fae-ed16c007300a">
      <Execution id="ff073ccb-a9dc-4022-aaa5-289c3c467fe9" />
      <TestMethod codeBase="C:\Users\navb\source\repos\SampleProject\TestProject\UnitTestProject10\bin\Debug\UnitTestProject10.dll" adapterTypeName="Microsoft.VisualStudio.TestTools.TestTypes.Unit.UnitTestAdapter" className="UnitTestinProgress.MSTestClass2" name="MSTest_P2_780" />
    </UnitTest>
    <UnitTest name="MSTest_P2_781" storage="c:\users\navb\source\repos\sampleproject\testproject\unittestproject10\bin\debug\unittestproject10.dll" id="0ee59989-0de4-6468-54b0-11241b424a01">
      <Execution id="3d3cd350-8921-4cc1-86a0-6a19c62e16b3" />
      <TestMethod codeBase="C:\Users\navb\source\repos\SampleProject\TestProject\UnitTestProject10\bin\Debug\UnitTestProject10.dll" adapterTypeName="Microsoft.VisualStudio.TestTools.TestTypes.Unit.UnitTestAdapter" className="UnitTestinProgress.MSTestClass2" name="MSTest_P2_781" />
    </UnitTest>
    <UnitTest name="MSTest_P2_782" storage="c:\users\navb\source\repos\sampleproject\testproject\unittestproject10\bin\debug\unittestproject10.dll" id="d2bcf89c-eb86-9096-0cc4-2265fbaee027">
      <Execution id="a64fb8dd-f48a-477d-b0f4-369e57aca85e" />
      <TestMethod codeBase="C:\Users\navb\source\repos\SampleProject\TestProject\UnitTestProject10\bin\Debug\UnitTestProject10.dll" adapterTypeName="Microsoft.VisualStudio.TestTools.TestTypes.Unit.UnitTestAdapter" className="UnitTestinProgress.MSTestClass2" name="MSTest_P2_782" />
    </UnitTest>
    <UnitTest name="MSTest_P2_783" storage="c:\users\navb\source\repos\sampleproject\testproject\unittestproject10\bin\debug\unittestproject10.dll" id="1266c2b5-1292-dcba-e77b-8d9741e46aca">
      <Execution id="32e32fc1-ac64-458c-987d-1b9057af6dfa" />
      <TestMethod codeBase="C:\Users\navb\source\repos\SampleProject\TestProject\UnitTestProject10\bin\Debug\UnitTestProject10.dll" adapterTypeName="Microsoft.VisualStudio.TestTools.TestTypes.Unit.UnitTestAdapter" className="UnitTestinProgress.MSTestClass2" name="MSTest_P2_783" />
    </UnitTest>
    <UnitTest name="MSTest_P2_784" storage="c:\users\navb\source\repos\sampleproject\testproject\unittestproject10\bin\debug\unittestproject10.dll" id="de217202-f290-81bc-2399-85d15c17e773">
      <Execution id="ebff6581-f4c3-4ab9-8af2-96c22e7191e3" />
      <TestMethod codeBase="C:\Users\navb\source\repos\SampleProject\TestProject\UnitTestProject10\bin\Debug\UnitTestProject10.dll" adapterTypeName="Microsoft.VisualStudio.TestTools.TestTypes.Unit.UnitTestAdapter" className="UnitTestinProgress.MSTestClass2" name="MSTest_P2_784" />
    </UnitTest>
    <UnitTest name="MSTest_P2_785" storage="c:\users\navb\source\repos\sampleproject\testproject\unittestproject10\bin\debug\unittestproject10.dll" id="4a2efd3f-ce57-9ef4-fb58-689160e33173">
      <Execution id="86b7fed4-e9ac-4ee3-8241-dfe05398ec21" />
      <TestMethod codeBase="C:\Users\navb\source\repos\SampleProject\TestProject\UnitTestProject10\bin\Debug\UnitTestProject10.dll" adapterTypeName="Microsoft.VisualStudio.TestTools.TestTypes.Unit.UnitTestAdapter" className="UnitTestinProgress.MSTestClass2" name="MSTest_P2_785" />
    </UnitTest>
    <UnitTest name="MSTest_P2_786" storage="c:\users\navb\source\repos\sampleproject\testproject\unittestproject10\bin\debug\unittestproject10.dll" id="93a57171-4abe-da1e-d58c-9098c36cbf34">
      <Execution id="42bd6bcb-0154-43c5-9945-60e41bc45c10" />
      <TestMethod codeBase="C:\Users\navb\source\repos\SampleProject\TestProject\UnitTestProject10\bin\Debug\UnitTestProject10.dll" adapterTypeName="Microsoft.VisualStudio.TestTools.TestTypes.Unit.UnitTestAdapter" className="UnitTestinProgress.MSTestClass2" name="MSTest_P2_786" />
    </UnitTest>
    <UnitTest name="MSTest_P2_787" storage="c:\users\navb\source\repos\sampleproject\testproject\unittestproject10\bin\debug\unittestproject10.dll" id="6078dece-5c87-dc47-5b9e-163f0ce91290">
      <Execution id="696d3797-3c68-47e6-a134-1bf83a3abab7" />
      <TestMethod codeBase="C:\Users\navb\source\repos\SampleProject\TestProject\UnitTestProject10\bin\Debug\UnitTestProject10.dll" adapterTypeName="Microsoft.VisualStudio.TestTools.TestTypes.Unit.UnitTestAdapter" className="UnitTestinProgress.MSTestClass2" name="MSTest_P2_787" />
    </UnitTest>
    <UnitTest name="MSTest_P2_788" storage="c:\users\navb\source\repos\sampleproject\testproject\unittestproject10\bin\debug\unittestproject10.dll" id="b9cfc5a0-1076-53e9-8cfd-8d1b2a030637">
      <Execution id="af99a416-dd16-40c1-8060-7b9717e35e6c" />
      <TestMethod codeBase="C:\Users\navb\source\repos\SampleProject\TestProject\UnitTestProject10\bin\Debug\UnitTestProject10.dll" adapterTypeName="Microsoft.VisualStudio.TestTools.TestTypes.Unit.UnitTestAdapter" className="UnitTestinProgress.MSTestClass2" name="MSTest_P2_788" />
    </UnitTest>
    <UnitTest name="MSTest_P2_789" storage="c:\users\navb\source\repos\sampleproject\testproject\unittestproject10\bin\debug\unittestproject10.dll" id="d994af04-09c5-a96a-cd41-7a7e0ae83085">
      <Execution id="b4c03d0c-d350-4304-aa01-0b5d249fe14a" />
      <TestMethod codeBase="C:\Users\navb\source\repos\SampleProject\TestProject\UnitTestProject10\bin\Debug\UnitTestProject10.dll" adapterTypeName="Microsoft.VisualStudio.TestTools.TestTypes.Unit.UnitTestAdapter" className="UnitTestinProgress.MSTestClass2" name="MSTest_P2_789" />
    </UnitTest>
    <UnitTest name="MSTest_P2_790" storage="c:\users\navb\source\repos\sampleproject\testproject\unittestproject10\bin\debug\unittestproject10.dll" id="849a74f3-1a00-7c33-3325-633604a4bbab">
      <Execution id="a7a5f591-9f71-46fd-adb2-9476d217e592" />
      <TestMethod codeBase="C:\Users\navb\source\repos\SampleProject\TestProject\UnitTestProject10\bin\Debug\UnitTestProject10.dll" adapterTypeName="Microsoft.VisualStudio.TestTools.TestTypes.Unit.UnitTestAdapter" className="UnitTestinProgress.MSTestClass2" name="MSTest_P2_790" />
    </UnitTest>
    <UnitTest name="MSTest_P2_791" storage="c:\users\navb\source\repos\sampleproject\testproject\unittestproject10\bin\debug\unittestproject10.dll" id="cb78321a-8923-80a0-0105-07bbdbd2d757">
      <Execution id="2ed7acb3-94b4-4a04-a837-bd5e6d970608" />
      <TestMethod codeBase="C:\Users\navb\source\repos\SampleProject\TestProject\UnitTestProject10\bin\Debug\UnitTestProject10.dll" adapterTypeName="Microsoft.VisualStudio.TestTools.TestTypes.Unit.UnitTestAdapter" className="UnitTestinProgress.MSTestClass2" name="MSTest_P2_791" />
    </UnitTest>
    <UnitTest name="MSTest_P2_792" storage="c:\users\navb\source\repos\sampleproject\testproject\unittestproject10\bin\debug\unittestproject10.dll" id="40c7469f-c930-c9e9-da2b-daed4edff8ae">
      <Execution id="cc27989b-28f8-467a-b5b7-7c55e56da7dc" />
      <TestMethod codeBase="C:\Users\navb\source\repos\SampleProject\TestProject\UnitTestProject10\bin\Debug\UnitTestProject10.dll" adapterTypeName="Microsoft.VisualStudio.TestTools.TestTypes.Unit.UnitTestAdapter" className="UnitTestinProgress.MSTestClass2" name="MSTest_P2_792" />
    </UnitTest>
    <UnitTest name="MSTest_P2_793" storage="c:\users\navb\source\repos\sampleproject\testproject\unittestproject10\bin\debug\unittestproject10.dll" id="6f4072a6-4629-5d6d-dc1d-186fda9f3e45">
      <Execution id="765a4a85-115e-4b24-a9ef-43bf368e5a18" />
      <TestMethod codeBase="C:\Users\navb\source\repos\SampleProject\TestProject\UnitTestProject10\bin\Debug\UnitTestProject10.dll" adapterTypeName="Microsoft.VisualStudio.TestTools.TestTypes.Unit.UnitTestAdapter" className="UnitTestinProgress.MSTestClass2" name="MSTest_P2_793" />
    </UnitTest>
    <UnitTest name="MSTest_P2_794" storage="c:\users\navb\source\repos\sampleproject\testproject\unittestproject10\bin\debug\unittestproject10.dll" id="78dd5bfd-af2b-0ae8-c81b-69d9236634f0">
      <Execution id="a331b8e4-1afc-491d-b824-6e49516d4e95" />
      <TestMethod codeBase="C:\Users\navb\source\repos\SampleProject\TestProject\UnitTestProject10\bin\Debug\UnitTestProject10.dll" adapterTypeName="Microsoft.VisualStudio.TestTools.TestTypes.Unit.UnitTestAdapter" className="UnitTestinProgress.MSTestClass2" name="MSTest_P2_794" />
    </UnitTest>
    <UnitTest name="MSTest_P2_795" storage="c:\users\navb\source\repos\sampleproject\testproject\unittestproject10\bin\debug\unittestproject10.dll" id="9bb61604-e246-4057-5cb7-3c74df13bf16">
      <Execution id="520ac149-dcaf-4914-b375-1fd688795574" />
      <TestMethod codeBase="C:\Users\navb\source\repos\SampleProject\TestProject\UnitTestProject10\bin\Debug\UnitTestProject10.dll" adapterTypeName="Microsoft.VisualStudio.TestTools.TestTypes.Unit.UnitTestAdapter" className="UnitTestinProgress.MSTestClass2" name="MSTest_P2_795" />
    </UnitTest>
    <UnitTest name="MSTest_P2_796" storage="c:\users\navb\source\repos\sampleproject\testproject\unittestproject10\bin\debug\unittestproject10.dll" id="a1d03f11-272c-53d5-7b4a-76543fd35f2b">
      <Execution id="cdd66448-70be-408e-a68c-7c680feec7fa" />
      <TestMethod codeBase="C:\Users\navb\source\repos\SampleProject\TestProject\UnitTestProject10\bin\Debug\UnitTestProject10.dll" adapterTypeName="Microsoft.VisualStudio.TestTools.TestTypes.Unit.UnitTestAdapter" className="UnitTestinProgress.MSTestClass2" name="MSTest_P2_796" />
    </UnitTest>
    <UnitTest name="MSTest_P2_797" storage="c:\users\navb\source\repos\sampleproject\testproject\unittestproject10\bin\debug\unittestproject10.dll" id="a54176d8-aff8-4202-90bc-083139b234cc">
      <Execution id="04161698-6add-4460-929e-805f3b97bf72" />
      <TestMethod codeBase="C:\Users\navb\source\repos\SampleProject\TestProject\UnitTestProject10\bin\Debug\UnitTestProject10.dll" adapterTypeName="Microsoft.VisualStudio.TestTools.TestTypes.Unit.UnitTestAdapter" className="UnitTestinProgress.MSTestClass2" name="MSTest_P2_797" />
    </UnitTest>
    <UnitTest name="MSTest_P2_798" storage="c:\users\navb\source\repos\sampleproject\testproject\unittestproject10\bin\debug\unittestproject10.dll" id="f08b2af4-b464-dac8-a571-a6f63862c590">
      <Execution id="f20d3e96-d00f-4ded-8758-96a81bd19fd0" />
      <TestMethod codeBase="C:\Users\navb\source\repos\SampleProject\TestProject\UnitTestProject10\bin\Debug\UnitTestProject10.dll" adapterTypeName="Microsoft.VisualStudio.TestTools.TestTypes.Unit.UnitTestAdapter" className="UnitTestinProgress.MSTestClass2" name="MSTest_P2_798" />
    </UnitTest>
    <UnitTest name="MSTest_P2_799" storage="c:\users\navb\source\repos\sampleproject\testproject\unittestproject10\bin\debug\unittestproject10.dll" id="eb55b32b-fdd2-d130-e182-0abffe1bd832">
      <Execution id="fb16501a-e50d-458c-a086-9fa03429bb54" />
      <TestMethod codeBase="C:\Users\navb\source\repos\SampleProject\TestProject\UnitTestProject10\bin\Debug\UnitTestProject10.dll" adapterTypeName="Microsoft.VisualStudio.TestTools.TestTypes.Unit.UnitTestAdapter" className="UnitTestinProgress.MSTestClass2" name="MSTest_P2_799" />
    </UnitTest>
    <UnitTest name="MSTest_P2_800" storage="c:\users\navb\source\repos\sampleproject\testproject\unittestproject10\bin\debug\unittestproject10.dll" id="cf4ed24b-84e3-6e2d-335a-7aa8ec3d1e12">
      <Execution id="c88f4ca3-8a14-4a19-a478-54d9feb164ea" />
      <TestMethod codeBase="C:\Users\navb\source\repos\SampleProject\TestProject\UnitTestProject10\bin\Debug\UnitTestProject10.dll" adapterTypeName="Microsoft.VisualStudio.TestTools.TestTypes.Unit.UnitTestAdapter" className="UnitTestinProgress.MSTestClass2" name="MSTest_P2_800" />
    </UnitTest>
    <UnitTest name="MSTest_P2_801" storage="c:\users\navb\source\repos\sampleproject\testproject\unittestproject10\bin\debug\unittestproject10.dll" id="eff3fa37-cc88-a07a-74eb-51397c885bf1">
      <Execution id="6b7d468b-11d4-42dc-ad5a-916713b43c26" />
      <TestMethod codeBase="C:\Users\navb\source\repos\SampleProject\TestProject\UnitTestProject10\bin\Debug\UnitTestProject10.dll" adapterTypeName="Microsoft.VisualStudio.TestTools.TestTypes.Unit.UnitTestAdapter" className="UnitTestinProgress.MSTestClass2" name="MSTest_P2_801" />
    </UnitTest>
    <UnitTest name="MSTest_P2_802" storage="c:\users\navb\source\repos\sampleproject\testproject\unittestproject10\bin\debug\unittestproject10.dll" id="84ae3179-dfb4-f897-741b-781224927163">
      <Execution id="462113fc-df5c-4cd2-9d85-9e060e8b8eac" />
      <TestMethod codeBase="C:\Users\navb\source\repos\SampleProject\TestProject\UnitTestProject10\bin\Debug\UnitTestProject10.dll" adapterTypeName="Microsoft.VisualStudio.TestTools.TestTypes.Unit.UnitTestAdapter" className="UnitTestinProgress.MSTestClass2" name="MSTest_P2_802" />
    </UnitTest>
    <UnitTest name="MSTest_P2_803" storage="c:\users\navb\source\repos\sampleproject\testproject\unittestproject10\bin\debug\unittestproject10.dll" id="50ca2d2e-335e-1b51-a58a-9369bd0c88d6">
      <Execution id="29585582-7850-42e9-887b-bddfaf3b2af7" />
      <TestMethod codeBase="C:\Users\navb\source\repos\SampleProject\TestProject\UnitTestProject10\bin\Debug\UnitTestProject10.dll" adapterTypeName="Microsoft.VisualStudio.TestTools.TestTypes.Unit.UnitTestAdapter" className="UnitTestinProgress.MSTestClass2" name="MSTest_P2_803" />
    </UnitTest>
    <UnitTest name="MSTest_P2_804" storage="c:\users\navb\source\repos\sampleproject\testproject\unittestproject10\bin\debug\unittestproject10.dll" id="6f6427b3-df2d-53df-9cd3-f5c7d34fe61d">
      <Execution id="311072e3-b3d2-49bb-9565-5a3204638f23" />
      <TestMethod codeBase="C:\Users\navb\source\repos\SampleProject\TestProject\UnitTestProject10\bin\Debug\UnitTestProject10.dll" adapterTypeName="Microsoft.VisualStudio.TestTools.TestTypes.Unit.UnitTestAdapter" className="UnitTestinProgress.MSTestClass2" name="MSTest_P2_804" />
    </UnitTest>
    <UnitTest name="MSTest_P2_805" storage="c:\users\navb\source\repos\sampleproject\testproject\unittestproject10\bin\debug\unittestproject10.dll" id="025df3ec-7f02-647d-a4d5-94738efbd7f9">
      <Execution id="c2acace6-3c0c-4ce3-8439-a1a83de08869" />
      <TestMethod codeBase="C:\Users\navb\source\repos\SampleProject\TestProject\UnitTestProject10\bin\Debug\UnitTestProject10.dll" adapterTypeName="Microsoft.VisualStudio.TestTools.TestTypes.Unit.UnitTestAdapter" className="UnitTestinProgress.MSTestClass2" name="MSTest_P2_805" />
    </UnitTest>
    <UnitTest name="MSTest_P2_806" storage="c:\users\navb\source\repos\sampleproject\testproject\unittestproject10\bin\debug\unittestproject10.dll" id="84a6cd2a-293f-eaf9-92ea-3a15c6eeaa7f">
      <Execution id="3818ead2-4452-46d5-b9d5-456c1a6fe50d" />
      <TestMethod codeBase="C:\Users\navb\source\repos\SampleProject\TestProject\UnitTestProject10\bin\Debug\UnitTestProject10.dll" adapterTypeName="Microsoft.VisualStudio.TestTools.TestTypes.Unit.UnitTestAdapter" className="UnitTestinProgress.MSTestClass2" name="MSTest_P2_806" />
    </UnitTest>
    <UnitTest name="MSTest_P2_807" storage="c:\users\navb\source\repos\sampleproject\testproject\unittestproject10\bin\debug\unittestproject10.dll" id="2c5ffffa-f808-6c0d-bccb-9a0a67cd47ae">
      <Execution id="c2f08843-39bf-4fc5-98ac-55263dd20e69" />
      <TestMethod codeBase="C:\Users\navb\source\repos\SampleProject\TestProject\UnitTestProject10\bin\Debug\UnitTestProject10.dll" adapterTypeName="Microsoft.VisualStudio.TestTools.TestTypes.Unit.UnitTestAdapter" className="UnitTestinProgress.MSTestClass2" name="MSTest_P2_807" />
    </UnitTest>
    <UnitTest name="MSTest_P2_808" storage="c:\users\navb\source\repos\sampleproject\testproject\unittestproject10\bin\debug\unittestproject10.dll" id="73d72fb5-c2dc-6f38-0a6b-99cb307fc2f8">
      <Execution id="ccc5cda8-aaad-4e7e-b348-79a352a5bdb5" />
      <TestMethod codeBase="C:\Users\navb\source\repos\SampleProject\TestProject\UnitTestProject10\bin\Debug\UnitTestProject10.dll" adapterTypeName="Microsoft.VisualStudio.TestTools.TestTypes.Unit.UnitTestAdapter" className="UnitTestinProgress.MSTestClass2" name="MSTest_P2_808" />
    </UnitTest>
    <UnitTest name="MSTest_P2_809" storage="c:\users\navb\source\repos\sampleproject\testproject\unittestproject10\bin\debug\unittestproject10.dll" id="08f8a123-b42a-0db0-93bb-169edd2fe1a2">
      <Execution id="f93b7b43-898c-495b-a612-1e2a0922ddb6" />
      <TestMethod codeBase="C:\Users\navb\source\repos\SampleProject\TestProject\UnitTestProject10\bin\Debug\UnitTestProject10.dll" adapterTypeName="Microsoft.VisualStudio.TestTools.TestTypes.Unit.UnitTestAdapter" className="UnitTestinProgress.MSTestClass2" name="MSTest_P2_809" />
    </UnitTest>
    <UnitTest name="MSTest_P2_810" storage="c:\users\navb\source\repos\sampleproject\testproject\unittestproject10\bin\debug\unittestproject10.dll" id="bd8ad09f-c0c9-94ae-416d-5beec2fc567f">
      <Execution id="0a790789-e19e-4ad1-ba14-6c17af59d0bc" />
      <TestMethod codeBase="C:\Users\navb\source\repos\SampleProject\TestProject\UnitTestProject10\bin\Debug\UnitTestProject10.dll" adapterTypeName="Microsoft.VisualStudio.TestTools.TestTypes.Unit.UnitTestAdapter" className="UnitTestinProgress.MSTestClass2" name="MSTest_P2_810" />
    </UnitTest>
    <UnitTest name="MSTest_P2_811" storage="c:\users\navb\source\repos\sampleproject\testproject\unittestproject10\bin\debug\unittestproject10.dll" id="9e90a179-924a-4efb-2987-2bd9261ef26b">
      <Execution id="b8ce2602-57a8-4908-af11-b8606079e25c" />
      <TestMethod codeBase="C:\Users\navb\source\repos\SampleProject\TestProject\UnitTestProject10\bin\Debug\UnitTestProject10.dll" adapterTypeName="Microsoft.VisualStudio.TestTools.TestTypes.Unit.UnitTestAdapter" className="UnitTestinProgress.MSTestClass2" name="MSTest_P2_811" />
    </UnitTest>
    <UnitTest name="MSTest_P2_812" storage="c:\users\navb\source\repos\sampleproject\testproject\unittestproject10\bin\debug\unittestproject10.dll" id="32d03bbd-95bd-8068-7509-90fb2972e9e2">
      <Execution id="89d58cea-5af3-4521-bea3-e0710a69ff22" />
      <TestMethod codeBase="C:\Users\navb\source\repos\SampleProject\TestProject\UnitTestProject10\bin\Debug\UnitTestProject10.dll" adapterTypeName="Microsoft.VisualStudio.TestTools.TestTypes.Unit.UnitTestAdapter" className="UnitTestinProgress.MSTestClass2" name="MSTest_P2_812" />
    </UnitTest>
    <UnitTest name="MSTest_P2_813" storage="c:\users\navb\source\repos\sampleproject\testproject\unittestproject10\bin\debug\unittestproject10.dll" id="3e29961e-79da-7ed5-25ac-d3a8ad153a01">
      <Execution id="dd0e5016-68af-4982-a357-b49aa448706f" />
      <TestMethod codeBase="C:\Users\navb\source\repos\SampleProject\TestProject\UnitTestProject10\bin\Debug\UnitTestProject10.dll" adapterTypeName="Microsoft.VisualStudio.TestTools.TestTypes.Unit.UnitTestAdapter" className="UnitTestinProgress.MSTestClass2" name="MSTest_P2_813" />
    </UnitTest>
    <UnitTest name="MSTest_P2_814" storage="c:\users\navb\source\repos\sampleproject\testproject\unittestproject10\bin\debug\unittestproject10.dll" id="beba9f3d-6689-6c1e-3466-2470e80ff591">
      <Execution id="68938978-26e2-47ce-b903-8fd16f81ea02" />
      <TestMethod codeBase="C:\Users\navb\source\repos\SampleProject\TestProject\UnitTestProject10\bin\Debug\UnitTestProject10.dll" adapterTypeName="Microsoft.VisualStudio.TestTools.TestTypes.Unit.UnitTestAdapter" className="UnitTestinProgress.MSTestClass2" name="MSTest_P2_814" />
    </UnitTest>
    <UnitTest name="MSTest_P2_815" storage="c:\users\navb\source\repos\sampleproject\testproject\unittestproject10\bin\debug\unittestproject10.dll" id="21c02eda-79ba-d8e8-649a-99f562c171b7">
      <Execution id="ffeced06-fa15-4e84-b54f-835bf22e16eb" />
      <TestMethod codeBase="C:\Users\navb\source\repos\SampleProject\TestProject\UnitTestProject10\bin\Debug\UnitTestProject10.dll" adapterTypeName="Microsoft.VisualStudio.TestTools.TestTypes.Unit.UnitTestAdapter" className="UnitTestinProgress.MSTestClass2" name="MSTest_P2_815" />
    </UnitTest>
    <UnitTest name="MSTest_P2_816" storage="c:\users\navb\source\repos\sampleproject\testproject\unittestproject10\bin\debug\unittestproject10.dll" id="66c52b53-6d2d-84a8-084d-624a9be83c8d">
      <Execution id="7906d97c-1861-442a-a1ba-0956cfa2a4d1" />
      <TestMethod codeBase="C:\Users\navb\source\repos\SampleProject\TestProject\UnitTestProject10\bin\Debug\UnitTestProject10.dll" adapterTypeName="Microsoft.VisualStudio.TestTools.TestTypes.Unit.UnitTestAdapter" className="UnitTestinProgress.MSTestClass2" name="MSTest_P2_816" />
    </UnitTest>
    <UnitTest name="MSTest_P2_817" storage="c:\users\navb\source\repos\sampleproject\testproject\unittestproject10\bin\debug\unittestproject10.dll" id="c7200103-eabd-9873-933f-4ecc52948b48">
      <Execution id="938469cc-5af8-4e72-bf13-7d69a827c503" />
      <TestMethod codeBase="C:\Users\navb\source\repos\SampleProject\TestProject\UnitTestProject10\bin\Debug\UnitTestProject10.dll" adapterTypeName="Microsoft.VisualStudio.TestTools.TestTypes.Unit.UnitTestAdapter" className="UnitTestinProgress.MSTestClass2" name="MSTest_P2_817" />
    </UnitTest>
    <UnitTest name="MSTest_P2_818" storage="c:\users\navb\source\repos\sampleproject\testproject\unittestproject10\bin\debug\unittestproject10.dll" id="d8dd4c81-3480-542b-d677-51d58dbb0d46">
      <Execution id="eb99b084-e699-4e59-af52-9e47945b4f98" />
      <TestMethod codeBase="C:\Users\navb\source\repos\SampleProject\TestProject\UnitTestProject10\bin\Debug\UnitTestProject10.dll" adapterTypeName="Microsoft.VisualStudio.TestTools.TestTypes.Unit.UnitTestAdapter" className="UnitTestinProgress.MSTestClass2" name="MSTest_P2_818" />
    </UnitTest>
    <UnitTest name="MSTest_P2_819" storage="c:\users\navb\source\repos\sampleproject\testproject\unittestproject10\bin\debug\unittestproject10.dll" id="fe33969b-26e9-e45d-10db-c42f3bf1f246">
      <Execution id="fdcc0d38-e365-438e-bf4a-d0ee8de8fc35" />
      <TestMethod codeBase="C:\Users\navb\source\repos\SampleProject\TestProject\UnitTestProject10\bin\Debug\UnitTestProject10.dll" adapterTypeName="Microsoft.VisualStudio.TestTools.TestTypes.Unit.UnitTestAdapter" className="UnitTestinProgress.MSTestClass2" name="MSTest_P2_819" />
    </UnitTest>
    <UnitTest name="MSTest_P2_820" storage="c:\users\navb\source\repos\sampleproject\testproject\unittestproject10\bin\debug\unittestproject10.dll" id="90aff43c-a2eb-1531-ccc8-abeea2241125">
      <Execution id="741084a9-8305-4de9-b505-aaf7bafe4d1b" />
      <TestMethod codeBase="C:\Users\navb\source\repos\SampleProject\TestProject\UnitTestProject10\bin\Debug\UnitTestProject10.dll" adapterTypeName="Microsoft.VisualStudio.TestTools.TestTypes.Unit.UnitTestAdapter" className="UnitTestinProgress.MSTestClass2" name="MSTest_P2_820" />
    </UnitTest>
    <UnitTest name="MSTest_P2_821" storage="c:\users\navb\source\repos\sampleproject\testproject\unittestproject10\bin\debug\unittestproject10.dll" id="af52ebbc-8807-9217-fb2c-38c6564a9987">
      <Execution id="b753b075-bce6-4067-afeb-c6616ee8bae5" />
      <TestMethod codeBase="C:\Users\navb\source\repos\SampleProject\TestProject\UnitTestProject10\bin\Debug\UnitTestProject10.dll" adapterTypeName="Microsoft.VisualStudio.TestTools.TestTypes.Unit.UnitTestAdapter" className="UnitTestinProgress.MSTestClass2" name="MSTest_P2_821" />
    </UnitTest>
    <UnitTest name="MSTest_P2_822" storage="c:\users\navb\source\repos\sampleproject\testproject\unittestproject10\bin\debug\unittestproject10.dll" id="d26f1766-b8e5-87ec-195a-54711cbf2a1d">
      <Execution id="823ea7da-4288-4654-abe3-55dbad08aaa3" />
      <TestMethod codeBase="C:\Users\navb\source\repos\SampleProject\TestProject\UnitTestProject10\bin\Debug\UnitTestProject10.dll" adapterTypeName="Microsoft.VisualStudio.TestTools.TestTypes.Unit.UnitTestAdapter" className="UnitTestinProgress.MSTestClass2" name="MSTest_P2_822" />
    </UnitTest>
    <UnitTest name="MSTest_P2_823" storage="c:\users\navb\source\repos\sampleproject\testproject\unittestproject10\bin\debug\unittestproject10.dll" id="1142e65d-60a9-555e-0c33-0eb796d843a7">
      <Execution id="ea18bcad-c7b3-4b41-b75b-1047d64d662c" />
      <TestMethod codeBase="C:\Users\navb\source\repos\SampleProject\TestProject\UnitTestProject10\bin\Debug\UnitTestProject10.dll" adapterTypeName="Microsoft.VisualStudio.TestTools.TestTypes.Unit.UnitTestAdapter" className="UnitTestinProgress.MSTestClass2" name="MSTest_P2_823" />
    </UnitTest>
    <UnitTest name="MSTest_P2_824" storage="c:\users\navb\source\repos\sampleproject\testproject\unittestproject10\bin\debug\unittestproject10.dll" id="a96cffdc-e003-4d51-c3d6-c71b9765bd8f">
      <Execution id="1278280a-5dfb-4eae-bf3a-191289eac6b0" />
      <TestMethod codeBase="C:\Users\navb\source\repos\SampleProject\TestProject\UnitTestProject10\bin\Debug\UnitTestProject10.dll" adapterTypeName="Microsoft.VisualStudio.TestTools.TestTypes.Unit.UnitTestAdapter" className="UnitTestinProgress.MSTestClass2" name="MSTest_P2_824" />
    </UnitTest>
    <UnitTest name="MSTest_P2_825" storage="c:\users\navb\source\repos\sampleproject\testproject\unittestproject10\bin\debug\unittestproject10.dll" id="3808d56e-b973-a045-a0d4-7776af3046ca">
      <Execution id="fc536502-9f3b-4e29-b54e-2cdf8822496c" />
      <TestMethod codeBase="C:\Users\navb\source\repos\SampleProject\TestProject\UnitTestProject10\bin\Debug\UnitTestProject10.dll" adapterTypeName="Microsoft.VisualStudio.TestTools.TestTypes.Unit.UnitTestAdapter" className="UnitTestinProgress.MSTestClass2" name="MSTest_P2_825" />
    </UnitTest>
    <UnitTest name="MSTest_P2_826" storage="c:\users\navb\source\repos\sampleproject\testproject\unittestproject10\bin\debug\unittestproject10.dll" id="fa6f558e-f835-31c5-57a8-ff603febca1e">
      <Execution id="b05ae2d2-f0f7-4b0d-883f-a671f6b86efa" />
      <TestMethod codeBase="C:\Users\navb\source\repos\SampleProject\TestProject\UnitTestProject10\bin\Debug\UnitTestProject10.dll" adapterTypeName="Microsoft.VisualStudio.TestTools.TestTypes.Unit.UnitTestAdapter" className="UnitTestinProgress.MSTestClass2" name="MSTest_P2_826" />
    </UnitTest>
    <UnitTest name="MSTest_P2_827" storage="c:\users\navb\source\repos\sampleproject\testproject\unittestproject10\bin\debug\unittestproject10.dll" id="b5e6d366-0c8a-df28-38f5-585699d762cd">
      <Execution id="53ca7ac7-bd57-4e1f-8133-9e97b729a720" />
      <TestMethod codeBase="C:\Users\navb\source\repos\SampleProject\TestProject\UnitTestProject10\bin\Debug\UnitTestProject10.dll" adapterTypeName="Microsoft.VisualStudio.TestTools.TestTypes.Unit.UnitTestAdapter" className="UnitTestinProgress.MSTestClass2" name="MSTest_P2_827" />
    </UnitTest>
    <UnitTest name="MSTest_P2_828" storage="c:\users\navb\source\repos\sampleproject\testproject\unittestproject10\bin\debug\unittestproject10.dll" id="b596ac79-7c20-df28-91f0-608f4763bb4e">
      <Execution id="cdcba984-328a-4a11-b6b4-3046a5978946" />
      <TestMethod codeBase="C:\Users\navb\source\repos\SampleProject\TestProject\UnitTestProject10\bin\Debug\UnitTestProject10.dll" adapterTypeName="Microsoft.VisualStudio.TestTools.TestTypes.Unit.UnitTestAdapter" className="UnitTestinProgress.MSTestClass2" name="MSTest_P2_828" />
    </UnitTest>
    <UnitTest name="MSTest_P2_829" storage="c:\users\navb\source\repos\sampleproject\testproject\unittestproject10\bin\debug\unittestproject10.dll" id="6e6177fe-e296-5fec-1f36-3049bafbdb3a">
      <Execution id="b5fc88cb-e5d3-4a8e-b0fa-d6f0f5c84cc9" />
      <TestMethod codeBase="C:\Users\navb\source\repos\SampleProject\TestProject\UnitTestProject10\bin\Debug\UnitTestProject10.dll" adapterTypeName="Microsoft.VisualStudio.TestTools.TestTypes.Unit.UnitTestAdapter" className="UnitTestinProgress.MSTestClass2" name="MSTest_P2_829" />
    </UnitTest>
    <UnitTest name="MSTest_P2_830" storage="c:\users\navb\source\repos\sampleproject\testproject\unittestproject10\bin\debug\unittestproject10.dll" id="dd86b8ea-992a-9576-2486-b98735ccaf74">
      <Execution id="49d8caec-4802-49a9-89ae-ee026d7695b8" />
      <TestMethod codeBase="C:\Users\navb\source\repos\SampleProject\TestProject\UnitTestProject10\bin\Debug\UnitTestProject10.dll" adapterTypeName="Microsoft.VisualStudio.TestTools.TestTypes.Unit.UnitTestAdapter" className="UnitTestinProgress.MSTestClass2" name="MSTest_P2_830" />
    </UnitTest>
    <UnitTest name="MSTest_P2_831" storage="c:\users\navb\source\repos\sampleproject\testproject\unittestproject10\bin\debug\unittestproject10.dll" id="c07ae26d-daf2-50d4-907f-c4def0e041c4">
      <Execution id="e477cb40-5156-4478-ae21-4eca0f93e2cb" />
      <TestMethod codeBase="C:\Users\navb\source\repos\SampleProject\TestProject\UnitTestProject10\bin\Debug\UnitTestProject10.dll" adapterTypeName="Microsoft.VisualStudio.TestTools.TestTypes.Unit.UnitTestAdapter" className="UnitTestinProgress.MSTestClass2" name="MSTest_P2_831" />
    </UnitTest>
    <UnitTest name="MSTest_P2_832" storage="c:\users\navb\source\repos\sampleproject\testproject\unittestproject10\bin\debug\unittestproject10.dll" id="db3689c4-ec64-9807-ff9d-703e1cd5ba30">
      <Execution id="a33b8a66-99c5-4236-a180-2516225afad6" />
      <TestMethod codeBase="C:\Users\navb\source\repos\SampleProject\TestProject\UnitTestProject10\bin\Debug\UnitTestProject10.dll" adapterTypeName="Microsoft.VisualStudio.TestTools.TestTypes.Unit.UnitTestAdapter" className="UnitTestinProgress.MSTestClass2" name="MSTest_P2_832" />
    </UnitTest>
    <UnitTest name="MSTest_P2_833" storage="c:\users\navb\source\repos\sampleproject\testproject\unittestproject10\bin\debug\unittestproject10.dll" id="64ab3aa4-24f6-ff24-e8d1-9d32f057ed1d">
      <Execution id="87e3248f-d436-41ae-9afa-aadaedccd148" />
      <TestMethod codeBase="C:\Users\navb\source\repos\SampleProject\TestProject\UnitTestProject10\bin\Debug\UnitTestProject10.dll" adapterTypeName="Microsoft.VisualStudio.TestTools.TestTypes.Unit.UnitTestAdapter" className="UnitTestinProgress.MSTestClass2" name="MSTest_P2_833" />
    </UnitTest>
    <UnitTest name="MSTest_P2_834" storage="c:\users\navb\source\repos\sampleproject\testproject\unittestproject10\bin\debug\unittestproject10.dll" id="f70340aa-5fce-d298-7f45-ef899e029905">
      <Execution id="ec201a7d-6f31-416a-bc79-b5799935924a" />
      <TestMethod codeBase="C:\Users\navb\source\repos\SampleProject\TestProject\UnitTestProject10\bin\Debug\UnitTestProject10.dll" adapterTypeName="Microsoft.VisualStudio.TestTools.TestTypes.Unit.UnitTestAdapter" className="UnitTestinProgress.MSTestClass2" name="MSTest_P2_834" />
    </UnitTest>
    <UnitTest name="MSTest_P2_835" storage="c:\users\navb\source\repos\sampleproject\testproject\unittestproject10\bin\debug\unittestproject10.dll" id="1c8558a4-b15e-bedc-ae12-2c816334a012">
      <Execution id="d64b910c-4575-41d9-949c-e3e4f03f322b" />
      <TestMethod codeBase="C:\Users\navb\source\repos\SampleProject\TestProject\UnitTestProject10\bin\Debug\UnitTestProject10.dll" adapterTypeName="Microsoft.VisualStudio.TestTools.TestTypes.Unit.UnitTestAdapter" className="UnitTestinProgress.MSTestClass2" name="MSTest_P2_835" />
    </UnitTest>
    <UnitTest name="MSTest_P2_836" storage="c:\users\navb\source\repos\sampleproject\testproject\unittestproject10\bin\debug\unittestproject10.dll" id="64787a3d-88fc-40c9-3001-6275bb42a712">
      <Execution id="a036f4c6-2ec6-4446-a7df-47e62ab63b9a" />
      <TestMethod codeBase="C:\Users\navb\source\repos\SampleProject\TestProject\UnitTestProject10\bin\Debug\UnitTestProject10.dll" adapterTypeName="Microsoft.VisualStudio.TestTools.TestTypes.Unit.UnitTestAdapter" className="UnitTestinProgress.MSTestClass2" name="MSTest_P2_836" />
    </UnitTest>
    <UnitTest name="MSTest_P2_837" storage="c:\users\navb\source\repos\sampleproject\testproject\unittestproject10\bin\debug\unittestproject10.dll" id="764ff347-50b0-0099-55f2-3893dcdda0ee">
      <Execution id="5d91343c-6cd7-49d6-b433-c69df65e3df9" />
      <TestMethod codeBase="C:\Users\navb\source\repos\SampleProject\TestProject\UnitTestProject10\bin\Debug\UnitTestProject10.dll" adapterTypeName="Microsoft.VisualStudio.TestTools.TestTypes.Unit.UnitTestAdapter" className="UnitTestinProgress.MSTestClass2" name="MSTest_P2_837" />
    </UnitTest>
    <UnitTest name="MSTest_P2_838" storage="c:\users\navb\source\repos\sampleproject\testproject\unittestproject10\bin\debug\unittestproject10.dll" id="fd00d6df-9266-d7f9-06a4-30b68bcce890">
      <Execution id="012719a5-78b3-492e-9638-e2e915396354" />
      <TestMethod codeBase="C:\Users\navb\source\repos\SampleProject\TestProject\UnitTestProject10\bin\Debug\UnitTestProject10.dll" adapterTypeName="Microsoft.VisualStudio.TestTools.TestTypes.Unit.UnitTestAdapter" className="UnitTestinProgress.MSTestClass2" name="MSTest_P2_838" />
    </UnitTest>
    <UnitTest name="MSTest_P2_839" storage="c:\users\navb\source\repos\sampleproject\testproject\unittestproject10\bin\debug\unittestproject10.dll" id="6d2690e4-55f2-1173-3955-daa13c7926d5">
      <Execution id="7f4d5199-5a37-4bc8-848c-c51b23e120d7" />
      <TestMethod codeBase="C:\Users\navb\source\repos\SampleProject\TestProject\UnitTestProject10\bin\Debug\UnitTestProject10.dll" adapterTypeName="Microsoft.VisualStudio.TestTools.TestTypes.Unit.UnitTestAdapter" className="UnitTestinProgress.MSTestClass2" name="MSTest_P2_839" />
    </UnitTest>
    <UnitTest name="MSTest_P2_840" storage="c:\users\navb\source\repos\sampleproject\testproject\unittestproject10\bin\debug\unittestproject10.dll" id="e955f05b-a5be-2c36-d51c-47d6105a054d">
      <Execution id="f8fbd794-6d3e-438c-8cd1-9c58440085b0" />
      <TestMethod codeBase="C:\Users\navb\source\repos\SampleProject\TestProject\UnitTestProject10\bin\Debug\UnitTestProject10.dll" adapterTypeName="Microsoft.VisualStudio.TestTools.TestTypes.Unit.UnitTestAdapter" className="UnitTestinProgress.MSTestClass2" name="MSTest_P2_840" />
    </UnitTest>
    <UnitTest name="MSTest_P2_841" storage="c:\users\navb\source\repos\sampleproject\testproject\unittestproject10\bin\debug\unittestproject10.dll" id="6e078b1a-21ca-1b99-765c-26240c6f6eea">
      <Execution id="f37bbb75-974e-43bc-9c2b-4d42517ef6b2" />
      <TestMethod codeBase="C:\Users\navb\source\repos\SampleProject\TestProject\UnitTestProject10\bin\Debug\UnitTestProject10.dll" adapterTypeName="Microsoft.VisualStudio.TestTools.TestTypes.Unit.UnitTestAdapter" className="UnitTestinProgress.MSTestClass2" name="MSTest_P2_841" />
    </UnitTest>
    <UnitTest name="MSTest_P2_842" storage="c:\users\navb\source\repos\sampleproject\testproject\unittestproject10\bin\debug\unittestproject10.dll" id="1f12b4a9-e48c-130f-d084-76be2cb52ea8">
      <Execution id="6eea41ed-daef-4134-a04b-db792e55155c" />
      <TestMethod codeBase="C:\Users\navb\source\repos\SampleProject\TestProject\UnitTestProject10\bin\Debug\UnitTestProject10.dll" adapterTypeName="Microsoft.VisualStudio.TestTools.TestTypes.Unit.UnitTestAdapter" className="UnitTestinProgress.MSTestClass2" name="MSTest_P2_842" />
    </UnitTest>
    <UnitTest name="MSTest_P2_843" storage="c:\users\navb\source\repos\sampleproject\testproject\unittestproject10\bin\debug\unittestproject10.dll" id="62e597d4-e60d-aa54-8157-377d907b7f43">
      <Execution id="21fd6a78-3693-46b7-9d25-015eae279368" />
      <TestMethod codeBase="C:\Users\navb\source\repos\SampleProject\TestProject\UnitTestProject10\bin\Debug\UnitTestProject10.dll" adapterTypeName="Microsoft.VisualStudio.TestTools.TestTypes.Unit.UnitTestAdapter" className="UnitTestinProgress.MSTestClass2" name="MSTest_P2_843" />
    </UnitTest>
    <UnitTest name="MSTest_P2_844" storage="c:\users\navb\source\repos\sampleproject\testproject\unittestproject10\bin\debug\unittestproject10.dll" id="511bf4f6-7e37-7990-39e8-edda9467c578">
      <Execution id="50981beb-bf73-4c5c-98f2-4bc3ff4cfabf" />
      <TestMethod codeBase="C:\Users\navb\source\repos\SampleProject\TestProject\UnitTestProject10\bin\Debug\UnitTestProject10.dll" adapterTypeName="Microsoft.VisualStudio.TestTools.TestTypes.Unit.UnitTestAdapter" className="UnitTestinProgress.MSTestClass2" name="MSTest_P2_844" />
    </UnitTest>
    <UnitTest name="MSTest_P2_845" storage="c:\users\navb\source\repos\sampleproject\testproject\unittestproject10\bin\debug\unittestproject10.dll" id="c6ee03d5-9684-896d-e10e-1858f02dec5f">
      <Execution id="9d5657ba-e067-48ab-a55e-cb018aed79bc" />
      <TestMethod codeBase="C:\Users\navb\source\repos\SampleProject\TestProject\UnitTestProject10\bin\Debug\UnitTestProject10.dll" adapterTypeName="Microsoft.VisualStudio.TestTools.TestTypes.Unit.UnitTestAdapter" className="UnitTestinProgress.MSTestClass2" name="MSTest_P2_845" />
    </UnitTest>
    <UnitTest name="MSTest_P2_846" storage="c:\users\navb\source\repos\sampleproject\testproject\unittestproject10\bin\debug\unittestproject10.dll" id="6a0c6508-a7ea-d027-fd8e-bdabe1521933">
      <Execution id="d7202263-5ce7-42b4-ab4a-cd3d2b6cea49" />
      <TestMethod codeBase="C:\Users\navb\source\repos\SampleProject\TestProject\UnitTestProject10\bin\Debug\UnitTestProject10.dll" adapterTypeName="Microsoft.VisualStudio.TestTools.TestTypes.Unit.UnitTestAdapter" className="UnitTestinProgress.MSTestClass2" name="MSTest_P2_846" />
    </UnitTest>
    <UnitTest name="MSTest_P2_847" storage="c:\users\navb\source\repos\sampleproject\testproject\unittestproject10\bin\debug\unittestproject10.dll" id="3a9a7fdb-5b03-106c-0671-c65a903339c6">
      <Execution id="9eb7994a-03d8-4595-9cb9-e1de148524ea" />
      <TestMethod codeBase="C:\Users\navb\source\repos\SampleProject\TestProject\UnitTestProject10\bin\Debug\UnitTestProject10.dll" adapterTypeName="Microsoft.VisualStudio.TestTools.TestTypes.Unit.UnitTestAdapter" className="UnitTestinProgress.MSTestClass2" name="MSTest_P2_847" />
    </UnitTest>
    <UnitTest name="MSTest_P2_848" storage="c:\users\navb\source\repos\sampleproject\testproject\unittestproject10\bin\debug\unittestproject10.dll" id="92afaed2-9f76-e231-6ecc-808ff600348b">
      <Execution id="6a96548a-ce89-4efb-b49a-38d36ebc1c71" />
      <TestMethod codeBase="C:\Users\navb\source\repos\SampleProject\TestProject\UnitTestProject10\bin\Debug\UnitTestProject10.dll" adapterTypeName="Microsoft.VisualStudio.TestTools.TestTypes.Unit.UnitTestAdapter" className="UnitTestinProgress.MSTestClass2" name="MSTest_P2_848" />
    </UnitTest>
    <UnitTest name="MSTest_P2_849" storage="c:\users\navb\source\repos\sampleproject\testproject\unittestproject10\bin\debug\unittestproject10.dll" id="e367aa71-b0af-a758-f513-c2150be0ee58">
      <Execution id="82078ea4-fa28-4e39-a2c9-0b1c616438db" />
      <TestMethod codeBase="C:\Users\navb\source\repos\SampleProject\TestProject\UnitTestProject10\bin\Debug\UnitTestProject10.dll" adapterTypeName="Microsoft.VisualStudio.TestTools.TestTypes.Unit.UnitTestAdapter" className="UnitTestinProgress.MSTestClass2" name="MSTest_P2_849" />
    </UnitTest>
    <UnitTest name="MSTest_P2_850" storage="c:\users\navb\source\repos\sampleproject\testproject\unittestproject10\bin\debug\unittestproject10.dll" id="60863bf4-f9bf-04dc-12a3-a22e0f65c9ea">
      <Execution id="81f6a55c-cf5e-482b-a631-adf2b5bd34d8" />
      <TestMethod codeBase="C:\Users\navb\source\repos\SampleProject\TestProject\UnitTestProject10\bin\Debug\UnitTestProject10.dll" adapterTypeName="Microsoft.VisualStudio.TestTools.TestTypes.Unit.UnitTestAdapter" className="UnitTestinProgress.MSTestClass2" name="MSTest_P2_850" />
    </UnitTest>
    <UnitTest name="MSTest_P2_681" storage="c:\users\navb\source\repos\sampleproject\testproject\unittestproject10\bin\debug\unittestproject10.dll" id="e024ef41-083b-00b1-2a7d-aeeaf04191e1">
      <Execution id="36f98c9b-0de6-49d8-9e02-b4bd91768303" />
      <TestMethod codeBase="C:\Users\navb\source\repos\SampleProject\TestProject\UnitTestProject10\bin\Debug\UnitTestProject10.dll" adapterTypeName="Microsoft.VisualStudio.TestTools.TestTypes.Unit.UnitTestAdapter" className="UnitTestinProgress.MSTestClass2" name="MSTest_P2_681" />
    </UnitTest>
    <UnitTest name="MSTest_P2_682" storage="c:\users\navb\source\repos\sampleproject\testproject\unittestproject10\bin\debug\unittestproject10.dll" id="0aa7aae1-8c4a-9eda-b1d9-2436bdcb68b7">
      <Execution id="ce6399ee-4706-4315-a940-334d0738f9d7" />
      <TestMethod codeBase="C:\Users\navb\source\repos\SampleProject\TestProject\UnitTestProject10\bin\Debug\UnitTestProject10.dll" adapterTypeName="Microsoft.VisualStudio.TestTools.TestTypes.Unit.UnitTestAdapter" className="UnitTestinProgress.MSTestClass2" name="MSTest_P2_682" />
    </UnitTest>
    <UnitTest name="MSTest_P2_683" storage="c:\users\navb\source\repos\sampleproject\testproject\unittestproject10\bin\debug\unittestproject10.dll" id="12bf26ac-5455-f147-ab84-37229d82317a">
      <Execution id="2693f145-877e-4e1d-86c3-7fd805614421" />
      <TestMethod codeBase="C:\Users\navb\source\repos\SampleProject\TestProject\UnitTestProject10\bin\Debug\UnitTestProject10.dll" adapterTypeName="Microsoft.VisualStudio.TestTools.TestTypes.Unit.UnitTestAdapter" className="UnitTestinProgress.MSTestClass2" name="MSTest_P2_683" />
    </UnitTest>
    <UnitTest name="MSTest_P2_684" storage="c:\users\navb\source\repos\sampleproject\testproject\unittestproject10\bin\debug\unittestproject10.dll" id="2e3a7c50-e4a5-3602-4438-48bdaf561af3">
      <Execution id="11b6c6e6-1499-4771-afc4-435699cbea3b" />
      <TestMethod codeBase="C:\Users\navb\source\repos\SampleProject\TestProject\UnitTestProject10\bin\Debug\UnitTestProject10.dll" adapterTypeName="Microsoft.VisualStudio.TestTools.TestTypes.Unit.UnitTestAdapter" className="UnitTestinProgress.MSTestClass2" name="MSTest_P2_684" />
    </UnitTest>
    <UnitTest name="MSTest_P2_685" storage="c:\users\navb\source\repos\sampleproject\testproject\unittestproject10\bin\debug\unittestproject10.dll" id="bef2782c-3a6e-228f-d81e-4a0182ff4ef4">
      <Execution id="9d0870e5-fad0-41f7-b10f-7cf36a0e4e50" />
      <TestMethod codeBase="C:\Users\navb\source\repos\SampleProject\TestProject\UnitTestProject10\bin\Debug\UnitTestProject10.dll" adapterTypeName="Microsoft.VisualStudio.TestTools.TestTypes.Unit.UnitTestAdapter" className="UnitTestinProgress.MSTestClass2" name="MSTest_P2_685" />
    </UnitTest>
    <UnitTest name="MSTest_P2_686" storage="c:\users\navb\source\repos\sampleproject\testproject\unittestproject10\bin\debug\unittestproject10.dll" id="9caa978f-dc1f-3b54-f86d-4561a75a1ad7">
      <Execution id="57e61fe5-5734-4fe9-8588-7b88dc3a9e24" />
      <TestMethod codeBase="C:\Users\navb\source\repos\SampleProject\TestProject\UnitTestProject10\bin\Debug\UnitTestProject10.dll" adapterTypeName="Microsoft.VisualStudio.TestTools.TestTypes.Unit.UnitTestAdapter" className="UnitTestinProgress.MSTestClass2" name="MSTest_P2_686" />
    </UnitTest>
    <UnitTest name="MSTest_P2_687" storage="c:\users\navb\source\repos\sampleproject\testproject\unittestproject10\bin\debug\unittestproject10.dll" id="1aaed582-bd65-15f1-f19a-f01bfeae0f85">
      <Execution id="75249e63-9ecb-4d7c-85c2-fa4249ce714c" />
      <TestMethod codeBase="C:\Users\navb\source\repos\SampleProject\TestProject\UnitTestProject10\bin\Debug\UnitTestProject10.dll" adapterTypeName="Microsoft.VisualStudio.TestTools.TestTypes.Unit.UnitTestAdapter" className="UnitTestinProgress.MSTestClass2" name="MSTest_P2_687" />
    </UnitTest>
    <UnitTest name="MSTest_P2_688" storage="c:\users\navb\source\repos\sampleproject\testproject\unittestproject10\bin\debug\unittestproject10.dll" id="02514658-3539-4e09-7083-7a561726facb">
      <Execution id="06f7d757-2a16-4332-a9c4-b0e71c9bb7ff" />
      <TestMethod codeBase="C:\Users\navb\source\repos\SampleProject\TestProject\UnitTestProject10\bin\Debug\UnitTestProject10.dll" adapterTypeName="Microsoft.VisualStudio.TestTools.TestTypes.Unit.UnitTestAdapter" className="UnitTestinProgress.MSTestClass2" name="MSTest_P2_688" />
    </UnitTest>
    <UnitTest name="MSTest_P2_689" storage="c:\users\navb\source\repos\sampleproject\testproject\unittestproject10\bin\debug\unittestproject10.dll" id="6b16ac49-7c2b-bc72-bfd4-131c02aab2db">
      <Execution id="bb6697ec-39d7-4cf6-91ce-f66ba30f92fc" />
      <TestMethod codeBase="C:\Users\navb\source\repos\SampleProject\TestProject\UnitTestProject10\bin\Debug\UnitTestProject10.dll" adapterTypeName="Microsoft.VisualStudio.TestTools.TestTypes.Unit.UnitTestAdapter" className="UnitTestinProgress.MSTestClass2" name="MSTest_P2_689" />
    </UnitTest>
    <UnitTest name="MSTest_P2_690" storage="c:\users\navb\source\repos\sampleproject\testproject\unittestproject10\bin\debug\unittestproject10.dll" id="09217960-761f-1039-17a0-ea4ede5ade15">
      <Execution id="a56f3c27-4406-4c5a-9d16-a58fa3c21f3e" />
      <TestMethod codeBase="C:\Users\navb\source\repos\SampleProject\TestProject\UnitTestProject10\bin\Debug\UnitTestProject10.dll" adapterTypeName="Microsoft.VisualStudio.TestTools.TestTypes.Unit.UnitTestAdapter" className="UnitTestinProgress.MSTestClass2" name="MSTest_P2_690" />
    </UnitTest>
    <UnitTest name="MSTest_P2_691" storage="c:\users\navb\source\repos\sampleproject\testproject\unittestproject10\bin\debug\unittestproject10.dll" id="fdbc3f44-4022-324e-a1e5-7cbdcbe40d5d">
      <Execution id="83c14a70-6f26-4113-9a97-e88e4b5b6e1e" />
      <TestMethod codeBase="C:\Users\navb\source\repos\SampleProject\TestProject\UnitTestProject10\bin\Debug\UnitTestProject10.dll" adapterTypeName="Microsoft.VisualStudio.TestTools.TestTypes.Unit.UnitTestAdapter" className="UnitTestinProgress.MSTestClass2" name="MSTest_P2_691" />
    </UnitTest>
    <UnitTest name="MSTest_P2_692" storage="c:\users\navb\source\repos\sampleproject\testproject\unittestproject10\bin\debug\unittestproject10.dll" id="10c70c0e-e0e6-4347-f394-4de496e761f1">
      <Execution id="dae34e66-7bd5-491a-8616-98a0577b274d" />
      <TestMethod codeBase="C:\Users\navb\source\repos\SampleProject\TestProject\UnitTestProject10\bin\Debug\UnitTestProject10.dll" adapterTypeName="Microsoft.VisualStudio.TestTools.TestTypes.Unit.UnitTestAdapter" className="UnitTestinProgress.MSTestClass2" name="MSTest_P2_692" />
    </UnitTest>
    <UnitTest name="MSTest_P2_693" storage="c:\users\navb\source\repos\sampleproject\testproject\unittestproject10\bin\debug\unittestproject10.dll" id="c517d47e-ca32-e377-d7f6-88e94f2c32ee">
      <Execution id="1edb402c-984b-42de-870f-085e9cedb98a" />
      <TestMethod codeBase="C:\Users\navb\source\repos\SampleProject\TestProject\UnitTestProject10\bin\Debug\UnitTestProject10.dll" adapterTypeName="Microsoft.VisualStudio.TestTools.TestTypes.Unit.UnitTestAdapter" className="UnitTestinProgress.MSTestClass2" name="MSTest_P2_693" />
    </UnitTest>
    <UnitTest name="MSTest_P2_694" storage="c:\users\navb\source\repos\sampleproject\testproject\unittestproject10\bin\debug\unittestproject10.dll" id="a30c0e1c-6be8-c1fc-d186-4953fdc74232">
      <Execution id="8814226b-c542-495d-a420-52d6b60a3dfa" />
      <TestMethod codeBase="C:\Users\navb\source\repos\SampleProject\TestProject\UnitTestProject10\bin\Debug\UnitTestProject10.dll" adapterTypeName="Microsoft.VisualStudio.TestTools.TestTypes.Unit.UnitTestAdapter" className="UnitTestinProgress.MSTestClass2" name="MSTest_P2_694" />
    </UnitTest>
    <UnitTest name="MSTest_P2_695" storage="c:\users\navb\source\repos\sampleproject\testproject\unittestproject10\bin\debug\unittestproject10.dll" id="0544e28d-4fc2-b4ec-7e67-93472bf81c4c">
      <Execution id="ba887bbb-8fe1-4b49-bf9e-db4425a0e20c" />
      <TestMethod codeBase="C:\Users\navb\source\repos\SampleProject\TestProject\UnitTestProject10\bin\Debug\UnitTestProject10.dll" adapterTypeName="Microsoft.VisualStudio.TestTools.TestTypes.Unit.UnitTestAdapter" className="UnitTestinProgress.MSTestClass2" name="MSTest_P2_695" />
    </UnitTest>
    <UnitTest name="MSTest_P2_696" storage="c:\users\navb\source\repos\sampleproject\testproject\unittestproject10\bin\debug\unittestproject10.dll" id="9d2ec2a6-d3d1-c073-e2b7-2bdf63a956f5">
      <Execution id="0ad7f8b8-713b-4af8-a8f6-72b2e80995ef" />
      <TestMethod codeBase="C:\Users\navb\source\repos\SampleProject\TestProject\UnitTestProject10\bin\Debug\UnitTestProject10.dll" adapterTypeName="Microsoft.VisualStudio.TestTools.TestTypes.Unit.UnitTestAdapter" className="UnitTestinProgress.MSTestClass2" name="MSTest_P2_696" />
    </UnitTest>
    <UnitTest name="MSTest_P2_697" storage="c:\users\navb\source\repos\sampleproject\testproject\unittestproject10\bin\debug\unittestproject10.dll" id="ff871a0a-f3fb-129c-5e01-0c196d851088">
      <Execution id="fd3b0921-887a-4a06-a52b-f6eeeab9c0f1" />
      <TestMethod codeBase="C:\Users\navb\source\repos\SampleProject\TestProject\UnitTestProject10\bin\Debug\UnitTestProject10.dll" adapterTypeName="Microsoft.VisualStudio.TestTools.TestTypes.Unit.UnitTestAdapter" className="UnitTestinProgress.MSTestClass2" name="MSTest_P2_697" />
    </UnitTest>
    <UnitTest name="MSTest_P2_698" storage="c:\users\navb\source\repos\sampleproject\testproject\unittestproject10\bin\debug\unittestproject10.dll" id="7310670a-0010-c516-b9ef-05b270ab4c04">
      <Execution id="18da3a83-ad4b-482b-9fb1-01e22638a924" />
      <TestMethod codeBase="C:\Users\navb\source\repos\SampleProject\TestProject\UnitTestProject10\bin\Debug\UnitTestProject10.dll" adapterTypeName="Microsoft.VisualStudio.TestTools.TestTypes.Unit.UnitTestAdapter" className="UnitTestinProgress.MSTestClass2" name="MSTest_P2_698" />
    </UnitTest>
    <UnitTest name="MSTest_P2_699" storage="c:\users\navb\source\repos\sampleproject\testproject\unittestproject10\bin\debug\unittestproject10.dll" id="d768bb94-e7be-c795-a879-8660f5a521ca">
      <Execution id="7e30e163-23b7-472b-9c3e-0fe30f25c7db" />
      <TestMethod codeBase="C:\Users\navb\source\repos\SampleProject\TestProject\UnitTestProject10\bin\Debug\UnitTestProject10.dll" adapterTypeName="Microsoft.VisualStudio.TestTools.TestTypes.Unit.UnitTestAdapter" className="UnitTestinProgress.MSTestClass2" name="MSTest_P2_699" />
    </UnitTest>
    <UnitTest name="MSTest_P2_700" storage="c:\users\navb\source\repos\sampleproject\testproject\unittestproject10\bin\debug\unittestproject10.dll" id="23fd5c35-806e-ce3a-d70e-4f98406ae92e">
      <Execution id="b3ee68ba-a20c-42c5-bec1-1872e86178fa" />
      <TestMethod codeBase="C:\Users\navb\source\repos\SampleProject\TestProject\UnitTestProject10\bin\Debug\UnitTestProject10.dll" adapterTypeName="Microsoft.VisualStudio.TestTools.TestTypes.Unit.UnitTestAdapter" className="UnitTestinProgress.MSTestClass2" name="MSTest_P2_700" />
    </UnitTest>
    <UnitTest name="MSTest_P2_701" storage="c:\users\navb\source\repos\sampleproject\testproject\unittestproject10\bin\debug\unittestproject10.dll" id="2c22d41f-092a-968d-84dc-b705713dc267">
      <Execution id="9c638b4b-85a4-4792-8205-885969d16312" />
      <TestMethod codeBase="C:\Users\navb\source\repos\SampleProject\TestProject\UnitTestProject10\bin\Debug\UnitTestProject10.dll" adapterTypeName="Microsoft.VisualStudio.TestTools.TestTypes.Unit.UnitTestAdapter" className="UnitTestinProgress.MSTestClass2" name="MSTest_P2_701" />
    </UnitTest>
    <UnitTest name="MSTest_P2_702" storage="c:\users\navb\source\repos\sampleproject\testproject\unittestproject10\bin\debug\unittestproject10.dll" id="4d43b66e-8962-9bb6-1326-4acf18e1f8af">
      <Execution id="cfc8c851-f7bb-48f6-85a1-a77ba4448138" />
      <TestMethod codeBase="C:\Users\navb\source\repos\SampleProject\TestProject\UnitTestProject10\bin\Debug\UnitTestProject10.dll" adapterTypeName="Microsoft.VisualStudio.TestTools.TestTypes.Unit.UnitTestAdapter" className="UnitTestinProgress.MSTestClass2" name="MSTest_P2_702" />
    </UnitTest>
    <UnitTest name="MSTest_P2_703" storage="c:\users\navb\source\repos\sampleproject\testproject\unittestproject10\bin\debug\unittestproject10.dll" id="d4654878-1a35-6721-cf80-bedb39cbf7b8">
      <Execution id="e5e10c0b-0e85-4079-9e36-7a39165f0579" />
      <TestMethod codeBase="C:\Users\navb\source\repos\SampleProject\TestProject\UnitTestProject10\bin\Debug\UnitTestProject10.dll" adapterTypeName="Microsoft.VisualStudio.TestTools.TestTypes.Unit.UnitTestAdapter" className="UnitTestinProgress.MSTestClass2" name="MSTest_P2_703" />
    </UnitTest>
    <UnitTest name="MSTest_P2_704" storage="c:\users\navb\source\repos\sampleproject\testproject\unittestproject10\bin\debug\unittestproject10.dll" id="0375a79b-17bf-9022-0b92-a3ad697c1a71">
      <Execution id="fc15d451-5b90-4fc9-87eb-dd235906f62f" />
      <TestMethod codeBase="C:\Users\navb\source\repos\SampleProject\TestProject\UnitTestProject10\bin\Debug\UnitTestProject10.dll" adapterTypeName="Microsoft.VisualStudio.TestTools.TestTypes.Unit.UnitTestAdapter" className="UnitTestinProgress.MSTestClass2" name="MSTest_P2_704" />
    </UnitTest>
    <UnitTest name="MSTest_P2_705" storage="c:\users\navb\source\repos\sampleproject\testproject\unittestproject10\bin\debug\unittestproject10.dll" id="ec973bdb-21c0-1365-934b-b91d9822cd21">
      <Execution id="232fb079-dd5e-4d4e-bf4d-6858e4afdc26" />
      <TestMethod codeBase="C:\Users\navb\source\repos\SampleProject\TestProject\UnitTestProject10\bin\Debug\UnitTestProject10.dll" adapterTypeName="Microsoft.VisualStudio.TestTools.TestTypes.Unit.UnitTestAdapter" className="UnitTestinProgress.MSTestClass2" name="MSTest_P2_705" />
    </UnitTest>
    <UnitTest name="MSTest_P2_706" storage="c:\users\navb\source\repos\sampleproject\testproject\unittestproject10\bin\debug\unittestproject10.dll" id="5ad515e4-061f-7df7-ad67-b02fe01da566">
      <Execution id="c2077bfe-e66c-4fdf-a520-e9019d1172f5" />
      <TestMethod codeBase="C:\Users\navb\source\repos\SampleProject\TestProject\UnitTestProject10\bin\Debug\UnitTestProject10.dll" adapterTypeName="Microsoft.VisualStudio.TestTools.TestTypes.Unit.UnitTestAdapter" className="UnitTestinProgress.MSTestClass2" name="MSTest_P2_706" />
    </UnitTest>
    <UnitTest name="MSTest_P2_707" storage="c:\users\navb\source\repos\sampleproject\testproject\unittestproject10\bin\debug\unittestproject10.dll" id="0803935a-871f-a690-4074-dae07f076149">
      <Execution id="fb09ac53-31e6-456b-a560-ed31ba56a0cb" />
      <TestMethod codeBase="C:\Users\navb\source\repos\SampleProject\TestProject\UnitTestProject10\bin\Debug\UnitTestProject10.dll" adapterTypeName="Microsoft.VisualStudio.TestTools.TestTypes.Unit.UnitTestAdapter" className="UnitTestinProgress.MSTestClass2" name="MSTest_P2_707" />
    </UnitTest>
    <UnitTest name="MSTest_P2_708" storage="c:\users\navb\source\repos\sampleproject\testproject\unittestproject10\bin\debug\unittestproject10.dll" id="5a551494-faff-53e7-207e-681c218ee1d5">
      <Execution id="3f71191e-2e12-4f53-81a0-765ab329bd22" />
      <TestMethod codeBase="C:\Users\navb\source\repos\SampleProject\TestProject\UnitTestProject10\bin\Debug\UnitTestProject10.dll" adapterTypeName="Microsoft.VisualStudio.TestTools.TestTypes.Unit.UnitTestAdapter" className="UnitTestinProgress.MSTestClass2" name="MSTest_P2_708" />
    </UnitTest>
    <UnitTest name="MSTest_P2_709" storage="c:\users\navb\source\repos\sampleproject\testproject\unittestproject10\bin\debug\unittestproject10.dll" id="c3a8a6f2-b935-a4af-92db-4c0183516cfb">
      <Execution id="91070c9d-9270-4b53-ac05-1c030d86f3b7" />
      <TestMethod codeBase="C:\Users\navb\source\repos\SampleProject\TestProject\UnitTestProject10\bin\Debug\UnitTestProject10.dll" adapterTypeName="Microsoft.VisualStudio.TestTools.TestTypes.Unit.UnitTestAdapter" className="UnitTestinProgress.MSTestClass2" name="MSTest_P2_709" />
    </UnitTest>
    <UnitTest name="MSTest_P2_710" storage="c:\users\navb\source\repos\sampleproject\testproject\unittestproject10\bin\debug\unittestproject10.dll" id="0019d10a-a6a6-19da-3d6b-4865f197fa35">
      <Execution id="2701c10b-31eb-4386-a471-6a60ff5d198b" />
      <TestMethod codeBase="C:\Users\navb\source\repos\SampleProject\TestProject\UnitTestProject10\bin\Debug\UnitTestProject10.dll" adapterTypeName="Microsoft.VisualStudio.TestTools.TestTypes.Unit.UnitTestAdapter" className="UnitTestinProgress.MSTestClass2" name="MSTest_P2_710" />
    </UnitTest>
    <UnitTest name="MSTest_P2_711" storage="c:\users\navb\source\repos\sampleproject\testproject\unittestproject10\bin\debug\unittestproject10.dll" id="cc78e4c8-e396-40e7-5bdc-41f3b1d91c3b">
      <Execution id="8b22f061-55f3-4071-bff3-98bccedf21a3" />
      <TestMethod codeBase="C:\Users\navb\source\repos\SampleProject\TestProject\UnitTestProject10\bin\Debug\UnitTestProject10.dll" adapterTypeName="Microsoft.VisualStudio.TestTools.TestTypes.Unit.UnitTestAdapter" className="UnitTestinProgress.MSTestClass2" name="MSTest_P2_711" />
    </UnitTest>
    <UnitTest name="MSTest_P2_712" storage="c:\users\navb\source\repos\sampleproject\testproject\unittestproject10\bin\debug\unittestproject10.dll" id="efecd466-b15f-af39-21f9-c8961441d324">
      <Execution id="e647c79b-d0a7-49d8-9377-3fb0e261d04c" />
      <TestMethod codeBase="C:\Users\navb\source\repos\SampleProject\TestProject\UnitTestProject10\bin\Debug\UnitTestProject10.dll" adapterTypeName="Microsoft.VisualStudio.TestTools.TestTypes.Unit.UnitTestAdapter" className="UnitTestinProgress.MSTestClass2" name="MSTest_P2_712" />
    </UnitTest>
    <UnitTest name="MSTest_P2_713" storage="c:\users\navb\source\repos\sampleproject\testproject\unittestproject10\bin\debug\unittestproject10.dll" id="cd2e6b67-6d53-becf-0933-90bf764522df">
      <Execution id="7fa8add3-1b33-4e4c-a0de-d4d5223c22ad" />
      <TestMethod codeBase="C:\Users\navb\source\repos\SampleProject\TestProject\UnitTestProject10\bin\Debug\UnitTestProject10.dll" adapterTypeName="Microsoft.VisualStudio.TestTools.TestTypes.Unit.UnitTestAdapter" className="UnitTestinProgress.MSTestClass2" name="MSTest_P2_713" />
    </UnitTest>
    <UnitTest name="MSTest_P2_714" storage="c:\users\navb\source\repos\sampleproject\testproject\unittestproject10\bin\debug\unittestproject10.dll" id="272f4885-6438-4d19-4138-7ad48b76a66a">
      <Execution id="a78862db-981d-4a49-a205-48550826da49" />
      <TestMethod codeBase="C:\Users\navb\source\repos\SampleProject\TestProject\UnitTestProject10\bin\Debug\UnitTestProject10.dll" adapterTypeName="Microsoft.VisualStudio.TestTools.TestTypes.Unit.UnitTestAdapter" className="UnitTestinProgress.MSTestClass2" name="MSTest_P2_714" />
    </UnitTest>
    <UnitTest name="MSTest_P2_715" storage="c:\users\navb\source\repos\sampleproject\testproject\unittestproject10\bin\debug\unittestproject10.dll" id="7bcf3a65-993a-a11d-3a6c-189aa950d196">
      <Execution id="32cb2646-1d7f-4d67-adea-e0e82431dfc9" />
      <TestMethod codeBase="C:\Users\navb\source\repos\SampleProject\TestProject\UnitTestProject10\bin\Debug\UnitTestProject10.dll" adapterTypeName="Microsoft.VisualStudio.TestTools.TestTypes.Unit.UnitTestAdapter" className="UnitTestinProgress.MSTestClass2" name="MSTest_P2_715" />
    </UnitTest>
    <UnitTest name="MSTest_P2_716" storage="c:\users\navb\source\repos\sampleproject\testproject\unittestproject10\bin\debug\unittestproject10.dll" id="91ca59a7-2b67-023b-8100-5a8eb67c3171">
      <Execution id="03db6880-b885-437a-a1bc-921ad33d4195" />
      <TestMethod codeBase="C:\Users\navb\source\repos\SampleProject\TestProject\UnitTestProject10\bin\Debug\UnitTestProject10.dll" adapterTypeName="Microsoft.VisualStudio.TestTools.TestTypes.Unit.UnitTestAdapter" className="UnitTestinProgress.MSTestClass2" name="MSTest_P2_716" />
    </UnitTest>
    <UnitTest name="MSTest_P2_717" storage="c:\users\navb\source\repos\sampleproject\testproject\unittestproject10\bin\debug\unittestproject10.dll" id="6f5c5df5-4252-2513-c1dc-4c088c708d7c">
      <Execution id="238b2d02-2779-4df9-befb-555aca6904b8" />
      <TestMethod codeBase="C:\Users\navb\source\repos\SampleProject\TestProject\UnitTestProject10\bin\Debug\UnitTestProject10.dll" adapterTypeName="Microsoft.VisualStudio.TestTools.TestTypes.Unit.UnitTestAdapter" className="UnitTestinProgress.MSTestClass2" name="MSTest_P2_717" />
    </UnitTest>
    <UnitTest name="MSTest_P2_718" storage="c:\users\navb\source\repos\sampleproject\testproject\unittestproject10\bin\debug\unittestproject10.dll" id="48651643-3990-f762-2f5d-868f1a95d4b6">
      <Execution id="b8c77c22-e1da-4bb7-9162-3f72de419eb3" />
      <TestMethod codeBase="C:\Users\navb\source\repos\SampleProject\TestProject\UnitTestProject10\bin\Debug\UnitTestProject10.dll" adapterTypeName="Microsoft.VisualStudio.TestTools.TestTypes.Unit.UnitTestAdapter" className="UnitTestinProgress.MSTestClass2" name="MSTest_P2_718" />
    </UnitTest>
    <UnitTest name="MSTest_P2_719" storage="c:\users\navb\source\repos\sampleproject\testproject\unittestproject10\bin\debug\unittestproject10.dll" id="f8bf1449-939b-89f4-212d-2e74de51e43d">
      <Execution id="a02c214d-8f02-47d3-8fa6-382845a97d0d" />
      <TestMethod codeBase="C:\Users\navb\source\repos\SampleProject\TestProject\UnitTestProject10\bin\Debug\UnitTestProject10.dll" adapterTypeName="Microsoft.VisualStudio.TestTools.TestTypes.Unit.UnitTestAdapter" className="UnitTestinProgress.MSTestClass2" name="MSTest_P2_719" />
    </UnitTest>
    <UnitTest name="MSTest_P2_720" storage="c:\users\navb\source\repos\sampleproject\testproject\unittestproject10\bin\debug\unittestproject10.dll" id="7dec1179-eee2-fa94-5da7-099c0e6c3451">
      <Execution id="f678669e-19b4-42a8-88aa-bfd70e284fc1" />
      <TestMethod codeBase="C:\Users\navb\source\repos\SampleProject\TestProject\UnitTestProject10\bin\Debug\UnitTestProject10.dll" adapterTypeName="Microsoft.VisualStudio.TestTools.TestTypes.Unit.UnitTestAdapter" className="UnitTestinProgress.MSTestClass2" name="MSTest_P2_720" />
    </UnitTest>
    <UnitTest name="MSTest_P2_721" storage="c:\users\navb\source\repos\sampleproject\testproject\unittestproject10\bin\debug\unittestproject10.dll" id="7beb1d45-b2f9-3ce6-acac-11111dd263b6">
      <Execution id="5c51cd28-f0e3-4dca-aa5b-e47d42beb57b" />
      <TestMethod codeBase="C:\Users\navb\source\repos\SampleProject\TestProject\UnitTestProject10\bin\Debug\UnitTestProject10.dll" adapterTypeName="Microsoft.VisualStudio.TestTools.TestTypes.Unit.UnitTestAdapter" className="UnitTestinProgress.MSTestClass2" name="MSTest_P2_721" />
    </UnitTest>
    <UnitTest name="MSTest_P2_722" storage="c:\users\navb\source\repos\sampleproject\testproject\unittestproject10\bin\debug\unittestproject10.dll" id="0f01db86-94cf-3b40-a1fd-a3d559461236">
      <Execution id="83155f61-7491-49b6-91e0-d85dae7f9712" />
      <TestMethod codeBase="C:\Users\navb\source\repos\SampleProject\TestProject\UnitTestProject10\bin\Debug\UnitTestProject10.dll" adapterTypeName="Microsoft.VisualStudio.TestTools.TestTypes.Unit.UnitTestAdapter" className="UnitTestinProgress.MSTestClass2" name="MSTest_P2_722" />
    </UnitTest>
    <UnitTest name="MSTest_P2_723" storage="c:\users\navb\source\repos\sampleproject\testproject\unittestproject10\bin\debug\unittestproject10.dll" id="60ae1216-f4f8-6b00-f4c4-045e3d712ab9">
      <Execution id="df39d10b-757e-4cbf-a92a-9f1ea86a815a" />
      <TestMethod codeBase="C:\Users\navb\source\repos\SampleProject\TestProject\UnitTestProject10\bin\Debug\UnitTestProject10.dll" adapterTypeName="Microsoft.VisualStudio.TestTools.TestTypes.Unit.UnitTestAdapter" className="UnitTestinProgress.MSTestClass2" name="MSTest_P2_723" />
    </UnitTest>
    <UnitTest name="MSTest_P2_724" storage="c:\users\navb\source\repos\sampleproject\testproject\unittestproject10\bin\debug\unittestproject10.dll" id="19e5591a-1631-c4d0-c9a6-ceae072f9278">
      <Execution id="b2be59a8-b331-4f2c-aa5c-7925948b47de" />
      <TestMethod codeBase="C:\Users\navb\source\repos\SampleProject\TestProject\UnitTestProject10\bin\Debug\UnitTestProject10.dll" adapterTypeName="Microsoft.VisualStudio.TestTools.TestTypes.Unit.UnitTestAdapter" className="UnitTestinProgress.MSTestClass2" name="MSTest_P2_724" />
    </UnitTest>
    <UnitTest name="MSTest_P2_725" storage="c:\users\navb\source\repos\sampleproject\testproject\unittestproject10\bin\debug\unittestproject10.dll" id="da7afe93-5f9e-e644-ee17-d8f62724b065">
      <Execution id="f53db901-f8b8-4bab-b67f-f6384ae421a2" />
      <TestMethod codeBase="C:\Users\navb\source\repos\SampleProject\TestProject\UnitTestProject10\bin\Debug\UnitTestProject10.dll" adapterTypeName="Microsoft.VisualStudio.TestTools.TestTypes.Unit.UnitTestAdapter" className="UnitTestinProgress.MSTestClass2" name="MSTest_P2_725" />
    </UnitTest>
    <UnitTest name="MSTest_P2_726" storage="c:\users\navb\source\repos\sampleproject\testproject\unittestproject10\bin\debug\unittestproject10.dll" id="8266f92d-e581-75a5-bb2e-4504a7b93262">
      <Execution id="e635a18e-dcfd-4641-9a8f-00f24854be3e" />
      <TestMethod codeBase="C:\Users\navb\source\repos\SampleProject\TestProject\UnitTestProject10\bin\Debug\UnitTestProject10.dll" adapterTypeName="Microsoft.VisualStudio.TestTools.TestTypes.Unit.UnitTestAdapter" className="UnitTestinProgress.MSTestClass2" name="MSTest_P2_726" />
    </UnitTest>
    <UnitTest name="MSTest_P2_727" storage="c:\users\navb\source\repos\sampleproject\testproject\unittestproject10\bin\debug\unittestproject10.dll" id="1cbf8c80-94c3-2ec1-b0e8-bab269a8bc81">
      <Execution id="1394a2f9-ac59-4c97-9c2e-c82af965db91" />
      <TestMethod codeBase="C:\Users\navb\source\repos\SampleProject\TestProject\UnitTestProject10\bin\Debug\UnitTestProject10.dll" adapterTypeName="Microsoft.VisualStudio.TestTools.TestTypes.Unit.UnitTestAdapter" className="UnitTestinProgress.MSTestClass2" name="MSTest_P2_727" />
    </UnitTest>
    <UnitTest name="MSTest_P2_728" storage="c:\users\navb\source\repos\sampleproject\testproject\unittestproject10\bin\debug\unittestproject10.dll" id="ccaa3c83-5d1b-ce5f-4059-289c1ce0cfc6">
      <Execution id="6673bf36-091d-45c8-b7d5-21fc5e33b205" />
      <TestMethod codeBase="C:\Users\navb\source\repos\SampleProject\TestProject\UnitTestProject10\bin\Debug\UnitTestProject10.dll" adapterTypeName="Microsoft.VisualStudio.TestTools.TestTypes.Unit.UnitTestAdapter" className="UnitTestinProgress.MSTestClass2" name="MSTest_P2_728" />
    </UnitTest>
    <UnitTest name="MSTest_P2_729" storage="c:\users\navb\source\repos\sampleproject\testproject\unittestproject10\bin\debug\unittestproject10.dll" id="525b9b8a-dc35-c682-c75e-37fc41131ae6">
      <Execution id="c49cc184-8000-45bf-8b72-9440fa53c389" />
      <TestMethod codeBase="C:\Users\navb\source\repos\SampleProject\TestProject\UnitTestProject10\bin\Debug\UnitTestProject10.dll" adapterTypeName="Microsoft.VisualStudio.TestTools.TestTypes.Unit.UnitTestAdapter" className="UnitTestinProgress.MSTestClass2" name="MSTest_P2_729" />
    </UnitTest>
    <UnitTest name="MSTest_P2_730" storage="c:\users\navb\source\repos\sampleproject\testproject\unittestproject10\bin\debug\unittestproject10.dll" id="03080019-5681-3ce2-8630-2dd43ec7dd80">
      <Execution id="6b994848-f0a0-4538-ab1e-daa30fb01a0f" />
      <TestMethod codeBase="C:\Users\navb\source\repos\SampleProject\TestProject\UnitTestProject10\bin\Debug\UnitTestProject10.dll" adapterTypeName="Microsoft.VisualStudio.TestTools.TestTypes.Unit.UnitTestAdapter" className="UnitTestinProgress.MSTestClass2" name="MSTest_P2_730" />
    </UnitTest>
    <UnitTest name="MSTest_P2_731" storage="c:\users\navb\source\repos\sampleproject\testproject\unittestproject10\bin\debug\unittestproject10.dll" id="4bac3f4f-5c26-53a7-2b63-bc2e982bfcd0">
      <Execution id="2baec136-ce5f-4a4a-a25d-83d8356141b7" />
      <TestMethod codeBase="C:\Users\navb\source\repos\SampleProject\TestProject\UnitTestProject10\bin\Debug\UnitTestProject10.dll" adapterTypeName="Microsoft.VisualStudio.TestTools.TestTypes.Unit.UnitTestAdapter" className="UnitTestinProgress.MSTestClass2" name="MSTest_P2_731" />
    </UnitTest>
    <UnitTest name="MSTest_P2_732" storage="c:\users\navb\source\repos\sampleproject\testproject\unittestproject10\bin\debug\unittestproject10.dll" id="93b4d200-60a7-c4a5-e8f1-e8a503bfc2a3">
      <Execution id="1d953589-0bda-46d3-b91c-1b8355057eb7" />
      <TestMethod codeBase="C:\Users\navb\source\repos\SampleProject\TestProject\UnitTestProject10\bin\Debug\UnitTestProject10.dll" adapterTypeName="Microsoft.VisualStudio.TestTools.TestTypes.Unit.UnitTestAdapter" className="UnitTestinProgress.MSTestClass2" name="MSTest_P2_732" />
    </UnitTest>
    <UnitTest name="MSTest_P2_733" storage="c:\users\navb\source\repos\sampleproject\testproject\unittestproject10\bin\debug\unittestproject10.dll" id="6c5f321c-3892-4b16-73e5-6819c0fa06e9">
      <Execution id="2a7da5ca-88c2-4b2c-8342-012b622dd2c6" />
      <TestMethod codeBase="C:\Users\navb\source\repos\SampleProject\TestProject\UnitTestProject10\bin\Debug\UnitTestProject10.dll" adapterTypeName="Microsoft.VisualStudio.TestTools.TestTypes.Unit.UnitTestAdapter" className="UnitTestinProgress.MSTestClass2" name="MSTest_P2_733" />
    </UnitTest>
    <UnitTest name="MSTest_P2_734" storage="c:\users\navb\source\repos\sampleproject\testproject\unittestproject10\bin\debug\unittestproject10.dll" id="7eb1da94-1ce2-6d2d-984a-cd4d2f71d0f2">
      <Execution id="48d1d286-8e4c-470d-88ae-9cb926901f86" />
      <TestMethod codeBase="C:\Users\navb\source\repos\SampleProject\TestProject\UnitTestProject10\bin\Debug\UnitTestProject10.dll" adapterTypeName="Microsoft.VisualStudio.TestTools.TestTypes.Unit.UnitTestAdapter" className="UnitTestinProgress.MSTestClass2" name="MSTest_P2_734" />
    </UnitTest>
    <UnitTest name="MSTest_P2_735" storage="c:\users\navb\source\repos\sampleproject\testproject\unittestproject10\bin\debug\unittestproject10.dll" id="dafb9c59-4deb-eceb-485d-d78754e3bb3d">
      <Execution id="eb431019-d84f-4803-bc20-6fea6f1e39c3" />
      <TestMethod codeBase="C:\Users\navb\source\repos\SampleProject\TestProject\UnitTestProject10\bin\Debug\UnitTestProject10.dll" adapterTypeName="Microsoft.VisualStudio.TestTools.TestTypes.Unit.UnitTestAdapter" className="UnitTestinProgress.MSTestClass2" name="MSTest_P2_735" />
    </UnitTest>
    <UnitTest name="MSTest_P2_736" storage="c:\users\navb\source\repos\sampleproject\testproject\unittestproject10\bin\debug\unittestproject10.dll" id="ae1b0e5a-9751-6ec2-a50c-37544beb22df">
      <Execution id="a8526311-742c-4229-ae85-8c453c540b42" />
      <TestMethod codeBase="C:\Users\navb\source\repos\SampleProject\TestProject\UnitTestProject10\bin\Debug\UnitTestProject10.dll" adapterTypeName="Microsoft.VisualStudio.TestTools.TestTypes.Unit.UnitTestAdapter" className="UnitTestinProgress.MSTestClass2" name="MSTest_P2_736" />
    </UnitTest>
    <UnitTest name="MSTest_P2_737" storage="c:\users\navb\source\repos\sampleproject\testproject\unittestproject10\bin\debug\unittestproject10.dll" id="46201051-8998-885f-f96c-6e7e1db6ebbf">
      <Execution id="754c19a7-282c-4355-a99d-402f157f2ac6" />
      <TestMethod codeBase="C:\Users\navb\source\repos\SampleProject\TestProject\UnitTestProject10\bin\Debug\UnitTestProject10.dll" adapterTypeName="Microsoft.VisualStudio.TestTools.TestTypes.Unit.UnitTestAdapter" className="UnitTestinProgress.MSTestClass2" name="MSTest_P2_737" />
    </UnitTest>
    <UnitTest name="MSTest_P2_738" storage="c:\users\navb\source\repos\sampleproject\testproject\unittestproject10\bin\debug\unittestproject10.dll" id="95479c3f-3365-f81a-28bd-bfc5cc121e21">
      <Execution id="26b95a05-3f29-4a58-b498-d5fd8c8dbd95" />
      <TestMethod codeBase="C:\Users\navb\source\repos\SampleProject\TestProject\UnitTestProject10\bin\Debug\UnitTestProject10.dll" adapterTypeName="Microsoft.VisualStudio.TestTools.TestTypes.Unit.UnitTestAdapter" className="UnitTestinProgress.MSTestClass2" name="MSTest_P2_738" />
    </UnitTest>
    <UnitTest name="MSTest_P2_739" storage="c:\users\navb\source\repos\sampleproject\testproject\unittestproject10\bin\debug\unittestproject10.dll" id="9107236d-d734-f374-4ead-dfd7b705c5ba">
      <Execution id="b0d7c1ba-514e-42e7-87de-5000daacbd20" />
      <TestMethod codeBase="C:\Users\navb\source\repos\SampleProject\TestProject\UnitTestProject10\bin\Debug\UnitTestProject10.dll" adapterTypeName="Microsoft.VisualStudio.TestTools.TestTypes.Unit.UnitTestAdapter" className="UnitTestinProgress.MSTestClass2" name="MSTest_P2_739" />
    </UnitTest>
    <UnitTest name="MSTest_P2_740" storage="c:\users\navb\source\repos\sampleproject\testproject\unittestproject10\bin\debug\unittestproject10.dll" id="95f8e000-3ba5-e2a7-1692-54b2972a33db">
      <Execution id="f70a3a9f-6dc8-4ef7-9489-3a5e31e31dad" />
      <TestMethod codeBase="C:\Users\navb\source\repos\SampleProject\TestProject\UnitTestProject10\bin\Debug\UnitTestProject10.dll" adapterTypeName="Microsoft.VisualStudio.TestTools.TestTypes.Unit.UnitTestAdapter" className="UnitTestinProgress.MSTestClass2" name="MSTest_P2_740" />
    </UnitTest>
    <UnitTest name="MSTest_P2_741" storage="c:\users\navb\source\repos\sampleproject\testproject\unittestproject10\bin\debug\unittestproject10.dll" id="e871f69c-166e-d899-2060-09cc2f7bdee0">
      <Execution id="6942c3e0-49fc-4d06-bb2f-b68083610013" />
      <TestMethod codeBase="C:\Users\navb\source\repos\SampleProject\TestProject\UnitTestProject10\bin\Debug\UnitTestProject10.dll" adapterTypeName="Microsoft.VisualStudio.TestTools.TestTypes.Unit.UnitTestAdapter" className="UnitTestinProgress.MSTestClass2" name="MSTest_P2_741" />
    </UnitTest>
    <UnitTest name="MSTest_P2_742" storage="c:\users\navb\source\repos\sampleproject\testproject\unittestproject10\bin\debug\unittestproject10.dll" id="579cefdc-1285-49a6-5465-b30a2f09f831">
      <Execution id="443b8be9-32a7-429b-96e2-fa7a6d10092b" />
      <TestMethod codeBase="C:\Users\navb\source\repos\SampleProject\TestProject\UnitTestProject10\bin\Debug\UnitTestProject10.dll" adapterTypeName="Microsoft.VisualStudio.TestTools.TestTypes.Unit.UnitTestAdapter" className="UnitTestinProgress.MSTestClass2" name="MSTest_P2_742" />
    </UnitTest>
    <UnitTest name="MSTest_P2_743" storage="c:\users\navb\source\repos\sampleproject\testproject\unittestproject10\bin\debug\unittestproject10.dll" id="7b5fe27a-185c-b6c0-b856-dac5483bd5d8">
      <Execution id="4df780bf-88f4-4fd0-83f1-2bc6dd4abf71" />
      <TestMethod codeBase="C:\Users\navb\source\repos\SampleProject\TestProject\UnitTestProject10\bin\Debug\UnitTestProject10.dll" adapterTypeName="Microsoft.VisualStudio.TestTools.TestTypes.Unit.UnitTestAdapter" className="UnitTestinProgress.MSTestClass2" name="MSTest_P2_743" />
    </UnitTest>
    <UnitTest name="MSTest_P2_744" storage="c:\users\navb\source\repos\sampleproject\testproject\unittestproject10\bin\debug\unittestproject10.dll" id="a8a1177c-65d4-f665-d2f6-84b5f84d7826">
      <Execution id="a4463779-94ab-4540-982e-6ceed05e3e5f" />
      <TestMethod codeBase="C:\Users\navb\source\repos\SampleProject\TestProject\UnitTestProject10\bin\Debug\UnitTestProject10.dll" adapterTypeName="Microsoft.VisualStudio.TestTools.TestTypes.Unit.UnitTestAdapter" className="UnitTestinProgress.MSTestClass2" name="MSTest_P2_744" />
    </UnitTest>
    <UnitTest name="MSTest_P2_745" storage="c:\users\navb\source\repos\sampleproject\testproject\unittestproject10\bin\debug\unittestproject10.dll" id="7d6376a8-19a6-b812-8c3c-f3e9a6e14d5a">
      <Execution id="f4bf79ab-74a1-4b83-82bc-54098c9adba8" />
      <TestMethod codeBase="C:\Users\navb\source\repos\SampleProject\TestProject\UnitTestProject10\bin\Debug\UnitTestProject10.dll" adapterTypeName="Microsoft.VisualStudio.TestTools.TestTypes.Unit.UnitTestAdapter" className="UnitTestinProgress.MSTestClass2" name="MSTest_P2_745" />
    </UnitTest>
    <UnitTest name="MSTest_P2_746" storage="c:\users\navb\source\repos\sampleproject\testproject\unittestproject10\bin\debug\unittestproject10.dll" id="5a579627-9ef0-b996-872a-63ac1117a53a">
      <Execution id="4f6ca65f-6a4d-4966-b8ff-9948b63f5c21" />
      <TestMethod codeBase="C:\Users\navb\source\repos\SampleProject\TestProject\UnitTestProject10\bin\Debug\UnitTestProject10.dll" adapterTypeName="Microsoft.VisualStudio.TestTools.TestTypes.Unit.UnitTestAdapter" className="UnitTestinProgress.MSTestClass2" name="MSTest_P2_746" />
    </UnitTest>
    <UnitTest name="MSTest_P2_747" storage="c:\users\navb\source\repos\sampleproject\testproject\unittestproject10\bin\debug\unittestproject10.dll" id="0ec68ff8-bcd6-2c1f-5582-11822f574a1b">
      <Execution id="c285ab8c-d0b9-4556-a599-8d8eb1d9b1fd" />
      <TestMethod codeBase="C:\Users\navb\source\repos\SampleProject\TestProject\UnitTestProject10\bin\Debug\UnitTestProject10.dll" adapterTypeName="Microsoft.VisualStudio.TestTools.TestTypes.Unit.UnitTestAdapter" className="UnitTestinProgress.MSTestClass2" name="MSTest_P2_747" />
    </UnitTest>
    <UnitTest name="MSTest_P2_748" storage="c:\users\navb\source\repos\sampleproject\testproject\unittestproject10\bin\debug\unittestproject10.dll" id="66042806-c8a6-bd56-a38a-6786eac991dd">
      <Execution id="be73c356-6b40-40a8-ad0a-76a00f802806" />
      <TestMethod codeBase="C:\Users\navb\source\repos\SampleProject\TestProject\UnitTestProject10\bin\Debug\UnitTestProject10.dll" adapterTypeName="Microsoft.VisualStudio.TestTools.TestTypes.Unit.UnitTestAdapter" className="UnitTestinProgress.MSTestClass2" name="MSTest_P2_748" />
    </UnitTest>
    <UnitTest name="MSTest_P2_749" storage="c:\users\navb\source\repos\sampleproject\testproject\unittestproject10\bin\debug\unittestproject10.dll" id="6c3abf86-27c2-e58e-93b6-ed71048c4a53">
      <Execution id="339cc815-e045-44aa-82fd-b13fe06f38cb" />
      <TestMethod codeBase="C:\Users\navb\source\repos\SampleProject\TestProject\UnitTestProject10\bin\Debug\UnitTestProject10.dll" adapterTypeName="Microsoft.VisualStudio.TestTools.TestTypes.Unit.UnitTestAdapter" className="UnitTestinProgress.MSTestClass2" name="MSTest_P2_749" />
    </UnitTest>
    <UnitTest name="MSTest_P2_750" storage="c:\users\navb\source\repos\sampleproject\testproject\unittestproject10\bin\debug\unittestproject10.dll" id="eae726ea-ad96-e1f1-c7ca-d531b520535a">
      <Execution id="1610456b-c5e4-4a4d-bd12-242cb4187f77" />
      <TestMethod codeBase="C:\Users\navb\source\repos\SampleProject\TestProject\UnitTestProject10\bin\Debug\UnitTestProject10.dll" adapterTypeName="Microsoft.VisualStudio.TestTools.TestTypes.Unit.UnitTestAdapter" className="UnitTestinProgress.MSTestClass2" name="MSTest_P2_750" />
    </UnitTest>
    <UnitTest name="MSTest_P2_751" storage="c:\users\navb\source\repos\sampleproject\testproject\unittestproject10\bin\debug\unittestproject10.dll" id="6489cf79-7398-4703-1fb8-90649bb5e08a">
      <Execution id="8f6b25d0-ba4c-4816-b937-59dd1810c8a5" />
      <TestMethod codeBase="C:\Users\navb\source\repos\SampleProject\TestProject\UnitTestProject10\bin\Debug\UnitTestProject10.dll" adapterTypeName="Microsoft.VisualStudio.TestTools.TestTypes.Unit.UnitTestAdapter" className="UnitTestinProgress.MSTestClass2" name="MSTest_P2_751" />
    </UnitTest>
    <UnitTest name="MSTest_P2_752" storage="c:\users\navb\source\repos\sampleproject\testproject\unittestproject10\bin\debug\unittestproject10.dll" id="fb86bbe9-b22e-d56e-a772-aac14a596077">
      <Execution id="c0ace125-f0a6-4e38-946d-b6f345c59ccc" />
      <TestMethod codeBase="C:\Users\navb\source\repos\SampleProject\TestProject\UnitTestProject10\bin\Debug\UnitTestProject10.dll" adapterTypeName="Microsoft.VisualStudio.TestTools.TestTypes.Unit.UnitTestAdapter" className="UnitTestinProgress.MSTestClass2" name="MSTest_P2_752" />
    </UnitTest>
    <UnitTest name="MSTest_P2_753" storage="c:\users\navb\source\repos\sampleproject\testproject\unittestproject10\bin\debug\unittestproject10.dll" id="42a10cab-52d6-2423-2dbb-2f996d386821">
      <Execution id="e6632888-2e09-4128-8576-b2c673823f94" />
      <TestMethod codeBase="C:\Users\navb\source\repos\SampleProject\TestProject\UnitTestProject10\bin\Debug\UnitTestProject10.dll" adapterTypeName="Microsoft.VisualStudio.TestTools.TestTypes.Unit.UnitTestAdapter" className="UnitTestinProgress.MSTestClass2" name="MSTest_P2_753" />
    </UnitTest>
    <UnitTest name="MSTest_P2_754" storage="c:\users\navb\source\repos\sampleproject\testproject\unittestproject10\bin\debug\unittestproject10.dll" id="6105d136-097e-2af1-996a-858985393c60">
      <Execution id="bac682a7-cdc1-486a-b5a6-530dc476663c" />
      <TestMethod codeBase="C:\Users\navb\source\repos\SampleProject\TestProject\UnitTestProject10\bin\Debug\UnitTestProject10.dll" adapterTypeName="Microsoft.VisualStudio.TestTools.TestTypes.Unit.UnitTestAdapter" className="UnitTestinProgress.MSTestClass2" name="MSTest_P2_754" />
    </UnitTest>
    <UnitTest name="MSTest_P2_755" storage="c:\users\navb\source\repos\sampleproject\testproject\unittestproject10\bin\debug\unittestproject10.dll" id="2f10f867-42dc-5abf-9137-8ff312c22506">
      <Execution id="90af0cdd-64a8-41f5-8088-2adb6cdd9725" />
      <TestMethod codeBase="C:\Users\navb\source\repos\SampleProject\TestProject\UnitTestProject10\bin\Debug\UnitTestProject10.dll" adapterTypeName="Microsoft.VisualStudio.TestTools.TestTypes.Unit.UnitTestAdapter" className="UnitTestinProgress.MSTestClass2" name="MSTest_P2_755" />
    </UnitTest>
    <UnitTest name="MSTest_P2_756" storage="c:\users\navb\source\repos\sampleproject\testproject\unittestproject10\bin\debug\unittestproject10.dll" id="d4f57a1a-368c-f019-fb17-a0e7731624b1">
      <Execution id="432b9d81-353d-45f9-b33e-8fa505ce97a2" />
      <TestMethod codeBase="C:\Users\navb\source\repos\SampleProject\TestProject\UnitTestProject10\bin\Debug\UnitTestProject10.dll" adapterTypeName="Microsoft.VisualStudio.TestTools.TestTypes.Unit.UnitTestAdapter" className="UnitTestinProgress.MSTestClass2" name="MSTest_P2_756" />
    </UnitTest>
    <UnitTest name="MSTest_P2_757" storage="c:\users\navb\source\repos\sampleproject\testproject\unittestproject10\bin\debug\unittestproject10.dll" id="9092dab4-904e-9739-f876-0b245e77c9c7">
      <Execution id="f769f0df-3901-4a18-b8dd-8ccfc40d567f" />
      <TestMethod codeBase="C:\Users\navb\source\repos\SampleProject\TestProject\UnitTestProject10\bin\Debug\UnitTestProject10.dll" adapterTypeName="Microsoft.VisualStudio.TestTools.TestTypes.Unit.UnitTestAdapter" className="UnitTestinProgress.MSTestClass2" name="MSTest_P2_757" />
    </UnitTest>
    <UnitTest name="MSTest_P2_758" storage="c:\users\navb\source\repos\sampleproject\testproject\unittestproject10\bin\debug\unittestproject10.dll" id="02fd2bfc-16a5-c887-4e9e-ab959744df30">
      <Execution id="69c6db7c-84a4-4eda-9c05-ba4e470181d9" />
      <TestMethod codeBase="C:\Users\navb\source\repos\SampleProject\TestProject\UnitTestProject10\bin\Debug\UnitTestProject10.dll" adapterTypeName="Microsoft.VisualStudio.TestTools.TestTypes.Unit.UnitTestAdapter" className="UnitTestinProgress.MSTestClass2" name="MSTest_P2_758" />
    </UnitTest>
    <UnitTest name="MSTest_P2_759" storage="c:\users\navb\source\repos\sampleproject\testproject\unittestproject10\bin\debug\unittestproject10.dll" id="883d8df5-a937-843c-875c-56710586893b">
      <Execution id="4f51f556-3cce-4edf-a29a-fe392f85c560" />
      <TestMethod codeBase="C:\Users\navb\source\repos\SampleProject\TestProject\UnitTestProject10\bin\Debug\UnitTestProject10.dll" adapterTypeName="Microsoft.VisualStudio.TestTools.TestTypes.Unit.UnitTestAdapter" className="UnitTestinProgress.MSTestClass2" name="MSTest_P2_759" />
    </UnitTest>
    <UnitTest name="MSTest_P2_760" storage="c:\users\navb\source\repos\sampleproject\testproject\unittestproject10\bin\debug\unittestproject10.dll" id="ad15feb4-f8fd-7a5b-4855-197bcbe1921d">
      <Execution id="120c8744-a7af-4070-8190-727b239f0010" />
      <TestMethod codeBase="C:\Users\navb\source\repos\SampleProject\TestProject\UnitTestProject10\bin\Debug\UnitTestProject10.dll" adapterTypeName="Microsoft.VisualStudio.TestTools.TestTypes.Unit.UnitTestAdapter" className="UnitTestinProgress.MSTestClass2" name="MSTest_P2_760" />
    </UnitTest>
    <UnitTest name="MSTest_P2_761" storage="c:\users\navb\source\repos\sampleproject\testproject\unittestproject10\bin\debug\unittestproject10.dll" id="c73bedc8-3b2e-54e6-a4da-2f94dce108d2">
      <Execution id="07fff117-24db-4832-a050-1cba6ad13f7f" />
      <TestMethod codeBase="C:\Users\navb\source\repos\SampleProject\TestProject\UnitTestProject10\bin\Debug\UnitTestProject10.dll" adapterTypeName="Microsoft.VisualStudio.TestTools.TestTypes.Unit.UnitTestAdapter" className="UnitTestinProgress.MSTestClass2" name="MSTest_P2_761" />
    </UnitTest>
    <UnitTest name="MSTest_P2_762" storage="c:\users\navb\source\repos\sampleproject\testproject\unittestproject10\bin\debug\unittestproject10.dll" id="4dcfd13e-e80d-3ae2-2685-11e971133d7e">
      <Execution id="c94a5f0d-8612-4c59-ab37-9aee9f624211" />
      <TestMethod codeBase="C:\Users\navb\source\repos\SampleProject\TestProject\UnitTestProject10\bin\Debug\UnitTestProject10.dll" adapterTypeName="Microsoft.VisualStudio.TestTools.TestTypes.Unit.UnitTestAdapter" className="UnitTestinProgress.MSTestClass2" name="MSTest_P2_762" />
    </UnitTest>
    <UnitTest name="MSTest_P2_763" storage="c:\users\navb\source\repos\sampleproject\testproject\unittestproject10\bin\debug\unittestproject10.dll" id="639496c7-388a-a84a-e23f-567d9798eca7">
      <Execution id="0ff6dcd6-759c-4c79-8de5-be84ca4415df" />
      <TestMethod codeBase="C:\Users\navb\source\repos\SampleProject\TestProject\UnitTestProject10\bin\Debug\UnitTestProject10.dll" adapterTypeName="Microsoft.VisualStudio.TestTools.TestTypes.Unit.UnitTestAdapter" className="UnitTestinProgress.MSTestClass2" name="MSTest_P2_763" />
    </UnitTest>
    <UnitTest name="MSTest_P2_764" storage="c:\users\navb\source\repos\sampleproject\testproject\unittestproject10\bin\debug\unittestproject10.dll" id="297bf8b1-3a76-8c37-94a7-3d459e5d6d22">
      <Execution id="c26e7c90-60d2-47dd-be23-3eb0d6cd9736" />
      <TestMethod codeBase="C:\Users\navb\source\repos\SampleProject\TestProject\UnitTestProject10\bin\Debug\UnitTestProject10.dll" adapterTypeName="Microsoft.VisualStudio.TestTools.TestTypes.Unit.UnitTestAdapter" className="UnitTestinProgress.MSTestClass2" name="MSTest_P2_764" />
    </UnitTest>
    <UnitTest name="MSTest_P2_765" storage="c:\users\navb\source\repos\sampleproject\testproject\unittestproject10\bin\debug\unittestproject10.dll" id="fcda3bf5-d946-ffb2-7dec-1a9a6c8e3bbd">
      <Execution id="45c26984-71d4-4edd-90f4-9f23190950b6" />
      <TestMethod codeBase="C:\Users\navb\source\repos\SampleProject\TestProject\UnitTestProject10\bin\Debug\UnitTestProject10.dll" adapterTypeName="Microsoft.VisualStudio.TestTools.TestTypes.Unit.UnitTestAdapter" className="UnitTestinProgress.MSTestClass2" name="MSTest_P2_765" />
    </UnitTest>
    <UnitTest name="MSTest_P2_596" storage="c:\users\navb\source\repos\sampleproject\testproject\unittestproject10\bin\debug\unittestproject10.dll" id="69e2a4d3-1b28-a643-4107-b791dbef4d7f">
      <Execution id="c1b140ad-176a-4152-a80c-d1314dfbefe5" />
      <TestMethod codeBase="C:\Users\navb\source\repos\SampleProject\TestProject\UnitTestProject10\bin\Debug\UnitTestProject10.dll" adapterTypeName="Microsoft.VisualStudio.TestTools.TestTypes.Unit.UnitTestAdapter" className="UnitTestinProgress.MSTestClass2" name="MSTest_P2_596" />
    </UnitTest>
    <UnitTest name="MSTest_P2_597" storage="c:\users\navb\source\repos\sampleproject\testproject\unittestproject10\bin\debug\unittestproject10.dll" id="f32b48a1-9dba-8cf3-587d-95d6253b660e">
      <Execution id="228d6b75-f954-492c-8ca4-c70d9d202ec7" />
      <TestMethod codeBase="C:\Users\navb\source\repos\SampleProject\TestProject\UnitTestProject10\bin\Debug\UnitTestProject10.dll" adapterTypeName="Microsoft.VisualStudio.TestTools.TestTypes.Unit.UnitTestAdapter" className="UnitTestinProgress.MSTestClass2" name="MSTest_P2_597" />
    </UnitTest>
    <UnitTest name="MSTest_P2_598" storage="c:\users\navb\source\repos\sampleproject\testproject\unittestproject10\bin\debug\unittestproject10.dll" id="76becc9e-1e4c-85c9-a191-07e6217ba6f5">
      <Execution id="3ed18c2b-95d8-4cdb-8b88-93e5b3a68262" />
      <TestMethod codeBase="C:\Users\navb\source\repos\SampleProject\TestProject\UnitTestProject10\bin\Debug\UnitTestProject10.dll" adapterTypeName="Microsoft.VisualStudio.TestTools.TestTypes.Unit.UnitTestAdapter" className="UnitTestinProgress.MSTestClass2" name="MSTest_P2_598" />
    </UnitTest>
    <UnitTest name="MSTest_P2_599" storage="c:\users\navb\source\repos\sampleproject\testproject\unittestproject10\bin\debug\unittestproject10.dll" id="601fdee9-f223-768f-8645-d728cc96933e">
      <Execution id="3c72624c-bd7a-4876-b26d-f9b88ba64153" />
      <TestMethod codeBase="C:\Users\navb\source\repos\SampleProject\TestProject\UnitTestProject10\bin\Debug\UnitTestProject10.dll" adapterTypeName="Microsoft.VisualStudio.TestTools.TestTypes.Unit.UnitTestAdapter" className="UnitTestinProgress.MSTestClass2" name="MSTest_P2_599" />
    </UnitTest>
    <UnitTest name="MSTest_P2_600" storage="c:\users\navb\source\repos\sampleproject\testproject\unittestproject10\bin\debug\unittestproject10.dll" id="7bc0bbeb-61dd-1dbf-6a3f-a983237cd5ef">
      <Execution id="9f318a08-41a0-4f83-93cd-ad61b1065bb6" />
      <TestMethod codeBase="C:\Users\navb\source\repos\SampleProject\TestProject\UnitTestProject10\bin\Debug\UnitTestProject10.dll" adapterTypeName="Microsoft.VisualStudio.TestTools.TestTypes.Unit.UnitTestAdapter" className="UnitTestinProgress.MSTestClass2" name="MSTest_P2_600" />
    </UnitTest>
    <UnitTest name="MSTest_P2_601" storage="c:\users\navb\source\repos\sampleproject\testproject\unittestproject10\bin\debug\unittestproject10.dll" id="391cd4ba-c48b-0b4e-8a3e-53e402099f58">
      <Execution id="58f061a4-d794-4d5d-9f46-5ac2621d88ab" />
      <TestMethod codeBase="C:\Users\navb\source\repos\SampleProject\TestProject\UnitTestProject10\bin\Debug\UnitTestProject10.dll" adapterTypeName="Microsoft.VisualStudio.TestTools.TestTypes.Unit.UnitTestAdapter" className="UnitTestinProgress.MSTestClass2" name="MSTest_P2_601" />
    </UnitTest>
    <UnitTest name="MSTest_P2_602" storage="c:\users\navb\source\repos\sampleproject\testproject\unittestproject10\bin\debug\unittestproject10.dll" id="18e51b80-8f0a-97fd-f36b-65341c3d019b">
      <Execution id="55efa008-69a3-4f4a-a398-2306f3c2f20b" />
      <TestMethod codeBase="C:\Users\navb\source\repos\SampleProject\TestProject\UnitTestProject10\bin\Debug\UnitTestProject10.dll" adapterTypeName="Microsoft.VisualStudio.TestTools.TestTypes.Unit.UnitTestAdapter" className="UnitTestinProgress.MSTestClass2" name="MSTest_P2_602" />
    </UnitTest>
    <UnitTest name="MSTest_P2_603" storage="c:\users\navb\source\repos\sampleproject\testproject\unittestproject10\bin\debug\unittestproject10.dll" id="a421e850-c287-4788-1489-affb91c8724e">
      <Execution id="e1dbeafc-416a-45cd-90cc-b95a17616f18" />
      <TestMethod codeBase="C:\Users\navb\source\repos\SampleProject\TestProject\UnitTestProject10\bin\Debug\UnitTestProject10.dll" adapterTypeName="Microsoft.VisualStudio.TestTools.TestTypes.Unit.UnitTestAdapter" className="UnitTestinProgress.MSTestClass2" name="MSTest_P2_603" />
    </UnitTest>
    <UnitTest name="MSTest_P2_604" storage="c:\users\navb\source\repos\sampleproject\testproject\unittestproject10\bin\debug\unittestproject10.dll" id="d75321e8-0e5a-80fb-c42d-dd5e0a0950e9">
      <Execution id="e661cc7c-0246-4431-bc12-1c46bb263122" />
      <TestMethod codeBase="C:\Users\navb\source\repos\SampleProject\TestProject\UnitTestProject10\bin\Debug\UnitTestProject10.dll" adapterTypeName="Microsoft.VisualStudio.TestTools.TestTypes.Unit.UnitTestAdapter" className="UnitTestinProgress.MSTestClass2" name="MSTest_P2_604" />
    </UnitTest>
    <UnitTest name="MSTest_P2_605" storage="c:\users\navb\source\repos\sampleproject\testproject\unittestproject10\bin\debug\unittestproject10.dll" id="034b013a-a81a-ad66-663b-4a11db95f39e">
      <Execution id="28bc45d1-f8e8-4bb1-a28a-ee47d3681076" />
      <TestMethod codeBase="C:\Users\navb\source\repos\SampleProject\TestProject\UnitTestProject10\bin\Debug\UnitTestProject10.dll" adapterTypeName="Microsoft.VisualStudio.TestTools.TestTypes.Unit.UnitTestAdapter" className="UnitTestinProgress.MSTestClass2" name="MSTest_P2_605" />
    </UnitTest>
    <UnitTest name="MSTest_P2_606" storage="c:\users\navb\source\repos\sampleproject\testproject\unittestproject10\bin\debug\unittestproject10.dll" id="4b79d86c-13be-8c44-a83b-e4778b52ca96">
      <Execution id="63a06e20-9526-4d0c-83dc-e524e00b7114" />
      <TestMethod codeBase="C:\Users\navb\source\repos\SampleProject\TestProject\UnitTestProject10\bin\Debug\UnitTestProject10.dll" adapterTypeName="Microsoft.VisualStudio.TestTools.TestTypes.Unit.UnitTestAdapter" className="UnitTestinProgress.MSTestClass2" name="MSTest_P2_606" />
    </UnitTest>
    <UnitTest name="MSTest_P2_607" storage="c:\users\navb\source\repos\sampleproject\testproject\unittestproject10\bin\debug\unittestproject10.dll" id="ab8b2bdc-fcdf-a227-9aa9-2de69a4f993d">
      <Execution id="ea045251-b601-487b-8638-b98a22f4ee3e" />
      <TestMethod codeBase="C:\Users\navb\source\repos\SampleProject\TestProject\UnitTestProject10\bin\Debug\UnitTestProject10.dll" adapterTypeName="Microsoft.VisualStudio.TestTools.TestTypes.Unit.UnitTestAdapter" className="UnitTestinProgress.MSTestClass2" name="MSTest_P2_607" />
    </UnitTest>
    <UnitTest name="MSTest_P2_608" storage="c:\users\navb\source\repos\sampleproject\testproject\unittestproject10\bin\debug\unittestproject10.dll" id="068d3dbd-f792-4a74-80fd-4b276c449dbd">
      <Execution id="3ebbc992-72f8-4e8b-b8f5-7cb4aec4dea1" />
      <TestMethod codeBase="C:\Users\navb\source\repos\SampleProject\TestProject\UnitTestProject10\bin\Debug\UnitTestProject10.dll" adapterTypeName="Microsoft.VisualStudio.TestTools.TestTypes.Unit.UnitTestAdapter" className="UnitTestinProgress.MSTestClass2" name="MSTest_P2_608" />
    </UnitTest>
    <UnitTest name="MSTest_P2_609" storage="c:\users\navb\source\repos\sampleproject\testproject\unittestproject10\bin\debug\unittestproject10.dll" id="a522e917-770e-f5b4-c711-d74ff56893b7">
      <Execution id="a91350b2-5cc0-4ff2-b4d9-a2c0669e5353" />
      <TestMethod codeBase="C:\Users\navb\source\repos\SampleProject\TestProject\UnitTestProject10\bin\Debug\UnitTestProject10.dll" adapterTypeName="Microsoft.VisualStudio.TestTools.TestTypes.Unit.UnitTestAdapter" className="UnitTestinProgress.MSTestClass2" name="MSTest_P2_609" />
    </UnitTest>
    <UnitTest name="MSTest_P2_610" storage="c:\users\navb\source\repos\sampleproject\testproject\unittestproject10\bin\debug\unittestproject10.dll" id="f8f7b224-085f-34b4-7c2b-3e82bf61f9e6">
      <Execution id="e7fdfa63-7e84-4545-a406-c0808580412f" />
      <TestMethod codeBase="C:\Users\navb\source\repos\SampleProject\TestProject\UnitTestProject10\bin\Debug\UnitTestProject10.dll" adapterTypeName="Microsoft.VisualStudio.TestTools.TestTypes.Unit.UnitTestAdapter" className="UnitTestinProgress.MSTestClass2" name="MSTest_P2_610" />
    </UnitTest>
    <UnitTest name="MSTest_P2_611" storage="c:\users\navb\source\repos\sampleproject\testproject\unittestproject10\bin\debug\unittestproject10.dll" id="8473d434-297b-838f-63b6-6e231f7ca144">
      <Execution id="d8a8efb0-7959-456b-bede-9c4a91f5c1ba" />
      <TestMethod codeBase="C:\Users\navb\source\repos\SampleProject\TestProject\UnitTestProject10\bin\Debug\UnitTestProject10.dll" adapterTypeName="Microsoft.VisualStudio.TestTools.TestTypes.Unit.UnitTestAdapter" className="UnitTestinProgress.MSTestClass2" name="MSTest_P2_611" />
    </UnitTest>
    <UnitTest name="MSTest_P2_612" storage="c:\users\navb\source\repos\sampleproject\testproject\unittestproject10\bin\debug\unittestproject10.dll" id="abe00e23-df5b-5f75-6989-af961829c440">
      <Execution id="e885987a-fdcb-4b0a-8698-08049d4baaa3" />
      <TestMethod codeBase="C:\Users\navb\source\repos\SampleProject\TestProject\UnitTestProject10\bin\Debug\UnitTestProject10.dll" adapterTypeName="Microsoft.VisualStudio.TestTools.TestTypes.Unit.UnitTestAdapter" className="UnitTestinProgress.MSTestClass2" name="MSTest_P2_612" />
    </UnitTest>
    <UnitTest name="MSTest_P2_613" storage="c:\users\navb\source\repos\sampleproject\testproject\unittestproject10\bin\debug\unittestproject10.dll" id="e57a6700-807c-7140-e9f8-1569c0bdd6f3">
      <Execution id="c9910d85-988a-4daa-b61b-591d352f4ac7" />
      <TestMethod codeBase="C:\Users\navb\source\repos\SampleProject\TestProject\UnitTestProject10\bin\Debug\UnitTestProject10.dll" adapterTypeName="Microsoft.VisualStudio.TestTools.TestTypes.Unit.UnitTestAdapter" className="UnitTestinProgress.MSTestClass2" name="MSTest_P2_613" />
    </UnitTest>
    <UnitTest name="MSTest_P2_614" storage="c:\users\navb\source\repos\sampleproject\testproject\unittestproject10\bin\debug\unittestproject10.dll" id="709f3ad7-4e19-8615-d7df-07ba30361371">
      <Execution id="031c0bbc-cf02-4880-8e3a-39ad898772c1" />
      <TestMethod codeBase="C:\Users\navb\source\repos\SampleProject\TestProject\UnitTestProject10\bin\Debug\UnitTestProject10.dll" adapterTypeName="Microsoft.VisualStudio.TestTools.TestTypes.Unit.UnitTestAdapter" className="UnitTestinProgress.MSTestClass2" name="MSTest_P2_614" />
    </UnitTest>
    <UnitTest name="MSTest_P2_615" storage="c:\users\navb\source\repos\sampleproject\testproject\unittestproject10\bin\debug\unittestproject10.dll" id="815df831-608b-a7d8-9c28-fa416168dea4">
      <Execution id="702f35a0-140b-47a1-9420-35f12ceaf1f1" />
      <TestMethod codeBase="C:\Users\navb\source\repos\SampleProject\TestProject\UnitTestProject10\bin\Debug\UnitTestProject10.dll" adapterTypeName="Microsoft.VisualStudio.TestTools.TestTypes.Unit.UnitTestAdapter" className="UnitTestinProgress.MSTestClass2" name="MSTest_P2_615" />
    </UnitTest>
    <UnitTest name="MSTest_P2_616" storage="c:\users\navb\source\repos\sampleproject\testproject\unittestproject10\bin\debug\unittestproject10.dll" id="e23a3200-450c-a180-bf2d-b14626d87370">
      <Execution id="0402add7-ae64-4fb0-8318-b871dce616cd" />
      <TestMethod codeBase="C:\Users\navb\source\repos\SampleProject\TestProject\UnitTestProject10\bin\Debug\UnitTestProject10.dll" adapterTypeName="Microsoft.VisualStudio.TestTools.TestTypes.Unit.UnitTestAdapter" className="UnitTestinProgress.MSTestClass2" name="MSTest_P2_616" />
    </UnitTest>
    <UnitTest name="MSTest_P2_617" storage="c:\users\navb\source\repos\sampleproject\testproject\unittestproject10\bin\debug\unittestproject10.dll" id="efcaab1a-d58c-01f3-aaa5-0796b92e35c8">
      <Execution id="bbd599cc-9d1d-468a-a1b3-b42cc1d0f090" />
      <TestMethod codeBase="C:\Users\navb\source\repos\SampleProject\TestProject\UnitTestProject10\bin\Debug\UnitTestProject10.dll" adapterTypeName="Microsoft.VisualStudio.TestTools.TestTypes.Unit.UnitTestAdapter" className="UnitTestinProgress.MSTestClass2" name="MSTest_P2_617" />
    </UnitTest>
    <UnitTest name="MSTest_P2_618" storage="c:\users\navb\source\repos\sampleproject\testproject\unittestproject10\bin\debug\unittestproject10.dll" id="0fdedd46-6834-8598-ebf3-651f4b30d69a">
      <Execution id="ec24fb2e-b045-4c83-a57b-0520517eb79f" />
      <TestMethod codeBase="C:\Users\navb\source\repos\SampleProject\TestProject\UnitTestProject10\bin\Debug\UnitTestProject10.dll" adapterTypeName="Microsoft.VisualStudio.TestTools.TestTypes.Unit.UnitTestAdapter" className="UnitTestinProgress.MSTestClass2" name="MSTest_P2_618" />
    </UnitTest>
    <UnitTest name="MSTest_P2_619" storage="c:\users\navb\source\repos\sampleproject\testproject\unittestproject10\bin\debug\unittestproject10.dll" id="1b93e0bb-33ed-dd7a-4968-e35c3504d6a8">
      <Execution id="72d99d34-60e3-4e53-b706-407c67508ebc" />
      <TestMethod codeBase="C:\Users\navb\source\repos\SampleProject\TestProject\UnitTestProject10\bin\Debug\UnitTestProject10.dll" adapterTypeName="Microsoft.VisualStudio.TestTools.TestTypes.Unit.UnitTestAdapter" className="UnitTestinProgress.MSTestClass2" name="MSTest_P2_619" />
    </UnitTest>
    <UnitTest name="MSTest_P2_620" storage="c:\users\navb\source\repos\sampleproject\testproject\unittestproject10\bin\debug\unittestproject10.dll" id="93f295d6-8e86-df7b-fa00-b500211f45da">
      <Execution id="43a62857-a38a-46a7-8cb1-6f59dc3034cd" />
      <TestMethod codeBase="C:\Users\navb\source\repos\SampleProject\TestProject\UnitTestProject10\bin\Debug\UnitTestProject10.dll" adapterTypeName="Microsoft.VisualStudio.TestTools.TestTypes.Unit.UnitTestAdapter" className="UnitTestinProgress.MSTestClass2" name="MSTest_P2_620" />
    </UnitTest>
    <UnitTest name="MSTest_P2_621" storage="c:\users\navb\source\repos\sampleproject\testproject\unittestproject10\bin\debug\unittestproject10.dll" id="b6384f39-b3d4-de2f-a83f-b06426b33ab0">
      <Execution id="9190c536-fee3-4a5b-a057-53f9a9cb847a" />
      <TestMethod codeBase="C:\Users\navb\source\repos\SampleProject\TestProject\UnitTestProject10\bin\Debug\UnitTestProject10.dll" adapterTypeName="Microsoft.VisualStudio.TestTools.TestTypes.Unit.UnitTestAdapter" className="UnitTestinProgress.MSTestClass2" name="MSTest_P2_621" />
    </UnitTest>
    <UnitTest name="MSTest_P2_622" storage="c:\users\navb\source\repos\sampleproject\testproject\unittestproject10\bin\debug\unittestproject10.dll" id="71e647b9-b3e6-2b31-24b9-2273003b38e4">
      <Execution id="7e43a156-d1ad-493b-86c7-aaff336f613f" />
      <TestMethod codeBase="C:\Users\navb\source\repos\SampleProject\TestProject\UnitTestProject10\bin\Debug\UnitTestProject10.dll" adapterTypeName="Microsoft.VisualStudio.TestTools.TestTypes.Unit.UnitTestAdapter" className="UnitTestinProgress.MSTestClass2" name="MSTest_P2_622" />
    </UnitTest>
    <UnitTest name="MSTest_P2_623" storage="c:\users\navb\source\repos\sampleproject\testproject\unittestproject10\bin\debug\unittestproject10.dll" id="b23fbb20-fbb6-28da-dab1-c344c6d03b58">
      <Execution id="c4fa3955-8853-4e68-8df4-dbed5a8dd6bb" />
      <TestMethod codeBase="C:\Users\navb\source\repos\SampleProject\TestProject\UnitTestProject10\bin\Debug\UnitTestProject10.dll" adapterTypeName="Microsoft.VisualStudio.TestTools.TestTypes.Unit.UnitTestAdapter" className="UnitTestinProgress.MSTestClass2" name="MSTest_P2_623" />
    </UnitTest>
    <UnitTest name="MSTest_P2_624" storage="c:\users\navb\source\repos\sampleproject\testproject\unittestproject10\bin\debug\unittestproject10.dll" id="b5d84d04-24a2-eb33-edd6-025bff392c00">
      <Execution id="a8fd5893-bf7f-49f5-b117-bdb9ea43b369" />
      <TestMethod codeBase="C:\Users\navb\source\repos\SampleProject\TestProject\UnitTestProject10\bin\Debug\UnitTestProject10.dll" adapterTypeName="Microsoft.VisualStudio.TestTools.TestTypes.Unit.UnitTestAdapter" className="UnitTestinProgress.MSTestClass2" name="MSTest_P2_624" />
    </UnitTest>
    <UnitTest name="MSTest_P2_625" storage="c:\users\navb\source\repos\sampleproject\testproject\unittestproject10\bin\debug\unittestproject10.dll" id="ee0027fb-4759-9ed1-4aca-5847f80c07d1">
      <Execution id="15f77017-6d92-44ea-9b57-2f68faaac7df" />
      <TestMethod codeBase="C:\Users\navb\source\repos\SampleProject\TestProject\UnitTestProject10\bin\Debug\UnitTestProject10.dll" adapterTypeName="Microsoft.VisualStudio.TestTools.TestTypes.Unit.UnitTestAdapter" className="UnitTestinProgress.MSTestClass2" name="MSTest_P2_625" />
    </UnitTest>
    <UnitTest name="MSTest_P2_626" storage="c:\users\navb\source\repos\sampleproject\testproject\unittestproject10\bin\debug\unittestproject10.dll" id="a92118ae-2875-7edc-c322-7d5e85972741">
      <Execution id="b8672f16-bd9e-43d3-a632-1c10faa1fda8" />
      <TestMethod codeBase="C:\Users\navb\source\repos\SampleProject\TestProject\UnitTestProject10\bin\Debug\UnitTestProject10.dll" adapterTypeName="Microsoft.VisualStudio.TestTools.TestTypes.Unit.UnitTestAdapter" className="UnitTestinProgress.MSTestClass2" name="MSTest_P2_626" />
    </UnitTest>
    <UnitTest name="MSTest_P2_627" storage="c:\users\navb\source\repos\sampleproject\testproject\unittestproject10\bin\debug\unittestproject10.dll" id="8c2c804c-8aad-6d08-b0ae-d985017cb328">
      <Execution id="cce6891d-76ee-43f4-b996-2b384dd309fb" />
      <TestMethod codeBase="C:\Users\navb\source\repos\SampleProject\TestProject\UnitTestProject10\bin\Debug\UnitTestProject10.dll" adapterTypeName="Microsoft.VisualStudio.TestTools.TestTypes.Unit.UnitTestAdapter" className="UnitTestinProgress.MSTestClass2" name="MSTest_P2_627" />
    </UnitTest>
    <UnitTest name="MSTest_P2_628" storage="c:\users\navb\source\repos\sampleproject\testproject\unittestproject10\bin\debug\unittestproject10.dll" id="1dff61d3-34c0-5ac1-dca2-cb7ce7ae9edd">
      <Execution id="91210401-8cc2-4d88-8960-dcce56c859dc" />
      <TestMethod codeBase="C:\Users\navb\source\repos\SampleProject\TestProject\UnitTestProject10\bin\Debug\UnitTestProject10.dll" adapterTypeName="Microsoft.VisualStudio.TestTools.TestTypes.Unit.UnitTestAdapter" className="UnitTestinProgress.MSTestClass2" name="MSTest_P2_628" />
    </UnitTest>
    <UnitTest name="MSTest_P2_629" storage="c:\users\navb\source\repos\sampleproject\testproject\unittestproject10\bin\debug\unittestproject10.dll" id="0e5b3111-01f7-b24a-6810-1a9402cdc605">
      <Execution id="e5011e32-087a-4748-b8e3-3827a9b95b6f" />
      <TestMethod codeBase="C:\Users\navb\source\repos\SampleProject\TestProject\UnitTestProject10\bin\Debug\UnitTestProject10.dll" adapterTypeName="Microsoft.VisualStudio.TestTools.TestTypes.Unit.UnitTestAdapter" className="UnitTestinProgress.MSTestClass2" name="MSTest_P2_629" />
    </UnitTest>
    <UnitTest name="MSTest_P2_630" storage="c:\users\navb\source\repos\sampleproject\testproject\unittestproject10\bin\debug\unittestproject10.dll" id="601153eb-5271-665b-436d-f187a3541d40">
      <Execution id="f87ce030-da58-4a4d-8ecc-5aa90e33937a" />
      <TestMethod codeBase="C:\Users\navb\source\repos\SampleProject\TestProject\UnitTestProject10\bin\Debug\UnitTestProject10.dll" adapterTypeName="Microsoft.VisualStudio.TestTools.TestTypes.Unit.UnitTestAdapter" className="UnitTestinProgress.MSTestClass2" name="MSTest_P2_630" />
    </UnitTest>
    <UnitTest name="MSTest_P2_631" storage="c:\users\navb\source\repos\sampleproject\testproject\unittestproject10\bin\debug\unittestproject10.dll" id="150ce5c0-ec6f-a8a5-92e5-bb1a3bd6ce85">
      <Execution id="42815345-3c43-47e1-bceb-4ed96aac7097" />
      <TestMethod codeBase="C:\Users\navb\source\repos\SampleProject\TestProject\UnitTestProject10\bin\Debug\UnitTestProject10.dll" adapterTypeName="Microsoft.VisualStudio.TestTools.TestTypes.Unit.UnitTestAdapter" className="UnitTestinProgress.MSTestClass2" name="MSTest_P2_631" />
    </UnitTest>
    <UnitTest name="MSTest_P2_632" storage="c:\users\navb\source\repos\sampleproject\testproject\unittestproject10\bin\debug\unittestproject10.dll" id="85999ceb-c7e0-9b54-df39-198a5f4bb935">
      <Execution id="44f1b282-05c5-4bec-ba81-f40ab547fc7c" />
      <TestMethod codeBase="C:\Users\navb\source\repos\SampleProject\TestProject\UnitTestProject10\bin\Debug\UnitTestProject10.dll" adapterTypeName="Microsoft.VisualStudio.TestTools.TestTypes.Unit.UnitTestAdapter" className="UnitTestinProgress.MSTestClass2" name="MSTest_P2_632" />
    </UnitTest>
    <UnitTest name="MSTest_P2_633" storage="c:\users\navb\source\repos\sampleproject\testproject\unittestproject10\bin\debug\unittestproject10.dll" id="4919b0df-aa86-3ff5-5c9d-2d9e132274a2">
      <Execution id="c9e4a7c2-c238-4580-ba8e-9ba258d642d9" />
      <TestMethod codeBase="C:\Users\navb\source\repos\SampleProject\TestProject\UnitTestProject10\bin\Debug\UnitTestProject10.dll" adapterTypeName="Microsoft.VisualStudio.TestTools.TestTypes.Unit.UnitTestAdapter" className="UnitTestinProgress.MSTestClass2" name="MSTest_P2_633" />
    </UnitTest>
    <UnitTest name="MSTest_P2_634" storage="c:\users\navb\source\repos\sampleproject\testproject\unittestproject10\bin\debug\unittestproject10.dll" id="7b4171ae-a03d-93ff-7c69-5778e77fd552">
      <Execution id="2d135123-ec01-4a50-ac0b-77c0bf730b74" />
      <TestMethod codeBase="C:\Users\navb\source\repos\SampleProject\TestProject\UnitTestProject10\bin\Debug\UnitTestProject10.dll" adapterTypeName="Microsoft.VisualStudio.TestTools.TestTypes.Unit.UnitTestAdapter" className="UnitTestinProgress.MSTestClass2" name="MSTest_P2_634" />
    </UnitTest>
    <UnitTest name="MSTest_P2_635" storage="c:\users\navb\source\repos\sampleproject\testproject\unittestproject10\bin\debug\unittestproject10.dll" id="17b7c848-bd3d-0746-890b-7f7afd0444b6">
      <Execution id="afbba840-14d6-4ad9-a13b-4bf4204863b4" />
      <TestMethod codeBase="C:\Users\navb\source\repos\SampleProject\TestProject\UnitTestProject10\bin\Debug\UnitTestProject10.dll" adapterTypeName="Microsoft.VisualStudio.TestTools.TestTypes.Unit.UnitTestAdapter" className="UnitTestinProgress.MSTestClass2" name="MSTest_P2_635" />
    </UnitTest>
    <UnitTest name="MSTest_P2_636" storage="c:\users\navb\source\repos\sampleproject\testproject\unittestproject10\bin\debug\unittestproject10.dll" id="aae4fb24-f554-3152-a299-2f303061b61e">
      <Execution id="86d763a8-2ea9-487d-86c0-e5f14faef621" />
      <TestMethod codeBase="C:\Users\navb\source\repos\SampleProject\TestProject\UnitTestProject10\bin\Debug\UnitTestProject10.dll" adapterTypeName="Microsoft.VisualStudio.TestTools.TestTypes.Unit.UnitTestAdapter" className="UnitTestinProgress.MSTestClass2" name="MSTest_P2_636" />
    </UnitTest>
    <UnitTest name="MSTest_P2_637" storage="c:\users\navb\source\repos\sampleproject\testproject\unittestproject10\bin\debug\unittestproject10.dll" id="33ba377d-e68f-5080-8ea9-4564c579f416">
      <Execution id="bac54d08-8b50-49c1-8795-3c8af9a8bfd8" />
      <TestMethod codeBase="C:\Users\navb\source\repos\SampleProject\TestProject\UnitTestProject10\bin\Debug\UnitTestProject10.dll" adapterTypeName="Microsoft.VisualStudio.TestTools.TestTypes.Unit.UnitTestAdapter" className="UnitTestinProgress.MSTestClass2" name="MSTest_P2_637" />
    </UnitTest>
    <UnitTest name="MSTest_P2_638" storage="c:\users\navb\source\repos\sampleproject\testproject\unittestproject10\bin\debug\unittestproject10.dll" id="5d08d3ae-03ea-1a7e-0828-74bbb650a574">
      <Execution id="302d9cac-f60f-4130-9a6f-49d5b349a9eb" />
      <TestMethod codeBase="C:\Users\navb\source\repos\SampleProject\TestProject\UnitTestProject10\bin\Debug\UnitTestProject10.dll" adapterTypeName="Microsoft.VisualStudio.TestTools.TestTypes.Unit.UnitTestAdapter" className="UnitTestinProgress.MSTestClass2" name="MSTest_P2_638" />
    </UnitTest>
    <UnitTest name="MSTest_P2_639" storage="c:\users\navb\source\repos\sampleproject\testproject\unittestproject10\bin\debug\unittestproject10.dll" id="848fdcfd-00e6-2e58-a2ed-e6361a3a4ccf">
      <Execution id="86f49cdf-5d89-422d-8ba7-37e5d22772d1" />
      <TestMethod codeBase="C:\Users\navb\source\repos\SampleProject\TestProject\UnitTestProject10\bin\Debug\UnitTestProject10.dll" adapterTypeName="Microsoft.VisualStudio.TestTools.TestTypes.Unit.UnitTestAdapter" className="UnitTestinProgress.MSTestClass2" name="MSTest_P2_639" />
    </UnitTest>
    <UnitTest name="MSTest_P2_640" storage="c:\users\navb\source\repos\sampleproject\testproject\unittestproject10\bin\debug\unittestproject10.dll" id="b5d4fa4d-43f6-ed4c-1ebe-1028a35c3207">
      <Execution id="7581d013-1d25-4c53-b797-0d18ecd9f268" />
      <TestMethod codeBase="C:\Users\navb\source\repos\SampleProject\TestProject\UnitTestProject10\bin\Debug\UnitTestProject10.dll" adapterTypeName="Microsoft.VisualStudio.TestTools.TestTypes.Unit.UnitTestAdapter" className="UnitTestinProgress.MSTestClass2" name="MSTest_P2_640" />
    </UnitTest>
    <UnitTest name="MSTest_P2_641" storage="c:\users\navb\source\repos\sampleproject\testproject\unittestproject10\bin\debug\unittestproject10.dll" id="0b677cef-dffb-d7e8-8796-c9f58ef238e3">
      <Execution id="35de35c3-9b21-441a-bfa6-ce8e3c8d789d" />
      <TestMethod codeBase="C:\Users\navb\source\repos\SampleProject\TestProject\UnitTestProject10\bin\Debug\UnitTestProject10.dll" adapterTypeName="Microsoft.VisualStudio.TestTools.TestTypes.Unit.UnitTestAdapter" className="UnitTestinProgress.MSTestClass2" name="MSTest_P2_641" />
    </UnitTest>
    <UnitTest name="MSTest_P2_642" storage="c:\users\navb\source\repos\sampleproject\testproject\unittestproject10\bin\debug\unittestproject10.dll" id="3e9c502b-35d8-3ce9-17a4-a57106505143">
      <Execution id="8a5cff10-2a97-4bcf-a016-b27e4973a754" />
      <TestMethod codeBase="C:\Users\navb\source\repos\SampleProject\TestProject\UnitTestProject10\bin\Debug\UnitTestProject10.dll" adapterTypeName="Microsoft.VisualStudio.TestTools.TestTypes.Unit.UnitTestAdapter" className="UnitTestinProgress.MSTestClass2" name="MSTest_P2_642" />
    </UnitTest>
    <UnitTest name="MSTest_P2_643" storage="c:\users\navb\source\repos\sampleproject\testproject\unittestproject10\bin\debug\unittestproject10.dll" id="d812f365-14a5-d0a4-d872-df8d8d5bb670">
      <Execution id="223093d4-65ac-44e1-ab33-86b244360dce" />
      <TestMethod codeBase="C:\Users\navb\source\repos\SampleProject\TestProject\UnitTestProject10\bin\Debug\UnitTestProject10.dll" adapterTypeName="Microsoft.VisualStudio.TestTools.TestTypes.Unit.UnitTestAdapter" className="UnitTestinProgress.MSTestClass2" name="MSTest_P2_643" />
    </UnitTest>
    <UnitTest name="MSTest_P2_644" storage="c:\users\navb\source\repos\sampleproject\testproject\unittestproject10\bin\debug\unittestproject10.dll" id="67659ca1-ac92-6bcc-2bb5-72e6a6541ab7">
      <Execution id="2d3e285f-ed08-4f5f-b809-3dda83a069cd" />
      <TestMethod codeBase="C:\Users\navb\source\repos\SampleProject\TestProject\UnitTestProject10\bin\Debug\UnitTestProject10.dll" adapterTypeName="Microsoft.VisualStudio.TestTools.TestTypes.Unit.UnitTestAdapter" className="UnitTestinProgress.MSTestClass2" name="MSTest_P2_644" />
    </UnitTest>
    <UnitTest name="MSTest_P2_645" storage="c:\users\navb\source\repos\sampleproject\testproject\unittestproject10\bin\debug\unittestproject10.dll" id="3c488412-7332-e4c1-0fae-4af5f8b50c1a">
      <Execution id="8ef6246b-514e-4398-ac9a-713d7581c30a" />
      <TestMethod codeBase="C:\Users\navb\source\repos\SampleProject\TestProject\UnitTestProject10\bin\Debug\UnitTestProject10.dll" adapterTypeName="Microsoft.VisualStudio.TestTools.TestTypes.Unit.UnitTestAdapter" className="UnitTestinProgress.MSTestClass2" name="MSTest_P2_645" />
    </UnitTest>
    <UnitTest name="MSTest_P2_646" storage="c:\users\navb\source\repos\sampleproject\testproject\unittestproject10\bin\debug\unittestproject10.dll" id="e78fe577-197c-bbd5-7ab5-8679a236f69f">
      <Execution id="d718ad98-a7bb-4a2d-a8db-58e964fd2401" />
      <TestMethod codeBase="C:\Users\navb\source\repos\SampleProject\TestProject\UnitTestProject10\bin\Debug\UnitTestProject10.dll" adapterTypeName="Microsoft.VisualStudio.TestTools.TestTypes.Unit.UnitTestAdapter" className="UnitTestinProgress.MSTestClass2" name="MSTest_P2_646" />
    </UnitTest>
    <UnitTest name="MSTest_P2_647" storage="c:\users\navb\source\repos\sampleproject\testproject\unittestproject10\bin\debug\unittestproject10.dll" id="eca6b0bf-94f2-dc28-1140-8fce9c0681a0">
      <Execution id="861e66ad-74ab-459c-aebf-6dcccf73b193" />
      <TestMethod codeBase="C:\Users\navb\source\repos\SampleProject\TestProject\UnitTestProject10\bin\Debug\UnitTestProject10.dll" adapterTypeName="Microsoft.VisualStudio.TestTools.TestTypes.Unit.UnitTestAdapter" className="UnitTestinProgress.MSTestClass2" name="MSTest_P2_647" />
    </UnitTest>
    <UnitTest name="MSTest_P2_648" storage="c:\users\navb\source\repos\sampleproject\testproject\unittestproject10\bin\debug\unittestproject10.dll" id="e0402f72-9377-b948-a288-28d4fcfc4f9b">
      <Execution id="5c6a53eb-70f5-430f-909a-dbe2a5a3ffeb" />
      <TestMethod codeBase="C:\Users\navb\source\repos\SampleProject\TestProject\UnitTestProject10\bin\Debug\UnitTestProject10.dll" adapterTypeName="Microsoft.VisualStudio.TestTools.TestTypes.Unit.UnitTestAdapter" className="UnitTestinProgress.MSTestClass2" name="MSTest_P2_648" />
    </UnitTest>
    <UnitTest name="MSTest_P2_649" storage="c:\users\navb\source\repos\sampleproject\testproject\unittestproject10\bin\debug\unittestproject10.dll" id="e897475a-565a-d220-02fb-7a22190de11f">
      <Execution id="2cbb5512-d6d3-44dc-8863-d0ad64a06414" />
      <TestMethod codeBase="C:\Users\navb\source\repos\SampleProject\TestProject\UnitTestProject10\bin\Debug\UnitTestProject10.dll" adapterTypeName="Microsoft.VisualStudio.TestTools.TestTypes.Unit.UnitTestAdapter" className="UnitTestinProgress.MSTestClass2" name="MSTest_P2_649" />
    </UnitTest>
    <UnitTest name="MSTest_P2_650" storage="c:\users\navb\source\repos\sampleproject\testproject\unittestproject10\bin\debug\unittestproject10.dll" id="6e51c1a4-c47e-8215-41d4-b6192fc399a7">
      <Execution id="90a93de5-ed30-480d-b8c2-e225097bd99f" />
      <TestMethod codeBase="C:\Users\navb\source\repos\SampleProject\TestProject\UnitTestProject10\bin\Debug\UnitTestProject10.dll" adapterTypeName="Microsoft.VisualStudio.TestTools.TestTypes.Unit.UnitTestAdapter" className="UnitTestinProgress.MSTestClass2" name="MSTest_P2_650" />
    </UnitTest>
    <UnitTest name="MSTest_P2_651" storage="c:\users\navb\source\repos\sampleproject\testproject\unittestproject10\bin\debug\unittestproject10.dll" id="18a5d991-6a62-bd7d-3d37-6bc0e28957ce">
      <Execution id="8afc7b7a-9c2d-4eb0-a43d-a5cf1de45398" />
      <TestMethod codeBase="C:\Users\navb\source\repos\SampleProject\TestProject\UnitTestProject10\bin\Debug\UnitTestProject10.dll" adapterTypeName="Microsoft.VisualStudio.TestTools.TestTypes.Unit.UnitTestAdapter" className="UnitTestinProgress.MSTestClass2" name="MSTest_P2_651" />
    </UnitTest>
    <UnitTest name="MSTest_P2_652" storage="c:\users\navb\source\repos\sampleproject\testproject\unittestproject10\bin\debug\unittestproject10.dll" id="c3f336f9-64d8-483d-f756-b051b29d09c0">
      <Execution id="c7fc9fef-6d09-4077-b13e-0ce825524c56" />
      <TestMethod codeBase="C:\Users\navb\source\repos\SampleProject\TestProject\UnitTestProject10\bin\Debug\UnitTestProject10.dll" adapterTypeName="Microsoft.VisualStudio.TestTools.TestTypes.Unit.UnitTestAdapter" className="UnitTestinProgress.MSTestClass2" name="MSTest_P2_652" />
    </UnitTest>
    <UnitTest name="MSTest_P2_653" storage="c:\users\navb\source\repos\sampleproject\testproject\unittestproject10\bin\debug\unittestproject10.dll" id="48c7c2f7-e5d2-ef94-1a3f-20ddea55e26b">
      <Execution id="678a8db7-3acf-4e5e-8a92-ee784f26b91d" />
      <TestMethod codeBase="C:\Users\navb\source\repos\SampleProject\TestProject\UnitTestProject10\bin\Debug\UnitTestProject10.dll" adapterTypeName="Microsoft.VisualStudio.TestTools.TestTypes.Unit.UnitTestAdapter" className="UnitTestinProgress.MSTestClass2" name="MSTest_P2_653" />
    </UnitTest>
    <UnitTest name="MSTest_P2_654" storage="c:\users\navb\source\repos\sampleproject\testproject\unittestproject10\bin\debug\unittestproject10.dll" id="ab2c1fba-ddcb-1900-197d-3f9d3fc16360">
      <Execution id="d66edd33-69da-4494-bc2b-a5bf04744fbb" />
      <TestMethod codeBase="C:\Users\navb\source\repos\SampleProject\TestProject\UnitTestProject10\bin\Debug\UnitTestProject10.dll" adapterTypeName="Microsoft.VisualStudio.TestTools.TestTypes.Unit.UnitTestAdapter" className="UnitTestinProgress.MSTestClass2" name="MSTest_P2_654" />
    </UnitTest>
    <UnitTest name="MSTest_P2_655" storage="c:\users\navb\source\repos\sampleproject\testproject\unittestproject10\bin\debug\unittestproject10.dll" id="899e6aca-dd8a-ca3a-7348-95cefdb66bfb">
      <Execution id="701dc1c7-3bb2-46f9-b3f3-653511aeccfb" />
      <TestMethod codeBase="C:\Users\navb\source\repos\SampleProject\TestProject\UnitTestProject10\bin\Debug\UnitTestProject10.dll" adapterTypeName="Microsoft.VisualStudio.TestTools.TestTypes.Unit.UnitTestAdapter" className="UnitTestinProgress.MSTestClass2" name="MSTest_P2_655" />
    </UnitTest>
    <UnitTest name="MSTest_P2_656" storage="c:\users\navb\source\repos\sampleproject\testproject\unittestproject10\bin\debug\unittestproject10.dll" id="8bdc4f90-77a8-478b-b52c-9da6b7c1e9c9">
      <Execution id="9597b323-b31d-418f-9e24-161f4db2fb3b" />
      <TestMethod codeBase="C:\Users\navb\source\repos\SampleProject\TestProject\UnitTestProject10\bin\Debug\UnitTestProject10.dll" adapterTypeName="Microsoft.VisualStudio.TestTools.TestTypes.Unit.UnitTestAdapter" className="UnitTestinProgress.MSTestClass2" name="MSTest_P2_656" />
    </UnitTest>
    <UnitTest name="MSTest_P2_657" storage="c:\users\navb\source\repos\sampleproject\testproject\unittestproject10\bin\debug\unittestproject10.dll" id="1cfd503a-2a2f-f054-566c-b2432833b5b0">
      <Execution id="fc1f6bbc-c149-4359-ad96-e28418a99741" />
      <TestMethod codeBase="C:\Users\navb\source\repos\SampleProject\TestProject\UnitTestProject10\bin\Debug\UnitTestProject10.dll" adapterTypeName="Microsoft.VisualStudio.TestTools.TestTypes.Unit.UnitTestAdapter" className="UnitTestinProgress.MSTestClass2" name="MSTest_P2_657" />
    </UnitTest>
    <UnitTest name="MSTest_P2_658" storage="c:\users\navb\source\repos\sampleproject\testproject\unittestproject10\bin\debug\unittestproject10.dll" id="a4ad3799-a270-f12c-0f00-e20e2f12acdd">
      <Execution id="b1a08439-fd00-416e-8ab3-73c30d2288e5" />
      <TestMethod codeBase="C:\Users\navb\source\repos\SampleProject\TestProject\UnitTestProject10\bin\Debug\UnitTestProject10.dll" adapterTypeName="Microsoft.VisualStudio.TestTools.TestTypes.Unit.UnitTestAdapter" className="UnitTestinProgress.MSTestClass2" name="MSTest_P2_658" />
    </UnitTest>
    <UnitTest name="MSTest_P2_659" storage="c:\users\navb\source\repos\sampleproject\testproject\unittestproject10\bin\debug\unittestproject10.dll" id="cbe39397-87a0-2910-ca84-58383bad57ff">
      <Execution id="a6a60d08-df3d-4176-9d82-e1907dd39791" />
      <TestMethod codeBase="C:\Users\navb\source\repos\SampleProject\TestProject\UnitTestProject10\bin\Debug\UnitTestProject10.dll" adapterTypeName="Microsoft.VisualStudio.TestTools.TestTypes.Unit.UnitTestAdapter" className="UnitTestinProgress.MSTestClass2" name="MSTest_P2_659" />
    </UnitTest>
    <UnitTest name="MSTest_P2_660" storage="c:\users\navb\source\repos\sampleproject\testproject\unittestproject10\bin\debug\unittestproject10.dll" id="6ee7a2b3-6420-c554-9de7-1720065e8cec">
      <Execution id="3359599e-68d8-493b-a199-bc6ec586220d" />
      <TestMethod codeBase="C:\Users\navb\source\repos\SampleProject\TestProject\UnitTestProject10\bin\Debug\UnitTestProject10.dll" adapterTypeName="Microsoft.VisualStudio.TestTools.TestTypes.Unit.UnitTestAdapter" className="UnitTestinProgress.MSTestClass2" name="MSTest_P2_660" />
    </UnitTest>
    <UnitTest name="MSTest_P2_661" storage="c:\users\navb\source\repos\sampleproject\testproject\unittestproject10\bin\debug\unittestproject10.dll" id="e86472bf-e214-2b20-76f5-45745554fad7">
      <Execution id="77acb473-4c4a-4245-a4c5-2a89ef295b46" />
      <TestMethod codeBase="C:\Users\navb\source\repos\SampleProject\TestProject\UnitTestProject10\bin\Debug\UnitTestProject10.dll" adapterTypeName="Microsoft.VisualStudio.TestTools.TestTypes.Unit.UnitTestAdapter" className="UnitTestinProgress.MSTestClass2" name="MSTest_P2_661" />
    </UnitTest>
    <UnitTest name="MSTest_P2_662" storage="c:\users\navb\source\repos\sampleproject\testproject\unittestproject10\bin\debug\unittestproject10.dll" id="e0267b14-97a9-0d32-c9f5-896dabd96fde">
      <Execution id="92cde8c3-7c74-46a7-9d15-a4abbeba7814" />
      <TestMethod codeBase="C:\Users\navb\source\repos\SampleProject\TestProject\UnitTestProject10\bin\Debug\UnitTestProject10.dll" adapterTypeName="Microsoft.VisualStudio.TestTools.TestTypes.Unit.UnitTestAdapter" className="UnitTestinProgress.MSTestClass2" name="MSTest_P2_662" />
    </UnitTest>
    <UnitTest name="MSTest_P2_663" storage="c:\users\navb\source\repos\sampleproject\testproject\unittestproject10\bin\debug\unittestproject10.dll" id="3fec57b9-8697-e7a2-5cc7-23347c0320cb">
      <Execution id="304c7544-cae0-4663-9424-396756e48271" />
      <TestMethod codeBase="C:\Users\navb\source\repos\SampleProject\TestProject\UnitTestProject10\bin\Debug\UnitTestProject10.dll" adapterTypeName="Microsoft.VisualStudio.TestTools.TestTypes.Unit.UnitTestAdapter" className="UnitTestinProgress.MSTestClass2" name="MSTest_P2_663" />
    </UnitTest>
    <UnitTest name="MSTest_P2_664" storage="c:\users\navb\source\repos\sampleproject\testproject\unittestproject10\bin\debug\unittestproject10.dll" id="597025ee-fec5-9b13-b948-e15cb8c652bb">
      <Execution id="d7bc91eb-a2a1-4874-9f36-7555ff3a2e57" />
      <TestMethod codeBase="C:\Users\navb\source\repos\SampleProject\TestProject\UnitTestProject10\bin\Debug\UnitTestProject10.dll" adapterTypeName="Microsoft.VisualStudio.TestTools.TestTypes.Unit.UnitTestAdapter" className="UnitTestinProgress.MSTestClass2" name="MSTest_P2_664" />
    </UnitTest>
    <UnitTest name="MSTest_P2_665" storage="c:\users\navb\source\repos\sampleproject\testproject\unittestproject10\bin\debug\unittestproject10.dll" id="0cdbe09b-5b02-9284-150e-310395196ca9">
      <Execution id="d4851a37-4616-49fd-adc3-686244e37201" />
      <TestMethod codeBase="C:\Users\navb\source\repos\SampleProject\TestProject\UnitTestProject10\bin\Debug\UnitTestProject10.dll" adapterTypeName="Microsoft.VisualStudio.TestTools.TestTypes.Unit.UnitTestAdapter" className="UnitTestinProgress.MSTestClass2" name="MSTest_P2_665" />
    </UnitTest>
    <UnitTest name="MSTest_P2_666" storage="c:\users\navb\source\repos\sampleproject\testproject\unittestproject10\bin\debug\unittestproject10.dll" id="26b36980-26fa-feaa-eeda-467cb17b47b3">
      <Execution id="14541186-d626-4ae9-8ecc-438f8b1999de" />
      <TestMethod codeBase="C:\Users\navb\source\repos\SampleProject\TestProject\UnitTestProject10\bin\Debug\UnitTestProject10.dll" adapterTypeName="Microsoft.VisualStudio.TestTools.TestTypes.Unit.UnitTestAdapter" className="UnitTestinProgress.MSTestClass2" name="MSTest_P2_666" />
    </UnitTest>
    <UnitTest name="MSTest_P2_667" storage="c:\users\navb\source\repos\sampleproject\testproject\unittestproject10\bin\debug\unittestproject10.dll" id="ade8bde1-d507-344c-09f7-848e53c880d7">
      <Execution id="5305552c-368e-4422-9de7-087606b04d01" />
      <TestMethod codeBase="C:\Users\navb\source\repos\SampleProject\TestProject\UnitTestProject10\bin\Debug\UnitTestProject10.dll" adapterTypeName="Microsoft.VisualStudio.TestTools.TestTypes.Unit.UnitTestAdapter" className="UnitTestinProgress.MSTestClass2" name="MSTest_P2_667" />
    </UnitTest>
    <UnitTest name="MSTest_P2_668" storage="c:\users\navb\source\repos\sampleproject\testproject\unittestproject10\bin\debug\unittestproject10.dll" id="a746b676-bd57-b7d7-68d2-852b9bca4e8d">
      <Execution id="2d4e8468-7fe3-4571-89e7-bf2a4ed7567c" />
      <TestMethod codeBase="C:\Users\navb\source\repos\SampleProject\TestProject\UnitTestProject10\bin\Debug\UnitTestProject10.dll" adapterTypeName="Microsoft.VisualStudio.TestTools.TestTypes.Unit.UnitTestAdapter" className="UnitTestinProgress.MSTestClass2" name="MSTest_P2_668" />
    </UnitTest>
    <UnitTest name="MSTest_P2_669" storage="c:\users\navb\source\repos\sampleproject\testproject\unittestproject10\bin\debug\unittestproject10.dll" id="3d5f1c08-3797-41ba-2b77-d2369ea0e848">
      <Execution id="3e3a510e-b133-42ee-829c-f9694534235c" />
      <TestMethod codeBase="C:\Users\navb\source\repos\SampleProject\TestProject\UnitTestProject10\bin\Debug\UnitTestProject10.dll" adapterTypeName="Microsoft.VisualStudio.TestTools.TestTypes.Unit.UnitTestAdapter" className="UnitTestinProgress.MSTestClass2" name="MSTest_P2_669" />
    </UnitTest>
    <UnitTest name="MSTest_P2_670" storage="c:\users\navb\source\repos\sampleproject\testproject\unittestproject10\bin\debug\unittestproject10.dll" id="a089f9e5-4bec-b582-acfc-39a14dd75252">
      <Execution id="4fb13c1d-b19e-4f27-ae42-277860ece8c5" />
      <TestMethod codeBase="C:\Users\navb\source\repos\SampleProject\TestProject\UnitTestProject10\bin\Debug\UnitTestProject10.dll" adapterTypeName="Microsoft.VisualStudio.TestTools.TestTypes.Unit.UnitTestAdapter" className="UnitTestinProgress.MSTestClass2" name="MSTest_P2_670" />
    </UnitTest>
    <UnitTest name="MSTest_P2_671" storage="c:\users\navb\source\repos\sampleproject\testproject\unittestproject10\bin\debug\unittestproject10.dll" id="23721fe5-9ee6-82b6-d99b-fc80796a2eba">
      <Execution id="e90a9439-6ae6-4a4b-807a-33b101eca8a3" />
      <TestMethod codeBase="C:\Users\navb\source\repos\SampleProject\TestProject\UnitTestProject10\bin\Debug\UnitTestProject10.dll" adapterTypeName="Microsoft.VisualStudio.TestTools.TestTypes.Unit.UnitTestAdapter" className="UnitTestinProgress.MSTestClass2" name="MSTest_P2_671" />
    </UnitTest>
    <UnitTest name="MSTest_P2_672" storage="c:\users\navb\source\repos\sampleproject\testproject\unittestproject10\bin\debug\unittestproject10.dll" id="b1cd993d-7313-5ad0-b39e-9f1aa78bc82d">
      <Execution id="019e6c4a-ee23-4cbe-b4c3-a10edc4b9dcc" />
      <TestMethod codeBase="C:\Users\navb\source\repos\SampleProject\TestProject\UnitTestProject10\bin\Debug\UnitTestProject10.dll" adapterTypeName="Microsoft.VisualStudio.TestTools.TestTypes.Unit.UnitTestAdapter" className="UnitTestinProgress.MSTestClass2" name="MSTest_P2_672" />
    </UnitTest>
    <UnitTest name="MSTest_P2_673" storage="c:\users\navb\source\repos\sampleproject\testproject\unittestproject10\bin\debug\unittestproject10.dll" id="3a93a51a-c148-1d02-8f4b-13468c757678">
      <Execution id="8fe0e1da-344d-4d6c-a1b0-93a0f8e004b9" />
      <TestMethod codeBase="C:\Users\navb\source\repos\SampleProject\TestProject\UnitTestProject10\bin\Debug\UnitTestProject10.dll" adapterTypeName="Microsoft.VisualStudio.TestTools.TestTypes.Unit.UnitTestAdapter" className="UnitTestinProgress.MSTestClass2" name="MSTest_P2_673" />
    </UnitTest>
    <UnitTest name="MSTest_P2_674" storage="c:\users\navb\source\repos\sampleproject\testproject\unittestproject10\bin\debug\unittestproject10.dll" id="e7bba644-c651-71b0-f2c6-7f5814caa7e2">
      <Execution id="5f4c93ec-6e48-46f9-8b23-71041eb28215" />
      <TestMethod codeBase="C:\Users\navb\source\repos\SampleProject\TestProject\UnitTestProject10\bin\Debug\UnitTestProject10.dll" adapterTypeName="Microsoft.VisualStudio.TestTools.TestTypes.Unit.UnitTestAdapter" className="UnitTestinProgress.MSTestClass2" name="MSTest_P2_674" />
    </UnitTest>
    <UnitTest name="MSTest_P2_675" storage="c:\users\navb\source\repos\sampleproject\testproject\unittestproject10\bin\debug\unittestproject10.dll" id="27514d22-063a-2899-009e-1b76a88c43a9">
      <Execution id="86f883d2-241c-4cba-a30f-9624a06a85f1" />
      <TestMethod codeBase="C:\Users\navb\source\repos\SampleProject\TestProject\UnitTestProject10\bin\Debug\UnitTestProject10.dll" adapterTypeName="Microsoft.VisualStudio.TestTools.TestTypes.Unit.UnitTestAdapter" className="UnitTestinProgress.MSTestClass2" name="MSTest_P2_675" />
    </UnitTest>
    <UnitTest name="MSTest_P2_676" storage="c:\users\navb\source\repos\sampleproject\testproject\unittestproject10\bin\debug\unittestproject10.dll" id="cacb4937-95e1-1710-534d-b2d54b278d0c">
      <Execution id="6e7f18b1-63d0-4ce3-b271-3adb1455a557" />
      <TestMethod codeBase="C:\Users\navb\source\repos\SampleProject\TestProject\UnitTestProject10\bin\Debug\UnitTestProject10.dll" adapterTypeName="Microsoft.VisualStudio.TestTools.TestTypes.Unit.UnitTestAdapter" className="UnitTestinProgress.MSTestClass2" name="MSTest_P2_676" />
    </UnitTest>
    <UnitTest name="MSTest_P2_677" storage="c:\users\navb\source\repos\sampleproject\testproject\unittestproject10\bin\debug\unittestproject10.dll" id="58cec2fa-25a5-3785-4c9d-c8c6dad46cee">
      <Execution id="ca32c0ab-44a9-4930-aa4f-895c4520455d" />
      <TestMethod codeBase="C:\Users\navb\source\repos\SampleProject\TestProject\UnitTestProject10\bin\Debug\UnitTestProject10.dll" adapterTypeName="Microsoft.VisualStudio.TestTools.TestTypes.Unit.UnitTestAdapter" className="UnitTestinProgress.MSTestClass2" name="MSTest_P2_677" />
    </UnitTest>
    <UnitTest name="MSTest_P2_678" storage="c:\users\navb\source\repos\sampleproject\testproject\unittestproject10\bin\debug\unittestproject10.dll" id="353af7cb-1a1e-cda6-3bd5-1805a8fdcf5d">
      <Execution id="a75b70a3-6f73-4f3d-9a4b-5783807dc21f" />
      <TestMethod codeBase="C:\Users\navb\source\repos\SampleProject\TestProject\UnitTestProject10\bin\Debug\UnitTestProject10.dll" adapterTypeName="Microsoft.VisualStudio.TestTools.TestTypes.Unit.UnitTestAdapter" className="UnitTestinProgress.MSTestClass2" name="MSTest_P2_678" />
    </UnitTest>
    <UnitTest name="MSTest_P2_679" storage="c:\users\navb\source\repos\sampleproject\testproject\unittestproject10\bin\debug\unittestproject10.dll" id="304b77ec-fc19-406b-4850-5808e5d0243d">
      <Execution id="b0c0de69-7101-4a77-a2ea-3a8052b8561a" />
      <TestMethod codeBase="C:\Users\navb\source\repos\SampleProject\TestProject\UnitTestProject10\bin\Debug\UnitTestProject10.dll" adapterTypeName="Microsoft.VisualStudio.TestTools.TestTypes.Unit.UnitTestAdapter" className="UnitTestinProgress.MSTestClass2" name="MSTest_P2_679" />
    </UnitTest>
    <UnitTest name="MSTest_P2_680" storage="c:\users\navb\source\repos\sampleproject\testproject\unittestproject10\bin\debug\unittestproject10.dll" id="74651ac2-e00f-92e8-ff9b-d39647d9a271">
      <Execution id="459e0377-4c07-4029-ada8-ebef698e8db6" />
      <TestMethod codeBase="C:\Users\navb\source\repos\SampleProject\TestProject\UnitTestProject10\bin\Debug\UnitTestProject10.dll" adapterTypeName="Microsoft.VisualStudio.TestTools.TestTypes.Unit.UnitTestAdapter" className="UnitTestinProgress.MSTestClass2" name="MSTest_P2_680" />
    </UnitTest>
    <UnitTest name="MSTest_P2_511" storage="c:\users\navb\source\repos\sampleproject\testproject\unittestproject10\bin\debug\unittestproject10.dll" id="e776d51f-5a00-c228-adb8-2f497b9621e5">
      <Execution id="5bfefd33-0595-438c-9004-094dfed04ac5" />
      <TestMethod codeBase="C:\Users\navb\source\repos\SampleProject\TestProject\UnitTestProject10\bin\Debug\UnitTestProject10.dll" adapterTypeName="Microsoft.VisualStudio.TestTools.TestTypes.Unit.UnitTestAdapter" className="UnitTestinProgress.MSTestClass2" name="MSTest_P2_511" />
    </UnitTest>
    <UnitTest name="MSTest_P2_512" storage="c:\users\navb\source\repos\sampleproject\testproject\unittestproject10\bin\debug\unittestproject10.dll" id="8a7e2a5a-b3b1-b936-6f36-5a1d091bcdc6">
      <Execution id="258a3d6a-2b4c-4bc5-a596-da6c0a2cf596" />
      <TestMethod codeBase="C:\Users\navb\source\repos\SampleProject\TestProject\UnitTestProject10\bin\Debug\UnitTestProject10.dll" adapterTypeName="Microsoft.VisualStudio.TestTools.TestTypes.Unit.UnitTestAdapter" className="UnitTestinProgress.MSTestClass2" name="MSTest_P2_512" />
    </UnitTest>
    <UnitTest name="MSTest_P2_513" storage="c:\users\navb\source\repos\sampleproject\testproject\unittestproject10\bin\debug\unittestproject10.dll" id="65550164-3705-10e4-aab2-4f1a75804571">
      <Execution id="5416df88-4660-4677-bbe9-f9ba59581d3e" />
      <TestMethod codeBase="C:\Users\navb\source\repos\SampleProject\TestProject\UnitTestProject10\bin\Debug\UnitTestProject10.dll" adapterTypeName="Microsoft.VisualStudio.TestTools.TestTypes.Unit.UnitTestAdapter" className="UnitTestinProgress.MSTestClass2" name="MSTest_P2_513" />
    </UnitTest>
    <UnitTest name="MSTest_P2_514" storage="c:\users\navb\source\repos\sampleproject\testproject\unittestproject10\bin\debug\unittestproject10.dll" id="7d1aaa36-3199-455c-0527-ac90899cbd4b">
      <Execution id="711326a8-8962-4074-8e5a-83d72d8cf0a6" />
      <TestMethod codeBase="C:\Users\navb\source\repos\SampleProject\TestProject\UnitTestProject10\bin\Debug\UnitTestProject10.dll" adapterTypeName="Microsoft.VisualStudio.TestTools.TestTypes.Unit.UnitTestAdapter" className="UnitTestinProgress.MSTestClass2" name="MSTest_P2_514" />
    </UnitTest>
    <UnitTest name="MSTest_P2_515" storage="c:\users\navb\source\repos\sampleproject\testproject\unittestproject10\bin\debug\unittestproject10.dll" id="f166a045-f3e3-f66b-b395-0e361e37a9fe">
      <Execution id="dafcb894-1ad4-4cd9-805f-d73b60b58f29" />
      <TestMethod codeBase="C:\Users\navb\source\repos\SampleProject\TestProject\UnitTestProject10\bin\Debug\UnitTestProject10.dll" adapterTypeName="Microsoft.VisualStudio.TestTools.TestTypes.Unit.UnitTestAdapter" className="UnitTestinProgress.MSTestClass2" name="MSTest_P2_515" />
    </UnitTest>
    <UnitTest name="MSTest_P2_516" storage="c:\users\navb\source\repos\sampleproject\testproject\unittestproject10\bin\debug\unittestproject10.dll" id="0461b81f-9ef8-c4ca-9df0-2eaf28bf10e0">
      <Execution id="501e62d1-c1d0-45ef-9574-80e2a56890bc" />
      <TestMethod codeBase="C:\Users\navb\source\repos\SampleProject\TestProject\UnitTestProject10\bin\Debug\UnitTestProject10.dll" adapterTypeName="Microsoft.VisualStudio.TestTools.TestTypes.Unit.UnitTestAdapter" className="UnitTestinProgress.MSTestClass2" name="MSTest_P2_516" />
    </UnitTest>
    <UnitTest name="MSTest_P2_517" storage="c:\users\navb\source\repos\sampleproject\testproject\unittestproject10\bin\debug\unittestproject10.dll" id="2e82cae1-4a04-cc61-b41b-8d1fead82e72">
      <Execution id="1bfae4df-fe72-4c25-b1d9-65ed277e377f" />
      <TestMethod codeBase="C:\Users\navb\source\repos\SampleProject\TestProject\UnitTestProject10\bin\Debug\UnitTestProject10.dll" adapterTypeName="Microsoft.VisualStudio.TestTools.TestTypes.Unit.UnitTestAdapter" className="UnitTestinProgress.MSTestClass2" name="MSTest_P2_517" />
    </UnitTest>
    <UnitTest name="MSTest_P2_518" storage="c:\users\navb\source\repos\sampleproject\testproject\unittestproject10\bin\debug\unittestproject10.dll" id="e5e8d614-1f1c-d660-4f2e-468f69745890">
      <Execution id="7606e60f-a7dc-46c4-b6b1-d7c58ea0d59b" />
      <TestMethod codeBase="C:\Users\navb\source\repos\SampleProject\TestProject\UnitTestProject10\bin\Debug\UnitTestProject10.dll" adapterTypeName="Microsoft.VisualStudio.TestTools.TestTypes.Unit.UnitTestAdapter" className="UnitTestinProgress.MSTestClass2" name="MSTest_P2_518" />
    </UnitTest>
    <UnitTest name="MSTest_P2_519" storage="c:\users\navb\source\repos\sampleproject\testproject\unittestproject10\bin\debug\unittestproject10.dll" id="50f497cc-80ab-e360-a8c8-bf2e2dd84698">
      <Execution id="555f289d-9b6f-49a4-be8d-58f13553d2d5" />
      <TestMethod codeBase="C:\Users\navb\source\repos\SampleProject\TestProject\UnitTestProject10\bin\Debug\UnitTestProject10.dll" adapterTypeName="Microsoft.VisualStudio.TestTools.TestTypes.Unit.UnitTestAdapter" className="UnitTestinProgress.MSTestClass2" name="MSTest_P2_519" />
    </UnitTest>
    <UnitTest name="MSTest_P2_520" storage="c:\users\navb\source\repos\sampleproject\testproject\unittestproject10\bin\debug\unittestproject10.dll" id="4ac18af5-dcd0-6fcb-32ee-6714d9bb6bc1">
      <Execution id="ab4037f1-cdac-4aa9-874e-7f72a03c82e8" />
      <TestMethod codeBase="C:\Users\navb\source\repos\SampleProject\TestProject\UnitTestProject10\bin\Debug\UnitTestProject10.dll" adapterTypeName="Microsoft.VisualStudio.TestTools.TestTypes.Unit.UnitTestAdapter" className="UnitTestinProgress.MSTestClass2" name="MSTest_P2_520" />
    </UnitTest>
    <UnitTest name="MSTest_P2_521" storage="c:\users\navb\source\repos\sampleproject\testproject\unittestproject10\bin\debug\unittestproject10.dll" id="a1477180-0c03-ae3a-b703-3248bd9bbe56">
      <Execution id="a11a77fb-0d5a-4ede-80d6-1566d7551eec" />
      <TestMethod codeBase="C:\Users\navb\source\repos\SampleProject\TestProject\UnitTestProject10\bin\Debug\UnitTestProject10.dll" adapterTypeName="Microsoft.VisualStudio.TestTools.TestTypes.Unit.UnitTestAdapter" className="UnitTestinProgress.MSTestClass2" name="MSTest_P2_521" />
    </UnitTest>
    <UnitTest name="MSTest_P2_522" storage="c:\users\navb\source\repos\sampleproject\testproject\unittestproject10\bin\debug\unittestproject10.dll" id="efc43898-75b5-8b91-f9a9-1c01d4ce0745">
      <Execution id="c4f78ccf-5aad-4ca8-9fc1-5fffea84b021" />
      <TestMethod codeBase="C:\Users\navb\source\repos\SampleProject\TestProject\UnitTestProject10\bin\Debug\UnitTestProject10.dll" adapterTypeName="Microsoft.VisualStudio.TestTools.TestTypes.Unit.UnitTestAdapter" className="UnitTestinProgress.MSTestClass2" name="MSTest_P2_522" />
    </UnitTest>
    <UnitTest name="MSTest_P2_523" storage="c:\users\navb\source\repos\sampleproject\testproject\unittestproject10\bin\debug\unittestproject10.dll" id="cefa4e19-5590-bab1-e575-4886cc8e2a57">
      <Execution id="464d2d2f-1ac7-4b7e-b270-0f9ea3dec545" />
      <TestMethod codeBase="C:\Users\navb\source\repos\SampleProject\TestProject\UnitTestProject10\bin\Debug\UnitTestProject10.dll" adapterTypeName="Microsoft.VisualStudio.TestTools.TestTypes.Unit.UnitTestAdapter" className="UnitTestinProgress.MSTestClass2" name="MSTest_P2_523" />
    </UnitTest>
    <UnitTest name="MSTest_P2_524" storage="c:\users\navb\source\repos\sampleproject\testproject\unittestproject10\bin\debug\unittestproject10.dll" id="ee5a9f3c-7651-30db-e2d4-78c1cbf124fa">
      <Execution id="235d95eb-8bd7-401a-9765-0d2415928de6" />
      <TestMethod codeBase="C:\Users\navb\source\repos\SampleProject\TestProject\UnitTestProject10\bin\Debug\UnitTestProject10.dll" adapterTypeName="Microsoft.VisualStudio.TestTools.TestTypes.Unit.UnitTestAdapter" className="UnitTestinProgress.MSTestClass2" name="MSTest_P2_524" />
    </UnitTest>
    <UnitTest name="MSTest_P2_525" storage="c:\users\navb\source\repos\sampleproject\testproject\unittestproject10\bin\debug\unittestproject10.dll" id="cac9dee8-2158-c973-652f-192379bdacee">
      <Execution id="e059aee6-7db0-41a1-8e4b-e4ed2bdfbdb0" />
      <TestMethod codeBase="C:\Users\navb\source\repos\SampleProject\TestProject\UnitTestProject10\bin\Debug\UnitTestProject10.dll" adapterTypeName="Microsoft.VisualStudio.TestTools.TestTypes.Unit.UnitTestAdapter" className="UnitTestinProgress.MSTestClass2" name="MSTest_P2_525" />
    </UnitTest>
    <UnitTest name="MSTest_P2_526" storage="c:\users\navb\source\repos\sampleproject\testproject\unittestproject10\bin\debug\unittestproject10.dll" id="c95a30e8-f25a-a236-829f-271728eddca1">
      <Execution id="6e315fbc-99a5-4f0a-aecd-7de26b1d9b6a" />
      <TestMethod codeBase="C:\Users\navb\source\repos\SampleProject\TestProject\UnitTestProject10\bin\Debug\UnitTestProject10.dll" adapterTypeName="Microsoft.VisualStudio.TestTools.TestTypes.Unit.UnitTestAdapter" className="UnitTestinProgress.MSTestClass2" name="MSTest_P2_526" />
    </UnitTest>
    <UnitTest name="MSTest_P2_527" storage="c:\users\navb\source\repos\sampleproject\testproject\unittestproject10\bin\debug\unittestproject10.dll" id="5655d584-e19e-8eef-5861-f48862292e74">
      <Execution id="8b721916-9db3-4cc6-be95-8912dc5d8eea" />
      <TestMethod codeBase="C:\Users\navb\source\repos\SampleProject\TestProject\UnitTestProject10\bin\Debug\UnitTestProject10.dll" adapterTypeName="Microsoft.VisualStudio.TestTools.TestTypes.Unit.UnitTestAdapter" className="UnitTestinProgress.MSTestClass2" name="MSTest_P2_527" />
    </UnitTest>
    <UnitTest name="MSTest_P2_528" storage="c:\users\navb\source\repos\sampleproject\testproject\unittestproject10\bin\debug\unittestproject10.dll" id="9bb271d0-5466-cbe0-3fa2-4633de5f9669">
      <Execution id="3b9ecb7c-56a2-462d-9bd4-b041a77f4f3d" />
      <TestMethod codeBase="C:\Users\navb\source\repos\SampleProject\TestProject\UnitTestProject10\bin\Debug\UnitTestProject10.dll" adapterTypeName="Microsoft.VisualStudio.TestTools.TestTypes.Unit.UnitTestAdapter" className="UnitTestinProgress.MSTestClass2" name="MSTest_P2_528" />
    </UnitTest>
    <UnitTest name="MSTest_P2_529" storage="c:\users\navb\source\repos\sampleproject\testproject\unittestproject10\bin\debug\unittestproject10.dll" id="e92fc10c-fb30-b21b-1115-fcf7253c35aa">
      <Execution id="451931ae-a445-4b2d-9e16-657fa02e34c6" />
      <TestMethod codeBase="C:\Users\navb\source\repos\SampleProject\TestProject\UnitTestProject10\bin\Debug\UnitTestProject10.dll" adapterTypeName="Microsoft.VisualStudio.TestTools.TestTypes.Unit.UnitTestAdapter" className="UnitTestinProgress.MSTestClass2" name="MSTest_P2_529" />
    </UnitTest>
    <UnitTest name="MSTest_P2_530" storage="c:\users\navb\source\repos\sampleproject\testproject\unittestproject10\bin\debug\unittestproject10.dll" id="7966242b-d974-0b64-c59c-d020dbb5e761">
      <Execution id="9b49a99e-de34-49ec-9b5d-9f6c90a41fe2" />
      <TestMethod codeBase="C:\Users\navb\source\repos\SampleProject\TestProject\UnitTestProject10\bin\Debug\UnitTestProject10.dll" adapterTypeName="Microsoft.VisualStudio.TestTools.TestTypes.Unit.UnitTestAdapter" className="UnitTestinProgress.MSTestClass2" name="MSTest_P2_530" />
    </UnitTest>
    <UnitTest name="MSTest_P2_531" storage="c:\users\navb\source\repos\sampleproject\testproject\unittestproject10\bin\debug\unittestproject10.dll" id="9aae1dad-0c68-f480-1b3c-ff63f29ca930">
      <Execution id="5eded2ca-75c2-4104-8073-8964faa2cf31" />
      <TestMethod codeBase="C:\Users\navb\source\repos\SampleProject\TestProject\UnitTestProject10\bin\Debug\UnitTestProject10.dll" adapterTypeName="Microsoft.VisualStudio.TestTools.TestTypes.Unit.UnitTestAdapter" className="UnitTestinProgress.MSTestClass2" name="MSTest_P2_531" />
    </UnitTest>
    <UnitTest name="MSTest_P2_532" storage="c:\users\navb\source\repos\sampleproject\testproject\unittestproject10\bin\debug\unittestproject10.dll" id="0a07aa18-e58f-69f9-ea5c-287ee69f5e50">
      <Execution id="a3e0aecf-461c-468a-9c4e-b06989fdb477" />
      <TestMethod codeBase="C:\Users\navb\source\repos\SampleProject\TestProject\UnitTestProject10\bin\Debug\UnitTestProject10.dll" adapterTypeName="Microsoft.VisualStudio.TestTools.TestTypes.Unit.UnitTestAdapter" className="UnitTestinProgress.MSTestClass2" name="MSTest_P2_532" />
    </UnitTest>
    <UnitTest name="MSTest_P2_533" storage="c:\users\navb\source\repos\sampleproject\testproject\unittestproject10\bin\debug\unittestproject10.dll" id="32236db3-5b10-cb60-6710-e897f6895176">
      <Execution id="20ecc3a9-af7e-4093-9a9d-3f624d10e322" />
      <TestMethod codeBase="C:\Users\navb\source\repos\SampleProject\TestProject\UnitTestProject10\bin\Debug\UnitTestProject10.dll" adapterTypeName="Microsoft.VisualStudio.TestTools.TestTypes.Unit.UnitTestAdapter" className="UnitTestinProgress.MSTestClass2" name="MSTest_P2_533" />
    </UnitTest>
    <UnitTest name="MSTest_P2_534" storage="c:\users\navb\source\repos\sampleproject\testproject\unittestproject10\bin\debug\unittestproject10.dll" id="fd7e494d-611e-bfc7-6e2e-0b9aa90132e4">
      <Execution id="4b872a52-a9d5-4736-aa21-6170abcfda7f" />
      <TestMethod codeBase="C:\Users\navb\source\repos\SampleProject\TestProject\UnitTestProject10\bin\Debug\UnitTestProject10.dll" adapterTypeName="Microsoft.VisualStudio.TestTools.TestTypes.Unit.UnitTestAdapter" className="UnitTestinProgress.MSTestClass2" name="MSTest_P2_534" />
    </UnitTest>
    <UnitTest name="MSTest_P2_535" storage="c:\users\navb\source\repos\sampleproject\testproject\unittestproject10\bin\debug\unittestproject10.dll" id="6891dd0b-bc83-91a2-f4f1-c5967c7b6b38">
      <Execution id="fa21983e-6305-410f-8ade-8ae9b3fe4800" />
      <TestMethod codeBase="C:\Users\navb\source\repos\SampleProject\TestProject\UnitTestProject10\bin\Debug\UnitTestProject10.dll" adapterTypeName="Microsoft.VisualStudio.TestTools.TestTypes.Unit.UnitTestAdapter" className="UnitTestinProgress.MSTestClass2" name="MSTest_P2_535" />
    </UnitTest>
    <UnitTest name="MSTest_P2_536" storage="c:\users\navb\source\repos\sampleproject\testproject\unittestproject10\bin\debug\unittestproject10.dll" id="17ab976d-ec81-d8a4-0dca-8954c371741a">
      <Execution id="27de3ba7-fd43-4bd3-bd5e-0f0222928e69" />
      <TestMethod codeBase="C:\Users\navb\source\repos\SampleProject\TestProject\UnitTestProject10\bin\Debug\UnitTestProject10.dll" adapterTypeName="Microsoft.VisualStudio.TestTools.TestTypes.Unit.UnitTestAdapter" className="UnitTestinProgress.MSTestClass2" name="MSTest_P2_536" />
    </UnitTest>
    <UnitTest name="MSTest_P2_537" storage="c:\users\navb\source\repos\sampleproject\testproject\unittestproject10\bin\debug\unittestproject10.dll" id="72723df0-292b-813b-6a25-bd4b93301bd7">
      <Execution id="cfaf0df3-108f-4d05-8434-be4550cb0116" />
      <TestMethod codeBase="C:\Users\navb\source\repos\SampleProject\TestProject\UnitTestProject10\bin\Debug\UnitTestProject10.dll" adapterTypeName="Microsoft.VisualStudio.TestTools.TestTypes.Unit.UnitTestAdapter" className="UnitTestinProgress.MSTestClass2" name="MSTest_P2_537" />
    </UnitTest>
    <UnitTest name="MSTest_P2_538" storage="c:\users\navb\source\repos\sampleproject\testproject\unittestproject10\bin\debug\unittestproject10.dll" id="27bd9190-4948-ce5f-e027-af484941e259">
      <Execution id="c89f6ef9-2d2f-41e8-886e-87d924683754" />
      <TestMethod codeBase="C:\Users\navb\source\repos\SampleProject\TestProject\UnitTestProject10\bin\Debug\UnitTestProject10.dll" adapterTypeName="Microsoft.VisualStudio.TestTools.TestTypes.Unit.UnitTestAdapter" className="UnitTestinProgress.MSTestClass2" name="MSTest_P2_538" />
    </UnitTest>
    <UnitTest name="MSTest_P2_539" storage="c:\users\navb\source\repos\sampleproject\testproject\unittestproject10\bin\debug\unittestproject10.dll" id="fdfbeb7c-11b3-3beb-c55a-8ea097db63c8">
      <Execution id="7929795b-6367-4e49-99d6-5ff6be2706dd" />
      <TestMethod codeBase="C:\Users\navb\source\repos\SampleProject\TestProject\UnitTestProject10\bin\Debug\UnitTestProject10.dll" adapterTypeName="Microsoft.VisualStudio.TestTools.TestTypes.Unit.UnitTestAdapter" className="UnitTestinProgress.MSTestClass2" name="MSTest_P2_539" />
    </UnitTest>
    <UnitTest name="MSTest_P2_540" storage="c:\users\navb\source\repos\sampleproject\testproject\unittestproject10\bin\debug\unittestproject10.dll" id="2e11bbad-a552-5219-226e-7056b5ce7697">
      <Execution id="14d3b393-7b3e-454d-85fa-8105ab8d0040" />
      <TestMethod codeBase="C:\Users\navb\source\repos\SampleProject\TestProject\UnitTestProject10\bin\Debug\UnitTestProject10.dll" adapterTypeName="Microsoft.VisualStudio.TestTools.TestTypes.Unit.UnitTestAdapter" className="UnitTestinProgress.MSTestClass2" name="MSTest_P2_540" />
    </UnitTest>
    <UnitTest name="MSTest_P2_541" storage="c:\users\navb\source\repos\sampleproject\testproject\unittestproject10\bin\debug\unittestproject10.dll" id="4b4812c6-0d0a-0ab1-819c-d86e04dc55c7">
      <Execution id="c656e2ed-8770-42cc-9e87-b12746be1e21" />
      <TestMethod codeBase="C:\Users\navb\source\repos\SampleProject\TestProject\UnitTestProject10\bin\Debug\UnitTestProject10.dll" adapterTypeName="Microsoft.VisualStudio.TestTools.TestTypes.Unit.UnitTestAdapter" className="UnitTestinProgress.MSTestClass2" name="MSTest_P2_541" />
    </UnitTest>
    <UnitTest name="MSTest_P2_542" storage="c:\users\navb\source\repos\sampleproject\testproject\unittestproject10\bin\debug\unittestproject10.dll" id="fba16ff8-1dd9-2338-6b6e-5a87d4c6c9ea">
      <Execution id="c7e8d95c-ca91-4bf6-ac4b-f18c2eec384f" />
      <TestMethod codeBase="C:\Users\navb\source\repos\SampleProject\TestProject\UnitTestProject10\bin\Debug\UnitTestProject10.dll" adapterTypeName="Microsoft.VisualStudio.TestTools.TestTypes.Unit.UnitTestAdapter" className="UnitTestinProgress.MSTestClass2" name="MSTest_P2_542" />
    </UnitTest>
    <UnitTest name="MSTest_P2_543" storage="c:\users\navb\source\repos\sampleproject\testproject\unittestproject10\bin\debug\unittestproject10.dll" id="809036b5-9cfc-f4b2-5ff3-932e18c30f49">
      <Execution id="7e72afe0-bfc6-4e3b-a684-9c43a94f18c4" />
      <TestMethod codeBase="C:\Users\navb\source\repos\SampleProject\TestProject\UnitTestProject10\bin\Debug\UnitTestProject10.dll" adapterTypeName="Microsoft.VisualStudio.TestTools.TestTypes.Unit.UnitTestAdapter" className="UnitTestinProgress.MSTestClass2" name="MSTest_P2_543" />
    </UnitTest>
    <UnitTest name="MSTest_P2_544" storage="c:\users\navb\source\repos\sampleproject\testproject\unittestproject10\bin\debug\unittestproject10.dll" id="d7c9cab3-c1c9-6386-177d-a619c09ea26e">
      <Execution id="4fd34cf5-1b20-48be-aeb2-e15fe4633e08" />
      <TestMethod codeBase="C:\Users\navb\source\repos\SampleProject\TestProject\UnitTestProject10\bin\Debug\UnitTestProject10.dll" adapterTypeName="Microsoft.VisualStudio.TestTools.TestTypes.Unit.UnitTestAdapter" className="UnitTestinProgress.MSTestClass2" name="MSTest_P2_544" />
    </UnitTest>
    <UnitTest name="MSTest_P2_545" storage="c:\users\navb\source\repos\sampleproject\testproject\unittestproject10\bin\debug\unittestproject10.dll" id="662c26bc-d19f-881f-5a3b-3b472bcbec47">
      <Execution id="19380f88-a8f6-4828-b290-f08abc4e07f1" />
      <TestMethod codeBase="C:\Users\navb\source\repos\SampleProject\TestProject\UnitTestProject10\bin\Debug\UnitTestProject10.dll" adapterTypeName="Microsoft.VisualStudio.TestTools.TestTypes.Unit.UnitTestAdapter" className="UnitTestinProgress.MSTestClass2" name="MSTest_P2_545" />
    </UnitTest>
    <UnitTest name="MSTest_P2_546" storage="c:\users\navb\source\repos\sampleproject\testproject\unittestproject10\bin\debug\unittestproject10.dll" id="7fec68fb-a3c3-9ad7-9647-5083ca2a9c0b">
      <Execution id="18af5e2c-2338-4435-b77e-c6708d88de85" />
      <TestMethod codeBase="C:\Users\navb\source\repos\SampleProject\TestProject\UnitTestProject10\bin\Debug\UnitTestProject10.dll" adapterTypeName="Microsoft.VisualStudio.TestTools.TestTypes.Unit.UnitTestAdapter" className="UnitTestinProgress.MSTestClass2" name="MSTest_P2_546" />
    </UnitTest>
    <UnitTest name="MSTest_P2_547" storage="c:\users\navb\source\repos\sampleproject\testproject\unittestproject10\bin\debug\unittestproject10.dll" id="fd159612-71b0-b743-33dd-3f4e86b87698">
      <Execution id="aa8c2394-e541-42d3-ae89-e91a3a605f98" />
      <TestMethod codeBase="C:\Users\navb\source\repos\SampleProject\TestProject\UnitTestProject10\bin\Debug\UnitTestProject10.dll" adapterTypeName="Microsoft.VisualStudio.TestTools.TestTypes.Unit.UnitTestAdapter" className="UnitTestinProgress.MSTestClass2" name="MSTest_P2_547" />
    </UnitTest>
    <UnitTest name="MSTest_P2_548" storage="c:\users\navb\source\repos\sampleproject\testproject\unittestproject10\bin\debug\unittestproject10.dll" id="349de77d-bf20-d1d2-ca58-ede03ea4c589">
      <Execution id="638eddcf-bb21-4786-af3d-3ce54164e5fa" />
      <TestMethod codeBase="C:\Users\navb\source\repos\SampleProject\TestProject\UnitTestProject10\bin\Debug\UnitTestProject10.dll" adapterTypeName="Microsoft.VisualStudio.TestTools.TestTypes.Unit.UnitTestAdapter" className="UnitTestinProgress.MSTestClass2" name="MSTest_P2_548" />
    </UnitTest>
    <UnitTest name="MSTest_P2_549" storage="c:\users\navb\source\repos\sampleproject\testproject\unittestproject10\bin\debug\unittestproject10.dll" id="082c7339-7cc5-7c47-9922-763ff1cc2ed7">
      <Execution id="b61407fc-0086-43a1-addd-bc5b21c30ecc" />
      <TestMethod codeBase="C:\Users\navb\source\repos\SampleProject\TestProject\UnitTestProject10\bin\Debug\UnitTestProject10.dll" adapterTypeName="Microsoft.VisualStudio.TestTools.TestTypes.Unit.UnitTestAdapter" className="UnitTestinProgress.MSTestClass2" name="MSTest_P2_549" />
    </UnitTest>
    <UnitTest name="MSTest_P2_550" storage="c:\users\navb\source\repos\sampleproject\testproject\unittestproject10\bin\debug\unittestproject10.dll" id="f8e840e4-fd18-1301-16a5-670948fb1fdc">
      <Execution id="e41f7780-0e2d-46b9-b90a-124cff351fa1" />
      <TestMethod codeBase="C:\Users\navb\source\repos\SampleProject\TestProject\UnitTestProject10\bin\Debug\UnitTestProject10.dll" adapterTypeName="Microsoft.VisualStudio.TestTools.TestTypes.Unit.UnitTestAdapter" className="UnitTestinProgress.MSTestClass2" name="MSTest_P2_550" />
    </UnitTest>
    <UnitTest name="MSTest_P2_551" storage="c:\users\navb\source\repos\sampleproject\testproject\unittestproject10\bin\debug\unittestproject10.dll" id="9d4d20ed-7122-1fba-7a07-68a842a1262a">
      <Execution id="27b04d2b-8bff-49a0-ba99-f95d6ef41a9c" />
      <TestMethod codeBase="C:\Users\navb\source\repos\SampleProject\TestProject\UnitTestProject10\bin\Debug\UnitTestProject10.dll" adapterTypeName="Microsoft.VisualStudio.TestTools.TestTypes.Unit.UnitTestAdapter" className="UnitTestinProgress.MSTestClass2" name="MSTest_P2_551" />
    </UnitTest>
    <UnitTest name="MSTest_P2_552" storage="c:\users\navb\source\repos\sampleproject\testproject\unittestproject10\bin\debug\unittestproject10.dll" id="0e5f0a2e-368e-2490-7e26-f608a8254523">
      <Execution id="ccc9dc9c-226d-4d61-b66c-5867bbf22d69" />
      <TestMethod codeBase="C:\Users\navb\source\repos\SampleProject\TestProject\UnitTestProject10\bin\Debug\UnitTestProject10.dll" adapterTypeName="Microsoft.VisualStudio.TestTools.TestTypes.Unit.UnitTestAdapter" className="UnitTestinProgress.MSTestClass2" name="MSTest_P2_552" />
    </UnitTest>
    <UnitTest name="MSTest_P2_553" storage="c:\users\navb\source\repos\sampleproject\testproject\unittestproject10\bin\debug\unittestproject10.dll" id="875088e7-68b6-f6e0-6a32-f2b4ed4c14b4">
      <Execution id="e665434b-b475-4e4c-b159-f266672ae722" />
      <TestMethod codeBase="C:\Users\navb\source\repos\SampleProject\TestProject\UnitTestProject10\bin\Debug\UnitTestProject10.dll" adapterTypeName="Microsoft.VisualStudio.TestTools.TestTypes.Unit.UnitTestAdapter" className="UnitTestinProgress.MSTestClass2" name="MSTest_P2_553" />
    </UnitTest>
    <UnitTest name="MSTest_P2_554" storage="c:\users\navb\source\repos\sampleproject\testproject\unittestproject10\bin\debug\unittestproject10.dll" id="9cc5d565-f73b-a443-f68b-1e5854b6792c">
      <Execution id="7d171b83-ccf9-4809-8748-3e837f38ac3e" />
      <TestMethod codeBase="C:\Users\navb\source\repos\SampleProject\TestProject\UnitTestProject10\bin\Debug\UnitTestProject10.dll" adapterTypeName="Microsoft.VisualStudio.TestTools.TestTypes.Unit.UnitTestAdapter" className="UnitTestinProgress.MSTestClass2" name="MSTest_P2_554" />
    </UnitTest>
    <UnitTest name="MSTest_P2_555" storage="c:\users\navb\source\repos\sampleproject\testproject\unittestproject10\bin\debug\unittestproject10.dll" id="7d736325-4dd1-ff28-0317-4dd9055f7865">
      <Execution id="1af03a46-577c-4e4b-a6f7-d5779c2e1b3e" />
      <TestMethod codeBase="C:\Users\navb\source\repos\SampleProject\TestProject\UnitTestProject10\bin\Debug\UnitTestProject10.dll" adapterTypeName="Microsoft.VisualStudio.TestTools.TestTypes.Unit.UnitTestAdapter" className="UnitTestinProgress.MSTestClass2" name="MSTest_P2_555" />
    </UnitTest>
    <UnitTest name="MSTest_P2_556" storage="c:\users\navb\source\repos\sampleproject\testproject\unittestproject10\bin\debug\unittestproject10.dll" id="7b09c487-2fe1-4c0e-946d-ca6cc6caff6f">
      <Execution id="ef6bd82b-fe75-4894-982e-603e728bcdec" />
      <TestMethod codeBase="C:\Users\navb\source\repos\SampleProject\TestProject\UnitTestProject10\bin\Debug\UnitTestProject10.dll" adapterTypeName="Microsoft.VisualStudio.TestTools.TestTypes.Unit.UnitTestAdapter" className="UnitTestinProgress.MSTestClass2" name="MSTest_P2_556" />
    </UnitTest>
    <UnitTest name="MSTest_P2_557" storage="c:\users\navb\source\repos\sampleproject\testproject\unittestproject10\bin\debug\unittestproject10.dll" id="bc21ff58-3b14-8973-0b02-2b4d21113581">
      <Execution id="adf635c3-ec81-4997-a163-6686abed7435" />
      <TestMethod codeBase="C:\Users\navb\source\repos\SampleProject\TestProject\UnitTestProject10\bin\Debug\UnitTestProject10.dll" adapterTypeName="Microsoft.VisualStudio.TestTools.TestTypes.Unit.UnitTestAdapter" className="UnitTestinProgress.MSTestClass2" name="MSTest_P2_557" />
    </UnitTest>
    <UnitTest name="MSTest_P2_558" storage="c:\users\navb\source\repos\sampleproject\testproject\unittestproject10\bin\debug\unittestproject10.dll" id="a61cd15d-d694-4217-2314-94a75d5fde5d">
      <Execution id="86c9e990-968b-4fff-8256-cd3a07ad5b54" />
      <TestMethod codeBase="C:\Users\navb\source\repos\SampleProject\TestProject\UnitTestProject10\bin\Debug\UnitTestProject10.dll" adapterTypeName="Microsoft.VisualStudio.TestTools.TestTypes.Unit.UnitTestAdapter" className="UnitTestinProgress.MSTestClass2" name="MSTest_P2_558" />
    </UnitTest>
    <UnitTest name="MSTest_P2_559" storage="c:\users\navb\source\repos\sampleproject\testproject\unittestproject10\bin\debug\unittestproject10.dll" id="fb7d87eb-067f-4711-53f9-9139d33021bd">
      <Execution id="f24f3d77-b25b-4796-938f-e22260bd0d83" />
      <TestMethod codeBase="C:\Users\navb\source\repos\SampleProject\TestProject\UnitTestProject10\bin\Debug\UnitTestProject10.dll" adapterTypeName="Microsoft.VisualStudio.TestTools.TestTypes.Unit.UnitTestAdapter" className="UnitTestinProgress.MSTestClass2" name="MSTest_P2_559" />
    </UnitTest>
    <UnitTest name="MSTest_P2_560" storage="c:\users\navb\source\repos\sampleproject\testproject\unittestproject10\bin\debug\unittestproject10.dll" id="809dc7a8-ce61-aa44-fca3-16b8d5b0ec1d">
      <Execution id="d4f7a8d9-a1df-400d-8e62-3c012474f497" />
      <TestMethod codeBase="C:\Users\navb\source\repos\SampleProject\TestProject\UnitTestProject10\bin\Debug\UnitTestProject10.dll" adapterTypeName="Microsoft.VisualStudio.TestTools.TestTypes.Unit.UnitTestAdapter" className="UnitTestinProgress.MSTestClass2" name="MSTest_P2_560" />
    </UnitTest>
    <UnitTest name="MSTest_P2_561" storage="c:\users\navb\source\repos\sampleproject\testproject\unittestproject10\bin\debug\unittestproject10.dll" id="79714c50-5eb1-d5d1-b32a-c7f10cf6fbe7">
      <Execution id="e88e86c4-960e-4518-81e6-8239a793fdc6" />
      <TestMethod codeBase="C:\Users\navb\source\repos\SampleProject\TestProject\UnitTestProject10\bin\Debug\UnitTestProject10.dll" adapterTypeName="Microsoft.VisualStudio.TestTools.TestTypes.Unit.UnitTestAdapter" className="UnitTestinProgress.MSTestClass2" name="MSTest_P2_561" />
    </UnitTest>
    <UnitTest name="MSTest_P2_562" storage="c:\users\navb\source\repos\sampleproject\testproject\unittestproject10\bin\debug\unittestproject10.dll" id="90b2e005-acc5-1d6c-5a43-a78c5ff76120">
      <Execution id="6017b2d3-9294-43f2-9056-f320c6ad4215" />
      <TestMethod codeBase="C:\Users\navb\source\repos\SampleProject\TestProject\UnitTestProject10\bin\Debug\UnitTestProject10.dll" adapterTypeName="Microsoft.VisualStudio.TestTools.TestTypes.Unit.UnitTestAdapter" className="UnitTestinProgress.MSTestClass2" name="MSTest_P2_562" />
    </UnitTest>
    <UnitTest name="MSTest_P2_563" storage="c:\users\navb\source\repos\sampleproject\testproject\unittestproject10\bin\debug\unittestproject10.dll" id="689ffc80-ae01-18fa-b138-8bae52645615">
      <Execution id="c77b8429-28d2-4048-9779-32361fdf3f48" />
      <TestMethod codeBase="C:\Users\navb\source\repos\SampleProject\TestProject\UnitTestProject10\bin\Debug\UnitTestProject10.dll" adapterTypeName="Microsoft.VisualStudio.TestTools.TestTypes.Unit.UnitTestAdapter" className="UnitTestinProgress.MSTestClass2" name="MSTest_P2_563" />
    </UnitTest>
    <UnitTest name="MSTest_P2_564" storage="c:\users\navb\source\repos\sampleproject\testproject\unittestproject10\bin\debug\unittestproject10.dll" id="ad289964-2943-3eb9-099e-d632a52a571e">
      <Execution id="5e63aa74-6f1e-4482-99a1-3d2a125baf1f" />
      <TestMethod codeBase="C:\Users\navb\source\repos\SampleProject\TestProject\UnitTestProject10\bin\Debug\UnitTestProject10.dll" adapterTypeName="Microsoft.VisualStudio.TestTools.TestTypes.Unit.UnitTestAdapter" className="UnitTestinProgress.MSTestClass2" name="MSTest_P2_564" />
    </UnitTest>
    <UnitTest name="MSTest_P2_565" storage="c:\users\navb\source\repos\sampleproject\testproject\unittestproject10\bin\debug\unittestproject10.dll" id="da11a2eb-6208-4f87-a0ec-cc4f270b7396">
      <Execution id="dfb483f4-0cb0-4316-a843-ece13a0c9bef" />
      <TestMethod codeBase="C:\Users\navb\source\repos\SampleProject\TestProject\UnitTestProject10\bin\Debug\UnitTestProject10.dll" adapterTypeName="Microsoft.VisualStudio.TestTools.TestTypes.Unit.UnitTestAdapter" className="UnitTestinProgress.MSTestClass2" name="MSTest_P2_565" />
    </UnitTest>
    <UnitTest name="MSTest_P2_566" storage="c:\users\navb\source\repos\sampleproject\testproject\unittestproject10\bin\debug\unittestproject10.dll" id="b019235f-b6d9-c1e6-9ed6-84d1850247d9">
      <Execution id="1bcfd0c6-cfb4-4b92-8678-45d63a9d6545" />
      <TestMethod codeBase="C:\Users\navb\source\repos\SampleProject\TestProject\UnitTestProject10\bin\Debug\UnitTestProject10.dll" adapterTypeName="Microsoft.VisualStudio.TestTools.TestTypes.Unit.UnitTestAdapter" className="UnitTestinProgress.MSTestClass2" name="MSTest_P2_566" />
    </UnitTest>
    <UnitTest name="MSTest_P2_567" storage="c:\users\navb\source\repos\sampleproject\testproject\unittestproject10\bin\debug\unittestproject10.dll" id="c636ae84-7c6c-cc08-2935-5ac732a93a48">
      <Execution id="8f719e11-326c-46f1-af84-d08d9e1e16cc" />
      <TestMethod codeBase="C:\Users\navb\source\repos\SampleProject\TestProject\UnitTestProject10\bin\Debug\UnitTestProject10.dll" adapterTypeName="Microsoft.VisualStudio.TestTools.TestTypes.Unit.UnitTestAdapter" className="UnitTestinProgress.MSTestClass2" name="MSTest_P2_567" />
    </UnitTest>
    <UnitTest name="MSTest_P2_568" storage="c:\users\navb\source\repos\sampleproject\testproject\unittestproject10\bin\debug\unittestproject10.dll" id="99231236-53fd-bcc2-b2f1-35bf8c9f2cee">
      <Execution id="b1728d06-b3cd-4629-b957-d8ecdf15811c" />
      <TestMethod codeBase="C:\Users\navb\source\repos\SampleProject\TestProject\UnitTestProject10\bin\Debug\UnitTestProject10.dll" adapterTypeName="Microsoft.VisualStudio.TestTools.TestTypes.Unit.UnitTestAdapter" className="UnitTestinProgress.MSTestClass2" name="MSTest_P2_568" />
    </UnitTest>
    <UnitTest name="MSTest_P2_569" storage="c:\users\navb\source\repos\sampleproject\testproject\unittestproject10\bin\debug\unittestproject10.dll" id="c2a6d61d-4f19-2ce9-e980-ef896a04601b">
      <Execution id="e144fb62-42bb-4d35-ae6e-f9b0be90692b" />
      <TestMethod codeBase="C:\Users\navb\source\repos\SampleProject\TestProject\UnitTestProject10\bin\Debug\UnitTestProject10.dll" adapterTypeName="Microsoft.VisualStudio.TestTools.TestTypes.Unit.UnitTestAdapter" className="UnitTestinProgress.MSTestClass2" name="MSTest_P2_569" />
    </UnitTest>
    <UnitTest name="MSTest_P2_570" storage="c:\users\navb\source\repos\sampleproject\testproject\unittestproject10\bin\debug\unittestproject10.dll" id="13b7e519-447e-5e0e-9a3c-3c3335bd94f7">
      <Execution id="824a4f03-15b6-40e3-bc05-e6e97fbec6f6" />
      <TestMethod codeBase="C:\Users\navb\source\repos\SampleProject\TestProject\UnitTestProject10\bin\Debug\UnitTestProject10.dll" adapterTypeName="Microsoft.VisualStudio.TestTools.TestTypes.Unit.UnitTestAdapter" className="UnitTestinProgress.MSTestClass2" name="MSTest_P2_570" />
    </UnitTest>
    <UnitTest name="MSTest_P2_571" storage="c:\users\navb\source\repos\sampleproject\testproject\unittestproject10\bin\debug\unittestproject10.dll" id="e08737b9-1fe6-529d-d946-521023a440a3">
      <Execution id="4fe6a4a4-7432-4715-85e4-a768eeca3a39" />
      <TestMethod codeBase="C:\Users\navb\source\repos\SampleProject\TestProject\UnitTestProject10\bin\Debug\UnitTestProject10.dll" adapterTypeName="Microsoft.VisualStudio.TestTools.TestTypes.Unit.UnitTestAdapter" className="UnitTestinProgress.MSTestClass2" name="MSTest_P2_571" />
    </UnitTest>
    <UnitTest name="MSTest_P2_572" storage="c:\users\navb\source\repos\sampleproject\testproject\unittestproject10\bin\debug\unittestproject10.dll" id="8c4dc4e0-e4dd-8342-9276-c69c90a367a4">
      <Execution id="26375f42-a315-40bd-917c-79db2c0d6da0" />
      <TestMethod codeBase="C:\Users\navb\source\repos\SampleProject\TestProject\UnitTestProject10\bin\Debug\UnitTestProject10.dll" adapterTypeName="Microsoft.VisualStudio.TestTools.TestTypes.Unit.UnitTestAdapter" className="UnitTestinProgress.MSTestClass2" name="MSTest_P2_572" />
    </UnitTest>
    <UnitTest name="MSTest_P2_573" storage="c:\users\navb\source\repos\sampleproject\testproject\unittestproject10\bin\debug\unittestproject10.dll" id="7f0a7865-cba7-e81e-fef8-04d0bb1f3e03">
      <Execution id="ce1473d9-058f-4b7c-9cac-4ced6e53fa70" />
      <TestMethod codeBase="C:\Users\navb\source\repos\SampleProject\TestProject\UnitTestProject10\bin\Debug\UnitTestProject10.dll" adapterTypeName="Microsoft.VisualStudio.TestTools.TestTypes.Unit.UnitTestAdapter" className="UnitTestinProgress.MSTestClass2" name="MSTest_P2_573" />
    </UnitTest>
    <UnitTest name="MSTest_P2_574" storage="c:\users\navb\source\repos\sampleproject\testproject\unittestproject10\bin\debug\unittestproject10.dll" id="a2a392f4-9208-dadc-b9c5-6bcf7141eeef">
      <Execution id="bf483650-2878-4970-aae3-a61efa2d23f2" />
      <TestMethod codeBase="C:\Users\navb\source\repos\SampleProject\TestProject\UnitTestProject10\bin\Debug\UnitTestProject10.dll" adapterTypeName="Microsoft.VisualStudio.TestTools.TestTypes.Unit.UnitTestAdapter" className="UnitTestinProgress.MSTestClass2" name="MSTest_P2_574" />
    </UnitTest>
    <UnitTest name="MSTest_P2_575" storage="c:\users\navb\source\repos\sampleproject\testproject\unittestproject10\bin\debug\unittestproject10.dll" id="352e150b-24db-9a0c-6e6c-53d48231945d">
      <Execution id="6d7c12aa-9586-409a-985a-650efce81165" />
      <TestMethod codeBase="C:\Users\navb\source\repos\SampleProject\TestProject\UnitTestProject10\bin\Debug\UnitTestProject10.dll" adapterTypeName="Microsoft.VisualStudio.TestTools.TestTypes.Unit.UnitTestAdapter" className="UnitTestinProgress.MSTestClass2" name="MSTest_P2_575" />
    </UnitTest>
    <UnitTest name="MSTest_P2_576" storage="c:\users\navb\source\repos\sampleproject\testproject\unittestproject10\bin\debug\unittestproject10.dll" id="55bb454f-9cea-2d0c-9de8-1082887d5477">
      <Execution id="3c9789cc-e4af-4d7f-add4-ffa669a82ac1" />
      <TestMethod codeBase="C:\Users\navb\source\repos\SampleProject\TestProject\UnitTestProject10\bin\Debug\UnitTestProject10.dll" adapterTypeName="Microsoft.VisualStudio.TestTools.TestTypes.Unit.UnitTestAdapter" className="UnitTestinProgress.MSTestClass2" name="MSTest_P2_576" />
    </UnitTest>
    <UnitTest name="MSTest_P2_577" storage="c:\users\navb\source\repos\sampleproject\testproject\unittestproject10\bin\debug\unittestproject10.dll" id="cd080ca0-655a-7010-db17-2d5a58bf5cf8">
      <Execution id="6cca1105-4596-4bcf-9162-aacfb677fee0" />
      <TestMethod codeBase="C:\Users\navb\source\repos\SampleProject\TestProject\UnitTestProject10\bin\Debug\UnitTestProject10.dll" adapterTypeName="Microsoft.VisualStudio.TestTools.TestTypes.Unit.UnitTestAdapter" className="UnitTestinProgress.MSTestClass2" name="MSTest_P2_577" />
    </UnitTest>
    <UnitTest name="MSTest_P2_578" storage="c:\users\navb\source\repos\sampleproject\testproject\unittestproject10\bin\debug\unittestproject10.dll" id="a3b4422f-6936-c141-3538-498b4226ec66">
      <Execution id="e9ecc711-e5bf-466d-ac4a-0d8391dbbfa5" />
      <TestMethod codeBase="C:\Users\navb\source\repos\SampleProject\TestProject\UnitTestProject10\bin\Debug\UnitTestProject10.dll" adapterTypeName="Microsoft.VisualStudio.TestTools.TestTypes.Unit.UnitTestAdapter" className="UnitTestinProgress.MSTestClass2" name="MSTest_P2_578" />
    </UnitTest>
    <UnitTest name="MSTest_P2_579" storage="c:\users\navb\source\repos\sampleproject\testproject\unittestproject10\bin\debug\unittestproject10.dll" id="9c62c3e7-261f-d123-cce8-f248d6add621">
      <Execution id="89cf473b-3506-444b-9983-bd809b2e1a6b" />
      <TestMethod codeBase="C:\Users\navb\source\repos\SampleProject\TestProject\UnitTestProject10\bin\Debug\UnitTestProject10.dll" adapterTypeName="Microsoft.VisualStudio.TestTools.TestTypes.Unit.UnitTestAdapter" className="UnitTestinProgress.MSTestClass2" name="MSTest_P2_579" />
    </UnitTest>
    <UnitTest name="MSTest_P2_580" storage="c:\users\navb\source\repos\sampleproject\testproject\unittestproject10\bin\debug\unittestproject10.dll" id="46d28ad6-deb4-09da-ed2b-bf5fc6628fc8">
      <Execution id="a68c5922-f979-4ba4-bdbb-e71fe88f7d4f" />
      <TestMethod codeBase="C:\Users\navb\source\repos\SampleProject\TestProject\UnitTestProject10\bin\Debug\UnitTestProject10.dll" adapterTypeName="Microsoft.VisualStudio.TestTools.TestTypes.Unit.UnitTestAdapter" className="UnitTestinProgress.MSTestClass2" name="MSTest_P2_580" />
    </UnitTest>
    <UnitTest name="MSTest_P2_581" storage="c:\users\navb\source\repos\sampleproject\testproject\unittestproject10\bin\debug\unittestproject10.dll" id="1cc79c2e-0aac-d055-10df-3245802c9312">
      <Execution id="d0076556-7abf-428c-9ccf-ce15f94a1157" />
      <TestMethod codeBase="C:\Users\navb\source\repos\SampleProject\TestProject\UnitTestProject10\bin\Debug\UnitTestProject10.dll" adapterTypeName="Microsoft.VisualStudio.TestTools.TestTypes.Unit.UnitTestAdapter" className="UnitTestinProgress.MSTestClass2" name="MSTest_P2_581" />
    </UnitTest>
    <UnitTest name="MSTest_P2_582" storage="c:\users\navb\source\repos\sampleproject\testproject\unittestproject10\bin\debug\unittestproject10.dll" id="00c9367a-dbeb-babf-2048-916d2acdf4f7">
      <Execution id="6d9463c1-4cc2-459f-9e8d-76ba88dbd77a" />
      <TestMethod codeBase="C:\Users\navb\source\repos\SampleProject\TestProject\UnitTestProject10\bin\Debug\UnitTestProject10.dll" adapterTypeName="Microsoft.VisualStudio.TestTools.TestTypes.Unit.UnitTestAdapter" className="UnitTestinProgress.MSTestClass2" name="MSTest_P2_582" />
    </UnitTest>
    <UnitTest name="MSTest_P2_583" storage="c:\users\navb\source\repos\sampleproject\testproject\unittestproject10\bin\debug\unittestproject10.dll" id="77fd3bc3-ca21-2bf7-1001-7b2d3bf56275">
      <Execution id="3fe7e3ec-7170-45bb-98ab-46de571502b2" />
      <TestMethod codeBase="C:\Users\navb\source\repos\SampleProject\TestProject\UnitTestProject10\bin\Debug\UnitTestProject10.dll" adapterTypeName="Microsoft.VisualStudio.TestTools.TestTypes.Unit.UnitTestAdapter" className="UnitTestinProgress.MSTestClass2" name="MSTest_P2_583" />
    </UnitTest>
    <UnitTest name="MSTest_P2_584" storage="c:\users\navb\source\repos\sampleproject\testproject\unittestproject10\bin\debug\unittestproject10.dll" id="1e875ee1-ba06-caaa-f566-d5714d44dd68">
      <Execution id="50ac6e1e-c8a7-41b2-9098-9666288519f1" />
      <TestMethod codeBase="C:\Users\navb\source\repos\SampleProject\TestProject\UnitTestProject10\bin\Debug\UnitTestProject10.dll" adapterTypeName="Microsoft.VisualStudio.TestTools.TestTypes.Unit.UnitTestAdapter" className="UnitTestinProgress.MSTestClass2" name="MSTest_P2_584" />
    </UnitTest>
    <UnitTest name="MSTest_P2_585" storage="c:\users\navb\source\repos\sampleproject\testproject\unittestproject10\bin\debug\unittestproject10.dll" id="9088f3dd-8dc4-c819-5b3a-457dd18ba798">
      <Execution id="3fe8ca5a-84b3-4106-bde6-6fea4a6df029" />
      <TestMethod codeBase="C:\Users\navb\source\repos\SampleProject\TestProject\UnitTestProject10\bin\Debug\UnitTestProject10.dll" adapterTypeName="Microsoft.VisualStudio.TestTools.TestTypes.Unit.UnitTestAdapter" className="UnitTestinProgress.MSTestClass2" name="MSTest_P2_585" />
    </UnitTest>
    <UnitTest name="MSTest_P2_586" storage="c:\users\navb\source\repos\sampleproject\testproject\unittestproject10\bin\debug\unittestproject10.dll" id="952c328e-00b2-fcd1-1c6a-978b594935a5">
      <Execution id="8f122c84-99a4-4d99-b8d6-a943f602e620" />
      <TestMethod codeBase="C:\Users\navb\source\repos\SampleProject\TestProject\UnitTestProject10\bin\Debug\UnitTestProject10.dll" adapterTypeName="Microsoft.VisualStudio.TestTools.TestTypes.Unit.UnitTestAdapter" className="UnitTestinProgress.MSTestClass2" name="MSTest_P2_586" />
    </UnitTest>
    <UnitTest name="MSTest_P2_587" storage="c:\users\navb\source\repos\sampleproject\testproject\unittestproject10\bin\debug\unittestproject10.dll" id="c596a6e3-f667-1ce9-a00b-5dac9db1c828">
      <Execution id="cc8ff63a-d997-4e4b-8224-56b7e963c6a3" />
      <TestMethod codeBase="C:\Users\navb\source\repos\SampleProject\TestProject\UnitTestProject10\bin\Debug\UnitTestProject10.dll" adapterTypeName="Microsoft.VisualStudio.TestTools.TestTypes.Unit.UnitTestAdapter" className="UnitTestinProgress.MSTestClass2" name="MSTest_P2_587" />
    </UnitTest>
    <UnitTest name="MSTest_P2_588" storage="c:\users\navb\source\repos\sampleproject\testproject\unittestproject10\bin\debug\unittestproject10.dll" id="700b7243-2131-0478-6625-11e19a3b6196">
      <Execution id="5fc833f5-20a1-4e45-84a5-98ea5e01fec0" />
      <TestMethod codeBase="C:\Users\navb\source\repos\SampleProject\TestProject\UnitTestProject10\bin\Debug\UnitTestProject10.dll" adapterTypeName="Microsoft.VisualStudio.TestTools.TestTypes.Unit.UnitTestAdapter" className="UnitTestinProgress.MSTestClass2" name="MSTest_P2_588" />
    </UnitTest>
    <UnitTest name="MSTest_P2_589" storage="c:\users\navb\source\repos\sampleproject\testproject\unittestproject10\bin\debug\unittestproject10.dll" id="5f3f9071-e72d-11e5-cfb2-09f868e8c2eb">
      <Execution id="9afb36df-c500-4350-b2de-9fa362db9a17" />
      <TestMethod codeBase="C:\Users\navb\source\repos\SampleProject\TestProject\UnitTestProject10\bin\Debug\UnitTestProject10.dll" adapterTypeName="Microsoft.VisualStudio.TestTools.TestTypes.Unit.UnitTestAdapter" className="UnitTestinProgress.MSTestClass2" name="MSTest_P2_589" />
    </UnitTest>
    <UnitTest name="MSTest_P2_590" storage="c:\users\navb\source\repos\sampleproject\testproject\unittestproject10\bin\debug\unittestproject10.dll" id="18bc6132-d4be-24ab-ba89-49edeb609383">
      <Execution id="de4b172c-f73e-476d-9215-45d39cc5a068" />
      <TestMethod codeBase="C:\Users\navb\source\repos\SampleProject\TestProject\UnitTestProject10\bin\Debug\UnitTestProject10.dll" adapterTypeName="Microsoft.VisualStudio.TestTools.TestTypes.Unit.UnitTestAdapter" className="UnitTestinProgress.MSTestClass2" name="MSTest_P2_590" />
    </UnitTest>
    <UnitTest name="MSTest_P2_591" storage="c:\users\navb\source\repos\sampleproject\testproject\unittestproject10\bin\debug\unittestproject10.dll" id="ed66a6cc-b05f-6df5-3242-4686b5f5f796">
      <Execution id="435197ef-a167-4246-a0ac-525e35cbeef3" />
      <TestMethod codeBase="C:\Users\navb\source\repos\SampleProject\TestProject\UnitTestProject10\bin\Debug\UnitTestProject10.dll" adapterTypeName="Microsoft.VisualStudio.TestTools.TestTypes.Unit.UnitTestAdapter" className="UnitTestinProgress.MSTestClass2" name="MSTest_P2_591" />
    </UnitTest>
    <UnitTest name="MSTest_P2_592" storage="c:\users\navb\source\repos\sampleproject\testproject\unittestproject10\bin\debug\unittestproject10.dll" id="ca67437b-73b8-ceef-9445-52b4b58e5290">
      <Execution id="daf98233-464f-447c-83da-32b1b7b52871" />
      <TestMethod codeBase="C:\Users\navb\source\repos\SampleProject\TestProject\UnitTestProject10\bin\Debug\UnitTestProject10.dll" adapterTypeName="Microsoft.VisualStudio.TestTools.TestTypes.Unit.UnitTestAdapter" className="UnitTestinProgress.MSTestClass2" name="MSTest_P2_592" />
    </UnitTest>
    <UnitTest name="MSTest_P2_593" storage="c:\users\navb\source\repos\sampleproject\testproject\unittestproject10\bin\debug\unittestproject10.dll" id="84c2e018-bfdb-d939-f8a3-ac81ef51563a">
      <Execution id="cb40763e-60bf-4225-af05-1ef13c829c8b" />
      <TestMethod codeBase="C:\Users\navb\source\repos\SampleProject\TestProject\UnitTestProject10\bin\Debug\UnitTestProject10.dll" adapterTypeName="Microsoft.VisualStudio.TestTools.TestTypes.Unit.UnitTestAdapter" className="UnitTestinProgress.MSTestClass2" name="MSTest_P2_593" />
    </UnitTest>
    <UnitTest name="MSTest_P2_594" storage="c:\users\navb\source\repos\sampleproject\testproject\unittestproject10\bin\debug\unittestproject10.dll" id="326669d6-1df5-ae8b-ecc8-21a451cb99e7">
      <Execution id="d62be4dd-ec79-4fe1-8587-cb072b5eb547" />
      <TestMethod codeBase="C:\Users\navb\source\repos\SampleProject\TestProject\UnitTestProject10\bin\Debug\UnitTestProject10.dll" adapterTypeName="Microsoft.VisualStudio.TestTools.TestTypes.Unit.UnitTestAdapter" className="UnitTestinProgress.MSTestClass2" name="MSTest_P2_594" />
    </UnitTest>
    <UnitTest name="MSTest_P2_595" storage="c:\users\navb\source\repos\sampleproject\testproject\unittestproject10\bin\debug\unittestproject10.dll" id="cc1e114a-7a5b-882e-d4e9-1afd637fbbff">
      <Execution id="58d846e8-4038-4c04-8b97-a4ea6d651dfe" />
      <TestMethod codeBase="C:\Users\navb\source\repos\SampleProject\TestProject\UnitTestProject10\bin\Debug\UnitTestProject10.dll" adapterTypeName="Microsoft.VisualStudio.TestTools.TestTypes.Unit.UnitTestAdapter" className="UnitTestinProgress.MSTestClass2" name="MSTest_P2_595" />
    </UnitTest>
    <UnitTest name="MSTest_P2_426" storage="c:\users\navb\source\repos\sampleproject\testproject\unittestproject10\bin\debug\unittestproject10.dll" id="98abf001-8325-724b-3646-dcd498785d7a">
      <Execution id="42bd7718-7f46-4eb3-9af0-bc0ec200df27" />
      <TestMethod codeBase="C:\Users\navb\source\repos\SampleProject\TestProject\UnitTestProject10\bin\Debug\UnitTestProject10.dll" adapterTypeName="Microsoft.VisualStudio.TestTools.TestTypes.Unit.UnitTestAdapter" className="UnitTestinProgress.MSTestClass2" name="MSTest_P2_426" />
    </UnitTest>
    <UnitTest name="MSTest_P2_427" storage="c:\users\navb\source\repos\sampleproject\testproject\unittestproject10\bin\debug\unittestproject10.dll" id="3f6eb43b-0967-1e14-7b80-9a15a48c8d89">
      <Execution id="5eebe138-93e2-4d70-bd8e-86f178fcf17d" />
      <TestMethod codeBase="C:\Users\navb\source\repos\SampleProject\TestProject\UnitTestProject10\bin\Debug\UnitTestProject10.dll" adapterTypeName="Microsoft.VisualStudio.TestTools.TestTypes.Unit.UnitTestAdapter" className="UnitTestinProgress.MSTestClass2" name="MSTest_P2_427" />
    </UnitTest>
    <UnitTest name="MSTest_P2_428" storage="c:\users\navb\source\repos\sampleproject\testproject\unittestproject10\bin\debug\unittestproject10.dll" id="4807b0ac-94b7-616f-4738-4843ed0f0eae">
      <Execution id="e86d25c8-b754-4308-b66c-9c4fe83163cf" />
      <TestMethod codeBase="C:\Users\navb\source\repos\SampleProject\TestProject\UnitTestProject10\bin\Debug\UnitTestProject10.dll" adapterTypeName="Microsoft.VisualStudio.TestTools.TestTypes.Unit.UnitTestAdapter" className="UnitTestinProgress.MSTestClass2" name="MSTest_P2_428" />
    </UnitTest>
    <UnitTest name="MSTest_P2_429" storage="c:\users\navb\source\repos\sampleproject\testproject\unittestproject10\bin\debug\unittestproject10.dll" id="82727f2a-6150-fc24-7a49-51f80cdb4987">
      <Execution id="1fe73eba-7fd4-45c6-b2bf-ca6ab4d991a1" />
      <TestMethod codeBase="C:\Users\navb\source\repos\SampleProject\TestProject\UnitTestProject10\bin\Debug\UnitTestProject10.dll" adapterTypeName="Microsoft.VisualStudio.TestTools.TestTypes.Unit.UnitTestAdapter" className="UnitTestinProgress.MSTestClass2" name="MSTest_P2_429" />
    </UnitTest>
    <UnitTest name="MSTest_P2_430" storage="c:\users\navb\source\repos\sampleproject\testproject\unittestproject10\bin\debug\unittestproject10.dll" id="6d95c5f4-22d9-e776-2353-03f6df58ff86">
      <Execution id="b3ebc39e-4a74-4776-a79d-d4f397bba6e5" />
      <TestMethod codeBase="C:\Users\navb\source\repos\SampleProject\TestProject\UnitTestProject10\bin\Debug\UnitTestProject10.dll" adapterTypeName="Microsoft.VisualStudio.TestTools.TestTypes.Unit.UnitTestAdapter" className="UnitTestinProgress.MSTestClass2" name="MSTest_P2_430" />
    </UnitTest>
    <UnitTest name="MSTest_P2_431" storage="c:\users\navb\source\repos\sampleproject\testproject\unittestproject10\bin\debug\unittestproject10.dll" id="051d2aec-46df-a900-8843-4b0d6b05afb0">
      <Execution id="9085ff31-7e97-494b-be9c-be0b3f8536e4" />
      <TestMethod codeBase="C:\Users\navb\source\repos\SampleProject\TestProject\UnitTestProject10\bin\Debug\UnitTestProject10.dll" adapterTypeName="Microsoft.VisualStudio.TestTools.TestTypes.Unit.UnitTestAdapter" className="UnitTestinProgress.MSTestClass2" name="MSTest_P2_431" />
    </UnitTest>
    <UnitTest name="MSTest_P2_432" storage="c:\users\navb\source\repos\sampleproject\testproject\unittestproject10\bin\debug\unittestproject10.dll" id="853ac102-a930-910d-cb4b-4b005698cc6d">
      <Execution id="4a7673ac-a00b-4ca2-bca0-4712d87036d3" />
      <TestMethod codeBase="C:\Users\navb\source\repos\SampleProject\TestProject\UnitTestProject10\bin\Debug\UnitTestProject10.dll" adapterTypeName="Microsoft.VisualStudio.TestTools.TestTypes.Unit.UnitTestAdapter" className="UnitTestinProgress.MSTestClass2" name="MSTest_P2_432" />
    </UnitTest>
    <UnitTest name="MSTest_P2_433" storage="c:\users\navb\source\repos\sampleproject\testproject\unittestproject10\bin\debug\unittestproject10.dll" id="47ca7fad-29cc-f160-b547-703391f4c7c1">
      <Execution id="85f26390-15ee-44c5-847e-7c27ce6f36e2" />
      <TestMethod codeBase="C:\Users\navb\source\repos\SampleProject\TestProject\UnitTestProject10\bin\Debug\UnitTestProject10.dll" adapterTypeName="Microsoft.VisualStudio.TestTools.TestTypes.Unit.UnitTestAdapter" className="UnitTestinProgress.MSTestClass2" name="MSTest_P2_433" />
    </UnitTest>
    <UnitTest name="MSTest_P2_434" storage="c:\users\navb\source\repos\sampleproject\testproject\unittestproject10\bin\debug\unittestproject10.dll" id="8b3a9ffa-bc6d-bbe3-14b1-e8f5717a3826">
      <Execution id="b93fb749-c65a-449f-adae-24844f5eb3cc" />
      <TestMethod codeBase="C:\Users\navb\source\repos\SampleProject\TestProject\UnitTestProject10\bin\Debug\UnitTestProject10.dll" adapterTypeName="Microsoft.VisualStudio.TestTools.TestTypes.Unit.UnitTestAdapter" className="UnitTestinProgress.MSTestClass2" name="MSTest_P2_434" />
    </UnitTest>
    <UnitTest name="MSTest_P2_435" storage="c:\users\navb\source\repos\sampleproject\testproject\unittestproject10\bin\debug\unittestproject10.dll" id="9f99169d-223d-c18b-81c1-2a4fc7718ff4">
      <Execution id="e98eb820-ec1a-4bf5-9282-46f7d9defe23" />
      <TestMethod codeBase="C:\Users\navb\source\repos\SampleProject\TestProject\UnitTestProject10\bin\Debug\UnitTestProject10.dll" adapterTypeName="Microsoft.VisualStudio.TestTools.TestTypes.Unit.UnitTestAdapter" className="UnitTestinProgress.MSTestClass2" name="MSTest_P2_435" />
    </UnitTest>
    <UnitTest name="MSTest_P2_436" storage="c:\users\navb\source\repos\sampleproject\testproject\unittestproject10\bin\debug\unittestproject10.dll" id="c172ec41-53cc-73e3-6f28-d49974dc4c14">
      <Execution id="9659b8e3-b515-430d-ba44-4011aee86ec8" />
      <TestMethod codeBase="C:\Users\navb\source\repos\SampleProject\TestProject\UnitTestProject10\bin\Debug\UnitTestProject10.dll" adapterTypeName="Microsoft.VisualStudio.TestTools.TestTypes.Unit.UnitTestAdapter" className="UnitTestinProgress.MSTestClass2" name="MSTest_P2_436" />
    </UnitTest>
    <UnitTest name="MSTest_P2_437" storage="c:\users\navb\source\repos\sampleproject\testproject\unittestproject10\bin\debug\unittestproject10.dll" id="f5fdd381-1fe6-8dbf-3d15-553d9c5900b7">
      <Execution id="513aab95-cf0d-404b-8aed-cabb94e8c7bb" />
      <TestMethod codeBase="C:\Users\navb\source\repos\SampleProject\TestProject\UnitTestProject10\bin\Debug\UnitTestProject10.dll" adapterTypeName="Microsoft.VisualStudio.TestTools.TestTypes.Unit.UnitTestAdapter" className="UnitTestinProgress.MSTestClass2" name="MSTest_P2_437" />
    </UnitTest>
    <UnitTest name="MSTest_P2_438" storage="c:\users\navb\source\repos\sampleproject\testproject\unittestproject10\bin\debug\unittestproject10.dll" id="a63a9b99-cb84-bafc-6c65-02b668a630ec">
      <Execution id="4907ab6c-a467-4e21-be96-a0185663cd34" />
      <TestMethod codeBase="C:\Users\navb\source\repos\SampleProject\TestProject\UnitTestProject10\bin\Debug\UnitTestProject10.dll" adapterTypeName="Microsoft.VisualStudio.TestTools.TestTypes.Unit.UnitTestAdapter" className="UnitTestinProgress.MSTestClass2" name="MSTest_P2_438" />
    </UnitTest>
    <UnitTest name="MSTest_P2_439" storage="c:\users\navb\source\repos\sampleproject\testproject\unittestproject10\bin\debug\unittestproject10.dll" id="e09e8dca-38a8-b253-db1d-83696b91edf1">
      <Execution id="46dd55c7-e1f5-43d3-bab4-93f0c412ef04" />
      <TestMethod codeBase="C:\Users\navb\source\repos\SampleProject\TestProject\UnitTestProject10\bin\Debug\UnitTestProject10.dll" adapterTypeName="Microsoft.VisualStudio.TestTools.TestTypes.Unit.UnitTestAdapter" className="UnitTestinProgress.MSTestClass2" name="MSTest_P2_439" />
    </UnitTest>
    <UnitTest name="MSTest_P2_440" storage="c:\users\navb\source\repos\sampleproject\testproject\unittestproject10\bin\debug\unittestproject10.dll" id="70220e49-de77-3dca-1307-614c51c1863d">
      <Execution id="4b28e352-0d12-4882-921f-bdab2ac666c0" />
      <TestMethod codeBase="C:\Users\navb\source\repos\SampleProject\TestProject\UnitTestProject10\bin\Debug\UnitTestProject10.dll" adapterTypeName="Microsoft.VisualStudio.TestTools.TestTypes.Unit.UnitTestAdapter" className="UnitTestinProgress.MSTestClass2" name="MSTest_P2_440" />
    </UnitTest>
    <UnitTest name="MSTest_P2_441" storage="c:\users\navb\source\repos\sampleproject\testproject\unittestproject10\bin\debug\unittestproject10.dll" id="a354306d-3554-d7a5-2e85-7b50f1eade92">
      <Execution id="028e6534-73b8-4345-9e2f-11b632daa751" />
      <TestMethod codeBase="C:\Users\navb\source\repos\SampleProject\TestProject\UnitTestProject10\bin\Debug\UnitTestProject10.dll" adapterTypeName="Microsoft.VisualStudio.TestTools.TestTypes.Unit.UnitTestAdapter" className="UnitTestinProgress.MSTestClass2" name="MSTest_P2_441" />
    </UnitTest>
    <UnitTest name="MSTest_P2_442" storage="c:\users\navb\source\repos\sampleproject\testproject\unittestproject10\bin\debug\unittestproject10.dll" id="66b442d3-e450-79e0-60a2-bc39ce3f8d01">
      <Execution id="84ca23e5-4bf7-49a6-b439-9f954e46e460" />
      <TestMethod codeBase="C:\Users\navb\source\repos\SampleProject\TestProject\UnitTestProject10\bin\Debug\UnitTestProject10.dll" adapterTypeName="Microsoft.VisualStudio.TestTools.TestTypes.Unit.UnitTestAdapter" className="UnitTestinProgress.MSTestClass2" name="MSTest_P2_442" />
    </UnitTest>
    <UnitTest name="MSTest_P2_443" storage="c:\users\navb\source\repos\sampleproject\testproject\unittestproject10\bin\debug\unittestproject10.dll" id="c135c7cb-6cf0-c617-c56f-13200e918382">
      <Execution id="0c8540e0-f2c7-434c-90e5-56e45dd743c2" />
      <TestMethod codeBase="C:\Users\navb\source\repos\SampleProject\TestProject\UnitTestProject10\bin\Debug\UnitTestProject10.dll" adapterTypeName="Microsoft.VisualStudio.TestTools.TestTypes.Unit.UnitTestAdapter" className="UnitTestinProgress.MSTestClass2" name="MSTest_P2_443" />
    </UnitTest>
    <UnitTest name="MSTest_P2_444" storage="c:\users\navb\source\repos\sampleproject\testproject\unittestproject10\bin\debug\unittestproject10.dll" id="b23a438d-564b-243a-5eff-75fb6294a6ff">
      <Execution id="4cf1fd26-afd3-4154-a5b6-b42f50ab35ab" />
      <TestMethod codeBase="C:\Users\navb\source\repos\SampleProject\TestProject\UnitTestProject10\bin\Debug\UnitTestProject10.dll" adapterTypeName="Microsoft.VisualStudio.TestTools.TestTypes.Unit.UnitTestAdapter" className="UnitTestinProgress.MSTestClass2" name="MSTest_P2_444" />
    </UnitTest>
    <UnitTest name="MSTest_P2_445" storage="c:\users\navb\source\repos\sampleproject\testproject\unittestproject10\bin\debug\unittestproject10.dll" id="c08f4ceb-c90f-e1d8-5be1-f089fb0fb815">
      <Execution id="d4baf1d6-c25d-4347-b48a-571c4f237f19" />
      <TestMethod codeBase="C:\Users\navb\source\repos\SampleProject\TestProject\UnitTestProject10\bin\Debug\UnitTestProject10.dll" adapterTypeName="Microsoft.VisualStudio.TestTools.TestTypes.Unit.UnitTestAdapter" className="UnitTestinProgress.MSTestClass2" name="MSTest_P2_445" />
    </UnitTest>
    <UnitTest name="MSTest_P2_446" storage="c:\users\navb\source\repos\sampleproject\testproject\unittestproject10\bin\debug\unittestproject10.dll" id="3ae9efa9-0f57-fd3d-f153-53ac3fa0c046">
      <Execution id="7398f077-f546-4f03-81d6-e5ee85c4cb64" />
      <TestMethod codeBase="C:\Users\navb\source\repos\SampleProject\TestProject\UnitTestProject10\bin\Debug\UnitTestProject10.dll" adapterTypeName="Microsoft.VisualStudio.TestTools.TestTypes.Unit.UnitTestAdapter" className="UnitTestinProgress.MSTestClass2" name="MSTest_P2_446" />
    </UnitTest>
    <UnitTest name="MSTest_P2_447" storage="c:\users\navb\source\repos\sampleproject\testproject\unittestproject10\bin\debug\unittestproject10.dll" id="06ae0461-9d74-dd4d-90dc-a32067cf74a2">
      <Execution id="e4f98445-cea7-435c-919f-aa59c8eda54b" />
      <TestMethod codeBase="C:\Users\navb\source\repos\SampleProject\TestProject\UnitTestProject10\bin\Debug\UnitTestProject10.dll" adapterTypeName="Microsoft.VisualStudio.TestTools.TestTypes.Unit.UnitTestAdapter" className="UnitTestinProgress.MSTestClass2" name="MSTest_P2_447" />
    </UnitTest>
    <UnitTest name="MSTest_P2_448" storage="c:\users\navb\source\repos\sampleproject\testproject\unittestproject10\bin\debug\unittestproject10.dll" id="995b1b41-31ab-128a-aea4-2fd901ef9d76">
      <Execution id="800ca639-655e-488b-9213-645ac787f078" />
      <TestMethod codeBase="C:\Users\navb\source\repos\SampleProject\TestProject\UnitTestProject10\bin\Debug\UnitTestProject10.dll" adapterTypeName="Microsoft.VisualStudio.TestTools.TestTypes.Unit.UnitTestAdapter" className="UnitTestinProgress.MSTestClass2" name="MSTest_P2_448" />
    </UnitTest>
    <UnitTest name="MSTest_P2_449" storage="c:\users\navb\source\repos\sampleproject\testproject\unittestproject10\bin\debug\unittestproject10.dll" id="92028143-5c4d-f92e-9f1c-fab0fe4c46ea">
      <Execution id="700a8084-32e1-478d-a422-d15873d936a1" />
      <TestMethod codeBase="C:\Users\navb\source\repos\SampleProject\TestProject\UnitTestProject10\bin\Debug\UnitTestProject10.dll" adapterTypeName="Microsoft.VisualStudio.TestTools.TestTypes.Unit.UnitTestAdapter" className="UnitTestinProgress.MSTestClass2" name="MSTest_P2_449" />
    </UnitTest>
    <UnitTest name="MSTest_P2_450" storage="c:\users\navb\source\repos\sampleproject\testproject\unittestproject10\bin\debug\unittestproject10.dll" id="536c7789-65f0-cc9e-9a3c-5594f88058a0">
      <Execution id="5392791c-4297-477f-a8aa-5ec176aa7efe" />
      <TestMethod codeBase="C:\Users\navb\source\repos\SampleProject\TestProject\UnitTestProject10\bin\Debug\UnitTestProject10.dll" adapterTypeName="Microsoft.VisualStudio.TestTools.TestTypes.Unit.UnitTestAdapter" className="UnitTestinProgress.MSTestClass2" name="MSTest_P2_450" />
    </UnitTest>
    <UnitTest name="MSTest_P2_451" storage="c:\users\navb\source\repos\sampleproject\testproject\unittestproject10\bin\debug\unittestproject10.dll" id="52fdf3e5-d45c-67f0-da0c-581a3ef09293">
      <Execution id="1023938f-1442-4c40-9fff-8e0b7101338b" />
      <TestMethod codeBase="C:\Users\navb\source\repos\SampleProject\TestProject\UnitTestProject10\bin\Debug\UnitTestProject10.dll" adapterTypeName="Microsoft.VisualStudio.TestTools.TestTypes.Unit.UnitTestAdapter" className="UnitTestinProgress.MSTestClass2" name="MSTest_P2_451" />
    </UnitTest>
    <UnitTest name="MSTest_P2_452" storage="c:\users\navb\source\repos\sampleproject\testproject\unittestproject10\bin\debug\unittestproject10.dll" id="9632a146-a6fa-ed81-ae55-f2da442c134b">
      <Execution id="ba16e7a3-0f9d-4e13-95b1-64c95605b231" />
      <TestMethod codeBase="C:\Users\navb\source\repos\SampleProject\TestProject\UnitTestProject10\bin\Debug\UnitTestProject10.dll" adapterTypeName="Microsoft.VisualStudio.TestTools.TestTypes.Unit.UnitTestAdapter" className="UnitTestinProgress.MSTestClass2" name="MSTest_P2_452" />
    </UnitTest>
    <UnitTest name="MSTest_P2_453" storage="c:\users\navb\source\repos\sampleproject\testproject\unittestproject10\bin\debug\unittestproject10.dll" id="1d1c66f0-a2f8-2f67-22d7-039b57e19a76">
      <Execution id="239ddd3f-f2c1-4343-ab98-ae9a54325fe9" />
      <TestMethod codeBase="C:\Users\navb\source\repos\SampleProject\TestProject\UnitTestProject10\bin\Debug\UnitTestProject10.dll" adapterTypeName="Microsoft.VisualStudio.TestTools.TestTypes.Unit.UnitTestAdapter" className="UnitTestinProgress.MSTestClass2" name="MSTest_P2_453" />
    </UnitTest>
    <UnitTest name="MSTest_P2_454" storage="c:\users\navb\source\repos\sampleproject\testproject\unittestproject10\bin\debug\unittestproject10.dll" id="c74913f5-c1ba-6065-4362-e98345b9f046">
      <Execution id="582dad26-ddde-4cf8-8cfb-8a7959282bcb" />
      <TestMethod codeBase="C:\Users\navb\source\repos\SampleProject\TestProject\UnitTestProject10\bin\Debug\UnitTestProject10.dll" adapterTypeName="Microsoft.VisualStudio.TestTools.TestTypes.Unit.UnitTestAdapter" className="UnitTestinProgress.MSTestClass2" name="MSTest_P2_454" />
    </UnitTest>
    <UnitTest name="MSTest_P2_455" storage="c:\users\navb\source\repos\sampleproject\testproject\unittestproject10\bin\debug\unittestproject10.dll" id="714bb07d-6f85-d601-64dc-8a3200fea50a">
      <Execution id="38601d68-86ee-41da-bda4-999c65fdbf6e" />
      <TestMethod codeBase="C:\Users\navb\source\repos\SampleProject\TestProject\UnitTestProject10\bin\Debug\UnitTestProject10.dll" adapterTypeName="Microsoft.VisualStudio.TestTools.TestTypes.Unit.UnitTestAdapter" className="UnitTestinProgress.MSTestClass2" name="MSTest_P2_455" />
    </UnitTest>
    <UnitTest name="MSTest_P2_456" storage="c:\users\navb\source\repos\sampleproject\testproject\unittestproject10\bin\debug\unittestproject10.dll" id="be81fa0c-04e5-7399-ab09-abd6ced13edd">
      <Execution id="f23aa6a3-f0aa-497a-8e60-8665630b22a2" />
      <TestMethod codeBase="C:\Users\navb\source\repos\SampleProject\TestProject\UnitTestProject10\bin\Debug\UnitTestProject10.dll" adapterTypeName="Microsoft.VisualStudio.TestTools.TestTypes.Unit.UnitTestAdapter" className="UnitTestinProgress.MSTestClass2" name="MSTest_P2_456" />
    </UnitTest>
    <UnitTest name="MSTest_P2_457" storage="c:\users\navb\source\repos\sampleproject\testproject\unittestproject10\bin\debug\unittestproject10.dll" id="91b2e486-f476-2fce-3021-5f3f62d6ec99">
      <Execution id="3b7a9a86-2131-4c36-96bb-c5329ab70d90" />
      <TestMethod codeBase="C:\Users\navb\source\repos\SampleProject\TestProject\UnitTestProject10\bin\Debug\UnitTestProject10.dll" adapterTypeName="Microsoft.VisualStudio.TestTools.TestTypes.Unit.UnitTestAdapter" className="UnitTestinProgress.MSTestClass2" name="MSTest_P2_457" />
    </UnitTest>
    <UnitTest name="MSTest_P2_458" storage="c:\users\navb\source\repos\sampleproject\testproject\unittestproject10\bin\debug\unittestproject10.dll" id="3ca499ad-79a2-a4fc-016a-09cb45b7be8b">
      <Execution id="28f91c4b-d759-4708-9917-eed54f85049a" />
      <TestMethod codeBase="C:\Users\navb\source\repos\SampleProject\TestProject\UnitTestProject10\bin\Debug\UnitTestProject10.dll" adapterTypeName="Microsoft.VisualStudio.TestTools.TestTypes.Unit.UnitTestAdapter" className="UnitTestinProgress.MSTestClass2" name="MSTest_P2_458" />
    </UnitTest>
    <UnitTest name="MSTest_P2_459" storage="c:\users\navb\source\repos\sampleproject\testproject\unittestproject10\bin\debug\unittestproject10.dll" id="645453de-3af8-5680-24b6-9a48f0ec9ad1">
      <Execution id="f08b4f83-1f07-45a0-9404-6885b46b000e" />
      <TestMethod codeBase="C:\Users\navb\source\repos\SampleProject\TestProject\UnitTestProject10\bin\Debug\UnitTestProject10.dll" adapterTypeName="Microsoft.VisualStudio.TestTools.TestTypes.Unit.UnitTestAdapter" className="UnitTestinProgress.MSTestClass2" name="MSTest_P2_459" />
    </UnitTest>
    <UnitTest name="MSTest_P2_460" storage="c:\users\navb\source\repos\sampleproject\testproject\unittestproject10\bin\debug\unittestproject10.dll" id="2116128f-bd05-d04d-944b-ae686315656e">
      <Execution id="79910bf9-c1a4-4543-8a3e-9951fd44af3a" />
      <TestMethod codeBase="C:\Users\navb\source\repos\SampleProject\TestProject\UnitTestProject10\bin\Debug\UnitTestProject10.dll" adapterTypeName="Microsoft.VisualStudio.TestTools.TestTypes.Unit.UnitTestAdapter" className="UnitTestinProgress.MSTestClass2" name="MSTest_P2_460" />
    </UnitTest>
    <UnitTest name="MSTest_P2_461" storage="c:\users\navb\source\repos\sampleproject\testproject\unittestproject10\bin\debug\unittestproject10.dll" id="fe492bb4-196c-30bb-1de0-08ba17379422">
      <Execution id="8aa4e666-a96c-4b6a-8e8e-3f20b9455106" />
      <TestMethod codeBase="C:\Users\navb\source\repos\SampleProject\TestProject\UnitTestProject10\bin\Debug\UnitTestProject10.dll" adapterTypeName="Microsoft.VisualStudio.TestTools.TestTypes.Unit.UnitTestAdapter" className="UnitTestinProgress.MSTestClass2" name="MSTest_P2_461" />
    </UnitTest>
    <UnitTest name="MSTest_P2_462" storage="c:\users\navb\source\repos\sampleproject\testproject\unittestproject10\bin\debug\unittestproject10.dll" id="cb4b0772-9322-b512-e163-7e2405e65afb">
      <Execution id="210fee48-c7d2-457c-945f-a440d385462e" />
      <TestMethod codeBase="C:\Users\navb\source\repos\SampleProject\TestProject\UnitTestProject10\bin\Debug\UnitTestProject10.dll" adapterTypeName="Microsoft.VisualStudio.TestTools.TestTypes.Unit.UnitTestAdapter" className="UnitTestinProgress.MSTestClass2" name="MSTest_P2_462" />
    </UnitTest>
    <UnitTest name="MSTest_P2_463" storage="c:\users\navb\source\repos\sampleproject\testproject\unittestproject10\bin\debug\unittestproject10.dll" id="0feabef6-a770-66f9-4f17-2499656ced96">
      <Execution id="3edf907b-1a7e-4b7c-a9b0-6f2ae35a8827" />
      <TestMethod codeBase="C:\Users\navb\source\repos\SampleProject\TestProject\UnitTestProject10\bin\Debug\UnitTestProject10.dll" adapterTypeName="Microsoft.VisualStudio.TestTools.TestTypes.Unit.UnitTestAdapter" className="UnitTestinProgress.MSTestClass2" name="MSTest_P2_463" />
    </UnitTest>
    <UnitTest name="MSTest_P2_464" storage="c:\users\navb\source\repos\sampleproject\testproject\unittestproject10\bin\debug\unittestproject10.dll" id="dd927e15-9c1a-2c89-1c91-207f0d0e1885">
      <Execution id="e5eea73a-d3e0-4e14-8dda-86271c8a224f" />
      <TestMethod codeBase="C:\Users\navb\source\repos\SampleProject\TestProject\UnitTestProject10\bin\Debug\UnitTestProject10.dll" adapterTypeName="Microsoft.VisualStudio.TestTools.TestTypes.Unit.UnitTestAdapter" className="UnitTestinProgress.MSTestClass2" name="MSTest_P2_464" />
    </UnitTest>
    <UnitTest name="MSTest_P2_465" storage="c:\users\navb\source\repos\sampleproject\testproject\unittestproject10\bin\debug\unittestproject10.dll" id="9bddd9ee-d50f-982a-0247-909118f3a809">
      <Execution id="1c8e135e-50c0-4839-9543-f66f0791a17d" />
      <TestMethod codeBase="C:\Users\navb\source\repos\SampleProject\TestProject\UnitTestProject10\bin\Debug\UnitTestProject10.dll" adapterTypeName="Microsoft.VisualStudio.TestTools.TestTypes.Unit.UnitTestAdapter" className="UnitTestinProgress.MSTestClass2" name="MSTest_P2_465" />
    </UnitTest>
    <UnitTest name="MSTest_P2_466" storage="c:\users\navb\source\repos\sampleproject\testproject\unittestproject10\bin\debug\unittestproject10.dll" id="f75d3395-7975-98cd-c26f-7f15f3350ea8">
      <Execution id="a5d34eec-8226-4fb2-873e-2c5bd40424d3" />
      <TestMethod codeBase="C:\Users\navb\source\repos\SampleProject\TestProject\UnitTestProject10\bin\Debug\UnitTestProject10.dll" adapterTypeName="Microsoft.VisualStudio.TestTools.TestTypes.Unit.UnitTestAdapter" className="UnitTestinProgress.MSTestClass2" name="MSTest_P2_466" />
    </UnitTest>
    <UnitTest name="MSTest_P2_467" storage="c:\users\navb\source\repos\sampleproject\testproject\unittestproject10\bin\debug\unittestproject10.dll" id="9426df83-15fa-eb90-64ac-269d710dfca2">
      <Execution id="111bfb9d-e133-4828-901e-fd0d5ce1de36" />
      <TestMethod codeBase="C:\Users\navb\source\repos\SampleProject\TestProject\UnitTestProject10\bin\Debug\UnitTestProject10.dll" adapterTypeName="Microsoft.VisualStudio.TestTools.TestTypes.Unit.UnitTestAdapter" className="UnitTestinProgress.MSTestClass2" name="MSTest_P2_467" />
    </UnitTest>
    <UnitTest name="MSTest_P2_468" storage="c:\users\navb\source\repos\sampleproject\testproject\unittestproject10\bin\debug\unittestproject10.dll" id="c0bebc5f-e62c-cb07-513e-8a2cbcedc92a">
      <Execution id="d00922a8-5353-4536-a7e8-c9a9656bf794" />
      <TestMethod codeBase="C:\Users\navb\source\repos\SampleProject\TestProject\UnitTestProject10\bin\Debug\UnitTestProject10.dll" adapterTypeName="Microsoft.VisualStudio.TestTools.TestTypes.Unit.UnitTestAdapter" className="UnitTestinProgress.MSTestClass2" name="MSTest_P2_468" />
    </UnitTest>
    <UnitTest name="MSTest_P2_469" storage="c:\users\navb\source\repos\sampleproject\testproject\unittestproject10\bin\debug\unittestproject10.dll" id="4b34b8a9-be9f-e614-67a3-d646e0b0a9ef">
      <Execution id="d29b034c-a0cc-4349-9b26-bb630f35eacb" />
      <TestMethod codeBase="C:\Users\navb\source\repos\SampleProject\TestProject\UnitTestProject10\bin\Debug\UnitTestProject10.dll" adapterTypeName="Microsoft.VisualStudio.TestTools.TestTypes.Unit.UnitTestAdapter" className="UnitTestinProgress.MSTestClass2" name="MSTest_P2_469" />
    </UnitTest>
    <UnitTest name="MSTest_P2_470" storage="c:\users\navb\source\repos\sampleproject\testproject\unittestproject10\bin\debug\unittestproject10.dll" id="80c59539-1248-8085-a707-e41b5a0d5237">
      <Execution id="b0b4d6dc-7283-4b51-b6fb-93c84cd78ff3" />
      <TestMethod codeBase="C:\Users\navb\source\repos\SampleProject\TestProject\UnitTestProject10\bin\Debug\UnitTestProject10.dll" adapterTypeName="Microsoft.VisualStudio.TestTools.TestTypes.Unit.UnitTestAdapter" className="UnitTestinProgress.MSTestClass2" name="MSTest_P2_470" />
    </UnitTest>
    <UnitTest name="MSTest_P2_471" storage="c:\users\navb\source\repos\sampleproject\testproject\unittestproject10\bin\debug\unittestproject10.dll" id="bbf16cbc-6612-ff34-30a2-1ede195f818c">
      <Execution id="e884aece-af0a-4833-8a21-c98f4a3fd4b2" />
      <TestMethod codeBase="C:\Users\navb\source\repos\SampleProject\TestProject\UnitTestProject10\bin\Debug\UnitTestProject10.dll" adapterTypeName="Microsoft.VisualStudio.TestTools.TestTypes.Unit.UnitTestAdapter" className="UnitTestinProgress.MSTestClass2" name="MSTest_P2_471" />
    </UnitTest>
    <UnitTest name="MSTest_P2_472" storage="c:\users\navb\source\repos\sampleproject\testproject\unittestproject10\bin\debug\unittestproject10.dll" id="e268b3c0-20a8-47d4-74ce-4367ac595cc9">
      <Execution id="2edc3f04-3201-4532-8302-3745a446f96c" />
      <TestMethod codeBase="C:\Users\navb\source\repos\SampleProject\TestProject\UnitTestProject10\bin\Debug\UnitTestProject10.dll" adapterTypeName="Microsoft.VisualStudio.TestTools.TestTypes.Unit.UnitTestAdapter" className="UnitTestinProgress.MSTestClass2" name="MSTest_P2_472" />
    </UnitTest>
    <UnitTest name="MSTest_P2_473" storage="c:\users\navb\source\repos\sampleproject\testproject\unittestproject10\bin\debug\unittestproject10.dll" id="6230eb1f-0fa8-af17-a896-736e6e5512eb">
      <Execution id="6a28364d-3d6c-4acf-b27d-192b944ce7dc" />
      <TestMethod codeBase="C:\Users\navb\source\repos\SampleProject\TestProject\UnitTestProject10\bin\Debug\UnitTestProject10.dll" adapterTypeName="Microsoft.VisualStudio.TestTools.TestTypes.Unit.UnitTestAdapter" className="UnitTestinProgress.MSTestClass2" name="MSTest_P2_473" />
    </UnitTest>
    <UnitTest name="MSTest_P2_474" storage="c:\users\navb\source\repos\sampleproject\testproject\unittestproject10\bin\debug\unittestproject10.dll" id="c45a225d-5f7b-8685-de59-ffcb22ada015">
      <Execution id="aafce6b9-dbbb-4bbf-a0d7-dd2fcd45eaba" />
      <TestMethod codeBase="C:\Users\navb\source\repos\SampleProject\TestProject\UnitTestProject10\bin\Debug\UnitTestProject10.dll" adapterTypeName="Microsoft.VisualStudio.TestTools.TestTypes.Unit.UnitTestAdapter" className="UnitTestinProgress.MSTestClass2" name="MSTest_P2_474" />
    </UnitTest>
    <UnitTest name="MSTest_P2_475" storage="c:\users\navb\source\repos\sampleproject\testproject\unittestproject10\bin\debug\unittestproject10.dll" id="28d5663d-76d1-0add-7ee1-80f8978fd5b0">
      <Execution id="ee5515a9-1390-442f-894b-4b4742e9d227" />
      <TestMethod codeBase="C:\Users\navb\source\repos\SampleProject\TestProject\UnitTestProject10\bin\Debug\UnitTestProject10.dll" adapterTypeName="Microsoft.VisualStudio.TestTools.TestTypes.Unit.UnitTestAdapter" className="UnitTestinProgress.MSTestClass2" name="MSTest_P2_475" />
    </UnitTest>
    <UnitTest name="MSTest_P2_476" storage="c:\users\navb\source\repos\sampleproject\testproject\unittestproject10\bin\debug\unittestproject10.dll" id="80affa90-a1cc-ad37-27a1-45c35a04f9bd">
      <Execution id="152b95ca-2cb6-4836-883e-09a8fb0b40a3" />
      <TestMethod codeBase="C:\Users\navb\source\repos\SampleProject\TestProject\UnitTestProject10\bin\Debug\UnitTestProject10.dll" adapterTypeName="Microsoft.VisualStudio.TestTools.TestTypes.Unit.UnitTestAdapter" className="UnitTestinProgress.MSTestClass2" name="MSTest_P2_476" />
    </UnitTest>
    <UnitTest name="MSTest_P2_477" storage="c:\users\navb\source\repos\sampleproject\testproject\unittestproject10\bin\debug\unittestproject10.dll" id="dd19c9f9-18aa-a808-174b-881674af5471">
      <Execution id="5a8f1a2a-b77c-45a6-adb4-b83c060d51a7" />
      <TestMethod codeBase="C:\Users\navb\source\repos\SampleProject\TestProject\UnitTestProject10\bin\Debug\UnitTestProject10.dll" adapterTypeName="Microsoft.VisualStudio.TestTools.TestTypes.Unit.UnitTestAdapter" className="UnitTestinProgress.MSTestClass2" name="MSTest_P2_477" />
    </UnitTest>
    <UnitTest name="MSTest_P2_478" storage="c:\users\navb\source\repos\sampleproject\testproject\unittestproject10\bin\debug\unittestproject10.dll" id="0dbd7403-9dd6-4dff-a0e3-46bbd75cf75e">
      <Execution id="fa9310a3-8e85-47a5-8161-25c41f21568f" />
      <TestMethod codeBase="C:\Users\navb\source\repos\SampleProject\TestProject\UnitTestProject10\bin\Debug\UnitTestProject10.dll" adapterTypeName="Microsoft.VisualStudio.TestTools.TestTypes.Unit.UnitTestAdapter" className="UnitTestinProgress.MSTestClass2" name="MSTest_P2_478" />
    </UnitTest>
    <UnitTest name="MSTest_P2_479" storage="c:\users\navb\source\repos\sampleproject\testproject\unittestproject10\bin\debug\unittestproject10.dll" id="96c73f9f-94e0-7dbe-be67-3a4c7db52436">
      <Execution id="ce3fa14a-b5c6-4c09-be5d-7a2c13f158b9" />
      <TestMethod codeBase="C:\Users\navb\source\repos\SampleProject\TestProject\UnitTestProject10\bin\Debug\UnitTestProject10.dll" adapterTypeName="Microsoft.VisualStudio.TestTools.TestTypes.Unit.UnitTestAdapter" className="UnitTestinProgress.MSTestClass2" name="MSTest_P2_479" />
    </UnitTest>
    <UnitTest name="MSTest_P2_480" storage="c:\users\navb\source\repos\sampleproject\testproject\unittestproject10\bin\debug\unittestproject10.dll" id="b7ac8b6b-7155-d77c-cc18-eb6e6aff73b4">
      <Execution id="43f612e9-9fe8-439c-a99d-d3cc3680ad1f" />
      <TestMethod codeBase="C:\Users\navb\source\repos\SampleProject\TestProject\UnitTestProject10\bin\Debug\UnitTestProject10.dll" adapterTypeName="Microsoft.VisualStudio.TestTools.TestTypes.Unit.UnitTestAdapter" className="UnitTestinProgress.MSTestClass2" name="MSTest_P2_480" />
    </UnitTest>
    <UnitTest name="MSTest_P2_481" storage="c:\users\navb\source\repos\sampleproject\testproject\unittestproject10\bin\debug\unittestproject10.dll" id="3263c152-da27-ad6c-a526-b9eabbfeaedd">
      <Execution id="c4c97aa8-ba88-4a95-bcbe-3cbd51459a5b" />
      <TestMethod codeBase="C:\Users\navb\source\repos\SampleProject\TestProject\UnitTestProject10\bin\Debug\UnitTestProject10.dll" adapterTypeName="Microsoft.VisualStudio.TestTools.TestTypes.Unit.UnitTestAdapter" className="UnitTestinProgress.MSTestClass2" name="MSTest_P2_481" />
    </UnitTest>
    <UnitTest name="MSTest_P2_482" storage="c:\users\navb\source\repos\sampleproject\testproject\unittestproject10\bin\debug\unittestproject10.dll" id="6d1bb024-6f99-7210-a639-ebc6c7f528df">
      <Execution id="701f6e03-049a-4606-8328-3a45e637b016" />
      <TestMethod codeBase="C:\Users\navb\source\repos\SampleProject\TestProject\UnitTestProject10\bin\Debug\UnitTestProject10.dll" adapterTypeName="Microsoft.VisualStudio.TestTools.TestTypes.Unit.UnitTestAdapter" className="UnitTestinProgress.MSTestClass2" name="MSTest_P2_482" />
    </UnitTest>
    <UnitTest name="MSTest_P2_483" storage="c:\users\navb\source\repos\sampleproject\testproject\unittestproject10\bin\debug\unittestproject10.dll" id="f4e1ac4c-c96e-4d89-9674-af16364cc8fb">
      <Execution id="486e021e-f796-497f-b02f-f35303ed0d8f" />
      <TestMethod codeBase="C:\Users\navb\source\repos\SampleProject\TestProject\UnitTestProject10\bin\Debug\UnitTestProject10.dll" adapterTypeName="Microsoft.VisualStudio.TestTools.TestTypes.Unit.UnitTestAdapter" className="UnitTestinProgress.MSTestClass2" name="MSTest_P2_483" />
    </UnitTest>
    <UnitTest name="MSTest_P2_484" storage="c:\users\navb\source\repos\sampleproject\testproject\unittestproject10\bin\debug\unittestproject10.dll" id="15d01901-447d-0737-a91d-9bfaf7e6c85e">
      <Execution id="6e7d4639-23dc-4a10-800b-f8c7fe3a136b" />
      <TestMethod codeBase="C:\Users\navb\source\repos\SampleProject\TestProject\UnitTestProject10\bin\Debug\UnitTestProject10.dll" adapterTypeName="Microsoft.VisualStudio.TestTools.TestTypes.Unit.UnitTestAdapter" className="UnitTestinProgress.MSTestClass2" name="MSTest_P2_484" />
    </UnitTest>
    <UnitTest name="MSTest_P2_485" storage="c:\users\navb\source\repos\sampleproject\testproject\unittestproject10\bin\debug\unittestproject10.dll" id="54a5bf8c-3322-8eb7-8f1d-05b3d0308872">
      <Execution id="f5f8aa19-32a3-4961-9b5d-f081e6e384f9" />
      <TestMethod codeBase="C:\Users\navb\source\repos\SampleProject\TestProject\UnitTestProject10\bin\Debug\UnitTestProject10.dll" adapterTypeName="Microsoft.VisualStudio.TestTools.TestTypes.Unit.UnitTestAdapter" className="UnitTestinProgress.MSTestClass2" name="MSTest_P2_485" />
    </UnitTest>
    <UnitTest name="MSTest_P2_486" storage="c:\users\navb\source\repos\sampleproject\testproject\unittestproject10\bin\debug\unittestproject10.dll" id="37a99259-be0e-2d37-bce1-b438fd5cc781">
      <Execution id="b4d84dd2-62c9-4143-bfef-4a7533facc81" />
      <TestMethod codeBase="C:\Users\navb\source\repos\SampleProject\TestProject\UnitTestProject10\bin\Debug\UnitTestProject10.dll" adapterTypeName="Microsoft.VisualStudio.TestTools.TestTypes.Unit.UnitTestAdapter" className="UnitTestinProgress.MSTestClass2" name="MSTest_P2_486" />
    </UnitTest>
    <UnitTest name="MSTest_P2_487" storage="c:\users\navb\source\repos\sampleproject\testproject\unittestproject10\bin\debug\unittestproject10.dll" id="1469177e-21fb-2cad-8783-0585c25d35e7">
      <Execution id="2f6636bd-fd68-4a0d-bb86-76e69423a670" />
      <TestMethod codeBase="C:\Users\navb\source\repos\SampleProject\TestProject\UnitTestProject10\bin\Debug\UnitTestProject10.dll" adapterTypeName="Microsoft.VisualStudio.TestTools.TestTypes.Unit.UnitTestAdapter" className="UnitTestinProgress.MSTestClass2" name="MSTest_P2_487" />
    </UnitTest>
    <UnitTest name="MSTest_P2_488" storage="c:\users\navb\source\repos\sampleproject\testproject\unittestproject10\bin\debug\unittestproject10.dll" id="5baeedab-e797-7b40-a6ae-834a7cc350ea">
      <Execution id="5d3ec6be-b4cd-4ccf-ba44-bf9d04f14878" />
      <TestMethod codeBase="C:\Users\navb\source\repos\SampleProject\TestProject\UnitTestProject10\bin\Debug\UnitTestProject10.dll" adapterTypeName="Microsoft.VisualStudio.TestTools.TestTypes.Unit.UnitTestAdapter" className="UnitTestinProgress.MSTestClass2" name="MSTest_P2_488" />
    </UnitTest>
    <UnitTest name="MSTest_P2_489" storage="c:\users\navb\source\repos\sampleproject\testproject\unittestproject10\bin\debug\unittestproject10.dll" id="2a3b49f1-8eff-a750-af47-87580658dad3">
      <Execution id="aa476949-a8b8-4e41-9777-e6b09d31e6e3" />
      <TestMethod codeBase="C:\Users\navb\source\repos\SampleProject\TestProject\UnitTestProject10\bin\Debug\UnitTestProject10.dll" adapterTypeName="Microsoft.VisualStudio.TestTools.TestTypes.Unit.UnitTestAdapter" className="UnitTestinProgress.MSTestClass2" name="MSTest_P2_489" />
    </UnitTest>
    <UnitTest name="MSTest_P2_490" storage="c:\users\navb\source\repos\sampleproject\testproject\unittestproject10\bin\debug\unittestproject10.dll" id="b798cb2c-7dd9-9186-45a2-73058772e102">
      <Execution id="843b5a42-7ef0-4d63-a9d7-1b99262c7edb" />
      <TestMethod codeBase="C:\Users\navb\source\repos\SampleProject\TestProject\UnitTestProject10\bin\Debug\UnitTestProject10.dll" adapterTypeName="Microsoft.VisualStudio.TestTools.TestTypes.Unit.UnitTestAdapter" className="UnitTestinProgress.MSTestClass2" name="MSTest_P2_490" />
    </UnitTest>
    <UnitTest name="MSTest_P2_491" storage="c:\users\navb\source\repos\sampleproject\testproject\unittestproject10\bin\debug\unittestproject10.dll" id="28035d2e-eb28-2623-1fa1-fdbd34dbc94b">
      <Execution id="cd00fe53-7fc2-4b6f-98b0-31159937f120" />
      <TestMethod codeBase="C:\Users\navb\source\repos\SampleProject\TestProject\UnitTestProject10\bin\Debug\UnitTestProject10.dll" adapterTypeName="Microsoft.VisualStudio.TestTools.TestTypes.Unit.UnitTestAdapter" className="UnitTestinProgress.MSTestClass2" name="MSTest_P2_491" />
    </UnitTest>
    <UnitTest name="MSTest_P2_492" storage="c:\users\navb\source\repos\sampleproject\testproject\unittestproject10\bin\debug\unittestproject10.dll" id="1cddb1c6-2737-cdb0-f6ab-72a1d1eec2bf">
      <Execution id="5b1c1c8a-fe73-474d-8881-11f6ee1f9ce0" />
      <TestMethod codeBase="C:\Users\navb\source\repos\SampleProject\TestProject\UnitTestProject10\bin\Debug\UnitTestProject10.dll" adapterTypeName="Microsoft.VisualStudio.TestTools.TestTypes.Unit.UnitTestAdapter" className="UnitTestinProgress.MSTestClass2" name="MSTest_P2_492" />
    </UnitTest>
    <UnitTest name="MSTest_P2_493" storage="c:\users\navb\source\repos\sampleproject\testproject\unittestproject10\bin\debug\unittestproject10.dll" id="ee765a9d-2af9-df39-3d95-52ab4c9dda25">
      <Execution id="730ece5d-aaa5-4b0a-bfa9-70663e19e76d" />
      <TestMethod codeBase="C:\Users\navb\source\repos\SampleProject\TestProject\UnitTestProject10\bin\Debug\UnitTestProject10.dll" adapterTypeName="Microsoft.VisualStudio.TestTools.TestTypes.Unit.UnitTestAdapter" className="UnitTestinProgress.MSTestClass2" name="MSTest_P2_493" />
    </UnitTest>
    <UnitTest name="MSTest_P2_494" storage="c:\users\navb\source\repos\sampleproject\testproject\unittestproject10\bin\debug\unittestproject10.dll" id="dbdf77cb-29a2-b577-cb96-dbfdcd5991c5">
      <Execution id="fbac7f90-5c6a-45ae-a441-a49f9c1b146c" />
      <TestMethod codeBase="C:\Users\navb\source\repos\SampleProject\TestProject\UnitTestProject10\bin\Debug\UnitTestProject10.dll" adapterTypeName="Microsoft.VisualStudio.TestTools.TestTypes.Unit.UnitTestAdapter" className="UnitTestinProgress.MSTestClass2" name="MSTest_P2_494" />
    </UnitTest>
    <UnitTest name="MSTest_P2_495" storage="c:\users\navb\source\repos\sampleproject\testproject\unittestproject10\bin\debug\unittestproject10.dll" id="d6cd9f0e-db54-6a7f-25c6-c577ea5412aa">
      <Execution id="91838932-d110-4f6d-8e8c-450ab4a47579" />
      <TestMethod codeBase="C:\Users\navb\source\repos\SampleProject\TestProject\UnitTestProject10\bin\Debug\UnitTestProject10.dll" adapterTypeName="Microsoft.VisualStudio.TestTools.TestTypes.Unit.UnitTestAdapter" className="UnitTestinProgress.MSTestClass2" name="MSTest_P2_495" />
    </UnitTest>
    <UnitTest name="MSTest_P2_496" storage="c:\users\navb\source\repos\sampleproject\testproject\unittestproject10\bin\debug\unittestproject10.dll" id="d7840737-7c8f-bc7b-3fd1-dc1ce4501a1b">
      <Execution id="ce9169d4-557a-458b-ba0b-789040ac82c8" />
      <TestMethod codeBase="C:\Users\navb\source\repos\SampleProject\TestProject\UnitTestProject10\bin\Debug\UnitTestProject10.dll" adapterTypeName="Microsoft.VisualStudio.TestTools.TestTypes.Unit.UnitTestAdapter" className="UnitTestinProgress.MSTestClass2" name="MSTest_P2_496" />
    </UnitTest>
    <UnitTest name="MSTest_P2_497" storage="c:\users\navb\source\repos\sampleproject\testproject\unittestproject10\bin\debug\unittestproject10.dll" id="63b798a9-ff20-3cfc-6009-707250402baa">
      <Execution id="4d87da3e-f172-4a82-8e29-caf5d93496d5" />
      <TestMethod codeBase="C:\Users\navb\source\repos\SampleProject\TestProject\UnitTestProject10\bin\Debug\UnitTestProject10.dll" adapterTypeName="Microsoft.VisualStudio.TestTools.TestTypes.Unit.UnitTestAdapter" className="UnitTestinProgress.MSTestClass2" name="MSTest_P2_497" />
    </UnitTest>
    <UnitTest name="MSTest_P2_498" storage="c:\users\navb\source\repos\sampleproject\testproject\unittestproject10\bin\debug\unittestproject10.dll" id="ed5d5abb-6d54-799d-7be4-f374cad9b015">
      <Execution id="fabae8cc-a792-4497-a20d-01f68c5aba07" />
      <TestMethod codeBase="C:\Users\navb\source\repos\SampleProject\TestProject\UnitTestProject10\bin\Debug\UnitTestProject10.dll" adapterTypeName="Microsoft.VisualStudio.TestTools.TestTypes.Unit.UnitTestAdapter" className="UnitTestinProgress.MSTestClass2" name="MSTest_P2_498" />
    </UnitTest>
    <UnitTest name="MSTest_P2_499" storage="c:\users\navb\source\repos\sampleproject\testproject\unittestproject10\bin\debug\unittestproject10.dll" id="92ff6d93-c925-b3b6-824d-6b4e430f0703">
      <Execution id="74864d17-2f9b-42b4-a09c-a6758bd401db" />
      <TestMethod codeBase="C:\Users\navb\source\repos\SampleProject\TestProject\UnitTestProject10\bin\Debug\UnitTestProject10.dll" adapterTypeName="Microsoft.VisualStudio.TestTools.TestTypes.Unit.UnitTestAdapter" className="UnitTestinProgress.MSTestClass2" name="MSTest_P2_499" />
    </UnitTest>
    <UnitTest name="MSTest_P2_500" storage="c:\users\navb\source\repos\sampleproject\testproject\unittestproject10\bin\debug\unittestproject10.dll" id="8ce34ccd-a3ff-74e1-2c20-e6cd5611ebce">
      <Execution id="a11f3b5f-2ac0-4efb-8ff3-5b094739ba65" />
      <TestMethod codeBase="C:\Users\navb\source\repos\SampleProject\TestProject\UnitTestProject10\bin\Debug\UnitTestProject10.dll" adapterTypeName="Microsoft.VisualStudio.TestTools.TestTypes.Unit.UnitTestAdapter" className="UnitTestinProgress.MSTestClass2" name="MSTest_P2_500" />
    </UnitTest>
    <UnitTest name="MSTest_P2_501" storage="c:\users\navb\source\repos\sampleproject\testproject\unittestproject10\bin\debug\unittestproject10.dll" id="785dc9f4-be06-efe4-aa9b-c29866d4a494">
      <Execution id="bb0ed159-f49f-48f4-a832-dfdac845747c" />
      <TestMethod codeBase="C:\Users\navb\source\repos\SampleProject\TestProject\UnitTestProject10\bin\Debug\UnitTestProject10.dll" adapterTypeName="Microsoft.VisualStudio.TestTools.TestTypes.Unit.UnitTestAdapter" className="UnitTestinProgress.MSTestClass2" name="MSTest_P2_501" />
    </UnitTest>
    <UnitTest name="MSTest_P2_502" storage="c:\users\navb\source\repos\sampleproject\testproject\unittestproject10\bin\debug\unittestproject10.dll" id="2a7dc3b8-0735-5975-df64-9fd05b060591">
      <Execution id="0dc6722f-adc2-4442-8f05-32fdb0f12e01" />
      <TestMethod codeBase="C:\Users\navb\source\repos\SampleProject\TestProject\UnitTestProject10\bin\Debug\UnitTestProject10.dll" adapterTypeName="Microsoft.VisualStudio.TestTools.TestTypes.Unit.UnitTestAdapter" className="UnitTestinProgress.MSTestClass2" name="MSTest_P2_502" />
    </UnitTest>
    <UnitTest name="MSTest_P2_503" storage="c:\users\navb\source\repos\sampleproject\testproject\unittestproject10\bin\debug\unittestproject10.dll" id="a89bd473-283b-555c-2eda-f2d076a10703">
      <Execution id="4ac65b18-f4bf-4d89-9b27-557dae50270a" />
      <TestMethod codeBase="C:\Users\navb\source\repos\SampleProject\TestProject\UnitTestProject10\bin\Debug\UnitTestProject10.dll" adapterTypeName="Microsoft.VisualStudio.TestTools.TestTypes.Unit.UnitTestAdapter" className="UnitTestinProgress.MSTestClass2" name="MSTest_P2_503" />
    </UnitTest>
    <UnitTest name="MSTest_P2_504" storage="c:\users\navb\source\repos\sampleproject\testproject\unittestproject10\bin\debug\unittestproject10.dll" id="abeb1545-7e38-cd9f-897f-dd86c83fc793">
      <Execution id="68b34c57-b150-43d7-9fb2-4fdf5d67d2ff" />
      <TestMethod codeBase="C:\Users\navb\source\repos\SampleProject\TestProject\UnitTestProject10\bin\Debug\UnitTestProject10.dll" adapterTypeName="Microsoft.VisualStudio.TestTools.TestTypes.Unit.UnitTestAdapter" className="UnitTestinProgress.MSTestClass2" name="MSTest_P2_504" />
    </UnitTest>
    <UnitTest name="MSTest_P2_505" storage="c:\users\navb\source\repos\sampleproject\testproject\unittestproject10\bin\debug\unittestproject10.dll" id="3a0d195e-cbff-df92-9494-c6e926df71b2">
      <Execution id="540b4a43-c821-46db-b698-fc549e081984" />
      <TestMethod codeBase="C:\Users\navb\source\repos\SampleProject\TestProject\UnitTestProject10\bin\Debug\UnitTestProject10.dll" adapterTypeName="Microsoft.VisualStudio.TestTools.TestTypes.Unit.UnitTestAdapter" className="UnitTestinProgress.MSTestClass2" name="MSTest_P2_505" />
    </UnitTest>
    <UnitTest name="MSTest_P2_506" storage="c:\users\navb\source\repos\sampleproject\testproject\unittestproject10\bin\debug\unittestproject10.dll" id="39d1f3ab-acfa-005e-f27e-c324d815f97b">
      <Execution id="f7a88de8-6466-4e32-8959-4a1182414643" />
      <TestMethod codeBase="C:\Users\navb\source\repos\SampleProject\TestProject\UnitTestProject10\bin\Debug\UnitTestProject10.dll" adapterTypeName="Microsoft.VisualStudio.TestTools.TestTypes.Unit.UnitTestAdapter" className="UnitTestinProgress.MSTestClass2" name="MSTest_P2_506" />
    </UnitTest>
    <UnitTest name="MSTest_P2_507" storage="c:\users\navb\source\repos\sampleproject\testproject\unittestproject10\bin\debug\unittestproject10.dll" id="7888aaaa-dfdf-1e97-dcc0-e084ff4f6d57">
      <Execution id="57ada998-a407-434f-805b-392676bcdec4" />
      <TestMethod codeBase="C:\Users\navb\source\repos\SampleProject\TestProject\UnitTestProject10\bin\Debug\UnitTestProject10.dll" adapterTypeName="Microsoft.VisualStudio.TestTools.TestTypes.Unit.UnitTestAdapter" className="UnitTestinProgress.MSTestClass2" name="MSTest_P2_507" />
    </UnitTest>
    <UnitTest name="MSTest_P2_508" storage="c:\users\navb\source\repos\sampleproject\testproject\unittestproject10\bin\debug\unittestproject10.dll" id="0c81670c-b54e-bbca-db1f-4f3fe2275eb7">
      <Execution id="a5248c85-86d4-475e-beda-dded2b900d6f" />
      <TestMethod codeBase="C:\Users\navb\source\repos\SampleProject\TestProject\UnitTestProject10\bin\Debug\UnitTestProject10.dll" adapterTypeName="Microsoft.VisualStudio.TestTools.TestTypes.Unit.UnitTestAdapter" className="UnitTestinProgress.MSTestClass2" name="MSTest_P2_508" />
    </UnitTest>
    <UnitTest name="MSTest_P2_509" storage="c:\users\navb\source\repos\sampleproject\testproject\unittestproject10\bin\debug\unittestproject10.dll" id="3e9ac3fe-1069-e460-18cb-375dee03f3ab">
      <Execution id="2791b694-e3fd-4653-885c-4c52628e9cc7" />
      <TestMethod codeBase="C:\Users\navb\source\repos\SampleProject\TestProject\UnitTestProject10\bin\Debug\UnitTestProject10.dll" adapterTypeName="Microsoft.VisualStudio.TestTools.TestTypes.Unit.UnitTestAdapter" className="UnitTestinProgress.MSTestClass2" name="MSTest_P2_509" />
    </UnitTest>
    <UnitTest name="MSTest_P2_510" storage="c:\users\navb\source\repos\sampleproject\testproject\unittestproject10\bin\debug\unittestproject10.dll" id="35ebe54b-0991-677a-a114-9e999fa4c9ed">
      <Execution id="d1818362-76d8-49c3-b3e3-4580a710454b" />
      <TestMethod codeBase="C:\Users\navb\source\repos\SampleProject\TestProject\UnitTestProject10\bin\Debug\UnitTestProject10.dll" adapterTypeName="Microsoft.VisualStudio.TestTools.TestTypes.Unit.UnitTestAdapter" className="UnitTestinProgress.MSTestClass2" name="MSTest_P2_510" />
    </UnitTest>
    <UnitTest name="MSTest_P2_341" storage="c:\users\navb\source\repos\sampleproject\testproject\unittestproject10\bin\debug\unittestproject10.dll" id="b42a90cd-c7db-8045-b783-42cfcb6d58b1">
      <Execution id="c6936c7a-ab93-44bc-96da-79ac5dfa9efd" />
      <TestMethod codeBase="C:\Users\navb\source\repos\SampleProject\TestProject\UnitTestProject10\bin\Debug\UnitTestProject10.dll" adapterTypeName="Microsoft.VisualStudio.TestTools.TestTypes.Unit.UnitTestAdapter" className="UnitTestinProgress.MSTestClass2" name="MSTest_P2_341" />
    </UnitTest>
    <UnitTest name="MSTest_P2_342" storage="c:\users\navb\source\repos\sampleproject\testproject\unittestproject10\bin\debug\unittestproject10.dll" id="2f040462-f386-fa17-cea6-542b7f377e87">
      <Execution id="0e6e7970-0d62-489a-a6e1-68d8330601df" />
      <TestMethod codeBase="C:\Users\navb\source\repos\SampleProject\TestProject\UnitTestProject10\bin\Debug\UnitTestProject10.dll" adapterTypeName="Microsoft.VisualStudio.TestTools.TestTypes.Unit.UnitTestAdapter" className="UnitTestinProgress.MSTestClass2" name="MSTest_P2_342" />
    </UnitTest>
    <UnitTest name="MSTest_P2_343" storage="c:\users\navb\source\repos\sampleproject\testproject\unittestproject10\bin\debug\unittestproject10.dll" id="b3289586-16e2-de14-36e6-635c5a01a2a7">
      <Execution id="ad0976f8-d4cd-4022-9a77-4776a9178a46" />
      <TestMethod codeBase="C:\Users\navb\source\repos\SampleProject\TestProject\UnitTestProject10\bin\Debug\UnitTestProject10.dll" adapterTypeName="Microsoft.VisualStudio.TestTools.TestTypes.Unit.UnitTestAdapter" className="UnitTestinProgress.MSTestClass2" name="MSTest_P2_343" />
    </UnitTest>
    <UnitTest name="MSTest_P2_344" storage="c:\users\navb\source\repos\sampleproject\testproject\unittestproject10\bin\debug\unittestproject10.dll" id="f096824d-40cd-717f-e88d-86435808c17f">
      <Execution id="0c2c22d3-781e-4925-9900-fbf7b90086dc" />
      <TestMethod codeBase="C:\Users\navb\source\repos\SampleProject\TestProject\UnitTestProject10\bin\Debug\UnitTestProject10.dll" adapterTypeName="Microsoft.VisualStudio.TestTools.TestTypes.Unit.UnitTestAdapter" className="UnitTestinProgress.MSTestClass2" name="MSTest_P2_344" />
    </UnitTest>
    <UnitTest name="MSTest_P2_345" storage="c:\users\navb\source\repos\sampleproject\testproject\unittestproject10\bin\debug\unittestproject10.dll" id="8da97cd2-880c-f4d0-fc40-f3e35ed402f2">
      <Execution id="43353288-be40-4f49-a100-cdb53860b278" />
      <TestMethod codeBase="C:\Users\navb\source\repos\SampleProject\TestProject\UnitTestProject10\bin\Debug\UnitTestProject10.dll" adapterTypeName="Microsoft.VisualStudio.TestTools.TestTypes.Unit.UnitTestAdapter" className="UnitTestinProgress.MSTestClass2" name="MSTest_P2_345" />
    </UnitTest>
    <UnitTest name="MSTest_P2_346" storage="c:\users\navb\source\repos\sampleproject\testproject\unittestproject10\bin\debug\unittestproject10.dll" id="2fcdfbf0-8e6e-d5cd-3a26-45ff947f28f9">
      <Execution id="9b8a15e6-9445-4504-b00d-0101837aeb69" />
      <TestMethod codeBase="C:\Users\navb\source\repos\SampleProject\TestProject\UnitTestProject10\bin\Debug\UnitTestProject10.dll" adapterTypeName="Microsoft.VisualStudio.TestTools.TestTypes.Unit.UnitTestAdapter" className="UnitTestinProgress.MSTestClass2" name="MSTest_P2_346" />
    </UnitTest>
    <UnitTest name="MSTest_P2_347" storage="c:\users\navb\source\repos\sampleproject\testproject\unittestproject10\bin\debug\unittestproject10.dll" id="261da64a-35d8-fc7c-9d86-4d9bc391b081">
      <Execution id="358c91f1-fee8-453f-ad3a-2d7a236c8e96" />
      <TestMethod codeBase="C:\Users\navb\source\repos\SampleProject\TestProject\UnitTestProject10\bin\Debug\UnitTestProject10.dll" adapterTypeName="Microsoft.VisualStudio.TestTools.TestTypes.Unit.UnitTestAdapter" className="UnitTestinProgress.MSTestClass2" name="MSTest_P2_347" />
    </UnitTest>
    <UnitTest name="MSTest_P2_348" storage="c:\users\navb\source\repos\sampleproject\testproject\unittestproject10\bin\debug\unittestproject10.dll" id="e57af493-2346-52f4-cc88-1804a63fe825">
      <Execution id="09999923-20fa-4a84-bd8c-9f8c1de34ab0" />
      <TestMethod codeBase="C:\Users\navb\source\repos\SampleProject\TestProject\UnitTestProject10\bin\Debug\UnitTestProject10.dll" adapterTypeName="Microsoft.VisualStudio.TestTools.TestTypes.Unit.UnitTestAdapter" className="UnitTestinProgress.MSTestClass2" name="MSTest_P2_348" />
    </UnitTest>
    <UnitTest name="MSTest_P2_349" storage="c:\users\navb\source\repos\sampleproject\testproject\unittestproject10\bin\debug\unittestproject10.dll" id="d92d8cf9-a667-6491-f73f-b1bfb0d022ec">
      <Execution id="140a3fbd-870a-4763-bcde-1c1964723b9a" />
      <TestMethod codeBase="C:\Users\navb\source\repos\SampleProject\TestProject\UnitTestProject10\bin\Debug\UnitTestProject10.dll" adapterTypeName="Microsoft.VisualStudio.TestTools.TestTypes.Unit.UnitTestAdapter" className="UnitTestinProgress.MSTestClass2" name="MSTest_P2_349" />
    </UnitTest>
    <UnitTest name="MSTest_P2_350" storage="c:\users\navb\source\repos\sampleproject\testproject\unittestproject10\bin\debug\unittestproject10.dll" id="cccd6b29-c0bb-520c-ad4f-12b880e60af8">
      <Execution id="75b69663-40c0-461f-897a-51062ba93845" />
      <TestMethod codeBase="C:\Users\navb\source\repos\SampleProject\TestProject\UnitTestProject10\bin\Debug\UnitTestProject10.dll" adapterTypeName="Microsoft.VisualStudio.TestTools.TestTypes.Unit.UnitTestAdapter" className="UnitTestinProgress.MSTestClass2" name="MSTest_P2_350" />
    </UnitTest>
    <UnitTest name="MSTest_P2_351" storage="c:\users\navb\source\repos\sampleproject\testproject\unittestproject10\bin\debug\unittestproject10.dll" id="aaae3d70-046d-f051-b5b4-eb62d01ad4bf">
      <Execution id="7b134613-8878-4b31-b7db-74324e9be60a" />
      <TestMethod codeBase="C:\Users\navb\source\repos\SampleProject\TestProject\UnitTestProject10\bin\Debug\UnitTestProject10.dll" adapterTypeName="Microsoft.VisualStudio.TestTools.TestTypes.Unit.UnitTestAdapter" className="UnitTestinProgress.MSTestClass2" name="MSTest_P2_351" />
    </UnitTest>
    <UnitTest name="MSTest_P2_352" storage="c:\users\navb\source\repos\sampleproject\testproject\unittestproject10\bin\debug\unittestproject10.dll" id="0c94a7d8-eb7f-8919-c44f-e9081f669d04">
      <Execution id="a9bb4e67-0b6f-47ed-8c42-2ebc8b3fc363" />
      <TestMethod codeBase="C:\Users\navb\source\repos\SampleProject\TestProject\UnitTestProject10\bin\Debug\UnitTestProject10.dll" adapterTypeName="Microsoft.VisualStudio.TestTools.TestTypes.Unit.UnitTestAdapter" className="UnitTestinProgress.MSTestClass2" name="MSTest_P2_352" />
    </UnitTest>
    <UnitTest name="MSTest_P2_353" storage="c:\users\navb\source\repos\sampleproject\testproject\unittestproject10\bin\debug\unittestproject10.dll" id="e2ae9a98-04d2-06b2-1d1e-1288e302b2f5">
      <Execution id="b97f7fb1-0bc4-42a9-9e7d-8d429bbf61c5" />
      <TestMethod codeBase="C:\Users\navb\source\repos\SampleProject\TestProject\UnitTestProject10\bin\Debug\UnitTestProject10.dll" adapterTypeName="Microsoft.VisualStudio.TestTools.TestTypes.Unit.UnitTestAdapter" className="UnitTestinProgress.MSTestClass2" name="MSTest_P2_353" />
    </UnitTest>
    <UnitTest name="MSTest_P2_354" storage="c:\users\navb\source\repos\sampleproject\testproject\unittestproject10\bin\debug\unittestproject10.dll" id="cff6766d-a1d5-959d-443d-276615b97e94">
      <Execution id="8ff3b58e-a53b-4d22-b96d-db200f66b482" />
      <TestMethod codeBase="C:\Users\navb\source\repos\SampleProject\TestProject\UnitTestProject10\bin\Debug\UnitTestProject10.dll" adapterTypeName="Microsoft.VisualStudio.TestTools.TestTypes.Unit.UnitTestAdapter" className="UnitTestinProgress.MSTestClass2" name="MSTest_P2_354" />
    </UnitTest>
    <UnitTest name="MSTest_P2_355" storage="c:\users\navb\source\repos\sampleproject\testproject\unittestproject10\bin\debug\unittestproject10.dll" id="8b8ceab0-29d2-58ce-53d0-5c811244c0d8">
      <Execution id="69e711f0-fd7e-497d-8cf5-ee9641351731" />
      <TestMethod codeBase="C:\Users\navb\source\repos\SampleProject\TestProject\UnitTestProject10\bin\Debug\UnitTestProject10.dll" adapterTypeName="Microsoft.VisualStudio.TestTools.TestTypes.Unit.UnitTestAdapter" className="UnitTestinProgress.MSTestClass2" name="MSTest_P2_355" />
    </UnitTest>
    <UnitTest name="MSTest_P2_356" storage="c:\users\navb\source\repos\sampleproject\testproject\unittestproject10\bin\debug\unittestproject10.dll" id="ad5a0e91-8c30-5d3f-dd6a-3a5ed0699272">
      <Execution id="ba9aa01c-0d88-4e61-abaa-0390f1b00b24" />
      <TestMethod codeBase="C:\Users\navb\source\repos\SampleProject\TestProject\UnitTestProject10\bin\Debug\UnitTestProject10.dll" adapterTypeName="Microsoft.VisualStudio.TestTools.TestTypes.Unit.UnitTestAdapter" className="UnitTestinProgress.MSTestClass2" name="MSTest_P2_356" />
    </UnitTest>
    <UnitTest name="MSTest_P2_357" storage="c:\users\navb\source\repos\sampleproject\testproject\unittestproject10\bin\debug\unittestproject10.dll" id="9a50cf54-d2da-b725-6a58-109d8be2c84f">
      <Execution id="f9d159a6-154f-475d-aae1-7bad97a3a6be" />
      <TestMethod codeBase="C:\Users\navb\source\repos\SampleProject\TestProject\UnitTestProject10\bin\Debug\UnitTestProject10.dll" adapterTypeName="Microsoft.VisualStudio.TestTools.TestTypes.Unit.UnitTestAdapter" className="UnitTestinProgress.MSTestClass2" name="MSTest_P2_357" />
    </UnitTest>
    <UnitTest name="MSTest_P2_358" storage="c:\users\navb\source\repos\sampleproject\testproject\unittestproject10\bin\debug\unittestproject10.dll" id="a006f8fc-4a91-b9c9-ca82-88969fd63533">
      <Execution id="bf2a6319-fb5c-4a1d-81e4-1a996068be40" />
      <TestMethod codeBase="C:\Users\navb\source\repos\SampleProject\TestProject\UnitTestProject10\bin\Debug\UnitTestProject10.dll" adapterTypeName="Microsoft.VisualStudio.TestTools.TestTypes.Unit.UnitTestAdapter" className="UnitTestinProgress.MSTestClass2" name="MSTest_P2_358" />
    </UnitTest>
    <UnitTest name="MSTest_P2_359" storage="c:\users\navb\source\repos\sampleproject\testproject\unittestproject10\bin\debug\unittestproject10.dll" id="cc7f4aa0-49ea-ec9e-9069-676b0f8bcfc6">
      <Execution id="3f147d7e-9f70-4b17-a7fd-317ae88a641b" />
      <TestMethod codeBase="C:\Users\navb\source\repos\SampleProject\TestProject\UnitTestProject10\bin\Debug\UnitTestProject10.dll" adapterTypeName="Microsoft.VisualStudio.TestTools.TestTypes.Unit.UnitTestAdapter" className="UnitTestinProgress.MSTestClass2" name="MSTest_P2_359" />
    </UnitTest>
    <UnitTest name="MSTest_P2_360" storage="c:\users\navb\source\repos\sampleproject\testproject\unittestproject10\bin\debug\unittestproject10.dll" id="b57fa639-5fb9-0830-da2d-85c248573397">
      <Execution id="85cfce46-c4c8-4985-a765-297c7acb2173" />
      <TestMethod codeBase="C:\Users\navb\source\repos\SampleProject\TestProject\UnitTestProject10\bin\Debug\UnitTestProject10.dll" adapterTypeName="Microsoft.VisualStudio.TestTools.TestTypes.Unit.UnitTestAdapter" className="UnitTestinProgress.MSTestClass2" name="MSTest_P2_360" />
    </UnitTest>
    <UnitTest name="MSTest_P2_361" storage="c:\users\navb\source\repos\sampleproject\testproject\unittestproject10\bin\debug\unittestproject10.dll" id="a13cdf1d-5ea0-e21c-19f3-f8483190ffb4">
      <Execution id="3b6f9191-166d-472a-9192-c99081766cc5" />
      <TestMethod codeBase="C:\Users\navb\source\repos\SampleProject\TestProject\UnitTestProject10\bin\Debug\UnitTestProject10.dll" adapterTypeName="Microsoft.VisualStudio.TestTools.TestTypes.Unit.UnitTestAdapter" className="UnitTestinProgress.MSTestClass2" name="MSTest_P2_361" />
    </UnitTest>
    <UnitTest name="MSTest_P2_362" storage="c:\users\navb\source\repos\sampleproject\testproject\unittestproject10\bin\debug\unittestproject10.dll" id="c4c6663c-b8b8-36ee-cc44-da0d09c1eeb5">
      <Execution id="f2f24d7a-6130-4818-9237-a5175696a742" />
      <TestMethod codeBase="C:\Users\navb\source\repos\SampleProject\TestProject\UnitTestProject10\bin\Debug\UnitTestProject10.dll" adapterTypeName="Microsoft.VisualStudio.TestTools.TestTypes.Unit.UnitTestAdapter" className="UnitTestinProgress.MSTestClass2" name="MSTest_P2_362" />
    </UnitTest>
    <UnitTest name="MSTest_P2_363" storage="c:\users\navb\source\repos\sampleproject\testproject\unittestproject10\bin\debug\unittestproject10.dll" id="85f059df-ab48-015f-9079-68bce7e7081a">
      <Execution id="dc7b4212-3450-4d42-bb7b-708671f05c73" />
      <TestMethod codeBase="C:\Users\navb\source\repos\SampleProject\TestProject\UnitTestProject10\bin\Debug\UnitTestProject10.dll" adapterTypeName="Microsoft.VisualStudio.TestTools.TestTypes.Unit.UnitTestAdapter" className="UnitTestinProgress.MSTestClass2" name="MSTest_P2_363" />
    </UnitTest>
    <UnitTest name="MSTest_P2_364" storage="c:\users\navb\source\repos\sampleproject\testproject\unittestproject10\bin\debug\unittestproject10.dll" id="c958c197-9663-ac85-ff46-f793549f39b7">
      <Execution id="e083baa6-c20a-43bd-872c-fc532036e005" />
      <TestMethod codeBase="C:\Users\navb\source\repos\SampleProject\TestProject\UnitTestProject10\bin\Debug\UnitTestProject10.dll" adapterTypeName="Microsoft.VisualStudio.TestTools.TestTypes.Unit.UnitTestAdapter" className="UnitTestinProgress.MSTestClass2" name="MSTest_P2_364" />
    </UnitTest>
    <UnitTest name="MSTest_P2_365" storage="c:\users\navb\source\repos\sampleproject\testproject\unittestproject10\bin\debug\unittestproject10.dll" id="86d33541-0c9d-bf01-4588-941c72e5d2db">
      <Execution id="3e348939-5bb3-4959-9ae0-618c0ad2ffe7" />
      <TestMethod codeBase="C:\Users\navb\source\repos\SampleProject\TestProject\UnitTestProject10\bin\Debug\UnitTestProject10.dll" adapterTypeName="Microsoft.VisualStudio.TestTools.TestTypes.Unit.UnitTestAdapter" className="UnitTestinProgress.MSTestClass2" name="MSTest_P2_365" />
    </UnitTest>
    <UnitTest name="MSTest_P2_366" storage="c:\users\navb\source\repos\sampleproject\testproject\unittestproject10\bin\debug\unittestproject10.dll" id="29245ba5-4fb2-06bc-c20f-6cdfae14cbc2">
      <Execution id="2b79895a-56f9-4eb8-93b7-bdb011d07321" />
      <TestMethod codeBase="C:\Users\navb\source\repos\SampleProject\TestProject\UnitTestProject10\bin\Debug\UnitTestProject10.dll" adapterTypeName="Microsoft.VisualStudio.TestTools.TestTypes.Unit.UnitTestAdapter" className="UnitTestinProgress.MSTestClass2" name="MSTest_P2_366" />
    </UnitTest>
    <UnitTest name="MSTest_P2_367" storage="c:\users\navb\source\repos\sampleproject\testproject\unittestproject10\bin\debug\unittestproject10.dll" id="b5b533a4-53dc-72cb-3571-2d794c9a324a">
      <Execution id="5d76817a-b2a9-454a-951b-e56fe5309d6f" />
      <TestMethod codeBase="C:\Users\navb\source\repos\SampleProject\TestProject\UnitTestProject10\bin\Debug\UnitTestProject10.dll" adapterTypeName="Microsoft.VisualStudio.TestTools.TestTypes.Unit.UnitTestAdapter" className="UnitTestinProgress.MSTestClass2" name="MSTest_P2_367" />
    </UnitTest>
    <UnitTest name="MSTest_P2_368" storage="c:\users\navb\source\repos\sampleproject\testproject\unittestproject10\bin\debug\unittestproject10.dll" id="168656cc-c388-569b-4f5a-f872fa91fb0c">
      <Execution id="f7b5b067-cfdf-4596-a3c2-a5b4fd1516ac" />
      <TestMethod codeBase="C:\Users\navb\source\repos\SampleProject\TestProject\UnitTestProject10\bin\Debug\UnitTestProject10.dll" adapterTypeName="Microsoft.VisualStudio.TestTools.TestTypes.Unit.UnitTestAdapter" className="UnitTestinProgress.MSTestClass2" name="MSTest_P2_368" />
    </UnitTest>
    <UnitTest name="MSTest_P2_369" storage="c:\users\navb\source\repos\sampleproject\testproject\unittestproject10\bin\debug\unittestproject10.dll" id="762b1e7e-d51b-958a-e187-36e32a2e639a">
      <Execution id="cfab0d21-48b9-4ce6-98e4-dc6102283124" />
      <TestMethod codeBase="C:\Users\navb\source\repos\SampleProject\TestProject\UnitTestProject10\bin\Debug\UnitTestProject10.dll" adapterTypeName="Microsoft.VisualStudio.TestTools.TestTypes.Unit.UnitTestAdapter" className="UnitTestinProgress.MSTestClass2" name="MSTest_P2_369" />
    </UnitTest>
    <UnitTest name="MSTest_P2_370" storage="c:\users\navb\source\repos\sampleproject\testproject\unittestproject10\bin\debug\unittestproject10.dll" id="b4928c47-746b-0d95-a4af-76487a813ea1">
      <Execution id="8b2c7301-2eff-41c6-8cd1-f0d1c051d1d9" />
      <TestMethod codeBase="C:\Users\navb\source\repos\SampleProject\TestProject\UnitTestProject10\bin\Debug\UnitTestProject10.dll" adapterTypeName="Microsoft.VisualStudio.TestTools.TestTypes.Unit.UnitTestAdapter" className="UnitTestinProgress.MSTestClass2" name="MSTest_P2_370" />
    </UnitTest>
    <UnitTest name="MSTest_P2_371" storage="c:\users\navb\source\repos\sampleproject\testproject\unittestproject10\bin\debug\unittestproject10.dll" id="a566e3cd-a227-b21d-5140-00ed38f5b13c">
      <Execution id="0627a9fa-7641-401b-ae1e-5551a06e3642" />
      <TestMethod codeBase="C:\Users\navb\source\repos\SampleProject\TestProject\UnitTestProject10\bin\Debug\UnitTestProject10.dll" adapterTypeName="Microsoft.VisualStudio.TestTools.TestTypes.Unit.UnitTestAdapter" className="UnitTestinProgress.MSTestClass2" name="MSTest_P2_371" />
    </UnitTest>
    <UnitTest name="MSTest_P2_372" storage="c:\users\navb\source\repos\sampleproject\testproject\unittestproject10\bin\debug\unittestproject10.dll" id="4285ecbd-ab23-0fc3-1154-3f64e08e6358">
      <Execution id="d1ccaa3a-5193-407c-acd0-d7d3c9c92119" />
      <TestMethod codeBase="C:\Users\navb\source\repos\SampleProject\TestProject\UnitTestProject10\bin\Debug\UnitTestProject10.dll" adapterTypeName="Microsoft.VisualStudio.TestTools.TestTypes.Unit.UnitTestAdapter" className="UnitTestinProgress.MSTestClass2" name="MSTest_P2_372" />
    </UnitTest>
    <UnitTest name="MSTest_P2_373" storage="c:\users\navb\source\repos\sampleproject\testproject\unittestproject10\bin\debug\unittestproject10.dll" id="573004a9-b189-9f27-d738-0e7542d4598e">
      <Execution id="d3582ac0-313b-4a16-aa23-7eb80dd4f97c" />
      <TestMethod codeBase="C:\Users\navb\source\repos\SampleProject\TestProject\UnitTestProject10\bin\Debug\UnitTestProject10.dll" adapterTypeName="Microsoft.VisualStudio.TestTools.TestTypes.Unit.UnitTestAdapter" className="UnitTestinProgress.MSTestClass2" name="MSTest_P2_373" />
    </UnitTest>
    <UnitTest name="MSTest_P2_374" storage="c:\users\navb\source\repos\sampleproject\testproject\unittestproject10\bin\debug\unittestproject10.dll" id="fcb9f9cb-8bff-4410-2cbd-9f2d9e730c99">
      <Execution id="1dbd151e-b18b-49c6-9fbb-6be6cd2c845b" />
      <TestMethod codeBase="C:\Users\navb\source\repos\SampleProject\TestProject\UnitTestProject10\bin\Debug\UnitTestProject10.dll" adapterTypeName="Microsoft.VisualStudio.TestTools.TestTypes.Unit.UnitTestAdapter" className="UnitTestinProgress.MSTestClass2" name="MSTest_P2_374" />
    </UnitTest>
    <UnitTest name="MSTest_P2_375" storage="c:\users\navb\source\repos\sampleproject\testproject\unittestproject10\bin\debug\unittestproject10.dll" id="a46eadae-e5a3-0fd4-d6c8-6fe01f360833">
      <Execution id="c288a8a3-962a-431f-8d24-fa92ecb7fc86" />
      <TestMethod codeBase="C:\Users\navb\source\repos\SampleProject\TestProject\UnitTestProject10\bin\Debug\UnitTestProject10.dll" adapterTypeName="Microsoft.VisualStudio.TestTools.TestTypes.Unit.UnitTestAdapter" className="UnitTestinProgress.MSTestClass2" name="MSTest_P2_375" />
    </UnitTest>
    <UnitTest name="MSTest_P2_376" storage="c:\users\navb\source\repos\sampleproject\testproject\unittestproject10\bin\debug\unittestproject10.dll" id="1babfa2a-0cf6-9ecf-517c-830806d0794f">
      <Execution id="a4a1f289-09e7-4c69-a3e3-37b66b86cd3a" />
      <TestMethod codeBase="C:\Users\navb\source\repos\SampleProject\TestProject\UnitTestProject10\bin\Debug\UnitTestProject10.dll" adapterTypeName="Microsoft.VisualStudio.TestTools.TestTypes.Unit.UnitTestAdapter" className="UnitTestinProgress.MSTestClass2" name="MSTest_P2_376" />
    </UnitTest>
    <UnitTest name="MSTest_P2_377" storage="c:\users\navb\source\repos\sampleproject\testproject\unittestproject10\bin\debug\unittestproject10.dll" id="df2a9d0e-a274-5910-744b-a0366c312806">
      <Execution id="7bf025e9-9377-43eb-ab29-e16f3180a990" />
      <TestMethod codeBase="C:\Users\navb\source\repos\SampleProject\TestProject\UnitTestProject10\bin\Debug\UnitTestProject10.dll" adapterTypeName="Microsoft.VisualStudio.TestTools.TestTypes.Unit.UnitTestAdapter" className="UnitTestinProgress.MSTestClass2" name="MSTest_P2_377" />
    </UnitTest>
    <UnitTest name="MSTest_P2_378" storage="c:\users\navb\source\repos\sampleproject\testproject\unittestproject10\bin\debug\unittestproject10.dll" id="6488116c-bc89-3940-6845-6622d85e58aa">
      <Execution id="86d3579c-88d3-481c-b253-e9fa65fad865" />
      <TestMethod codeBase="C:\Users\navb\source\repos\SampleProject\TestProject\UnitTestProject10\bin\Debug\UnitTestProject10.dll" adapterTypeName="Microsoft.VisualStudio.TestTools.TestTypes.Unit.UnitTestAdapter" className="UnitTestinProgress.MSTestClass2" name="MSTest_P2_378" />
    </UnitTest>
    <UnitTest name="MSTest_P2_379" storage="c:\users\navb\source\repos\sampleproject\testproject\unittestproject10\bin\debug\unittestproject10.dll" id="e566dee5-3807-7605-348b-d344cf004cc2">
      <Execution id="94a42dc1-2bd7-47be-9e5e-f7ff037c4706" />
      <TestMethod codeBase="C:\Users\navb\source\repos\SampleProject\TestProject\UnitTestProject10\bin\Debug\UnitTestProject10.dll" adapterTypeName="Microsoft.VisualStudio.TestTools.TestTypes.Unit.UnitTestAdapter" className="UnitTestinProgress.MSTestClass2" name="MSTest_P2_379" />
    </UnitTest>
    <UnitTest name="MSTest_P2_380" storage="c:\users\navb\source\repos\sampleproject\testproject\unittestproject10\bin\debug\unittestproject10.dll" id="a1e6eaef-4c12-584e-5f6a-216a53e665a4">
      <Execution id="a2fdfe77-4143-4c41-95ba-2ee979884580" />
      <TestMethod codeBase="C:\Users\navb\source\repos\SampleProject\TestProject\UnitTestProject10\bin\Debug\UnitTestProject10.dll" adapterTypeName="Microsoft.VisualStudio.TestTools.TestTypes.Unit.UnitTestAdapter" className="UnitTestinProgress.MSTestClass2" name="MSTest_P2_380" />
    </UnitTest>
    <UnitTest name="MSTest_P2_381" storage="c:\users\navb\source\repos\sampleproject\testproject\unittestproject10\bin\debug\unittestproject10.dll" id="169db8bc-9078-646f-fe30-502861017bb9">
      <Execution id="8613f7f2-e136-41e3-b326-38cec06d1230" />
      <TestMethod codeBase="C:\Users\navb\source\repos\SampleProject\TestProject\UnitTestProject10\bin\Debug\UnitTestProject10.dll" adapterTypeName="Microsoft.VisualStudio.TestTools.TestTypes.Unit.UnitTestAdapter" className="UnitTestinProgress.MSTestClass2" name="MSTest_P2_381" />
    </UnitTest>
    <UnitTest name="MSTest_P2_382" storage="c:\users\navb\source\repos\sampleproject\testproject\unittestproject10\bin\debug\unittestproject10.dll" id="7cd7dc3e-fa7a-6dd1-08a3-6101b8e173af">
      <Execution id="4868556f-93a8-4926-9a30-ccc7aeef8034" />
      <TestMethod codeBase="C:\Users\navb\source\repos\SampleProject\TestProject\UnitTestProject10\bin\Debug\UnitTestProject10.dll" adapterTypeName="Microsoft.VisualStudio.TestTools.TestTypes.Unit.UnitTestAdapter" className="UnitTestinProgress.MSTestClass2" name="MSTest_P2_382" />
    </UnitTest>
    <UnitTest name="MSTest_P2_383" storage="c:\users\navb\source\repos\sampleproject\testproject\unittestproject10\bin\debug\unittestproject10.dll" id="73defc98-0362-fc29-ddab-170ef0f6d29d">
      <Execution id="2d6cf275-65af-436f-bb7e-0ac256c74272" />
      <TestMethod codeBase="C:\Users\navb\source\repos\SampleProject\TestProject\UnitTestProject10\bin\Debug\UnitTestProject10.dll" adapterTypeName="Microsoft.VisualStudio.TestTools.TestTypes.Unit.UnitTestAdapter" className="UnitTestinProgress.MSTestClass2" name="MSTest_P2_383" />
    </UnitTest>
    <UnitTest name="MSTest_P2_384" storage="c:\users\navb\source\repos\sampleproject\testproject\unittestproject10\bin\debug\unittestproject10.dll" id="f0722d68-87a7-b3ef-b39d-26875ec82e68">
      <Execution id="336e3992-26b3-4dd3-9ae5-54c857996504" />
      <TestMethod codeBase="C:\Users\navb\source\repos\SampleProject\TestProject\UnitTestProject10\bin\Debug\UnitTestProject10.dll" adapterTypeName="Microsoft.VisualStudio.TestTools.TestTypes.Unit.UnitTestAdapter" className="UnitTestinProgress.MSTestClass2" name="MSTest_P2_384" />
    </UnitTest>
    <UnitTest name="MSTest_P2_385" storage="c:\users\navb\source\repos\sampleproject\testproject\unittestproject10\bin\debug\unittestproject10.dll" id="9507a82f-228a-e878-fcf5-be244d32dfe3">
      <Execution id="1344a1f3-3b2c-4a5b-ace7-e7991ed9f96e" />
      <TestMethod codeBase="C:\Users\navb\source\repos\SampleProject\TestProject\UnitTestProject10\bin\Debug\UnitTestProject10.dll" adapterTypeName="Microsoft.VisualStudio.TestTools.TestTypes.Unit.UnitTestAdapter" className="UnitTestinProgress.MSTestClass2" name="MSTest_P2_385" />
    </UnitTest>
    <UnitTest name="MSTest_P2_386" storage="c:\users\navb\source\repos\sampleproject\testproject\unittestproject10\bin\debug\unittestproject10.dll" id="84d3bffa-3529-5567-4b2a-a62740c3d75e">
      <Execution id="dbc4e7b4-dbc0-4798-8327-598ca1145dfc" />
      <TestMethod codeBase="C:\Users\navb\source\repos\SampleProject\TestProject\UnitTestProject10\bin\Debug\UnitTestProject10.dll" adapterTypeName="Microsoft.VisualStudio.TestTools.TestTypes.Unit.UnitTestAdapter" className="UnitTestinProgress.MSTestClass2" name="MSTest_P2_386" />
    </UnitTest>
    <UnitTest name="MSTest_P2_387" storage="c:\users\navb\source\repos\sampleproject\testproject\unittestproject10\bin\debug\unittestproject10.dll" id="a923ba92-5f49-1db0-a980-f6ad3af6c118">
      <Execution id="d135d93b-7d5a-4b02-91e7-c6fe64c195de" />
      <TestMethod codeBase="C:\Users\navb\source\repos\SampleProject\TestProject\UnitTestProject10\bin\Debug\UnitTestProject10.dll" adapterTypeName="Microsoft.VisualStudio.TestTools.TestTypes.Unit.UnitTestAdapter" className="UnitTestinProgress.MSTestClass2" name="MSTest_P2_387" />
    </UnitTest>
    <UnitTest name="MSTest_P2_388" storage="c:\users\navb\source\repos\sampleproject\testproject\unittestproject10\bin\debug\unittestproject10.dll" id="716c3939-21a9-baf1-3381-3805519a2c18">
      <Execution id="c25e01cc-10e6-45fd-9455-90b2423edfa2" />
      <TestMethod codeBase="C:\Users\navb\source\repos\SampleProject\TestProject\UnitTestProject10\bin\Debug\UnitTestProject10.dll" adapterTypeName="Microsoft.VisualStudio.TestTools.TestTypes.Unit.UnitTestAdapter" className="UnitTestinProgress.MSTestClass2" name="MSTest_P2_388" />
    </UnitTest>
    <UnitTest name="MSTest_P2_389" storage="c:\users\navb\source\repos\sampleproject\testproject\unittestproject10\bin\debug\unittestproject10.dll" id="2d853185-1b8c-d32c-b8ef-fcd1ca111fe0">
      <Execution id="2ff5874c-8457-4985-843c-586c2a8e6d47" />
      <TestMethod codeBase="C:\Users\navb\source\repos\SampleProject\TestProject\UnitTestProject10\bin\Debug\UnitTestProject10.dll" adapterTypeName="Microsoft.VisualStudio.TestTools.TestTypes.Unit.UnitTestAdapter" className="UnitTestinProgress.MSTestClass2" name="MSTest_P2_389" />
    </UnitTest>
    <UnitTest name="MSTest_P2_390" storage="c:\users\navb\source\repos\sampleproject\testproject\unittestproject10\bin\debug\unittestproject10.dll" id="1b51fe85-d5f1-8130-9dfe-a0f9e4a34746">
      <Execution id="59faa4a0-b2d1-4bce-9731-8d654e112ebe" />
      <TestMethod codeBase="C:\Users\navb\source\repos\SampleProject\TestProject\UnitTestProject10\bin\Debug\UnitTestProject10.dll" adapterTypeName="Microsoft.VisualStudio.TestTools.TestTypes.Unit.UnitTestAdapter" className="UnitTestinProgress.MSTestClass2" name="MSTest_P2_390" />
    </UnitTest>
    <UnitTest name="MSTest_P2_391" storage="c:\users\navb\source\repos\sampleproject\testproject\unittestproject10\bin\debug\unittestproject10.dll" id="145f33a9-a9ca-28ad-f581-1ed846520f66">
      <Execution id="a602340c-7323-4fb0-9f58-b3222551d91f" />
      <TestMethod codeBase="C:\Users\navb\source\repos\SampleProject\TestProject\UnitTestProject10\bin\Debug\UnitTestProject10.dll" adapterTypeName="Microsoft.VisualStudio.TestTools.TestTypes.Unit.UnitTestAdapter" className="UnitTestinProgress.MSTestClass2" name="MSTest_P2_391" />
    </UnitTest>
    <UnitTest name="MSTest_P2_392" storage="c:\users\navb\source\repos\sampleproject\testproject\unittestproject10\bin\debug\unittestproject10.dll" id="e4b2455a-64fc-dffc-d919-2a0245f30187">
      <Execution id="f7a87141-e576-4be5-b4dd-60c8b4ea762e" />
      <TestMethod codeBase="C:\Users\navb\source\repos\SampleProject\TestProject\UnitTestProject10\bin\Debug\UnitTestProject10.dll" adapterTypeName="Microsoft.VisualStudio.TestTools.TestTypes.Unit.UnitTestAdapter" className="UnitTestinProgress.MSTestClass2" name="MSTest_P2_392" />
    </UnitTest>
    <UnitTest name="MSTest_P2_393" storage="c:\users\navb\source\repos\sampleproject\testproject\unittestproject10\bin\debug\unittestproject10.dll" id="c2ef64d5-231f-4491-5201-a9b7c9060d4a">
      <Execution id="281f42e1-bfdf-4274-9850-e0cbb3b67db3" />
      <TestMethod codeBase="C:\Users\navb\source\repos\SampleProject\TestProject\UnitTestProject10\bin\Debug\UnitTestProject10.dll" adapterTypeName="Microsoft.VisualStudio.TestTools.TestTypes.Unit.UnitTestAdapter" className="UnitTestinProgress.MSTestClass2" name="MSTest_P2_393" />
    </UnitTest>
    <UnitTest name="MSTest_P2_394" storage="c:\users\navb\source\repos\sampleproject\testproject\unittestproject10\bin\debug\unittestproject10.dll" id="a1bac869-1385-672b-07d7-c035033b5b5b">
      <Execution id="1d32b723-a524-43fe-8bce-d222390fb8f0" />
      <TestMethod codeBase="C:\Users\navb\source\repos\SampleProject\TestProject\UnitTestProject10\bin\Debug\UnitTestProject10.dll" adapterTypeName="Microsoft.VisualStudio.TestTools.TestTypes.Unit.UnitTestAdapter" className="UnitTestinProgress.MSTestClass2" name="MSTest_P2_394" />
    </UnitTest>
    <UnitTest name="MSTest_P2_395" storage="c:\users\navb\source\repos\sampleproject\testproject\unittestproject10\bin\debug\unittestproject10.dll" id="33c5b05a-c149-c017-3777-a15579c827fc">
      <Execution id="ba3cf749-c6a8-415e-b04c-ce0da887cf72" />
      <TestMethod codeBase="C:\Users\navb\source\repos\SampleProject\TestProject\UnitTestProject10\bin\Debug\UnitTestProject10.dll" adapterTypeName="Microsoft.VisualStudio.TestTools.TestTypes.Unit.UnitTestAdapter" className="UnitTestinProgress.MSTestClass2" name="MSTest_P2_395" />
    </UnitTest>
    <UnitTest name="MSTest_P2_396" storage="c:\users\navb\source\repos\sampleproject\testproject\unittestproject10\bin\debug\unittestproject10.dll" id="5d0af9d1-44bb-6c1c-91da-0de0adda509f">
      <Execution id="91746337-4d2a-46b3-9c81-5fb5e53466d9" />
      <TestMethod codeBase="C:\Users\navb\source\repos\SampleProject\TestProject\UnitTestProject10\bin\Debug\UnitTestProject10.dll" adapterTypeName="Microsoft.VisualStudio.TestTools.TestTypes.Unit.UnitTestAdapter" className="UnitTestinProgress.MSTestClass2" name="MSTest_P2_396" />
    </UnitTest>
    <UnitTest name="MSTest_P2_397" storage="c:\users\navb\source\repos\sampleproject\testproject\unittestproject10\bin\debug\unittestproject10.dll" id="8a506de1-1596-a50f-344b-f1352abd2793">
      <Execution id="4ef21efd-8e06-4113-8861-41d612a3022d" />
      <TestMethod codeBase="C:\Users\navb\source\repos\SampleProject\TestProject\UnitTestProject10\bin\Debug\UnitTestProject10.dll" adapterTypeName="Microsoft.VisualStudio.TestTools.TestTypes.Unit.UnitTestAdapter" className="UnitTestinProgress.MSTestClass2" name="MSTest_P2_397" />
    </UnitTest>
    <UnitTest name="MSTest_P2_398" storage="c:\users\navb\source\repos\sampleproject\testproject\unittestproject10\bin\debug\unittestproject10.dll" id="ad4a33be-0820-6acd-0fda-f7dc1d9afabe">
      <Execution id="628e105f-bcfc-4897-8d74-86ecb8fd0712" />
      <TestMethod codeBase="C:\Users\navb\source\repos\SampleProject\TestProject\UnitTestProject10\bin\Debug\UnitTestProject10.dll" adapterTypeName="Microsoft.VisualStudio.TestTools.TestTypes.Unit.UnitTestAdapter" className="UnitTestinProgress.MSTestClass2" name="MSTest_P2_398" />
    </UnitTest>
    <UnitTest name="MSTest_P2_399" storage="c:\users\navb\source\repos\sampleproject\testproject\unittestproject10\bin\debug\unittestproject10.dll" id="d4e64b61-1d71-9a31-64b3-8f7fa264d751">
      <Execution id="69271830-0495-4db9-a6f2-0c3c86f36bfb" />
      <TestMethod codeBase="C:\Users\navb\source\repos\SampleProject\TestProject\UnitTestProject10\bin\Debug\UnitTestProject10.dll" adapterTypeName="Microsoft.VisualStudio.TestTools.TestTypes.Unit.UnitTestAdapter" className="UnitTestinProgress.MSTestClass2" name="MSTest_P2_399" />
    </UnitTest>
    <UnitTest name="MSTest_P2_400" storage="c:\users\navb\source\repos\sampleproject\testproject\unittestproject10\bin\debug\unittestproject10.dll" id="71368800-2a58-7d0c-02f5-2226bd31ba61">
      <Execution id="a44bf169-09a1-4262-baa9-a58cca7bd965" />
      <TestMethod codeBase="C:\Users\navb\source\repos\SampleProject\TestProject\UnitTestProject10\bin\Debug\UnitTestProject10.dll" adapterTypeName="Microsoft.VisualStudio.TestTools.TestTypes.Unit.UnitTestAdapter" className="UnitTestinProgress.MSTestClass2" name="MSTest_P2_400" />
    </UnitTest>
    <UnitTest name="MSTest_P2_401" storage="c:\users\navb\source\repos\sampleproject\testproject\unittestproject10\bin\debug\unittestproject10.dll" id="dec4cc11-275a-6477-9776-6b40db9a3bd4">
      <Execution id="af55966b-95b3-47a5-abce-470002c977ed" />
      <TestMethod codeBase="C:\Users\navb\source\repos\SampleProject\TestProject\UnitTestProject10\bin\Debug\UnitTestProject10.dll" adapterTypeName="Microsoft.VisualStudio.TestTools.TestTypes.Unit.UnitTestAdapter" className="UnitTestinProgress.MSTestClass2" name="MSTest_P2_401" />
    </UnitTest>
    <UnitTest name="MSTest_P2_402" storage="c:\users\navb\source\repos\sampleproject\testproject\unittestproject10\bin\debug\unittestproject10.dll" id="a758e563-1f9a-9b88-d4c0-8cc7153a0dc7">
      <Execution id="4ec3270f-71d8-4450-bc97-f45d735e93fa" />
      <TestMethod codeBase="C:\Users\navb\source\repos\SampleProject\TestProject\UnitTestProject10\bin\Debug\UnitTestProject10.dll" adapterTypeName="Microsoft.VisualStudio.TestTools.TestTypes.Unit.UnitTestAdapter" className="UnitTestinProgress.MSTestClass2" name="MSTest_P2_402" />
    </UnitTest>
    <UnitTest name="MSTest_P2_403" storage="c:\users\navb\source\repos\sampleproject\testproject\unittestproject10\bin\debug\unittestproject10.dll" id="cf6d1948-e4c8-984f-d8fe-0f710a6f4061">
      <Execution id="2fb94071-d26e-4f47-b846-61de6e2b376c" />
      <TestMethod codeBase="C:\Users\navb\source\repos\SampleProject\TestProject\UnitTestProject10\bin\Debug\UnitTestProject10.dll" adapterTypeName="Microsoft.VisualStudio.TestTools.TestTypes.Unit.UnitTestAdapter" className="UnitTestinProgress.MSTestClass2" name="MSTest_P2_403" />
    </UnitTest>
    <UnitTest name="MSTest_P2_404" storage="c:\users\navb\source\repos\sampleproject\testproject\unittestproject10\bin\debug\unittestproject10.dll" id="c6c7eaee-0217-c536-1f3e-e884f74d00f9">
      <Execution id="72757b34-cd55-4f55-9848-be93007702c0" />
      <TestMethod codeBase="C:\Users\navb\source\repos\SampleProject\TestProject\UnitTestProject10\bin\Debug\UnitTestProject10.dll" adapterTypeName="Microsoft.VisualStudio.TestTools.TestTypes.Unit.UnitTestAdapter" className="UnitTestinProgress.MSTestClass2" name="MSTest_P2_404" />
    </UnitTest>
    <UnitTest name="MSTest_P2_405" storage="c:\users\navb\source\repos\sampleproject\testproject\unittestproject10\bin\debug\unittestproject10.dll" id="b9ed8a5e-ee12-301b-e3c5-ef16e418ae41">
      <Execution id="650b4040-7fd4-4cae-8df9-5cbad2b152b9" />
      <TestMethod codeBase="C:\Users\navb\source\repos\SampleProject\TestProject\UnitTestProject10\bin\Debug\UnitTestProject10.dll" adapterTypeName="Microsoft.VisualStudio.TestTools.TestTypes.Unit.UnitTestAdapter" className="UnitTestinProgress.MSTestClass2" name="MSTest_P2_405" />
    </UnitTest>
    <UnitTest name="MSTest_P2_406" storage="c:\users\navb\source\repos\sampleproject\testproject\unittestproject10\bin\debug\unittestproject10.dll" id="b6f1489a-2055-f485-9c7f-98b90c4b3558">
      <Execution id="98a375bb-c473-434d-917b-3927baf92647" />
      <TestMethod codeBase="C:\Users\navb\source\repos\SampleProject\TestProject\UnitTestProject10\bin\Debug\UnitTestProject10.dll" adapterTypeName="Microsoft.VisualStudio.TestTools.TestTypes.Unit.UnitTestAdapter" className="UnitTestinProgress.MSTestClass2" name="MSTest_P2_406" />
    </UnitTest>
    <UnitTest name="MSTest_P2_407" storage="c:\users\navb\source\repos\sampleproject\testproject\unittestproject10\bin\debug\unittestproject10.dll" id="7b2ca1e9-e284-8127-4f7e-dec3027488f5">
      <Execution id="0e9102ef-3f02-4229-9b28-64b6b6237794" />
      <TestMethod codeBase="C:\Users\navb\source\repos\SampleProject\TestProject\UnitTestProject10\bin\Debug\UnitTestProject10.dll" adapterTypeName="Microsoft.VisualStudio.TestTools.TestTypes.Unit.UnitTestAdapter" className="UnitTestinProgress.MSTestClass2" name="MSTest_P2_407" />
    </UnitTest>
    <UnitTest name="MSTest_P2_408" storage="c:\users\navb\source\repos\sampleproject\testproject\unittestproject10\bin\debug\unittestproject10.dll" id="9c58d5d9-15c3-3301-dbdb-cd91d433ddd3">
      <Execution id="e99a7c5a-5038-40c0-8938-44e9afebcde9" />
      <TestMethod codeBase="C:\Users\navb\source\repos\SampleProject\TestProject\UnitTestProject10\bin\Debug\UnitTestProject10.dll" adapterTypeName="Microsoft.VisualStudio.TestTools.TestTypes.Unit.UnitTestAdapter" className="UnitTestinProgress.MSTestClass2" name="MSTest_P2_408" />
    </UnitTest>
    <UnitTest name="MSTest_P2_409" storage="c:\users\navb\source\repos\sampleproject\testproject\unittestproject10\bin\debug\unittestproject10.dll" id="02384a4c-827d-2204-02d7-2003620d01f1">
      <Execution id="3cf4d8bc-42c6-4692-9456-3e96ffd8ab43" />
      <TestMethod codeBase="C:\Users\navb\source\repos\SampleProject\TestProject\UnitTestProject10\bin\Debug\UnitTestProject10.dll" adapterTypeName="Microsoft.VisualStudio.TestTools.TestTypes.Unit.UnitTestAdapter" className="UnitTestinProgress.MSTestClass2" name="MSTest_P2_409" />
    </UnitTest>
    <UnitTest name="MSTest_P2_410" storage="c:\users\navb\source\repos\sampleproject\testproject\unittestproject10\bin\debug\unittestproject10.dll" id="08657299-4484-6f51-225a-92afef4d6f02">
      <Execution id="04438990-c35e-4a66-ad2c-888371faa9fe" />
      <TestMethod codeBase="C:\Users\navb\source\repos\SampleProject\TestProject\UnitTestProject10\bin\Debug\UnitTestProject10.dll" adapterTypeName="Microsoft.VisualStudio.TestTools.TestTypes.Unit.UnitTestAdapter" className="UnitTestinProgress.MSTestClass2" name="MSTest_P2_410" />
    </UnitTest>
    <UnitTest name="MSTest_P2_411" storage="c:\users\navb\source\repos\sampleproject\testproject\unittestproject10\bin\debug\unittestproject10.dll" id="07f61b47-7639-813a-048e-3af6356509db">
      <Execution id="45587277-ad5a-4322-b1e0-1347e7a4e365" />
      <TestMethod codeBase="C:\Users\navb\source\repos\SampleProject\TestProject\UnitTestProject10\bin\Debug\UnitTestProject10.dll" adapterTypeName="Microsoft.VisualStudio.TestTools.TestTypes.Unit.UnitTestAdapter" className="UnitTestinProgress.MSTestClass2" name="MSTest_P2_411" />
    </UnitTest>
    <UnitTest name="MSTest_P2_412" storage="c:\users\navb\source\repos\sampleproject\testproject\unittestproject10\bin\debug\unittestproject10.dll" id="5a20067f-af35-443e-c5ef-580f5fde2fa9">
      <Execution id="3f0ad2c3-d3fc-474a-9979-1e3390f21d88" />
      <TestMethod codeBase="C:\Users\navb\source\repos\SampleProject\TestProject\UnitTestProject10\bin\Debug\UnitTestProject10.dll" adapterTypeName="Microsoft.VisualStudio.TestTools.TestTypes.Unit.UnitTestAdapter" className="UnitTestinProgress.MSTestClass2" name="MSTest_P2_412" />
    </UnitTest>
    <UnitTest name="MSTest_P2_413" storage="c:\users\navb\source\repos\sampleproject\testproject\unittestproject10\bin\debug\unittestproject10.dll" id="9f11630d-9ad6-5da3-8de1-e63da75bbad6">
      <Execution id="558ac42e-aee9-48f2-a189-b8822662996c" />
      <TestMethod codeBase="C:\Users\navb\source\repos\SampleProject\TestProject\UnitTestProject10\bin\Debug\UnitTestProject10.dll" adapterTypeName="Microsoft.VisualStudio.TestTools.TestTypes.Unit.UnitTestAdapter" className="UnitTestinProgress.MSTestClass2" name="MSTest_P2_413" />
    </UnitTest>
    <UnitTest name="MSTest_P2_414" storage="c:\users\navb\source\repos\sampleproject\testproject\unittestproject10\bin\debug\unittestproject10.dll" id="7201bf1f-ad51-b3dd-90bc-4686a347a8b6">
      <Execution id="f2e3578f-1f75-41fd-a262-84f00c8d67c0" />
      <TestMethod codeBase="C:\Users\navb\source\repos\SampleProject\TestProject\UnitTestProject10\bin\Debug\UnitTestProject10.dll" adapterTypeName="Microsoft.VisualStudio.TestTools.TestTypes.Unit.UnitTestAdapter" className="UnitTestinProgress.MSTestClass2" name="MSTest_P2_414" />
    </UnitTest>
    <UnitTest name="MSTest_P2_415" storage="c:\users\navb\source\repos\sampleproject\testproject\unittestproject10\bin\debug\unittestproject10.dll" id="f4c72050-220a-8ed3-f57e-229694005702">
      <Execution id="0d557c7e-8dc8-42f0-ad6c-39a71806e307" />
      <TestMethod codeBase="C:\Users\navb\source\repos\SampleProject\TestProject\UnitTestProject10\bin\Debug\UnitTestProject10.dll" adapterTypeName="Microsoft.VisualStudio.TestTools.TestTypes.Unit.UnitTestAdapter" className="UnitTestinProgress.MSTestClass2" name="MSTest_P2_415" />
    </UnitTest>
    <UnitTest name="MSTest_P2_416" storage="c:\users\navb\source\repos\sampleproject\testproject\unittestproject10\bin\debug\unittestproject10.dll" id="1e1812e7-7d89-f4e5-47fa-6ba327ad9f3d">
      <Execution id="9ee2a422-7e7b-476b-9523-676da81347a1" />
      <TestMethod codeBase="C:\Users\navb\source\repos\SampleProject\TestProject\UnitTestProject10\bin\Debug\UnitTestProject10.dll" adapterTypeName="Microsoft.VisualStudio.TestTools.TestTypes.Unit.UnitTestAdapter" className="UnitTestinProgress.MSTestClass2" name="MSTest_P2_416" />
    </UnitTest>
    <UnitTest name="MSTest_P2_417" storage="c:\users\navb\source\repos\sampleproject\testproject\unittestproject10\bin\debug\unittestproject10.dll" id="80d089ba-d625-b17b-efd7-906fbc26a53f">
      <Execution id="28af998d-5655-41eb-a4a4-04427daa726a" />
      <TestMethod codeBase="C:\Users\navb\source\repos\SampleProject\TestProject\UnitTestProject10\bin\Debug\UnitTestProject10.dll" adapterTypeName="Microsoft.VisualStudio.TestTools.TestTypes.Unit.UnitTestAdapter" className="UnitTestinProgress.MSTestClass2" name="MSTest_P2_417" />
    </UnitTest>
    <UnitTest name="MSTest_P2_418" storage="c:\users\navb\source\repos\sampleproject\testproject\unittestproject10\bin\debug\unittestproject10.dll" id="08168dab-134d-4209-dc07-502fc79dff1c">
      <Execution id="8af7ecc4-4986-4690-a9c6-99226bf1ff88" />
      <TestMethod codeBase="C:\Users\navb\source\repos\SampleProject\TestProject\UnitTestProject10\bin\Debug\UnitTestProject10.dll" adapterTypeName="Microsoft.VisualStudio.TestTools.TestTypes.Unit.UnitTestAdapter" className="UnitTestinProgress.MSTestClass2" name="MSTest_P2_418" />
    </UnitTest>
    <UnitTest name="MSTest_P2_419" storage="c:\users\navb\source\repos\sampleproject\testproject\unittestproject10\bin\debug\unittestproject10.dll" id="afc65689-0d8a-1a8c-230e-11dcfbd51f6f">
      <Execution id="a80ab478-48f2-4a18-a79a-e93fbbd4e814" />
      <TestMethod codeBase="C:\Users\navb\source\repos\SampleProject\TestProject\UnitTestProject10\bin\Debug\UnitTestProject10.dll" adapterTypeName="Microsoft.VisualStudio.TestTools.TestTypes.Unit.UnitTestAdapter" className="UnitTestinProgress.MSTestClass2" name="MSTest_P2_419" />
    </UnitTest>
    <UnitTest name="MSTest_P2_420" storage="c:\users\navb\source\repos\sampleproject\testproject\unittestproject10\bin\debug\unittestproject10.dll" id="fde371e7-9430-28a6-4e5f-caad1e97ede8">
      <Execution id="6d915518-6a1f-4f2e-b3a4-ff00df8196b6" />
      <TestMethod codeBase="C:\Users\navb\source\repos\SampleProject\TestProject\UnitTestProject10\bin\Debug\UnitTestProject10.dll" adapterTypeName="Microsoft.VisualStudio.TestTools.TestTypes.Unit.UnitTestAdapter" className="UnitTestinProgress.MSTestClass2" name="MSTest_P2_420" />
    </UnitTest>
    <UnitTest name="MSTest_P2_421" storage="c:\users\navb\source\repos\sampleproject\testproject\unittestproject10\bin\debug\unittestproject10.dll" id="0664e823-2347-d542-a362-7c3833a62cb7">
      <Execution id="f14cc80d-a63a-41cf-a953-4dc96dc17d60" />
      <TestMethod codeBase="C:\Users\navb\source\repos\SampleProject\TestProject\UnitTestProject10\bin\Debug\UnitTestProject10.dll" adapterTypeName="Microsoft.VisualStudio.TestTools.TestTypes.Unit.UnitTestAdapter" className="UnitTestinProgress.MSTestClass2" name="MSTest_P2_421" />
    </UnitTest>
    <UnitTest name="MSTest_P2_422" storage="c:\users\navb\source\repos\sampleproject\testproject\unittestproject10\bin\debug\unittestproject10.dll" id="b0f42246-221a-8273-26a5-64d428e0acf2">
      <Execution id="3e526c87-99e6-4b76-9f08-4c17a765f46c" />
      <TestMethod codeBase="C:\Users\navb\source\repos\SampleProject\TestProject\UnitTestProject10\bin\Debug\UnitTestProject10.dll" adapterTypeName="Microsoft.VisualStudio.TestTools.TestTypes.Unit.UnitTestAdapter" className="UnitTestinProgress.MSTestClass2" name="MSTest_P2_422" />
    </UnitTest>
    <UnitTest name="MSTest_P2_423" storage="c:\users\navb\source\repos\sampleproject\testproject\unittestproject10\bin\debug\unittestproject10.dll" id="ed016d2a-a143-45b4-1538-1fd2c412205d">
      <Execution id="05624ccd-618e-4b7d-ac0c-ec9939d3534d" />
      <TestMethod codeBase="C:\Users\navb\source\repos\SampleProject\TestProject\UnitTestProject10\bin\Debug\UnitTestProject10.dll" adapterTypeName="Microsoft.VisualStudio.TestTools.TestTypes.Unit.UnitTestAdapter" className="UnitTestinProgress.MSTestClass2" name="MSTest_P2_423" />
    </UnitTest>
    <UnitTest name="MSTest_P2_424" storage="c:\users\navb\source\repos\sampleproject\testproject\unittestproject10\bin\debug\unittestproject10.dll" id="b1569a4a-886e-ec94-03b5-fba9d87c80e2">
      <Execution id="2bdb12ee-94f8-4fb7-84b8-f7c3b37c70a5" />
      <TestMethod codeBase="C:\Users\navb\source\repos\SampleProject\TestProject\UnitTestProject10\bin\Debug\UnitTestProject10.dll" adapterTypeName="Microsoft.VisualStudio.TestTools.TestTypes.Unit.UnitTestAdapter" className="UnitTestinProgress.MSTestClass2" name="MSTest_P2_424" />
    </UnitTest>
    <UnitTest name="MSTest_P2_425" storage="c:\users\navb\source\repos\sampleproject\testproject\unittestproject10\bin\debug\unittestproject10.dll" id="8e99ddbf-1f62-a90d-a88c-3e09a5e62fbc">
      <Execution id="fdc0514c-73e8-47ba-8296-14001bc00c53" />
      <TestMethod codeBase="C:\Users\navb\source\repos\SampleProject\TestProject\UnitTestProject10\bin\Debug\UnitTestProject10.dll" adapterTypeName="Microsoft.VisualStudio.TestTools.TestTypes.Unit.UnitTestAdapter" className="UnitTestinProgress.MSTestClass2" name="MSTest_P2_425" />
    </UnitTest>
    <UnitTest name="MSTest_P2_256" storage="c:\users\navb\source\repos\sampleproject\testproject\unittestproject10\bin\debug\unittestproject10.dll" id="62edf976-7a76-227c-ab3e-3e3068d22419">
      <Execution id="27c153c7-d861-4651-ac90-01db838852e3" />
      <TestMethod codeBase="C:\Users\navb\source\repos\SampleProject\TestProject\UnitTestProject10\bin\Debug\UnitTestProject10.dll" adapterTypeName="Microsoft.VisualStudio.TestTools.TestTypes.Unit.UnitTestAdapter" className="UnitTestinProgress.MSTestClass2" name="MSTest_P2_256" />
    </UnitTest>
    <UnitTest name="MSTest_P2_257" storage="c:\users\navb\source\repos\sampleproject\testproject\unittestproject10\bin\debug\unittestproject10.dll" id="3afaf579-db15-cc97-6075-93fc66d2482e">
      <Execution id="f687a0dd-ebd0-4ede-9076-e9cabd5d189d" />
      <TestMethod codeBase="C:\Users\navb\source\repos\SampleProject\TestProject\UnitTestProject10\bin\Debug\UnitTestProject10.dll" adapterTypeName="Microsoft.VisualStudio.TestTools.TestTypes.Unit.UnitTestAdapter" className="UnitTestinProgress.MSTestClass2" name="MSTest_P2_257" />
    </UnitTest>
    <UnitTest name="MSTest_P2_258" storage="c:\users\navb\source\repos\sampleproject\testproject\unittestproject10\bin\debug\unittestproject10.dll" id="cf3134ed-5854-5d81-39ac-bdd4ad6563c0">
      <Execution id="0d99b9ea-f9eb-4caf-b9fb-434518cfa8bb" />
      <TestMethod codeBase="C:\Users\navb\source\repos\SampleProject\TestProject\UnitTestProject10\bin\Debug\UnitTestProject10.dll" adapterTypeName="Microsoft.VisualStudio.TestTools.TestTypes.Unit.UnitTestAdapter" className="UnitTestinProgress.MSTestClass2" name="MSTest_P2_258" />
    </UnitTest>
    <UnitTest name="MSTest_P2_259" storage="c:\users\navb\source\repos\sampleproject\testproject\unittestproject10\bin\debug\unittestproject10.dll" id="c6064df2-d70f-a735-4d38-9ada6958097c">
      <Execution id="b942da48-bcbc-4d55-a98c-69cb0316d853" />
      <TestMethod codeBase="C:\Users\navb\source\repos\SampleProject\TestProject\UnitTestProject10\bin\Debug\UnitTestProject10.dll" adapterTypeName="Microsoft.VisualStudio.TestTools.TestTypes.Unit.UnitTestAdapter" className="UnitTestinProgress.MSTestClass2" name="MSTest_P2_259" />
    </UnitTest>
    <UnitTest name="MSTest_P2_260" storage="c:\users\navb\source\repos\sampleproject\testproject\unittestproject10\bin\debug\unittestproject10.dll" id="b5644c1a-4e6f-a72a-7960-9542c506051d">
      <Execution id="f3b1283b-cc0e-4830-a87b-c9a39353a6a9" />
      <TestMethod codeBase="C:\Users\navb\source\repos\SampleProject\TestProject\UnitTestProject10\bin\Debug\UnitTestProject10.dll" adapterTypeName="Microsoft.VisualStudio.TestTools.TestTypes.Unit.UnitTestAdapter" className="UnitTestinProgress.MSTestClass2" name="MSTest_P2_260" />
    </UnitTest>
    <UnitTest name="MSTest_P2_261" storage="c:\users\navb\source\repos\sampleproject\testproject\unittestproject10\bin\debug\unittestproject10.dll" id="08be73c0-a975-a603-5d02-2398253cc14e">
      <Execution id="b256a811-9097-4e44-8f80-5ac6c0307587" />
      <TestMethod codeBase="C:\Users\navb\source\repos\SampleProject\TestProject\UnitTestProject10\bin\Debug\UnitTestProject10.dll" adapterTypeName="Microsoft.VisualStudio.TestTools.TestTypes.Unit.UnitTestAdapter" className="UnitTestinProgress.MSTestClass2" name="MSTest_P2_261" />
    </UnitTest>
    <UnitTest name="MSTest_P2_262" storage="c:\users\navb\source\repos\sampleproject\testproject\unittestproject10\bin\debug\unittestproject10.dll" id="b243411e-0b00-e9ac-a0d9-fd6cc8fe5e76">
      <Execution id="4f5c3c4a-003b-401a-ba5c-efd72dc38a41" />
      <TestMethod codeBase="C:\Users\navb\source\repos\SampleProject\TestProject\UnitTestProject10\bin\Debug\UnitTestProject10.dll" adapterTypeName="Microsoft.VisualStudio.TestTools.TestTypes.Unit.UnitTestAdapter" className="UnitTestinProgress.MSTestClass2" name="MSTest_P2_262" />
    </UnitTest>
    <UnitTest name="MSTest_P2_263" storage="c:\users\navb\source\repos\sampleproject\testproject\unittestproject10\bin\debug\unittestproject10.dll" id="01bf3557-af42-0cc6-b667-13a114246373">
      <Execution id="68c2acec-91cd-4ec2-a245-64317f81cc7f" />
      <TestMethod codeBase="C:\Users\navb\source\repos\SampleProject\TestProject\UnitTestProject10\bin\Debug\UnitTestProject10.dll" adapterTypeName="Microsoft.VisualStudio.TestTools.TestTypes.Unit.UnitTestAdapter" className="UnitTestinProgress.MSTestClass2" name="MSTest_P2_263" />
    </UnitTest>
    <UnitTest name="MSTest_P2_264" storage="c:\users\navb\source\repos\sampleproject\testproject\unittestproject10\bin\debug\unittestproject10.dll" id="b9addcd8-1689-aa5c-75f0-51367ace995d">
      <Execution id="ba6578fd-9729-4079-9edd-fdd94b783853" />
      <TestMethod codeBase="C:\Users\navb\source\repos\SampleProject\TestProject\UnitTestProject10\bin\Debug\UnitTestProject10.dll" adapterTypeName="Microsoft.VisualStudio.TestTools.TestTypes.Unit.UnitTestAdapter" className="UnitTestinProgress.MSTestClass2" name="MSTest_P2_264" />
    </UnitTest>
    <UnitTest name="MSTest_P2_265" storage="c:\users\navb\source\repos\sampleproject\testproject\unittestproject10\bin\debug\unittestproject10.dll" id="b47b78f9-b0d8-fec8-ab9a-9eaa193e9134">
      <Execution id="fab95bdf-535b-4f8f-aab4-fc05ec81dd2b" />
      <TestMethod codeBase="C:\Users\navb\source\repos\SampleProject\TestProject\UnitTestProject10\bin\Debug\UnitTestProject10.dll" adapterTypeName="Microsoft.VisualStudio.TestTools.TestTypes.Unit.UnitTestAdapter" className="UnitTestinProgress.MSTestClass2" name="MSTest_P2_265" />
    </UnitTest>
    <UnitTest name="MSTest_P2_266" storage="c:\users\navb\source\repos\sampleproject\testproject\unittestproject10\bin\debug\unittestproject10.dll" id="2ee5ca22-9ef4-3b84-d450-25e78cba1fdf">
      <Execution id="57bed475-c708-4ccb-848b-ddbdc25609a5" />
      <TestMethod codeBase="C:\Users\navb\source\repos\SampleProject\TestProject\UnitTestProject10\bin\Debug\UnitTestProject10.dll" adapterTypeName="Microsoft.VisualStudio.TestTools.TestTypes.Unit.UnitTestAdapter" className="UnitTestinProgress.MSTestClass2" name="MSTest_P2_266" />
    </UnitTest>
    <UnitTest name="MSTest_P2_267" storage="c:\users\navb\source\repos\sampleproject\testproject\unittestproject10\bin\debug\unittestproject10.dll" id="5b93bb66-36aa-9546-a63c-858a942f47c9">
      <Execution id="52e237ed-c9dc-48c3-9d0f-0bf5ea7a5790" />
      <TestMethod codeBase="C:\Users\navb\source\repos\SampleProject\TestProject\UnitTestProject10\bin\Debug\UnitTestProject10.dll" adapterTypeName="Microsoft.VisualStudio.TestTools.TestTypes.Unit.UnitTestAdapter" className="UnitTestinProgress.MSTestClass2" name="MSTest_P2_267" />
    </UnitTest>
    <UnitTest name="MSTest_P2_268" storage="c:\users\navb\source\repos\sampleproject\testproject\unittestproject10\bin\debug\unittestproject10.dll" id="82026b1b-e4f8-c75d-6fd9-4e0c102dea19">
      <Execution id="8401f421-e436-4ddf-826b-33292e2e3f64" />
      <TestMethod codeBase="C:\Users\navb\source\repos\SampleProject\TestProject\UnitTestProject10\bin\Debug\UnitTestProject10.dll" adapterTypeName="Microsoft.VisualStudio.TestTools.TestTypes.Unit.UnitTestAdapter" className="UnitTestinProgress.MSTestClass2" name="MSTest_P2_268" />
    </UnitTest>
    <UnitTest name="MSTest_P2_269" storage="c:\users\navb\source\repos\sampleproject\testproject\unittestproject10\bin\debug\unittestproject10.dll" id="a0a14464-fb50-3caf-9ff8-c858c9ed6f8f">
      <Execution id="2f260c42-4668-403c-bef6-a2f31d82f0b7" />
      <TestMethod codeBase="C:\Users\navb\source\repos\SampleProject\TestProject\UnitTestProject10\bin\Debug\UnitTestProject10.dll" adapterTypeName="Microsoft.VisualStudio.TestTools.TestTypes.Unit.UnitTestAdapter" className="UnitTestinProgress.MSTestClass2" name="MSTest_P2_269" />
    </UnitTest>
    <UnitTest name="MSTest_P2_270" storage="c:\users\navb\source\repos\sampleproject\testproject\unittestproject10\bin\debug\unittestproject10.dll" id="963aa350-dc63-27d1-7f7c-e76e264a3a37">
      <Execution id="aa9dd048-e885-45d9-846c-783c15117b54" />
      <TestMethod codeBase="C:\Users\navb\source\repos\SampleProject\TestProject\UnitTestProject10\bin\Debug\UnitTestProject10.dll" adapterTypeName="Microsoft.VisualStudio.TestTools.TestTypes.Unit.UnitTestAdapter" className="UnitTestinProgress.MSTestClass2" name="MSTest_P2_270" />
    </UnitTest>
    <UnitTest name="MSTest_P2_271" storage="c:\users\navb\source\repos\sampleproject\testproject\unittestproject10\bin\debug\unittestproject10.dll" id="28d66a73-94f8-0e54-f4ff-ed8e155407df">
      <Execution id="4da34e5c-54e7-4443-87b3-e5e6f1212882" />
      <TestMethod codeBase="C:\Users\navb\source\repos\SampleProject\TestProject\UnitTestProject10\bin\Debug\UnitTestProject10.dll" adapterTypeName="Microsoft.VisualStudio.TestTools.TestTypes.Unit.UnitTestAdapter" className="UnitTestinProgress.MSTestClass2" name="MSTest_P2_271" />
    </UnitTest>
    <UnitTest name="MSTest_P2_272" storage="c:\users\navb\source\repos\sampleproject\testproject\unittestproject10\bin\debug\unittestproject10.dll" id="a7e88723-8b5a-898e-e1e7-2c3de4a24710">
      <Execution id="46de4353-02ce-4694-867c-378696dd1378" />
      <TestMethod codeBase="C:\Users\navb\source\repos\SampleProject\TestProject\UnitTestProject10\bin\Debug\UnitTestProject10.dll" adapterTypeName="Microsoft.VisualStudio.TestTools.TestTypes.Unit.UnitTestAdapter" className="UnitTestinProgress.MSTestClass2" name="MSTest_P2_272" />
    </UnitTest>
    <UnitTest name="MSTest_P2_273" storage="c:\users\navb\source\repos\sampleproject\testproject\unittestproject10\bin\debug\unittestproject10.dll" id="7e2e5360-6df1-ebd4-8076-bf6f1d65e59c">
      <Execution id="8bf008b1-5cbe-43b6-a87a-3eb5a5050060" />
      <TestMethod codeBase="C:\Users\navb\source\repos\SampleProject\TestProject\UnitTestProject10\bin\Debug\UnitTestProject10.dll" adapterTypeName="Microsoft.VisualStudio.TestTools.TestTypes.Unit.UnitTestAdapter" className="UnitTestinProgress.MSTestClass2" name="MSTest_P2_273" />
    </UnitTest>
    <UnitTest name="MSTest_P2_274" storage="c:\users\navb\source\repos\sampleproject\testproject\unittestproject10\bin\debug\unittestproject10.dll" id="d7d436a4-3906-ab93-f5f1-96092f24175b">
      <Execution id="44aaf72b-6e37-43b2-a686-1dc76d0a6649" />
      <TestMethod codeBase="C:\Users\navb\source\repos\SampleProject\TestProject\UnitTestProject10\bin\Debug\UnitTestProject10.dll" adapterTypeName="Microsoft.VisualStudio.TestTools.TestTypes.Unit.UnitTestAdapter" className="UnitTestinProgress.MSTestClass2" name="MSTest_P2_274" />
    </UnitTest>
    <UnitTest name="MSTest_P2_275" storage="c:\users\navb\source\repos\sampleproject\testproject\unittestproject10\bin\debug\unittestproject10.dll" id="28e9670f-567b-9c6f-1402-8bf5f9a39898">
      <Execution id="7ab71a17-f6c6-49c1-b8be-adb90e413db6" />
      <TestMethod codeBase="C:\Users\navb\source\repos\SampleProject\TestProject\UnitTestProject10\bin\Debug\UnitTestProject10.dll" adapterTypeName="Microsoft.VisualStudio.TestTools.TestTypes.Unit.UnitTestAdapter" className="UnitTestinProgress.MSTestClass2" name="MSTest_P2_275" />
    </UnitTest>
    <UnitTest name="MSTest_P2_276" storage="c:\users\navb\source\repos\sampleproject\testproject\unittestproject10\bin\debug\unittestproject10.dll" id="fbdd2467-997a-8b59-2d03-827ea0150a6e">
      <Execution id="af692494-9f45-45df-a487-a5fbdc861612" />
      <TestMethod codeBase="C:\Users\navb\source\repos\SampleProject\TestProject\UnitTestProject10\bin\Debug\UnitTestProject10.dll" adapterTypeName="Microsoft.VisualStudio.TestTools.TestTypes.Unit.UnitTestAdapter" className="UnitTestinProgress.MSTestClass2" name="MSTest_P2_276" />
    </UnitTest>
    <UnitTest name="MSTest_P2_277" storage="c:\users\navb\source\repos\sampleproject\testproject\unittestproject10\bin\debug\unittestproject10.dll" id="ddb1687b-21f5-a3e9-7517-956477c2bca4">
      <Execution id="5eede82b-e7aa-4d0f-bd18-49476c3782ee" />
      <TestMethod codeBase="C:\Users\navb\source\repos\SampleProject\TestProject\UnitTestProject10\bin\Debug\UnitTestProject10.dll" adapterTypeName="Microsoft.VisualStudio.TestTools.TestTypes.Unit.UnitTestAdapter" className="UnitTestinProgress.MSTestClass2" name="MSTest_P2_277" />
    </UnitTest>
    <UnitTest name="MSTest_P2_278" storage="c:\users\navb\source\repos\sampleproject\testproject\unittestproject10\bin\debug\unittestproject10.dll" id="d8da4ec2-35b9-0e3a-4030-62ef830c61a7">
      <Execution id="7e769272-7cc3-43fc-97fd-584034b70a65" />
      <TestMethod codeBase="C:\Users\navb\source\repos\SampleProject\TestProject\UnitTestProject10\bin\Debug\UnitTestProject10.dll" adapterTypeName="Microsoft.VisualStudio.TestTools.TestTypes.Unit.UnitTestAdapter" className="UnitTestinProgress.MSTestClass2" name="MSTest_P2_278" />
    </UnitTest>
    <UnitTest name="MSTest_P2_279" storage="c:\users\navb\source\repos\sampleproject\testproject\unittestproject10\bin\debug\unittestproject10.dll" id="dfbdc630-5e07-0fdc-f3fc-f4c6c0ff0370">
      <Execution id="a22c75e6-f598-4fc6-b543-49e9bdf54c8e" />
      <TestMethod codeBase="C:\Users\navb\source\repos\SampleProject\TestProject\UnitTestProject10\bin\Debug\UnitTestProject10.dll" adapterTypeName="Microsoft.VisualStudio.TestTools.TestTypes.Unit.UnitTestAdapter" className="UnitTestinProgress.MSTestClass2" name="MSTest_P2_279" />
    </UnitTest>
    <UnitTest name="MSTest_P2_280" storage="c:\users\navb\source\repos\sampleproject\testproject\unittestproject10\bin\debug\unittestproject10.dll" id="b4074a21-e2ce-5842-e74d-fc3d260f335c">
      <Execution id="4ae1a6e8-7643-40b2-ac89-416e4efd2de9" />
      <TestMethod codeBase="C:\Users\navb\source\repos\SampleProject\TestProject\UnitTestProject10\bin\Debug\UnitTestProject10.dll" adapterTypeName="Microsoft.VisualStudio.TestTools.TestTypes.Unit.UnitTestAdapter" className="UnitTestinProgress.MSTestClass2" name="MSTest_P2_280" />
    </UnitTest>
    <UnitTest name="MSTest_P2_281" storage="c:\users\navb\source\repos\sampleproject\testproject\unittestproject10\bin\debug\unittestproject10.dll" id="cbb203b9-e6ef-c267-30db-ffaaa0662758">
      <Execution id="2aec5eb5-00a1-4f9a-908b-0f41834c0c3c" />
      <TestMethod codeBase="C:\Users\navb\source\repos\SampleProject\TestProject\UnitTestProject10\bin\Debug\UnitTestProject10.dll" adapterTypeName="Microsoft.VisualStudio.TestTools.TestTypes.Unit.UnitTestAdapter" className="UnitTestinProgress.MSTestClass2" name="MSTest_P2_281" />
    </UnitTest>
    <UnitTest name="MSTest_P2_282" storage="c:\users\navb\source\repos\sampleproject\testproject\unittestproject10\bin\debug\unittestproject10.dll" id="093d6d69-22d5-1124-5efd-663062435753">
      <Execution id="ac80e207-398a-4102-878b-cfadc0167287" />
      <TestMethod codeBase="C:\Users\navb\source\repos\SampleProject\TestProject\UnitTestProject10\bin\Debug\UnitTestProject10.dll" adapterTypeName="Microsoft.VisualStudio.TestTools.TestTypes.Unit.UnitTestAdapter" className="UnitTestinProgress.MSTestClass2" name="MSTest_P2_282" />
    </UnitTest>
    <UnitTest name="MSTest_P2_283" storage="c:\users\navb\source\repos\sampleproject\testproject\unittestproject10\bin\debug\unittestproject10.dll" id="e7aea337-de24-a376-f3b9-0d22e1d8af40">
      <Execution id="c6a8800f-0732-45a1-aa3b-d099a5d8f8be" />
      <TestMethod codeBase="C:\Users\navb\source\repos\SampleProject\TestProject\UnitTestProject10\bin\Debug\UnitTestProject10.dll" adapterTypeName="Microsoft.VisualStudio.TestTools.TestTypes.Unit.UnitTestAdapter" className="UnitTestinProgress.MSTestClass2" name="MSTest_P2_283" />
    </UnitTest>
    <UnitTest name="MSTest_P2_284" storage="c:\users\navb\source\repos\sampleproject\testproject\unittestproject10\bin\debug\unittestproject10.dll" id="08154134-9b90-89e8-9af5-168ac43908b2">
      <Execution id="8e484aaa-2201-4397-80c5-200c6700e274" />
      <TestMethod codeBase="C:\Users\navb\source\repos\SampleProject\TestProject\UnitTestProject10\bin\Debug\UnitTestProject10.dll" adapterTypeName="Microsoft.VisualStudio.TestTools.TestTypes.Unit.UnitTestAdapter" className="UnitTestinProgress.MSTestClass2" name="MSTest_P2_284" />
    </UnitTest>
    <UnitTest name="MSTest_P2_285" storage="c:\users\navb\source\repos\sampleproject\testproject\unittestproject10\bin\debug\unittestproject10.dll" id="2290ca4f-3875-8b90-edfe-8bab19de1b67">
      <Execution id="2e30dc2c-a71a-416c-bccb-1ccffe36bb0d" />
      <TestMethod codeBase="C:\Users\navb\source\repos\SampleProject\TestProject\UnitTestProject10\bin\Debug\UnitTestProject10.dll" adapterTypeName="Microsoft.VisualStudio.TestTools.TestTypes.Unit.UnitTestAdapter" className="UnitTestinProgress.MSTestClass2" name="MSTest_P2_285" />
    </UnitTest>
    <UnitTest name="MSTest_P2_286" storage="c:\users\navb\source\repos\sampleproject\testproject\unittestproject10\bin\debug\unittestproject10.dll" id="d7c9e9c0-379b-4273-60a5-d000d941afe0">
      <Execution id="a1292602-8ff2-4035-9ed8-9f2c3617fbb1" />
      <TestMethod codeBase="C:\Users\navb\source\repos\SampleProject\TestProject\UnitTestProject10\bin\Debug\UnitTestProject10.dll" adapterTypeName="Microsoft.VisualStudio.TestTools.TestTypes.Unit.UnitTestAdapter" className="UnitTestinProgress.MSTestClass2" name="MSTest_P2_286" />
    </UnitTest>
    <UnitTest name="MSTest_P2_287" storage="c:\users\navb\source\repos\sampleproject\testproject\unittestproject10\bin\debug\unittestproject10.dll" id="0393dea9-21b3-c648-a2bb-8c43c535c531">
      <Execution id="a259c78a-30bc-4841-827e-1ee881d859f9" />
      <TestMethod codeBase="C:\Users\navb\source\repos\SampleProject\TestProject\UnitTestProject10\bin\Debug\UnitTestProject10.dll" adapterTypeName="Microsoft.VisualStudio.TestTools.TestTypes.Unit.UnitTestAdapter" className="UnitTestinProgress.MSTestClass2" name="MSTest_P2_287" />
    </UnitTest>
    <UnitTest name="MSTest_P2_288" storage="c:\users\navb\source\repos\sampleproject\testproject\unittestproject10\bin\debug\unittestproject10.dll" id="1609fce3-b504-eda5-c2a7-88a436828de6">
      <Execution id="dfc69bc4-87b9-4c31-9254-d1f904d3fc46" />
      <TestMethod codeBase="C:\Users\navb\source\repos\SampleProject\TestProject\UnitTestProject10\bin\Debug\UnitTestProject10.dll" adapterTypeName="Microsoft.VisualStudio.TestTools.TestTypes.Unit.UnitTestAdapter" className="UnitTestinProgress.MSTestClass2" name="MSTest_P2_288" />
    </UnitTest>
    <UnitTest name="MSTest_P2_289" storage="c:\users\navb\source\repos\sampleproject\testproject\unittestproject10\bin\debug\unittestproject10.dll" id="98f07e3c-358f-d3cf-0895-d97022d04d5a">
      <Execution id="7e6d2ad2-1580-4f46-8b42-918077c18bfe" />
      <TestMethod codeBase="C:\Users\navb\source\repos\SampleProject\TestProject\UnitTestProject10\bin\Debug\UnitTestProject10.dll" adapterTypeName="Microsoft.VisualStudio.TestTools.TestTypes.Unit.UnitTestAdapter" className="UnitTestinProgress.MSTestClass2" name="MSTest_P2_289" />
    </UnitTest>
    <UnitTest name="MSTest_P2_290" storage="c:\users\navb\source\repos\sampleproject\testproject\unittestproject10\bin\debug\unittestproject10.dll" id="ada0b923-425a-7a46-ecff-77f785a5120c">
      <Execution id="86cd2b05-d76e-444e-8d77-2f3fa0be4ba2" />
      <TestMethod codeBase="C:\Users\navb\source\repos\SampleProject\TestProject\UnitTestProject10\bin\Debug\UnitTestProject10.dll" adapterTypeName="Microsoft.VisualStudio.TestTools.TestTypes.Unit.UnitTestAdapter" className="UnitTestinProgress.MSTestClass2" name="MSTest_P2_290" />
    </UnitTest>
    <UnitTest name="MSTest_P2_291" storage="c:\users\navb\source\repos\sampleproject\testproject\unittestproject10\bin\debug\unittestproject10.dll" id="30c94d1c-21b6-fe2b-316a-7b2ede5b4559">
      <Execution id="e351cd96-67e5-4f69-b388-f359d22701a1" />
      <TestMethod codeBase="C:\Users\navb\source\repos\SampleProject\TestProject\UnitTestProject10\bin\Debug\UnitTestProject10.dll" adapterTypeName="Microsoft.VisualStudio.TestTools.TestTypes.Unit.UnitTestAdapter" className="UnitTestinProgress.MSTestClass2" name="MSTest_P2_291" />
    </UnitTest>
    <UnitTest name="MSTest_P2_292" storage="c:\users\navb\source\repos\sampleproject\testproject\unittestproject10\bin\debug\unittestproject10.dll" id="55b8d4af-b440-c4c8-a2fe-e30838b46a22">
      <Execution id="a7cc5d39-5e71-407c-9974-4fd0e3ab8e77" />
      <TestMethod codeBase="C:\Users\navb\source\repos\SampleProject\TestProject\UnitTestProject10\bin\Debug\UnitTestProject10.dll" adapterTypeName="Microsoft.VisualStudio.TestTools.TestTypes.Unit.UnitTestAdapter" className="UnitTestinProgress.MSTestClass2" name="MSTest_P2_292" />
    </UnitTest>
    <UnitTest name="MSTest_P2_293" storage="c:\users\navb\source\repos\sampleproject\testproject\unittestproject10\bin\debug\unittestproject10.dll" id="a3fd5dca-f73b-62b1-bd58-55ba1ea9a5c1">
      <Execution id="7852c73a-077a-401a-ba25-fc1a4bb5e2a1" />
      <TestMethod codeBase="C:\Users\navb\source\repos\SampleProject\TestProject\UnitTestProject10\bin\Debug\UnitTestProject10.dll" adapterTypeName="Microsoft.VisualStudio.TestTools.TestTypes.Unit.UnitTestAdapter" className="UnitTestinProgress.MSTestClass2" name="MSTest_P2_293" />
    </UnitTest>
    <UnitTest name="MSTest_P2_294" storage="c:\users\navb\source\repos\sampleproject\testproject\unittestproject10\bin\debug\unittestproject10.dll" id="3001e9c2-ed25-f9b0-79a7-f5c487f354a4">
      <Execution id="3c200928-17b3-489d-b6aa-2b4be16e6fc9" />
      <TestMethod codeBase="C:\Users\navb\source\repos\SampleProject\TestProject\UnitTestProject10\bin\Debug\UnitTestProject10.dll" adapterTypeName="Microsoft.VisualStudio.TestTools.TestTypes.Unit.UnitTestAdapter" className="UnitTestinProgress.MSTestClass2" name="MSTest_P2_294" />
    </UnitTest>
    <UnitTest name="MSTest_P2_295" storage="c:\users\navb\source\repos\sampleproject\testproject\unittestproject10\bin\debug\unittestproject10.dll" id="5d6f6418-386d-98fe-bae2-b06e56b1e19a">
      <Execution id="121e86ea-f536-4472-9073-31cbcba0f649" />
      <TestMethod codeBase="C:\Users\navb\source\repos\SampleProject\TestProject\UnitTestProject10\bin\Debug\UnitTestProject10.dll" adapterTypeName="Microsoft.VisualStudio.TestTools.TestTypes.Unit.UnitTestAdapter" className="UnitTestinProgress.MSTestClass2" name="MSTest_P2_295" />
    </UnitTest>
    <UnitTest name="MSTest_P2_296" storage="c:\users\navb\source\repos\sampleproject\testproject\unittestproject10\bin\debug\unittestproject10.dll" id="57ba7df0-92b3-047b-5050-37512ab886e0">
      <Execution id="10704aed-a3d2-4de6-ba0c-a4bc790e2a5c" />
      <TestMethod codeBase="C:\Users\navb\source\repos\SampleProject\TestProject\UnitTestProject10\bin\Debug\UnitTestProject10.dll" adapterTypeName="Microsoft.VisualStudio.TestTools.TestTypes.Unit.UnitTestAdapter" className="UnitTestinProgress.MSTestClass2" name="MSTest_P2_296" />
    </UnitTest>
    <UnitTest name="MSTest_P2_297" storage="c:\users\navb\source\repos\sampleproject\testproject\unittestproject10\bin\debug\unittestproject10.dll" id="e0f0bbf4-1dc9-3459-3c93-967eeb7520cf">
      <Execution id="ecbfe9b4-3ddf-408d-9d43-8da40d4d7f04" />
      <TestMethod codeBase="C:\Users\navb\source\repos\SampleProject\TestProject\UnitTestProject10\bin\Debug\UnitTestProject10.dll" adapterTypeName="Microsoft.VisualStudio.TestTools.TestTypes.Unit.UnitTestAdapter" className="UnitTestinProgress.MSTestClass2" name="MSTest_P2_297" />
    </UnitTest>
    <UnitTest name="MSTest_P2_298" storage="c:\users\navb\source\repos\sampleproject\testproject\unittestproject10\bin\debug\unittestproject10.dll" id="cc9c5d43-fd02-7e0a-3b7a-3966d3d7218e">
      <Execution id="0d8595c7-4c72-42c4-b8bb-d3f7deee8f63" />
      <TestMethod codeBase="C:\Users\navb\source\repos\SampleProject\TestProject\UnitTestProject10\bin\Debug\UnitTestProject10.dll" adapterTypeName="Microsoft.VisualStudio.TestTools.TestTypes.Unit.UnitTestAdapter" className="UnitTestinProgress.MSTestClass2" name="MSTest_P2_298" />
    </UnitTest>
    <UnitTest name="MSTest_P2_299" storage="c:\users\navb\source\repos\sampleproject\testproject\unittestproject10\bin\debug\unittestproject10.dll" id="dca091ea-1cbc-5f9a-7502-bbe023c83808">
      <Execution id="bb622b96-b006-4752-8f3c-ecb4a1211f6a" />
      <TestMethod codeBase="C:\Users\navb\source\repos\SampleProject\TestProject\UnitTestProject10\bin\Debug\UnitTestProject10.dll" adapterTypeName="Microsoft.VisualStudio.TestTools.TestTypes.Unit.UnitTestAdapter" className="UnitTestinProgress.MSTestClass2" name="MSTest_P2_299" />
    </UnitTest>
    <UnitTest name="MSTest_P2_300" storage="c:\users\navb\source\repos\sampleproject\testproject\unittestproject10\bin\debug\unittestproject10.dll" id="7a7864aa-a264-e531-b03f-9ba77df9e4f4">
      <Execution id="9f86aba3-eab9-4bb2-9399-31a34e30b7ff" />
      <TestMethod codeBase="C:\Users\navb\source\repos\SampleProject\TestProject\UnitTestProject10\bin\Debug\UnitTestProject10.dll" adapterTypeName="Microsoft.VisualStudio.TestTools.TestTypes.Unit.UnitTestAdapter" className="UnitTestinProgress.MSTestClass2" name="MSTest_P2_300" />
    </UnitTest>
    <UnitTest name="MSTest_P2_301" storage="c:\users\navb\source\repos\sampleproject\testproject\unittestproject10\bin\debug\unittestproject10.dll" id="a3264e97-a002-ccfa-f0fa-ad04bee9701c">
      <Execution id="51fedcc1-6869-4441-88e8-e5cf732ab342" />
      <TestMethod codeBase="C:\Users\navb\source\repos\SampleProject\TestProject\UnitTestProject10\bin\Debug\UnitTestProject10.dll" adapterTypeName="Microsoft.VisualStudio.TestTools.TestTypes.Unit.UnitTestAdapter" className="UnitTestinProgress.MSTestClass2" name="MSTest_P2_301" />
    </UnitTest>
    <UnitTest name="MSTest_P2_302" storage="c:\users\navb\source\repos\sampleproject\testproject\unittestproject10\bin\debug\unittestproject10.dll" id="c943d2d5-d592-e6ca-6e00-44246c3c5f00">
      <Execution id="143edff2-1c23-4e8f-8610-a231e5653001" />
      <TestMethod codeBase="C:\Users\navb\source\repos\SampleProject\TestProject\UnitTestProject10\bin\Debug\UnitTestProject10.dll" adapterTypeName="Microsoft.VisualStudio.TestTools.TestTypes.Unit.UnitTestAdapter" className="UnitTestinProgress.MSTestClass2" name="MSTest_P2_302" />
    </UnitTest>
    <UnitTest name="MSTest_P2_303" storage="c:\users\navb\source\repos\sampleproject\testproject\unittestproject10\bin\debug\unittestproject10.dll" id="9bb1dcad-fcb0-330d-0709-c9e4144cf7f8">
      <Execution id="87f68a35-526a-4619-a1b2-b3a02697f0db" />
      <TestMethod codeBase="C:\Users\navb\source\repos\SampleProject\TestProject\UnitTestProject10\bin\Debug\UnitTestProject10.dll" adapterTypeName="Microsoft.VisualStudio.TestTools.TestTypes.Unit.UnitTestAdapter" className="UnitTestinProgress.MSTestClass2" name="MSTest_P2_303" />
    </UnitTest>
    <UnitTest name="MSTest_P2_304" storage="c:\users\navb\source\repos\sampleproject\testproject\unittestproject10\bin\debug\unittestproject10.dll" id="d26c349f-95f0-0d83-37b0-8277c4d50a65">
      <Execution id="a2faa180-db8c-4a12-8021-aec11038ad96" />
      <TestMethod codeBase="C:\Users\navb\source\repos\SampleProject\TestProject\UnitTestProject10\bin\Debug\UnitTestProject10.dll" adapterTypeName="Microsoft.VisualStudio.TestTools.TestTypes.Unit.UnitTestAdapter" className="UnitTestinProgress.MSTestClass2" name="MSTest_P2_304" />
    </UnitTest>
    <UnitTest name="MSTest_P2_305" storage="c:\users\navb\source\repos\sampleproject\testproject\unittestproject10\bin\debug\unittestproject10.dll" id="66f6f9ca-c07b-4d38-5e2a-4920c58f51c4">
      <Execution id="471bd0f7-cfa8-4a48-9415-c7d93c4df834" />
      <TestMethod codeBase="C:\Users\navb\source\repos\SampleProject\TestProject\UnitTestProject10\bin\Debug\UnitTestProject10.dll" adapterTypeName="Microsoft.VisualStudio.TestTools.TestTypes.Unit.UnitTestAdapter" className="UnitTestinProgress.MSTestClass2" name="MSTest_P2_305" />
    </UnitTest>
    <UnitTest name="MSTest_P2_306" storage="c:\users\navb\source\repos\sampleproject\testproject\unittestproject10\bin\debug\unittestproject10.dll" id="e31f0b37-bc0f-e336-b3b7-a2096cfbdfc1">
      <Execution id="cf0d82e2-a18f-4460-b6b7-8cc56f407043" />
      <TestMethod codeBase="C:\Users\navb\source\repos\SampleProject\TestProject\UnitTestProject10\bin\Debug\UnitTestProject10.dll" adapterTypeName="Microsoft.VisualStudio.TestTools.TestTypes.Unit.UnitTestAdapter" className="UnitTestinProgress.MSTestClass2" name="MSTest_P2_306" />
    </UnitTest>
    <UnitTest name="MSTest_P2_307" storage="c:\users\navb\source\repos\sampleproject\testproject\unittestproject10\bin\debug\unittestproject10.dll" id="877d15db-0f38-4d44-e0c0-f170c92f8958">
      <Execution id="2de4351d-7e43-44f4-8fec-59d872b1c917" />
      <TestMethod codeBase="C:\Users\navb\source\repos\SampleProject\TestProject\UnitTestProject10\bin\Debug\UnitTestProject10.dll" adapterTypeName="Microsoft.VisualStudio.TestTools.TestTypes.Unit.UnitTestAdapter" className="UnitTestinProgress.MSTestClass2" name="MSTest_P2_307" />
    </UnitTest>
    <UnitTest name="MSTest_P2_308" storage="c:\users\navb\source\repos\sampleproject\testproject\unittestproject10\bin\debug\unittestproject10.dll" id="ef7b2c37-1e52-0fec-59d9-aedf0ac4d7b8">
      <Execution id="11231866-bd2a-4e75-901a-9230a608402f" />
      <TestMethod codeBase="C:\Users\navb\source\repos\SampleProject\TestProject\UnitTestProject10\bin\Debug\UnitTestProject10.dll" adapterTypeName="Microsoft.VisualStudio.TestTools.TestTypes.Unit.UnitTestAdapter" className="UnitTestinProgress.MSTestClass2" name="MSTest_P2_308" />
    </UnitTest>
    <UnitTest name="MSTest_P2_309" storage="c:\users\navb\source\repos\sampleproject\testproject\unittestproject10\bin\debug\unittestproject10.dll" id="182711c0-250a-b813-8f26-c4e2fd373900">
      <Execution id="08be86f0-39f6-432d-a07b-c7723b5d69e1" />
      <TestMethod codeBase="C:\Users\navb\source\repos\SampleProject\TestProject\UnitTestProject10\bin\Debug\UnitTestProject10.dll" adapterTypeName="Microsoft.VisualStudio.TestTools.TestTypes.Unit.UnitTestAdapter" className="UnitTestinProgress.MSTestClass2" name="MSTest_P2_309" />
    </UnitTest>
    <UnitTest name="MSTest_P2_310" storage="c:\users\navb\source\repos\sampleproject\testproject\unittestproject10\bin\debug\unittestproject10.dll" id="9110038b-b223-ff94-2668-b85a069e7261">
      <Execution id="28f298e8-c34f-4380-887d-c7f085a36ff4" />
      <TestMethod codeBase="C:\Users\navb\source\repos\SampleProject\TestProject\UnitTestProject10\bin\Debug\UnitTestProject10.dll" adapterTypeName="Microsoft.VisualStudio.TestTools.TestTypes.Unit.UnitTestAdapter" className="UnitTestinProgress.MSTestClass2" name="MSTest_P2_310" />
    </UnitTest>
    <UnitTest name="MSTest_P2_311" storage="c:\users\navb\source\repos\sampleproject\testproject\unittestproject10\bin\debug\unittestproject10.dll" id="9524ede8-16bb-7379-a529-3ec35e85c5bc">
      <Execution id="e6ee5f50-5792-4ccd-a664-c3132f2fd499" />
      <TestMethod codeBase="C:\Users\navb\source\repos\SampleProject\TestProject\UnitTestProject10\bin\Debug\UnitTestProject10.dll" adapterTypeName="Microsoft.VisualStudio.TestTools.TestTypes.Unit.UnitTestAdapter" className="UnitTestinProgress.MSTestClass2" name="MSTest_P2_311" />
    </UnitTest>
    <UnitTest name="MSTest_P2_312" storage="c:\users\navb\source\repos\sampleproject\testproject\unittestproject10\bin\debug\unittestproject10.dll" id="f85eddb6-61e8-5884-3144-1ddf8899fb41">
      <Execution id="e98acc72-1780-471b-995b-a876852ce399" />
      <TestMethod codeBase="C:\Users\navb\source\repos\SampleProject\TestProject\UnitTestProject10\bin\Debug\UnitTestProject10.dll" adapterTypeName="Microsoft.VisualStudio.TestTools.TestTypes.Unit.UnitTestAdapter" className="UnitTestinProgress.MSTestClass2" name="MSTest_P2_312" />
    </UnitTest>
    <UnitTest name="MSTest_P2_313" storage="c:\users\navb\source\repos\sampleproject\testproject\unittestproject10\bin\debug\unittestproject10.dll" id="6094b16c-1fc2-c53b-5d3f-03b3a5b9342c">
      <Execution id="5af93e96-cf47-4c1c-b8de-9a5ce4c780a7" />
      <TestMethod codeBase="C:\Users\navb\source\repos\SampleProject\TestProject\UnitTestProject10\bin\Debug\UnitTestProject10.dll" adapterTypeName="Microsoft.VisualStudio.TestTools.TestTypes.Unit.UnitTestAdapter" className="UnitTestinProgress.MSTestClass2" name="MSTest_P2_313" />
    </UnitTest>
    <UnitTest name="MSTest_P2_314" storage="c:\users\navb\source\repos\sampleproject\testproject\unittestproject10\bin\debug\unittestproject10.dll" id="339551d9-9d17-4cb2-416c-11838942374e">
      <Execution id="18cdd10f-6358-473a-a0d9-88e983ec8c99" />
      <TestMethod codeBase="C:\Users\navb\source\repos\SampleProject\TestProject\UnitTestProject10\bin\Debug\UnitTestProject10.dll" adapterTypeName="Microsoft.VisualStudio.TestTools.TestTypes.Unit.UnitTestAdapter" className="UnitTestinProgress.MSTestClass2" name="MSTest_P2_314" />
    </UnitTest>
    <UnitTest name="MSTest_P2_315" storage="c:\users\navb\source\repos\sampleproject\testproject\unittestproject10\bin\debug\unittestproject10.dll" id="127bdc48-2cb0-eb0d-0eb8-f4e5625c7a31">
      <Execution id="11903e2e-6504-421d-86e3-76a6a3707cd3" />
      <TestMethod codeBase="C:\Users\navb\source\repos\SampleProject\TestProject\UnitTestProject10\bin\Debug\UnitTestProject10.dll" adapterTypeName="Microsoft.VisualStudio.TestTools.TestTypes.Unit.UnitTestAdapter" className="UnitTestinProgress.MSTestClass2" name="MSTest_P2_315" />
    </UnitTest>
    <UnitTest name="MSTest_P2_316" storage="c:\users\navb\source\repos\sampleproject\testproject\unittestproject10\bin\debug\unittestproject10.dll" id="a378e966-1967-03e8-6d2e-051b0c421b96">
      <Execution id="99a33310-2310-4e3c-af7e-2588fc3b0d95" />
      <TestMethod codeBase="C:\Users\navb\source\repos\SampleProject\TestProject\UnitTestProject10\bin\Debug\UnitTestProject10.dll" adapterTypeName="Microsoft.VisualStudio.TestTools.TestTypes.Unit.UnitTestAdapter" className="UnitTestinProgress.MSTestClass2" name="MSTest_P2_316" />
    </UnitTest>
    <UnitTest name="MSTest_P2_317" storage="c:\users\navb\source\repos\sampleproject\testproject\unittestproject10\bin\debug\unittestproject10.dll" id="5a26a265-5783-93f2-3fcd-7e67c3d71a8c">
      <Execution id="338ff769-9954-4a22-b0b8-f1637e465c55" />
      <TestMethod codeBase="C:\Users\navb\source\repos\SampleProject\TestProject\UnitTestProject10\bin\Debug\UnitTestProject10.dll" adapterTypeName="Microsoft.VisualStudio.TestTools.TestTypes.Unit.UnitTestAdapter" className="UnitTestinProgress.MSTestClass2" name="MSTest_P2_317" />
    </UnitTest>
    <UnitTest name="MSTest_P2_318" storage="c:\users\navb\source\repos\sampleproject\testproject\unittestproject10\bin\debug\unittestproject10.dll" id="3eced6e8-2bb6-e504-06e4-8d378e6ddff6">
      <Execution id="6b6fbff7-cc9e-43c8-8edb-26c5f76ec45d" />
      <TestMethod codeBase="C:\Users\navb\source\repos\SampleProject\TestProject\UnitTestProject10\bin\Debug\UnitTestProject10.dll" adapterTypeName="Microsoft.VisualStudio.TestTools.TestTypes.Unit.UnitTestAdapter" className="UnitTestinProgress.MSTestClass2" name="MSTest_P2_318" />
    </UnitTest>
    <UnitTest name="MSTest_P2_319" storage="c:\users\navb\source\repos\sampleproject\testproject\unittestproject10\bin\debug\unittestproject10.dll" id="67742a60-4b68-e5e0-9d7e-b44a8b7eeadd">
      <Execution id="bcf34f97-a184-4c9b-b776-da00da39ced9" />
      <TestMethod codeBase="C:\Users\navb\source\repos\SampleProject\TestProject\UnitTestProject10\bin\Debug\UnitTestProject10.dll" adapterTypeName="Microsoft.VisualStudio.TestTools.TestTypes.Unit.UnitTestAdapter" className="UnitTestinProgress.MSTestClass2" name="MSTest_P2_319" />
    </UnitTest>
    <UnitTest name="MSTest_P2_320" storage="c:\users\navb\source\repos\sampleproject\testproject\unittestproject10\bin\debug\unittestproject10.dll" id="5a662f06-97b9-d580-dc09-5b578c4f6e42">
      <Execution id="e6200718-4f69-41f5-9f86-d0813c138aac" />
      <TestMethod codeBase="C:\Users\navb\source\repos\SampleProject\TestProject\UnitTestProject10\bin\Debug\UnitTestProject10.dll" adapterTypeName="Microsoft.VisualStudio.TestTools.TestTypes.Unit.UnitTestAdapter" className="UnitTestinProgress.MSTestClass2" name="MSTest_P2_320" />
    </UnitTest>
    <UnitTest name="MSTest_P2_321" storage="c:\users\navb\source\repos\sampleproject\testproject\unittestproject10\bin\debug\unittestproject10.dll" id="0a43a3a6-79b0-9182-0258-9188c25dc043">
      <Execution id="edae3391-9e21-440f-aa70-8b49f62392ce" />
      <TestMethod codeBase="C:\Users\navb\source\repos\SampleProject\TestProject\UnitTestProject10\bin\Debug\UnitTestProject10.dll" adapterTypeName="Microsoft.VisualStudio.TestTools.TestTypes.Unit.UnitTestAdapter" className="UnitTestinProgress.MSTestClass2" name="MSTest_P2_321" />
    </UnitTest>
    <UnitTest name="MSTest_P2_322" storage="c:\users\navb\source\repos\sampleproject\testproject\unittestproject10\bin\debug\unittestproject10.dll" id="a5b0261c-99ed-6de0-4e82-ffb3c3a8c55d">
      <Execution id="21c10f7d-ef10-4d0d-85d8-0791c92e1bec" />
      <TestMethod codeBase="C:\Users\navb\source\repos\SampleProject\TestProject\UnitTestProject10\bin\Debug\UnitTestProject10.dll" adapterTypeName="Microsoft.VisualStudio.TestTools.TestTypes.Unit.UnitTestAdapter" className="UnitTestinProgress.MSTestClass2" name="MSTest_P2_322" />
    </UnitTest>
    <UnitTest name="MSTest_P2_323" storage="c:\users\navb\source\repos\sampleproject\testproject\unittestproject10\bin\debug\unittestproject10.dll" id="dc5585c5-ed56-4d92-117f-27ee8bbc6392">
      <Execution id="865f46ff-1f7f-41ff-85bb-b03326f60189" />
      <TestMethod codeBase="C:\Users\navb\source\repos\SampleProject\TestProject\UnitTestProject10\bin\Debug\UnitTestProject10.dll" adapterTypeName="Microsoft.VisualStudio.TestTools.TestTypes.Unit.UnitTestAdapter" className="UnitTestinProgress.MSTestClass2" name="MSTest_P2_323" />
    </UnitTest>
    <UnitTest name="MSTest_P2_324" storage="c:\users\navb\source\repos\sampleproject\testproject\unittestproject10\bin\debug\unittestproject10.dll" id="8652aeba-792d-9d8c-0f0f-b917a43460b0">
      <Execution id="600d7861-a511-4b88-8894-06ea5c4bb646" />
      <TestMethod codeBase="C:\Users\navb\source\repos\SampleProject\TestProject\UnitTestProject10\bin\Debug\UnitTestProject10.dll" adapterTypeName="Microsoft.VisualStudio.TestTools.TestTypes.Unit.UnitTestAdapter" className="UnitTestinProgress.MSTestClass2" name="MSTest_P2_324" />
    </UnitTest>
    <UnitTest name="MSTest_P2_325" storage="c:\users\navb\source\repos\sampleproject\testproject\unittestproject10\bin\debug\unittestproject10.dll" id="cd9b80e2-b450-dfb5-50fe-c74d73b29539">
      <Execution id="6e6e2fe7-46cf-4786-bc04-0e6d8eb0b761" />
      <TestMethod codeBase="C:\Users\navb\source\repos\SampleProject\TestProject\UnitTestProject10\bin\Debug\UnitTestProject10.dll" adapterTypeName="Microsoft.VisualStudio.TestTools.TestTypes.Unit.UnitTestAdapter" className="UnitTestinProgress.MSTestClass2" name="MSTest_P2_325" />
    </UnitTest>
    <UnitTest name="MSTest_P2_326" storage="c:\users\navb\source\repos\sampleproject\testproject\unittestproject10\bin\debug\unittestproject10.dll" id="7d39e355-8daa-a30c-3d03-59dbb669e8dc">
      <Execution id="c0ba0b53-cf29-4f64-b286-07fe6fcacc24" />
      <TestMethod codeBase="C:\Users\navb\source\repos\SampleProject\TestProject\UnitTestProject10\bin\Debug\UnitTestProject10.dll" adapterTypeName="Microsoft.VisualStudio.TestTools.TestTypes.Unit.UnitTestAdapter" className="UnitTestinProgress.MSTestClass2" name="MSTest_P2_326" />
    </UnitTest>
    <UnitTest name="MSTest_P2_327" storage="c:\users\navb\source\repos\sampleproject\testproject\unittestproject10\bin\debug\unittestproject10.dll" id="c4fc2d07-7267-f47c-9b24-2eafbede2fff">
      <Execution id="1dfbe28f-50a0-4f7c-b3d2-231d6f94eee7" />
      <TestMethod codeBase="C:\Users\navb\source\repos\SampleProject\TestProject\UnitTestProject10\bin\Debug\UnitTestProject10.dll" adapterTypeName="Microsoft.VisualStudio.TestTools.TestTypes.Unit.UnitTestAdapter" className="UnitTestinProgress.MSTestClass2" name="MSTest_P2_327" />
    </UnitTest>
    <UnitTest name="MSTest_P2_328" storage="c:\users\navb\source\repos\sampleproject\testproject\unittestproject10\bin\debug\unittestproject10.dll" id="a85474ae-2967-b69d-5045-a4e24e68e36f">
      <Execution id="f56a538a-9b4c-40fa-a827-da26a309830c" />
      <TestMethod codeBase="C:\Users\navb\source\repos\SampleProject\TestProject\UnitTestProject10\bin\Debug\UnitTestProject10.dll" adapterTypeName="Microsoft.VisualStudio.TestTools.TestTypes.Unit.UnitTestAdapter" className="UnitTestinProgress.MSTestClass2" name="MSTest_P2_328" />
    </UnitTest>
    <UnitTest name="MSTest_P2_329" storage="c:\users\navb\source\repos\sampleproject\testproject\unittestproject10\bin\debug\unittestproject10.dll" id="142bee73-ffde-24dd-28ed-fe9e02e37abc">
      <Execution id="ef26f660-d688-4b54-80f2-9c2a979d4533" />
      <TestMethod codeBase="C:\Users\navb\source\repos\SampleProject\TestProject\UnitTestProject10\bin\Debug\UnitTestProject10.dll" adapterTypeName="Microsoft.VisualStudio.TestTools.TestTypes.Unit.UnitTestAdapter" className="UnitTestinProgress.MSTestClass2" name="MSTest_P2_329" />
    </UnitTest>
    <UnitTest name="MSTest_P2_330" storage="c:\users\navb\source\repos\sampleproject\testproject\unittestproject10\bin\debug\unittestproject10.dll" id="881cce1f-de25-d9c4-3686-f2632a9fa5d0">
      <Execution id="1bf68b53-e5a9-43f5-b0a8-3ab336ec9d97" />
      <TestMethod codeBase="C:\Users\navb\source\repos\SampleProject\TestProject\UnitTestProject10\bin\Debug\UnitTestProject10.dll" adapterTypeName="Microsoft.VisualStudio.TestTools.TestTypes.Unit.UnitTestAdapter" className="UnitTestinProgress.MSTestClass2" name="MSTest_P2_330" />
    </UnitTest>
    <UnitTest name="MSTest_P2_331" storage="c:\users\navb\source\repos\sampleproject\testproject\unittestproject10\bin\debug\unittestproject10.dll" id="a08653e0-4983-d171-dc6f-8458b680423b">
      <Execution id="94784249-c1fa-49b0-989c-5023ce788eda" />
      <TestMethod codeBase="C:\Users\navb\source\repos\SampleProject\TestProject\UnitTestProject10\bin\Debug\UnitTestProject10.dll" adapterTypeName="Microsoft.VisualStudio.TestTools.TestTypes.Unit.UnitTestAdapter" className="UnitTestinProgress.MSTestClass2" name="MSTest_P2_331" />
    </UnitTest>
    <UnitTest name="MSTest_P2_332" storage="c:\users\navb\source\repos\sampleproject\testproject\unittestproject10\bin\debug\unittestproject10.dll" id="df79eee8-6d78-6afa-dd9b-a03170811a13">
      <Execution id="7000829d-e55b-4908-8bbf-8d2e81b89417" />
      <TestMethod codeBase="C:\Users\navb\source\repos\SampleProject\TestProject\UnitTestProject10\bin\Debug\UnitTestProject10.dll" adapterTypeName="Microsoft.VisualStudio.TestTools.TestTypes.Unit.UnitTestAdapter" className="UnitTestinProgress.MSTestClass2" name="MSTest_P2_332" />
    </UnitTest>
    <UnitTest name="MSTest_P2_333" storage="c:\users\navb\source\repos\sampleproject\testproject\unittestproject10\bin\debug\unittestproject10.dll" id="3c0b759b-f07e-0aa4-02e0-0808101868e7">
      <Execution id="325edb7e-e841-4898-ba62-daa722176276" />
      <TestMethod codeBase="C:\Users\navb\source\repos\SampleProject\TestProject\UnitTestProject10\bin\Debug\UnitTestProject10.dll" adapterTypeName="Microsoft.VisualStudio.TestTools.TestTypes.Unit.UnitTestAdapter" className="UnitTestinProgress.MSTestClass2" name="MSTest_P2_333" />
    </UnitTest>
    <UnitTest name="MSTest_P2_334" storage="c:\users\navb\source\repos\sampleproject\testproject\unittestproject10\bin\debug\unittestproject10.dll" id="38841c9a-1e94-ace2-5531-37380c3cb27c">
      <Execution id="b61b87c9-265e-4729-86c3-ae1ad206cff5" />
      <TestMethod codeBase="C:\Users\navb\source\repos\SampleProject\TestProject\UnitTestProject10\bin\Debug\UnitTestProject10.dll" adapterTypeName="Microsoft.VisualStudio.TestTools.TestTypes.Unit.UnitTestAdapter" className="UnitTestinProgress.MSTestClass2" name="MSTest_P2_334" />
    </UnitTest>
    <UnitTest name="MSTest_P2_335" storage="c:\users\navb\source\repos\sampleproject\testproject\unittestproject10\bin\debug\unittestproject10.dll" id="c36cb8ae-46c1-d837-c91e-720bf2554055">
      <Execution id="f0a81a0d-318d-4b12-b6e7-d45b3cb42137" />
      <TestMethod codeBase="C:\Users\navb\source\repos\SampleProject\TestProject\UnitTestProject10\bin\Debug\UnitTestProject10.dll" adapterTypeName="Microsoft.VisualStudio.TestTools.TestTypes.Unit.UnitTestAdapter" className="UnitTestinProgress.MSTestClass2" name="MSTest_P2_335" />
    </UnitTest>
    <UnitTest name="MSTest_P2_336" storage="c:\users\navb\source\repos\sampleproject\testproject\unittestproject10\bin\debug\unittestproject10.dll" id="dab630fc-903d-cf72-2e8c-7c559e8ef2c8">
      <Execution id="e70a1103-175e-486b-99e6-68de93201ce4" />
      <TestMethod codeBase="C:\Users\navb\source\repos\SampleProject\TestProject\UnitTestProject10\bin\Debug\UnitTestProject10.dll" adapterTypeName="Microsoft.VisualStudio.TestTools.TestTypes.Unit.UnitTestAdapter" className="UnitTestinProgress.MSTestClass2" name="MSTest_P2_336" />
    </UnitTest>
    <UnitTest name="MSTest_P2_337" storage="c:\users\navb\source\repos\sampleproject\testproject\unittestproject10\bin\debug\unittestproject10.dll" id="e2010539-700a-0895-cf20-741f7c61fd6e">
      <Execution id="788f9f9b-5c1c-48b4-ae18-f76d6a34f9f1" />
      <TestMethod codeBase="C:\Users\navb\source\repos\SampleProject\TestProject\UnitTestProject10\bin\Debug\UnitTestProject10.dll" adapterTypeName="Microsoft.VisualStudio.TestTools.TestTypes.Unit.UnitTestAdapter" className="UnitTestinProgress.MSTestClass2" name="MSTest_P2_337" />
    </UnitTest>
    <UnitTest name="MSTest_P2_338" storage="c:\users\navb\source\repos\sampleproject\testproject\unittestproject10\bin\debug\unittestproject10.dll" id="ab40b798-d765-91f0-8e06-5b70f21cd8d8">
      <Execution id="7b67a322-f778-4011-8e5c-182894fb623b" />
      <TestMethod codeBase="C:\Users\navb\source\repos\SampleProject\TestProject\UnitTestProject10\bin\Debug\UnitTestProject10.dll" adapterTypeName="Microsoft.VisualStudio.TestTools.TestTypes.Unit.UnitTestAdapter" className="UnitTestinProgress.MSTestClass2" name="MSTest_P2_338" />
    </UnitTest>
    <UnitTest name="MSTest_P2_339" storage="c:\users\navb\source\repos\sampleproject\testproject\unittestproject10\bin\debug\unittestproject10.dll" id="5fa14b7d-7f59-da21-db8d-8057acd4ecd4">
      <Execution id="0351089a-80c4-47b6-8961-43239844cf2a" />
      <TestMethod codeBase="C:\Users\navb\source\repos\SampleProject\TestProject\UnitTestProject10\bin\Debug\UnitTestProject10.dll" adapterTypeName="Microsoft.VisualStudio.TestTools.TestTypes.Unit.UnitTestAdapter" className="UnitTestinProgress.MSTestClass2" name="MSTest_P2_339" />
    </UnitTest>
    <UnitTest name="MSTest_P2_340" storage="c:\users\navb\source\repos\sampleproject\testproject\unittestproject10\bin\debug\unittestproject10.dll" id="7546d94d-ce85-24d5-44ac-795ab0d6437a">
      <Execution id="a4454fe1-b373-4e00-a78a-14a1f110f656" />
      <TestMethod codeBase="C:\Users\navb\source\repos\SampleProject\TestProject\UnitTestProject10\bin\Debug\UnitTestProject10.dll" adapterTypeName="Microsoft.VisualStudio.TestTools.TestTypes.Unit.UnitTestAdapter" className="UnitTestinProgress.MSTestClass2" name="MSTest_P2_340" />
    </UnitTest>
    <UnitTest name="MSTest_P2_171" storage="c:\users\navb\source\repos\sampleproject\testproject\unittestproject10\bin\debug\unittestproject10.dll" id="2c1e3bdc-8e1d-9575-3498-9a33d518275d">
      <Execution id="9b2f7510-06c4-4d7a-a52d-1f8ae2e72599" />
      <TestMethod codeBase="C:\Users\navb\source\repos\SampleProject\TestProject\UnitTestProject10\bin\Debug\UnitTestProject10.dll" adapterTypeName="Microsoft.VisualStudio.TestTools.TestTypes.Unit.UnitTestAdapter" className="UnitTestinProgress.MSTestClass2" name="MSTest_P2_171" />
    </UnitTest>
    <UnitTest name="MSTest_P2_172" storage="c:\users\navb\source\repos\sampleproject\testproject\unittestproject10\bin\debug\unittestproject10.dll" id="2b46fd64-e5c0-ee62-8d5c-d0040171df6a">
      <Execution id="8cbce4f3-d72e-4249-a40a-837bb7d3647d" />
      <TestMethod codeBase="C:\Users\navb\source\repos\SampleProject\TestProject\UnitTestProject10\bin\Debug\UnitTestProject10.dll" adapterTypeName="Microsoft.VisualStudio.TestTools.TestTypes.Unit.UnitTestAdapter" className="UnitTestinProgress.MSTestClass2" name="MSTest_P2_172" />
    </UnitTest>
    <UnitTest name="MSTest_P2_173" storage="c:\users\navb\source\repos\sampleproject\testproject\unittestproject10\bin\debug\unittestproject10.dll" id="0cfe45c3-690d-b4eb-33cc-460f9a2b1e7f">
      <Execution id="c4abfd87-feaf-4660-b5c0-be4f8633cb24" />
      <TestMethod codeBase="C:\Users\navb\source\repos\SampleProject\TestProject\UnitTestProject10\bin\Debug\UnitTestProject10.dll" adapterTypeName="Microsoft.VisualStudio.TestTools.TestTypes.Unit.UnitTestAdapter" className="UnitTestinProgress.MSTestClass2" name="MSTest_P2_173" />
    </UnitTest>
    <UnitTest name="MSTest_P2_174" storage="c:\users\navb\source\repos\sampleproject\testproject\unittestproject10\bin\debug\unittestproject10.dll" id="ab640a57-752a-59a2-6621-efb7c01890e5">
      <Execution id="079af7fc-4e16-4543-82d6-2a0862d10eb8" />
      <TestMethod codeBase="C:\Users\navb\source\repos\SampleProject\TestProject\UnitTestProject10\bin\Debug\UnitTestProject10.dll" adapterTypeName="Microsoft.VisualStudio.TestTools.TestTypes.Unit.UnitTestAdapter" className="UnitTestinProgress.MSTestClass2" name="MSTest_P2_174" />
    </UnitTest>
    <UnitTest name="MSTest_P2_175" storage="c:\users\navb\source\repos\sampleproject\testproject\unittestproject10\bin\debug\unittestproject10.dll" id="55859722-169b-f5f5-a556-d0974eccd57b">
      <Execution id="574a818d-f848-4792-a53a-b5751f433b3f" />
      <TestMethod codeBase="C:\Users\navb\source\repos\SampleProject\TestProject\UnitTestProject10\bin\Debug\UnitTestProject10.dll" adapterTypeName="Microsoft.VisualStudio.TestTools.TestTypes.Unit.UnitTestAdapter" className="UnitTestinProgress.MSTestClass2" name="MSTest_P2_175" />
    </UnitTest>
    <UnitTest name="MSTest_P2_176" storage="c:\users\navb\source\repos\sampleproject\testproject\unittestproject10\bin\debug\unittestproject10.dll" id="eb685602-2e80-bc21-a1dc-470348e548df">
      <Execution id="ddb268d5-8850-4f23-b7d7-0dc0e859dd87" />
      <TestMethod codeBase="C:\Users\navb\source\repos\SampleProject\TestProject\UnitTestProject10\bin\Debug\UnitTestProject10.dll" adapterTypeName="Microsoft.VisualStudio.TestTools.TestTypes.Unit.UnitTestAdapter" className="UnitTestinProgress.MSTestClass2" name="MSTest_P2_176" />
    </UnitTest>
    <UnitTest name="MSTest_P2_177" storage="c:\users\navb\source\repos\sampleproject\testproject\unittestproject10\bin\debug\unittestproject10.dll" id="594e18ca-0987-37df-7dc2-c7573e82a6a9">
      <Execution id="2297a7c4-214c-47dd-90ca-d11f56cdf23e" />
      <TestMethod codeBase="C:\Users\navb\source\repos\SampleProject\TestProject\UnitTestProject10\bin\Debug\UnitTestProject10.dll" adapterTypeName="Microsoft.VisualStudio.TestTools.TestTypes.Unit.UnitTestAdapter" className="UnitTestinProgress.MSTestClass2" name="MSTest_P2_177" />
    </UnitTest>
    <UnitTest name="MSTest_P2_178" storage="c:\users\navb\source\repos\sampleproject\testproject\unittestproject10\bin\debug\unittestproject10.dll" id="eaa36cae-cec5-c0d3-577f-7f0969635ecb">
      <Execution id="f84f2d40-c357-4b22-a6a1-167e14e662e7" />
      <TestMethod codeBase="C:\Users\navb\source\repos\SampleProject\TestProject\UnitTestProject10\bin\Debug\UnitTestProject10.dll" adapterTypeName="Microsoft.VisualStudio.TestTools.TestTypes.Unit.UnitTestAdapter" className="UnitTestinProgress.MSTestClass2" name="MSTest_P2_178" />
    </UnitTest>
    <UnitTest name="MSTest_P2_179" storage="c:\users\navb\source\repos\sampleproject\testproject\unittestproject10\bin\debug\unittestproject10.dll" id="b2700c23-7976-41f4-f6a2-216b72a9e115">
      <Execution id="439ddf75-c57e-4745-8a0e-b6ea7eadbafd" />
      <TestMethod codeBase="C:\Users\navb\source\repos\SampleProject\TestProject\UnitTestProject10\bin\Debug\UnitTestProject10.dll" adapterTypeName="Microsoft.VisualStudio.TestTools.TestTypes.Unit.UnitTestAdapter" className="UnitTestinProgress.MSTestClass2" name="MSTest_P2_179" />
    </UnitTest>
    <UnitTest name="MSTest_P2_180" storage="c:\users\navb\source\repos\sampleproject\testproject\unittestproject10\bin\debug\unittestproject10.dll" id="5eb34856-2da0-4203-dee1-90fc0e782f79">
      <Execution id="5c6a5b97-1b90-4e83-8698-94889d713941" />
      <TestMethod codeBase="C:\Users\navb\source\repos\SampleProject\TestProject\UnitTestProject10\bin\Debug\UnitTestProject10.dll" adapterTypeName="Microsoft.VisualStudio.TestTools.TestTypes.Unit.UnitTestAdapter" className="UnitTestinProgress.MSTestClass2" name="MSTest_P2_180" />
    </UnitTest>
    <UnitTest name="MSTest_P2_181" storage="c:\users\navb\source\repos\sampleproject\testproject\unittestproject10\bin\debug\unittestproject10.dll" id="8654dbfb-f069-ee22-a306-8ad0a67bb14f">
      <Execution id="06a85a66-2e13-4b04-aeb4-0bb112120815" />
      <TestMethod codeBase="C:\Users\navb\source\repos\SampleProject\TestProject\UnitTestProject10\bin\Debug\UnitTestProject10.dll" adapterTypeName="Microsoft.VisualStudio.TestTools.TestTypes.Unit.UnitTestAdapter" className="UnitTestinProgress.MSTestClass2" name="MSTest_P2_181" />
    </UnitTest>
    <UnitTest name="MSTest_P2_182" storage="c:\users\navb\source\repos\sampleproject\testproject\unittestproject10\bin\debug\unittestproject10.dll" id="f8fc2d29-ae4a-2a28-38d3-c46c841711b9">
      <Execution id="78496af1-82f5-43d7-ad9a-95d2c284fd31" />
      <TestMethod codeBase="C:\Users\navb\source\repos\SampleProject\TestProject\UnitTestProject10\bin\Debug\UnitTestProject10.dll" adapterTypeName="Microsoft.VisualStudio.TestTools.TestTypes.Unit.UnitTestAdapter" className="UnitTestinProgress.MSTestClass2" name="MSTest_P2_182" />
    </UnitTest>
    <UnitTest name="MSTest_P2_183" storage="c:\users\navb\source\repos\sampleproject\testproject\unittestproject10\bin\debug\unittestproject10.dll" id="e2a26798-3e2d-66bf-b3ed-e240aa86b080">
      <Execution id="86201c71-4a90-4cd8-8c6c-49ea12b60636" />
      <TestMethod codeBase="C:\Users\navb\source\repos\SampleProject\TestProject\UnitTestProject10\bin\Debug\UnitTestProject10.dll" adapterTypeName="Microsoft.VisualStudio.TestTools.TestTypes.Unit.UnitTestAdapter" className="UnitTestinProgress.MSTestClass2" name="MSTest_P2_183" />
    </UnitTest>
    <UnitTest name="MSTest_P2_184" storage="c:\users\navb\source\repos\sampleproject\testproject\unittestproject10\bin\debug\unittestproject10.dll" id="aa756adc-70a2-2284-ea9c-e41840178340">
      <Execution id="a0caa8ca-51c5-4afb-9535-f8026c91fce9" />
      <TestMethod codeBase="C:\Users\navb\source\repos\SampleProject\TestProject\UnitTestProject10\bin\Debug\UnitTestProject10.dll" adapterTypeName="Microsoft.VisualStudio.TestTools.TestTypes.Unit.UnitTestAdapter" className="UnitTestinProgress.MSTestClass2" name="MSTest_P2_184" />
    </UnitTest>
    <UnitTest name="MSTest_P2_185" storage="c:\users\navb\source\repos\sampleproject\testproject\unittestproject10\bin\debug\unittestproject10.dll" id="c22dba7b-8048-0edc-4264-1337741bdbf3">
      <Execution id="bb2d2b34-bf49-45f6-a066-fb32ea15c73d" />
      <TestMethod codeBase="C:\Users\navb\source\repos\SampleProject\TestProject\UnitTestProject10\bin\Debug\UnitTestProject10.dll" adapterTypeName="Microsoft.VisualStudio.TestTools.TestTypes.Unit.UnitTestAdapter" className="UnitTestinProgress.MSTestClass2" name="MSTest_P2_185" />
    </UnitTest>
    <UnitTest name="MSTest_P2_186" storage="c:\users\navb\source\repos\sampleproject\testproject\unittestproject10\bin\debug\unittestproject10.dll" id="0269cbf6-265f-6c87-84a6-eaad977b24a8">
      <Execution id="bd4f7ce0-88d5-470c-96e9-74e40646057e" />
      <TestMethod codeBase="C:\Users\navb\source\repos\SampleProject\TestProject\UnitTestProject10\bin\Debug\UnitTestProject10.dll" adapterTypeName="Microsoft.VisualStudio.TestTools.TestTypes.Unit.UnitTestAdapter" className="UnitTestinProgress.MSTestClass2" name="MSTest_P2_186" />
    </UnitTest>
    <UnitTest name="MSTest_P2_187" storage="c:\users\navb\source\repos\sampleproject\testproject\unittestproject10\bin\debug\unittestproject10.dll" id="eb80484c-36af-5133-1ada-8954549d374b">
      <Execution id="029b708d-dce0-442c-b8ac-06b87243aa83" />
      <TestMethod codeBase="C:\Users\navb\source\repos\SampleProject\TestProject\UnitTestProject10\bin\Debug\UnitTestProject10.dll" adapterTypeName="Microsoft.VisualStudio.TestTools.TestTypes.Unit.UnitTestAdapter" className="UnitTestinProgress.MSTestClass2" name="MSTest_P2_187" />
    </UnitTest>
    <UnitTest name="MSTest_P2_188" storage="c:\users\navb\source\repos\sampleproject\testproject\unittestproject10\bin\debug\unittestproject10.dll" id="bebd57ae-bbed-9c03-8c0e-09b62ba6f6a1">
      <Execution id="1078a024-5c8a-4bb0-9253-ef7abb92f514" />
      <TestMethod codeBase="C:\Users\navb\source\repos\SampleProject\TestProject\UnitTestProject10\bin\Debug\UnitTestProject10.dll" adapterTypeName="Microsoft.VisualStudio.TestTools.TestTypes.Unit.UnitTestAdapter" className="UnitTestinProgress.MSTestClass2" name="MSTest_P2_188" />
    </UnitTest>
    <UnitTest name="MSTest_P2_189" storage="c:\users\navb\source\repos\sampleproject\testproject\unittestproject10\bin\debug\unittestproject10.dll" id="b73418ff-2ad6-01a4-4ee7-8828e8f303c7">
      <Execution id="fc42f0cb-464f-40b9-8d5a-66ff65482048" />
      <TestMethod codeBase="C:\Users\navb\source\repos\SampleProject\TestProject\UnitTestProject10\bin\Debug\UnitTestProject10.dll" adapterTypeName="Microsoft.VisualStudio.TestTools.TestTypes.Unit.UnitTestAdapter" className="UnitTestinProgress.MSTestClass2" name="MSTest_P2_189" />
    </UnitTest>
    <UnitTest name="MSTest_P2_190" storage="c:\users\navb\source\repos\sampleproject\testproject\unittestproject10\bin\debug\unittestproject10.dll" id="f6e3eaa7-8848-dc04-d52d-91af0fd72d66">
      <Execution id="0f5b31b7-cbc4-43c7-bf89-6663c017adda" />
      <TestMethod codeBase="C:\Users\navb\source\repos\SampleProject\TestProject\UnitTestProject10\bin\Debug\UnitTestProject10.dll" adapterTypeName="Microsoft.VisualStudio.TestTools.TestTypes.Unit.UnitTestAdapter" className="UnitTestinProgress.MSTestClass2" name="MSTest_P2_190" />
    </UnitTest>
    <UnitTest name="MSTest_P2_191" storage="c:\users\navb\source\repos\sampleproject\testproject\unittestproject10\bin\debug\unittestproject10.dll" id="8484725a-6cd4-83fb-3ffb-951c33303e96">
      <Execution id="1efcb1c1-ab31-481f-9d13-1fb776475cf1" />
      <TestMethod codeBase="C:\Users\navb\source\repos\SampleProject\TestProject\UnitTestProject10\bin\Debug\UnitTestProject10.dll" adapterTypeName="Microsoft.VisualStudio.TestTools.TestTypes.Unit.UnitTestAdapter" className="UnitTestinProgress.MSTestClass2" name="MSTest_P2_191" />
    </UnitTest>
    <UnitTest name="MSTest_P2_192" storage="c:\users\navb\source\repos\sampleproject\testproject\unittestproject10\bin\debug\unittestproject10.dll" id="ae90bd75-b902-7f37-c7b5-d2bdc8c4bc61">
      <Execution id="58647f68-84f9-499b-8c07-ce08de848d9d" />
      <TestMethod codeBase="C:\Users\navb\source\repos\SampleProject\TestProject\UnitTestProject10\bin\Debug\UnitTestProject10.dll" adapterTypeName="Microsoft.VisualStudio.TestTools.TestTypes.Unit.UnitTestAdapter" className="UnitTestinProgress.MSTestClass2" name="MSTest_P2_192" />
    </UnitTest>
    <UnitTest name="MSTest_P2_193" storage="c:\users\navb\source\repos\sampleproject\testproject\unittestproject10\bin\debug\unittestproject10.dll" id="3bf32474-7a0d-2433-69f9-4e57b260d299">
      <Execution id="bf49ca0d-b4cc-49c7-a331-2b9805c70de7" />
      <TestMethod codeBase="C:\Users\navb\source\repos\SampleProject\TestProject\UnitTestProject10\bin\Debug\UnitTestProject10.dll" adapterTypeName="Microsoft.VisualStudio.TestTools.TestTypes.Unit.UnitTestAdapter" className="UnitTestinProgress.MSTestClass2" name="MSTest_P2_193" />
    </UnitTest>
    <UnitTest name="MSTest_P2_194" storage="c:\users\navb\source\repos\sampleproject\testproject\unittestproject10\bin\debug\unittestproject10.dll" id="32e5d2be-7b20-dc2a-0e1d-8f5e32c6a33d">
      <Execution id="dc088b56-b72e-49bb-b130-2714c511d577" />
      <TestMethod codeBase="C:\Users\navb\source\repos\SampleProject\TestProject\UnitTestProject10\bin\Debug\UnitTestProject10.dll" adapterTypeName="Microsoft.VisualStudio.TestTools.TestTypes.Unit.UnitTestAdapter" className="UnitTestinProgress.MSTestClass2" name="MSTest_P2_194" />
    </UnitTest>
    <UnitTest name="MSTest_P2_195" storage="c:\users\navb\source\repos\sampleproject\testproject\unittestproject10\bin\debug\unittestproject10.dll" id="9b2191ca-de78-2575-4a4a-b3a9a2067488">
      <Execution id="443b4ff7-c5e3-4e73-97a8-eba529ca9475" />
      <TestMethod codeBase="C:\Users\navb\source\repos\SampleProject\TestProject\UnitTestProject10\bin\Debug\UnitTestProject10.dll" adapterTypeName="Microsoft.VisualStudio.TestTools.TestTypes.Unit.UnitTestAdapter" className="UnitTestinProgress.MSTestClass2" name="MSTest_P2_195" />
    </UnitTest>
    <UnitTest name="MSTest_P2_196" storage="c:\users\navb\source\repos\sampleproject\testproject\unittestproject10\bin\debug\unittestproject10.dll" id="2f20d77e-7fdc-bfdf-1dd4-a8da727855f9">
      <Execution id="87648adf-05c9-44a2-982a-1a969fd7f3f9" />
      <TestMethod codeBase="C:\Users\navb\source\repos\SampleProject\TestProject\UnitTestProject10\bin\Debug\UnitTestProject10.dll" adapterTypeName="Microsoft.VisualStudio.TestTools.TestTypes.Unit.UnitTestAdapter" className="UnitTestinProgress.MSTestClass2" name="MSTest_P2_196" />
    </UnitTest>
    <UnitTest name="MSTest_P2_197" storage="c:\users\navb\source\repos\sampleproject\testproject\unittestproject10\bin\debug\unittestproject10.dll" id="a251fbff-911a-3cba-61e7-5ff36bd7bb05">
      <Execution id="053b31dc-e71e-4267-b32d-3ca259879832" />
      <TestMethod codeBase="C:\Users\navb\source\repos\SampleProject\TestProject\UnitTestProject10\bin\Debug\UnitTestProject10.dll" adapterTypeName="Microsoft.VisualStudio.TestTools.TestTypes.Unit.UnitTestAdapter" className="UnitTestinProgress.MSTestClass2" name="MSTest_P2_197" />
    </UnitTest>
    <UnitTest name="MSTest_P2_198" storage="c:\users\navb\source\repos\sampleproject\testproject\unittestproject10\bin\debug\unittestproject10.dll" id="d38aba40-6207-a827-6008-82706c360bc9">
      <Execution id="68843a34-7419-44c5-910e-b8caae145a2d" />
      <TestMethod codeBase="C:\Users\navb\source\repos\SampleProject\TestProject\UnitTestProject10\bin\Debug\UnitTestProject10.dll" adapterTypeName="Microsoft.VisualStudio.TestTools.TestTypes.Unit.UnitTestAdapter" className="UnitTestinProgress.MSTestClass2" name="MSTest_P2_198" />
    </UnitTest>
    <UnitTest name="MSTest_P2_199" storage="c:\users\navb\source\repos\sampleproject\testproject\unittestproject10\bin\debug\unittestproject10.dll" id="b0a833d1-f918-0115-a514-3841ec87d6a8">
      <Execution id="d68f1b56-cfe1-442e-9281-84384f01947e" />
      <TestMethod codeBase="C:\Users\navb\source\repos\SampleProject\TestProject\UnitTestProject10\bin\Debug\UnitTestProject10.dll" adapterTypeName="Microsoft.VisualStudio.TestTools.TestTypes.Unit.UnitTestAdapter" className="UnitTestinProgress.MSTestClass2" name="MSTest_P2_199" />
    </UnitTest>
    <UnitTest name="MSTest_P2_200" storage="c:\users\navb\source\repos\sampleproject\testproject\unittestproject10\bin\debug\unittestproject10.dll" id="e2970972-ea34-e448-2041-84adb568fdea">
      <Execution id="f5e450a9-16cf-451d-981a-712817416c49" />
      <TestMethod codeBase="C:\Users\navb\source\repos\SampleProject\TestProject\UnitTestProject10\bin\Debug\UnitTestProject10.dll" adapterTypeName="Microsoft.VisualStudio.TestTools.TestTypes.Unit.UnitTestAdapter" className="UnitTestinProgress.MSTestClass2" name="MSTest_P2_200" />
    </UnitTest>
    <UnitTest name="MSTest_P2_201" storage="c:\users\navb\source\repos\sampleproject\testproject\unittestproject10\bin\debug\unittestproject10.dll" id="d902866a-a6c6-b644-2cc0-b7b1b80822e4">
      <Execution id="97f56a7a-03a2-4cde-93e3-2b9794730902" />
      <TestMethod codeBase="C:\Users\navb\source\repos\SampleProject\TestProject\UnitTestProject10\bin\Debug\UnitTestProject10.dll" adapterTypeName="Microsoft.VisualStudio.TestTools.TestTypes.Unit.UnitTestAdapter" className="UnitTestinProgress.MSTestClass2" name="MSTest_P2_201" />
    </UnitTest>
    <UnitTest name="MSTest_P2_202" storage="c:\users\navb\source\repos\sampleproject\testproject\unittestproject10\bin\debug\unittestproject10.dll" id="4f7556dd-01de-53b7-c0db-f3c78ec86f81">
      <Execution id="22b220cb-7ae4-4962-9abb-a65c1da1f1d5" />
      <TestMethod codeBase="C:\Users\navb\source\repos\SampleProject\TestProject\UnitTestProject10\bin\Debug\UnitTestProject10.dll" adapterTypeName="Microsoft.VisualStudio.TestTools.TestTypes.Unit.UnitTestAdapter" className="UnitTestinProgress.MSTestClass2" name="MSTest_P2_202" />
    </UnitTest>
    <UnitTest name="MSTest_P2_203" storage="c:\users\navb\source\repos\sampleproject\testproject\unittestproject10\bin\debug\unittestproject10.dll" id="d721a845-0f8a-9056-d328-0cafd2f6648b">
      <Execution id="c0454f45-f0e1-44f4-bd5e-45f574d6fd16" />
      <TestMethod codeBase="C:\Users\navb\source\repos\SampleProject\TestProject\UnitTestProject10\bin\Debug\UnitTestProject10.dll" adapterTypeName="Microsoft.VisualStudio.TestTools.TestTypes.Unit.UnitTestAdapter" className="UnitTestinProgress.MSTestClass2" name="MSTest_P2_203" />
    </UnitTest>
    <UnitTest name="MSTest_P2_204" storage="c:\users\navb\source\repos\sampleproject\testproject\unittestproject10\bin\debug\unittestproject10.dll" id="9c45de35-d86a-1dd1-2361-c05e2d40ebba">
      <Execution id="bce9a004-be9f-4ff5-b596-42e459e8cc5f" />
      <TestMethod codeBase="C:\Users\navb\source\repos\SampleProject\TestProject\UnitTestProject10\bin\Debug\UnitTestProject10.dll" adapterTypeName="Microsoft.VisualStudio.TestTools.TestTypes.Unit.UnitTestAdapter" className="UnitTestinProgress.MSTestClass2" name="MSTest_P2_204" />
    </UnitTest>
    <UnitTest name="MSTest_P2_205" storage="c:\users\navb\source\repos\sampleproject\testproject\unittestproject10\bin\debug\unittestproject10.dll" id="7b3f8960-4d29-cfc4-ab61-e313ce02edaf">
      <Execution id="229a19be-5d77-4b63-a89f-2d5fc8ba9fc8" />
      <TestMethod codeBase="C:\Users\navb\source\repos\SampleProject\TestProject\UnitTestProject10\bin\Debug\UnitTestProject10.dll" adapterTypeName="Microsoft.VisualStudio.TestTools.TestTypes.Unit.UnitTestAdapter" className="UnitTestinProgress.MSTestClass2" name="MSTest_P2_205" />
    </UnitTest>
    <UnitTest name="MSTest_P2_206" storage="c:\users\navb\source\repos\sampleproject\testproject\unittestproject10\bin\debug\unittestproject10.dll" id="cf3ce8a9-dafb-7bf0-be16-407770d74f8c">
      <Execution id="00c68654-58c1-4018-8bb2-a575102f24b3" />
      <TestMethod codeBase="C:\Users\navb\source\repos\SampleProject\TestProject\UnitTestProject10\bin\Debug\UnitTestProject10.dll" adapterTypeName="Microsoft.VisualStudio.TestTools.TestTypes.Unit.UnitTestAdapter" className="UnitTestinProgress.MSTestClass2" name="MSTest_P2_206" />
    </UnitTest>
    <UnitTest name="MSTest_P2_207" storage="c:\users\navb\source\repos\sampleproject\testproject\unittestproject10\bin\debug\unittestproject10.dll" id="8f98d869-5df0-dc07-03cb-1a12635a8876">
      <Execution id="5acecd32-2ab1-488f-b8e9-6cace54888a7" />
      <TestMethod codeBase="C:\Users\navb\source\repos\SampleProject\TestProject\UnitTestProject10\bin\Debug\UnitTestProject10.dll" adapterTypeName="Microsoft.VisualStudio.TestTools.TestTypes.Unit.UnitTestAdapter" className="UnitTestinProgress.MSTestClass2" name="MSTest_P2_207" />
    </UnitTest>
    <UnitTest name="MSTest_P2_208" storage="c:\users\navb\source\repos\sampleproject\testproject\unittestproject10\bin\debug\unittestproject10.dll" id="f1b57f3f-3220-124e-896b-da01bafcb43b">
      <Execution id="86380199-cf6a-49dc-ac2c-b33cd773a384" />
      <TestMethod codeBase="C:\Users\navb\source\repos\SampleProject\TestProject\UnitTestProject10\bin\Debug\UnitTestProject10.dll" adapterTypeName="Microsoft.VisualStudio.TestTools.TestTypes.Unit.UnitTestAdapter" className="UnitTestinProgress.MSTestClass2" name="MSTest_P2_208" />
    </UnitTest>
    <UnitTest name="MSTest_P2_209" storage="c:\users\navb\source\repos\sampleproject\testproject\unittestproject10\bin\debug\unittestproject10.dll" id="d9d755e1-6dc7-5e45-5f41-1aba808dceaa">
      <Execution id="48b2f2b7-5d63-4e3c-85eb-b19a499dfa2e" />
      <TestMethod codeBase="C:\Users\navb\source\repos\SampleProject\TestProject\UnitTestProject10\bin\Debug\UnitTestProject10.dll" adapterTypeName="Microsoft.VisualStudio.TestTools.TestTypes.Unit.UnitTestAdapter" className="UnitTestinProgress.MSTestClass2" name="MSTest_P2_209" />
    </UnitTest>
    <UnitTest name="MSTest_P2_210" storage="c:\users\navb\source\repos\sampleproject\testproject\unittestproject10\bin\debug\unittestproject10.dll" id="577853bd-d92f-63a0-3a06-64d985628bf4">
      <Execution id="cf7aaa86-d355-47a3-a878-ad8f7487b1a3" />
      <TestMethod codeBase="C:\Users\navb\source\repos\SampleProject\TestProject\UnitTestProject10\bin\Debug\UnitTestProject10.dll" adapterTypeName="Microsoft.VisualStudio.TestTools.TestTypes.Unit.UnitTestAdapter" className="UnitTestinProgress.MSTestClass2" name="MSTest_P2_210" />
    </UnitTest>
    <UnitTest name="MSTest_P2_211" storage="c:\users\navb\source\repos\sampleproject\testproject\unittestproject10\bin\debug\unittestproject10.dll" id="ec1fffa6-089b-d47d-d435-f0a02acdccab">
      <Execution id="7b482a94-9cfa-4dc2-9181-a2464def672d" />
      <TestMethod codeBase="C:\Users\navb\source\repos\SampleProject\TestProject\UnitTestProject10\bin\Debug\UnitTestProject10.dll" adapterTypeName="Microsoft.VisualStudio.TestTools.TestTypes.Unit.UnitTestAdapter" className="UnitTestinProgress.MSTestClass2" name="MSTest_P2_211" />
    </UnitTest>
    <UnitTest name="MSTest_P2_212" storage="c:\users\navb\source\repos\sampleproject\testproject\unittestproject10\bin\debug\unittestproject10.dll" id="42af4767-db61-a5cc-f12c-c7ba7d626fff">
      <Execution id="c86785e2-dde0-43cf-a7b3-81e9eed705d2" />
      <TestMethod codeBase="C:\Users\navb\source\repos\SampleProject\TestProject\UnitTestProject10\bin\Debug\UnitTestProject10.dll" adapterTypeName="Microsoft.VisualStudio.TestTools.TestTypes.Unit.UnitTestAdapter" className="UnitTestinProgress.MSTestClass2" name="MSTest_P2_212" />
    </UnitTest>
    <UnitTest name="MSTest_P2_213" storage="c:\users\navb\source\repos\sampleproject\testproject\unittestproject10\bin\debug\unittestproject10.dll" id="7a214316-ec64-dc07-4ea5-967b680b9947">
      <Execution id="b32c2bf3-f8b9-464b-88d5-e697ed62c66b" />
      <TestMethod codeBase="C:\Users\navb\source\repos\SampleProject\TestProject\UnitTestProject10\bin\Debug\UnitTestProject10.dll" adapterTypeName="Microsoft.VisualStudio.TestTools.TestTypes.Unit.UnitTestAdapter" className="UnitTestinProgress.MSTestClass2" name="MSTest_P2_213" />
    </UnitTest>
    <UnitTest name="MSTest_P2_214" storage="c:\users\navb\source\repos\sampleproject\testproject\unittestproject10\bin\debug\unittestproject10.dll" id="730bd739-f483-6549-4837-8508b1cb5917">
      <Execution id="c27c72d1-23a6-4a73-bdb1-7b0bb9d3494c" />
      <TestMethod codeBase="C:\Users\navb\source\repos\SampleProject\TestProject\UnitTestProject10\bin\Debug\UnitTestProject10.dll" adapterTypeName="Microsoft.VisualStudio.TestTools.TestTypes.Unit.UnitTestAdapter" className="UnitTestinProgress.MSTestClass2" name="MSTest_P2_214" />
    </UnitTest>
    <UnitTest name="MSTest_P2_215" storage="c:\users\navb\source\repos\sampleproject\testproject\unittestproject10\bin\debug\unittestproject10.dll" id="6968fd26-b67d-ecc4-480a-3ffc35cb8c39">
      <Execution id="ba934adf-56ec-47ae-bd29-f068e0cf96e5" />
      <TestMethod codeBase="C:\Users\navb\source\repos\SampleProject\TestProject\UnitTestProject10\bin\Debug\UnitTestProject10.dll" adapterTypeName="Microsoft.VisualStudio.TestTools.TestTypes.Unit.UnitTestAdapter" className="UnitTestinProgress.MSTestClass2" name="MSTest_P2_215" />
    </UnitTest>
    <UnitTest name="MSTest_P2_216" storage="c:\users\navb\source\repos\sampleproject\testproject\unittestproject10\bin\debug\unittestproject10.dll" id="341ef31b-d437-a146-037f-a9edcdf8f8f3">
      <Execution id="1e825c84-5901-4a7a-be62-79233a290729" />
      <TestMethod codeBase="C:\Users\navb\source\repos\SampleProject\TestProject\UnitTestProject10\bin\Debug\UnitTestProject10.dll" adapterTypeName="Microsoft.VisualStudio.TestTools.TestTypes.Unit.UnitTestAdapter" className="UnitTestinProgress.MSTestClass2" name="MSTest_P2_216" />
    </UnitTest>
    <UnitTest name="MSTest_P2_217" storage="c:\users\navb\source\repos\sampleproject\testproject\unittestproject10\bin\debug\unittestproject10.dll" id="00e5dc4f-943c-26cc-2233-44bd1a0b0f7e">
      <Execution id="e8bfe3bc-7205-4b1e-bfc4-28d8f9b94861" />
      <TestMethod codeBase="C:\Users\navb\source\repos\SampleProject\TestProject\UnitTestProject10\bin\Debug\UnitTestProject10.dll" adapterTypeName="Microsoft.VisualStudio.TestTools.TestTypes.Unit.UnitTestAdapter" className="UnitTestinProgress.MSTestClass2" name="MSTest_P2_217" />
    </UnitTest>
    <UnitTest name="MSTest_P2_218" storage="c:\users\navb\source\repos\sampleproject\testproject\unittestproject10\bin\debug\unittestproject10.dll" id="691aa125-d7d5-efd4-f138-9f97eb3c0bfd">
      <Execution id="c3f66969-aabe-414d-91e8-7e318bc12a13" />
      <TestMethod codeBase="C:\Users\navb\source\repos\SampleProject\TestProject\UnitTestProject10\bin\Debug\UnitTestProject10.dll" adapterTypeName="Microsoft.VisualStudio.TestTools.TestTypes.Unit.UnitTestAdapter" className="UnitTestinProgress.MSTestClass2" name="MSTest_P2_218" />
    </UnitTest>
    <UnitTest name="MSTest_P2_219" storage="c:\users\navb\source\repos\sampleproject\testproject\unittestproject10\bin\debug\unittestproject10.dll" id="9068a2c7-5f77-a991-fe86-17cee1cf0d9e">
      <Execution id="29856374-8351-40e5-87df-7f48c36ed1be" />
      <TestMethod codeBase="C:\Users\navb\source\repos\SampleProject\TestProject\UnitTestProject10\bin\Debug\UnitTestProject10.dll" adapterTypeName="Microsoft.VisualStudio.TestTools.TestTypes.Unit.UnitTestAdapter" className="UnitTestinProgress.MSTestClass2" name="MSTest_P2_219" />
    </UnitTest>
    <UnitTest name="MSTest_P2_220" storage="c:\users\navb\source\repos\sampleproject\testproject\unittestproject10\bin\debug\unittestproject10.dll" id="02c19d9d-3cb1-f310-6c51-02331b43a835">
      <Execution id="dbb94961-59fd-4d14-937a-c05c27917cc9" />
      <TestMethod codeBase="C:\Users\navb\source\repos\SampleProject\TestProject\UnitTestProject10\bin\Debug\UnitTestProject10.dll" adapterTypeName="Microsoft.VisualStudio.TestTools.TestTypes.Unit.UnitTestAdapter" className="UnitTestinProgress.MSTestClass2" name="MSTest_P2_220" />
    </UnitTest>
    <UnitTest name="MSTest_P2_221" storage="c:\users\navb\source\repos\sampleproject\testproject\unittestproject10\bin\debug\unittestproject10.dll" id="a4cf0f0e-3157-3fd2-1fd7-296445929fa6">
      <Execution id="dcc5ee61-a433-4824-b943-d02a825f85c3" />
      <TestMethod codeBase="C:\Users\navb\source\repos\SampleProject\TestProject\UnitTestProject10\bin\Debug\UnitTestProject10.dll" adapterTypeName="Microsoft.VisualStudio.TestTools.TestTypes.Unit.UnitTestAdapter" className="UnitTestinProgress.MSTestClass2" name="MSTest_P2_221" />
    </UnitTest>
    <UnitTest name="MSTest_P2_222" storage="c:\users\navb\source\repos\sampleproject\testproject\unittestproject10\bin\debug\unittestproject10.dll" id="fe6c340a-2944-b673-a471-414785b785f0">
      <Execution id="da49e6e6-3f17-4e52-8245-394d54000153" />
      <TestMethod codeBase="C:\Users\navb\source\repos\SampleProject\TestProject\UnitTestProject10\bin\Debug\UnitTestProject10.dll" adapterTypeName="Microsoft.VisualStudio.TestTools.TestTypes.Unit.UnitTestAdapter" className="UnitTestinProgress.MSTestClass2" name="MSTest_P2_222" />
    </UnitTest>
    <UnitTest name="MSTest_P2_223" storage="c:\users\navb\source\repos\sampleproject\testproject\unittestproject10\bin\debug\unittestproject10.dll" id="605d1c99-1323-da38-73f6-6baae324cf28">
      <Execution id="419dc83c-70ae-4846-9ae8-01b5a6da31ad" />
      <TestMethod codeBase="C:\Users\navb\source\repos\SampleProject\TestProject\UnitTestProject10\bin\Debug\UnitTestProject10.dll" adapterTypeName="Microsoft.VisualStudio.TestTools.TestTypes.Unit.UnitTestAdapter" className="UnitTestinProgress.MSTestClass2" name="MSTest_P2_223" />
    </UnitTest>
    <UnitTest name="MSTest_P2_224" storage="c:\users\navb\source\repos\sampleproject\testproject\unittestproject10\bin\debug\unittestproject10.dll" id="9f5d896c-23c4-d5ae-33fd-fd6708172748">
      <Execution id="e21933ce-eea0-428f-9ced-564de2b29afe" />
      <TestMethod codeBase="C:\Users\navb\source\repos\SampleProject\TestProject\UnitTestProject10\bin\Debug\UnitTestProject10.dll" adapterTypeName="Microsoft.VisualStudio.TestTools.TestTypes.Unit.UnitTestAdapter" className="UnitTestinProgress.MSTestClass2" name="MSTest_P2_224" />
    </UnitTest>
    <UnitTest name="MSTest_P2_225" storage="c:\users\navb\source\repos\sampleproject\testproject\unittestproject10\bin\debug\unittestproject10.dll" id="6f678329-59b4-2768-96fe-0f42ff16fa5a">
      <Execution id="844deb43-628a-4e5b-95d5-a271e1839d79" />
      <TestMethod codeBase="C:\Users\navb\source\repos\SampleProject\TestProject\UnitTestProject10\bin\Debug\UnitTestProject10.dll" adapterTypeName="Microsoft.VisualStudio.TestTools.TestTypes.Unit.UnitTestAdapter" className="UnitTestinProgress.MSTestClass2" name="MSTest_P2_225" />
    </UnitTest>
    <UnitTest name="MSTest_P2_226" storage="c:\users\navb\source\repos\sampleproject\testproject\unittestproject10\bin\debug\unittestproject10.dll" id="5a0d41d5-a45f-321a-23b7-ba377fafda63">
      <Execution id="0edf0258-84bd-4147-b82d-caea8d66a027" />
      <TestMethod codeBase="C:\Users\navb\source\repos\SampleProject\TestProject\UnitTestProject10\bin\Debug\UnitTestProject10.dll" adapterTypeName="Microsoft.VisualStudio.TestTools.TestTypes.Unit.UnitTestAdapter" className="UnitTestinProgress.MSTestClass2" name="MSTest_P2_226" />
    </UnitTest>
    <UnitTest name="MSTest_P2_227" storage="c:\users\navb\source\repos\sampleproject\testproject\unittestproject10\bin\debug\unittestproject10.dll" id="5a86e92f-0ef8-2d17-4442-ea65b9155454">
      <Execution id="c94e15b4-c419-4004-aa43-48648bd8dea5" />
      <TestMethod codeBase="C:\Users\navb\source\repos\SampleProject\TestProject\UnitTestProject10\bin\Debug\UnitTestProject10.dll" adapterTypeName="Microsoft.VisualStudio.TestTools.TestTypes.Unit.UnitTestAdapter" className="UnitTestinProgress.MSTestClass2" name="MSTest_P2_227" />
    </UnitTest>
    <UnitTest name="MSTest_P2_228" storage="c:\users\navb\source\repos\sampleproject\testproject\unittestproject10\bin\debug\unittestproject10.dll" id="ac735a88-f7b8-8443-7a9e-2c213dd47d0d">
      <Execution id="bfedf967-70e7-4c16-9e1d-886642ea4031" />
      <TestMethod codeBase="C:\Users\navb\source\repos\SampleProject\TestProject\UnitTestProject10\bin\Debug\UnitTestProject10.dll" adapterTypeName="Microsoft.VisualStudio.TestTools.TestTypes.Unit.UnitTestAdapter" className="UnitTestinProgress.MSTestClass2" name="MSTest_P2_228" />
    </UnitTest>
    <UnitTest name="MSTest_P2_229" storage="c:\users\navb\source\repos\sampleproject\testproject\unittestproject10\bin\debug\unittestproject10.dll" id="d1040cc9-0db5-a2c6-8e3b-599d9ae0566a">
      <Execution id="53b962a2-87d9-4a26-854d-787bfdc1a471" />
      <TestMethod codeBase="C:\Users\navb\source\repos\SampleProject\TestProject\UnitTestProject10\bin\Debug\UnitTestProject10.dll" adapterTypeName="Microsoft.VisualStudio.TestTools.TestTypes.Unit.UnitTestAdapter" className="UnitTestinProgress.MSTestClass2" name="MSTest_P2_229" />
    </UnitTest>
    <UnitTest name="MSTest_P2_230" storage="c:\users\navb\source\repos\sampleproject\testproject\unittestproject10\bin\debug\unittestproject10.dll" id="2cad1e90-449b-be41-afc8-3e491b2139de">
      <Execution id="290c82d7-7e5f-4296-a25b-d7db2037701d" />
      <TestMethod codeBase="C:\Users\navb\source\repos\SampleProject\TestProject\UnitTestProject10\bin\Debug\UnitTestProject10.dll" adapterTypeName="Microsoft.VisualStudio.TestTools.TestTypes.Unit.UnitTestAdapter" className="UnitTestinProgress.MSTestClass2" name="MSTest_P2_230" />
    </UnitTest>
    <UnitTest name="MSTest_P2_231" storage="c:\users\navb\source\repos\sampleproject\testproject\unittestproject10\bin\debug\unittestproject10.dll" id="5a84b0ae-e586-2a61-f5c2-4aa06fe15347">
      <Execution id="6c398df5-e405-4bb6-a721-aa724576edd0" />
      <TestMethod codeBase="C:\Users\navb\source\repos\SampleProject\TestProject\UnitTestProject10\bin\Debug\UnitTestProject10.dll" adapterTypeName="Microsoft.VisualStudio.TestTools.TestTypes.Unit.UnitTestAdapter" className="UnitTestinProgress.MSTestClass2" name="MSTest_P2_231" />
    </UnitTest>
    <UnitTest name="MSTest_P2_232" storage="c:\users\navb\source\repos\sampleproject\testproject\unittestproject10\bin\debug\unittestproject10.dll" id="4eacc58a-39a5-cdc4-7cb0-909b522f5263">
      <Execution id="6964c983-978f-480c-923e-d569d65a6df0" />
      <TestMethod codeBase="C:\Users\navb\source\repos\SampleProject\TestProject\UnitTestProject10\bin\Debug\UnitTestProject10.dll" adapterTypeName="Microsoft.VisualStudio.TestTools.TestTypes.Unit.UnitTestAdapter" className="UnitTestinProgress.MSTestClass2" name="MSTest_P2_232" />
    </UnitTest>
    <UnitTest name="MSTest_P2_233" storage="c:\users\navb\source\repos\sampleproject\testproject\unittestproject10\bin\debug\unittestproject10.dll" id="1ae6bd7a-6166-ebed-fdc7-bafecc9a34a5">
      <Execution id="b05d4851-84c1-4bac-930d-d6487274d678" />
      <TestMethod codeBase="C:\Users\navb\source\repos\SampleProject\TestProject\UnitTestProject10\bin\Debug\UnitTestProject10.dll" adapterTypeName="Microsoft.VisualStudio.TestTools.TestTypes.Unit.UnitTestAdapter" className="UnitTestinProgress.MSTestClass2" name="MSTest_P2_233" />
    </UnitTest>
    <UnitTest name="MSTest_P2_234" storage="c:\users\navb\source\repos\sampleproject\testproject\unittestproject10\bin\debug\unittestproject10.dll" id="a6af2890-8947-2003-b0eb-4dbbae27d5ed">
      <Execution id="95df3b0c-5757-4344-b858-a3182294200b" />
      <TestMethod codeBase="C:\Users\navb\source\repos\SampleProject\TestProject\UnitTestProject10\bin\Debug\UnitTestProject10.dll" adapterTypeName="Microsoft.VisualStudio.TestTools.TestTypes.Unit.UnitTestAdapter" className="UnitTestinProgress.MSTestClass2" name="MSTest_P2_234" />
    </UnitTest>
    <UnitTest name="MSTest_P2_235" storage="c:\users\navb\source\repos\sampleproject\testproject\unittestproject10\bin\debug\unittestproject10.dll" id="6ceec2cf-1895-3234-fc41-4c88056af76b">
      <Execution id="9f6715b2-248b-4e43-8cb0-5469f79ffa81" />
      <TestMethod codeBase="C:\Users\navb\source\repos\SampleProject\TestProject\UnitTestProject10\bin\Debug\UnitTestProject10.dll" adapterTypeName="Microsoft.VisualStudio.TestTools.TestTypes.Unit.UnitTestAdapter" className="UnitTestinProgress.MSTestClass2" name="MSTest_P2_235" />
    </UnitTest>
    <UnitTest name="MSTest_P2_236" storage="c:\users\navb\source\repos\sampleproject\testproject\unittestproject10\bin\debug\unittestproject10.dll" id="ed24fa60-9ae1-327a-34dd-25499ff1e673">
      <Execution id="da614da7-c795-4ab0-a18e-6101eddb0295" />
      <TestMethod codeBase="C:\Users\navb\source\repos\SampleProject\TestProject\UnitTestProject10\bin\Debug\UnitTestProject10.dll" adapterTypeName="Microsoft.VisualStudio.TestTools.TestTypes.Unit.UnitTestAdapter" className="UnitTestinProgress.MSTestClass2" name="MSTest_P2_236" />
    </UnitTest>
    <UnitTest name="MSTest_P2_237" storage="c:\users\navb\source\repos\sampleproject\testproject\unittestproject10\bin\debug\unittestproject10.dll" id="308de2f1-a65b-2ef3-00c3-b11aed421fad">
      <Execution id="8a99cc8a-cc02-497a-ba81-55c6e05b090b" />
      <TestMethod codeBase="C:\Users\navb\source\repos\SampleProject\TestProject\UnitTestProject10\bin\Debug\UnitTestProject10.dll" adapterTypeName="Microsoft.VisualStudio.TestTools.TestTypes.Unit.UnitTestAdapter" className="UnitTestinProgress.MSTestClass2" name="MSTest_P2_237" />
    </UnitTest>
    <UnitTest name="MSTest_P2_238" storage="c:\users\navb\source\repos\sampleproject\testproject\unittestproject10\bin\debug\unittestproject10.dll" id="e67c7e39-2041-921d-fcbf-52c404627a21">
      <Execution id="ae4432ff-2256-4841-86ff-825920e7fc42" />
      <TestMethod codeBase="C:\Users\navb\source\repos\SampleProject\TestProject\UnitTestProject10\bin\Debug\UnitTestProject10.dll" adapterTypeName="Microsoft.VisualStudio.TestTools.TestTypes.Unit.UnitTestAdapter" className="UnitTestinProgress.MSTestClass2" name="MSTest_P2_238" />
    </UnitTest>
    <UnitTest name="MSTest_P2_239" storage="c:\users\navb\source\repos\sampleproject\testproject\unittestproject10\bin\debug\unittestproject10.dll" id="50ceb1a3-bbee-77bd-f7c8-ea6ffa8fcb9e">
      <Execution id="0ab88ab2-3f05-48ac-ac3b-1287b5a5c36d" />
      <TestMethod codeBase="C:\Users\navb\source\repos\SampleProject\TestProject\UnitTestProject10\bin\Debug\UnitTestProject10.dll" adapterTypeName="Microsoft.VisualStudio.TestTools.TestTypes.Unit.UnitTestAdapter" className="UnitTestinProgress.MSTestClass2" name="MSTest_P2_239" />
    </UnitTest>
    <UnitTest name="MSTest_P2_240" storage="c:\users\navb\source\repos\sampleproject\testproject\unittestproject10\bin\debug\unittestproject10.dll" id="6ebc79a4-987d-2bc3-df08-09a50a77278a">
      <Execution id="42750f8a-1987-42d5-9d13-3cad815b0345" />
      <TestMethod codeBase="C:\Users\navb\source\repos\SampleProject\TestProject\UnitTestProject10\bin\Debug\UnitTestProject10.dll" adapterTypeName="Microsoft.VisualStudio.TestTools.TestTypes.Unit.UnitTestAdapter" className="UnitTestinProgress.MSTestClass2" name="MSTest_P2_240" />
    </UnitTest>
    <UnitTest name="MSTest_P2_241" storage="c:\users\navb\source\repos\sampleproject\testproject\unittestproject10\bin\debug\unittestproject10.dll" id="412203ea-3b32-8c37-03c6-58087662cf65">
      <Execution id="da43145f-8858-4196-acfa-76c0b32a52e4" />
      <TestMethod codeBase="C:\Users\navb\source\repos\SampleProject\TestProject\UnitTestProject10\bin\Debug\UnitTestProject10.dll" adapterTypeName="Microsoft.VisualStudio.TestTools.TestTypes.Unit.UnitTestAdapter" className="UnitTestinProgress.MSTestClass2" name="MSTest_P2_241" />
    </UnitTest>
    <UnitTest name="MSTest_P2_242" storage="c:\users\navb\source\repos\sampleproject\testproject\unittestproject10\bin\debug\unittestproject10.dll" id="688ab4e1-9ede-63ba-415f-d219cfbc76f5">
      <Execution id="ee994bfe-230e-423f-abf9-4d6990ab38ac" />
      <TestMethod codeBase="C:\Users\navb\source\repos\SampleProject\TestProject\UnitTestProject10\bin\Debug\UnitTestProject10.dll" adapterTypeName="Microsoft.VisualStudio.TestTools.TestTypes.Unit.UnitTestAdapter" className="UnitTestinProgress.MSTestClass2" name="MSTest_P2_242" />
    </UnitTest>
    <UnitTest name="MSTest_P2_243" storage="c:\users\navb\source\repos\sampleproject\testproject\unittestproject10\bin\debug\unittestproject10.dll" id="929d3ee7-c2a7-b471-7d66-c1eb4d7bfb83">
      <Execution id="874f5dee-6f55-446c-b653-8d1012ebac9d" />
      <TestMethod codeBase="C:\Users\navb\source\repos\SampleProject\TestProject\UnitTestProject10\bin\Debug\UnitTestProject10.dll" adapterTypeName="Microsoft.VisualStudio.TestTools.TestTypes.Unit.UnitTestAdapter" className="UnitTestinProgress.MSTestClass2" name="MSTest_P2_243" />
    </UnitTest>
    <UnitTest name="MSTest_P2_244" storage="c:\users\navb\source\repos\sampleproject\testproject\unittestproject10\bin\debug\unittestproject10.dll" id="86e77e5b-a8c7-eee6-7aa2-17ce1d5eb81f">
      <Execution id="03ba59e0-90b4-46d5-83e9-c012f62c2ecd" />
      <TestMethod codeBase="C:\Users\navb\source\repos\SampleProject\TestProject\UnitTestProject10\bin\Debug\UnitTestProject10.dll" adapterTypeName="Microsoft.VisualStudio.TestTools.TestTypes.Unit.UnitTestAdapter" className="UnitTestinProgress.MSTestClass2" name="MSTest_P2_244" />
    </UnitTest>
    <UnitTest name="MSTest_P2_245" storage="c:\users\navb\source\repos\sampleproject\testproject\unittestproject10\bin\debug\unittestproject10.dll" id="48e7dd7c-963d-0c73-c44e-071d94068a1f">
      <Execution id="067b1f4d-314e-41a3-ad81-339c705ef99b" />
      <TestMethod codeBase="C:\Users\navb\source\repos\SampleProject\TestProject\UnitTestProject10\bin\Debug\UnitTestProject10.dll" adapterTypeName="Microsoft.VisualStudio.TestTools.TestTypes.Unit.UnitTestAdapter" className="UnitTestinProgress.MSTestClass2" name="MSTest_P2_245" />
    </UnitTest>
    <UnitTest name="MSTest_P2_246" storage="c:\users\navb\source\repos\sampleproject\testproject\unittestproject10\bin\debug\unittestproject10.dll" id="99afc3a3-e56c-65f0-a935-a8e52ed7d982">
      <Execution id="fdf29a7c-e9d5-482e-98d9-21862fc4bc56" />
      <TestMethod codeBase="C:\Users\navb\source\repos\SampleProject\TestProject\UnitTestProject10\bin\Debug\UnitTestProject10.dll" adapterTypeName="Microsoft.VisualStudio.TestTools.TestTypes.Unit.UnitTestAdapter" className="UnitTestinProgress.MSTestClass2" name="MSTest_P2_246" />
    </UnitTest>
    <UnitTest name="MSTest_P2_247" storage="c:\users\navb\source\repos\sampleproject\testproject\unittestproject10\bin\debug\unittestproject10.dll" id="7900cd3f-12b8-1eff-695a-493ad9dbd3cf">
      <Execution id="509211a7-d7c3-4c5f-aac5-5638fc663f35" />
      <TestMethod codeBase="C:\Users\navb\source\repos\SampleProject\TestProject\UnitTestProject10\bin\Debug\UnitTestProject10.dll" adapterTypeName="Microsoft.VisualStudio.TestTools.TestTypes.Unit.UnitTestAdapter" className="UnitTestinProgress.MSTestClass2" name="MSTest_P2_247" />
    </UnitTest>
    <UnitTest name="MSTest_P2_248" storage="c:\users\navb\source\repos\sampleproject\testproject\unittestproject10\bin\debug\unittestproject10.dll" id="5eff9454-3e7e-e22f-ff2d-9eff65c48d24">
      <Execution id="b4348d13-e465-4252-a1ce-72a0a5c34ca8" />
      <TestMethod codeBase="C:\Users\navb\source\repos\SampleProject\TestProject\UnitTestProject10\bin\Debug\UnitTestProject10.dll" adapterTypeName="Microsoft.VisualStudio.TestTools.TestTypes.Unit.UnitTestAdapter" className="UnitTestinProgress.MSTestClass2" name="MSTest_P2_248" />
    </UnitTest>
    <UnitTest name="MSTest_P2_249" storage="c:\users\navb\source\repos\sampleproject\testproject\unittestproject10\bin\debug\unittestproject10.dll" id="95872637-10aa-91a4-5b1e-72f11650fb60">
      <Execution id="47a94cf4-06e4-438b-ae0c-3bde50dd1d4a" />
      <TestMethod codeBase="C:\Users\navb\source\repos\SampleProject\TestProject\UnitTestProject10\bin\Debug\UnitTestProject10.dll" adapterTypeName="Microsoft.VisualStudio.TestTools.TestTypes.Unit.UnitTestAdapter" className="UnitTestinProgress.MSTestClass2" name="MSTest_P2_249" />
    </UnitTest>
    <UnitTest name="MSTest_P2_250" storage="c:\users\navb\source\repos\sampleproject\testproject\unittestproject10\bin\debug\unittestproject10.dll" id="5e9ea610-9094-fb5a-1809-d8c49e738327">
      <Execution id="c74f6ccf-d2c6-4353-90df-6b36de136ad4" />
      <TestMethod codeBase="C:\Users\navb\source\repos\SampleProject\TestProject\UnitTestProject10\bin\Debug\UnitTestProject10.dll" adapterTypeName="Microsoft.VisualStudio.TestTools.TestTypes.Unit.UnitTestAdapter" className="UnitTestinProgress.MSTestClass2" name="MSTest_P2_250" />
    </UnitTest>
    <UnitTest name="MSTest_P2_251" storage="c:\users\navb\source\repos\sampleproject\testproject\unittestproject10\bin\debug\unittestproject10.dll" id="e2464868-1917-fea2-960f-a50e75ae2910">
      <Execution id="ab298198-f53f-49c1-821a-5d7527909f72" />
      <TestMethod codeBase="C:\Users\navb\source\repos\SampleProject\TestProject\UnitTestProject10\bin\Debug\UnitTestProject10.dll" adapterTypeName="Microsoft.VisualStudio.TestTools.TestTypes.Unit.UnitTestAdapter" className="UnitTestinProgress.MSTestClass2" name="MSTest_P2_251" />
    </UnitTest>
    <UnitTest name="MSTest_P2_252" storage="c:\users\navb\source\repos\sampleproject\testproject\unittestproject10\bin\debug\unittestproject10.dll" id="d7728b7a-65fd-b6e3-45d3-f0717092cd5c">
      <Execution id="f82302a2-d841-432b-bb0c-06a2c1ec64f9" />
      <TestMethod codeBase="C:\Users\navb\source\repos\SampleProject\TestProject\UnitTestProject10\bin\Debug\UnitTestProject10.dll" adapterTypeName="Microsoft.VisualStudio.TestTools.TestTypes.Unit.UnitTestAdapter" className="UnitTestinProgress.MSTestClass2" name="MSTest_P2_252" />
    </UnitTest>
    <UnitTest name="MSTest_P2_253" storage="c:\users\navb\source\repos\sampleproject\testproject\unittestproject10\bin\debug\unittestproject10.dll" id="988a76fb-eb14-31ef-5ee6-1186dfa7274b">
      <Execution id="6876f956-4927-48a9-910d-65345d1998dc" />
      <TestMethod codeBase="C:\Users\navb\source\repos\SampleProject\TestProject\UnitTestProject10\bin\Debug\UnitTestProject10.dll" adapterTypeName="Microsoft.VisualStudio.TestTools.TestTypes.Unit.UnitTestAdapter" className="UnitTestinProgress.MSTestClass2" name="MSTest_P2_253" />
    </UnitTest>
    <UnitTest name="MSTest_P2_254" storage="c:\users\navb\source\repos\sampleproject\testproject\unittestproject10\bin\debug\unittestproject10.dll" id="f05470f3-dd98-66fc-30c8-eedbefc2c2fd">
      <Execution id="832fa901-80a8-40f4-8dbd-12def53c949a" />
      <TestMethod codeBase="C:\Users\navb\source\repos\SampleProject\TestProject\UnitTestProject10\bin\Debug\UnitTestProject10.dll" adapterTypeName="Microsoft.VisualStudio.TestTools.TestTypes.Unit.UnitTestAdapter" className="UnitTestinProgress.MSTestClass2" name="MSTest_P2_254" />
    </UnitTest>
    <UnitTest name="MSTest_P2_255" storage="c:\users\navb\source\repos\sampleproject\testproject\unittestproject10\bin\debug\unittestproject10.dll" id="e9be7b7b-dc0a-0a89-0d10-388e7cb87792">
      <Execution id="4b81962b-e424-4a89-845e-687054128431" />
      <TestMethod codeBase="C:\Users\navb\source\repos\SampleProject\TestProject\UnitTestProject10\bin\Debug\UnitTestProject10.dll" adapterTypeName="Microsoft.VisualStudio.TestTools.TestTypes.Unit.UnitTestAdapter" className="UnitTestinProgress.MSTestClass2" name="MSTest_P2_255" />
    </UnitTest>
    <UnitTest name="MSTest_P2_86" storage="c:\users\navb\source\repos\sampleproject\testproject\unittestproject10\bin\debug\unittestproject10.dll" id="8cf89d54-be14-6b51-122f-95abd8412bb8">
      <Execution id="23299558-5a24-463f-a284-d03618a65494" />
      <TestMethod codeBase="C:\Users\navb\source\repos\SampleProject\TestProject\UnitTestProject10\bin\Debug\UnitTestProject10.dll" adapterTypeName="Microsoft.VisualStudio.TestTools.TestTypes.Unit.UnitTestAdapter" className="UnitTestinProgress.MSTestClass2" name="MSTest_P2_86" />
    </UnitTest>
    <UnitTest name="MSTest_P2_87" storage="c:\users\navb\source\repos\sampleproject\testproject\unittestproject10\bin\debug\unittestproject10.dll" id="af8664c8-bb1f-43f3-80b2-16d2443501ee">
      <Execution id="ae3e9657-7d44-44c8-86a9-998d34655ce2" />
      <TestMethod codeBase="C:\Users\navb\source\repos\SampleProject\TestProject\UnitTestProject10\bin\Debug\UnitTestProject10.dll" adapterTypeName="Microsoft.VisualStudio.TestTools.TestTypes.Unit.UnitTestAdapter" className="UnitTestinProgress.MSTestClass2" name="MSTest_P2_87" />
    </UnitTest>
    <UnitTest name="MSTest_P2_88" storage="c:\users\navb\source\repos\sampleproject\testproject\unittestproject10\bin\debug\unittestproject10.dll" id="2e239ad8-51c8-4368-8f5f-8170258aca39">
      <Execution id="cb8e1084-4d83-4fd5-aa35-e27099744b83" />
      <TestMethod codeBase="C:\Users\navb\source\repos\SampleProject\TestProject\UnitTestProject10\bin\Debug\UnitTestProject10.dll" adapterTypeName="Microsoft.VisualStudio.TestTools.TestTypes.Unit.UnitTestAdapter" className="UnitTestinProgress.MSTestClass2" name="MSTest_P2_88" />
    </UnitTest>
    <UnitTest name="MSTest_P2_89" storage="c:\users\navb\source\repos\sampleproject\testproject\unittestproject10\bin\debug\unittestproject10.dll" id="6a103265-61c4-c703-aa4c-eb91c9c0b9e7">
      <Execution id="c5ad334f-a399-4418-8025-9982d3e48082" />
      <TestMethod codeBase="C:\Users\navb\source\repos\SampleProject\TestProject\UnitTestProject10\bin\Debug\UnitTestProject10.dll" adapterTypeName="Microsoft.VisualStudio.TestTools.TestTypes.Unit.UnitTestAdapter" className="UnitTestinProgress.MSTestClass2" name="MSTest_P2_89" />
    </UnitTest>
    <UnitTest name="MSTest_P2_90" storage="c:\users\navb\source\repos\sampleproject\testproject\unittestproject10\bin\debug\unittestproject10.dll" id="543fd025-c46a-063a-e7de-4ca06c2152d1">
      <Execution id="cceb20eb-448c-45aa-b613-339c0e0ec538" />
      <TestMethod codeBase="C:\Users\navb\source\repos\SampleProject\TestProject\UnitTestProject10\bin\Debug\UnitTestProject10.dll" adapterTypeName="Microsoft.VisualStudio.TestTools.TestTypes.Unit.UnitTestAdapter" className="UnitTestinProgress.MSTestClass2" name="MSTest_P2_90" />
    </UnitTest>
    <UnitTest name="MSTest_P2_91" storage="c:\users\navb\source\repos\sampleproject\testproject\unittestproject10\bin\debug\unittestproject10.dll" id="92cdf67a-081b-2da5-36e5-8c058767cb2d">
      <Execution id="f9282504-243b-4944-bda8-cfd083399faf" />
      <TestMethod codeBase="C:\Users\navb\source\repos\SampleProject\TestProject\UnitTestProject10\bin\Debug\UnitTestProject10.dll" adapterTypeName="Microsoft.VisualStudio.TestTools.TestTypes.Unit.UnitTestAdapter" className="UnitTestinProgress.MSTestClass2" name="MSTest_P2_91" />
    </UnitTest>
    <UnitTest name="MSTest_P2_92" storage="c:\users\navb\source\repos\sampleproject\testproject\unittestproject10\bin\debug\unittestproject10.dll" id="af35a698-328d-7ccb-f3a4-1ca20c607cd3">
      <Execution id="62c21976-c241-42c1-bda3-f1104dbfd854" />
      <TestMethod codeBase="C:\Users\navb\source\repos\SampleProject\TestProject\UnitTestProject10\bin\Debug\UnitTestProject10.dll" adapterTypeName="Microsoft.VisualStudio.TestTools.TestTypes.Unit.UnitTestAdapter" className="UnitTestinProgress.MSTestClass2" name="MSTest_P2_92" />
    </UnitTest>
    <UnitTest name="MSTest_P2_93" storage="c:\users\navb\source\repos\sampleproject\testproject\unittestproject10\bin\debug\unittestproject10.dll" id="facad60b-be32-9dda-fba5-7c7fb77c582b">
      <Execution id="910c971b-ac41-41f9-b103-3d8b0bbe41c5" />
      <TestMethod codeBase="C:\Users\navb\source\repos\SampleProject\TestProject\UnitTestProject10\bin\Debug\UnitTestProject10.dll" adapterTypeName="Microsoft.VisualStudio.TestTools.TestTypes.Unit.UnitTestAdapter" className="UnitTestinProgress.MSTestClass2" name="MSTest_P2_93" />
    </UnitTest>
    <UnitTest name="MSTest_P2_94" storage="c:\users\navb\source\repos\sampleproject\testproject\unittestproject10\bin\debug\unittestproject10.dll" id="a7f039bb-e008-d895-9ca3-6a3be43521e0">
      <Execution id="f7629d48-17a0-4cbc-85e8-2412de27006a" />
      <TestMethod codeBase="C:\Users\navb\source\repos\SampleProject\TestProject\UnitTestProject10\bin\Debug\UnitTestProject10.dll" adapterTypeName="Microsoft.VisualStudio.TestTools.TestTypes.Unit.UnitTestAdapter" className="UnitTestinProgress.MSTestClass2" name="MSTest_P2_94" />
    </UnitTest>
    <UnitTest name="MSTest_P2_95" storage="c:\users\navb\source\repos\sampleproject\testproject\unittestproject10\bin\debug\unittestproject10.dll" id="c7f0b721-5cb3-11b9-78ce-982c6c93b561">
      <Execution id="bd5ef3a2-fe30-4a7f-840f-a58040e94a31" />
      <TestMethod codeBase="C:\Users\navb\source\repos\SampleProject\TestProject\UnitTestProject10\bin\Debug\UnitTestProject10.dll" adapterTypeName="Microsoft.VisualStudio.TestTools.TestTypes.Unit.UnitTestAdapter" className="UnitTestinProgress.MSTestClass2" name="MSTest_P2_95" />
    </UnitTest>
    <UnitTest name="MSTest_P2_96" storage="c:\users\navb\source\repos\sampleproject\testproject\unittestproject10\bin\debug\unittestproject10.dll" id="9f772cef-e404-3eb2-ee64-340c0f46aba5">
      <Execution id="30eb349e-6b08-4168-b5c2-ec2c713dcb77" />
      <TestMethod codeBase="C:\Users\navb\source\repos\SampleProject\TestProject\UnitTestProject10\bin\Debug\UnitTestProject10.dll" adapterTypeName="Microsoft.VisualStudio.TestTools.TestTypes.Unit.UnitTestAdapter" className="UnitTestinProgress.MSTestClass2" name="MSTest_P2_96" />
    </UnitTest>
    <UnitTest name="MSTest_P2_97" storage="c:\users\navb\source\repos\sampleproject\testproject\unittestproject10\bin\debug\unittestproject10.dll" id="939a2244-834b-61d1-6354-aa06c674cd79">
      <Execution id="da5ffe39-95e9-410b-865e-3336490b39bc" />
      <TestMethod codeBase="C:\Users\navb\source\repos\SampleProject\TestProject\UnitTestProject10\bin\Debug\UnitTestProject10.dll" adapterTypeName="Microsoft.VisualStudio.TestTools.TestTypes.Unit.UnitTestAdapter" className="UnitTestinProgress.MSTestClass2" name="MSTest_P2_97" />
    </UnitTest>
    <UnitTest name="MSTest_P2_98" storage="c:\users\navb\source\repos\sampleproject\testproject\unittestproject10\bin\debug\unittestproject10.dll" id="3c0ef892-0b3e-7e60-bcd6-b7064953d994">
      <Execution id="248575f0-1699-4ff5-a186-3fbc7b8cae8d" />
      <TestMethod codeBase="C:\Users\navb\source\repos\SampleProject\TestProject\UnitTestProject10\bin\Debug\UnitTestProject10.dll" adapterTypeName="Microsoft.VisualStudio.TestTools.TestTypes.Unit.UnitTestAdapter" className="UnitTestinProgress.MSTestClass2" name="MSTest_P2_98" />
    </UnitTest>
    <UnitTest name="MSTest_P2_99" storage="c:\users\navb\source\repos\sampleproject\testproject\unittestproject10\bin\debug\unittestproject10.dll" id="7d6d4444-0857-2926-ad21-737ce1d59354">
      <Execution id="bfab9ac7-4459-4cff-900b-a68fc4b9400e" />
      <TestMethod codeBase="C:\Users\navb\source\repos\SampleProject\TestProject\UnitTestProject10\bin\Debug\UnitTestProject10.dll" adapterTypeName="Microsoft.VisualStudio.TestTools.TestTypes.Unit.UnitTestAdapter" className="UnitTestinProgress.MSTestClass2" name="MSTest_P2_99" />
    </UnitTest>
    <UnitTest name="MSTest_P2_100" storage="c:\users\navb\source\repos\sampleproject\testproject\unittestproject10\bin\debug\unittestproject10.dll" id="29221416-c2aa-3a8e-bcbb-e2e374422384">
      <Execution id="5b4e5bc7-3611-4731-b0af-4430434a182c" />
      <TestMethod codeBase="C:\Users\navb\source\repos\SampleProject\TestProject\UnitTestProject10\bin\Debug\UnitTestProject10.dll" adapterTypeName="Microsoft.VisualStudio.TestTools.TestTypes.Unit.UnitTestAdapter" className="UnitTestinProgress.MSTestClass2" name="MSTest_P2_100" />
    </UnitTest>
    <UnitTest name="MSTest_P2_101" storage="c:\users\navb\source\repos\sampleproject\testproject\unittestproject10\bin\debug\unittestproject10.dll" id="3f1a6d2c-e41e-7400-2935-a30ddfef3b4f">
      <Execution id="e84e6391-810d-4505-b2ab-bc109345b96a" />
      <TestMethod codeBase="C:\Users\navb\source\repos\SampleProject\TestProject\UnitTestProject10\bin\Debug\UnitTestProject10.dll" adapterTypeName="Microsoft.VisualStudio.TestTools.TestTypes.Unit.UnitTestAdapter" className="UnitTestinProgress.MSTestClass2" name="MSTest_P2_101" />
    </UnitTest>
    <UnitTest name="MSTest_P2_102" storage="c:\users\navb\source\repos\sampleproject\testproject\unittestproject10\bin\debug\unittestproject10.dll" id="915baf8a-558c-8445-25e8-39afc4def2d3">
      <Execution id="451c1767-6e45-4afd-89f3-1cbd0a15f388" />
      <TestMethod codeBase="C:\Users\navb\source\repos\SampleProject\TestProject\UnitTestProject10\bin\Debug\UnitTestProject10.dll" adapterTypeName="Microsoft.VisualStudio.TestTools.TestTypes.Unit.UnitTestAdapter" className="UnitTestinProgress.MSTestClass2" name="MSTest_P2_102" />
    </UnitTest>
    <UnitTest name="MSTest_P2_103" storage="c:\users\navb\source\repos\sampleproject\testproject\unittestproject10\bin\debug\unittestproject10.dll" id="fccc4855-8f79-aac6-2d77-b19e845576b0">
      <Execution id="66009858-a8cd-4d20-8a9e-fce6a685b59a" />
      <TestMethod codeBase="C:\Users\navb\source\repos\SampleProject\TestProject\UnitTestProject10\bin\Debug\UnitTestProject10.dll" adapterTypeName="Microsoft.VisualStudio.TestTools.TestTypes.Unit.UnitTestAdapter" className="UnitTestinProgress.MSTestClass2" name="MSTest_P2_103" />
    </UnitTest>
    <UnitTest name="MSTest_P2_104" storage="c:\users\navb\source\repos\sampleproject\testproject\unittestproject10\bin\debug\unittestproject10.dll" id="fd196665-9f74-c566-c22f-3c3e5b1d3bc2">
      <Execution id="c591c6cc-5cb6-420c-b51a-252a2d768d4b" />
      <TestMethod codeBase="C:\Users\navb\source\repos\SampleProject\TestProject\UnitTestProject10\bin\Debug\UnitTestProject10.dll" adapterTypeName="Microsoft.VisualStudio.TestTools.TestTypes.Unit.UnitTestAdapter" className="UnitTestinProgress.MSTestClass2" name="MSTest_P2_104" />
    </UnitTest>
    <UnitTest name="MSTest_P2_105" storage="c:\users\navb\source\repos\sampleproject\testproject\unittestproject10\bin\debug\unittestproject10.dll" id="91185eda-8025-13c8-dfb8-0ba856a8e4b6">
      <Execution id="7c5c2858-175c-4e15-aa7e-94d219bea5ae" />
      <TestMethod codeBase="C:\Users\navb\source\repos\SampleProject\TestProject\UnitTestProject10\bin\Debug\UnitTestProject10.dll" adapterTypeName="Microsoft.VisualStudio.TestTools.TestTypes.Unit.UnitTestAdapter" className="UnitTestinProgress.MSTestClass2" name="MSTest_P2_105" />
    </UnitTest>
    <UnitTest name="MSTest_P2_106" storage="c:\users\navb\source\repos\sampleproject\testproject\unittestproject10\bin\debug\unittestproject10.dll" id="2312bf96-caf8-4555-c7c6-ad46b1dc526b">
      <Execution id="1f013769-40e1-4002-a7fe-060ac74b392f" />
      <TestMethod codeBase="C:\Users\navb\source\repos\SampleProject\TestProject\UnitTestProject10\bin\Debug\UnitTestProject10.dll" adapterTypeName="Microsoft.VisualStudio.TestTools.TestTypes.Unit.UnitTestAdapter" className="UnitTestinProgress.MSTestClass2" name="MSTest_P2_106" />
    </UnitTest>
    <UnitTest name="MSTest_P2_107" storage="c:\users\navb\source\repos\sampleproject\testproject\unittestproject10\bin\debug\unittestproject10.dll" id="16c2d2bb-f749-1b84-5d1a-f4693eeff379">
      <Execution id="60be3c90-70c7-4e9b-b4b6-6ce511c3ebdd" />
      <TestMethod codeBase="C:\Users\navb\source\repos\SampleProject\TestProject\UnitTestProject10\bin\Debug\UnitTestProject10.dll" adapterTypeName="Microsoft.VisualStudio.TestTools.TestTypes.Unit.UnitTestAdapter" className="UnitTestinProgress.MSTestClass2" name="MSTest_P2_107" />
    </UnitTest>
    <UnitTest name="MSTest_P2_108" storage="c:\users\navb\source\repos\sampleproject\testproject\unittestproject10\bin\debug\unittestproject10.dll" id="3052bbd6-828d-da64-f0c6-52ba6226af7a">
      <Execution id="71195b26-e693-458b-bb06-1678f3d27163" />
      <TestMethod codeBase="C:\Users\navb\source\repos\SampleProject\TestProject\UnitTestProject10\bin\Debug\UnitTestProject10.dll" adapterTypeName="Microsoft.VisualStudio.TestTools.TestTypes.Unit.UnitTestAdapter" className="UnitTestinProgress.MSTestClass2" name="MSTest_P2_108" />
    </UnitTest>
    <UnitTest name="MSTest_P2_109" storage="c:\users\navb\source\repos\sampleproject\testproject\unittestproject10\bin\debug\unittestproject10.dll" id="de7798a5-e4ad-f8d4-2c72-5c24a0cf7145">
      <Execution id="11be3d8a-c9d5-4b1d-bd42-2328ae027a1c" />
      <TestMethod codeBase="C:\Users\navb\source\repos\SampleProject\TestProject\UnitTestProject10\bin\Debug\UnitTestProject10.dll" adapterTypeName="Microsoft.VisualStudio.TestTools.TestTypes.Unit.UnitTestAdapter" className="UnitTestinProgress.MSTestClass2" name="MSTest_P2_109" />
    </UnitTest>
    <UnitTest name="MSTest_P2_110" storage="c:\users\navb\source\repos\sampleproject\testproject\unittestproject10\bin\debug\unittestproject10.dll" id="537f464b-2890-762f-2d6a-4c915364b3e3">
      <Execution id="ee1d4583-c411-4315-bc22-31ae5c4c41ad" />
      <TestMethod codeBase="C:\Users\navb\source\repos\SampleProject\TestProject\UnitTestProject10\bin\Debug\UnitTestProject10.dll" adapterTypeName="Microsoft.VisualStudio.TestTools.TestTypes.Unit.UnitTestAdapter" className="UnitTestinProgress.MSTestClass2" name="MSTest_P2_110" />
    </UnitTest>
    <UnitTest name="MSTest_P2_111" storage="c:\users\navb\source\repos\sampleproject\testproject\unittestproject10\bin\debug\unittestproject10.dll" id="c43ccd69-1d07-f1ca-15df-57ee4d99dac7">
      <Execution id="68bf2040-af14-49fd-a2fb-94e8979e2110" />
      <TestMethod codeBase="C:\Users\navb\source\repos\SampleProject\TestProject\UnitTestProject10\bin\Debug\UnitTestProject10.dll" adapterTypeName="Microsoft.VisualStudio.TestTools.TestTypes.Unit.UnitTestAdapter" className="UnitTestinProgress.MSTestClass2" name="MSTest_P2_111" />
    </UnitTest>
    <UnitTest name="MSTest_P2_112" storage="c:\users\navb\source\repos\sampleproject\testproject\unittestproject10\bin\debug\unittestproject10.dll" id="9f00f2fa-3d74-2446-5749-9f3e0babecac">
      <Execution id="fc0c536c-da23-4922-b094-1eb063166fac" />
      <TestMethod codeBase="C:\Users\navb\source\repos\SampleProject\TestProject\UnitTestProject10\bin\Debug\UnitTestProject10.dll" adapterTypeName="Microsoft.VisualStudio.TestTools.TestTypes.Unit.UnitTestAdapter" className="UnitTestinProgress.MSTestClass2" name="MSTest_P2_112" />
    </UnitTest>
    <UnitTest name="MSTest_P2_113" storage="c:\users\navb\source\repos\sampleproject\testproject\unittestproject10\bin\debug\unittestproject10.dll" id="cd11f649-a23e-aa6b-25ea-c9537d6d7754">
      <Execution id="2431f74f-1df4-4bc9-bf17-ec88bcb5fa28" />
      <TestMethod codeBase="C:\Users\navb\source\repos\SampleProject\TestProject\UnitTestProject10\bin\Debug\UnitTestProject10.dll" adapterTypeName="Microsoft.VisualStudio.TestTools.TestTypes.Unit.UnitTestAdapter" className="UnitTestinProgress.MSTestClass2" name="MSTest_P2_113" />
    </UnitTest>
    <UnitTest name="MSTest_P2_114" storage="c:\users\navb\source\repos\sampleproject\testproject\unittestproject10\bin\debug\unittestproject10.dll" id="34211a94-c56c-bda5-da75-a958f6fec0fd">
      <Execution id="59a551bf-705f-41d5-9d6f-f58ff5557b90" />
      <TestMethod codeBase="C:\Users\navb\source\repos\SampleProject\TestProject\UnitTestProject10\bin\Debug\UnitTestProject10.dll" adapterTypeName="Microsoft.VisualStudio.TestTools.TestTypes.Unit.UnitTestAdapter" className="UnitTestinProgress.MSTestClass2" name="MSTest_P2_114" />
    </UnitTest>
    <UnitTest name="MSTest_P2_115" storage="c:\users\navb\source\repos\sampleproject\testproject\unittestproject10\bin\debug\unittestproject10.dll" id="914fcf56-73e7-5755-af49-0edb6532b413">
      <Execution id="55a77f41-714a-4010-8c62-09e993dc5659" />
      <TestMethod codeBase="C:\Users\navb\source\repos\SampleProject\TestProject\UnitTestProject10\bin\Debug\UnitTestProject10.dll" adapterTypeName="Microsoft.VisualStudio.TestTools.TestTypes.Unit.UnitTestAdapter" className="UnitTestinProgress.MSTestClass2" name="MSTest_P2_115" />
    </UnitTest>
    <UnitTest name="MSTest_P2_116" storage="c:\users\navb\source\repos\sampleproject\testproject\unittestproject10\bin\debug\unittestproject10.dll" id="55fcdea5-f0c8-1939-1d6f-85530f5b3f84">
      <Execution id="472bd2e7-213d-413e-94c7-c1964d36d72b" />
      <TestMethod codeBase="C:\Users\navb\source\repos\SampleProject\TestProject\UnitTestProject10\bin\Debug\UnitTestProject10.dll" adapterTypeName="Microsoft.VisualStudio.TestTools.TestTypes.Unit.UnitTestAdapter" className="UnitTestinProgress.MSTestClass2" name="MSTest_P2_116" />
    </UnitTest>
    <UnitTest name="MSTest_P2_117" storage="c:\users\navb\source\repos\sampleproject\testproject\unittestproject10\bin\debug\unittestproject10.dll" id="bd9e4de3-f354-3ba6-5d06-fcf4d194d7fd">
      <Execution id="bc14bfa8-87c6-44e2-97c0-53e4c33a4735" />
      <TestMethod codeBase="C:\Users\navb\source\repos\SampleProject\TestProject\UnitTestProject10\bin\Debug\UnitTestProject10.dll" adapterTypeName="Microsoft.VisualStudio.TestTools.TestTypes.Unit.UnitTestAdapter" className="UnitTestinProgress.MSTestClass2" name="MSTest_P2_117" />
    </UnitTest>
    <UnitTest name="MSTest_P2_118" storage="c:\users\navb\source\repos\sampleproject\testproject\unittestproject10\bin\debug\unittestproject10.dll" id="e01f699e-2cfd-1511-9baf-46a63b479927">
      <Execution id="49dbab85-ff8c-4870-8765-ce9c75dba4bf" />
      <TestMethod codeBase="C:\Users\navb\source\repos\SampleProject\TestProject\UnitTestProject10\bin\Debug\UnitTestProject10.dll" adapterTypeName="Microsoft.VisualStudio.TestTools.TestTypes.Unit.UnitTestAdapter" className="UnitTestinProgress.MSTestClass2" name="MSTest_P2_118" />
    </UnitTest>
    <UnitTest name="MSTest_P2_119" storage="c:\users\navb\source\repos\sampleproject\testproject\unittestproject10\bin\debug\unittestproject10.dll" id="807a3318-f20a-42a4-889a-f1120df8c97a">
      <Execution id="a93640a9-cc4f-4bd3-8020-08893e9a14cb" />
      <TestMethod codeBase="C:\Users\navb\source\repos\SampleProject\TestProject\UnitTestProject10\bin\Debug\UnitTestProject10.dll" adapterTypeName="Microsoft.VisualStudio.TestTools.TestTypes.Unit.UnitTestAdapter" className="UnitTestinProgress.MSTestClass2" name="MSTest_P2_119" />
    </UnitTest>
    <UnitTest name="MSTest_P2_120" storage="c:\users\navb\source\repos\sampleproject\testproject\unittestproject10\bin\debug\unittestproject10.dll" id="3a2ef3df-829b-c946-16cd-4ccab9f111ab">
      <Execution id="288f92a8-3bbe-4d85-870a-dc9b852ba9a0" />
      <TestMethod codeBase="C:\Users\navb\source\repos\SampleProject\TestProject\UnitTestProject10\bin\Debug\UnitTestProject10.dll" adapterTypeName="Microsoft.VisualStudio.TestTools.TestTypes.Unit.UnitTestAdapter" className="UnitTestinProgress.MSTestClass2" name="MSTest_P2_120" />
    </UnitTest>
    <UnitTest name="MSTest_P2_121" storage="c:\users\navb\source\repos\sampleproject\testproject\unittestproject10\bin\debug\unittestproject10.dll" id="33f1551c-325e-5bc6-9b2a-69eeddb08656">
      <Execution id="d2e2f894-ed06-4e72-ae27-e5955b4be708" />
      <TestMethod codeBase="C:\Users\navb\source\repos\SampleProject\TestProject\UnitTestProject10\bin\Debug\UnitTestProject10.dll" adapterTypeName="Microsoft.VisualStudio.TestTools.TestTypes.Unit.UnitTestAdapter" className="UnitTestinProgress.MSTestClass2" name="MSTest_P2_121" />
    </UnitTest>
    <UnitTest name="MSTest_P2_122" storage="c:\users\navb\source\repos\sampleproject\testproject\unittestproject10\bin\debug\unittestproject10.dll" id="1ba574a1-6649-3d9c-bbd9-ac7d24976a9a">
      <Execution id="7c5f16c5-68a7-4c4a-9608-62482dc69a3f" />
      <TestMethod codeBase="C:\Users\navb\source\repos\SampleProject\TestProject\UnitTestProject10\bin\Debug\UnitTestProject10.dll" adapterTypeName="Microsoft.VisualStudio.TestTools.TestTypes.Unit.UnitTestAdapter" className="UnitTestinProgress.MSTestClass2" name="MSTest_P2_122" />
    </UnitTest>
    <UnitTest name="MSTest_P2_123" storage="c:\users\navb\source\repos\sampleproject\testproject\unittestproject10\bin\debug\unittestproject10.dll" id="5a87932a-3364-a4d0-eff8-debcdd964c85">
      <Execution id="de9bab7a-3f6a-445b-ba83-ba8fdaa966f3" />
      <TestMethod codeBase="C:\Users\navb\source\repos\SampleProject\TestProject\UnitTestProject10\bin\Debug\UnitTestProject10.dll" adapterTypeName="Microsoft.VisualStudio.TestTools.TestTypes.Unit.UnitTestAdapter" className="UnitTestinProgress.MSTestClass2" name="MSTest_P2_123" />
    </UnitTest>
    <UnitTest name="MSTest_P2_124" storage="c:\users\navb\source\repos\sampleproject\testproject\unittestproject10\bin\debug\unittestproject10.dll" id="683f065d-9593-0c25-faae-663a5d47b14d">
      <Execution id="4f2deafe-2208-48e4-bd2e-1db80f77cb39" />
      <TestMethod codeBase="C:\Users\navb\source\repos\SampleProject\TestProject\UnitTestProject10\bin\Debug\UnitTestProject10.dll" adapterTypeName="Microsoft.VisualStudio.TestTools.TestTypes.Unit.UnitTestAdapter" className="UnitTestinProgress.MSTestClass2" name="MSTest_P2_124" />
    </UnitTest>
    <UnitTest name="MSTest_P2_125" storage="c:\users\navb\source\repos\sampleproject\testproject\unittestproject10\bin\debug\unittestproject10.dll" id="82b008a7-be57-0cc4-9799-cf73507f9143">
      <Execution id="fc74cd9b-79d4-448e-90d5-4ecbf6b3b54e" />
      <TestMethod codeBase="C:\Users\navb\source\repos\SampleProject\TestProject\UnitTestProject10\bin\Debug\UnitTestProject10.dll" adapterTypeName="Microsoft.VisualStudio.TestTools.TestTypes.Unit.UnitTestAdapter" className="UnitTestinProgress.MSTestClass2" name="MSTest_P2_125" />
    </UnitTest>
    <UnitTest name="MSTest_P2_126" storage="c:\users\navb\source\repos\sampleproject\testproject\unittestproject10\bin\debug\unittestproject10.dll" id="54cf61e4-1c71-8316-8ed4-f64d77175755">
      <Execution id="c167473e-9615-4827-ae33-cf3402d425a8" />
      <TestMethod codeBase="C:\Users\navb\source\repos\SampleProject\TestProject\UnitTestProject10\bin\Debug\UnitTestProject10.dll" adapterTypeName="Microsoft.VisualStudio.TestTools.TestTypes.Unit.UnitTestAdapter" className="UnitTestinProgress.MSTestClass2" name="MSTest_P2_126" />
    </UnitTest>
    <UnitTest name="MSTest_P2_127" storage="c:\users\navb\source\repos\sampleproject\testproject\unittestproject10\bin\debug\unittestproject10.dll" id="313fbd05-9ccb-9751-9fc3-6e68b028f609">
      <Execution id="3ef56146-4c57-4223-b556-4992be59a858" />
      <TestMethod codeBase="C:\Users\navb\source\repos\SampleProject\TestProject\UnitTestProject10\bin\Debug\UnitTestProject10.dll" adapterTypeName="Microsoft.VisualStudio.TestTools.TestTypes.Unit.UnitTestAdapter" className="UnitTestinProgress.MSTestClass2" name="MSTest_P2_127" />
    </UnitTest>
    <UnitTest name="MSTest_P2_128" storage="c:\users\navb\source\repos\sampleproject\testproject\unittestproject10\bin\debug\unittestproject10.dll" id="fdf1163b-4929-09f8-4881-b4623554d75c">
      <Execution id="b57e4f6f-8b85-4910-a829-02363eea389f" />
      <TestMethod codeBase="C:\Users\navb\source\repos\SampleProject\TestProject\UnitTestProject10\bin\Debug\UnitTestProject10.dll" adapterTypeName="Microsoft.VisualStudio.TestTools.TestTypes.Unit.UnitTestAdapter" className="UnitTestinProgress.MSTestClass2" name="MSTest_P2_128" />
    </UnitTest>
    <UnitTest name="MSTest_P2_129" storage="c:\users\navb\source\repos\sampleproject\testproject\unittestproject10\bin\debug\unittestproject10.dll" id="3b471184-88ca-7a13-34f4-c6d1b7cf4d66">
      <Execution id="cb819807-2556-4915-882b-2c29906de386" />
      <TestMethod codeBase="C:\Users\navb\source\repos\SampleProject\TestProject\UnitTestProject10\bin\Debug\UnitTestProject10.dll" adapterTypeName="Microsoft.VisualStudio.TestTools.TestTypes.Unit.UnitTestAdapter" className="UnitTestinProgress.MSTestClass2" name="MSTest_P2_129" />
    </UnitTest>
    <UnitTest name="MSTest_P2_130" storage="c:\users\navb\source\repos\sampleproject\testproject\unittestproject10\bin\debug\unittestproject10.dll" id="953013aa-d082-3c5d-8a98-9e0ecff132b0">
      <Execution id="c490545e-aa12-4f4e-9362-42dd2672e14f" />
      <TestMethod codeBase="C:\Users\navb\source\repos\SampleProject\TestProject\UnitTestProject10\bin\Debug\UnitTestProject10.dll" adapterTypeName="Microsoft.VisualStudio.TestTools.TestTypes.Unit.UnitTestAdapter" className="UnitTestinProgress.MSTestClass2" name="MSTest_P2_130" />
    </UnitTest>
    <UnitTest name="MSTest_P2_131" storage="c:\users\navb\source\repos\sampleproject\testproject\unittestproject10\bin\debug\unittestproject10.dll" id="7c6a723b-a4be-6a05-a4a9-5ba579b0ba3b">
      <Execution id="5c8d459f-e659-407c-aef3-a661ba8c88dd" />
      <TestMethod codeBase="C:\Users\navb\source\repos\SampleProject\TestProject\UnitTestProject10\bin\Debug\UnitTestProject10.dll" adapterTypeName="Microsoft.VisualStudio.TestTools.TestTypes.Unit.UnitTestAdapter" className="UnitTestinProgress.MSTestClass2" name="MSTest_P2_131" />
    </UnitTest>
    <UnitTest name="MSTest_P2_132" storage="c:\users\navb\source\repos\sampleproject\testproject\unittestproject10\bin\debug\unittestproject10.dll" id="45cb87c9-ee6a-f724-01aa-c025b8b44d98">
      <Execution id="05d598b9-30a7-49ae-a7b7-0f4f0764c93e" />
      <TestMethod codeBase="C:\Users\navb\source\repos\SampleProject\TestProject\UnitTestProject10\bin\Debug\UnitTestProject10.dll" adapterTypeName="Microsoft.VisualStudio.TestTools.TestTypes.Unit.UnitTestAdapter" className="UnitTestinProgress.MSTestClass2" name="MSTest_P2_132" />
    </UnitTest>
    <UnitTest name="MSTest_P2_133" storage="c:\users\navb\source\repos\sampleproject\testproject\unittestproject10\bin\debug\unittestproject10.dll" id="12f89f78-f9fc-272f-f46c-011dcde46eaa">
      <Execution id="cb33dd54-51e4-4698-bcb5-aa900f910132" />
      <TestMethod codeBase="C:\Users\navb\source\repos\SampleProject\TestProject\UnitTestProject10\bin\Debug\UnitTestProject10.dll" adapterTypeName="Microsoft.VisualStudio.TestTools.TestTypes.Unit.UnitTestAdapter" className="UnitTestinProgress.MSTestClass2" name="MSTest_P2_133" />
    </UnitTest>
    <UnitTest name="MSTest_P2_134" storage="c:\users\navb\source\repos\sampleproject\testproject\unittestproject10\bin\debug\unittestproject10.dll" id="385136dc-bac7-acd8-7962-cdf97a4bb2c9">
      <Execution id="80a6bd22-0b44-4f57-a415-8bcfe154146d" />
      <TestMethod codeBase="C:\Users\navb\source\repos\SampleProject\TestProject\UnitTestProject10\bin\Debug\UnitTestProject10.dll" adapterTypeName="Microsoft.VisualStudio.TestTools.TestTypes.Unit.UnitTestAdapter" className="UnitTestinProgress.MSTestClass2" name="MSTest_P2_134" />
    </UnitTest>
    <UnitTest name="MSTest_P2_135" storage="c:\users\navb\source\repos\sampleproject\testproject\unittestproject10\bin\debug\unittestproject10.dll" id="11a34d87-512e-de17-6267-ac3a29b1cf72">
      <Execution id="abc3c17d-9732-4625-af28-201d80a32282" />
      <TestMethod codeBase="C:\Users\navb\source\repos\SampleProject\TestProject\UnitTestProject10\bin\Debug\UnitTestProject10.dll" adapterTypeName="Microsoft.VisualStudio.TestTools.TestTypes.Unit.UnitTestAdapter" className="UnitTestinProgress.MSTestClass2" name="MSTest_P2_135" />
    </UnitTest>
    <UnitTest name="MSTest_P2_136" storage="c:\users\navb\source\repos\sampleproject\testproject\unittestproject10\bin\debug\unittestproject10.dll" id="22abed9d-49d8-71a4-89c2-66713f85425f">
      <Execution id="d8b58d79-dedb-4ac0-986c-7c0d070cacf0" />
      <TestMethod codeBase="C:\Users\navb\source\repos\SampleProject\TestProject\UnitTestProject10\bin\Debug\UnitTestProject10.dll" adapterTypeName="Microsoft.VisualStudio.TestTools.TestTypes.Unit.UnitTestAdapter" className="UnitTestinProgress.MSTestClass2" name="MSTest_P2_136" />
    </UnitTest>
    <UnitTest name="MSTest_P2_137" storage="c:\users\navb\source\repos\sampleproject\testproject\unittestproject10\bin\debug\unittestproject10.dll" id="ee5a758c-544a-d3b1-f895-5f90e0109756">
      <Execution id="fd47edb7-f940-4119-8fd0-f226aad62ce6" />
      <TestMethod codeBase="C:\Users\navb\source\repos\SampleProject\TestProject\UnitTestProject10\bin\Debug\UnitTestProject10.dll" adapterTypeName="Microsoft.VisualStudio.TestTools.TestTypes.Unit.UnitTestAdapter" className="UnitTestinProgress.MSTestClass2" name="MSTest_P2_137" />
    </UnitTest>
    <UnitTest name="MSTest_P2_138" storage="c:\users\navb\source\repos\sampleproject\testproject\unittestproject10\bin\debug\unittestproject10.dll" id="6fb0c6b5-3d65-c95b-a9a8-8dfc5d0d66aa">
      <Execution id="a1c697a3-4c56-4c8f-a3ad-eb0d14ce129b" />
      <TestMethod codeBase="C:\Users\navb\source\repos\SampleProject\TestProject\UnitTestProject10\bin\Debug\UnitTestProject10.dll" adapterTypeName="Microsoft.VisualStudio.TestTools.TestTypes.Unit.UnitTestAdapter" className="UnitTestinProgress.MSTestClass2" name="MSTest_P2_138" />
    </UnitTest>
    <UnitTest name="MSTest_P2_139" storage="c:\users\navb\source\repos\sampleproject\testproject\unittestproject10\bin\debug\unittestproject10.dll" id="036f551c-e61f-c570-996f-7bae87eb586a">
      <Execution id="459488b2-4dcf-4c28-9d9e-52c5ca098a6b" />
      <TestMethod codeBase="C:\Users\navb\source\repos\SampleProject\TestProject\UnitTestProject10\bin\Debug\UnitTestProject10.dll" adapterTypeName="Microsoft.VisualStudio.TestTools.TestTypes.Unit.UnitTestAdapter" className="UnitTestinProgress.MSTestClass2" name="MSTest_P2_139" />
    </UnitTest>
    <UnitTest name="MSTest_P2_140" storage="c:\users\navb\source\repos\sampleproject\testproject\unittestproject10\bin\debug\unittestproject10.dll" id="57bcd0ca-050a-b275-e807-ded96d0587fe">
      <Execution id="8e3c0394-9e56-4c68-a1f7-35fbfa89416d" />
      <TestMethod codeBase="C:\Users\navb\source\repos\SampleProject\TestProject\UnitTestProject10\bin\Debug\UnitTestProject10.dll" adapterTypeName="Microsoft.VisualStudio.TestTools.TestTypes.Unit.UnitTestAdapter" className="UnitTestinProgress.MSTestClass2" name="MSTest_P2_140" />
    </UnitTest>
    <UnitTest name="MSTest_P2_141" storage="c:\users\navb\source\repos\sampleproject\testproject\unittestproject10\bin\debug\unittestproject10.dll" id="da64defb-3906-2b10-5011-37335c8d4ff1">
      <Execution id="c80fc98d-1586-4e4a-b034-903a8d122bed" />
      <TestMethod codeBase="C:\Users\navb\source\repos\SampleProject\TestProject\UnitTestProject10\bin\Debug\UnitTestProject10.dll" adapterTypeName="Microsoft.VisualStudio.TestTools.TestTypes.Unit.UnitTestAdapter" className="UnitTestinProgress.MSTestClass2" name="MSTest_P2_141" />
    </UnitTest>
    <UnitTest name="MSTest_P2_142" storage="c:\users\navb\source\repos\sampleproject\testproject\unittestproject10\bin\debug\unittestproject10.dll" id="c3437a62-552a-ed54-b8f7-fcecde198474">
      <Execution id="afdf63b1-3b13-4587-811e-e67834e0b6ef" />
      <TestMethod codeBase="C:\Users\navb\source\repos\SampleProject\TestProject\UnitTestProject10\bin\Debug\UnitTestProject10.dll" adapterTypeName="Microsoft.VisualStudio.TestTools.TestTypes.Unit.UnitTestAdapter" className="UnitTestinProgress.MSTestClass2" name="MSTest_P2_142" />
    </UnitTest>
    <UnitTest name="MSTest_P2_143" storage="c:\users\navb\source\repos\sampleproject\testproject\unittestproject10\bin\debug\unittestproject10.dll" id="1685dbe1-9f1c-2a95-90f9-ff921808fdad">
      <Execution id="dfc2ddd7-a5a4-4e59-bec9-ce644762317c" />
      <TestMethod codeBase="C:\Users\navb\source\repos\SampleProject\TestProject\UnitTestProject10\bin\Debug\UnitTestProject10.dll" adapterTypeName="Microsoft.VisualStudio.TestTools.TestTypes.Unit.UnitTestAdapter" className="UnitTestinProgress.MSTestClass2" name="MSTest_P2_143" />
    </UnitTest>
    <UnitTest name="MSTest_P2_144" storage="c:\users\navb\source\repos\sampleproject\testproject\unittestproject10\bin\debug\unittestproject10.dll" id="7227b3e2-e334-0aaa-fa61-7c29a4ebe86b">
      <Execution id="c8daaa73-b545-4f4d-9c37-fc804a4c8950" />
      <TestMethod codeBase="C:\Users\navb\source\repos\SampleProject\TestProject\UnitTestProject10\bin\Debug\UnitTestProject10.dll" adapterTypeName="Microsoft.VisualStudio.TestTools.TestTypes.Unit.UnitTestAdapter" className="UnitTestinProgress.MSTestClass2" name="MSTest_P2_144" />
    </UnitTest>
    <UnitTest name="MSTest_P2_145" storage="c:\users\navb\source\repos\sampleproject\testproject\unittestproject10\bin\debug\unittestproject10.dll" id="341643ad-55ad-fdb4-18ba-ece3bccc4431">
      <Execution id="fdac7c9f-5cc6-4ed7-9fb1-381c30e2fee6" />
      <TestMethod codeBase="C:\Users\navb\source\repos\SampleProject\TestProject\UnitTestProject10\bin\Debug\UnitTestProject10.dll" adapterTypeName="Microsoft.VisualStudio.TestTools.TestTypes.Unit.UnitTestAdapter" className="UnitTestinProgress.MSTestClass2" name="MSTest_P2_145" />
    </UnitTest>
    <UnitTest name="MSTest_P2_146" storage="c:\users\navb\source\repos\sampleproject\testproject\unittestproject10\bin\debug\unittestproject10.dll" id="4c7d6d90-1ebb-8c38-5ca6-20ae78ee870a">
      <Execution id="4df33f41-d3ae-4a96-aaaf-efd9a20d9e93" />
      <TestMethod codeBase="C:\Users\navb\source\repos\SampleProject\TestProject\UnitTestProject10\bin\Debug\UnitTestProject10.dll" adapterTypeName="Microsoft.VisualStudio.TestTools.TestTypes.Unit.UnitTestAdapter" className="UnitTestinProgress.MSTestClass2" name="MSTest_P2_146" />
    </UnitTest>
    <UnitTest name="MSTest_P2_147" storage="c:\users\navb\source\repos\sampleproject\testproject\unittestproject10\bin\debug\unittestproject10.dll" id="d092aa67-a9be-4767-c2e7-52ff796b3a92">
      <Execution id="7ff5b099-42c8-41ce-b2c8-5edeffebbfd9" />
      <TestMethod codeBase="C:\Users\navb\source\repos\SampleProject\TestProject\UnitTestProject10\bin\Debug\UnitTestProject10.dll" adapterTypeName="Microsoft.VisualStudio.TestTools.TestTypes.Unit.UnitTestAdapter" className="UnitTestinProgress.MSTestClass2" name="MSTest_P2_147" />
    </UnitTest>
    <UnitTest name="MSTest_P2_148" storage="c:\users\navb\source\repos\sampleproject\testproject\unittestproject10\bin\debug\unittestproject10.dll" id="6aeb39e9-dab2-1804-ca3c-8a8217081440">
      <Execution id="0687909c-9676-4803-8e83-5dcbbce07ce0" />
      <TestMethod codeBase="C:\Users\navb\source\repos\SampleProject\TestProject\UnitTestProject10\bin\Debug\UnitTestProject10.dll" adapterTypeName="Microsoft.VisualStudio.TestTools.TestTypes.Unit.UnitTestAdapter" className="UnitTestinProgress.MSTestClass2" name="MSTest_P2_148" />
    </UnitTest>
    <UnitTest name="MSTest_P2_149" storage="c:\users\navb\source\repos\sampleproject\testproject\unittestproject10\bin\debug\unittestproject10.dll" id="c7feaebf-9198-62e2-d84a-e46179321576">
      <Execution id="52b1a9c5-d40d-43ac-b508-1df5228b29f8" />
      <TestMethod codeBase="C:\Users\navb\source\repos\SampleProject\TestProject\UnitTestProject10\bin\Debug\UnitTestProject10.dll" adapterTypeName="Microsoft.VisualStudio.TestTools.TestTypes.Unit.UnitTestAdapter" className="UnitTestinProgress.MSTestClass2" name="MSTest_P2_149" />
    </UnitTest>
    <UnitTest name="MSTest_P2_150" storage="c:\users\navb\source\repos\sampleproject\testproject\unittestproject10\bin\debug\unittestproject10.dll" id="c7b1f0e6-b20c-4656-f570-63b0a322af39">
      <Execution id="85a15b43-87b6-49ba-bc4e-b3f45437375c" />
      <TestMethod codeBase="C:\Users\navb\source\repos\SampleProject\TestProject\UnitTestProject10\bin\Debug\UnitTestProject10.dll" adapterTypeName="Microsoft.VisualStudio.TestTools.TestTypes.Unit.UnitTestAdapter" className="UnitTestinProgress.MSTestClass2" name="MSTest_P2_150" />
    </UnitTest>
    <UnitTest name="MSTest_P2_151" storage="c:\users\navb\source\repos\sampleproject\testproject\unittestproject10\bin\debug\unittestproject10.dll" id="ba601120-1d8a-05ea-533e-27048785ecd2">
      <Execution id="098473ca-4595-473a-b254-9e656c1d30fc" />
      <TestMethod codeBase="C:\Users\navb\source\repos\SampleProject\TestProject\UnitTestProject10\bin\Debug\UnitTestProject10.dll" adapterTypeName="Microsoft.VisualStudio.TestTools.TestTypes.Unit.UnitTestAdapter" className="UnitTestinProgress.MSTestClass2" name="MSTest_P2_151" />
    </UnitTest>
    <UnitTest name="MSTest_P2_152" storage="c:\users\navb\source\repos\sampleproject\testproject\unittestproject10\bin\debug\unittestproject10.dll" id="800e376d-8447-b1c1-a59a-6bbdf67f99d3">
      <Execution id="60873aaf-abd3-4caf-80bf-610344e677ca" />
      <TestMethod codeBase="C:\Users\navb\source\repos\SampleProject\TestProject\UnitTestProject10\bin\Debug\UnitTestProject10.dll" adapterTypeName="Microsoft.VisualStudio.TestTools.TestTypes.Unit.UnitTestAdapter" className="UnitTestinProgress.MSTestClass2" name="MSTest_P2_152" />
    </UnitTest>
    <UnitTest name="MSTest_P2_153" storage="c:\users\navb\source\repos\sampleproject\testproject\unittestproject10\bin\debug\unittestproject10.dll" id="be756dfa-b7b5-ad99-6695-714ebfe75552">
      <Execution id="4edac5e1-ed4c-4702-ab70-041b6985abe5" />
      <TestMethod codeBase="C:\Users\navb\source\repos\SampleProject\TestProject\UnitTestProject10\bin\Debug\UnitTestProject10.dll" adapterTypeName="Microsoft.VisualStudio.TestTools.TestTypes.Unit.UnitTestAdapter" className="UnitTestinProgress.MSTestClass2" name="MSTest_P2_153" />
    </UnitTest>
    <UnitTest name="MSTest_P2_154" storage="c:\users\navb\source\repos\sampleproject\testproject\unittestproject10\bin\debug\unittestproject10.dll" id="dcd5e115-f666-b3c0-1f2e-23ef0ff0a732">
      <Execution id="c96d63d2-654c-418d-bc93-03ae3a96c963" />
      <TestMethod codeBase="C:\Users\navb\source\repos\SampleProject\TestProject\UnitTestProject10\bin\Debug\UnitTestProject10.dll" adapterTypeName="Microsoft.VisualStudio.TestTools.TestTypes.Unit.UnitTestAdapter" className="UnitTestinProgress.MSTestClass2" name="MSTest_P2_154" />
    </UnitTest>
    <UnitTest name="MSTest_P2_155" storage="c:\users\navb\source\repos\sampleproject\testproject\unittestproject10\bin\debug\unittestproject10.dll" id="4758b8c7-dd1b-ea54-9b32-61255bb7b2ee">
      <Execution id="4e7c3beb-8059-4d4f-b403-27fc6793fdd4" />
      <TestMethod codeBase="C:\Users\navb\source\repos\SampleProject\TestProject\UnitTestProject10\bin\Debug\UnitTestProject10.dll" adapterTypeName="Microsoft.VisualStudio.TestTools.TestTypes.Unit.UnitTestAdapter" className="UnitTestinProgress.MSTestClass2" name="MSTest_P2_155" />
    </UnitTest>
    <UnitTest name="MSTest_P2_156" storage="c:\users\navb\source\repos\sampleproject\testproject\unittestproject10\bin\debug\unittestproject10.dll" id="2fff50bd-e523-bbea-2dad-8cb56239ed43">
      <Execution id="a70420a9-893a-4c2f-8241-5a202490ea77" />
      <TestMethod codeBase="C:\Users\navb\source\repos\SampleProject\TestProject\UnitTestProject10\bin\Debug\UnitTestProject10.dll" adapterTypeName="Microsoft.VisualStudio.TestTools.TestTypes.Unit.UnitTestAdapter" className="UnitTestinProgress.MSTestClass2" name="MSTest_P2_156" />
    </UnitTest>
    <UnitTest name="MSTest_P2_157" storage="c:\users\navb\source\repos\sampleproject\testproject\unittestproject10\bin\debug\unittestproject10.dll" id="3f7e344f-2ac5-e9c1-c15b-3351e575b864">
      <Execution id="d615253b-e3c5-4d08-927a-e3780d4fc7ec" />
      <TestMethod codeBase="C:\Users\navb\source\repos\SampleProject\TestProject\UnitTestProject10\bin\Debug\UnitTestProject10.dll" adapterTypeName="Microsoft.VisualStudio.TestTools.TestTypes.Unit.UnitTestAdapter" className="UnitTestinProgress.MSTestClass2" name="MSTest_P2_157" />
    </UnitTest>
    <UnitTest name="MSTest_P2_158" storage="c:\users\navb\source\repos\sampleproject\testproject\unittestproject10\bin\debug\unittestproject10.dll" id="1b49c08b-32cf-4465-2415-0716b4f9d1dc">
      <Execution id="426df2b8-2cf0-499f-9d3b-c6de27b695f5" />
      <TestMethod codeBase="C:\Users\navb\source\repos\SampleProject\TestProject\UnitTestProject10\bin\Debug\UnitTestProject10.dll" adapterTypeName="Microsoft.VisualStudio.TestTools.TestTypes.Unit.UnitTestAdapter" className="UnitTestinProgress.MSTestClass2" name="MSTest_P2_158" />
    </UnitTest>
    <UnitTest name="MSTest_P2_159" storage="c:\users\navb\source\repos\sampleproject\testproject\unittestproject10\bin\debug\unittestproject10.dll" id="825f865b-478d-d1c8-2ac4-a7befc0ac424">
      <Execution id="7a1e0ee5-ff8c-45a3-a409-c6bea44a30ad" />
      <TestMethod codeBase="C:\Users\navb\source\repos\SampleProject\TestProject\UnitTestProject10\bin\Debug\UnitTestProject10.dll" adapterTypeName="Microsoft.VisualStudio.TestTools.TestTypes.Unit.UnitTestAdapter" className="UnitTestinProgress.MSTestClass2" name="MSTest_P2_159" />
    </UnitTest>
    <UnitTest name="MSTest_P2_160" storage="c:\users\navb\source\repos\sampleproject\testproject\unittestproject10\bin\debug\unittestproject10.dll" id="29c7ac91-4e62-f459-d5d6-91ca9bee8817">
      <Execution id="8ffc2310-b8a4-4e02-9a7d-880ad64507ee" />
      <TestMethod codeBase="C:\Users\navb\source\repos\SampleProject\TestProject\UnitTestProject10\bin\Debug\UnitTestProject10.dll" adapterTypeName="Microsoft.VisualStudio.TestTools.TestTypes.Unit.UnitTestAdapter" className="UnitTestinProgress.MSTestClass2" name="MSTest_P2_160" />
    </UnitTest>
    <UnitTest name="MSTest_P2_161" storage="c:\users\navb\source\repos\sampleproject\testproject\unittestproject10\bin\debug\unittestproject10.dll" id="6641a4e9-3fe6-7f29-b4a1-efa288cf1fad">
      <Execution id="6dcf50e6-2411-47e6-befd-fe915a9395cf" />
      <TestMethod codeBase="C:\Users\navb\source\repos\SampleProject\TestProject\UnitTestProject10\bin\Debug\UnitTestProject10.dll" adapterTypeName="Microsoft.VisualStudio.TestTools.TestTypes.Unit.UnitTestAdapter" className="UnitTestinProgress.MSTestClass2" name="MSTest_P2_161" />
    </UnitTest>
    <UnitTest name="MSTest_P2_162" storage="c:\users\navb\source\repos\sampleproject\testproject\unittestproject10\bin\debug\unittestproject10.dll" id="4382419f-13f7-0845-003b-916b2981c71a">
      <Execution id="7f1f4234-3936-4ed0-ac04-b31fad95eae1" />
      <TestMethod codeBase="C:\Users\navb\source\repos\SampleProject\TestProject\UnitTestProject10\bin\Debug\UnitTestProject10.dll" adapterTypeName="Microsoft.VisualStudio.TestTools.TestTypes.Unit.UnitTestAdapter" className="UnitTestinProgress.MSTestClass2" name="MSTest_P2_162" />
    </UnitTest>
    <UnitTest name="MSTest_P2_163" storage="c:\users\navb\source\repos\sampleproject\testproject\unittestproject10\bin\debug\unittestproject10.dll" id="be1b6951-253c-0819-087b-82ed5331132b">
      <Execution id="fdd09819-3fa1-447c-b390-4a52cce33012" />
      <TestMethod codeBase="C:\Users\navb\source\repos\SampleProject\TestProject\UnitTestProject10\bin\Debug\UnitTestProject10.dll" adapterTypeName="Microsoft.VisualStudio.TestTools.TestTypes.Unit.UnitTestAdapter" className="UnitTestinProgress.MSTestClass2" name="MSTest_P2_163" />
    </UnitTest>
    <UnitTest name="MSTest_P2_164" storage="c:\users\navb\source\repos\sampleproject\testproject\unittestproject10\bin\debug\unittestproject10.dll" id="67cc3065-555c-f5aa-0cc2-37a5adf97462">
      <Execution id="e19d9b28-d63b-47e3-b65a-a065a09abac3" />
      <TestMethod codeBase="C:\Users\navb\source\repos\SampleProject\TestProject\UnitTestProject10\bin\Debug\UnitTestProject10.dll" adapterTypeName="Microsoft.VisualStudio.TestTools.TestTypes.Unit.UnitTestAdapter" className="UnitTestinProgress.MSTestClass2" name="MSTest_P2_164" />
    </UnitTest>
    <UnitTest name="MSTest_P2_165" storage="c:\users\navb\source\repos\sampleproject\testproject\unittestproject10\bin\debug\unittestproject10.dll" id="00120dea-7622-88ad-3f22-a370349f1818">
      <Execution id="51ce5591-5435-43a0-8891-b912126e490d" />
      <TestMethod codeBase="C:\Users\navb\source\repos\SampleProject\TestProject\UnitTestProject10\bin\Debug\UnitTestProject10.dll" adapterTypeName="Microsoft.VisualStudio.TestTools.TestTypes.Unit.UnitTestAdapter" className="UnitTestinProgress.MSTestClass2" name="MSTest_P2_165" />
    </UnitTest>
    <UnitTest name="MSTest_P2_166" storage="c:\users\navb\source\repos\sampleproject\testproject\unittestproject10\bin\debug\unittestproject10.dll" id="3c5b1a9e-c8b2-65c9-34cd-2a1c54be71ab">
      <Execution id="37e3aedb-a917-4789-8353-6d00431d26e3" />
      <TestMethod codeBase="C:\Users\navb\source\repos\SampleProject\TestProject\UnitTestProject10\bin\Debug\UnitTestProject10.dll" adapterTypeName="Microsoft.VisualStudio.TestTools.TestTypes.Unit.UnitTestAdapter" className="UnitTestinProgress.MSTestClass2" name="MSTest_P2_166" />
    </UnitTest>
    <UnitTest name="MSTest_P2_167" storage="c:\users\navb\source\repos\sampleproject\testproject\unittestproject10\bin\debug\unittestproject10.dll" id="c6fb0d07-8065-f29e-c772-055a9d010e16">
      <Execution id="13c1f020-ffb1-40ca-a22a-64d27bd30ed3" />
      <TestMethod codeBase="C:\Users\navb\source\repos\SampleProject\TestProject\UnitTestProject10\bin\Debug\UnitTestProject10.dll" adapterTypeName="Microsoft.VisualStudio.TestTools.TestTypes.Unit.UnitTestAdapter" className="UnitTestinProgress.MSTestClass2" name="MSTest_P2_167" />
    </UnitTest>
    <UnitTest name="MSTest_P2_168" storage="c:\users\navb\source\repos\sampleproject\testproject\unittestproject10\bin\debug\unittestproject10.dll" id="54177842-3e52-de32-f3fa-d7af1a4fc4f9">
      <Execution id="c3f2c2aa-0969-4f19-821c-49ae42aee98f" />
      <TestMethod codeBase="C:\Users\navb\source\repos\SampleProject\TestProject\UnitTestProject10\bin\Debug\UnitTestProject10.dll" adapterTypeName="Microsoft.VisualStudio.TestTools.TestTypes.Unit.UnitTestAdapter" className="UnitTestinProgress.MSTestClass2" name="MSTest_P2_168" />
    </UnitTest>
    <UnitTest name="MSTest_P2_169" storage="c:\users\navb\source\repos\sampleproject\testproject\unittestproject10\bin\debug\unittestproject10.dll" id="bd9be175-3f11-e2af-e478-5a99233fd72f">
      <Execution id="2eb93bcf-0a1f-40c9-b290-56ede8c8aa31" />
      <TestMethod codeBase="C:\Users\navb\source\repos\SampleProject\TestProject\UnitTestProject10\bin\Debug\UnitTestProject10.dll" adapterTypeName="Microsoft.VisualStudio.TestTools.TestTypes.Unit.UnitTestAdapter" className="UnitTestinProgress.MSTestClass2" name="MSTest_P2_169" />
    </UnitTest>
    <UnitTest name="MSTest_P2_170" storage="c:\users\navb\source\repos\sampleproject\testproject\unittestproject10\bin\debug\unittestproject10.dll" id="5207ba34-ff73-e996-4133-2d057c8d5ad1">
      <Execution id="1ce5ac1d-f9bf-443f-94c0-12ea446a083a" />
      <TestMethod codeBase="C:\Users\navb\source\repos\SampleProject\TestProject\UnitTestProject10\bin\Debug\UnitTestProject10.dll" adapterTypeName="Microsoft.VisualStudio.TestTools.TestTypes.Unit.UnitTestAdapter" className="UnitTestinProgress.MSTestClass2" name="MSTest_P2_170" />
    </UnitTest>
    <UnitTest name="MSTest_P2_01" storage="c:\users\navb\source\repos\sampleproject\testproject\unittestproject10\bin\debug\unittestproject10.dll" id="266c1673-c18f-1799-f292-dae45c9faeb0">
      <Execution id="3ba20df8-3c68-48fb-acf9-b8eaf324e2ab" />
      <TestMethod codeBase="C:\Users\navb\source\repos\SampleProject\TestProject\UnitTestProject10\bin\Debug\UnitTestProject10.dll" adapterTypeName="Microsoft.VisualStudio.TestTools.TestTypes.Unit.UnitTestAdapter" className="UnitTestinProgress.MSTestClass2" name="MSTest_P2_01" />
    </UnitTest>
    <UnitTest name="MSTest_P2_02" storage="c:\users\navb\source\repos\sampleproject\testproject\unittestproject10\bin\debug\unittestproject10.dll" id="4dcc34f5-2e20-7f83-e900-3de41873f6a4">
      <Execution id="73e5ee08-facd-48c6-afff-48e0cbd979c5" />
      <TestMethod codeBase="C:\Users\navb\source\repos\SampleProject\TestProject\UnitTestProject10\bin\Debug\UnitTestProject10.dll" adapterTypeName="Microsoft.VisualStudio.TestTools.TestTypes.Unit.UnitTestAdapter" className="UnitTestinProgress.MSTestClass2" name="MSTest_P2_02" />
    </UnitTest>
    <UnitTest name="MSTest_P2_03" storage="c:\users\navb\source\repos\sampleproject\testproject\unittestproject10\bin\debug\unittestproject10.dll" id="5bf2f827-a694-5c40-9e1c-9ae629007eed">
      <Execution id="09c910ce-e29c-44f0-add0-b01ad6d73bbf" />
      <TestMethod codeBase="C:\Users\navb\source\repos\SampleProject\TestProject\UnitTestProject10\bin\Debug\UnitTestProject10.dll" adapterTypeName="Microsoft.VisualStudio.TestTools.TestTypes.Unit.UnitTestAdapter" className="UnitTestinProgress.MSTestClass2" name="MSTest_P2_03" />
    </UnitTest>
    <UnitTest name="MSTest_P2_04" storage="c:\users\navb\source\repos\sampleproject\testproject\unittestproject10\bin\debug\unittestproject10.dll" id="dbdd8738-f971-2ac4-1f4f-b334ef243188">
      <Execution id="0b70e73b-2bf7-4927-a65c-ef3fbbd0a6e2" />
      <TestMethod codeBase="C:\Users\navb\source\repos\SampleProject\TestProject\UnitTestProject10\bin\Debug\UnitTestProject10.dll" adapterTypeName="Microsoft.VisualStudio.TestTools.TestTypes.Unit.UnitTestAdapter" className="UnitTestinProgress.MSTestClass2" name="MSTest_P2_04" />
    </UnitTest>
    <UnitTest name="MSTest_P2_05" storage="c:\users\navb\source\repos\sampleproject\testproject\unittestproject10\bin\debug\unittestproject10.dll" id="04bd6ec9-2d65-7664-c334-46c83b945990">
      <Execution id="0b446aa0-c206-48df-aa17-56e474cf3c08" />
      <TestMethod codeBase="C:\Users\navb\source\repos\SampleProject\TestProject\UnitTestProject10\bin\Debug\UnitTestProject10.dll" adapterTypeName="Microsoft.VisualStudio.TestTools.TestTypes.Unit.UnitTestAdapter" className="UnitTestinProgress.MSTestClass2" name="MSTest_P2_05" />
    </UnitTest>
    <UnitTest name="MSTest_P2_06" storage="c:\users\navb\source\repos\sampleproject\testproject\unittestproject10\bin\debug\unittestproject10.dll" id="36047bf0-906f-2972-04b9-54bf22739225">
      <Execution id="32799fa6-b265-45b5-8f59-754c35e4587d" />
      <TestMethod codeBase="C:\Users\navb\source\repos\SampleProject\TestProject\UnitTestProject10\bin\Debug\UnitTestProject10.dll" adapterTypeName="Microsoft.VisualStudio.TestTools.TestTypes.Unit.UnitTestAdapter" className="UnitTestinProgress.MSTestClass2" name="MSTest_P2_06" />
    </UnitTest>
    <UnitTest name="MSTest_P2_07" storage="c:\users\navb\source\repos\sampleproject\testproject\unittestproject10\bin\debug\unittestproject10.dll" id="a1e89a98-a76b-73b6-16aa-d82d2430a368">
      <Execution id="03eef63f-bb89-49c4-b50e-8f7e384a2591" />
      <TestMethod codeBase="C:\Users\navb\source\repos\SampleProject\TestProject\UnitTestProject10\bin\Debug\UnitTestProject10.dll" adapterTypeName="Microsoft.VisualStudio.TestTools.TestTypes.Unit.UnitTestAdapter" className="UnitTestinProgress.MSTestClass2" name="MSTest_P2_07" />
    </UnitTest>
    <UnitTest name="MSTest_P2_08" storage="c:\users\navb\source\repos\sampleproject\testproject\unittestproject10\bin\debug\unittestproject10.dll" id="fa72d82c-ff06-ed3e-fe4c-28ba5a65c72a">
      <Execution id="e1674582-18f5-4e06-b961-f1702c9779c0" />
      <TestMethod codeBase="C:\Users\navb\source\repos\SampleProject\TestProject\UnitTestProject10\bin\Debug\UnitTestProject10.dll" adapterTypeName="Microsoft.VisualStudio.TestTools.TestTypes.Unit.UnitTestAdapter" className="UnitTestinProgress.MSTestClass2" name="MSTest_P2_08" />
    </UnitTest>
    <UnitTest name="MSTest_P2_09" storage="c:\users\navb\source\repos\sampleproject\testproject\unittestproject10\bin\debug\unittestproject10.dll" id="97b1f011-5b3f-3448-cf2c-c730ad856ce3">
      <Execution id="c406efda-3317-43d5-90db-45613f589753" />
      <TestMethod codeBase="C:\Users\navb\source\repos\SampleProject\TestProject\UnitTestProject10\bin\Debug\UnitTestProject10.dll" adapterTypeName="Microsoft.VisualStudio.TestTools.TestTypes.Unit.UnitTestAdapter" className="UnitTestinProgress.MSTestClass2" name="MSTest_P2_09" />
    </UnitTest>
    <UnitTest name="MSTest_P2_10" storage="c:\users\navb\source\repos\sampleproject\testproject\unittestproject10\bin\debug\unittestproject10.dll" id="d9c88791-a31f-50fb-edfa-0553db7632a5">
      <Execution id="43f9f7ef-d16f-452a-8c0b-2e642129ccb0" />
      <TestMethod codeBase="C:\Users\navb\source\repos\SampleProject\TestProject\UnitTestProject10\bin\Debug\UnitTestProject10.dll" adapterTypeName="Microsoft.VisualStudio.TestTools.TestTypes.Unit.UnitTestAdapter" className="UnitTestinProgress.MSTestClass2" name="MSTest_P2_10" />
    </UnitTest>
    <UnitTest name="MSTest_P2_11" storage="c:\users\navb\source\repos\sampleproject\testproject\unittestproject10\bin\debug\unittestproject10.dll" id="c05cf843-a216-7fb4-27dd-aef083160757">
      <Execution id="681abbee-ab59-4f76-8016-98459b2a03c8" />
      <TestMethod codeBase="C:\Users\navb\source\repos\SampleProject\TestProject\UnitTestProject10\bin\Debug\UnitTestProject10.dll" adapterTypeName="Microsoft.VisualStudio.TestTools.TestTypes.Unit.UnitTestAdapter" className="UnitTestinProgress.MSTestClass2" name="MSTest_P2_11" />
    </UnitTest>
    <UnitTest name="MSTest_P2_12" storage="c:\users\navb\source\repos\sampleproject\testproject\unittestproject10\bin\debug\unittestproject10.dll" id="031cd14d-90fd-cff5-0f2d-a9b616527c02">
      <Execution id="02916ca4-64a1-4644-9281-8af0ac80ba5b" />
      <TestMethod codeBase="C:\Users\navb\source\repos\SampleProject\TestProject\UnitTestProject10\bin\Debug\UnitTestProject10.dll" adapterTypeName="Microsoft.VisualStudio.TestTools.TestTypes.Unit.UnitTestAdapter" className="UnitTestinProgress.MSTestClass2" name="MSTest_P2_12" />
    </UnitTest>
    <UnitTest name="MSTest_P2_13" storage="c:\users\navb\source\repos\sampleproject\testproject\unittestproject10\bin\debug\unittestproject10.dll" id="f02c4b37-2d35-e127-ed31-a1360b6b386f">
      <Execution id="28bb5ebe-4842-43a8-9f56-31f2bef89af4" />
      <TestMethod codeBase="C:\Users\navb\source\repos\SampleProject\TestProject\UnitTestProject10\bin\Debug\UnitTestProject10.dll" adapterTypeName="Microsoft.VisualStudio.TestTools.TestTypes.Unit.UnitTestAdapter" className="UnitTestinProgress.MSTestClass2" name="MSTest_P2_13" />
    </UnitTest>
    <UnitTest name="MSTest_P2_14" storage="c:\users\navb\source\repos\sampleproject\testproject\unittestproject10\bin\debug\unittestproject10.dll" id="aea9b725-6b91-83a7-24ed-fba9aecaea7d">
      <Execution id="79707c23-cb49-48df-ba72-87d66ed5f19d" />
      <TestMethod codeBase="C:\Users\navb\source\repos\SampleProject\TestProject\UnitTestProject10\bin\Debug\UnitTestProject10.dll" adapterTypeName="Microsoft.VisualStudio.TestTools.TestTypes.Unit.UnitTestAdapter" className="UnitTestinProgress.MSTestClass2" name="MSTest_P2_14" />
    </UnitTest>
    <UnitTest name="MSTest_P2_15" storage="c:\users\navb\source\repos\sampleproject\testproject\unittestproject10\bin\debug\unittestproject10.dll" id="4cc89ad0-e24a-4039-f296-387b2c4c908d">
      <Execution id="b0a16ee2-34e9-4409-b146-d36629201205" />
      <TestMethod codeBase="C:\Users\navb\source\repos\SampleProject\TestProject\UnitTestProject10\bin\Debug\UnitTestProject10.dll" adapterTypeName="Microsoft.VisualStudio.TestTools.TestTypes.Unit.UnitTestAdapter" className="UnitTestinProgress.MSTestClass2" name="MSTest_P2_15" />
    </UnitTest>
    <UnitTest name="MSTest_P2_16" storage="c:\users\navb\source\repos\sampleproject\testproject\unittestproject10\bin\debug\unittestproject10.dll" id="3e8618fb-d9c2-89e4-b68f-23c09de3774f">
      <Execution id="a9e639ec-db6c-44c9-a957-1b25c9fff3d6" />
      <TestMethod codeBase="C:\Users\navb\source\repos\SampleProject\TestProject\UnitTestProject10\bin\Debug\UnitTestProject10.dll" adapterTypeName="Microsoft.VisualStudio.TestTools.TestTypes.Unit.UnitTestAdapter" className="UnitTestinProgress.MSTestClass2" name="MSTest_P2_16" />
    </UnitTest>
    <UnitTest name="MSTest_P2_17" storage="c:\users\navb\source\repos\sampleproject\testproject\unittestproject10\bin\debug\unittestproject10.dll" id="a7878fba-8233-46a1-465f-b16492f8d563">
      <Execution id="d09e9655-4102-428e-9ee1-b814d8d24add" />
      <TestMethod codeBase="C:\Users\navb\source\repos\SampleProject\TestProject\UnitTestProject10\bin\Debug\UnitTestProject10.dll" adapterTypeName="Microsoft.VisualStudio.TestTools.TestTypes.Unit.UnitTestAdapter" className="UnitTestinProgress.MSTestClass2" name="MSTest_P2_17" />
    </UnitTest>
    <UnitTest name="MSTest_P2_18" storage="c:\users\navb\source\repos\sampleproject\testproject\unittestproject10\bin\debug\unittestproject10.dll" id="594e7349-f67d-b54a-3ff1-32e7d00732d0">
      <Execution id="331a15bd-69f7-46d1-b578-a660c60c03ad" />
      <TestMethod codeBase="C:\Users\navb\source\repos\SampleProject\TestProject\UnitTestProject10\bin\Debug\UnitTestProject10.dll" adapterTypeName="Microsoft.VisualStudio.TestTools.TestTypes.Unit.UnitTestAdapter" className="UnitTestinProgress.MSTestClass2" name="MSTest_P2_18" />
    </UnitTest>
    <UnitTest name="MSTest_P2_19" storage="c:\users\navb\source\repos\sampleproject\testproject\unittestproject10\bin\debug\unittestproject10.dll" id="0600cf9e-1d21-dc00-6774-436608f5ef65">
      <Execution id="b2455bf6-8c20-4103-86e5-afb4cd27f01d" />
      <TestMethod codeBase="C:\Users\navb\source\repos\SampleProject\TestProject\UnitTestProject10\bin\Debug\UnitTestProject10.dll" adapterTypeName="Microsoft.VisualStudio.TestTools.TestTypes.Unit.UnitTestAdapter" className="UnitTestinProgress.MSTestClass2" name="MSTest_P2_19" />
    </UnitTest>
    <UnitTest name="MSTest_P2_20" storage="c:\users\navb\source\repos\sampleproject\testproject\unittestproject10\bin\debug\unittestproject10.dll" id="6823f43f-237c-e909-3a18-05eff59f5e15">
      <Execution id="42789015-3a67-4957-ae1f-8a9065aae8c4" />
      <TestMethod codeBase="C:\Users\navb\source\repos\SampleProject\TestProject\UnitTestProject10\bin\Debug\UnitTestProject10.dll" adapterTypeName="Microsoft.VisualStudio.TestTools.TestTypes.Unit.UnitTestAdapter" className="UnitTestinProgress.MSTestClass2" name="MSTest_P2_20" />
    </UnitTest>
    <UnitTest name="MSTest_P2_21" storage="c:\users\navb\source\repos\sampleproject\testproject\unittestproject10\bin\debug\unittestproject10.dll" id="c0313b89-fd8f-a6a5-6269-7c2f8313d3f8">
      <Execution id="848e0abf-03af-4f5e-8ce0-b27f366fc971" />
      <TestMethod codeBase="C:\Users\navb\source\repos\SampleProject\TestProject\UnitTestProject10\bin\Debug\UnitTestProject10.dll" adapterTypeName="Microsoft.VisualStudio.TestTools.TestTypes.Unit.UnitTestAdapter" className="UnitTestinProgress.MSTestClass2" name="MSTest_P2_21" />
    </UnitTest>
    <UnitTest name="MSTest_P2_22" storage="c:\users\navb\source\repos\sampleproject\testproject\unittestproject10\bin\debug\unittestproject10.dll" id="717bd1e2-dd57-8b5a-9066-9060a27b508d">
      <Execution id="8e3c416c-e512-4d6b-a1f8-9451de7756c7" />
      <TestMethod codeBase="C:\Users\navb\source\repos\SampleProject\TestProject\UnitTestProject10\bin\Debug\UnitTestProject10.dll" adapterTypeName="Microsoft.VisualStudio.TestTools.TestTypes.Unit.UnitTestAdapter" className="UnitTestinProgress.MSTestClass2" name="MSTest_P2_22" />
    </UnitTest>
    <UnitTest name="MSTest_P2_23" storage="c:\users\navb\source\repos\sampleproject\testproject\unittestproject10\bin\debug\unittestproject10.dll" id="46223da2-1af1-111c-e434-95d68baf71e9">
      <Execution id="6f58fd5e-9de0-40fd-a753-f78893cda3be" />
      <TestMethod codeBase="C:\Users\navb\source\repos\SampleProject\TestProject\UnitTestProject10\bin\Debug\UnitTestProject10.dll" adapterTypeName="Microsoft.VisualStudio.TestTools.TestTypes.Unit.UnitTestAdapter" className="UnitTestinProgress.MSTestClass2" name="MSTest_P2_23" />
    </UnitTest>
    <UnitTest name="MSTest_P2_24" storage="c:\users\navb\source\repos\sampleproject\testproject\unittestproject10\bin\debug\unittestproject10.dll" id="4c0fed65-2528-7458-3c00-153a4778437c">
      <Execution id="ac7144cd-4913-4cdd-9a52-4c2713ee1b76" />
      <TestMethod codeBase="C:\Users\navb\source\repos\SampleProject\TestProject\UnitTestProject10\bin\Debug\UnitTestProject10.dll" adapterTypeName="Microsoft.VisualStudio.TestTools.TestTypes.Unit.UnitTestAdapter" className="UnitTestinProgress.MSTestClass2" name="MSTest_P2_24" />
    </UnitTest>
    <UnitTest name="MSTest_P2_25" storage="c:\users\navb\source\repos\sampleproject\testproject\unittestproject10\bin\debug\unittestproject10.dll" id="f6478a14-0781-a840-1331-60ec0ea84836">
      <Execution id="f1fb5b4f-16a2-400a-a403-e8f6499466b6" />
      <TestMethod codeBase="C:\Users\navb\source\repos\SampleProject\TestProject\UnitTestProject10\bin\Debug\UnitTestProject10.dll" adapterTypeName="Microsoft.VisualStudio.TestTools.TestTypes.Unit.UnitTestAdapter" className="UnitTestinProgress.MSTestClass2" name="MSTest_P2_25" />
    </UnitTest>
    <UnitTest name="MSTest_P2_26" storage="c:\users\navb\source\repos\sampleproject\testproject\unittestproject10\bin\debug\unittestproject10.dll" id="209e8c12-8f87-634b-aabf-f55790bff9e4">
      <Execution id="02b3321b-1228-4815-bca3-5d14961e2f48" />
      <TestMethod codeBase="C:\Users\navb\source\repos\SampleProject\TestProject\UnitTestProject10\bin\Debug\UnitTestProject10.dll" adapterTypeName="Microsoft.VisualStudio.TestTools.TestTypes.Unit.UnitTestAdapter" className="UnitTestinProgress.MSTestClass2" name="MSTest_P2_26" />
    </UnitTest>
    <UnitTest name="MSTest_P2_27" storage="c:\users\navb\source\repos\sampleproject\testproject\unittestproject10\bin\debug\unittestproject10.dll" id="450c4c4f-dd64-c052-a58d-0f321e9a4ab5">
      <Execution id="d44a4218-7c7e-475f-88f5-95d19e552612" />
      <TestMethod codeBase="C:\Users\navb\source\repos\SampleProject\TestProject\UnitTestProject10\bin\Debug\UnitTestProject10.dll" adapterTypeName="Microsoft.VisualStudio.TestTools.TestTypes.Unit.UnitTestAdapter" className="UnitTestinProgress.MSTestClass2" name="MSTest_P2_27" />
    </UnitTest>
    <UnitTest name="MSTest_P2_28" storage="c:\users\navb\source\repos\sampleproject\testproject\unittestproject10\bin\debug\unittestproject10.dll" id="79431802-2d85-13b8-ab61-67a85be3995c">
      <Execution id="9768a11f-9470-4797-8e6a-a8264f43cd20" />
      <TestMethod codeBase="C:\Users\navb\source\repos\SampleProject\TestProject\UnitTestProject10\bin\Debug\UnitTestProject10.dll" adapterTypeName="Microsoft.VisualStudio.TestTools.TestTypes.Unit.UnitTestAdapter" className="UnitTestinProgress.MSTestClass2" name="MSTest_P2_28" />
    </UnitTest>
    <UnitTest name="MSTest_P2_29" storage="c:\users\navb\source\repos\sampleproject\testproject\unittestproject10\bin\debug\unittestproject10.dll" id="2e9a08db-93e4-a0b0-2823-9687580ea111">
      <Execution id="ab9b7e19-7bcc-4f0a-8c4c-7437a9d1b223" />
      <TestMethod codeBase="C:\Users\navb\source\repos\SampleProject\TestProject\UnitTestProject10\bin\Debug\UnitTestProject10.dll" adapterTypeName="Microsoft.VisualStudio.TestTools.TestTypes.Unit.UnitTestAdapter" className="UnitTestinProgress.MSTestClass2" name="MSTest_P2_29" />
    </UnitTest>
    <UnitTest name="MSTest_P2_30" storage="c:\users\navb\source\repos\sampleproject\testproject\unittestproject10\bin\debug\unittestproject10.dll" id="c6a1a0c6-0543-e043-6574-7026d074da5a">
      <Execution id="ae169714-7802-4dd1-80af-71dee03d78a6" />
      <TestMethod codeBase="C:\Users\navb\source\repos\SampleProject\TestProject\UnitTestProject10\bin\Debug\UnitTestProject10.dll" adapterTypeName="Microsoft.VisualStudio.TestTools.TestTypes.Unit.UnitTestAdapter" className="UnitTestinProgress.MSTestClass2" name="MSTest_P2_30" />
    </UnitTest>
    <UnitTest name="MSTest_P2_31" storage="c:\users\navb\source\repos\sampleproject\testproject\unittestproject10\bin\debug\unittestproject10.dll" id="832e72e0-cf72-177f-4b57-b8a6c410d77d">
      <Execution id="57061491-00f6-451b-925c-d9f16ddb88a5" />
      <TestMethod codeBase="C:\Users\navb\source\repos\SampleProject\TestProject\UnitTestProject10\bin\Debug\UnitTestProject10.dll" adapterTypeName="Microsoft.VisualStudio.TestTools.TestTypes.Unit.UnitTestAdapter" className="UnitTestinProgress.MSTestClass2" name="MSTest_P2_31" />
    </UnitTest>
    <UnitTest name="MSTest_P2_32" storage="c:\users\navb\source\repos\sampleproject\testproject\unittestproject10\bin\debug\unittestproject10.dll" id="af18c65a-6dab-963c-ae11-ca606f9ec716">
      <Execution id="ca8d86fa-eeb6-4551-bf9d-857519d4b9c7" />
      <TestMethod codeBase="C:\Users\navb\source\repos\SampleProject\TestProject\UnitTestProject10\bin\Debug\UnitTestProject10.dll" adapterTypeName="Microsoft.VisualStudio.TestTools.TestTypes.Unit.UnitTestAdapter" className="UnitTestinProgress.MSTestClass2" name="MSTest_P2_32" />
    </UnitTest>
    <UnitTest name="MSTest_P2_33" storage="c:\users\navb\source\repos\sampleproject\testproject\unittestproject10\bin\debug\unittestproject10.dll" id="71ea535e-e323-ac42-effa-861c728b9432">
      <Execution id="c1d435b8-235e-4522-8195-c4bb75a17b69" />
      <TestMethod codeBase="C:\Users\navb\source\repos\SampleProject\TestProject\UnitTestProject10\bin\Debug\UnitTestProject10.dll" adapterTypeName="Microsoft.VisualStudio.TestTools.TestTypes.Unit.UnitTestAdapter" className="UnitTestinProgress.MSTestClass2" name="MSTest_P2_33" />
    </UnitTest>
    <UnitTest name="MSTest_P2_34" storage="c:\users\navb\source\repos\sampleproject\testproject\unittestproject10\bin\debug\unittestproject10.dll" id="a7789761-e712-36f0-3d13-cb2a7e42aa93">
      <Execution id="27775c2c-1d0c-4791-add8-6efbdb0e10b7" />
      <TestMethod codeBase="C:\Users\navb\source\repos\SampleProject\TestProject\UnitTestProject10\bin\Debug\UnitTestProject10.dll" adapterTypeName="Microsoft.VisualStudio.TestTools.TestTypes.Unit.UnitTestAdapter" className="UnitTestinProgress.MSTestClass2" name="MSTest_P2_34" />
    </UnitTest>
    <UnitTest name="MSTest_P2_35" storage="c:\users\navb\source\repos\sampleproject\testproject\unittestproject10\bin\debug\unittestproject10.dll" id="48bba266-5231-49e4-88d1-691c91359319">
      <Execution id="8dbb61fd-c779-4672-8674-b86339fc7b87" />
      <TestMethod codeBase="C:\Users\navb\source\repos\SampleProject\TestProject\UnitTestProject10\bin\Debug\UnitTestProject10.dll" adapterTypeName="Microsoft.VisualStudio.TestTools.TestTypes.Unit.UnitTestAdapter" className="UnitTestinProgress.MSTestClass2" name="MSTest_P2_35" />
    </UnitTest>
    <UnitTest name="MSTest_P2_36" storage="c:\users\navb\source\repos\sampleproject\testproject\unittestproject10\bin\debug\unittestproject10.dll" id="a5766b4c-0dc0-04ea-2ded-12460a086d5f">
      <Execution id="c8cd725f-ff83-4efc-9f1a-1465d276343a" />
      <TestMethod codeBase="C:\Users\navb\source\repos\SampleProject\TestProject\UnitTestProject10\bin\Debug\UnitTestProject10.dll" adapterTypeName="Microsoft.VisualStudio.TestTools.TestTypes.Unit.UnitTestAdapter" className="UnitTestinProgress.MSTestClass2" name="MSTest_P2_36" />
    </UnitTest>
    <UnitTest name="MSTest_P2_37" storage="c:\users\navb\source\repos\sampleproject\testproject\unittestproject10\bin\debug\unittestproject10.dll" id="a8e7e1f1-4bf2-014f-d2e4-4938a7f4e81c">
      <Execution id="52d59d54-bf15-4d5f-8b80-dd3091ae9e87" />
      <TestMethod codeBase="C:\Users\navb\source\repos\SampleProject\TestProject\UnitTestProject10\bin\Debug\UnitTestProject10.dll" adapterTypeName="Microsoft.VisualStudio.TestTools.TestTypes.Unit.UnitTestAdapter" className="UnitTestinProgress.MSTestClass2" name="MSTest_P2_37" />
    </UnitTest>
    <UnitTest name="MSTest_P2_38" storage="c:\users\navb\source\repos\sampleproject\testproject\unittestproject10\bin\debug\unittestproject10.dll" id="f02d8dd0-31af-bb80-f1c4-f378ce56b784">
      <Execution id="09dceae3-e5f9-4179-9a0f-996572bf0eb0" />
      <TestMethod codeBase="C:\Users\navb\source\repos\SampleProject\TestProject\UnitTestProject10\bin\Debug\UnitTestProject10.dll" adapterTypeName="Microsoft.VisualStudio.TestTools.TestTypes.Unit.UnitTestAdapter" className="UnitTestinProgress.MSTestClass2" name="MSTest_P2_38" />
    </UnitTest>
    <UnitTest name="MSTest_P2_39" storage="c:\users\navb\source\repos\sampleproject\testproject\unittestproject10\bin\debug\unittestproject10.dll" id="2520ece5-6d09-2a4f-6a86-aaceeae65ffd">
      <Execution id="e3a77421-8f3c-431c-9afe-19d0a2d0f472" />
      <TestMethod codeBase="C:\Users\navb\source\repos\SampleProject\TestProject\UnitTestProject10\bin\Debug\UnitTestProject10.dll" adapterTypeName="Microsoft.VisualStudio.TestTools.TestTypes.Unit.UnitTestAdapter" className="UnitTestinProgress.MSTestClass2" name="MSTest_P2_39" />
    </UnitTest>
    <UnitTest name="MSTest_P2_40" storage="c:\users\navb\source\repos\sampleproject\testproject\unittestproject10\bin\debug\unittestproject10.dll" id="e449c253-e685-88dc-b9a2-4cb435a6f8c9">
      <Execution id="d9cace22-ee41-4be0-baa3-fb0b56e75eeb" />
      <TestMethod codeBase="C:\Users\navb\source\repos\SampleProject\TestProject\UnitTestProject10\bin\Debug\UnitTestProject10.dll" adapterTypeName="Microsoft.VisualStudio.TestTools.TestTypes.Unit.UnitTestAdapter" className="UnitTestinProgress.MSTestClass2" name="MSTest_P2_40" />
    </UnitTest>
    <UnitTest name="MSTest_P2_41" storage="c:\users\navb\source\repos\sampleproject\testproject\unittestproject10\bin\debug\unittestproject10.dll" id="910e3c4e-91ca-5a52-25c0-efa52d0d7125">
      <Execution id="e09c1bac-9e9b-4606-9f2e-03a4121c982f" />
      <TestMethod codeBase="C:\Users\navb\source\repos\SampleProject\TestProject\UnitTestProject10\bin\Debug\UnitTestProject10.dll" adapterTypeName="Microsoft.VisualStudio.TestTools.TestTypes.Unit.UnitTestAdapter" className="UnitTestinProgress.MSTestClass2" name="MSTest_P2_41" />
    </UnitTest>
    <UnitTest name="MSTest_P2_42" storage="c:\users\navb\source\repos\sampleproject\testproject\unittestproject10\bin\debug\unittestproject10.dll" id="467aeb63-52fb-5550-90b9-62408ec18747">
      <Execution id="d4dff9e8-35bc-45c7-840c-3e7f65f0e32d" />
      <TestMethod codeBase="C:\Users\navb\source\repos\SampleProject\TestProject\UnitTestProject10\bin\Debug\UnitTestProject10.dll" adapterTypeName="Microsoft.VisualStudio.TestTools.TestTypes.Unit.UnitTestAdapter" className="UnitTestinProgress.MSTestClass2" name="MSTest_P2_42" />
    </UnitTest>
    <UnitTest name="MSTest_P2_43" storage="c:\users\navb\source\repos\sampleproject\testproject\unittestproject10\bin\debug\unittestproject10.dll" id="34de9a5c-ffac-5ea5-1c8c-bc8c44eaa588">
      <Execution id="04f4cc2e-de5f-44fe-9247-ced3e8faa43c" />
      <TestMethod codeBase="C:\Users\navb\source\repos\SampleProject\TestProject\UnitTestProject10\bin\Debug\UnitTestProject10.dll" adapterTypeName="Microsoft.VisualStudio.TestTools.TestTypes.Unit.UnitTestAdapter" className="UnitTestinProgress.MSTestClass2" name="MSTest_P2_43" />
    </UnitTest>
    <UnitTest name="MSTest_P2_44" storage="c:\users\navb\source\repos\sampleproject\testproject\unittestproject10\bin\debug\unittestproject10.dll" id="88461271-8542-7451-7f10-15633b7a652e">
      <Execution id="67cd8c63-2268-48a0-86cb-250216f6411f" />
      <TestMethod codeBase="C:\Users\navb\source\repos\SampleProject\TestProject\UnitTestProject10\bin\Debug\UnitTestProject10.dll" adapterTypeName="Microsoft.VisualStudio.TestTools.TestTypes.Unit.UnitTestAdapter" className="UnitTestinProgress.MSTestClass2" name="MSTest_P2_44" />
    </UnitTest>
    <UnitTest name="MSTest_P2_45" storage="c:\users\navb\source\repos\sampleproject\testproject\unittestproject10\bin\debug\unittestproject10.dll" id="4c795da5-98b8-4296-89a1-f144b9f88460">
      <Execution id="5416dcdb-b2fd-4cd4-91df-c96bb4804cd7" />
      <TestMethod codeBase="C:\Users\navb\source\repos\SampleProject\TestProject\UnitTestProject10\bin\Debug\UnitTestProject10.dll" adapterTypeName="Microsoft.VisualStudio.TestTools.TestTypes.Unit.UnitTestAdapter" className="UnitTestinProgress.MSTestClass2" name="MSTest_P2_45" />
    </UnitTest>
    <UnitTest name="MSTest_P2_46" storage="c:\users\navb\source\repos\sampleproject\testproject\unittestproject10\bin\debug\unittestproject10.dll" id="bcf9aa62-f8de-054d-810a-52baa94a16f5">
      <Execution id="cd3edc92-a298-475f-9ba3-2350b800ad0c" />
      <TestMethod codeBase="C:\Users\navb\source\repos\SampleProject\TestProject\UnitTestProject10\bin\Debug\UnitTestProject10.dll" adapterTypeName="Microsoft.VisualStudio.TestTools.TestTypes.Unit.UnitTestAdapter" className="UnitTestinProgress.MSTestClass2" name="MSTest_P2_46" />
    </UnitTest>
    <UnitTest name="MSTest_P2_47" storage="c:\users\navb\source\repos\sampleproject\testproject\unittestproject10\bin\debug\unittestproject10.dll" id="09bd71e3-6d9b-b514-a037-f6e515efdbd3">
      <Execution id="733598a5-21af-420d-960f-58297097c76c" />
      <TestMethod codeBase="C:\Users\navb\source\repos\SampleProject\TestProject\UnitTestProject10\bin\Debug\UnitTestProject10.dll" adapterTypeName="Microsoft.VisualStudio.TestTools.TestTypes.Unit.UnitTestAdapter" className="UnitTestinProgress.MSTestClass2" name="MSTest_P2_47" />
    </UnitTest>
    <UnitTest name="MSTest_P2_48" storage="c:\users\navb\source\repos\sampleproject\testproject\unittestproject10\bin\debug\unittestproject10.dll" id="f8bcba92-efa3-dd7f-fde0-cbf5bd42a380">
      <Execution id="ee3abd23-29aa-478c-b4a6-60d573aaadaa" />
      <TestMethod codeBase="C:\Users\navb\source\repos\SampleProject\TestProject\UnitTestProject10\bin\Debug\UnitTestProject10.dll" adapterTypeName="Microsoft.VisualStudio.TestTools.TestTypes.Unit.UnitTestAdapter" className="UnitTestinProgress.MSTestClass2" name="MSTest_P2_48" />
    </UnitTest>
    <UnitTest name="MSTest_P2_49" storage="c:\users\navb\source\repos\sampleproject\testproject\unittestproject10\bin\debug\unittestproject10.dll" id="9a59e2f9-cef5-d6ee-3a90-b3902d6003af">
      <Execution id="9640b4e3-cb1c-4cb0-9174-5c34eb688a43" />
      <TestMethod codeBase="C:\Users\navb\source\repos\SampleProject\TestProject\UnitTestProject10\bin\Debug\UnitTestProject10.dll" adapterTypeName="Microsoft.VisualStudio.TestTools.TestTypes.Unit.UnitTestAdapter" className="UnitTestinProgress.MSTestClass2" name="MSTest_P2_49" />
    </UnitTest>
    <UnitTest name="MSTest_P2_50" storage="c:\users\navb\source\repos\sampleproject\testproject\unittestproject10\bin\debug\unittestproject10.dll" id="7dfc9189-fb1b-a28d-4a92-90ac81e9729a">
      <Execution id="f15afa97-1fb9-48bf-9bb2-ad846ecf7e73" />
      <TestMethod codeBase="C:\Users\navb\source\repos\SampleProject\TestProject\UnitTestProject10\bin\Debug\UnitTestProject10.dll" adapterTypeName="Microsoft.VisualStudio.TestTools.TestTypes.Unit.UnitTestAdapter" className="UnitTestinProgress.MSTestClass2" name="MSTest_P2_50" />
    </UnitTest>
    <UnitTest name="MSTest_P2_51" storage="c:\users\navb\source\repos\sampleproject\testproject\unittestproject10\bin\debug\unittestproject10.dll" id="c677994e-be98-5f54-d1fb-321aebfa3a16">
      <Execution id="8407c93b-3d4a-4ddf-aa5e-6eace6ab4c1e" />
      <TestMethod codeBase="C:\Users\navb\source\repos\SampleProject\TestProject\UnitTestProject10\bin\Debug\UnitTestProject10.dll" adapterTypeName="Microsoft.VisualStudio.TestTools.TestTypes.Unit.UnitTestAdapter" className="UnitTestinProgress.MSTestClass2" name="MSTest_P2_51" />
    </UnitTest>
    <UnitTest name="MSTest_P2_52" storage="c:\users\navb\source\repos\sampleproject\testproject\unittestproject10\bin\debug\unittestproject10.dll" id="f54520c7-8c9b-76a2-4894-0d118d41d4e3">
      <Execution id="adf98aab-46d4-43d7-98ae-0ec00f7a48c7" />
      <TestMethod codeBase="C:\Users\navb\source\repos\SampleProject\TestProject\UnitTestProject10\bin\Debug\UnitTestProject10.dll" adapterTypeName="Microsoft.VisualStudio.TestTools.TestTypes.Unit.UnitTestAdapter" className="UnitTestinProgress.MSTestClass2" name="MSTest_P2_52" />
    </UnitTest>
    <UnitTest name="MSTest_P2_53" storage="c:\users\navb\source\repos\sampleproject\testproject\unittestproject10\bin\debug\unittestproject10.dll" id="f1794d39-df94-d1e9-60a6-10119aebc35f">
      <Execution id="318337f1-7d36-4aa2-9bbc-c1c6dc859198" />
      <TestMethod codeBase="C:\Users\navb\source\repos\SampleProject\TestProject\UnitTestProject10\bin\Debug\UnitTestProject10.dll" adapterTypeName="Microsoft.VisualStudio.TestTools.TestTypes.Unit.UnitTestAdapter" className="UnitTestinProgress.MSTestClass2" name="MSTest_P2_53" />
    </UnitTest>
    <UnitTest name="MSTest_P2_54" storage="c:\users\navb\source\repos\sampleproject\testproject\unittestproject10\bin\debug\unittestproject10.dll" id="64e6c983-0403-dff9-6112-34addbef41c9">
      <Execution id="c480d6d1-07fc-4479-b3b1-93235d8dd884" />
      <TestMethod codeBase="C:\Users\navb\source\repos\SampleProject\TestProject\UnitTestProject10\bin\Debug\UnitTestProject10.dll" adapterTypeName="Microsoft.VisualStudio.TestTools.TestTypes.Unit.UnitTestAdapter" className="UnitTestinProgress.MSTestClass2" name="MSTest_P2_54" />
    </UnitTest>
    <UnitTest name="MSTest_P2_55" storage="c:\users\navb\source\repos\sampleproject\testproject\unittestproject10\bin\debug\unittestproject10.dll" id="d9e22f6c-6893-f2d5-4bad-1f25a676c4a6">
      <Execution id="357bed1f-7f41-4a42-8d38-ad93eed8b0f3" />
      <TestMethod codeBase="C:\Users\navb\source\repos\SampleProject\TestProject\UnitTestProject10\bin\Debug\UnitTestProject10.dll" adapterTypeName="Microsoft.VisualStudio.TestTools.TestTypes.Unit.UnitTestAdapter" className="UnitTestinProgress.MSTestClass2" name="MSTest_P2_55" />
    </UnitTest>
    <UnitTest name="MSTest_P2_56" storage="c:\users\navb\source\repos\sampleproject\testproject\unittestproject10\bin\debug\unittestproject10.dll" id="ca69075d-0b70-18d5-1a06-fac35b67cd3b">
      <Execution id="e75165a0-8b56-47ee-98b5-841f4dd611df" />
      <TestMethod codeBase="C:\Users\navb\source\repos\SampleProject\TestProject\UnitTestProject10\bin\Debug\UnitTestProject10.dll" adapterTypeName="Microsoft.VisualStudio.TestTools.TestTypes.Unit.UnitTestAdapter" className="UnitTestinProgress.MSTestClass2" name="MSTest_P2_56" />
    </UnitTest>
    <UnitTest name="MSTest_P2_57" storage="c:\users\navb\source\repos\sampleproject\testproject\unittestproject10\bin\debug\unittestproject10.dll" id="c57e7f9f-0cce-b6f4-07ee-ada8d8fbc5c3">
      <Execution id="b44c6054-137e-475b-ba3e-81eb9a594da9" />
      <TestMethod codeBase="C:\Users\navb\source\repos\SampleProject\TestProject\UnitTestProject10\bin\Debug\UnitTestProject10.dll" adapterTypeName="Microsoft.VisualStudio.TestTools.TestTypes.Unit.UnitTestAdapter" className="UnitTestinProgress.MSTestClass2" name="MSTest_P2_57" />
    </UnitTest>
    <UnitTest name="MSTest_P2_58" storage="c:\users\navb\source\repos\sampleproject\testproject\unittestproject10\bin\debug\unittestproject10.dll" id="1a585a28-c287-7bb4-1bb2-c0e1b93f38bd">
      <Execution id="0158cc48-decb-4329-8a0d-7b91d75f9118" />
      <TestMethod codeBase="C:\Users\navb\source\repos\SampleProject\TestProject\UnitTestProject10\bin\Debug\UnitTestProject10.dll" adapterTypeName="Microsoft.VisualStudio.TestTools.TestTypes.Unit.UnitTestAdapter" className="UnitTestinProgress.MSTestClass2" name="MSTest_P2_58" />
    </UnitTest>
    <UnitTest name="MSTest_P2_59" storage="c:\users\navb\source\repos\sampleproject\testproject\unittestproject10\bin\debug\unittestproject10.dll" id="f8615455-a4b0-bdd0-1ecf-8870ef34a7e9">
      <Execution id="5bee7020-212f-4d5b-a485-6ed147a3048a" />
      <TestMethod codeBase="C:\Users\navb\source\repos\SampleProject\TestProject\UnitTestProject10\bin\Debug\UnitTestProject10.dll" adapterTypeName="Microsoft.VisualStudio.TestTools.TestTypes.Unit.UnitTestAdapter" className="UnitTestinProgress.MSTestClass2" name="MSTest_P2_59" />
    </UnitTest>
    <UnitTest name="MSTest_P2_60" storage="c:\users\navb\source\repos\sampleproject\testproject\unittestproject10\bin\debug\unittestproject10.dll" id="482c8cf5-ae0a-bdfe-8fea-125551c79d32">
      <Execution id="705b3034-eb41-4844-9e30-d8d03b58a4a1" />
      <TestMethod codeBase="C:\Users\navb\source\repos\SampleProject\TestProject\UnitTestProject10\bin\Debug\UnitTestProject10.dll" adapterTypeName="Microsoft.VisualStudio.TestTools.TestTypes.Unit.UnitTestAdapter" className="UnitTestinProgress.MSTestClass2" name="MSTest_P2_60" />
    </UnitTest>
    <UnitTest name="MSTest_P2_61" storage="c:\users\navb\source\repos\sampleproject\testproject\unittestproject10\bin\debug\unittestproject10.dll" id="e66a5384-6cb0-65a2-e91d-02c1e155d5c3">
      <Execution id="783776c3-a3b6-4185-a027-f87e855803a7" />
      <TestMethod codeBase="C:\Users\navb\source\repos\SampleProject\TestProject\UnitTestProject10\bin\Debug\UnitTestProject10.dll" adapterTypeName="Microsoft.VisualStudio.TestTools.TestTypes.Unit.UnitTestAdapter" className="UnitTestinProgress.MSTestClass2" name="MSTest_P2_61" />
    </UnitTest>
    <UnitTest name="MSTest_P2_62" storage="c:\users\navb\source\repos\sampleproject\testproject\unittestproject10\bin\debug\unittestproject10.dll" id="2e962158-3ffe-3f85-8291-ad30cd47ebcb">
      <Execution id="2828b83c-a907-4e26-85d9-f594d4ac8689" />
      <TestMethod codeBase="C:\Users\navb\source\repos\SampleProject\TestProject\UnitTestProject10\bin\Debug\UnitTestProject10.dll" adapterTypeName="Microsoft.VisualStudio.TestTools.TestTypes.Unit.UnitTestAdapter" className="UnitTestinProgress.MSTestClass2" name="MSTest_P2_62" />
    </UnitTest>
    <UnitTest name="MSTest_P2_63" storage="c:\users\navb\source\repos\sampleproject\testproject\unittestproject10\bin\debug\unittestproject10.dll" id="2bdceb26-ca6a-1ff9-bb11-3a9cdbe462e0">
      <Execution id="5c66125d-ea66-4d5e-9ef4-a4276774746e" />
      <TestMethod codeBase="C:\Users\navb\source\repos\SampleProject\TestProject\UnitTestProject10\bin\Debug\UnitTestProject10.dll" adapterTypeName="Microsoft.VisualStudio.TestTools.TestTypes.Unit.UnitTestAdapter" className="UnitTestinProgress.MSTestClass2" name="MSTest_P2_63" />
    </UnitTest>
    <UnitTest name="MSTest_P2_64" storage="c:\users\navb\source\repos\sampleproject\testproject\unittestproject10\bin\debug\unittestproject10.dll" id="2520ef80-08f7-0a88-649a-45adca3a8d2b">
      <Execution id="65363d7f-a5d7-402d-a501-89a067f30c53" />
      <TestMethod codeBase="C:\Users\navb\source\repos\SampleProject\TestProject\UnitTestProject10\bin\Debug\UnitTestProject10.dll" adapterTypeName="Microsoft.VisualStudio.TestTools.TestTypes.Unit.UnitTestAdapter" className="UnitTestinProgress.MSTestClass2" name="MSTest_P2_64" />
    </UnitTest>
    <UnitTest name="MSTest_P2_65" storage="c:\users\navb\source\repos\sampleproject\testproject\unittestproject10\bin\debug\unittestproject10.dll" id="acdf9e27-ac18-9369-da0a-58cd6c064cde">
      <Execution id="6f05efc2-036d-4161-af18-d77c8ccb1e0f" />
      <TestMethod codeBase="C:\Users\navb\source\repos\SampleProject\TestProject\UnitTestProject10\bin\Debug\UnitTestProject10.dll" adapterTypeName="Microsoft.VisualStudio.TestTools.TestTypes.Unit.UnitTestAdapter" className="UnitTestinProgress.MSTestClass2" name="MSTest_P2_65" />
    </UnitTest>
    <UnitTest name="MSTest_P2_66" storage="c:\users\navb\source\repos\sampleproject\testproject\unittestproject10\bin\debug\unittestproject10.dll" id="65721392-e906-b72c-9e38-c0b0eb482edc">
      <Execution id="4539c79c-a2a4-425c-9c9d-d0ac75e9413a" />
      <TestMethod codeBase="C:\Users\navb\source\repos\SampleProject\TestProject\UnitTestProject10\bin\Debug\UnitTestProject10.dll" adapterTypeName="Microsoft.VisualStudio.TestTools.TestTypes.Unit.UnitTestAdapter" className="UnitTestinProgress.MSTestClass2" name="MSTest_P2_66" />
    </UnitTest>
    <UnitTest name="MSTest_P2_67" storage="c:\users\navb\source\repos\sampleproject\testproject\unittestproject10\bin\debug\unittestproject10.dll" id="491bc67f-7e7f-5614-884d-dec272d0026c">
      <Execution id="8f1f16e5-884b-4f6c-b858-5f3b32f72780" />
      <TestMethod codeBase="C:\Users\navb\source\repos\SampleProject\TestProject\UnitTestProject10\bin\Debug\UnitTestProject10.dll" adapterTypeName="Microsoft.VisualStudio.TestTools.TestTypes.Unit.UnitTestAdapter" className="UnitTestinProgress.MSTestClass2" name="MSTest_P2_67" />
    </UnitTest>
    <UnitTest name="MSTest_P2_68" storage="c:\users\navb\source\repos\sampleproject\testproject\unittestproject10\bin\debug\unittestproject10.dll" id="0d79d664-5469-b946-d144-1a8906ff02db">
      <Execution id="58b9f001-5c65-40f5-b2d3-af5b239a9475" />
      <TestMethod codeBase="C:\Users\navb\source\repos\SampleProject\TestProject\UnitTestProject10\bin\Debug\UnitTestProject10.dll" adapterTypeName="Microsoft.VisualStudio.TestTools.TestTypes.Unit.UnitTestAdapter" className="UnitTestinProgress.MSTestClass2" name="MSTest_P2_68" />
    </UnitTest>
    <UnitTest name="MSTest_P2_69" storage="c:\users\navb\source\repos\sampleproject\testproject\unittestproject10\bin\debug\unittestproject10.dll" id="876d31d9-fb1a-792e-0be0-736862f1be56">
      <Execution id="b9f20922-4c8e-41cf-a85f-aa1f6f095bd9" />
      <TestMethod codeBase="C:\Users\navb\source\repos\SampleProject\TestProject\UnitTestProject10\bin\Debug\UnitTestProject10.dll" adapterTypeName="Microsoft.VisualStudio.TestTools.TestTypes.Unit.UnitTestAdapter" className="UnitTestinProgress.MSTestClass2" name="MSTest_P2_69" />
    </UnitTest>
    <UnitTest name="MSTest_P2_70" storage="c:\users\navb\source\repos\sampleproject\testproject\unittestproject10\bin\debug\unittestproject10.dll" id="fe28166b-13d8-a133-208f-4359b9894fdc">
      <Execution id="78f54fed-6f58-4ed6-a4a1-8d63472a4d6e" />
      <TestMethod codeBase="C:\Users\navb\source\repos\SampleProject\TestProject\UnitTestProject10\bin\Debug\UnitTestProject10.dll" adapterTypeName="Microsoft.VisualStudio.TestTools.TestTypes.Unit.UnitTestAdapter" className="UnitTestinProgress.MSTestClass2" name="MSTest_P2_70" />
    </UnitTest>
    <UnitTest name="MSTest_P2_71" storage="c:\users\navb\source\repos\sampleproject\testproject\unittestproject10\bin\debug\unittestproject10.dll" id="84f75f95-3219-0890-164f-b43e2a396545">
      <Execution id="f8ba3b71-7395-4613-8abe-e38b527a105a" />
      <TestMethod codeBase="C:\Users\navb\source\repos\SampleProject\TestProject\UnitTestProject10\bin\Debug\UnitTestProject10.dll" adapterTypeName="Microsoft.VisualStudio.TestTools.TestTypes.Unit.UnitTestAdapter" className="UnitTestinProgress.MSTestClass2" name="MSTest_P2_71" />
    </UnitTest>
    <UnitTest name="MSTest_P2_72" storage="c:\users\navb\source\repos\sampleproject\testproject\unittestproject10\bin\debug\unittestproject10.dll" id="c11ab97d-c893-e1cf-5312-f111a740bfdf">
      <Execution id="09189886-30cc-4d00-8594-1d827a3b7355" />
      <TestMethod codeBase="C:\Users\navb\source\repos\SampleProject\TestProject\UnitTestProject10\bin\Debug\UnitTestProject10.dll" adapterTypeName="Microsoft.VisualStudio.TestTools.TestTypes.Unit.UnitTestAdapter" className="UnitTestinProgress.MSTestClass2" name="MSTest_P2_72" />
    </UnitTest>
    <UnitTest name="MSTest_P2_73" storage="c:\users\navb\source\repos\sampleproject\testproject\unittestproject10\bin\debug\unittestproject10.dll" id="8b3429f2-4cdd-dda8-4850-b96c716e5e44">
      <Execution id="791389c6-c0a4-48c8-8ade-0acc9af88289" />
      <TestMethod codeBase="C:\Users\navb\source\repos\SampleProject\TestProject\UnitTestProject10\bin\Debug\UnitTestProject10.dll" adapterTypeName="Microsoft.VisualStudio.TestTools.TestTypes.Unit.UnitTestAdapter" className="UnitTestinProgress.MSTestClass2" name="MSTest_P2_73" />
    </UnitTest>
    <UnitTest name="MSTest_P2_74" storage="c:\users\navb\source\repos\sampleproject\testproject\unittestproject10\bin\debug\unittestproject10.dll" id="93f22dd6-8de6-585c-5715-a0390a34c0b2">
      <Execution id="8f9363fc-8301-498d-b0a6-54e404315860" />
      <TestMethod codeBase="C:\Users\navb\source\repos\SampleProject\TestProject\UnitTestProject10\bin\Debug\UnitTestProject10.dll" adapterTypeName="Microsoft.VisualStudio.TestTools.TestTypes.Unit.UnitTestAdapter" className="UnitTestinProgress.MSTestClass2" name="MSTest_P2_74" />
    </UnitTest>
    <UnitTest name="MSTest_P2_75" storage="c:\users\navb\source\repos\sampleproject\testproject\unittestproject10\bin\debug\unittestproject10.dll" id="30ba49f3-c41a-af3c-6a4c-c75c4a2a3acc">
      <Execution id="6fb68bc5-54f6-4172-a9ef-4ae882c58e08" />
      <TestMethod codeBase="C:\Users\navb\source\repos\SampleProject\TestProject\UnitTestProject10\bin\Debug\UnitTestProject10.dll" adapterTypeName="Microsoft.VisualStudio.TestTools.TestTypes.Unit.UnitTestAdapter" className="UnitTestinProgress.MSTestClass2" name="MSTest_P2_75" />
    </UnitTest>
    <UnitTest name="MSTest_P2_76" storage="c:\users\navb\source\repos\sampleproject\testproject\unittestproject10\bin\debug\unittestproject10.dll" id="4c6f794f-c5bb-f458-941d-32ab8518b9d6">
      <Execution id="798abc9f-9ca7-419c-b81e-49f3cf4f9dad" />
      <TestMethod codeBase="C:\Users\navb\source\repos\SampleProject\TestProject\UnitTestProject10\bin\Debug\UnitTestProject10.dll" adapterTypeName="Microsoft.VisualStudio.TestTools.TestTypes.Unit.UnitTestAdapter" className="UnitTestinProgress.MSTestClass2" name="MSTest_P2_76" />
    </UnitTest>
    <UnitTest name="MSTest_P2_77" storage="c:\users\navb\source\repos\sampleproject\testproject\unittestproject10\bin\debug\unittestproject10.dll" id="5b7cb14d-e2cf-47b2-be5d-4ccbf441dc80">
      <Execution id="d8ada6fd-5657-4ab1-aaf7-705b75459853" />
      <TestMethod codeBase="C:\Users\navb\source\repos\SampleProject\TestProject\UnitTestProject10\bin\Debug\UnitTestProject10.dll" adapterTypeName="Microsoft.VisualStudio.TestTools.TestTypes.Unit.UnitTestAdapter" className="UnitTestinProgress.MSTestClass2" name="MSTest_P2_77" />
    </UnitTest>
    <UnitTest name="MSTest_P2_78" storage="c:\users\navb\source\repos\sampleproject\testproject\unittestproject10\bin\debug\unittestproject10.dll" id="18c44544-acad-6617-1142-684d35a26c3b">
      <Execution id="7a41482d-895f-4146-86e3-27362e3e6511" />
      <TestMethod codeBase="C:\Users\navb\source\repos\SampleProject\TestProject\UnitTestProject10\bin\Debug\UnitTestProject10.dll" adapterTypeName="Microsoft.VisualStudio.TestTools.TestTypes.Unit.UnitTestAdapter" className="UnitTestinProgress.MSTestClass2" name="MSTest_P2_78" />
    </UnitTest>
    <UnitTest name="MSTest_P2_79" storage="c:\users\navb\source\repos\sampleproject\testproject\unittestproject10\bin\debug\unittestproject10.dll" id="df9a9820-2b23-f3db-c367-77cc26700e6f">
      <Execution id="899ea976-730c-45ef-aa6f-ff8a872a257e" />
      <TestMethod codeBase="C:\Users\navb\source\repos\SampleProject\TestProject\UnitTestProject10\bin\Debug\UnitTestProject10.dll" adapterTypeName="Microsoft.VisualStudio.TestTools.TestTypes.Unit.UnitTestAdapter" className="UnitTestinProgress.MSTestClass2" name="MSTest_P2_79" />
    </UnitTest>
    <UnitTest name="MSTest_P2_80" storage="c:\users\navb\source\repos\sampleproject\testproject\unittestproject10\bin\debug\unittestproject10.dll" id="901b3e11-eb23-a25f-de1e-7060c98c147c">
      <Execution id="200a6590-bd4e-448a-b763-998808a3f55f" />
      <TestMethod codeBase="C:\Users\navb\source\repos\SampleProject\TestProject\UnitTestProject10\bin\Debug\UnitTestProject10.dll" adapterTypeName="Microsoft.VisualStudio.TestTools.TestTypes.Unit.UnitTestAdapter" className="UnitTestinProgress.MSTestClass2" name="MSTest_P2_80" />
    </UnitTest>
    <UnitTest name="MSTest_P2_81" storage="c:\users\navb\source\repos\sampleproject\testproject\unittestproject10\bin\debug\unittestproject10.dll" id="42fbaa12-b780-8351-11ef-f860362fd63f">
      <Execution id="eb238434-a468-42d7-922f-6e715337766f" />
      <TestMethod codeBase="C:\Users\navb\source\repos\SampleProject\TestProject\UnitTestProject10\bin\Debug\UnitTestProject10.dll" adapterTypeName="Microsoft.VisualStudio.TestTools.TestTypes.Unit.UnitTestAdapter" className="UnitTestinProgress.MSTestClass2" name="MSTest_P2_81" />
    </UnitTest>
    <UnitTest name="MSTest_P2_82" storage="c:\users\navb\source\repos\sampleproject\testproject\unittestproject10\bin\debug\unittestproject10.dll" id="d25df39d-7eba-d3e6-f674-e9e0f95d7b9a">
      <Execution id="beb65bab-3df1-442d-af97-dad0c4f69d7c" />
      <TestMethod codeBase="C:\Users\navb\source\repos\SampleProject\TestProject\UnitTestProject10\bin\Debug\UnitTestProject10.dll" adapterTypeName="Microsoft.VisualStudio.TestTools.TestTypes.Unit.UnitTestAdapter" className="UnitTestinProgress.MSTestClass2" name="MSTest_P2_82" />
    </UnitTest>
    <UnitTest name="MSTest_P2_83" storage="c:\users\navb\source\repos\sampleproject\testproject\unittestproject10\bin\debug\unittestproject10.dll" id="ad0a023a-3693-562e-9fc0-99203e08636b">
      <Execution id="a24b3742-2268-4ccb-a6e7-e31244971473" />
      <TestMethod codeBase="C:\Users\navb\source\repos\SampleProject\TestProject\UnitTestProject10\bin\Debug\UnitTestProject10.dll" adapterTypeName="Microsoft.VisualStudio.TestTools.TestTypes.Unit.UnitTestAdapter" className="UnitTestinProgress.MSTestClass2" name="MSTest_P2_83" />
    </UnitTest>
    <UnitTest name="MSTest_P2_84" storage="c:\users\navb\source\repos\sampleproject\testproject\unittestproject10\bin\debug\unittestproject10.dll" id="b8011298-da04-432a-4208-b77526e552c7">
      <Execution id="f45dd8bd-4846-4416-aaf0-c1585b240535" />
      <TestMethod codeBase="C:\Users\navb\source\repos\SampleProject\TestProject\UnitTestProject10\bin\Debug\UnitTestProject10.dll" adapterTypeName="Microsoft.VisualStudio.TestTools.TestTypes.Unit.UnitTestAdapter" className="UnitTestinProgress.MSTestClass2" name="MSTest_P2_84" />
    </UnitTest>
    <UnitTest name="MSTest_P2_85" storage="c:\users\navb\source\repos\sampleproject\testproject\unittestproject10\bin\debug\unittestproject10.dll" id="f40ed4b4-c95a-cc58-32e7-3c22c07fd1c6">
      <Execution id="e9464eb5-faa4-406b-90be-6cfcb410e97a" />
      <TestMethod codeBase="C:\Users\navb\source\repos\SampleProject\TestProject\UnitTestProject10\bin\Debug\UnitTestProject10.dll" adapterTypeName="Microsoft.VisualStudio.TestTools.TestTypes.Unit.UnitTestAdapter" className="UnitTestinProgress.MSTestClass2" name="MSTest_P2_85" />
    </UnitTest>
  </TestDefinitions>
  <TestEntries>
    <TestEntry testId="36bde96d-0d96-c298-43a3-0f3842a0cfda" executionId="02e0a229-5a83-4def-a18f-ab6360d1f8b5" testListId="8c84fa94-04c1-424b-9868-57a2d4851a1d" />
    <TestEntry testId="cb12f671-288e-b984-7841-f27b28b5a954" executionId="bc9e400d-0187-4f40-8ca4-70ea32a53c15" testListId="8c84fa94-04c1-424b-9868-57a2d4851a1d" />
    <TestEntry testId="689479ad-c111-709a-1cd1-0ad6c680155c" executionId="0bc99f20-17fa-411b-831e-82559c0e8507" testListId="8c84fa94-04c1-424b-9868-57a2d4851a1d" />
    <TestEntry testId="dd0943f8-c48f-9d2e-8e55-d0f390e5f150" executionId="b88a859e-1cd9-434c-9c4d-61cafcad7487" testListId="8c84fa94-04c1-424b-9868-57a2d4851a1d" />
    <TestEntry testId="4d7cd98e-bc15-a9a0-0037-b9c70c17a135" executionId="6bdd5afa-ceb1-48d7-a1d8-e6ebf07ae59d" testListId="8c84fa94-04c1-424b-9868-57a2d4851a1d" />
    <TestEntry testId="9809cbdd-d7b2-80fa-b868-9b34da7f8378" executionId="9493652b-bcb3-4cff-948e-e9da252742b8" testListId="8c84fa94-04c1-424b-9868-57a2d4851a1d" />
    <TestEntry testId="09cf93a3-d30f-5c1b-50e2-348e7377cba1" executionId="f0195489-75a4-4ce5-b87a-e658c2dd707f" testListId="8c84fa94-04c1-424b-9868-57a2d4851a1d" />
    <TestEntry testId="c2b41b39-03cf-6a86-2cd5-dc527130e719" executionId="ff2f938f-35bf-4259-826e-9f8034ad2577" testListId="8c84fa94-04c1-424b-9868-57a2d4851a1d" />
    <TestEntry testId="4a218327-1398-cf0c-6349-b25e288d1af2" executionId="b0d35efe-e2bf-4389-9fd4-3ac7fa6f690f" testListId="8c84fa94-04c1-424b-9868-57a2d4851a1d" />
    <TestEntry testId="4cbcf606-68cf-8ad7-dc0c-2d4bd155347a" executionId="e5167562-26e6-43c4-b07a-521fc177bb98" testListId="8c84fa94-04c1-424b-9868-57a2d4851a1d" />
    <TestEntry testId="202ead75-6032-5a2e-65ad-5bc7c7338fc2" executionId="84418cb8-7fd1-442b-a569-fb7860e40ae2" testListId="8c84fa94-04c1-424b-9868-57a2d4851a1d" />
    <TestEntry testId="f35819d5-69b2-b60a-d2a4-edf7fab86950" executionId="64eb55b6-ac04-43f8-b001-83137b13de23" testListId="8c84fa94-04c1-424b-9868-57a2d4851a1d" />
    <TestEntry testId="77ec1bfe-343f-fe1c-d4cd-31c5de335f97" executionId="90f0dd26-cc19-4d80-a35b-5ef34e7ded43" testListId="8c84fa94-04c1-424b-9868-57a2d4851a1d" />
    <TestEntry testId="b1ff8ea2-5898-8cb4-3204-7704c0e69a5e" executionId="bd7794e2-7f90-4640-b8db-3a8c8b0ae7cd" testListId="8c84fa94-04c1-424b-9868-57a2d4851a1d" />
    <TestEntry testId="9502191f-357c-d53a-b156-3c8b5d42c22c" executionId="d9465cf9-c4c6-4185-becc-f9e6a723210c" testListId="8c84fa94-04c1-424b-9868-57a2d4851a1d" />
    <TestEntry testId="ebd8948d-700c-4a44-ff27-5d3f84686268" executionId="dd0635ab-4e29-40ee-a7aa-17d556b50dec" testListId="8c84fa94-04c1-424b-9868-57a2d4851a1d" />
    <TestEntry testId="23a62c50-bc12-7400-f1fd-092d1390b2fe" executionId="02719488-a0f3-4953-a172-3e7c4146d062" testListId="8c84fa94-04c1-424b-9868-57a2d4851a1d" />
    <TestEntry testId="a0c85cac-2650-391a-3d91-e98b8cb1a39e" executionId="096ad60e-e93b-4543-ade7-64caac4b03ae" testListId="8c84fa94-04c1-424b-9868-57a2d4851a1d" />
    <TestEntry testId="356b006a-65a7-c5af-a896-53d6e9074107" executionId="e4fb3de4-8d15-4c1f-8efa-761e91aaf679" testListId="8c84fa94-04c1-424b-9868-57a2d4851a1d" />
    <TestEntry testId="4918836b-5d34-a726-31f2-3925ebb3e38f" executionId="d8086228-6220-4057-82ea-50b925d8c630" testListId="8c84fa94-04c1-424b-9868-57a2d4851a1d" />
    <TestEntry testId="656d9fc4-21bf-625c-ad74-01b978a3b51b" executionId="a70bd64f-abea-493b-88d4-32989e4320bf" testListId="8c84fa94-04c1-424b-9868-57a2d4851a1d" />
    <TestEntry testId="959e2205-0310-59a4-9a70-b62eadedc62b" executionId="d8e99f7d-5a74-4200-99a5-6c593c8c900b" testListId="8c84fa94-04c1-424b-9868-57a2d4851a1d" />
    <TestEntry testId="673501ac-dbdd-1a26-34e8-e22d36492c19" executionId="b2a51eef-e301-4736-ad55-bd3fbdf948e5" testListId="8c84fa94-04c1-424b-9868-57a2d4851a1d" />
    <TestEntry testId="67a2eca1-f9f7-38e2-798c-2069f3b96ad7" executionId="bedaec98-57b2-4895-9ba7-c02fd4f8af32" testListId="8c84fa94-04c1-424b-9868-57a2d4851a1d" />
    <TestEntry testId="0a8a668f-ff71-29d0-c08b-0fc576ae2e32" executionId="d570aaf4-be2f-4f4b-b572-228053cfbf95" testListId="8c84fa94-04c1-424b-9868-57a2d4851a1d" />
    <TestEntry testId="d12a5db6-fe22-e196-74ee-7702ee4ec904" executionId="269d3206-d778-44fb-ac3c-710f2df693ae" testListId="8c84fa94-04c1-424b-9868-57a2d4851a1d" />
    <TestEntry testId="1d3891a6-1247-0c7b-0dc7-cfd177bcdbdd" executionId="d0147d3a-acef-4719-ac6e-09df1395e8f2" testListId="8c84fa94-04c1-424b-9868-57a2d4851a1d" />
    <TestEntry testId="95077557-478d-7507-6475-5cf434b1d3b7" executionId="425e1214-eea5-4fd5-89b3-8076766ff258" testListId="8c84fa94-04c1-424b-9868-57a2d4851a1d" />
    <TestEntry testId="dde802ab-3490-e7fd-a348-51dfedb39074" executionId="89907cc8-ba56-4337-af0f-187fd858571a" testListId="8c84fa94-04c1-424b-9868-57a2d4851a1d" />
    <TestEntry testId="a53a1da3-8a72-7627-2744-1b497aa4a58a" executionId="a007f89e-3c53-4994-ba60-3d517deeb440" testListId="8c84fa94-04c1-424b-9868-57a2d4851a1d" />
    <TestEntry testId="6f45ea30-aeef-91aa-f63d-95cdbbda8819" executionId="1a9c4272-543c-4014-8a4f-c53ae4c567f1" testListId="8c84fa94-04c1-424b-9868-57a2d4851a1d" />
    <TestEntry testId="2e7291dd-c1de-8bf0-4046-3eab145e03ad" executionId="a603cfd0-9001-4f67-9afb-d119a2cb0f61" testListId="8c84fa94-04c1-424b-9868-57a2d4851a1d" />
    <TestEntry testId="eec61463-083f-d697-f74b-78e6661a0ffa" executionId="04058949-8c88-437e-a501-b3fe0316418d" testListId="8c84fa94-04c1-424b-9868-57a2d4851a1d" />
    <TestEntry testId="021aa6e2-1ab8-bf0e-3a87-a681b1bfbd3c" executionId="aaa39528-67c5-4a83-915a-9fb5a74d0f97" testListId="8c84fa94-04c1-424b-9868-57a2d4851a1d" />
    <TestEntry testId="f1b7b4ee-b356-2a6e-ad47-59d1eea98de9" executionId="a7d575e7-820d-4046-95f8-6be61454f44c" testListId="8c84fa94-04c1-424b-9868-57a2d4851a1d" />
    <TestEntry testId="937c1a24-2374-a6c9-43f7-7bd06df36671" executionId="2d072cbf-e549-4663-a6ba-14f647e54a05" testListId="8c84fa94-04c1-424b-9868-57a2d4851a1d" />
    <TestEntry testId="00e26104-cf41-c102-75d3-90abc73f737c" executionId="5b86b3ca-909e-43f1-965e-2744c4100829" testListId="8c84fa94-04c1-424b-9868-57a2d4851a1d" />
    <TestEntry testId="6db42630-2762-f0dd-63a5-dfa32cb907cc" executionId="f789a2cb-d538-4f10-8102-4ff60da2bcd7" testListId="8c84fa94-04c1-424b-9868-57a2d4851a1d" />
    <TestEntry testId="f149c2ba-465a-6c74-3c63-988375e8514b" executionId="e3d14517-9cba-41c4-a402-5a00278fbd51" testListId="8c84fa94-04c1-424b-9868-57a2d4851a1d" />
    <TestEntry testId="534e5a5e-a75c-4d7b-ee03-c96c63db19fe" executionId="309fb8b2-2a6c-4727-b2dc-d85d5876064a" testListId="8c84fa94-04c1-424b-9868-57a2d4851a1d" />
    <TestEntry testId="c4e1a648-d13c-6d96-77e1-194682ca2e2f" executionId="7ba9b8db-2f1e-43ff-a75c-69a99a6353fd" testListId="8c84fa94-04c1-424b-9868-57a2d4851a1d" />
    <TestEntry testId="5a6efaa2-6cee-cfc4-c728-aae3bfe1ac68" executionId="8463ce74-a97e-4176-8489-ffeb53dc04a3" testListId="8c84fa94-04c1-424b-9868-57a2d4851a1d" />
    <TestEntry testId="2714cde1-9535-bf45-b8a7-195dca391fda" executionId="6c55efa8-062b-49bb-b6be-0ac57b901a33" testListId="8c84fa94-04c1-424b-9868-57a2d4851a1d" />
    <TestEntry testId="0c9e54e2-5122-ba29-f0a0-9ae6abe21274" executionId="a3142262-02e1-4c8f-ba38-1a182d5c1b89" testListId="8c84fa94-04c1-424b-9868-57a2d4851a1d" />
    <TestEntry testId="f53bd6f4-efaa-25e3-9060-6b3174fffaa7" executionId="d0be1983-d9ab-416e-b6ad-56d60b4de478" testListId="8c84fa94-04c1-424b-9868-57a2d4851a1d" />
    <TestEntry testId="31a54882-0459-8808-6dea-815b93d1cf37" executionId="a316328f-90f7-4e49-bcfd-8fd0067e9c03" testListId="8c84fa94-04c1-424b-9868-57a2d4851a1d" />
    <TestEntry testId="73ee45f0-db72-8be7-691e-6a6da7f10eb4" executionId="c21598f2-02e5-4e77-b524-3a2cb8a27c44" testListId="8c84fa94-04c1-424b-9868-57a2d4851a1d" />
    <TestEntry testId="c42e4098-937c-1bdf-286e-4a88535261f6" executionId="d55abc76-e719-4da0-8a8f-67586a47aa7e" testListId="8c84fa94-04c1-424b-9868-57a2d4851a1d" />
    <TestEntry testId="eb5031d8-5a01-da61-3df7-26c870bd3135" executionId="2be4df21-8bc8-42a4-b360-27ade4acf4fe" testListId="8c84fa94-04c1-424b-9868-57a2d4851a1d" />
    <TestEntry testId="6526c150-7f85-b1c4-20f9-d5f664670ad4" executionId="4f3cff78-cb88-4e4f-b659-d509bb7e1f3e" testListId="8c84fa94-04c1-424b-9868-57a2d4851a1d" />
    <TestEntry testId="641d120b-a58b-5f63-7577-1d2096e02b03" executionId="6899d0e6-b73a-441e-835f-60fe81c72de7" testListId="8c84fa94-04c1-424b-9868-57a2d4851a1d" />
    <TestEntry testId="2a114e9d-3e7a-eed7-7fc6-c79f8364b40f" executionId="dd264107-75da-4569-8693-feccc4f464de" testListId="8c84fa94-04c1-424b-9868-57a2d4851a1d" />
    <TestEntry testId="7a199eaa-23a1-e626-ccad-d70838934b1e" executionId="acf7fea7-fd10-4740-83d9-af8eaf36aacf" testListId="8c84fa94-04c1-424b-9868-57a2d4851a1d" />
    <TestEntry testId="040e15d1-3cc6-eb89-1511-64d9be934374" executionId="3357fb84-67ef-4357-9a7b-6214a5d82675" testListId="8c84fa94-04c1-424b-9868-57a2d4851a1d" />
    <TestEntry testId="4072e1a5-5a8d-7b88-a069-2fef89825d5c" executionId="5b47bddd-bb0a-4a26-85fc-b4dc8487def1" testListId="8c84fa94-04c1-424b-9868-57a2d4851a1d" />
    <TestEntry testId="5befa1f8-d1ed-8ba8-f375-fd0acfe7d428" executionId="a75717ac-556d-4444-8ec7-e29d09b66cae" testListId="8c84fa94-04c1-424b-9868-57a2d4851a1d" />
    <TestEntry testId="3bc42893-cda1-767a-940c-35ff84d6f263" executionId="8c8ff60d-8da4-4d9e-8dbc-d01c469d3f53" testListId="8c84fa94-04c1-424b-9868-57a2d4851a1d" />
    <TestEntry testId="acd2cded-6d85-a36c-f6c5-4544e1fd59e5" executionId="f412bf91-f3bb-471e-be02-cc8c347e0c80" testListId="8c84fa94-04c1-424b-9868-57a2d4851a1d" />
    <TestEntry testId="78f37c92-952e-5a6b-3748-988cf20dc3bb" executionId="5d19f4c8-16be-404a-9bc0-b7336f039ce6" testListId="8c84fa94-04c1-424b-9868-57a2d4851a1d" />
    <TestEntry testId="775de9b7-b56f-e178-17a4-2e73b893f714" executionId="8341c892-ef4c-47d0-be63-0ee328019bef" testListId="8c84fa94-04c1-424b-9868-57a2d4851a1d" />
    <TestEntry testId="7b614397-d243-a17d-7fb1-de23fbb638cf" executionId="4d769e14-e3a8-4d29-b84d-c798501d8f97" testListId="8c84fa94-04c1-424b-9868-57a2d4851a1d" />
    <TestEntry testId="35cd141a-84b6-cc50-2752-0f4f7b4c9285" executionId="a1db4398-9ab7-475d-bb29-d78b7b7dfcd9" testListId="8c84fa94-04c1-424b-9868-57a2d4851a1d" />
    <TestEntry testId="1d9e7009-8802-9d9b-8a2f-df3debadc0a0" executionId="781c47d8-2280-4f39-a6e7-e58eaf968b36" testListId="8c84fa94-04c1-424b-9868-57a2d4851a1d" />
    <TestEntry testId="41171bd7-86b8-6ca1-3adc-e33c367d87d2" executionId="976b6a17-3dfb-4244-95dc-e8c4f48ede40" testListId="8c84fa94-04c1-424b-9868-57a2d4851a1d" />
    <TestEntry testId="c5239ca4-79b1-e054-dcaf-e5932e86c8d2" executionId="4bd3c2d6-d058-4b4a-bdac-c46c3abcf2a1" testListId="8c84fa94-04c1-424b-9868-57a2d4851a1d" />
    <TestEntry testId="8c179aa1-3adf-0dbb-7bf6-79bd1dec4b45" executionId="89120190-1053-48e6-8e42-588038990bf1" testListId="8c84fa94-04c1-424b-9868-57a2d4851a1d" />
    <TestEntry testId="a7fe75a3-2e96-03bd-b6ec-4bc0846c7d00" executionId="11fcfcbc-01dc-44d4-ab0a-10c3605e9056" testListId="8c84fa94-04c1-424b-9868-57a2d4851a1d" />
    <TestEntry testId="c4ee037e-817c-ec67-92c1-9e161f80ebc3" executionId="e97be0d2-f246-4c5a-967a-e2653ef96d4a" testListId="8c84fa94-04c1-424b-9868-57a2d4851a1d" />
    <TestEntry testId="3a19ebda-b487-9e39-3057-c3b49f9be1eb" executionId="95b93833-7e1d-42e3-b103-9cf6c466f7c3" testListId="8c84fa94-04c1-424b-9868-57a2d4851a1d" />
    <TestEntry testId="4d82cbc9-2b0f-469d-9800-fb435711556a" executionId="595cc61a-3471-48d6-8096-900be67dc43f" testListId="8c84fa94-04c1-424b-9868-57a2d4851a1d" />
    <TestEntry testId="ae41f3b8-920f-ca4d-e937-5dcb87ebba03" executionId="eb712a87-a9cc-4e86-9430-caa228401ef4" testListId="8c84fa94-04c1-424b-9868-57a2d4851a1d" />
    <TestEntry testId="3033e893-6716-43cf-7916-56ba87dea9be" executionId="d169c3fb-528c-4103-9554-857990169896" testListId="8c84fa94-04c1-424b-9868-57a2d4851a1d" />
    <TestEntry testId="7fb75753-0271-6479-c751-1f628e7ab5ff" executionId="bf40ef0b-dfc4-4273-ba30-94eaa088b6bb" testListId="8c84fa94-04c1-424b-9868-57a2d4851a1d" />
    <TestEntry testId="be672a72-fc18-0400-485a-12de53f23a2a" executionId="27df6f67-3598-4239-a7b8-33ff2cb93e49" testListId="8c84fa94-04c1-424b-9868-57a2d4851a1d" />
    <TestEntry testId="21085900-bc69-616c-355b-a614e8f5bf08" executionId="eed2544c-f8b9-4727-984d-b401fe4f35e9" testListId="8c84fa94-04c1-424b-9868-57a2d4851a1d" />
    <TestEntry testId="86027b69-76ae-89a5-9c9b-b257953e6d41" executionId="72104299-a7bd-45bd-afcb-911f253fa185" testListId="8c84fa94-04c1-424b-9868-57a2d4851a1d" />
    <TestEntry testId="e2ba3635-b0ba-c8cb-7d36-5283fe37fe6e" executionId="ce95ba93-f14f-41d2-953b-de758f8781f5" testListId="8c84fa94-04c1-424b-9868-57a2d4851a1d" />
    <TestEntry testId="f3ac47bd-a9a8-a877-946f-8b49d4f70f4f" executionId="f3d87770-4527-4fd8-a378-72b3cf440c1a" testListId="8c84fa94-04c1-424b-9868-57a2d4851a1d" />
    <TestEntry testId="b533f450-c8f3-9828-57b4-7959e05dc76f" executionId="f8b0701d-e4c2-412b-a39f-af647fd391c8" testListId="8c84fa94-04c1-424b-9868-57a2d4851a1d" />
    <TestEntry testId="352da715-0705-873c-fcfe-67b3903ef9f1" executionId="0768506f-5da0-4a89-9f60-7d68f12f6e4b" testListId="8c84fa94-04c1-424b-9868-57a2d4851a1d" />
    <TestEntry testId="c8fa2475-1264-b11f-70e9-ad862879d13f" executionId="15e3150a-e688-4f60-9277-e5b398b47cf6" testListId="8c84fa94-04c1-424b-9868-57a2d4851a1d" />
    <TestEntry testId="01ba11fe-433f-f074-761c-8c83de2a907f" executionId="b7c6004c-3058-4f1b-9b34-800d6bd3329b" testListId="8c84fa94-04c1-424b-9868-57a2d4851a1d" />
    <TestEntry testId="d6c2787e-17a8-1045-2399-a361ca4f0a4d" executionId="f1beed57-88d5-439c-a364-ea1c4bf389a0" testListId="8c84fa94-04c1-424b-9868-57a2d4851a1d" />
    <TestEntry testId="4b1598ca-bcf0-e7b8-8f2f-39050e65c172" executionId="79307a5c-a0b2-40b1-a8d9-74cd85934179" testListId="8c84fa94-04c1-424b-9868-57a2d4851a1d" />
    <TestEntry testId="8d76d231-341b-be2a-b80f-b4f3e307e824" executionId="5d6e2be7-02e8-4177-9b86-0614da9e68ac" testListId="8c84fa94-04c1-424b-9868-57a2d4851a1d" />
    <TestEntry testId="0010ea3a-5287-fd2f-b258-8339604e8989" executionId="f990425b-0c62-46e3-b988-2f7cc0a03575" testListId="8c84fa94-04c1-424b-9868-57a2d4851a1d" />
    <TestEntry testId="677d7f28-e935-23ec-2ee4-6f2d6738fc72" executionId="ded8ea9a-c942-4439-9c19-c0048fe9e830" testListId="8c84fa94-04c1-424b-9868-57a2d4851a1d" />
    <TestEntry testId="05efae6d-3bf9-84bc-60cc-c072aff43c91" executionId="77cae168-dff5-4555-bba1-ff5d588754aa" testListId="8c84fa94-04c1-424b-9868-57a2d4851a1d" />
    <TestEntry testId="e7aa002b-1aa3-87d8-d09b-f2903787c4c5" executionId="20c17319-095d-494b-9872-a76d2d7e295d" testListId="8c84fa94-04c1-424b-9868-57a2d4851a1d" />
    <TestEntry testId="f83b8ceb-3c02-7924-de7f-cf05e02feba9" executionId="1c5c0cc0-fb06-4bcc-b42a-3ffcbfc73b5d" testListId="8c84fa94-04c1-424b-9868-57a2d4851a1d" />
    <TestEntry testId="3c3b9333-2695-fbcf-f1f2-3fe50dd2df23" executionId="51dd7d07-188d-429b-90b1-ea2451cfd2b7" testListId="8c84fa94-04c1-424b-9868-57a2d4851a1d" />
    <TestEntry testId="78d579f6-f34e-71d5-c443-3fb4705c2583" executionId="c56d5207-eac5-4f0f-ad42-30710cf75f72" testListId="8c84fa94-04c1-424b-9868-57a2d4851a1d" />
    <TestEntry testId="4026a03c-5cd1-f768-0585-3b65bec7b92e" executionId="1a434b6a-fb80-4d35-8cc7-2629a2c339cf" testListId="8c84fa94-04c1-424b-9868-57a2d4851a1d" />
    <TestEntry testId="19807a41-2691-53a6-d62a-2db876d4fc94" executionId="7561d3ed-ec01-49c8-9d0a-a158aea87341" testListId="8c84fa94-04c1-424b-9868-57a2d4851a1d" />
    <TestEntry testId="53223002-3ece-d6b7-90af-dfc6000e70ce" executionId="66d55184-9bd0-4f05-9ec4-6b761c3c7036" testListId="8c84fa94-04c1-424b-9868-57a2d4851a1d" />
    <TestEntry testId="5973e6ab-4412-1088-a080-cf1835df860a" executionId="6b701996-3729-4d64-b643-6b555c664f5b" testListId="8c84fa94-04c1-424b-9868-57a2d4851a1d" />
    <TestEntry testId="b6cbae22-7678-43bf-a3cf-9e1a02f451c5" executionId="38283e7b-adfb-444e-85f8-fce06ad0ff9c" testListId="8c84fa94-04c1-424b-9868-57a2d4851a1d" />
    <TestEntry testId="19aa84b0-3d14-3b24-492f-1b765811c409" executionId="64515323-8ee3-45fa-a8db-57937839a8f7" testListId="8c84fa94-04c1-424b-9868-57a2d4851a1d" />
    <TestEntry testId="793dceeb-29da-7d67-8f22-0b73d18f83f5" executionId="e68dcf03-07d6-475b-8cb7-537570900356" testListId="8c84fa94-04c1-424b-9868-57a2d4851a1d" />
    <TestEntry testId="405694f4-36fb-6245-aa30-de3fbd3780af" executionId="b8377f0c-bf4d-434c-b24f-a67031d64331" testListId="8c84fa94-04c1-424b-9868-57a2d4851a1d" />
    <TestEntry testId="37b695b3-3e61-189f-b467-3318d8d15d31" executionId="f4e9e3d3-2b8d-4577-853a-bf566ed0ced3" testListId="8c84fa94-04c1-424b-9868-57a2d4851a1d" />
    <TestEntry testId="135d2e13-c57b-2fe9-21d1-c8744f718b44" executionId="0189b12a-2942-4c88-a111-5af61983ab37" testListId="8c84fa94-04c1-424b-9868-57a2d4851a1d" />
    <TestEntry testId="49f8e1df-8bb0-8489-559f-8c7db164e7ca" executionId="3affde08-42a8-4b96-92e3-f13ea052bde9" testListId="8c84fa94-04c1-424b-9868-57a2d4851a1d" />
    <TestEntry testId="c5821e74-d368-e2f0-980a-54e9e41c9527" executionId="944346e9-d256-48cc-9803-2ab584fb7acf" testListId="8c84fa94-04c1-424b-9868-57a2d4851a1d" />
    <TestEntry testId="13525bc0-6c1b-b08c-be93-a925f20b8daf" executionId="6bee3d77-e854-4de3-8db3-b9bc6c4b7b5d" testListId="8c84fa94-04c1-424b-9868-57a2d4851a1d" />
    <TestEntry testId="9e1ec76b-8a3d-b2e3-797b-a1567313d528" executionId="6d09de53-c0a1-4d3a-8e30-257d6c13b86e" testListId="8c84fa94-04c1-424b-9868-57a2d4851a1d" />
    <TestEntry testId="b6107094-3ee8-6336-dda3-3cc40b28cc63" executionId="f6fa9365-ef20-4491-8f63-543dc1dd007e" testListId="8c84fa94-04c1-424b-9868-57a2d4851a1d" />
    <TestEntry testId="17bb2056-a845-81a8-50e9-5b0df5282b4f" executionId="83918df2-f8e9-4909-90fa-2d3b890c69c5" testListId="8c84fa94-04c1-424b-9868-57a2d4851a1d" />
    <TestEntry testId="10c2ad78-f2d3-605c-6e27-d687e82263f6" executionId="5d6f8e96-9b97-40dd-9532-516d47f28f75" testListId="8c84fa94-04c1-424b-9868-57a2d4851a1d" />
    <TestEntry testId="2efc752f-e52a-dec4-178f-19604a7c5e7b" executionId="cae0a4ff-232e-4e01-9171-0d106aa84b6c" testListId="8c84fa94-04c1-424b-9868-57a2d4851a1d" />
    <TestEntry testId="30c624c3-79f0-0618-153b-028d806d78cc" executionId="c7de5a61-309b-446b-a205-74fc94adc97b" testListId="8c84fa94-04c1-424b-9868-57a2d4851a1d" />
    <TestEntry testId="ec73b0ac-2802-ef8b-0d4a-c76a499b198f" executionId="4fc084f1-45ed-4ab1-b79e-73d5a4cf523a" testListId="8c84fa94-04c1-424b-9868-57a2d4851a1d" />
    <TestEntry testId="1e9cea06-c718-480a-6787-7ecd55d42cf9" executionId="0adac831-1311-4d35-be4b-0246b4c3310c" testListId="8c84fa94-04c1-424b-9868-57a2d4851a1d" />
    <TestEntry testId="3666793a-a353-00ae-7d73-2bbf8422df32" executionId="909ef600-f730-4098-a117-77bf3a0e0a95" testListId="8c84fa94-04c1-424b-9868-57a2d4851a1d" />
    <TestEntry testId="320eb563-5f19-1e3e-f62a-24be6dd2d251" executionId="4444beb1-4297-450d-bb30-ec47cae76eec" testListId="8c84fa94-04c1-424b-9868-57a2d4851a1d" />
    <TestEntry testId="aa4382a8-b1d4-c067-573b-0b02a333c466" executionId="bfbebf81-c075-4ee5-98a6-f9c561da6454" testListId="8c84fa94-04c1-424b-9868-57a2d4851a1d" />
    <TestEntry testId="836d7214-8330-e17b-f95a-b8fe91af83f3" executionId="5cfc5602-bcce-45b6-ac02-6d4940edb1c2" testListId="8c84fa94-04c1-424b-9868-57a2d4851a1d" />
    <TestEntry testId="e24539b2-56b5-2869-cb2f-2fa73e925e9c" executionId="6c16a435-267d-4a82-9ffb-4e2dde774820" testListId="8c84fa94-04c1-424b-9868-57a2d4851a1d" />
    <TestEntry testId="a6fa6f17-e648-a691-3cc0-28cc92e8100f" executionId="250726a9-c984-4196-89aa-7c8fa12d16c8" testListId="8c84fa94-04c1-424b-9868-57a2d4851a1d" />
    <TestEntry testId="d6b49d03-800f-4e68-47a4-e5f093cd9f74" executionId="0aec598e-47da-413c-bece-d192bd4ce717" testListId="8c84fa94-04c1-424b-9868-57a2d4851a1d" />
    <TestEntry testId="9cf10940-879d-c09a-703d-e30b8b71f85e" executionId="a73cd69a-0390-4966-a445-3548132c93f2" testListId="8c84fa94-04c1-424b-9868-57a2d4851a1d" />
    <TestEntry testId="0649e455-ff28-da43-dca0-ccf61336f387" executionId="7faa9654-852a-4908-8b20-9b3c8c6aca86" testListId="8c84fa94-04c1-424b-9868-57a2d4851a1d" />
    <TestEntry testId="a1357182-ed79-cee5-385d-a835414b865b" executionId="11428671-1d90-46c9-a633-fad1a1131541" testListId="8c84fa94-04c1-424b-9868-57a2d4851a1d" />
    <TestEntry testId="f95789be-557d-7fe1-a340-17926bf88c2a" executionId="e0c89430-108c-4c8e-88c7-fe25d86ddbf1" testListId="8c84fa94-04c1-424b-9868-57a2d4851a1d" />
    <TestEntry testId="60ebc807-76cf-94a4-39b4-5f450c95d8b9" executionId="5f6655c4-1af3-4198-8b3b-d7570cdc2b25" testListId="8c84fa94-04c1-424b-9868-57a2d4851a1d" />
    <TestEntry testId="3553da06-deeb-eaa9-c4cd-278b080fcb72" executionId="a5fd4edd-6234-44f2-ae25-1bc3d7fe59ed" testListId="8c84fa94-04c1-424b-9868-57a2d4851a1d" />
    <TestEntry testId="6bfece42-94dc-3924-f4b1-5ec02be37163" executionId="bae51a46-21bc-406c-9cbb-554ca78ed14e" testListId="8c84fa94-04c1-424b-9868-57a2d4851a1d" />
    <TestEntry testId="9cf3f932-6f06-75fc-27e0-026ef589ed1f" executionId="c016da45-7aff-4dee-a2b6-26889595621f" testListId="8c84fa94-04c1-424b-9868-57a2d4851a1d" />
    <TestEntry testId="a5fb7c56-c36e-8ccf-9be8-25d804e11321" executionId="d8c41fb6-1ed6-42a6-a208-8b948ce186b7" testListId="8c84fa94-04c1-424b-9868-57a2d4851a1d" />
    <TestEntry testId="46727c90-1e9f-d54e-ceb3-653740269c58" executionId="b624461e-eac5-4513-9ba0-abdd46c23513" testListId="8c84fa94-04c1-424b-9868-57a2d4851a1d" />
    <TestEntry testId="323465df-b0c6-c93a-f976-a3e87e7c0f65" executionId="ccc43a9f-c08d-49e0-a5f3-2aaef9138660" testListId="8c84fa94-04c1-424b-9868-57a2d4851a1d" />
    <TestEntry testId="5ed4fa02-b449-16f6-d37a-9b8b6e3854fd" executionId="4ad44643-ded3-4d24-a5f0-8ff95cc29fef" testListId="8c84fa94-04c1-424b-9868-57a2d4851a1d" />
    <TestEntry testId="ea7ebcbf-c4f3-0665-8fe8-2b8a062f861b" executionId="8c76d5d6-fc59-4b8c-abcd-6c9599d8c706" testListId="8c84fa94-04c1-424b-9868-57a2d4851a1d" />
    <TestEntry testId="9c453d34-0f8d-1810-5953-ca629e7e2dd9" executionId="96d8a31f-708a-4903-b3e5-9a29adc6a13c" testListId="8c84fa94-04c1-424b-9868-57a2d4851a1d" />
    <TestEntry testId="fa2e4d78-d3eb-924c-3ce9-2277de7a3a36" executionId="0cada2e8-b949-4839-94d7-eeda06356827" testListId="8c84fa94-04c1-424b-9868-57a2d4851a1d" />
    <TestEntry testId="08d6f6f2-ea22-dfbd-0e1d-827e4b20306e" executionId="fddfe137-e5d1-414b-882b-06b38a22f7d2" testListId="8c84fa94-04c1-424b-9868-57a2d4851a1d" />
    <TestEntry testId="0fb46cb7-2202-1804-bbaf-4fd6de1dadf9" executionId="6c2ea947-f616-4ef0-98ff-ae98fc65d3d2" testListId="8c84fa94-04c1-424b-9868-57a2d4851a1d" />
    <TestEntry testId="533775aa-cd99-b6a3-8ecf-1c326e710103" executionId="c23de512-bdc1-4bd6-b4b5-e0584a6be2b3" testListId="8c84fa94-04c1-424b-9868-57a2d4851a1d" />
    <TestEntry testId="24df425f-241c-1aaf-b5d2-9182d665aedf" executionId="2700914d-ec2e-44cc-9910-bba6d1291b88" testListId="8c84fa94-04c1-424b-9868-57a2d4851a1d" />
    <TestEntry testId="b0ca919c-7697-da10-c08a-ecf886c5ae32" executionId="c5290786-a07d-4f09-953a-47de44a68ebe" testListId="8c84fa94-04c1-424b-9868-57a2d4851a1d" />
    <TestEntry testId="6812fd0f-ab65-6692-938e-7ca2dbd6f66d" executionId="2df2a260-0bbe-4c76-ba8b-0cb3f007b9c9" testListId="8c84fa94-04c1-424b-9868-57a2d4851a1d" />
    <TestEntry testId="1f1cc244-f301-73b4-f226-162b426a437c" executionId="2b197d59-da8e-4997-966c-72dbdd48341d" testListId="8c84fa94-04c1-424b-9868-57a2d4851a1d" />
    <TestEntry testId="9f12b5fb-25f3-3eaa-431d-8aa6894ec997" executionId="dcc1c3df-e2fa-4300-bc0e-5ee1afa55dea" testListId="8c84fa94-04c1-424b-9868-57a2d4851a1d" />
    <TestEntry testId="9a0f6bd3-4ccd-1b56-8e36-06a02cdba06c" executionId="c3b41772-c111-4ee6-9c9e-ca020bb015c0" testListId="8c84fa94-04c1-424b-9868-57a2d4851a1d" />
    <TestEntry testId="ebd7decd-c846-6ba5-b848-0cc6fe27c8c7" executionId="6973047b-508b-40d5-9d77-51fefc1e13e3" testListId="8c84fa94-04c1-424b-9868-57a2d4851a1d" />
    <TestEntry testId="8c9252dc-213f-a58b-390c-7e02c0b5ea9b" executionId="9db104d6-c58a-4428-94c8-41e0f6d361b6" testListId="8c84fa94-04c1-424b-9868-57a2d4851a1d" />
    <TestEntry testId="63099140-f5f1-56a0-a3ef-ed9482f6b9a9" executionId="73609536-05dd-4844-8edd-95f67284e1ac" testListId="8c84fa94-04c1-424b-9868-57a2d4851a1d" />
    <TestEntry testId="bea2b1bc-233d-f16e-387b-58a8ca485ce9" executionId="0dabe73c-a92a-47bd-99a1-cb8b2ac052cd" testListId="8c84fa94-04c1-424b-9868-57a2d4851a1d" />
    <TestEntry testId="d326654a-907f-afbd-a71c-7bea3aaf6405" executionId="daf4725e-1109-4da4-94eb-42fc985ae717" testListId="8c84fa94-04c1-424b-9868-57a2d4851a1d" />
    <TestEntry testId="84834102-f0f5-8e13-66a1-6f61f6ca122a" executionId="1de4a3ee-38d9-4345-aec4-3e13b253b8b5" testListId="8c84fa94-04c1-424b-9868-57a2d4851a1d" />
    <TestEntry testId="122256d8-b7df-94dc-0680-fe2bd42aafc0" executionId="692fba27-7c1e-40eb-b8c2-94ef0e0b5d2d" testListId="8c84fa94-04c1-424b-9868-57a2d4851a1d" />
    <TestEntry testId="6b05b717-7cc0-0819-e23f-8cb34e553ca0" executionId="09b618a4-ece0-45d1-8493-d172b26be0f3" testListId="8c84fa94-04c1-424b-9868-57a2d4851a1d" />
    <TestEntry testId="476483cf-f278-f6ac-64a1-5aeac311afbc" executionId="12be2e43-80ad-451f-8fda-078534ea38ad" testListId="8c84fa94-04c1-424b-9868-57a2d4851a1d" />
    <TestEntry testId="03b3affe-7eb8-8fde-2b55-cdf310972d33" executionId="d9d2537d-b219-4c6d-9795-69a39d6a3845" testListId="8c84fa94-04c1-424b-9868-57a2d4851a1d" />
    <TestEntry testId="69239abb-5536-6353-1e1d-6090bab5656d" executionId="365b9a0f-79a7-43e6-9bde-86b881011bbd" testListId="8c84fa94-04c1-424b-9868-57a2d4851a1d" />
    <TestEntry testId="24c6bed6-b7ca-60c7-9615-4bb29f84597d" executionId="3d07c394-dd21-4dc6-a262-47a51068f2ae" testListId="8c84fa94-04c1-424b-9868-57a2d4851a1d" />
    <TestEntry testId="57350ea8-1da1-16ca-24be-59cd98188beb" executionId="b50352d4-2180-461f-94d7-55f95a80f687" testListId="8c84fa94-04c1-424b-9868-57a2d4851a1d" />
    <TestEntry testId="255701e3-d6c5-2a7e-582e-4e9454ab3f3a" executionId="ecc3bb51-102e-4bb0-b63a-4aeae438f85a" testListId="8c84fa94-04c1-424b-9868-57a2d4851a1d" />
    <TestEntry testId="fd864e03-a2ac-9d68-e3e5-21c183607447" executionId="43100ba4-a8d1-451e-b2d0-22920a33f540" testListId="8c84fa94-04c1-424b-9868-57a2d4851a1d" />
    <TestEntry testId="67cbe143-c9e1-3667-f354-b13f0a4a5818" executionId="4c807da1-ebe1-44ae-90e7-6e115f948129" testListId="8c84fa94-04c1-424b-9868-57a2d4851a1d" />
    <TestEntry testId="2826db9d-036b-730c-6273-7b93a2454dd5" executionId="0a80485e-f667-4ad4-888e-27a2a2636453" testListId="8c84fa94-04c1-424b-9868-57a2d4851a1d" />
    <TestEntry testId="0701ec27-8442-0285-8771-a886cad269b6" executionId="1621af20-a34e-42b2-9e87-6c3d88334e6f" testListId="8c84fa94-04c1-424b-9868-57a2d4851a1d" />
    <TestEntry testId="0f372502-e6c5-d869-decb-44a8aeec4b47" executionId="70a5c5ca-2202-43fa-b198-4994fc544eb3" testListId="8c84fa94-04c1-424b-9868-57a2d4851a1d" />
    <TestEntry testId="6f274f50-385d-9228-ce38-75d52ba2893b" executionId="470088c3-d7e6-440d-be26-f5ca66509632" testListId="8c84fa94-04c1-424b-9868-57a2d4851a1d" />
    <TestEntry testId="d984c8fb-0f45-07d5-5aff-491c95740fee" executionId="939dc3e0-2009-429d-b5d5-8e3b8dd6bcd4" testListId="8c84fa94-04c1-424b-9868-57a2d4851a1d" />
    <TestEntry testId="3af3e295-475e-2965-3fae-ed16c007300a" executionId="ff073ccb-a9dc-4022-aaa5-289c3c467fe9" testListId="8c84fa94-04c1-424b-9868-57a2d4851a1d" />
    <TestEntry testId="0ee59989-0de4-6468-54b0-11241b424a01" executionId="3d3cd350-8921-4cc1-86a0-6a19c62e16b3" testListId="8c84fa94-04c1-424b-9868-57a2d4851a1d" />
    <TestEntry testId="d2bcf89c-eb86-9096-0cc4-2265fbaee027" executionId="a64fb8dd-f48a-477d-b0f4-369e57aca85e" testListId="8c84fa94-04c1-424b-9868-57a2d4851a1d" />
    <TestEntry testId="1266c2b5-1292-dcba-e77b-8d9741e46aca" executionId="32e32fc1-ac64-458c-987d-1b9057af6dfa" testListId="8c84fa94-04c1-424b-9868-57a2d4851a1d" />
    <TestEntry testId="de217202-f290-81bc-2399-85d15c17e773" executionId="ebff6581-f4c3-4ab9-8af2-96c22e7191e3" testListId="8c84fa94-04c1-424b-9868-57a2d4851a1d" />
    <TestEntry testId="4a2efd3f-ce57-9ef4-fb58-689160e33173" executionId="86b7fed4-e9ac-4ee3-8241-dfe05398ec21" testListId="8c84fa94-04c1-424b-9868-57a2d4851a1d" />
    <TestEntry testId="93a57171-4abe-da1e-d58c-9098c36cbf34" executionId="42bd6bcb-0154-43c5-9945-60e41bc45c10" testListId="8c84fa94-04c1-424b-9868-57a2d4851a1d" />
    <TestEntry testId="6078dece-5c87-dc47-5b9e-163f0ce91290" executionId="696d3797-3c68-47e6-a134-1bf83a3abab7" testListId="8c84fa94-04c1-424b-9868-57a2d4851a1d" />
    <TestEntry testId="b9cfc5a0-1076-53e9-8cfd-8d1b2a030637" executionId="af99a416-dd16-40c1-8060-7b9717e35e6c" testListId="8c84fa94-04c1-424b-9868-57a2d4851a1d" />
    <TestEntry testId="d994af04-09c5-a96a-cd41-7a7e0ae83085" executionId="b4c03d0c-d350-4304-aa01-0b5d249fe14a" testListId="8c84fa94-04c1-424b-9868-57a2d4851a1d" />
    <TestEntry testId="849a74f3-1a00-7c33-3325-633604a4bbab" executionId="a7a5f591-9f71-46fd-adb2-9476d217e592" testListId="8c84fa94-04c1-424b-9868-57a2d4851a1d" />
    <TestEntry testId="cb78321a-8923-80a0-0105-07bbdbd2d757" executionId="2ed7acb3-94b4-4a04-a837-bd5e6d970608" testListId="8c84fa94-04c1-424b-9868-57a2d4851a1d" />
    <TestEntry testId="40c7469f-c930-c9e9-da2b-daed4edff8ae" executionId="cc27989b-28f8-467a-b5b7-7c55e56da7dc" testListId="8c84fa94-04c1-424b-9868-57a2d4851a1d" />
    <TestEntry testId="6f4072a6-4629-5d6d-dc1d-186fda9f3e45" executionId="765a4a85-115e-4b24-a9ef-43bf368e5a18" testListId="8c84fa94-04c1-424b-9868-57a2d4851a1d" />
    <TestEntry testId="78dd5bfd-af2b-0ae8-c81b-69d9236634f0" executionId="a331b8e4-1afc-491d-b824-6e49516d4e95" testListId="8c84fa94-04c1-424b-9868-57a2d4851a1d" />
    <TestEntry testId="9bb61604-e246-4057-5cb7-3c74df13bf16" executionId="520ac149-dcaf-4914-b375-1fd688795574" testListId="8c84fa94-04c1-424b-9868-57a2d4851a1d" />
    <TestEntry testId="a1d03f11-272c-53d5-7b4a-76543fd35f2b" executionId="cdd66448-70be-408e-a68c-7c680feec7fa" testListId="8c84fa94-04c1-424b-9868-57a2d4851a1d" />
    <TestEntry testId="a54176d8-aff8-4202-90bc-083139b234cc" executionId="04161698-6add-4460-929e-805f3b97bf72" testListId="8c84fa94-04c1-424b-9868-57a2d4851a1d" />
    <TestEntry testId="f08b2af4-b464-dac8-a571-a6f63862c590" executionId="f20d3e96-d00f-4ded-8758-96a81bd19fd0" testListId="8c84fa94-04c1-424b-9868-57a2d4851a1d" />
    <TestEntry testId="eb55b32b-fdd2-d130-e182-0abffe1bd832" executionId="fb16501a-e50d-458c-a086-9fa03429bb54" testListId="8c84fa94-04c1-424b-9868-57a2d4851a1d" />
    <TestEntry testId="cf4ed24b-84e3-6e2d-335a-7aa8ec3d1e12" executionId="c88f4ca3-8a14-4a19-a478-54d9feb164ea" testListId="8c84fa94-04c1-424b-9868-57a2d4851a1d" />
    <TestEntry testId="eff3fa37-cc88-a07a-74eb-51397c885bf1" executionId="6b7d468b-11d4-42dc-ad5a-916713b43c26" testListId="8c84fa94-04c1-424b-9868-57a2d4851a1d" />
    <TestEntry testId="84ae3179-dfb4-f897-741b-781224927163" executionId="462113fc-df5c-4cd2-9d85-9e060e8b8eac" testListId="8c84fa94-04c1-424b-9868-57a2d4851a1d" />
    <TestEntry testId="50ca2d2e-335e-1b51-a58a-9369bd0c88d6" executionId="29585582-7850-42e9-887b-bddfaf3b2af7" testListId="8c84fa94-04c1-424b-9868-57a2d4851a1d" />
    <TestEntry testId="6f6427b3-df2d-53df-9cd3-f5c7d34fe61d" executionId="311072e3-b3d2-49bb-9565-5a3204638f23" testListId="8c84fa94-04c1-424b-9868-57a2d4851a1d" />
    <TestEntry testId="025df3ec-7f02-647d-a4d5-94738efbd7f9" executionId="c2acace6-3c0c-4ce3-8439-a1a83de08869" testListId="8c84fa94-04c1-424b-9868-57a2d4851a1d" />
    <TestEntry testId="84a6cd2a-293f-eaf9-92ea-3a15c6eeaa7f" executionId="3818ead2-4452-46d5-b9d5-456c1a6fe50d" testListId="8c84fa94-04c1-424b-9868-57a2d4851a1d" />
    <TestEntry testId="2c5ffffa-f808-6c0d-bccb-9a0a67cd47ae" executionId="c2f08843-39bf-4fc5-98ac-55263dd20e69" testListId="8c84fa94-04c1-424b-9868-57a2d4851a1d" />
    <TestEntry testId="73d72fb5-c2dc-6f38-0a6b-99cb307fc2f8" executionId="ccc5cda8-aaad-4e7e-b348-79a352a5bdb5" testListId="8c84fa94-04c1-424b-9868-57a2d4851a1d" />
    <TestEntry testId="08f8a123-b42a-0db0-93bb-169edd2fe1a2" executionId="f93b7b43-898c-495b-a612-1e2a0922ddb6" testListId="8c84fa94-04c1-424b-9868-57a2d4851a1d" />
    <TestEntry testId="bd8ad09f-c0c9-94ae-416d-5beec2fc567f" executionId="0a790789-e19e-4ad1-ba14-6c17af59d0bc" testListId="8c84fa94-04c1-424b-9868-57a2d4851a1d" />
    <TestEntry testId="9e90a179-924a-4efb-2987-2bd9261ef26b" executionId="b8ce2602-57a8-4908-af11-b8606079e25c" testListId="8c84fa94-04c1-424b-9868-57a2d4851a1d" />
    <TestEntry testId="32d03bbd-95bd-8068-7509-90fb2972e9e2" executionId="89d58cea-5af3-4521-bea3-e0710a69ff22" testListId="8c84fa94-04c1-424b-9868-57a2d4851a1d" />
    <TestEntry testId="3e29961e-79da-7ed5-25ac-d3a8ad153a01" executionId="dd0e5016-68af-4982-a357-b49aa448706f" testListId="8c84fa94-04c1-424b-9868-57a2d4851a1d" />
    <TestEntry testId="beba9f3d-6689-6c1e-3466-2470e80ff591" executionId="68938978-26e2-47ce-b903-8fd16f81ea02" testListId="8c84fa94-04c1-424b-9868-57a2d4851a1d" />
    <TestEntry testId="21c02eda-79ba-d8e8-649a-99f562c171b7" executionId="ffeced06-fa15-4e84-b54f-835bf22e16eb" testListId="8c84fa94-04c1-424b-9868-57a2d4851a1d" />
    <TestEntry testId="66c52b53-6d2d-84a8-084d-624a9be83c8d" executionId="7906d97c-1861-442a-a1ba-0956cfa2a4d1" testListId="8c84fa94-04c1-424b-9868-57a2d4851a1d" />
    <TestEntry testId="c7200103-eabd-9873-933f-4ecc52948b48" executionId="938469cc-5af8-4e72-bf13-7d69a827c503" testListId="8c84fa94-04c1-424b-9868-57a2d4851a1d" />
    <TestEntry testId="d8dd4c81-3480-542b-d677-51d58dbb0d46" executionId="eb99b084-e699-4e59-af52-9e47945b4f98" testListId="8c84fa94-04c1-424b-9868-57a2d4851a1d" />
    <TestEntry testId="fe33969b-26e9-e45d-10db-c42f3bf1f246" executionId="fdcc0d38-e365-438e-bf4a-d0ee8de8fc35" testListId="8c84fa94-04c1-424b-9868-57a2d4851a1d" />
    <TestEntry testId="90aff43c-a2eb-1531-ccc8-abeea2241125" executionId="741084a9-8305-4de9-b505-aaf7bafe4d1b" testListId="8c84fa94-04c1-424b-9868-57a2d4851a1d" />
    <TestEntry testId="af52ebbc-8807-9217-fb2c-38c6564a9987" executionId="b753b075-bce6-4067-afeb-c6616ee8bae5" testListId="8c84fa94-04c1-424b-9868-57a2d4851a1d" />
    <TestEntry testId="d26f1766-b8e5-87ec-195a-54711cbf2a1d" executionId="823ea7da-4288-4654-abe3-55dbad08aaa3" testListId="8c84fa94-04c1-424b-9868-57a2d4851a1d" />
    <TestEntry testId="1142e65d-60a9-555e-0c33-0eb796d843a7" executionId="ea18bcad-c7b3-4b41-b75b-1047d64d662c" testListId="8c84fa94-04c1-424b-9868-57a2d4851a1d" />
    <TestEntry testId="a96cffdc-e003-4d51-c3d6-c71b9765bd8f" executionId="1278280a-5dfb-4eae-bf3a-191289eac6b0" testListId="8c84fa94-04c1-424b-9868-57a2d4851a1d" />
    <TestEntry testId="3808d56e-b973-a045-a0d4-7776af3046ca" executionId="fc536502-9f3b-4e29-b54e-2cdf8822496c" testListId="8c84fa94-04c1-424b-9868-57a2d4851a1d" />
    <TestEntry testId="fa6f558e-f835-31c5-57a8-ff603febca1e" executionId="b05ae2d2-f0f7-4b0d-883f-a671f6b86efa" testListId="8c84fa94-04c1-424b-9868-57a2d4851a1d" />
    <TestEntry testId="b5e6d366-0c8a-df28-38f5-585699d762cd" executionId="53ca7ac7-bd57-4e1f-8133-9e97b729a720" testListId="8c84fa94-04c1-424b-9868-57a2d4851a1d" />
    <TestEntry testId="b596ac79-7c20-df28-91f0-608f4763bb4e" executionId="cdcba984-328a-4a11-b6b4-3046a5978946" testListId="8c84fa94-04c1-424b-9868-57a2d4851a1d" />
    <TestEntry testId="6e6177fe-e296-5fec-1f36-3049bafbdb3a" executionId="b5fc88cb-e5d3-4a8e-b0fa-d6f0f5c84cc9" testListId="8c84fa94-04c1-424b-9868-57a2d4851a1d" />
    <TestEntry testId="dd86b8ea-992a-9576-2486-b98735ccaf74" executionId="49d8caec-4802-49a9-89ae-ee026d7695b8" testListId="8c84fa94-04c1-424b-9868-57a2d4851a1d" />
    <TestEntry testId="c07ae26d-daf2-50d4-907f-c4def0e041c4" executionId="e477cb40-5156-4478-ae21-4eca0f93e2cb" testListId="8c84fa94-04c1-424b-9868-57a2d4851a1d" />
    <TestEntry testId="db3689c4-ec64-9807-ff9d-703e1cd5ba30" executionId="a33b8a66-99c5-4236-a180-2516225afad6" testListId="8c84fa94-04c1-424b-9868-57a2d4851a1d" />
    <TestEntry testId="64ab3aa4-24f6-ff24-e8d1-9d32f057ed1d" executionId="87e3248f-d436-41ae-9afa-aadaedccd148" testListId="8c84fa94-04c1-424b-9868-57a2d4851a1d" />
    <TestEntry testId="f70340aa-5fce-d298-7f45-ef899e029905" executionId="ec201a7d-6f31-416a-bc79-b5799935924a" testListId="8c84fa94-04c1-424b-9868-57a2d4851a1d" />
    <TestEntry testId="1c8558a4-b15e-bedc-ae12-2c816334a012" executionId="d64b910c-4575-41d9-949c-e3e4f03f322b" testListId="8c84fa94-04c1-424b-9868-57a2d4851a1d" />
    <TestEntry testId="64787a3d-88fc-40c9-3001-6275bb42a712" executionId="a036f4c6-2ec6-4446-a7df-47e62ab63b9a" testListId="8c84fa94-04c1-424b-9868-57a2d4851a1d" />
    <TestEntry testId="764ff347-50b0-0099-55f2-3893dcdda0ee" executionId="5d91343c-6cd7-49d6-b433-c69df65e3df9" testListId="8c84fa94-04c1-424b-9868-57a2d4851a1d" />
    <TestEntry testId="fd00d6df-9266-d7f9-06a4-30b68bcce890" executionId="012719a5-78b3-492e-9638-e2e915396354" testListId="8c84fa94-04c1-424b-9868-57a2d4851a1d" />
    <TestEntry testId="6d2690e4-55f2-1173-3955-daa13c7926d5" executionId="7f4d5199-5a37-4bc8-848c-c51b23e120d7" testListId="8c84fa94-04c1-424b-9868-57a2d4851a1d" />
    <TestEntry testId="e955f05b-a5be-2c36-d51c-47d6105a054d" executionId="f8fbd794-6d3e-438c-8cd1-9c58440085b0" testListId="8c84fa94-04c1-424b-9868-57a2d4851a1d" />
    <TestEntry testId="6e078b1a-21ca-1b99-765c-26240c6f6eea" executionId="f37bbb75-974e-43bc-9c2b-4d42517ef6b2" testListId="8c84fa94-04c1-424b-9868-57a2d4851a1d" />
    <TestEntry testId="1f12b4a9-e48c-130f-d084-76be2cb52ea8" executionId="6eea41ed-daef-4134-a04b-db792e55155c" testListId="8c84fa94-04c1-424b-9868-57a2d4851a1d" />
    <TestEntry testId="62e597d4-e60d-aa54-8157-377d907b7f43" executionId="21fd6a78-3693-46b7-9d25-015eae279368" testListId="8c84fa94-04c1-424b-9868-57a2d4851a1d" />
    <TestEntry testId="511bf4f6-7e37-7990-39e8-edda9467c578" executionId="50981beb-bf73-4c5c-98f2-4bc3ff4cfabf" testListId="8c84fa94-04c1-424b-9868-57a2d4851a1d" />
    <TestEntry testId="c6ee03d5-9684-896d-e10e-1858f02dec5f" executionId="9d5657ba-e067-48ab-a55e-cb018aed79bc" testListId="8c84fa94-04c1-424b-9868-57a2d4851a1d" />
    <TestEntry testId="6a0c6508-a7ea-d027-fd8e-bdabe1521933" executionId="d7202263-5ce7-42b4-ab4a-cd3d2b6cea49" testListId="8c84fa94-04c1-424b-9868-57a2d4851a1d" />
    <TestEntry testId="3a9a7fdb-5b03-106c-0671-c65a903339c6" executionId="9eb7994a-03d8-4595-9cb9-e1de148524ea" testListId="8c84fa94-04c1-424b-9868-57a2d4851a1d" />
    <TestEntry testId="92afaed2-9f76-e231-6ecc-808ff600348b" executionId="6a96548a-ce89-4efb-b49a-38d36ebc1c71" testListId="8c84fa94-04c1-424b-9868-57a2d4851a1d" />
    <TestEntry testId="e367aa71-b0af-a758-f513-c2150be0ee58" executionId="82078ea4-fa28-4e39-a2c9-0b1c616438db" testListId="8c84fa94-04c1-424b-9868-57a2d4851a1d" />
    <TestEntry testId="60863bf4-f9bf-04dc-12a3-a22e0f65c9ea" executionId="81f6a55c-cf5e-482b-a631-adf2b5bd34d8" testListId="8c84fa94-04c1-424b-9868-57a2d4851a1d" />
    <TestEntry testId="e024ef41-083b-00b1-2a7d-aeeaf04191e1" executionId="36f98c9b-0de6-49d8-9e02-b4bd91768303" testListId="8c84fa94-04c1-424b-9868-57a2d4851a1d" />
    <TestEntry testId="0aa7aae1-8c4a-9eda-b1d9-2436bdcb68b7" executionId="ce6399ee-4706-4315-a940-334d0738f9d7" testListId="8c84fa94-04c1-424b-9868-57a2d4851a1d" />
    <TestEntry testId="12bf26ac-5455-f147-ab84-37229d82317a" executionId="2693f145-877e-4e1d-86c3-7fd805614421" testListId="8c84fa94-04c1-424b-9868-57a2d4851a1d" />
    <TestEntry testId="2e3a7c50-e4a5-3602-4438-48bdaf561af3" executionId="11b6c6e6-1499-4771-afc4-435699cbea3b" testListId="8c84fa94-04c1-424b-9868-57a2d4851a1d" />
    <TestEntry testId="bef2782c-3a6e-228f-d81e-4a0182ff4ef4" executionId="9d0870e5-fad0-41f7-b10f-7cf36a0e4e50" testListId="8c84fa94-04c1-424b-9868-57a2d4851a1d" />
    <TestEntry testId="9caa978f-dc1f-3b54-f86d-4561a75a1ad7" executionId="57e61fe5-5734-4fe9-8588-7b88dc3a9e24" testListId="8c84fa94-04c1-424b-9868-57a2d4851a1d" />
    <TestEntry testId="1aaed582-bd65-15f1-f19a-f01bfeae0f85" executionId="75249e63-9ecb-4d7c-85c2-fa4249ce714c" testListId="8c84fa94-04c1-424b-9868-57a2d4851a1d" />
    <TestEntry testId="02514658-3539-4e09-7083-7a561726facb" executionId="06f7d757-2a16-4332-a9c4-b0e71c9bb7ff" testListId="8c84fa94-04c1-424b-9868-57a2d4851a1d" />
    <TestEntry testId="6b16ac49-7c2b-bc72-bfd4-131c02aab2db" executionId="bb6697ec-39d7-4cf6-91ce-f66ba30f92fc" testListId="8c84fa94-04c1-424b-9868-57a2d4851a1d" />
    <TestEntry testId="09217960-761f-1039-17a0-ea4ede5ade15" executionId="a56f3c27-4406-4c5a-9d16-a58fa3c21f3e" testListId="8c84fa94-04c1-424b-9868-57a2d4851a1d" />
    <TestEntry testId="fdbc3f44-4022-324e-a1e5-7cbdcbe40d5d" executionId="83c14a70-6f26-4113-9a97-e88e4b5b6e1e" testListId="8c84fa94-04c1-424b-9868-57a2d4851a1d" />
    <TestEntry testId="10c70c0e-e0e6-4347-f394-4de496e761f1" executionId="dae34e66-7bd5-491a-8616-98a0577b274d" testListId="8c84fa94-04c1-424b-9868-57a2d4851a1d" />
    <TestEntry testId="c517d47e-ca32-e377-d7f6-88e94f2c32ee" executionId="1edb402c-984b-42de-870f-085e9cedb98a" testListId="8c84fa94-04c1-424b-9868-57a2d4851a1d" />
    <TestEntry testId="a30c0e1c-6be8-c1fc-d186-4953fdc74232" executionId="8814226b-c542-495d-a420-52d6b60a3dfa" testListId="8c84fa94-04c1-424b-9868-57a2d4851a1d" />
    <TestEntry testId="0544e28d-4fc2-b4ec-7e67-93472bf81c4c" executionId="ba887bbb-8fe1-4b49-bf9e-db4425a0e20c" testListId="8c84fa94-04c1-424b-9868-57a2d4851a1d" />
    <TestEntry testId="9d2ec2a6-d3d1-c073-e2b7-2bdf63a956f5" executionId="0ad7f8b8-713b-4af8-a8f6-72b2e80995ef" testListId="8c84fa94-04c1-424b-9868-57a2d4851a1d" />
    <TestEntry testId="ff871a0a-f3fb-129c-5e01-0c196d851088" executionId="fd3b0921-887a-4a06-a52b-f6eeeab9c0f1" testListId="8c84fa94-04c1-424b-9868-57a2d4851a1d" />
    <TestEntry testId="7310670a-0010-c516-b9ef-05b270ab4c04" executionId="18da3a83-ad4b-482b-9fb1-01e22638a924" testListId="8c84fa94-04c1-424b-9868-57a2d4851a1d" />
    <TestEntry testId="d768bb94-e7be-c795-a879-8660f5a521ca" executionId="7e30e163-23b7-472b-9c3e-0fe30f25c7db" testListId="8c84fa94-04c1-424b-9868-57a2d4851a1d" />
    <TestEntry testId="23fd5c35-806e-ce3a-d70e-4f98406ae92e" executionId="b3ee68ba-a20c-42c5-bec1-1872e86178fa" testListId="8c84fa94-04c1-424b-9868-57a2d4851a1d" />
    <TestEntry testId="2c22d41f-092a-968d-84dc-b705713dc267" executionId="9c638b4b-85a4-4792-8205-885969d16312" testListId="8c84fa94-04c1-424b-9868-57a2d4851a1d" />
    <TestEntry testId="4d43b66e-8962-9bb6-1326-4acf18e1f8af" executionId="cfc8c851-f7bb-48f6-85a1-a77ba4448138" testListId="8c84fa94-04c1-424b-9868-57a2d4851a1d" />
    <TestEntry testId="d4654878-1a35-6721-cf80-bedb39cbf7b8" executionId="e5e10c0b-0e85-4079-9e36-7a39165f0579" testListId="8c84fa94-04c1-424b-9868-57a2d4851a1d" />
    <TestEntry testId="0375a79b-17bf-9022-0b92-a3ad697c1a71" executionId="fc15d451-5b90-4fc9-87eb-dd235906f62f" testListId="8c84fa94-04c1-424b-9868-57a2d4851a1d" />
    <TestEntry testId="ec973bdb-21c0-1365-934b-b91d9822cd21" executionId="232fb079-dd5e-4d4e-bf4d-6858e4afdc26" testListId="8c84fa94-04c1-424b-9868-57a2d4851a1d" />
    <TestEntry testId="5ad515e4-061f-7df7-ad67-b02fe01da566" executionId="c2077bfe-e66c-4fdf-a520-e9019d1172f5" testListId="8c84fa94-04c1-424b-9868-57a2d4851a1d" />
    <TestEntry testId="0803935a-871f-a690-4074-dae07f076149" executionId="fb09ac53-31e6-456b-a560-ed31ba56a0cb" testListId="8c84fa94-04c1-424b-9868-57a2d4851a1d" />
    <TestEntry testId="5a551494-faff-53e7-207e-681c218ee1d5" executionId="3f71191e-2e12-4f53-81a0-765ab329bd22" testListId="8c84fa94-04c1-424b-9868-57a2d4851a1d" />
    <TestEntry testId="c3a8a6f2-b935-a4af-92db-4c0183516cfb" executionId="91070c9d-9270-4b53-ac05-1c030d86f3b7" testListId="8c84fa94-04c1-424b-9868-57a2d4851a1d" />
    <TestEntry testId="0019d10a-a6a6-19da-3d6b-4865f197fa35" executionId="2701c10b-31eb-4386-a471-6a60ff5d198b" testListId="8c84fa94-04c1-424b-9868-57a2d4851a1d" />
    <TestEntry testId="cc78e4c8-e396-40e7-5bdc-41f3b1d91c3b" executionId="8b22f061-55f3-4071-bff3-98bccedf21a3" testListId="8c84fa94-04c1-424b-9868-57a2d4851a1d" />
    <TestEntry testId="efecd466-b15f-af39-21f9-c8961441d324" executionId="e647c79b-d0a7-49d8-9377-3fb0e261d04c" testListId="8c84fa94-04c1-424b-9868-57a2d4851a1d" />
    <TestEntry testId="cd2e6b67-6d53-becf-0933-90bf764522df" executionId="7fa8add3-1b33-4e4c-a0de-d4d5223c22ad" testListId="8c84fa94-04c1-424b-9868-57a2d4851a1d" />
    <TestEntry testId="272f4885-6438-4d19-4138-7ad48b76a66a" executionId="a78862db-981d-4a49-a205-48550826da49" testListId="8c84fa94-04c1-424b-9868-57a2d4851a1d" />
    <TestEntry testId="7bcf3a65-993a-a11d-3a6c-189aa950d196" executionId="32cb2646-1d7f-4d67-adea-e0e82431dfc9" testListId="8c84fa94-04c1-424b-9868-57a2d4851a1d" />
    <TestEntry testId="91ca59a7-2b67-023b-8100-5a8eb67c3171" executionId="03db6880-b885-437a-a1bc-921ad33d4195" testListId="8c84fa94-04c1-424b-9868-57a2d4851a1d" />
    <TestEntry testId="6f5c5df5-4252-2513-c1dc-4c088c708d7c" executionId="238b2d02-2779-4df9-befb-555aca6904b8" testListId="8c84fa94-04c1-424b-9868-57a2d4851a1d" />
    <TestEntry testId="48651643-3990-f762-2f5d-868f1a95d4b6" executionId="b8c77c22-e1da-4bb7-9162-3f72de419eb3" testListId="8c84fa94-04c1-424b-9868-57a2d4851a1d" />
    <TestEntry testId="f8bf1449-939b-89f4-212d-2e74de51e43d" executionId="a02c214d-8f02-47d3-8fa6-382845a97d0d" testListId="8c84fa94-04c1-424b-9868-57a2d4851a1d" />
    <TestEntry testId="7dec1179-eee2-fa94-5da7-099c0e6c3451" executionId="f678669e-19b4-42a8-88aa-bfd70e284fc1" testListId="8c84fa94-04c1-424b-9868-57a2d4851a1d" />
    <TestEntry testId="7beb1d45-b2f9-3ce6-acac-11111dd263b6" executionId="5c51cd28-f0e3-4dca-aa5b-e47d42beb57b" testListId="8c84fa94-04c1-424b-9868-57a2d4851a1d" />
    <TestEntry testId="0f01db86-94cf-3b40-a1fd-a3d559461236" executionId="83155f61-7491-49b6-91e0-d85dae7f9712" testListId="8c84fa94-04c1-424b-9868-57a2d4851a1d" />
    <TestEntry testId="60ae1216-f4f8-6b00-f4c4-045e3d712ab9" executionId="df39d10b-757e-4cbf-a92a-9f1ea86a815a" testListId="8c84fa94-04c1-424b-9868-57a2d4851a1d" />
    <TestEntry testId="19e5591a-1631-c4d0-c9a6-ceae072f9278" executionId="b2be59a8-b331-4f2c-aa5c-7925948b47de" testListId="8c84fa94-04c1-424b-9868-57a2d4851a1d" />
    <TestEntry testId="da7afe93-5f9e-e644-ee17-d8f62724b065" executionId="f53db901-f8b8-4bab-b67f-f6384ae421a2" testListId="8c84fa94-04c1-424b-9868-57a2d4851a1d" />
    <TestEntry testId="8266f92d-e581-75a5-bb2e-4504a7b93262" executionId="e635a18e-dcfd-4641-9a8f-00f24854be3e" testListId="8c84fa94-04c1-424b-9868-57a2d4851a1d" />
    <TestEntry testId="1cbf8c80-94c3-2ec1-b0e8-bab269a8bc81" executionId="1394a2f9-ac59-4c97-9c2e-c82af965db91" testListId="8c84fa94-04c1-424b-9868-57a2d4851a1d" />
    <TestEntry testId="ccaa3c83-5d1b-ce5f-4059-289c1ce0cfc6" executionId="6673bf36-091d-45c8-b7d5-21fc5e33b205" testListId="8c84fa94-04c1-424b-9868-57a2d4851a1d" />
    <TestEntry testId="525b9b8a-dc35-c682-c75e-37fc41131ae6" executionId="c49cc184-8000-45bf-8b72-9440fa53c389" testListId="8c84fa94-04c1-424b-9868-57a2d4851a1d" />
    <TestEntry testId="03080019-5681-3ce2-8630-2dd43ec7dd80" executionId="6b994848-f0a0-4538-ab1e-daa30fb01a0f" testListId="8c84fa94-04c1-424b-9868-57a2d4851a1d" />
    <TestEntry testId="4bac3f4f-5c26-53a7-2b63-bc2e982bfcd0" executionId="2baec136-ce5f-4a4a-a25d-83d8356141b7" testListId="8c84fa94-04c1-424b-9868-57a2d4851a1d" />
    <TestEntry testId="93b4d200-60a7-c4a5-e8f1-e8a503bfc2a3" executionId="1d953589-0bda-46d3-b91c-1b8355057eb7" testListId="8c84fa94-04c1-424b-9868-57a2d4851a1d" />
    <TestEntry testId="6c5f321c-3892-4b16-73e5-6819c0fa06e9" executionId="2a7da5ca-88c2-4b2c-8342-012b622dd2c6" testListId="8c84fa94-04c1-424b-9868-57a2d4851a1d" />
    <TestEntry testId="7eb1da94-1ce2-6d2d-984a-cd4d2f71d0f2" executionId="48d1d286-8e4c-470d-88ae-9cb926901f86" testListId="8c84fa94-04c1-424b-9868-57a2d4851a1d" />
    <TestEntry testId="dafb9c59-4deb-eceb-485d-d78754e3bb3d" executionId="eb431019-d84f-4803-bc20-6fea6f1e39c3" testListId="8c84fa94-04c1-424b-9868-57a2d4851a1d" />
    <TestEntry testId="ae1b0e5a-9751-6ec2-a50c-37544beb22df" executionId="a8526311-742c-4229-ae85-8c453c540b42" testListId="8c84fa94-04c1-424b-9868-57a2d4851a1d" />
    <TestEntry testId="46201051-8998-885f-f96c-6e7e1db6ebbf" executionId="754c19a7-282c-4355-a99d-402f157f2ac6" testListId="8c84fa94-04c1-424b-9868-57a2d4851a1d" />
    <TestEntry testId="95479c3f-3365-f81a-28bd-bfc5cc121e21" executionId="26b95a05-3f29-4a58-b498-d5fd8c8dbd95" testListId="8c84fa94-04c1-424b-9868-57a2d4851a1d" />
    <TestEntry testId="9107236d-d734-f374-4ead-dfd7b705c5ba" executionId="b0d7c1ba-514e-42e7-87de-5000daacbd20" testListId="8c84fa94-04c1-424b-9868-57a2d4851a1d" />
    <TestEntry testId="95f8e000-3ba5-e2a7-1692-54b2972a33db" executionId="f70a3a9f-6dc8-4ef7-9489-3a5e31e31dad" testListId="8c84fa94-04c1-424b-9868-57a2d4851a1d" />
    <TestEntry testId="e871f69c-166e-d899-2060-09cc2f7bdee0" executionId="6942c3e0-49fc-4d06-bb2f-b68083610013" testListId="8c84fa94-04c1-424b-9868-57a2d4851a1d" />
    <TestEntry testId="579cefdc-1285-49a6-5465-b30a2f09f831" executionId="443b8be9-32a7-429b-96e2-fa7a6d10092b" testListId="8c84fa94-04c1-424b-9868-57a2d4851a1d" />
    <TestEntry testId="7b5fe27a-185c-b6c0-b856-dac5483bd5d8" executionId="4df780bf-88f4-4fd0-83f1-2bc6dd4abf71" testListId="8c84fa94-04c1-424b-9868-57a2d4851a1d" />
    <TestEntry testId="a8a1177c-65d4-f665-d2f6-84b5f84d7826" executionId="a4463779-94ab-4540-982e-6ceed05e3e5f" testListId="8c84fa94-04c1-424b-9868-57a2d4851a1d" />
    <TestEntry testId="7d6376a8-19a6-b812-8c3c-f3e9a6e14d5a" executionId="f4bf79ab-74a1-4b83-82bc-54098c9adba8" testListId="8c84fa94-04c1-424b-9868-57a2d4851a1d" />
    <TestEntry testId="5a579627-9ef0-b996-872a-63ac1117a53a" executionId="4f6ca65f-6a4d-4966-b8ff-9948b63f5c21" testListId="8c84fa94-04c1-424b-9868-57a2d4851a1d" />
    <TestEntry testId="0ec68ff8-bcd6-2c1f-5582-11822f574a1b" executionId="c285ab8c-d0b9-4556-a599-8d8eb1d9b1fd" testListId="8c84fa94-04c1-424b-9868-57a2d4851a1d" />
    <TestEntry testId="66042806-c8a6-bd56-a38a-6786eac991dd" executionId="be73c356-6b40-40a8-ad0a-76a00f802806" testListId="8c84fa94-04c1-424b-9868-57a2d4851a1d" />
    <TestEntry testId="6c3abf86-27c2-e58e-93b6-ed71048c4a53" executionId="339cc815-e045-44aa-82fd-b13fe06f38cb" testListId="8c84fa94-04c1-424b-9868-57a2d4851a1d" />
    <TestEntry testId="eae726ea-ad96-e1f1-c7ca-d531b520535a" executionId="1610456b-c5e4-4a4d-bd12-242cb4187f77" testListId="8c84fa94-04c1-424b-9868-57a2d4851a1d" />
    <TestEntry testId="6489cf79-7398-4703-1fb8-90649bb5e08a" executionId="8f6b25d0-ba4c-4816-b937-59dd1810c8a5" testListId="8c84fa94-04c1-424b-9868-57a2d4851a1d" />
    <TestEntry testId="fb86bbe9-b22e-d56e-a772-aac14a596077" executionId="c0ace125-f0a6-4e38-946d-b6f345c59ccc" testListId="8c84fa94-04c1-424b-9868-57a2d4851a1d" />
    <TestEntry testId="42a10cab-52d6-2423-2dbb-2f996d386821" executionId="e6632888-2e09-4128-8576-b2c673823f94" testListId="8c84fa94-04c1-424b-9868-57a2d4851a1d" />
    <TestEntry testId="6105d136-097e-2af1-996a-858985393c60" executionId="bac682a7-cdc1-486a-b5a6-530dc476663c" testListId="8c84fa94-04c1-424b-9868-57a2d4851a1d" />
    <TestEntry testId="2f10f867-42dc-5abf-9137-8ff312c22506" executionId="90af0cdd-64a8-41f5-8088-2adb6cdd9725" testListId="8c84fa94-04c1-424b-9868-57a2d4851a1d" />
    <TestEntry testId="d4f57a1a-368c-f019-fb17-a0e7731624b1" executionId="432b9d81-353d-45f9-b33e-8fa505ce97a2" testListId="8c84fa94-04c1-424b-9868-57a2d4851a1d" />
    <TestEntry testId="9092dab4-904e-9739-f876-0b245e77c9c7" executionId="f769f0df-3901-4a18-b8dd-8ccfc40d567f" testListId="8c84fa94-04c1-424b-9868-57a2d4851a1d" />
    <TestEntry testId="02fd2bfc-16a5-c887-4e9e-ab959744df30" executionId="69c6db7c-84a4-4eda-9c05-ba4e470181d9" testListId="8c84fa94-04c1-424b-9868-57a2d4851a1d" />
    <TestEntry testId="883d8df5-a937-843c-875c-56710586893b" executionId="4f51f556-3cce-4edf-a29a-fe392f85c560" testListId="8c84fa94-04c1-424b-9868-57a2d4851a1d" />
    <TestEntry testId="ad15feb4-f8fd-7a5b-4855-197bcbe1921d" executionId="120c8744-a7af-4070-8190-727b239f0010" testListId="8c84fa94-04c1-424b-9868-57a2d4851a1d" />
    <TestEntry testId="c73bedc8-3b2e-54e6-a4da-2f94dce108d2" executionId="07fff117-24db-4832-a050-1cba6ad13f7f" testListId="8c84fa94-04c1-424b-9868-57a2d4851a1d" />
    <TestEntry testId="4dcfd13e-e80d-3ae2-2685-11e971133d7e" executionId="c94a5f0d-8612-4c59-ab37-9aee9f624211" testListId="8c84fa94-04c1-424b-9868-57a2d4851a1d" />
    <TestEntry testId="639496c7-388a-a84a-e23f-567d9798eca7" executionId="0ff6dcd6-759c-4c79-8de5-be84ca4415df" testListId="8c84fa94-04c1-424b-9868-57a2d4851a1d" />
    <TestEntry testId="297bf8b1-3a76-8c37-94a7-3d459e5d6d22" executionId="c26e7c90-60d2-47dd-be23-3eb0d6cd9736" testListId="8c84fa94-04c1-424b-9868-57a2d4851a1d" />
    <TestEntry testId="fcda3bf5-d946-ffb2-7dec-1a9a6c8e3bbd" executionId="45c26984-71d4-4edd-90f4-9f23190950b6" testListId="8c84fa94-04c1-424b-9868-57a2d4851a1d" />
    <TestEntry testId="69e2a4d3-1b28-a643-4107-b791dbef4d7f" executionId="c1b140ad-176a-4152-a80c-d1314dfbefe5" testListId="8c84fa94-04c1-424b-9868-57a2d4851a1d" />
    <TestEntry testId="f32b48a1-9dba-8cf3-587d-95d6253b660e" executionId="228d6b75-f954-492c-8ca4-c70d9d202ec7" testListId="8c84fa94-04c1-424b-9868-57a2d4851a1d" />
    <TestEntry testId="76becc9e-1e4c-85c9-a191-07e6217ba6f5" executionId="3ed18c2b-95d8-4cdb-8b88-93e5b3a68262" testListId="8c84fa94-04c1-424b-9868-57a2d4851a1d" />
    <TestEntry testId="601fdee9-f223-768f-8645-d728cc96933e" executionId="3c72624c-bd7a-4876-b26d-f9b88ba64153" testListId="8c84fa94-04c1-424b-9868-57a2d4851a1d" />
    <TestEntry testId="7bc0bbeb-61dd-1dbf-6a3f-a983237cd5ef" executionId="9f318a08-41a0-4f83-93cd-ad61b1065bb6" testListId="8c84fa94-04c1-424b-9868-57a2d4851a1d" />
    <TestEntry testId="391cd4ba-c48b-0b4e-8a3e-53e402099f58" executionId="58f061a4-d794-4d5d-9f46-5ac2621d88ab" testListId="8c84fa94-04c1-424b-9868-57a2d4851a1d" />
    <TestEntry testId="18e51b80-8f0a-97fd-f36b-65341c3d019b" executionId="55efa008-69a3-4f4a-a398-2306f3c2f20b" testListId="8c84fa94-04c1-424b-9868-57a2d4851a1d" />
    <TestEntry testId="a421e850-c287-4788-1489-affb91c8724e" executionId="e1dbeafc-416a-45cd-90cc-b95a17616f18" testListId="8c84fa94-04c1-424b-9868-57a2d4851a1d" />
    <TestEntry testId="d75321e8-0e5a-80fb-c42d-dd5e0a0950e9" executionId="e661cc7c-0246-4431-bc12-1c46bb263122" testListId="8c84fa94-04c1-424b-9868-57a2d4851a1d" />
    <TestEntry testId="034b013a-a81a-ad66-663b-4a11db95f39e" executionId="28bc45d1-f8e8-4bb1-a28a-ee47d3681076" testListId="8c84fa94-04c1-424b-9868-57a2d4851a1d" />
    <TestEntry testId="4b79d86c-13be-8c44-a83b-e4778b52ca96" executionId="63a06e20-9526-4d0c-83dc-e524e00b7114" testListId="8c84fa94-04c1-424b-9868-57a2d4851a1d" />
    <TestEntry testId="ab8b2bdc-fcdf-a227-9aa9-2de69a4f993d" executionId="ea045251-b601-487b-8638-b98a22f4ee3e" testListId="8c84fa94-04c1-424b-9868-57a2d4851a1d" />
    <TestEntry testId="068d3dbd-f792-4a74-80fd-4b276c449dbd" executionId="3ebbc992-72f8-4e8b-b8f5-7cb4aec4dea1" testListId="8c84fa94-04c1-424b-9868-57a2d4851a1d" />
    <TestEntry testId="a522e917-770e-f5b4-c711-d74ff56893b7" executionId="a91350b2-5cc0-4ff2-b4d9-a2c0669e5353" testListId="8c84fa94-04c1-424b-9868-57a2d4851a1d" />
    <TestEntry testId="f8f7b224-085f-34b4-7c2b-3e82bf61f9e6" executionId="e7fdfa63-7e84-4545-a406-c0808580412f" testListId="8c84fa94-04c1-424b-9868-57a2d4851a1d" />
    <TestEntry testId="8473d434-297b-838f-63b6-6e231f7ca144" executionId="d8a8efb0-7959-456b-bede-9c4a91f5c1ba" testListId="8c84fa94-04c1-424b-9868-57a2d4851a1d" />
    <TestEntry testId="abe00e23-df5b-5f75-6989-af961829c440" executionId="e885987a-fdcb-4b0a-8698-08049d4baaa3" testListId="8c84fa94-04c1-424b-9868-57a2d4851a1d" />
    <TestEntry testId="e57a6700-807c-7140-e9f8-1569c0bdd6f3" executionId="c9910d85-988a-4daa-b61b-591d352f4ac7" testListId="8c84fa94-04c1-424b-9868-57a2d4851a1d" />
    <TestEntry testId="709f3ad7-4e19-8615-d7df-07ba30361371" executionId="031c0bbc-cf02-4880-8e3a-39ad898772c1" testListId="8c84fa94-04c1-424b-9868-57a2d4851a1d" />
    <TestEntry testId="815df831-608b-a7d8-9c28-fa416168dea4" executionId="702f35a0-140b-47a1-9420-35f12ceaf1f1" testListId="8c84fa94-04c1-424b-9868-57a2d4851a1d" />
    <TestEntry testId="e23a3200-450c-a180-bf2d-b14626d87370" executionId="0402add7-ae64-4fb0-8318-b871dce616cd" testListId="8c84fa94-04c1-424b-9868-57a2d4851a1d" />
    <TestEntry testId="efcaab1a-d58c-01f3-aaa5-0796b92e35c8" executionId="bbd599cc-9d1d-468a-a1b3-b42cc1d0f090" testListId="8c84fa94-04c1-424b-9868-57a2d4851a1d" />
    <TestEntry testId="0fdedd46-6834-8598-ebf3-651f4b30d69a" executionId="ec24fb2e-b045-4c83-a57b-0520517eb79f" testListId="8c84fa94-04c1-424b-9868-57a2d4851a1d" />
    <TestEntry testId="1b93e0bb-33ed-dd7a-4968-e35c3504d6a8" executionId="72d99d34-60e3-4e53-b706-407c67508ebc" testListId="8c84fa94-04c1-424b-9868-57a2d4851a1d" />
    <TestEntry testId="93f295d6-8e86-df7b-fa00-b500211f45da" executionId="43a62857-a38a-46a7-8cb1-6f59dc3034cd" testListId="8c84fa94-04c1-424b-9868-57a2d4851a1d" />
    <TestEntry testId="b6384f39-b3d4-de2f-a83f-b06426b33ab0" executionId="9190c536-fee3-4a5b-a057-53f9a9cb847a" testListId="8c84fa94-04c1-424b-9868-57a2d4851a1d" />
    <TestEntry testId="71e647b9-b3e6-2b31-24b9-2273003b38e4" executionId="7e43a156-d1ad-493b-86c7-aaff336f613f" testListId="8c84fa94-04c1-424b-9868-57a2d4851a1d" />
    <TestEntry testId="b23fbb20-fbb6-28da-dab1-c344c6d03b58" executionId="c4fa3955-8853-4e68-8df4-dbed5a8dd6bb" testListId="8c84fa94-04c1-424b-9868-57a2d4851a1d" />
    <TestEntry testId="b5d84d04-24a2-eb33-edd6-025bff392c00" executionId="a8fd5893-bf7f-49f5-b117-bdb9ea43b369" testListId="8c84fa94-04c1-424b-9868-57a2d4851a1d" />
    <TestEntry testId="ee0027fb-4759-9ed1-4aca-5847f80c07d1" executionId="15f77017-6d92-44ea-9b57-2f68faaac7df" testListId="8c84fa94-04c1-424b-9868-57a2d4851a1d" />
    <TestEntry testId="a92118ae-2875-7edc-c322-7d5e85972741" executionId="b8672f16-bd9e-43d3-a632-1c10faa1fda8" testListId="8c84fa94-04c1-424b-9868-57a2d4851a1d" />
    <TestEntry testId="8c2c804c-8aad-6d08-b0ae-d985017cb328" executionId="cce6891d-76ee-43f4-b996-2b384dd309fb" testListId="8c84fa94-04c1-424b-9868-57a2d4851a1d" />
    <TestEntry testId="1dff61d3-34c0-5ac1-dca2-cb7ce7ae9edd" executionId="91210401-8cc2-4d88-8960-dcce56c859dc" testListId="8c84fa94-04c1-424b-9868-57a2d4851a1d" />
    <TestEntry testId="0e5b3111-01f7-b24a-6810-1a9402cdc605" executionId="e5011e32-087a-4748-b8e3-3827a9b95b6f" testListId="8c84fa94-04c1-424b-9868-57a2d4851a1d" />
    <TestEntry testId="601153eb-5271-665b-436d-f187a3541d40" executionId="f87ce030-da58-4a4d-8ecc-5aa90e33937a" testListId="8c84fa94-04c1-424b-9868-57a2d4851a1d" />
    <TestEntry testId="150ce5c0-ec6f-a8a5-92e5-bb1a3bd6ce85" executionId="42815345-3c43-47e1-bceb-4ed96aac7097" testListId="8c84fa94-04c1-424b-9868-57a2d4851a1d" />
    <TestEntry testId="85999ceb-c7e0-9b54-df39-198a5f4bb935" executionId="44f1b282-05c5-4bec-ba81-f40ab547fc7c" testListId="8c84fa94-04c1-424b-9868-57a2d4851a1d" />
    <TestEntry testId="4919b0df-aa86-3ff5-5c9d-2d9e132274a2" executionId="c9e4a7c2-c238-4580-ba8e-9ba258d642d9" testListId="8c84fa94-04c1-424b-9868-57a2d4851a1d" />
    <TestEntry testId="7b4171ae-a03d-93ff-7c69-5778e77fd552" executionId="2d135123-ec01-4a50-ac0b-77c0bf730b74" testListId="8c84fa94-04c1-424b-9868-57a2d4851a1d" />
    <TestEntry testId="17b7c848-bd3d-0746-890b-7f7afd0444b6" executionId="afbba840-14d6-4ad9-a13b-4bf4204863b4" testListId="8c84fa94-04c1-424b-9868-57a2d4851a1d" />
    <TestEntry testId="aae4fb24-f554-3152-a299-2f303061b61e" executionId="86d763a8-2ea9-487d-86c0-e5f14faef621" testListId="8c84fa94-04c1-424b-9868-57a2d4851a1d" />
    <TestEntry testId="33ba377d-e68f-5080-8ea9-4564c579f416" executionId="bac54d08-8b50-49c1-8795-3c8af9a8bfd8" testListId="8c84fa94-04c1-424b-9868-57a2d4851a1d" />
    <TestEntry testId="5d08d3ae-03ea-1a7e-0828-74bbb650a574" executionId="302d9cac-f60f-4130-9a6f-49d5b349a9eb" testListId="8c84fa94-04c1-424b-9868-57a2d4851a1d" />
    <TestEntry testId="848fdcfd-00e6-2e58-a2ed-e6361a3a4ccf" executionId="86f49cdf-5d89-422d-8ba7-37e5d22772d1" testListId="8c84fa94-04c1-424b-9868-57a2d4851a1d" />
    <TestEntry testId="b5d4fa4d-43f6-ed4c-1ebe-1028a35c3207" executionId="7581d013-1d25-4c53-b797-0d18ecd9f268" testListId="8c84fa94-04c1-424b-9868-57a2d4851a1d" />
    <TestEntry testId="0b677cef-dffb-d7e8-8796-c9f58ef238e3" executionId="35de35c3-9b21-441a-bfa6-ce8e3c8d789d" testListId="8c84fa94-04c1-424b-9868-57a2d4851a1d" />
    <TestEntry testId="3e9c502b-35d8-3ce9-17a4-a57106505143" executionId="8a5cff10-2a97-4bcf-a016-b27e4973a754" testListId="8c84fa94-04c1-424b-9868-57a2d4851a1d" />
    <TestEntry testId="d812f365-14a5-d0a4-d872-df8d8d5bb670" executionId="223093d4-65ac-44e1-ab33-86b244360dce" testListId="8c84fa94-04c1-424b-9868-57a2d4851a1d" />
    <TestEntry testId="67659ca1-ac92-6bcc-2bb5-72e6a6541ab7" executionId="2d3e285f-ed08-4f5f-b809-3dda83a069cd" testListId="8c84fa94-04c1-424b-9868-57a2d4851a1d" />
    <TestEntry testId="3c488412-7332-e4c1-0fae-4af5f8b50c1a" executionId="8ef6246b-514e-4398-ac9a-713d7581c30a" testListId="8c84fa94-04c1-424b-9868-57a2d4851a1d" />
    <TestEntry testId="e78fe577-197c-bbd5-7ab5-8679a236f69f" executionId="d718ad98-a7bb-4a2d-a8db-58e964fd2401" testListId="8c84fa94-04c1-424b-9868-57a2d4851a1d" />
    <TestEntry testId="eca6b0bf-94f2-dc28-1140-8fce9c0681a0" executionId="861e66ad-74ab-459c-aebf-6dcccf73b193" testListId="8c84fa94-04c1-424b-9868-57a2d4851a1d" />
    <TestEntry testId="e0402f72-9377-b948-a288-28d4fcfc4f9b" executionId="5c6a53eb-70f5-430f-909a-dbe2a5a3ffeb" testListId="8c84fa94-04c1-424b-9868-57a2d4851a1d" />
    <TestEntry testId="e897475a-565a-d220-02fb-7a22190de11f" executionId="2cbb5512-d6d3-44dc-8863-d0ad64a06414" testListId="8c84fa94-04c1-424b-9868-57a2d4851a1d" />
    <TestEntry testId="6e51c1a4-c47e-8215-41d4-b6192fc399a7" executionId="90a93de5-ed30-480d-b8c2-e225097bd99f" testListId="8c84fa94-04c1-424b-9868-57a2d4851a1d" />
    <TestEntry testId="18a5d991-6a62-bd7d-3d37-6bc0e28957ce" executionId="8afc7b7a-9c2d-4eb0-a43d-a5cf1de45398" testListId="8c84fa94-04c1-424b-9868-57a2d4851a1d" />
    <TestEntry testId="c3f336f9-64d8-483d-f756-b051b29d09c0" executionId="c7fc9fef-6d09-4077-b13e-0ce825524c56" testListId="8c84fa94-04c1-424b-9868-57a2d4851a1d" />
    <TestEntry testId="48c7c2f7-e5d2-ef94-1a3f-20ddea55e26b" executionId="678a8db7-3acf-4e5e-8a92-ee784f26b91d" testListId="8c84fa94-04c1-424b-9868-57a2d4851a1d" />
    <TestEntry testId="ab2c1fba-ddcb-1900-197d-3f9d3fc16360" executionId="d66edd33-69da-4494-bc2b-a5bf04744fbb" testListId="8c84fa94-04c1-424b-9868-57a2d4851a1d" />
    <TestEntry testId="899e6aca-dd8a-ca3a-7348-95cefdb66bfb" executionId="701dc1c7-3bb2-46f9-b3f3-653511aeccfb" testListId="8c84fa94-04c1-424b-9868-57a2d4851a1d" />
    <TestEntry testId="8bdc4f90-77a8-478b-b52c-9da6b7c1e9c9" executionId="9597b323-b31d-418f-9e24-161f4db2fb3b" testListId="8c84fa94-04c1-424b-9868-57a2d4851a1d" />
    <TestEntry testId="1cfd503a-2a2f-f054-566c-b2432833b5b0" executionId="fc1f6bbc-c149-4359-ad96-e28418a99741" testListId="8c84fa94-04c1-424b-9868-57a2d4851a1d" />
    <TestEntry testId="a4ad3799-a270-f12c-0f00-e20e2f12acdd" executionId="b1a08439-fd00-416e-8ab3-73c30d2288e5" testListId="8c84fa94-04c1-424b-9868-57a2d4851a1d" />
    <TestEntry testId="cbe39397-87a0-2910-ca84-58383bad57ff" executionId="a6a60d08-df3d-4176-9d82-e1907dd39791" testListId="8c84fa94-04c1-424b-9868-57a2d4851a1d" />
    <TestEntry testId="6ee7a2b3-6420-c554-9de7-1720065e8cec" executionId="3359599e-68d8-493b-a199-bc6ec586220d" testListId="8c84fa94-04c1-424b-9868-57a2d4851a1d" />
    <TestEntry testId="e86472bf-e214-2b20-76f5-45745554fad7" executionId="77acb473-4c4a-4245-a4c5-2a89ef295b46" testListId="8c84fa94-04c1-424b-9868-57a2d4851a1d" />
    <TestEntry testId="e0267b14-97a9-0d32-c9f5-896dabd96fde" executionId="92cde8c3-7c74-46a7-9d15-a4abbeba7814" testListId="8c84fa94-04c1-424b-9868-57a2d4851a1d" />
    <TestEntry testId="3fec57b9-8697-e7a2-5cc7-23347c0320cb" executionId="304c7544-cae0-4663-9424-396756e48271" testListId="8c84fa94-04c1-424b-9868-57a2d4851a1d" />
    <TestEntry testId="597025ee-fec5-9b13-b948-e15cb8c652bb" executionId="d7bc91eb-a2a1-4874-9f36-7555ff3a2e57" testListId="8c84fa94-04c1-424b-9868-57a2d4851a1d" />
    <TestEntry testId="0cdbe09b-5b02-9284-150e-310395196ca9" executionId="d4851a37-4616-49fd-adc3-686244e37201" testListId="8c84fa94-04c1-424b-9868-57a2d4851a1d" />
    <TestEntry testId="26b36980-26fa-feaa-eeda-467cb17b47b3" executionId="14541186-d626-4ae9-8ecc-438f8b1999de" testListId="8c84fa94-04c1-424b-9868-57a2d4851a1d" />
    <TestEntry testId="ade8bde1-d507-344c-09f7-848e53c880d7" executionId="5305552c-368e-4422-9de7-087606b04d01" testListId="8c84fa94-04c1-424b-9868-57a2d4851a1d" />
    <TestEntry testId="a746b676-bd57-b7d7-68d2-852b9bca4e8d" executionId="2d4e8468-7fe3-4571-89e7-bf2a4ed7567c" testListId="8c84fa94-04c1-424b-9868-57a2d4851a1d" />
    <TestEntry testId="3d5f1c08-3797-41ba-2b77-d2369ea0e848" executionId="3e3a510e-b133-42ee-829c-f9694534235c" testListId="8c84fa94-04c1-424b-9868-57a2d4851a1d" />
    <TestEntry testId="a089f9e5-4bec-b582-acfc-39a14dd75252" executionId="4fb13c1d-b19e-4f27-ae42-277860ece8c5" testListId="8c84fa94-04c1-424b-9868-57a2d4851a1d" />
    <TestEntry testId="23721fe5-9ee6-82b6-d99b-fc80796a2eba" executionId="e90a9439-6ae6-4a4b-807a-33b101eca8a3" testListId="8c84fa94-04c1-424b-9868-57a2d4851a1d" />
    <TestEntry testId="b1cd993d-7313-5ad0-b39e-9f1aa78bc82d" executionId="019e6c4a-ee23-4cbe-b4c3-a10edc4b9dcc" testListId="8c84fa94-04c1-424b-9868-57a2d4851a1d" />
    <TestEntry testId="3a93a51a-c148-1d02-8f4b-13468c757678" executionId="8fe0e1da-344d-4d6c-a1b0-93a0f8e004b9" testListId="8c84fa94-04c1-424b-9868-57a2d4851a1d" />
    <TestEntry testId="e7bba644-c651-71b0-f2c6-7f5814caa7e2" executionId="5f4c93ec-6e48-46f9-8b23-71041eb28215" testListId="8c84fa94-04c1-424b-9868-57a2d4851a1d" />
    <TestEntry testId="27514d22-063a-2899-009e-1b76a88c43a9" executionId="86f883d2-241c-4cba-a30f-9624a06a85f1" testListId="8c84fa94-04c1-424b-9868-57a2d4851a1d" />
    <TestEntry testId="cacb4937-95e1-1710-534d-b2d54b278d0c" executionId="6e7f18b1-63d0-4ce3-b271-3adb1455a557" testListId="8c84fa94-04c1-424b-9868-57a2d4851a1d" />
    <TestEntry testId="58cec2fa-25a5-3785-4c9d-c8c6dad46cee" executionId="ca32c0ab-44a9-4930-aa4f-895c4520455d" testListId="8c84fa94-04c1-424b-9868-57a2d4851a1d" />
    <TestEntry testId="353af7cb-1a1e-cda6-3bd5-1805a8fdcf5d" executionId="a75b70a3-6f73-4f3d-9a4b-5783807dc21f" testListId="8c84fa94-04c1-424b-9868-57a2d4851a1d" />
    <TestEntry testId="304b77ec-fc19-406b-4850-5808e5d0243d" executionId="b0c0de69-7101-4a77-a2ea-3a8052b8561a" testListId="8c84fa94-04c1-424b-9868-57a2d4851a1d" />
    <TestEntry testId="74651ac2-e00f-92e8-ff9b-d39647d9a271" executionId="459e0377-4c07-4029-ada8-ebef698e8db6" testListId="8c84fa94-04c1-424b-9868-57a2d4851a1d" />
    <TestEntry testId="e776d51f-5a00-c228-adb8-2f497b9621e5" executionId="5bfefd33-0595-438c-9004-094dfed04ac5" testListId="8c84fa94-04c1-424b-9868-57a2d4851a1d" />
    <TestEntry testId="8a7e2a5a-b3b1-b936-6f36-5a1d091bcdc6" executionId="258a3d6a-2b4c-4bc5-a596-da6c0a2cf596" testListId="8c84fa94-04c1-424b-9868-57a2d4851a1d" />
    <TestEntry testId="65550164-3705-10e4-aab2-4f1a75804571" executionId="5416df88-4660-4677-bbe9-f9ba59581d3e" testListId="8c84fa94-04c1-424b-9868-57a2d4851a1d" />
    <TestEntry testId="7d1aaa36-3199-455c-0527-ac90899cbd4b" executionId="711326a8-8962-4074-8e5a-83d72d8cf0a6" testListId="8c84fa94-04c1-424b-9868-57a2d4851a1d" />
    <TestEntry testId="f166a045-f3e3-f66b-b395-0e361e37a9fe" executionId="dafcb894-1ad4-4cd9-805f-d73b60b58f29" testListId="8c84fa94-04c1-424b-9868-57a2d4851a1d" />
    <TestEntry testId="0461b81f-9ef8-c4ca-9df0-2eaf28bf10e0" executionId="501e62d1-c1d0-45ef-9574-80e2a56890bc" testListId="8c84fa94-04c1-424b-9868-57a2d4851a1d" />
    <TestEntry testId="2e82cae1-4a04-cc61-b41b-8d1fead82e72" executionId="1bfae4df-fe72-4c25-b1d9-65ed277e377f" testListId="8c84fa94-04c1-424b-9868-57a2d4851a1d" />
    <TestEntry testId="e5e8d614-1f1c-d660-4f2e-468f69745890" executionId="7606e60f-a7dc-46c4-b6b1-d7c58ea0d59b" testListId="8c84fa94-04c1-424b-9868-57a2d4851a1d" />
    <TestEntry testId="50f497cc-80ab-e360-a8c8-bf2e2dd84698" executionId="555f289d-9b6f-49a4-be8d-58f13553d2d5" testListId="8c84fa94-04c1-424b-9868-57a2d4851a1d" />
    <TestEntry testId="4ac18af5-dcd0-6fcb-32ee-6714d9bb6bc1" executionId="ab4037f1-cdac-4aa9-874e-7f72a03c82e8" testListId="8c84fa94-04c1-424b-9868-57a2d4851a1d" />
    <TestEntry testId="a1477180-0c03-ae3a-b703-3248bd9bbe56" executionId="a11a77fb-0d5a-4ede-80d6-1566d7551eec" testListId="8c84fa94-04c1-424b-9868-57a2d4851a1d" />
    <TestEntry testId="efc43898-75b5-8b91-f9a9-1c01d4ce0745" executionId="c4f78ccf-5aad-4ca8-9fc1-5fffea84b021" testListId="8c84fa94-04c1-424b-9868-57a2d4851a1d" />
    <TestEntry testId="cefa4e19-5590-bab1-e575-4886cc8e2a57" executionId="464d2d2f-1ac7-4b7e-b270-0f9ea3dec545" testListId="8c84fa94-04c1-424b-9868-57a2d4851a1d" />
    <TestEntry testId="ee5a9f3c-7651-30db-e2d4-78c1cbf124fa" executionId="235d95eb-8bd7-401a-9765-0d2415928de6" testListId="8c84fa94-04c1-424b-9868-57a2d4851a1d" />
    <TestEntry testId="cac9dee8-2158-c973-652f-192379bdacee" executionId="e059aee6-7db0-41a1-8e4b-e4ed2bdfbdb0" testListId="8c84fa94-04c1-424b-9868-57a2d4851a1d" />
    <TestEntry testId="c95a30e8-f25a-a236-829f-271728eddca1" executionId="6e315fbc-99a5-4f0a-aecd-7de26b1d9b6a" testListId="8c84fa94-04c1-424b-9868-57a2d4851a1d" />
    <TestEntry testId="5655d584-e19e-8eef-5861-f48862292e74" executionId="8b721916-9db3-4cc6-be95-8912dc5d8eea" testListId="8c84fa94-04c1-424b-9868-57a2d4851a1d" />
    <TestEntry testId="9bb271d0-5466-cbe0-3fa2-4633de5f9669" executionId="3b9ecb7c-56a2-462d-9bd4-b041a77f4f3d" testListId="8c84fa94-04c1-424b-9868-57a2d4851a1d" />
    <TestEntry testId="e92fc10c-fb30-b21b-1115-fcf7253c35aa" executionId="451931ae-a445-4b2d-9e16-657fa02e34c6" testListId="8c84fa94-04c1-424b-9868-57a2d4851a1d" />
    <TestEntry testId="7966242b-d974-0b64-c59c-d020dbb5e761" executionId="9b49a99e-de34-49ec-9b5d-9f6c90a41fe2" testListId="8c84fa94-04c1-424b-9868-57a2d4851a1d" />
    <TestEntry testId="9aae1dad-0c68-f480-1b3c-ff63f29ca930" executionId="5eded2ca-75c2-4104-8073-8964faa2cf31" testListId="8c84fa94-04c1-424b-9868-57a2d4851a1d" />
    <TestEntry testId="0a07aa18-e58f-69f9-ea5c-287ee69f5e50" executionId="a3e0aecf-461c-468a-9c4e-b06989fdb477" testListId="8c84fa94-04c1-424b-9868-57a2d4851a1d" />
    <TestEntry testId="32236db3-5b10-cb60-6710-e897f6895176" executionId="20ecc3a9-af7e-4093-9a9d-3f624d10e322" testListId="8c84fa94-04c1-424b-9868-57a2d4851a1d" />
    <TestEntry testId="fd7e494d-611e-bfc7-6e2e-0b9aa90132e4" executionId="4b872a52-a9d5-4736-aa21-6170abcfda7f" testListId="8c84fa94-04c1-424b-9868-57a2d4851a1d" />
    <TestEntry testId="6891dd0b-bc83-91a2-f4f1-c5967c7b6b38" executionId="fa21983e-6305-410f-8ade-8ae9b3fe4800" testListId="8c84fa94-04c1-424b-9868-57a2d4851a1d" />
    <TestEntry testId="17ab976d-ec81-d8a4-0dca-8954c371741a" executionId="27de3ba7-fd43-4bd3-bd5e-0f0222928e69" testListId="8c84fa94-04c1-424b-9868-57a2d4851a1d" />
    <TestEntry testId="72723df0-292b-813b-6a25-bd4b93301bd7" executionId="cfaf0df3-108f-4d05-8434-be4550cb0116" testListId="8c84fa94-04c1-424b-9868-57a2d4851a1d" />
    <TestEntry testId="27bd9190-4948-ce5f-e027-af484941e259" executionId="c89f6ef9-2d2f-41e8-886e-87d924683754" testListId="8c84fa94-04c1-424b-9868-57a2d4851a1d" />
    <TestEntry testId="fdfbeb7c-11b3-3beb-c55a-8ea097db63c8" executionId="7929795b-6367-4e49-99d6-5ff6be2706dd" testListId="8c84fa94-04c1-424b-9868-57a2d4851a1d" />
    <TestEntry testId="2e11bbad-a552-5219-226e-7056b5ce7697" executionId="14d3b393-7b3e-454d-85fa-8105ab8d0040" testListId="8c84fa94-04c1-424b-9868-57a2d4851a1d" />
    <TestEntry testId="4b4812c6-0d0a-0ab1-819c-d86e04dc55c7" executionId="c656e2ed-8770-42cc-9e87-b12746be1e21" testListId="8c84fa94-04c1-424b-9868-57a2d4851a1d" />
    <TestEntry testId="fba16ff8-1dd9-2338-6b6e-5a87d4c6c9ea" executionId="c7e8d95c-ca91-4bf6-ac4b-f18c2eec384f" testListId="8c84fa94-04c1-424b-9868-57a2d4851a1d" />
    <TestEntry testId="809036b5-9cfc-f4b2-5ff3-932e18c30f49" executionId="7e72afe0-bfc6-4e3b-a684-9c43a94f18c4" testListId="8c84fa94-04c1-424b-9868-57a2d4851a1d" />
    <TestEntry testId="d7c9cab3-c1c9-6386-177d-a619c09ea26e" executionId="4fd34cf5-1b20-48be-aeb2-e15fe4633e08" testListId="8c84fa94-04c1-424b-9868-57a2d4851a1d" />
    <TestEntry testId="662c26bc-d19f-881f-5a3b-3b472bcbec47" executionId="19380f88-a8f6-4828-b290-f08abc4e07f1" testListId="8c84fa94-04c1-424b-9868-57a2d4851a1d" />
    <TestEntry testId="7fec68fb-a3c3-9ad7-9647-5083ca2a9c0b" executionId="18af5e2c-2338-4435-b77e-c6708d88de85" testListId="8c84fa94-04c1-424b-9868-57a2d4851a1d" />
    <TestEntry testId="fd159612-71b0-b743-33dd-3f4e86b87698" executionId="aa8c2394-e541-42d3-ae89-e91a3a605f98" testListId="8c84fa94-04c1-424b-9868-57a2d4851a1d" />
    <TestEntry testId="349de77d-bf20-d1d2-ca58-ede03ea4c589" executionId="638eddcf-bb21-4786-af3d-3ce54164e5fa" testListId="8c84fa94-04c1-424b-9868-57a2d4851a1d" />
    <TestEntry testId="082c7339-7cc5-7c47-9922-763ff1cc2ed7" executionId="b61407fc-0086-43a1-addd-bc5b21c30ecc" testListId="8c84fa94-04c1-424b-9868-57a2d4851a1d" />
    <TestEntry testId="f8e840e4-fd18-1301-16a5-670948fb1fdc" executionId="e41f7780-0e2d-46b9-b90a-124cff351fa1" testListId="8c84fa94-04c1-424b-9868-57a2d4851a1d" />
    <TestEntry testId="9d4d20ed-7122-1fba-7a07-68a842a1262a" executionId="27b04d2b-8bff-49a0-ba99-f95d6ef41a9c" testListId="8c84fa94-04c1-424b-9868-57a2d4851a1d" />
    <TestEntry testId="0e5f0a2e-368e-2490-7e26-f608a8254523" executionId="ccc9dc9c-226d-4d61-b66c-5867bbf22d69" testListId="8c84fa94-04c1-424b-9868-57a2d4851a1d" />
    <TestEntry testId="875088e7-68b6-f6e0-6a32-f2b4ed4c14b4" executionId="e665434b-b475-4e4c-b159-f266672ae722" testListId="8c84fa94-04c1-424b-9868-57a2d4851a1d" />
    <TestEntry testId="9cc5d565-f73b-a443-f68b-1e5854b6792c" executionId="7d171b83-ccf9-4809-8748-3e837f38ac3e" testListId="8c84fa94-04c1-424b-9868-57a2d4851a1d" />
    <TestEntry testId="7d736325-4dd1-ff28-0317-4dd9055f7865" executionId="1af03a46-577c-4e4b-a6f7-d5779c2e1b3e" testListId="8c84fa94-04c1-424b-9868-57a2d4851a1d" />
    <TestEntry testId="7b09c487-2fe1-4c0e-946d-ca6cc6caff6f" executionId="ef6bd82b-fe75-4894-982e-603e728bcdec" testListId="8c84fa94-04c1-424b-9868-57a2d4851a1d" />
    <TestEntry testId="bc21ff58-3b14-8973-0b02-2b4d21113581" executionId="adf635c3-ec81-4997-a163-6686abed7435" testListId="8c84fa94-04c1-424b-9868-57a2d4851a1d" />
    <TestEntry testId="a61cd15d-d694-4217-2314-94a75d5fde5d" executionId="86c9e990-968b-4fff-8256-cd3a07ad5b54" testListId="8c84fa94-04c1-424b-9868-57a2d4851a1d" />
    <TestEntry testId="fb7d87eb-067f-4711-53f9-9139d33021bd" executionId="f24f3d77-b25b-4796-938f-e22260bd0d83" testListId="8c84fa94-04c1-424b-9868-57a2d4851a1d" />
    <TestEntry testId="809dc7a8-ce61-aa44-fca3-16b8d5b0ec1d" executionId="d4f7a8d9-a1df-400d-8e62-3c012474f497" testListId="8c84fa94-04c1-424b-9868-57a2d4851a1d" />
    <TestEntry testId="79714c50-5eb1-d5d1-b32a-c7f10cf6fbe7" executionId="e88e86c4-960e-4518-81e6-8239a793fdc6" testListId="8c84fa94-04c1-424b-9868-57a2d4851a1d" />
    <TestEntry testId="90b2e005-acc5-1d6c-5a43-a78c5ff76120" executionId="6017b2d3-9294-43f2-9056-f320c6ad4215" testListId="8c84fa94-04c1-424b-9868-57a2d4851a1d" />
    <TestEntry testId="689ffc80-ae01-18fa-b138-8bae52645615" executionId="c77b8429-28d2-4048-9779-32361fdf3f48" testListId="8c84fa94-04c1-424b-9868-57a2d4851a1d" />
    <TestEntry testId="ad289964-2943-3eb9-099e-d632a52a571e" executionId="5e63aa74-6f1e-4482-99a1-3d2a125baf1f" testListId="8c84fa94-04c1-424b-9868-57a2d4851a1d" />
    <TestEntry testId="da11a2eb-6208-4f87-a0ec-cc4f270b7396" executionId="dfb483f4-0cb0-4316-a843-ece13a0c9bef" testListId="8c84fa94-04c1-424b-9868-57a2d4851a1d" />
    <TestEntry testId="b019235f-b6d9-c1e6-9ed6-84d1850247d9" executionId="1bcfd0c6-cfb4-4b92-8678-45d63a9d6545" testListId="8c84fa94-04c1-424b-9868-57a2d4851a1d" />
    <TestEntry testId="c636ae84-7c6c-cc08-2935-5ac732a93a48" executionId="8f719e11-326c-46f1-af84-d08d9e1e16cc" testListId="8c84fa94-04c1-424b-9868-57a2d4851a1d" />
    <TestEntry testId="99231236-53fd-bcc2-b2f1-35bf8c9f2cee" executionId="b1728d06-b3cd-4629-b957-d8ecdf15811c" testListId="8c84fa94-04c1-424b-9868-57a2d4851a1d" />
    <TestEntry testId="c2a6d61d-4f19-2ce9-e980-ef896a04601b" executionId="e144fb62-42bb-4d35-ae6e-f9b0be90692b" testListId="8c84fa94-04c1-424b-9868-57a2d4851a1d" />
    <TestEntry testId="13b7e519-447e-5e0e-9a3c-3c3335bd94f7" executionId="824a4f03-15b6-40e3-bc05-e6e97fbec6f6" testListId="8c84fa94-04c1-424b-9868-57a2d4851a1d" />
    <TestEntry testId="e08737b9-1fe6-529d-d946-521023a440a3" executionId="4fe6a4a4-7432-4715-85e4-a768eeca3a39" testListId="8c84fa94-04c1-424b-9868-57a2d4851a1d" />
    <TestEntry testId="8c4dc4e0-e4dd-8342-9276-c69c90a367a4" executionId="26375f42-a315-40bd-917c-79db2c0d6da0" testListId="8c84fa94-04c1-424b-9868-57a2d4851a1d" />
    <TestEntry testId="7f0a7865-cba7-e81e-fef8-04d0bb1f3e03" executionId="ce1473d9-058f-4b7c-9cac-4ced6e53fa70" testListId="8c84fa94-04c1-424b-9868-57a2d4851a1d" />
    <TestEntry testId="a2a392f4-9208-dadc-b9c5-6bcf7141eeef" executionId="bf483650-2878-4970-aae3-a61efa2d23f2" testListId="8c84fa94-04c1-424b-9868-57a2d4851a1d" />
    <TestEntry testId="352e150b-24db-9a0c-6e6c-53d48231945d" executionId="6d7c12aa-9586-409a-985a-650efce81165" testListId="8c84fa94-04c1-424b-9868-57a2d4851a1d" />
    <TestEntry testId="55bb454f-9cea-2d0c-9de8-1082887d5477" executionId="3c9789cc-e4af-4d7f-add4-ffa669a82ac1" testListId="8c84fa94-04c1-424b-9868-57a2d4851a1d" />
    <TestEntry testId="cd080ca0-655a-7010-db17-2d5a58bf5cf8" executionId="6cca1105-4596-4bcf-9162-aacfb677fee0" testListId="8c84fa94-04c1-424b-9868-57a2d4851a1d" />
    <TestEntry testId="a3b4422f-6936-c141-3538-498b4226ec66" executionId="e9ecc711-e5bf-466d-ac4a-0d8391dbbfa5" testListId="8c84fa94-04c1-424b-9868-57a2d4851a1d" />
    <TestEntry testId="9c62c3e7-261f-d123-cce8-f248d6add621" executionId="89cf473b-3506-444b-9983-bd809b2e1a6b" testListId="8c84fa94-04c1-424b-9868-57a2d4851a1d" />
    <TestEntry testId="46d28ad6-deb4-09da-ed2b-bf5fc6628fc8" executionId="a68c5922-f979-4ba4-bdbb-e71fe88f7d4f" testListId="8c84fa94-04c1-424b-9868-57a2d4851a1d" />
    <TestEntry testId="1cc79c2e-0aac-d055-10df-3245802c9312" executionId="d0076556-7abf-428c-9ccf-ce15f94a1157" testListId="8c84fa94-04c1-424b-9868-57a2d4851a1d" />
    <TestEntry testId="00c9367a-dbeb-babf-2048-916d2acdf4f7" executionId="6d9463c1-4cc2-459f-9e8d-76ba88dbd77a" testListId="8c84fa94-04c1-424b-9868-57a2d4851a1d" />
    <TestEntry testId="77fd3bc3-ca21-2bf7-1001-7b2d3bf56275" executionId="3fe7e3ec-7170-45bb-98ab-46de571502b2" testListId="8c84fa94-04c1-424b-9868-57a2d4851a1d" />
    <TestEntry testId="1e875ee1-ba06-caaa-f566-d5714d44dd68" executionId="50ac6e1e-c8a7-41b2-9098-9666288519f1" testListId="8c84fa94-04c1-424b-9868-57a2d4851a1d" />
    <TestEntry testId="9088f3dd-8dc4-c819-5b3a-457dd18ba798" executionId="3fe8ca5a-84b3-4106-bde6-6fea4a6df029" testListId="8c84fa94-04c1-424b-9868-57a2d4851a1d" />
    <TestEntry testId="952c328e-00b2-fcd1-1c6a-978b594935a5" executionId="8f122c84-99a4-4d99-b8d6-a943f602e620" testListId="8c84fa94-04c1-424b-9868-57a2d4851a1d" />
    <TestEntry testId="c596a6e3-f667-1ce9-a00b-5dac9db1c828" executionId="cc8ff63a-d997-4e4b-8224-56b7e963c6a3" testListId="8c84fa94-04c1-424b-9868-57a2d4851a1d" />
    <TestEntry testId="700b7243-2131-0478-6625-11e19a3b6196" executionId="5fc833f5-20a1-4e45-84a5-98ea5e01fec0" testListId="8c84fa94-04c1-424b-9868-57a2d4851a1d" />
    <TestEntry testId="5f3f9071-e72d-11e5-cfb2-09f868e8c2eb" executionId="9afb36df-c500-4350-b2de-9fa362db9a17" testListId="8c84fa94-04c1-424b-9868-57a2d4851a1d" />
    <TestEntry testId="18bc6132-d4be-24ab-ba89-49edeb609383" executionId="de4b172c-f73e-476d-9215-45d39cc5a068" testListId="8c84fa94-04c1-424b-9868-57a2d4851a1d" />
    <TestEntry testId="ed66a6cc-b05f-6df5-3242-4686b5f5f796" executionId="435197ef-a167-4246-a0ac-525e35cbeef3" testListId="8c84fa94-04c1-424b-9868-57a2d4851a1d" />
    <TestEntry testId="ca67437b-73b8-ceef-9445-52b4b58e5290" executionId="daf98233-464f-447c-83da-32b1b7b52871" testListId="8c84fa94-04c1-424b-9868-57a2d4851a1d" />
    <TestEntry testId="84c2e018-bfdb-d939-f8a3-ac81ef51563a" executionId="cb40763e-60bf-4225-af05-1ef13c829c8b" testListId="8c84fa94-04c1-424b-9868-57a2d4851a1d" />
    <TestEntry testId="326669d6-1df5-ae8b-ecc8-21a451cb99e7" executionId="d62be4dd-ec79-4fe1-8587-cb072b5eb547" testListId="8c84fa94-04c1-424b-9868-57a2d4851a1d" />
    <TestEntry testId="cc1e114a-7a5b-882e-d4e9-1afd637fbbff" executionId="58d846e8-4038-4c04-8b97-a4ea6d651dfe" testListId="8c84fa94-04c1-424b-9868-57a2d4851a1d" />
    <TestEntry testId="98abf001-8325-724b-3646-dcd498785d7a" executionId="42bd7718-7f46-4eb3-9af0-bc0ec200df27" testListId="8c84fa94-04c1-424b-9868-57a2d4851a1d" />
    <TestEntry testId="3f6eb43b-0967-1e14-7b80-9a15a48c8d89" executionId="5eebe138-93e2-4d70-bd8e-86f178fcf17d" testListId="8c84fa94-04c1-424b-9868-57a2d4851a1d" />
    <TestEntry testId="4807b0ac-94b7-616f-4738-4843ed0f0eae" executionId="e86d25c8-b754-4308-b66c-9c4fe83163cf" testListId="8c84fa94-04c1-424b-9868-57a2d4851a1d" />
    <TestEntry testId="82727f2a-6150-fc24-7a49-51f80cdb4987" executionId="1fe73eba-7fd4-45c6-b2bf-ca6ab4d991a1" testListId="8c84fa94-04c1-424b-9868-57a2d4851a1d" />
    <TestEntry testId="6d95c5f4-22d9-e776-2353-03f6df58ff86" executionId="b3ebc39e-4a74-4776-a79d-d4f397bba6e5" testListId="8c84fa94-04c1-424b-9868-57a2d4851a1d" />
    <TestEntry testId="051d2aec-46df-a900-8843-4b0d6b05afb0" executionId="9085ff31-7e97-494b-be9c-be0b3f8536e4" testListId="8c84fa94-04c1-424b-9868-57a2d4851a1d" />
    <TestEntry testId="853ac102-a930-910d-cb4b-4b005698cc6d" executionId="4a7673ac-a00b-4ca2-bca0-4712d87036d3" testListId="8c84fa94-04c1-424b-9868-57a2d4851a1d" />
    <TestEntry testId="47ca7fad-29cc-f160-b547-703391f4c7c1" executionId="85f26390-15ee-44c5-847e-7c27ce6f36e2" testListId="8c84fa94-04c1-424b-9868-57a2d4851a1d" />
    <TestEntry testId="8b3a9ffa-bc6d-bbe3-14b1-e8f5717a3826" executionId="b93fb749-c65a-449f-adae-24844f5eb3cc" testListId="8c84fa94-04c1-424b-9868-57a2d4851a1d" />
    <TestEntry testId="9f99169d-223d-c18b-81c1-2a4fc7718ff4" executionId="e98eb820-ec1a-4bf5-9282-46f7d9defe23" testListId="8c84fa94-04c1-424b-9868-57a2d4851a1d" />
    <TestEntry testId="c172ec41-53cc-73e3-6f28-d49974dc4c14" executionId="9659b8e3-b515-430d-ba44-4011aee86ec8" testListId="8c84fa94-04c1-424b-9868-57a2d4851a1d" />
    <TestEntry testId="f5fdd381-1fe6-8dbf-3d15-553d9c5900b7" executionId="513aab95-cf0d-404b-8aed-cabb94e8c7bb" testListId="8c84fa94-04c1-424b-9868-57a2d4851a1d" />
    <TestEntry testId="a63a9b99-cb84-bafc-6c65-02b668a630ec" executionId="4907ab6c-a467-4e21-be96-a0185663cd34" testListId="8c84fa94-04c1-424b-9868-57a2d4851a1d" />
    <TestEntry testId="e09e8dca-38a8-b253-db1d-83696b91edf1" executionId="46dd55c7-e1f5-43d3-bab4-93f0c412ef04" testListId="8c84fa94-04c1-424b-9868-57a2d4851a1d" />
    <TestEntry testId="70220e49-de77-3dca-1307-614c51c1863d" executionId="4b28e352-0d12-4882-921f-bdab2ac666c0" testListId="8c84fa94-04c1-424b-9868-57a2d4851a1d" />
    <TestEntry testId="a354306d-3554-d7a5-2e85-7b50f1eade92" executionId="028e6534-73b8-4345-9e2f-11b632daa751" testListId="8c84fa94-04c1-424b-9868-57a2d4851a1d" />
    <TestEntry testId="66b442d3-e450-79e0-60a2-bc39ce3f8d01" executionId="84ca23e5-4bf7-49a6-b439-9f954e46e460" testListId="8c84fa94-04c1-424b-9868-57a2d4851a1d" />
    <TestEntry testId="c135c7cb-6cf0-c617-c56f-13200e918382" executionId="0c8540e0-f2c7-434c-90e5-56e45dd743c2" testListId="8c84fa94-04c1-424b-9868-57a2d4851a1d" />
    <TestEntry testId="b23a438d-564b-243a-5eff-75fb6294a6ff" executionId="4cf1fd26-afd3-4154-a5b6-b42f50ab35ab" testListId="8c84fa94-04c1-424b-9868-57a2d4851a1d" />
    <TestEntry testId="c08f4ceb-c90f-e1d8-5be1-f089fb0fb815" executionId="d4baf1d6-c25d-4347-b48a-571c4f237f19" testListId="8c84fa94-04c1-424b-9868-57a2d4851a1d" />
    <TestEntry testId="3ae9efa9-0f57-fd3d-f153-53ac3fa0c046" executionId="7398f077-f546-4f03-81d6-e5ee85c4cb64" testListId="8c84fa94-04c1-424b-9868-57a2d4851a1d" />
    <TestEntry testId="06ae0461-9d74-dd4d-90dc-a32067cf74a2" executionId="e4f98445-cea7-435c-919f-aa59c8eda54b" testListId="8c84fa94-04c1-424b-9868-57a2d4851a1d" />
    <TestEntry testId="995b1b41-31ab-128a-aea4-2fd901ef9d76" executionId="800ca639-655e-488b-9213-645ac787f078" testListId="8c84fa94-04c1-424b-9868-57a2d4851a1d" />
    <TestEntry testId="92028143-5c4d-f92e-9f1c-fab0fe4c46ea" executionId="700a8084-32e1-478d-a422-d15873d936a1" testListId="8c84fa94-04c1-424b-9868-57a2d4851a1d" />
    <TestEntry testId="536c7789-65f0-cc9e-9a3c-5594f88058a0" executionId="5392791c-4297-477f-a8aa-5ec176aa7efe" testListId="8c84fa94-04c1-424b-9868-57a2d4851a1d" />
    <TestEntry testId="52fdf3e5-d45c-67f0-da0c-581a3ef09293" executionId="1023938f-1442-4c40-9fff-8e0b7101338b" testListId="8c84fa94-04c1-424b-9868-57a2d4851a1d" />
    <TestEntry testId="9632a146-a6fa-ed81-ae55-f2da442c134b" executionId="ba16e7a3-0f9d-4e13-95b1-64c95605b231" testListId="8c84fa94-04c1-424b-9868-57a2d4851a1d" />
    <TestEntry testId="1d1c66f0-a2f8-2f67-22d7-039b57e19a76" executionId="239ddd3f-f2c1-4343-ab98-ae9a54325fe9" testListId="8c84fa94-04c1-424b-9868-57a2d4851a1d" />
    <TestEntry testId="c74913f5-c1ba-6065-4362-e98345b9f046" executionId="582dad26-ddde-4cf8-8cfb-8a7959282bcb" testListId="8c84fa94-04c1-424b-9868-57a2d4851a1d" />
    <TestEntry testId="714bb07d-6f85-d601-64dc-8a3200fea50a" executionId="38601d68-86ee-41da-bda4-999c65fdbf6e" testListId="8c84fa94-04c1-424b-9868-57a2d4851a1d" />
    <TestEntry testId="be81fa0c-04e5-7399-ab09-abd6ced13edd" executionId="f23aa6a3-f0aa-497a-8e60-8665630b22a2" testListId="8c84fa94-04c1-424b-9868-57a2d4851a1d" />
    <TestEntry testId="91b2e486-f476-2fce-3021-5f3f62d6ec99" executionId="3b7a9a86-2131-4c36-96bb-c5329ab70d90" testListId="8c84fa94-04c1-424b-9868-57a2d4851a1d" />
    <TestEntry testId="3ca499ad-79a2-a4fc-016a-09cb45b7be8b" executionId="28f91c4b-d759-4708-9917-eed54f85049a" testListId="8c84fa94-04c1-424b-9868-57a2d4851a1d" />
    <TestEntry testId="645453de-3af8-5680-24b6-9a48f0ec9ad1" executionId="f08b4f83-1f07-45a0-9404-6885b46b000e" testListId="8c84fa94-04c1-424b-9868-57a2d4851a1d" />
    <TestEntry testId="2116128f-bd05-d04d-944b-ae686315656e" executionId="79910bf9-c1a4-4543-8a3e-9951fd44af3a" testListId="8c84fa94-04c1-424b-9868-57a2d4851a1d" />
    <TestEntry testId="fe492bb4-196c-30bb-1de0-08ba17379422" executionId="8aa4e666-a96c-4b6a-8e8e-3f20b9455106" testListId="8c84fa94-04c1-424b-9868-57a2d4851a1d" />
    <TestEntry testId="cb4b0772-9322-b512-e163-7e2405e65afb" executionId="210fee48-c7d2-457c-945f-a440d385462e" testListId="8c84fa94-04c1-424b-9868-57a2d4851a1d" />
    <TestEntry testId="0feabef6-a770-66f9-4f17-2499656ced96" executionId="3edf907b-1a7e-4b7c-a9b0-6f2ae35a8827" testListId="8c84fa94-04c1-424b-9868-57a2d4851a1d" />
    <TestEntry testId="dd927e15-9c1a-2c89-1c91-207f0d0e1885" executionId="e5eea73a-d3e0-4e14-8dda-86271c8a224f" testListId="8c84fa94-04c1-424b-9868-57a2d4851a1d" />
    <TestEntry testId="9bddd9ee-d50f-982a-0247-909118f3a809" executionId="1c8e135e-50c0-4839-9543-f66f0791a17d" testListId="8c84fa94-04c1-424b-9868-57a2d4851a1d" />
    <TestEntry testId="f75d3395-7975-98cd-c26f-7f15f3350ea8" executionId="a5d34eec-8226-4fb2-873e-2c5bd40424d3" testListId="8c84fa94-04c1-424b-9868-57a2d4851a1d" />
    <TestEntry testId="9426df83-15fa-eb90-64ac-269d710dfca2" executionId="111bfb9d-e133-4828-901e-fd0d5ce1de36" testListId="8c84fa94-04c1-424b-9868-57a2d4851a1d" />
    <TestEntry testId="c0bebc5f-e62c-cb07-513e-8a2cbcedc92a" executionId="d00922a8-5353-4536-a7e8-c9a9656bf794" testListId="8c84fa94-04c1-424b-9868-57a2d4851a1d" />
    <TestEntry testId="4b34b8a9-be9f-e614-67a3-d646e0b0a9ef" executionId="d29b034c-a0cc-4349-9b26-bb630f35eacb" testListId="8c84fa94-04c1-424b-9868-57a2d4851a1d" />
    <TestEntry testId="80c59539-1248-8085-a707-e41b5a0d5237" executionId="b0b4d6dc-7283-4b51-b6fb-93c84cd78ff3" testListId="8c84fa94-04c1-424b-9868-57a2d4851a1d" />
    <TestEntry testId="bbf16cbc-6612-ff34-30a2-1ede195f818c" executionId="e884aece-af0a-4833-8a21-c98f4a3fd4b2" testListId="8c84fa94-04c1-424b-9868-57a2d4851a1d" />
    <TestEntry testId="e268b3c0-20a8-47d4-74ce-4367ac595cc9" executionId="2edc3f04-3201-4532-8302-3745a446f96c" testListId="8c84fa94-04c1-424b-9868-57a2d4851a1d" />
    <TestEntry testId="6230eb1f-0fa8-af17-a896-736e6e5512eb" executionId="6a28364d-3d6c-4acf-b27d-192b944ce7dc" testListId="8c84fa94-04c1-424b-9868-57a2d4851a1d" />
    <TestEntry testId="c45a225d-5f7b-8685-de59-ffcb22ada015" executionId="aafce6b9-dbbb-4bbf-a0d7-dd2fcd45eaba" testListId="8c84fa94-04c1-424b-9868-57a2d4851a1d" />
    <TestEntry testId="28d5663d-76d1-0add-7ee1-80f8978fd5b0" executionId="ee5515a9-1390-442f-894b-4b4742e9d227" testListId="8c84fa94-04c1-424b-9868-57a2d4851a1d" />
    <TestEntry testId="80affa90-a1cc-ad37-27a1-45c35a04f9bd" executionId="152b95ca-2cb6-4836-883e-09a8fb0b40a3" testListId="8c84fa94-04c1-424b-9868-57a2d4851a1d" />
    <TestEntry testId="dd19c9f9-18aa-a808-174b-881674af5471" executionId="5a8f1a2a-b77c-45a6-adb4-b83c060d51a7" testListId="8c84fa94-04c1-424b-9868-57a2d4851a1d" />
    <TestEntry testId="0dbd7403-9dd6-4dff-a0e3-46bbd75cf75e" executionId="fa9310a3-8e85-47a5-8161-25c41f21568f" testListId="8c84fa94-04c1-424b-9868-57a2d4851a1d" />
    <TestEntry testId="96c73f9f-94e0-7dbe-be67-3a4c7db52436" executionId="ce3fa14a-b5c6-4c09-be5d-7a2c13f158b9" testListId="8c84fa94-04c1-424b-9868-57a2d4851a1d" />
    <TestEntry testId="b7ac8b6b-7155-d77c-cc18-eb6e6aff73b4" executionId="43f612e9-9fe8-439c-a99d-d3cc3680ad1f" testListId="8c84fa94-04c1-424b-9868-57a2d4851a1d" />
    <TestEntry testId="3263c152-da27-ad6c-a526-b9eabbfeaedd" executionId="c4c97aa8-ba88-4a95-bcbe-3cbd51459a5b" testListId="8c84fa94-04c1-424b-9868-57a2d4851a1d" />
    <TestEntry testId="6d1bb024-6f99-7210-a639-ebc6c7f528df" executionId="701f6e03-049a-4606-8328-3a45e637b016" testListId="8c84fa94-04c1-424b-9868-57a2d4851a1d" />
    <TestEntry testId="f4e1ac4c-c96e-4d89-9674-af16364cc8fb" executionId="486e021e-f796-497f-b02f-f35303ed0d8f" testListId="8c84fa94-04c1-424b-9868-57a2d4851a1d" />
    <TestEntry testId="15d01901-447d-0737-a91d-9bfaf7e6c85e" executionId="6e7d4639-23dc-4a10-800b-f8c7fe3a136b" testListId="8c84fa94-04c1-424b-9868-57a2d4851a1d" />
    <TestEntry testId="54a5bf8c-3322-8eb7-8f1d-05b3d0308872" executionId="f5f8aa19-32a3-4961-9b5d-f081e6e384f9" testListId="8c84fa94-04c1-424b-9868-57a2d4851a1d" />
    <TestEntry testId="37a99259-be0e-2d37-bce1-b438fd5cc781" executionId="b4d84dd2-62c9-4143-bfef-4a7533facc81" testListId="8c84fa94-04c1-424b-9868-57a2d4851a1d" />
    <TestEntry testId="1469177e-21fb-2cad-8783-0585c25d35e7" executionId="2f6636bd-fd68-4a0d-bb86-76e69423a670" testListId="8c84fa94-04c1-424b-9868-57a2d4851a1d" />
    <TestEntry testId="5baeedab-e797-7b40-a6ae-834a7cc350ea" executionId="5d3ec6be-b4cd-4ccf-ba44-bf9d04f14878" testListId="8c84fa94-04c1-424b-9868-57a2d4851a1d" />
    <TestEntry testId="2a3b49f1-8eff-a750-af47-87580658dad3" executionId="aa476949-a8b8-4e41-9777-e6b09d31e6e3" testListId="8c84fa94-04c1-424b-9868-57a2d4851a1d" />
    <TestEntry testId="b798cb2c-7dd9-9186-45a2-73058772e102" executionId="843b5a42-7ef0-4d63-a9d7-1b99262c7edb" testListId="8c84fa94-04c1-424b-9868-57a2d4851a1d" />
    <TestEntry testId="28035d2e-eb28-2623-1fa1-fdbd34dbc94b" executionId="cd00fe53-7fc2-4b6f-98b0-31159937f120" testListId="8c84fa94-04c1-424b-9868-57a2d4851a1d" />
    <TestEntry testId="1cddb1c6-2737-cdb0-f6ab-72a1d1eec2bf" executionId="5b1c1c8a-fe73-474d-8881-11f6ee1f9ce0" testListId="8c84fa94-04c1-424b-9868-57a2d4851a1d" />
    <TestEntry testId="ee765a9d-2af9-df39-3d95-52ab4c9dda25" executionId="730ece5d-aaa5-4b0a-bfa9-70663e19e76d" testListId="8c84fa94-04c1-424b-9868-57a2d4851a1d" />
    <TestEntry testId="dbdf77cb-29a2-b577-cb96-dbfdcd5991c5" executionId="fbac7f90-5c6a-45ae-a441-a49f9c1b146c" testListId="8c84fa94-04c1-424b-9868-57a2d4851a1d" />
    <TestEntry testId="d6cd9f0e-db54-6a7f-25c6-c577ea5412aa" executionId="91838932-d110-4f6d-8e8c-450ab4a47579" testListId="8c84fa94-04c1-424b-9868-57a2d4851a1d" />
    <TestEntry testId="d7840737-7c8f-bc7b-3fd1-dc1ce4501a1b" executionId="ce9169d4-557a-458b-ba0b-789040ac82c8" testListId="8c84fa94-04c1-424b-9868-57a2d4851a1d" />
    <TestEntry testId="63b798a9-ff20-3cfc-6009-707250402baa" executionId="4d87da3e-f172-4a82-8e29-caf5d93496d5" testListId="8c84fa94-04c1-424b-9868-57a2d4851a1d" />
    <TestEntry testId="ed5d5abb-6d54-799d-7be4-f374cad9b015" executionId="fabae8cc-a792-4497-a20d-01f68c5aba07" testListId="8c84fa94-04c1-424b-9868-57a2d4851a1d" />
    <TestEntry testId="92ff6d93-c925-b3b6-824d-6b4e430f0703" executionId="74864d17-2f9b-42b4-a09c-a6758bd401db" testListId="8c84fa94-04c1-424b-9868-57a2d4851a1d" />
    <TestEntry testId="8ce34ccd-a3ff-74e1-2c20-e6cd5611ebce" executionId="a11f3b5f-2ac0-4efb-8ff3-5b094739ba65" testListId="8c84fa94-04c1-424b-9868-57a2d4851a1d" />
    <TestEntry testId="785dc9f4-be06-efe4-aa9b-c29866d4a494" executionId="bb0ed159-f49f-48f4-a832-dfdac845747c" testListId="8c84fa94-04c1-424b-9868-57a2d4851a1d" />
    <TestEntry testId="2a7dc3b8-0735-5975-df64-9fd05b060591" executionId="0dc6722f-adc2-4442-8f05-32fdb0f12e01" testListId="8c84fa94-04c1-424b-9868-57a2d4851a1d" />
    <TestEntry testId="a89bd473-283b-555c-2eda-f2d076a10703" executionId="4ac65b18-f4bf-4d89-9b27-557dae50270a" testListId="8c84fa94-04c1-424b-9868-57a2d4851a1d" />
    <TestEntry testId="abeb1545-7e38-cd9f-897f-dd86c83fc793" executionId="68b34c57-b150-43d7-9fb2-4fdf5d67d2ff" testListId="8c84fa94-04c1-424b-9868-57a2d4851a1d" />
    <TestEntry testId="3a0d195e-cbff-df92-9494-c6e926df71b2" executionId="540b4a43-c821-46db-b698-fc549e081984" testListId="8c84fa94-04c1-424b-9868-57a2d4851a1d" />
    <TestEntry testId="39d1f3ab-acfa-005e-f27e-c324d815f97b" executionId="f7a88de8-6466-4e32-8959-4a1182414643" testListId="8c84fa94-04c1-424b-9868-57a2d4851a1d" />
    <TestEntry testId="7888aaaa-dfdf-1e97-dcc0-e084ff4f6d57" executionId="57ada998-a407-434f-805b-392676bcdec4" testListId="8c84fa94-04c1-424b-9868-57a2d4851a1d" />
    <TestEntry testId="0c81670c-b54e-bbca-db1f-4f3fe2275eb7" executionId="a5248c85-86d4-475e-beda-dded2b900d6f" testListId="8c84fa94-04c1-424b-9868-57a2d4851a1d" />
    <TestEntry testId="3e9ac3fe-1069-e460-18cb-375dee03f3ab" executionId="2791b694-e3fd-4653-885c-4c52628e9cc7" testListId="8c84fa94-04c1-424b-9868-57a2d4851a1d" />
    <TestEntry testId="35ebe54b-0991-677a-a114-9e999fa4c9ed" executionId="d1818362-76d8-49c3-b3e3-4580a710454b" testListId="8c84fa94-04c1-424b-9868-57a2d4851a1d" />
    <TestEntry testId="b42a90cd-c7db-8045-b783-42cfcb6d58b1" executionId="c6936c7a-ab93-44bc-96da-79ac5dfa9efd" testListId="8c84fa94-04c1-424b-9868-57a2d4851a1d" />
    <TestEntry testId="2f040462-f386-fa17-cea6-542b7f377e87" executionId="0e6e7970-0d62-489a-a6e1-68d8330601df" testListId="8c84fa94-04c1-424b-9868-57a2d4851a1d" />
    <TestEntry testId="b3289586-16e2-de14-36e6-635c5a01a2a7" executionId="ad0976f8-d4cd-4022-9a77-4776a9178a46" testListId="8c84fa94-04c1-424b-9868-57a2d4851a1d" />
    <TestEntry testId="f096824d-40cd-717f-e88d-86435808c17f" executionId="0c2c22d3-781e-4925-9900-fbf7b90086dc" testListId="8c84fa94-04c1-424b-9868-57a2d4851a1d" />
    <TestEntry testId="8da97cd2-880c-f4d0-fc40-f3e35ed402f2" executionId="43353288-be40-4f49-a100-cdb53860b278" testListId="8c84fa94-04c1-424b-9868-57a2d4851a1d" />
    <TestEntry testId="2fcdfbf0-8e6e-d5cd-3a26-45ff947f28f9" executionId="9b8a15e6-9445-4504-b00d-0101837aeb69" testListId="8c84fa94-04c1-424b-9868-57a2d4851a1d" />
    <TestEntry testId="261da64a-35d8-fc7c-9d86-4d9bc391b081" executionId="358c91f1-fee8-453f-ad3a-2d7a236c8e96" testListId="8c84fa94-04c1-424b-9868-57a2d4851a1d" />
    <TestEntry testId="e57af493-2346-52f4-cc88-1804a63fe825" executionId="09999923-20fa-4a84-bd8c-9f8c1de34ab0" testListId="8c84fa94-04c1-424b-9868-57a2d4851a1d" />
    <TestEntry testId="d92d8cf9-a667-6491-f73f-b1bfb0d022ec" executionId="140a3fbd-870a-4763-bcde-1c1964723b9a" testListId="8c84fa94-04c1-424b-9868-57a2d4851a1d" />
    <TestEntry testId="cccd6b29-c0bb-520c-ad4f-12b880e60af8" executionId="75b69663-40c0-461f-897a-51062ba93845" testListId="8c84fa94-04c1-424b-9868-57a2d4851a1d" />
    <TestEntry testId="aaae3d70-046d-f051-b5b4-eb62d01ad4bf" executionId="7b134613-8878-4b31-b7db-74324e9be60a" testListId="8c84fa94-04c1-424b-9868-57a2d4851a1d" />
    <TestEntry testId="0c94a7d8-eb7f-8919-c44f-e9081f669d04" executionId="a9bb4e67-0b6f-47ed-8c42-2ebc8b3fc363" testListId="8c84fa94-04c1-424b-9868-57a2d4851a1d" />
    <TestEntry testId="e2ae9a98-04d2-06b2-1d1e-1288e302b2f5" executionId="b97f7fb1-0bc4-42a9-9e7d-8d429bbf61c5" testListId="8c84fa94-04c1-424b-9868-57a2d4851a1d" />
    <TestEntry testId="cff6766d-a1d5-959d-443d-276615b97e94" executionId="8ff3b58e-a53b-4d22-b96d-db200f66b482" testListId="8c84fa94-04c1-424b-9868-57a2d4851a1d" />
    <TestEntry testId="8b8ceab0-29d2-58ce-53d0-5c811244c0d8" executionId="69e711f0-fd7e-497d-8cf5-ee9641351731" testListId="8c84fa94-04c1-424b-9868-57a2d4851a1d" />
    <TestEntry testId="ad5a0e91-8c30-5d3f-dd6a-3a5ed0699272" executionId="ba9aa01c-0d88-4e61-abaa-0390f1b00b24" testListId="8c84fa94-04c1-424b-9868-57a2d4851a1d" />
    <TestEntry testId="9a50cf54-d2da-b725-6a58-109d8be2c84f" executionId="f9d159a6-154f-475d-aae1-7bad97a3a6be" testListId="8c84fa94-04c1-424b-9868-57a2d4851a1d" />
    <TestEntry testId="a006f8fc-4a91-b9c9-ca82-88969fd63533" executionId="bf2a6319-fb5c-4a1d-81e4-1a996068be40" testListId="8c84fa94-04c1-424b-9868-57a2d4851a1d" />
    <TestEntry testId="cc7f4aa0-49ea-ec9e-9069-676b0f8bcfc6" executionId="3f147d7e-9f70-4b17-a7fd-317ae88a641b" testListId="8c84fa94-04c1-424b-9868-57a2d4851a1d" />
    <TestEntry testId="b57fa639-5fb9-0830-da2d-85c248573397" executionId="85cfce46-c4c8-4985-a765-297c7acb2173" testListId="8c84fa94-04c1-424b-9868-57a2d4851a1d" />
    <TestEntry testId="a13cdf1d-5ea0-e21c-19f3-f8483190ffb4" executionId="3b6f9191-166d-472a-9192-c99081766cc5" testListId="8c84fa94-04c1-424b-9868-57a2d4851a1d" />
    <TestEntry testId="c4c6663c-b8b8-36ee-cc44-da0d09c1eeb5" executionId="f2f24d7a-6130-4818-9237-a5175696a742" testListId="8c84fa94-04c1-424b-9868-57a2d4851a1d" />
    <TestEntry testId="85f059df-ab48-015f-9079-68bce7e7081a" executionId="dc7b4212-3450-4d42-bb7b-708671f05c73" testListId="8c84fa94-04c1-424b-9868-57a2d4851a1d" />
    <TestEntry testId="c958c197-9663-ac85-ff46-f793549f39b7" executionId="e083baa6-c20a-43bd-872c-fc532036e005" testListId="8c84fa94-04c1-424b-9868-57a2d4851a1d" />
    <TestEntry testId="86d33541-0c9d-bf01-4588-941c72e5d2db" executionId="3e348939-5bb3-4959-9ae0-618c0ad2ffe7" testListId="8c84fa94-04c1-424b-9868-57a2d4851a1d" />
    <TestEntry testId="29245ba5-4fb2-06bc-c20f-6cdfae14cbc2" executionId="2b79895a-56f9-4eb8-93b7-bdb011d07321" testListId="8c84fa94-04c1-424b-9868-57a2d4851a1d" />
    <TestEntry testId="b5b533a4-53dc-72cb-3571-2d794c9a324a" executionId="5d76817a-b2a9-454a-951b-e56fe5309d6f" testListId="8c84fa94-04c1-424b-9868-57a2d4851a1d" />
    <TestEntry testId="168656cc-c388-569b-4f5a-f872fa91fb0c" executionId="f7b5b067-cfdf-4596-a3c2-a5b4fd1516ac" testListId="8c84fa94-04c1-424b-9868-57a2d4851a1d" />
    <TestEntry testId="762b1e7e-d51b-958a-e187-36e32a2e639a" executionId="cfab0d21-48b9-4ce6-98e4-dc6102283124" testListId="8c84fa94-04c1-424b-9868-57a2d4851a1d" />
    <TestEntry testId="b4928c47-746b-0d95-a4af-76487a813ea1" executionId="8b2c7301-2eff-41c6-8cd1-f0d1c051d1d9" testListId="8c84fa94-04c1-424b-9868-57a2d4851a1d" />
    <TestEntry testId="a566e3cd-a227-b21d-5140-00ed38f5b13c" executionId="0627a9fa-7641-401b-ae1e-5551a06e3642" testListId="8c84fa94-04c1-424b-9868-57a2d4851a1d" />
    <TestEntry testId="4285ecbd-ab23-0fc3-1154-3f64e08e6358" executionId="d1ccaa3a-5193-407c-acd0-d7d3c9c92119" testListId="8c84fa94-04c1-424b-9868-57a2d4851a1d" />
    <TestEntry testId="573004a9-b189-9f27-d738-0e7542d4598e" executionId="d3582ac0-313b-4a16-aa23-7eb80dd4f97c" testListId="8c84fa94-04c1-424b-9868-57a2d4851a1d" />
    <TestEntry testId="fcb9f9cb-8bff-4410-2cbd-9f2d9e730c99" executionId="1dbd151e-b18b-49c6-9fbb-6be6cd2c845b" testListId="8c84fa94-04c1-424b-9868-57a2d4851a1d" />
    <TestEntry testId="a46eadae-e5a3-0fd4-d6c8-6fe01f360833" executionId="c288a8a3-962a-431f-8d24-fa92ecb7fc86" testListId="8c84fa94-04c1-424b-9868-57a2d4851a1d" />
    <TestEntry testId="1babfa2a-0cf6-9ecf-517c-830806d0794f" executionId="a4a1f289-09e7-4c69-a3e3-37b66b86cd3a" testListId="8c84fa94-04c1-424b-9868-57a2d4851a1d" />
    <TestEntry testId="df2a9d0e-a274-5910-744b-a0366c312806" executionId="7bf025e9-9377-43eb-ab29-e16f3180a990" testListId="8c84fa94-04c1-424b-9868-57a2d4851a1d" />
    <TestEntry testId="6488116c-bc89-3940-6845-6622d85e58aa" executionId="86d3579c-88d3-481c-b253-e9fa65fad865" testListId="8c84fa94-04c1-424b-9868-57a2d4851a1d" />
    <TestEntry testId="e566dee5-3807-7605-348b-d344cf004cc2" executionId="94a42dc1-2bd7-47be-9e5e-f7ff037c4706" testListId="8c84fa94-04c1-424b-9868-57a2d4851a1d" />
    <TestEntry testId="a1e6eaef-4c12-584e-5f6a-216a53e665a4" executionId="a2fdfe77-4143-4c41-95ba-2ee979884580" testListId="8c84fa94-04c1-424b-9868-57a2d4851a1d" />
    <TestEntry testId="169db8bc-9078-646f-fe30-502861017bb9" executionId="8613f7f2-e136-41e3-b326-38cec06d1230" testListId="8c84fa94-04c1-424b-9868-57a2d4851a1d" />
    <TestEntry testId="7cd7dc3e-fa7a-6dd1-08a3-6101b8e173af" executionId="4868556f-93a8-4926-9a30-ccc7aeef8034" testListId="8c84fa94-04c1-424b-9868-57a2d4851a1d" />
    <TestEntry testId="73defc98-0362-fc29-ddab-170ef0f6d29d" executionId="2d6cf275-65af-436f-bb7e-0ac256c74272" testListId="8c84fa94-04c1-424b-9868-57a2d4851a1d" />
    <TestEntry testId="f0722d68-87a7-b3ef-b39d-26875ec82e68" executionId="336e3992-26b3-4dd3-9ae5-54c857996504" testListId="8c84fa94-04c1-424b-9868-57a2d4851a1d" />
    <TestEntry testId="9507a82f-228a-e878-fcf5-be244d32dfe3" executionId="1344a1f3-3b2c-4a5b-ace7-e7991ed9f96e" testListId="8c84fa94-04c1-424b-9868-57a2d4851a1d" />
    <TestEntry testId="84d3bffa-3529-5567-4b2a-a62740c3d75e" executionId="dbc4e7b4-dbc0-4798-8327-598ca1145dfc" testListId="8c84fa94-04c1-424b-9868-57a2d4851a1d" />
    <TestEntry testId="a923ba92-5f49-1db0-a980-f6ad3af6c118" executionId="d135d93b-7d5a-4b02-91e7-c6fe64c195de" testListId="8c84fa94-04c1-424b-9868-57a2d4851a1d" />
    <TestEntry testId="716c3939-21a9-baf1-3381-3805519a2c18" executionId="c25e01cc-10e6-45fd-9455-90b2423edfa2" testListId="8c84fa94-04c1-424b-9868-57a2d4851a1d" />
    <TestEntry testId="2d853185-1b8c-d32c-b8ef-fcd1ca111fe0" executionId="2ff5874c-8457-4985-843c-586c2a8e6d47" testListId="8c84fa94-04c1-424b-9868-57a2d4851a1d" />
    <TestEntry testId="1b51fe85-d5f1-8130-9dfe-a0f9e4a34746" executionId="59faa4a0-b2d1-4bce-9731-8d654e112ebe" testListId="8c84fa94-04c1-424b-9868-57a2d4851a1d" />
    <TestEntry testId="145f33a9-a9ca-28ad-f581-1ed846520f66" executionId="a602340c-7323-4fb0-9f58-b3222551d91f" testListId="8c84fa94-04c1-424b-9868-57a2d4851a1d" />
    <TestEntry testId="e4b2455a-64fc-dffc-d919-2a0245f30187" executionId="f7a87141-e576-4be5-b4dd-60c8b4ea762e" testListId="8c84fa94-04c1-424b-9868-57a2d4851a1d" />
    <TestEntry testId="c2ef64d5-231f-4491-5201-a9b7c9060d4a" executionId="281f42e1-bfdf-4274-9850-e0cbb3b67db3" testListId="8c84fa94-04c1-424b-9868-57a2d4851a1d" />
    <TestEntry testId="a1bac869-1385-672b-07d7-c035033b5b5b" executionId="1d32b723-a524-43fe-8bce-d222390fb8f0" testListId="8c84fa94-04c1-424b-9868-57a2d4851a1d" />
    <TestEntry testId="33c5b05a-c149-c017-3777-a15579c827fc" executionId="ba3cf749-c6a8-415e-b04c-ce0da887cf72" testListId="8c84fa94-04c1-424b-9868-57a2d4851a1d" />
    <TestEntry testId="5d0af9d1-44bb-6c1c-91da-0de0adda509f" executionId="91746337-4d2a-46b3-9c81-5fb5e53466d9" testListId="8c84fa94-04c1-424b-9868-57a2d4851a1d" />
    <TestEntry testId="8a506de1-1596-a50f-344b-f1352abd2793" executionId="4ef21efd-8e06-4113-8861-41d612a3022d" testListId="8c84fa94-04c1-424b-9868-57a2d4851a1d" />
    <TestEntry testId="ad4a33be-0820-6acd-0fda-f7dc1d9afabe" executionId="628e105f-bcfc-4897-8d74-86ecb8fd0712" testListId="8c84fa94-04c1-424b-9868-57a2d4851a1d" />
    <TestEntry testId="d4e64b61-1d71-9a31-64b3-8f7fa264d751" executionId="69271830-0495-4db9-a6f2-0c3c86f36bfb" testListId="8c84fa94-04c1-424b-9868-57a2d4851a1d" />
    <TestEntry testId="71368800-2a58-7d0c-02f5-2226bd31ba61" executionId="a44bf169-09a1-4262-baa9-a58cca7bd965" testListId="8c84fa94-04c1-424b-9868-57a2d4851a1d" />
    <TestEntry testId="dec4cc11-275a-6477-9776-6b40db9a3bd4" executionId="af55966b-95b3-47a5-abce-470002c977ed" testListId="8c84fa94-04c1-424b-9868-57a2d4851a1d" />
    <TestEntry testId="a758e563-1f9a-9b88-d4c0-8cc7153a0dc7" executionId="4ec3270f-71d8-4450-bc97-f45d735e93fa" testListId="8c84fa94-04c1-424b-9868-57a2d4851a1d" />
    <TestEntry testId="cf6d1948-e4c8-984f-d8fe-0f710a6f4061" executionId="2fb94071-d26e-4f47-b846-61de6e2b376c" testListId="8c84fa94-04c1-424b-9868-57a2d4851a1d" />
    <TestEntry testId="c6c7eaee-0217-c536-1f3e-e884f74d00f9" executionId="72757b34-cd55-4f55-9848-be93007702c0" testListId="8c84fa94-04c1-424b-9868-57a2d4851a1d" />
    <TestEntry testId="b9ed8a5e-ee12-301b-e3c5-ef16e418ae41" executionId="650b4040-7fd4-4cae-8df9-5cbad2b152b9" testListId="8c84fa94-04c1-424b-9868-57a2d4851a1d" />
    <TestEntry testId="b6f1489a-2055-f485-9c7f-98b90c4b3558" executionId="98a375bb-c473-434d-917b-3927baf92647" testListId="8c84fa94-04c1-424b-9868-57a2d4851a1d" />
    <TestEntry testId="7b2ca1e9-e284-8127-4f7e-dec3027488f5" executionId="0e9102ef-3f02-4229-9b28-64b6b6237794" testListId="8c84fa94-04c1-424b-9868-57a2d4851a1d" />
    <TestEntry testId="9c58d5d9-15c3-3301-dbdb-cd91d433ddd3" executionId="e99a7c5a-5038-40c0-8938-44e9afebcde9" testListId="8c84fa94-04c1-424b-9868-57a2d4851a1d" />
    <TestEntry testId="02384a4c-827d-2204-02d7-2003620d01f1" executionId="3cf4d8bc-42c6-4692-9456-3e96ffd8ab43" testListId="8c84fa94-04c1-424b-9868-57a2d4851a1d" />
    <TestEntry testId="08657299-4484-6f51-225a-92afef4d6f02" executionId="04438990-c35e-4a66-ad2c-888371faa9fe" testListId="8c84fa94-04c1-424b-9868-57a2d4851a1d" />
    <TestEntry testId="07f61b47-7639-813a-048e-3af6356509db" executionId="45587277-ad5a-4322-b1e0-1347e7a4e365" testListId="8c84fa94-04c1-424b-9868-57a2d4851a1d" />
    <TestEntry testId="5a20067f-af35-443e-c5ef-580f5fde2fa9" executionId="3f0ad2c3-d3fc-474a-9979-1e3390f21d88" testListId="8c84fa94-04c1-424b-9868-57a2d4851a1d" />
    <TestEntry testId="9f11630d-9ad6-5da3-8de1-e63da75bbad6" executionId="558ac42e-aee9-48f2-a189-b8822662996c" testListId="8c84fa94-04c1-424b-9868-57a2d4851a1d" />
    <TestEntry testId="7201bf1f-ad51-b3dd-90bc-4686a347a8b6" executionId="f2e3578f-1f75-41fd-a262-84f00c8d67c0" testListId="8c84fa94-04c1-424b-9868-57a2d4851a1d" />
    <TestEntry testId="f4c72050-220a-8ed3-f57e-229694005702" executionId="0d557c7e-8dc8-42f0-ad6c-39a71806e307" testListId="8c84fa94-04c1-424b-9868-57a2d4851a1d" />
    <TestEntry testId="1e1812e7-7d89-f4e5-47fa-6ba327ad9f3d" executionId="9ee2a422-7e7b-476b-9523-676da81347a1" testListId="8c84fa94-04c1-424b-9868-57a2d4851a1d" />
    <TestEntry testId="80d089ba-d625-b17b-efd7-906fbc26a53f" executionId="28af998d-5655-41eb-a4a4-04427daa726a" testListId="8c84fa94-04c1-424b-9868-57a2d4851a1d" />
    <TestEntry testId="08168dab-134d-4209-dc07-502fc79dff1c" executionId="8af7ecc4-4986-4690-a9c6-99226bf1ff88" testListId="8c84fa94-04c1-424b-9868-57a2d4851a1d" />
    <TestEntry testId="afc65689-0d8a-1a8c-230e-11dcfbd51f6f" executionId="a80ab478-48f2-4a18-a79a-e93fbbd4e814" testListId="8c84fa94-04c1-424b-9868-57a2d4851a1d" />
    <TestEntry testId="fde371e7-9430-28a6-4e5f-caad1e97ede8" executionId="6d915518-6a1f-4f2e-b3a4-ff00df8196b6" testListId="8c84fa94-04c1-424b-9868-57a2d4851a1d" />
    <TestEntry testId="0664e823-2347-d542-a362-7c3833a62cb7" executionId="f14cc80d-a63a-41cf-a953-4dc96dc17d60" testListId="8c84fa94-04c1-424b-9868-57a2d4851a1d" />
    <TestEntry testId="b0f42246-221a-8273-26a5-64d428e0acf2" executionId="3e526c87-99e6-4b76-9f08-4c17a765f46c" testListId="8c84fa94-04c1-424b-9868-57a2d4851a1d" />
    <TestEntry testId="ed016d2a-a143-45b4-1538-1fd2c412205d" executionId="05624ccd-618e-4b7d-ac0c-ec9939d3534d" testListId="8c84fa94-04c1-424b-9868-57a2d4851a1d" />
    <TestEntry testId="b1569a4a-886e-ec94-03b5-fba9d87c80e2" executionId="2bdb12ee-94f8-4fb7-84b8-f7c3b37c70a5" testListId="8c84fa94-04c1-424b-9868-57a2d4851a1d" />
    <TestEntry testId="8e99ddbf-1f62-a90d-a88c-3e09a5e62fbc" executionId="fdc0514c-73e8-47ba-8296-14001bc00c53" testListId="8c84fa94-04c1-424b-9868-57a2d4851a1d" />
    <TestEntry testId="62edf976-7a76-227c-ab3e-3e3068d22419" executionId="27c153c7-d861-4651-ac90-01db838852e3" testListId="8c84fa94-04c1-424b-9868-57a2d4851a1d" />
    <TestEntry testId="3afaf579-db15-cc97-6075-93fc66d2482e" executionId="f687a0dd-ebd0-4ede-9076-e9cabd5d189d" testListId="8c84fa94-04c1-424b-9868-57a2d4851a1d" />
    <TestEntry testId="cf3134ed-5854-5d81-39ac-bdd4ad6563c0" executionId="0d99b9ea-f9eb-4caf-b9fb-434518cfa8bb" testListId="8c84fa94-04c1-424b-9868-57a2d4851a1d" />
    <TestEntry testId="c6064df2-d70f-a735-4d38-9ada6958097c" executionId="b942da48-bcbc-4d55-a98c-69cb0316d853" testListId="8c84fa94-04c1-424b-9868-57a2d4851a1d" />
    <TestEntry testId="b5644c1a-4e6f-a72a-7960-9542c506051d" executionId="f3b1283b-cc0e-4830-a87b-c9a39353a6a9" testListId="8c84fa94-04c1-424b-9868-57a2d4851a1d" />
    <TestEntry testId="08be73c0-a975-a603-5d02-2398253cc14e" executionId="b256a811-9097-4e44-8f80-5ac6c0307587" testListId="8c84fa94-04c1-424b-9868-57a2d4851a1d" />
    <TestEntry testId="b243411e-0b00-e9ac-a0d9-fd6cc8fe5e76" executionId="4f5c3c4a-003b-401a-ba5c-efd72dc38a41" testListId="8c84fa94-04c1-424b-9868-57a2d4851a1d" />
    <TestEntry testId="01bf3557-af42-0cc6-b667-13a114246373" executionId="68c2acec-91cd-4ec2-a245-64317f81cc7f" testListId="8c84fa94-04c1-424b-9868-57a2d4851a1d" />
    <TestEntry testId="b9addcd8-1689-aa5c-75f0-51367ace995d" executionId="ba6578fd-9729-4079-9edd-fdd94b783853" testListId="8c84fa94-04c1-424b-9868-57a2d4851a1d" />
    <TestEntry testId="b47b78f9-b0d8-fec8-ab9a-9eaa193e9134" executionId="fab95bdf-535b-4f8f-aab4-fc05ec81dd2b" testListId="8c84fa94-04c1-424b-9868-57a2d4851a1d" />
    <TestEntry testId="2ee5ca22-9ef4-3b84-d450-25e78cba1fdf" executionId="57bed475-c708-4ccb-848b-ddbdc25609a5" testListId="8c84fa94-04c1-424b-9868-57a2d4851a1d" />
    <TestEntry testId="5b93bb66-36aa-9546-a63c-858a942f47c9" executionId="52e237ed-c9dc-48c3-9d0f-0bf5ea7a5790" testListId="8c84fa94-04c1-424b-9868-57a2d4851a1d" />
    <TestEntry testId="82026b1b-e4f8-c75d-6fd9-4e0c102dea19" executionId="8401f421-e436-4ddf-826b-33292e2e3f64" testListId="8c84fa94-04c1-424b-9868-57a2d4851a1d" />
    <TestEntry testId="a0a14464-fb50-3caf-9ff8-c858c9ed6f8f" executionId="2f260c42-4668-403c-bef6-a2f31d82f0b7" testListId="8c84fa94-04c1-424b-9868-57a2d4851a1d" />
    <TestEntry testId="963aa350-dc63-27d1-7f7c-e76e264a3a37" executionId="aa9dd048-e885-45d9-846c-783c15117b54" testListId="8c84fa94-04c1-424b-9868-57a2d4851a1d" />
    <TestEntry testId="28d66a73-94f8-0e54-f4ff-ed8e155407df" executionId="4da34e5c-54e7-4443-87b3-e5e6f1212882" testListId="8c84fa94-04c1-424b-9868-57a2d4851a1d" />
    <TestEntry testId="a7e88723-8b5a-898e-e1e7-2c3de4a24710" executionId="46de4353-02ce-4694-867c-378696dd1378" testListId="8c84fa94-04c1-424b-9868-57a2d4851a1d" />
    <TestEntry testId="7e2e5360-6df1-ebd4-8076-bf6f1d65e59c" executionId="8bf008b1-5cbe-43b6-a87a-3eb5a5050060" testListId="8c84fa94-04c1-424b-9868-57a2d4851a1d" />
    <TestEntry testId="d7d436a4-3906-ab93-f5f1-96092f24175b" executionId="44aaf72b-6e37-43b2-a686-1dc76d0a6649" testListId="8c84fa94-04c1-424b-9868-57a2d4851a1d" />
    <TestEntry testId="28e9670f-567b-9c6f-1402-8bf5f9a39898" executionId="7ab71a17-f6c6-49c1-b8be-adb90e413db6" testListId="8c84fa94-04c1-424b-9868-57a2d4851a1d" />
    <TestEntry testId="fbdd2467-997a-8b59-2d03-827ea0150a6e" executionId="af692494-9f45-45df-a487-a5fbdc861612" testListId="8c84fa94-04c1-424b-9868-57a2d4851a1d" />
    <TestEntry testId="ddb1687b-21f5-a3e9-7517-956477c2bca4" executionId="5eede82b-e7aa-4d0f-bd18-49476c3782ee" testListId="8c84fa94-04c1-424b-9868-57a2d4851a1d" />
    <TestEntry testId="d8da4ec2-35b9-0e3a-4030-62ef830c61a7" executionId="7e769272-7cc3-43fc-97fd-584034b70a65" testListId="8c84fa94-04c1-424b-9868-57a2d4851a1d" />
    <TestEntry testId="dfbdc630-5e07-0fdc-f3fc-f4c6c0ff0370" executionId="a22c75e6-f598-4fc6-b543-49e9bdf54c8e" testListId="8c84fa94-04c1-424b-9868-57a2d4851a1d" />
    <TestEntry testId="b4074a21-e2ce-5842-e74d-fc3d260f335c" executionId="4ae1a6e8-7643-40b2-ac89-416e4efd2de9" testListId="8c84fa94-04c1-424b-9868-57a2d4851a1d" />
    <TestEntry testId="cbb203b9-e6ef-c267-30db-ffaaa0662758" executionId="2aec5eb5-00a1-4f9a-908b-0f41834c0c3c" testListId="8c84fa94-04c1-424b-9868-57a2d4851a1d" />
    <TestEntry testId="093d6d69-22d5-1124-5efd-663062435753" executionId="ac80e207-398a-4102-878b-cfadc0167287" testListId="8c84fa94-04c1-424b-9868-57a2d4851a1d" />
    <TestEntry testId="e7aea337-de24-a376-f3b9-0d22e1d8af40" executionId="c6a8800f-0732-45a1-aa3b-d099a5d8f8be" testListId="8c84fa94-04c1-424b-9868-57a2d4851a1d" />
    <TestEntry testId="08154134-9b90-89e8-9af5-168ac43908b2" executionId="8e484aaa-2201-4397-80c5-200c6700e274" testListId="8c84fa94-04c1-424b-9868-57a2d4851a1d" />
    <TestEntry testId="2290ca4f-3875-8b90-edfe-8bab19de1b67" executionId="2e30dc2c-a71a-416c-bccb-1ccffe36bb0d" testListId="8c84fa94-04c1-424b-9868-57a2d4851a1d" />
    <TestEntry testId="d7c9e9c0-379b-4273-60a5-d000d941afe0" executionId="a1292602-8ff2-4035-9ed8-9f2c3617fbb1" testListId="8c84fa94-04c1-424b-9868-57a2d4851a1d" />
    <TestEntry testId="0393dea9-21b3-c648-a2bb-8c43c535c531" executionId="a259c78a-30bc-4841-827e-1ee881d859f9" testListId="8c84fa94-04c1-424b-9868-57a2d4851a1d" />
    <TestEntry testId="1609fce3-b504-eda5-c2a7-88a436828de6" executionId="dfc69bc4-87b9-4c31-9254-d1f904d3fc46" testListId="8c84fa94-04c1-424b-9868-57a2d4851a1d" />
    <TestEntry testId="98f07e3c-358f-d3cf-0895-d97022d04d5a" executionId="7e6d2ad2-1580-4f46-8b42-918077c18bfe" testListId="8c84fa94-04c1-424b-9868-57a2d4851a1d" />
    <TestEntry testId="ada0b923-425a-7a46-ecff-77f785a5120c" executionId="86cd2b05-d76e-444e-8d77-2f3fa0be4ba2" testListId="8c84fa94-04c1-424b-9868-57a2d4851a1d" />
    <TestEntry testId="30c94d1c-21b6-fe2b-316a-7b2ede5b4559" executionId="e351cd96-67e5-4f69-b388-f359d22701a1" testListId="8c84fa94-04c1-424b-9868-57a2d4851a1d" />
    <TestEntry testId="55b8d4af-b440-c4c8-a2fe-e30838b46a22" executionId="a7cc5d39-5e71-407c-9974-4fd0e3ab8e77" testListId="8c84fa94-04c1-424b-9868-57a2d4851a1d" />
    <TestEntry testId="a3fd5dca-f73b-62b1-bd58-55ba1ea9a5c1" executionId="7852c73a-077a-401a-ba25-fc1a4bb5e2a1" testListId="8c84fa94-04c1-424b-9868-57a2d4851a1d" />
    <TestEntry testId="3001e9c2-ed25-f9b0-79a7-f5c487f354a4" executionId="3c200928-17b3-489d-b6aa-2b4be16e6fc9" testListId="8c84fa94-04c1-424b-9868-57a2d4851a1d" />
    <TestEntry testId="5d6f6418-386d-98fe-bae2-b06e56b1e19a" executionId="121e86ea-f536-4472-9073-31cbcba0f649" testListId="8c84fa94-04c1-424b-9868-57a2d4851a1d" />
    <TestEntry testId="57ba7df0-92b3-047b-5050-37512ab886e0" executionId="10704aed-a3d2-4de6-ba0c-a4bc790e2a5c" testListId="8c84fa94-04c1-424b-9868-57a2d4851a1d" />
    <TestEntry testId="e0f0bbf4-1dc9-3459-3c93-967eeb7520cf" executionId="ecbfe9b4-3ddf-408d-9d43-8da40d4d7f04" testListId="8c84fa94-04c1-424b-9868-57a2d4851a1d" />
    <TestEntry testId="cc9c5d43-fd02-7e0a-3b7a-3966d3d7218e" executionId="0d8595c7-4c72-42c4-b8bb-d3f7deee8f63" testListId="8c84fa94-04c1-424b-9868-57a2d4851a1d" />
    <TestEntry testId="dca091ea-1cbc-5f9a-7502-bbe023c83808" executionId="bb622b96-b006-4752-8f3c-ecb4a1211f6a" testListId="8c84fa94-04c1-424b-9868-57a2d4851a1d" />
    <TestEntry testId="7a7864aa-a264-e531-b03f-9ba77df9e4f4" executionId="9f86aba3-eab9-4bb2-9399-31a34e30b7ff" testListId="8c84fa94-04c1-424b-9868-57a2d4851a1d" />
    <TestEntry testId="a3264e97-a002-ccfa-f0fa-ad04bee9701c" executionId="51fedcc1-6869-4441-88e8-e5cf732ab342" testListId="8c84fa94-04c1-424b-9868-57a2d4851a1d" />
    <TestEntry testId="c943d2d5-d592-e6ca-6e00-44246c3c5f00" executionId="143edff2-1c23-4e8f-8610-a231e5653001" testListId="8c84fa94-04c1-424b-9868-57a2d4851a1d" />
    <TestEntry testId="9bb1dcad-fcb0-330d-0709-c9e4144cf7f8" executionId="87f68a35-526a-4619-a1b2-b3a02697f0db" testListId="8c84fa94-04c1-424b-9868-57a2d4851a1d" />
    <TestEntry testId="d26c349f-95f0-0d83-37b0-8277c4d50a65" executionId="a2faa180-db8c-4a12-8021-aec11038ad96" testListId="8c84fa94-04c1-424b-9868-57a2d4851a1d" />
    <TestEntry testId="66f6f9ca-c07b-4d38-5e2a-4920c58f51c4" executionId="471bd0f7-cfa8-4a48-9415-c7d93c4df834" testListId="8c84fa94-04c1-424b-9868-57a2d4851a1d" />
    <TestEntry testId="e31f0b37-bc0f-e336-b3b7-a2096cfbdfc1" executionId="cf0d82e2-a18f-4460-b6b7-8cc56f407043" testListId="8c84fa94-04c1-424b-9868-57a2d4851a1d" />
    <TestEntry testId="877d15db-0f38-4d44-e0c0-f170c92f8958" executionId="2de4351d-7e43-44f4-8fec-59d872b1c917" testListId="8c84fa94-04c1-424b-9868-57a2d4851a1d" />
    <TestEntry testId="ef7b2c37-1e52-0fec-59d9-aedf0ac4d7b8" executionId="11231866-bd2a-4e75-901a-9230a608402f" testListId="8c84fa94-04c1-424b-9868-57a2d4851a1d" />
    <TestEntry testId="182711c0-250a-b813-8f26-c4e2fd373900" executionId="08be86f0-39f6-432d-a07b-c7723b5d69e1" testListId="8c84fa94-04c1-424b-9868-57a2d4851a1d" />
    <TestEntry testId="9110038b-b223-ff94-2668-b85a069e7261" executionId="28f298e8-c34f-4380-887d-c7f085a36ff4" testListId="8c84fa94-04c1-424b-9868-57a2d4851a1d" />
    <TestEntry testId="9524ede8-16bb-7379-a529-3ec35e85c5bc" executionId="e6ee5f50-5792-4ccd-a664-c3132f2fd499" testListId="8c84fa94-04c1-424b-9868-57a2d4851a1d" />
    <TestEntry testId="f85eddb6-61e8-5884-3144-1ddf8899fb41" executionId="e98acc72-1780-471b-995b-a876852ce399" testListId="8c84fa94-04c1-424b-9868-57a2d4851a1d" />
    <TestEntry testId="6094b16c-1fc2-c53b-5d3f-03b3a5b9342c" executionId="5af93e96-cf47-4c1c-b8de-9a5ce4c780a7" testListId="8c84fa94-04c1-424b-9868-57a2d4851a1d" />
    <TestEntry testId="339551d9-9d17-4cb2-416c-11838942374e" executionId="18cdd10f-6358-473a-a0d9-88e983ec8c99" testListId="8c84fa94-04c1-424b-9868-57a2d4851a1d" />
    <TestEntry testId="127bdc48-2cb0-eb0d-0eb8-f4e5625c7a31" executionId="11903e2e-6504-421d-86e3-76a6a3707cd3" testListId="8c84fa94-04c1-424b-9868-57a2d4851a1d" />
    <TestEntry testId="a378e966-1967-03e8-6d2e-051b0c421b96" executionId="99a33310-2310-4e3c-af7e-2588fc3b0d95" testListId="8c84fa94-04c1-424b-9868-57a2d4851a1d" />
    <TestEntry testId="5a26a265-5783-93f2-3fcd-7e67c3d71a8c" executionId="338ff769-9954-4a22-b0b8-f1637e465c55" testListId="8c84fa94-04c1-424b-9868-57a2d4851a1d" />
    <TestEntry testId="3eced6e8-2bb6-e504-06e4-8d378e6ddff6" executionId="6b6fbff7-cc9e-43c8-8edb-26c5f76ec45d" testListId="8c84fa94-04c1-424b-9868-57a2d4851a1d" />
    <TestEntry testId="67742a60-4b68-e5e0-9d7e-b44a8b7eeadd" executionId="bcf34f97-a184-4c9b-b776-da00da39ced9" testListId="8c84fa94-04c1-424b-9868-57a2d4851a1d" />
    <TestEntry testId="5a662f06-97b9-d580-dc09-5b578c4f6e42" executionId="e6200718-4f69-41f5-9f86-d0813c138aac" testListId="8c84fa94-04c1-424b-9868-57a2d4851a1d" />
    <TestEntry testId="0a43a3a6-79b0-9182-0258-9188c25dc043" executionId="edae3391-9e21-440f-aa70-8b49f62392ce" testListId="8c84fa94-04c1-424b-9868-57a2d4851a1d" />
    <TestEntry testId="a5b0261c-99ed-6de0-4e82-ffb3c3a8c55d" executionId="21c10f7d-ef10-4d0d-85d8-0791c92e1bec" testListId="8c84fa94-04c1-424b-9868-57a2d4851a1d" />
    <TestEntry testId="dc5585c5-ed56-4d92-117f-27ee8bbc6392" executionId="865f46ff-1f7f-41ff-85bb-b03326f60189" testListId="8c84fa94-04c1-424b-9868-57a2d4851a1d" />
    <TestEntry testId="8652aeba-792d-9d8c-0f0f-b917a43460b0" executionId="600d7861-a511-4b88-8894-06ea5c4bb646" testListId="8c84fa94-04c1-424b-9868-57a2d4851a1d" />
    <TestEntry testId="cd9b80e2-b450-dfb5-50fe-c74d73b29539" executionId="6e6e2fe7-46cf-4786-bc04-0e6d8eb0b761" testListId="8c84fa94-04c1-424b-9868-57a2d4851a1d" />
    <TestEntry testId="7d39e355-8daa-a30c-3d03-59dbb669e8dc" executionId="c0ba0b53-cf29-4f64-b286-07fe6fcacc24" testListId="8c84fa94-04c1-424b-9868-57a2d4851a1d" />
    <TestEntry testId="c4fc2d07-7267-f47c-9b24-2eafbede2fff" executionId="1dfbe28f-50a0-4f7c-b3d2-231d6f94eee7" testListId="8c84fa94-04c1-424b-9868-57a2d4851a1d" />
    <TestEntry testId="a85474ae-2967-b69d-5045-a4e24e68e36f" executionId="f56a538a-9b4c-40fa-a827-da26a309830c" testListId="8c84fa94-04c1-424b-9868-57a2d4851a1d" />
    <TestEntry testId="142bee73-ffde-24dd-28ed-fe9e02e37abc" executionId="ef26f660-d688-4b54-80f2-9c2a979d4533" testListId="8c84fa94-04c1-424b-9868-57a2d4851a1d" />
    <TestEntry testId="881cce1f-de25-d9c4-3686-f2632a9fa5d0" executionId="1bf68b53-e5a9-43f5-b0a8-3ab336ec9d97" testListId="8c84fa94-04c1-424b-9868-57a2d4851a1d" />
    <TestEntry testId="a08653e0-4983-d171-dc6f-8458b680423b" executionId="94784249-c1fa-49b0-989c-5023ce788eda" testListId="8c84fa94-04c1-424b-9868-57a2d4851a1d" />
    <TestEntry testId="df79eee8-6d78-6afa-dd9b-a03170811a13" executionId="7000829d-e55b-4908-8bbf-8d2e81b89417" testListId="8c84fa94-04c1-424b-9868-57a2d4851a1d" />
    <TestEntry testId="3c0b759b-f07e-0aa4-02e0-0808101868e7" executionId="325edb7e-e841-4898-ba62-daa722176276" testListId="8c84fa94-04c1-424b-9868-57a2d4851a1d" />
    <TestEntry testId="38841c9a-1e94-ace2-5531-37380c3cb27c" executionId="b61b87c9-265e-4729-86c3-ae1ad206cff5" testListId="8c84fa94-04c1-424b-9868-57a2d4851a1d" />
    <TestEntry testId="c36cb8ae-46c1-d837-c91e-720bf2554055" executionId="f0a81a0d-318d-4b12-b6e7-d45b3cb42137" testListId="8c84fa94-04c1-424b-9868-57a2d4851a1d" />
    <TestEntry testId="dab630fc-903d-cf72-2e8c-7c559e8ef2c8" executionId="e70a1103-175e-486b-99e6-68de93201ce4" testListId="8c84fa94-04c1-424b-9868-57a2d4851a1d" />
    <TestEntry testId="e2010539-700a-0895-cf20-741f7c61fd6e" executionId="788f9f9b-5c1c-48b4-ae18-f76d6a34f9f1" testListId="8c84fa94-04c1-424b-9868-57a2d4851a1d" />
    <TestEntry testId="ab40b798-d765-91f0-8e06-5b70f21cd8d8" executionId="7b67a322-f778-4011-8e5c-182894fb623b" testListId="8c84fa94-04c1-424b-9868-57a2d4851a1d" />
    <TestEntry testId="5fa14b7d-7f59-da21-db8d-8057acd4ecd4" executionId="0351089a-80c4-47b6-8961-43239844cf2a" testListId="8c84fa94-04c1-424b-9868-57a2d4851a1d" />
    <TestEntry testId="7546d94d-ce85-24d5-44ac-795ab0d6437a" executionId="a4454fe1-b373-4e00-a78a-14a1f110f656" testListId="8c84fa94-04c1-424b-9868-57a2d4851a1d" />
    <TestEntry testId="2c1e3bdc-8e1d-9575-3498-9a33d518275d" executionId="9b2f7510-06c4-4d7a-a52d-1f8ae2e72599" testListId="8c84fa94-04c1-424b-9868-57a2d4851a1d" />
    <TestEntry testId="2b46fd64-e5c0-ee62-8d5c-d0040171df6a" executionId="8cbce4f3-d72e-4249-a40a-837bb7d3647d" testListId="8c84fa94-04c1-424b-9868-57a2d4851a1d" />
    <TestEntry testId="0cfe45c3-690d-b4eb-33cc-460f9a2b1e7f" executionId="c4abfd87-feaf-4660-b5c0-be4f8633cb24" testListId="8c84fa94-04c1-424b-9868-57a2d4851a1d" />
    <TestEntry testId="ab640a57-752a-59a2-6621-efb7c01890e5" executionId="079af7fc-4e16-4543-82d6-2a0862d10eb8" testListId="8c84fa94-04c1-424b-9868-57a2d4851a1d" />
    <TestEntry testId="55859722-169b-f5f5-a556-d0974eccd57b" executionId="574a818d-f848-4792-a53a-b5751f433b3f" testListId="8c84fa94-04c1-424b-9868-57a2d4851a1d" />
    <TestEntry testId="eb685602-2e80-bc21-a1dc-470348e548df" executionId="ddb268d5-8850-4f23-b7d7-0dc0e859dd87" testListId="8c84fa94-04c1-424b-9868-57a2d4851a1d" />
    <TestEntry testId="594e18ca-0987-37df-7dc2-c7573e82a6a9" executionId="2297a7c4-214c-47dd-90ca-d11f56cdf23e" testListId="8c84fa94-04c1-424b-9868-57a2d4851a1d" />
    <TestEntry testId="eaa36cae-cec5-c0d3-577f-7f0969635ecb" executionId="f84f2d40-c357-4b22-a6a1-167e14e662e7" testListId="8c84fa94-04c1-424b-9868-57a2d4851a1d" />
    <TestEntry testId="b2700c23-7976-41f4-f6a2-216b72a9e115" executionId="439ddf75-c57e-4745-8a0e-b6ea7eadbafd" testListId="8c84fa94-04c1-424b-9868-57a2d4851a1d" />
    <TestEntry testId="5eb34856-2da0-4203-dee1-90fc0e782f79" executionId="5c6a5b97-1b90-4e83-8698-94889d713941" testListId="8c84fa94-04c1-424b-9868-57a2d4851a1d" />
    <TestEntry testId="8654dbfb-f069-ee22-a306-8ad0a67bb14f" executionId="06a85a66-2e13-4b04-aeb4-0bb112120815" testListId="8c84fa94-04c1-424b-9868-57a2d4851a1d" />
    <TestEntry testId="f8fc2d29-ae4a-2a28-38d3-c46c841711b9" executionId="78496af1-82f5-43d7-ad9a-95d2c284fd31" testListId="8c84fa94-04c1-424b-9868-57a2d4851a1d" />
    <TestEntry testId="e2a26798-3e2d-66bf-b3ed-e240aa86b080" executionId="86201c71-4a90-4cd8-8c6c-49ea12b60636" testListId="8c84fa94-04c1-424b-9868-57a2d4851a1d" />
    <TestEntry testId="aa756adc-70a2-2284-ea9c-e41840178340" executionId="a0caa8ca-51c5-4afb-9535-f8026c91fce9" testListId="8c84fa94-04c1-424b-9868-57a2d4851a1d" />
    <TestEntry testId="c22dba7b-8048-0edc-4264-1337741bdbf3" executionId="bb2d2b34-bf49-45f6-a066-fb32ea15c73d" testListId="8c84fa94-04c1-424b-9868-57a2d4851a1d" />
    <TestEntry testId="0269cbf6-265f-6c87-84a6-eaad977b24a8" executionId="bd4f7ce0-88d5-470c-96e9-74e40646057e" testListId="8c84fa94-04c1-424b-9868-57a2d4851a1d" />
    <TestEntry testId="eb80484c-36af-5133-1ada-8954549d374b" executionId="029b708d-dce0-442c-b8ac-06b87243aa83" testListId="8c84fa94-04c1-424b-9868-57a2d4851a1d" />
    <TestEntry testId="bebd57ae-bbed-9c03-8c0e-09b62ba6f6a1" executionId="1078a024-5c8a-4bb0-9253-ef7abb92f514" testListId="8c84fa94-04c1-424b-9868-57a2d4851a1d" />
    <TestEntry testId="b73418ff-2ad6-01a4-4ee7-8828e8f303c7" executionId="fc42f0cb-464f-40b9-8d5a-66ff65482048" testListId="8c84fa94-04c1-424b-9868-57a2d4851a1d" />
    <TestEntry testId="f6e3eaa7-8848-dc04-d52d-91af0fd72d66" executionId="0f5b31b7-cbc4-43c7-bf89-6663c017adda" testListId="8c84fa94-04c1-424b-9868-57a2d4851a1d" />
    <TestEntry testId="8484725a-6cd4-83fb-3ffb-951c33303e96" executionId="1efcb1c1-ab31-481f-9d13-1fb776475cf1" testListId="8c84fa94-04c1-424b-9868-57a2d4851a1d" />
    <TestEntry testId="ae90bd75-b902-7f37-c7b5-d2bdc8c4bc61" executionId="58647f68-84f9-499b-8c07-ce08de848d9d" testListId="8c84fa94-04c1-424b-9868-57a2d4851a1d" />
    <TestEntry testId="3bf32474-7a0d-2433-69f9-4e57b260d299" executionId="bf49ca0d-b4cc-49c7-a331-2b9805c70de7" testListId="8c84fa94-04c1-424b-9868-57a2d4851a1d" />
    <TestEntry testId="32e5d2be-7b20-dc2a-0e1d-8f5e32c6a33d" executionId="dc088b56-b72e-49bb-b130-2714c511d577" testListId="8c84fa94-04c1-424b-9868-57a2d4851a1d" />
    <TestEntry testId="9b2191ca-de78-2575-4a4a-b3a9a2067488" executionId="443b4ff7-c5e3-4e73-97a8-eba529ca9475" testListId="8c84fa94-04c1-424b-9868-57a2d4851a1d" />
    <TestEntry testId="2f20d77e-7fdc-bfdf-1dd4-a8da727855f9" executionId="87648adf-05c9-44a2-982a-1a969fd7f3f9" testListId="8c84fa94-04c1-424b-9868-57a2d4851a1d" />
    <TestEntry testId="a251fbff-911a-3cba-61e7-5ff36bd7bb05" executionId="053b31dc-e71e-4267-b32d-3ca259879832" testListId="8c84fa94-04c1-424b-9868-57a2d4851a1d" />
    <TestEntry testId="d38aba40-6207-a827-6008-82706c360bc9" executionId="68843a34-7419-44c5-910e-b8caae145a2d" testListId="8c84fa94-04c1-424b-9868-57a2d4851a1d" />
    <TestEntry testId="b0a833d1-f918-0115-a514-3841ec87d6a8" executionId="d68f1b56-cfe1-442e-9281-84384f01947e" testListId="8c84fa94-04c1-424b-9868-57a2d4851a1d" />
    <TestEntry testId="e2970972-ea34-e448-2041-84adb568fdea" executionId="f5e450a9-16cf-451d-981a-712817416c49" testListId="8c84fa94-04c1-424b-9868-57a2d4851a1d" />
    <TestEntry testId="d902866a-a6c6-b644-2cc0-b7b1b80822e4" executionId="97f56a7a-03a2-4cde-93e3-2b9794730902" testListId="8c84fa94-04c1-424b-9868-57a2d4851a1d" />
    <TestEntry testId="4f7556dd-01de-53b7-c0db-f3c78ec86f81" executionId="22b220cb-7ae4-4962-9abb-a65c1da1f1d5" testListId="8c84fa94-04c1-424b-9868-57a2d4851a1d" />
    <TestEntry testId="d721a845-0f8a-9056-d328-0cafd2f6648b" executionId="c0454f45-f0e1-44f4-bd5e-45f574d6fd16" testListId="8c84fa94-04c1-424b-9868-57a2d4851a1d" />
    <TestEntry testId="9c45de35-d86a-1dd1-2361-c05e2d40ebba" executionId="bce9a004-be9f-4ff5-b596-42e459e8cc5f" testListId="8c84fa94-04c1-424b-9868-57a2d4851a1d" />
    <TestEntry testId="7b3f8960-4d29-cfc4-ab61-e313ce02edaf" executionId="229a19be-5d77-4b63-a89f-2d5fc8ba9fc8" testListId="8c84fa94-04c1-424b-9868-57a2d4851a1d" />
    <TestEntry testId="cf3ce8a9-dafb-7bf0-be16-407770d74f8c" executionId="00c68654-58c1-4018-8bb2-a575102f24b3" testListId="8c84fa94-04c1-424b-9868-57a2d4851a1d" />
    <TestEntry testId="8f98d869-5df0-dc07-03cb-1a12635a8876" executionId="5acecd32-2ab1-488f-b8e9-6cace54888a7" testListId="8c84fa94-04c1-424b-9868-57a2d4851a1d" />
    <TestEntry testId="f1b57f3f-3220-124e-896b-da01bafcb43b" executionId="86380199-cf6a-49dc-ac2c-b33cd773a384" testListId="8c84fa94-04c1-424b-9868-57a2d4851a1d" />
    <TestEntry testId="d9d755e1-6dc7-5e45-5f41-1aba808dceaa" executionId="48b2f2b7-5d63-4e3c-85eb-b19a499dfa2e" testListId="8c84fa94-04c1-424b-9868-57a2d4851a1d" />
    <TestEntry testId="577853bd-d92f-63a0-3a06-64d985628bf4" executionId="cf7aaa86-d355-47a3-a878-ad8f7487b1a3" testListId="8c84fa94-04c1-424b-9868-57a2d4851a1d" />
    <TestEntry testId="ec1fffa6-089b-d47d-d435-f0a02acdccab" executionId="7b482a94-9cfa-4dc2-9181-a2464def672d" testListId="8c84fa94-04c1-424b-9868-57a2d4851a1d" />
    <TestEntry testId="42af4767-db61-a5cc-f12c-c7ba7d626fff" executionId="c86785e2-dde0-43cf-a7b3-81e9eed705d2" testListId="8c84fa94-04c1-424b-9868-57a2d4851a1d" />
    <TestEntry testId="7a214316-ec64-dc07-4ea5-967b680b9947" executionId="b32c2bf3-f8b9-464b-88d5-e697ed62c66b" testListId="8c84fa94-04c1-424b-9868-57a2d4851a1d" />
    <TestEntry testId="730bd739-f483-6549-4837-8508b1cb5917" executionId="c27c72d1-23a6-4a73-bdb1-7b0bb9d3494c" testListId="8c84fa94-04c1-424b-9868-57a2d4851a1d" />
    <TestEntry testId="6968fd26-b67d-ecc4-480a-3ffc35cb8c39" executionId="ba934adf-56ec-47ae-bd29-f068e0cf96e5" testListId="8c84fa94-04c1-424b-9868-57a2d4851a1d" />
    <TestEntry testId="341ef31b-d437-a146-037f-a9edcdf8f8f3" executionId="1e825c84-5901-4a7a-be62-79233a290729" testListId="8c84fa94-04c1-424b-9868-57a2d4851a1d" />
    <TestEntry testId="00e5dc4f-943c-26cc-2233-44bd1a0b0f7e" executionId="e8bfe3bc-7205-4b1e-bfc4-28d8f9b94861" testListId="8c84fa94-04c1-424b-9868-57a2d4851a1d" />
    <TestEntry testId="691aa125-d7d5-efd4-f138-9f97eb3c0bfd" executionId="c3f66969-aabe-414d-91e8-7e318bc12a13" testListId="8c84fa94-04c1-424b-9868-57a2d4851a1d" />
    <TestEntry testId="9068a2c7-5f77-a991-fe86-17cee1cf0d9e" executionId="29856374-8351-40e5-87df-7f48c36ed1be" testListId="8c84fa94-04c1-424b-9868-57a2d4851a1d" />
    <TestEntry testId="02c19d9d-3cb1-f310-6c51-02331b43a835" executionId="dbb94961-59fd-4d14-937a-c05c27917cc9" testListId="8c84fa94-04c1-424b-9868-57a2d4851a1d" />
    <TestEntry testId="a4cf0f0e-3157-3fd2-1fd7-296445929fa6" executionId="dcc5ee61-a433-4824-b943-d02a825f85c3" testListId="8c84fa94-04c1-424b-9868-57a2d4851a1d" />
    <TestEntry testId="fe6c340a-2944-b673-a471-414785b785f0" executionId="da49e6e6-3f17-4e52-8245-394d54000153" testListId="8c84fa94-04c1-424b-9868-57a2d4851a1d" />
    <TestEntry testId="605d1c99-1323-da38-73f6-6baae324cf28" executionId="419dc83c-70ae-4846-9ae8-01b5a6da31ad" testListId="8c84fa94-04c1-424b-9868-57a2d4851a1d" />
    <TestEntry testId="9f5d896c-23c4-d5ae-33fd-fd6708172748" executionId="e21933ce-eea0-428f-9ced-564de2b29afe" testListId="8c84fa94-04c1-424b-9868-57a2d4851a1d" />
    <TestEntry testId="6f678329-59b4-2768-96fe-0f42ff16fa5a" executionId="844deb43-628a-4e5b-95d5-a271e1839d79" testListId="8c84fa94-04c1-424b-9868-57a2d4851a1d" />
    <TestEntry testId="5a0d41d5-a45f-321a-23b7-ba377fafda63" executionId="0edf0258-84bd-4147-b82d-caea8d66a027" testListId="8c84fa94-04c1-424b-9868-57a2d4851a1d" />
    <TestEntry testId="5a86e92f-0ef8-2d17-4442-ea65b9155454" executionId="c94e15b4-c419-4004-aa43-48648bd8dea5" testListId="8c84fa94-04c1-424b-9868-57a2d4851a1d" />
    <TestEntry testId="ac735a88-f7b8-8443-7a9e-2c213dd47d0d" executionId="bfedf967-70e7-4c16-9e1d-886642ea4031" testListId="8c84fa94-04c1-424b-9868-57a2d4851a1d" />
    <TestEntry testId="d1040cc9-0db5-a2c6-8e3b-599d9ae0566a" executionId="53b962a2-87d9-4a26-854d-787bfdc1a471" testListId="8c84fa94-04c1-424b-9868-57a2d4851a1d" />
    <TestEntry testId="2cad1e90-449b-be41-afc8-3e491b2139de" executionId="290c82d7-7e5f-4296-a25b-d7db2037701d" testListId="8c84fa94-04c1-424b-9868-57a2d4851a1d" />
    <TestEntry testId="5a84b0ae-e586-2a61-f5c2-4aa06fe15347" executionId="6c398df5-e405-4bb6-a721-aa724576edd0" testListId="8c84fa94-04c1-424b-9868-57a2d4851a1d" />
    <TestEntry testId="4eacc58a-39a5-cdc4-7cb0-909b522f5263" executionId="6964c983-978f-480c-923e-d569d65a6df0" testListId="8c84fa94-04c1-424b-9868-57a2d4851a1d" />
    <TestEntry testId="1ae6bd7a-6166-ebed-fdc7-bafecc9a34a5" executionId="b05d4851-84c1-4bac-930d-d6487274d678" testListId="8c84fa94-04c1-424b-9868-57a2d4851a1d" />
    <TestEntry testId="a6af2890-8947-2003-b0eb-4dbbae27d5ed" executionId="95df3b0c-5757-4344-b858-a3182294200b" testListId="8c84fa94-04c1-424b-9868-57a2d4851a1d" />
    <TestEntry testId="6ceec2cf-1895-3234-fc41-4c88056af76b" executionId="9f6715b2-248b-4e43-8cb0-5469f79ffa81" testListId="8c84fa94-04c1-424b-9868-57a2d4851a1d" />
    <TestEntry testId="ed24fa60-9ae1-327a-34dd-25499ff1e673" executionId="da614da7-c795-4ab0-a18e-6101eddb0295" testListId="8c84fa94-04c1-424b-9868-57a2d4851a1d" />
    <TestEntry testId="308de2f1-a65b-2ef3-00c3-b11aed421fad" executionId="8a99cc8a-cc02-497a-ba81-55c6e05b090b" testListId="8c84fa94-04c1-424b-9868-57a2d4851a1d" />
    <TestEntry testId="e67c7e39-2041-921d-fcbf-52c404627a21" executionId="ae4432ff-2256-4841-86ff-825920e7fc42" testListId="8c84fa94-04c1-424b-9868-57a2d4851a1d" />
    <TestEntry testId="50ceb1a3-bbee-77bd-f7c8-ea6ffa8fcb9e" executionId="0ab88ab2-3f05-48ac-ac3b-1287b5a5c36d" testListId="8c84fa94-04c1-424b-9868-57a2d4851a1d" />
    <TestEntry testId="6ebc79a4-987d-2bc3-df08-09a50a77278a" executionId="42750f8a-1987-42d5-9d13-3cad815b0345" testListId="8c84fa94-04c1-424b-9868-57a2d4851a1d" />
    <TestEntry testId="412203ea-3b32-8c37-03c6-58087662cf65" executionId="da43145f-8858-4196-acfa-76c0b32a52e4" testListId="8c84fa94-04c1-424b-9868-57a2d4851a1d" />
    <TestEntry testId="688ab4e1-9ede-63ba-415f-d219cfbc76f5" executionId="ee994bfe-230e-423f-abf9-4d6990ab38ac" testListId="8c84fa94-04c1-424b-9868-57a2d4851a1d" />
    <TestEntry testId="929d3ee7-c2a7-b471-7d66-c1eb4d7bfb83" executionId="874f5dee-6f55-446c-b653-8d1012ebac9d" testListId="8c84fa94-04c1-424b-9868-57a2d4851a1d" />
    <TestEntry testId="86e77e5b-a8c7-eee6-7aa2-17ce1d5eb81f" executionId="03ba59e0-90b4-46d5-83e9-c012f62c2ecd" testListId="8c84fa94-04c1-424b-9868-57a2d4851a1d" />
    <TestEntry testId="48e7dd7c-963d-0c73-c44e-071d94068a1f" executionId="067b1f4d-314e-41a3-ad81-339c705ef99b" testListId="8c84fa94-04c1-424b-9868-57a2d4851a1d" />
    <TestEntry testId="99afc3a3-e56c-65f0-a935-a8e52ed7d982" executionId="fdf29a7c-e9d5-482e-98d9-21862fc4bc56" testListId="8c84fa94-04c1-424b-9868-57a2d4851a1d" />
    <TestEntry testId="7900cd3f-12b8-1eff-695a-493ad9dbd3cf" executionId="509211a7-d7c3-4c5f-aac5-5638fc663f35" testListId="8c84fa94-04c1-424b-9868-57a2d4851a1d" />
    <TestEntry testId="5eff9454-3e7e-e22f-ff2d-9eff65c48d24" executionId="b4348d13-e465-4252-a1ce-72a0a5c34ca8" testListId="8c84fa94-04c1-424b-9868-57a2d4851a1d" />
    <TestEntry testId="95872637-10aa-91a4-5b1e-72f11650fb60" executionId="47a94cf4-06e4-438b-ae0c-3bde50dd1d4a" testListId="8c84fa94-04c1-424b-9868-57a2d4851a1d" />
    <TestEntry testId="5e9ea610-9094-fb5a-1809-d8c49e738327" executionId="c74f6ccf-d2c6-4353-90df-6b36de136ad4" testListId="8c84fa94-04c1-424b-9868-57a2d4851a1d" />
    <TestEntry testId="e2464868-1917-fea2-960f-a50e75ae2910" executionId="ab298198-f53f-49c1-821a-5d7527909f72" testListId="8c84fa94-04c1-424b-9868-57a2d4851a1d" />
    <TestEntry testId="d7728b7a-65fd-b6e3-45d3-f0717092cd5c" executionId="f82302a2-d841-432b-bb0c-06a2c1ec64f9" testListId="8c84fa94-04c1-424b-9868-57a2d4851a1d" />
    <TestEntry testId="988a76fb-eb14-31ef-5ee6-1186dfa7274b" executionId="6876f956-4927-48a9-910d-65345d1998dc" testListId="8c84fa94-04c1-424b-9868-57a2d4851a1d" />
    <TestEntry testId="f05470f3-dd98-66fc-30c8-eedbefc2c2fd" executionId="832fa901-80a8-40f4-8dbd-12def53c949a" testListId="8c84fa94-04c1-424b-9868-57a2d4851a1d" />
    <TestEntry testId="e9be7b7b-dc0a-0a89-0d10-388e7cb87792" executionId="4b81962b-e424-4a89-845e-687054128431" testListId="8c84fa94-04c1-424b-9868-57a2d4851a1d" />
    <TestEntry testId="8cf89d54-be14-6b51-122f-95abd8412bb8" executionId="23299558-5a24-463f-a284-d03618a65494" testListId="8c84fa94-04c1-424b-9868-57a2d4851a1d" />
    <TestEntry testId="af8664c8-bb1f-43f3-80b2-16d2443501ee" executionId="ae3e9657-7d44-44c8-86a9-998d34655ce2" testListId="8c84fa94-04c1-424b-9868-57a2d4851a1d" />
    <TestEntry testId="2e239ad8-51c8-4368-8f5f-8170258aca39" executionId="cb8e1084-4d83-4fd5-aa35-e27099744b83" testListId="8c84fa94-04c1-424b-9868-57a2d4851a1d" />
    <TestEntry testId="6a103265-61c4-c703-aa4c-eb91c9c0b9e7" executionId="c5ad334f-a399-4418-8025-9982d3e48082" testListId="8c84fa94-04c1-424b-9868-57a2d4851a1d" />
    <TestEntry testId="543fd025-c46a-063a-e7de-4ca06c2152d1" executionId="cceb20eb-448c-45aa-b613-339c0e0ec538" testListId="8c84fa94-04c1-424b-9868-57a2d4851a1d" />
    <TestEntry testId="92cdf67a-081b-2da5-36e5-8c058767cb2d" executionId="f9282504-243b-4944-bda8-cfd083399faf" testListId="8c84fa94-04c1-424b-9868-57a2d4851a1d" />
    <TestEntry testId="af35a698-328d-7ccb-f3a4-1ca20c607cd3" executionId="62c21976-c241-42c1-bda3-f1104dbfd854" testListId="8c84fa94-04c1-424b-9868-57a2d4851a1d" />
    <TestEntry testId="facad60b-be32-9dda-fba5-7c7fb77c582b" executionId="910c971b-ac41-41f9-b103-3d8b0bbe41c5" testListId="8c84fa94-04c1-424b-9868-57a2d4851a1d" />
    <TestEntry testId="a7f039bb-e008-d895-9ca3-6a3be43521e0" executionId="f7629d48-17a0-4cbc-85e8-2412de27006a" testListId="8c84fa94-04c1-424b-9868-57a2d4851a1d" />
    <TestEntry testId="c7f0b721-5cb3-11b9-78ce-982c6c93b561" executionId="bd5ef3a2-fe30-4a7f-840f-a58040e94a31" testListId="8c84fa94-04c1-424b-9868-57a2d4851a1d" />
    <TestEntry testId="9f772cef-e404-3eb2-ee64-340c0f46aba5" executionId="30eb349e-6b08-4168-b5c2-ec2c713dcb77" testListId="8c84fa94-04c1-424b-9868-57a2d4851a1d" />
    <TestEntry testId="939a2244-834b-61d1-6354-aa06c674cd79" executionId="da5ffe39-95e9-410b-865e-3336490b39bc" testListId="8c84fa94-04c1-424b-9868-57a2d4851a1d" />
    <TestEntry testId="3c0ef892-0b3e-7e60-bcd6-b7064953d994" executionId="248575f0-1699-4ff5-a186-3fbc7b8cae8d" testListId="8c84fa94-04c1-424b-9868-57a2d4851a1d" />
    <TestEntry testId="7d6d4444-0857-2926-ad21-737ce1d59354" executionId="bfab9ac7-4459-4cff-900b-a68fc4b9400e" testListId="8c84fa94-04c1-424b-9868-57a2d4851a1d" />
    <TestEntry testId="29221416-c2aa-3a8e-bcbb-e2e374422384" executionId="5b4e5bc7-3611-4731-b0af-4430434a182c" testListId="8c84fa94-04c1-424b-9868-57a2d4851a1d" />
    <TestEntry testId="3f1a6d2c-e41e-7400-2935-a30ddfef3b4f" executionId="e84e6391-810d-4505-b2ab-bc109345b96a" testListId="8c84fa94-04c1-424b-9868-57a2d4851a1d" />
    <TestEntry testId="915baf8a-558c-8445-25e8-39afc4def2d3" executionId="451c1767-6e45-4afd-89f3-1cbd0a15f388" testListId="8c84fa94-04c1-424b-9868-57a2d4851a1d" />
    <TestEntry testId="fccc4855-8f79-aac6-2d77-b19e845576b0" executionId="66009858-a8cd-4d20-8a9e-fce6a685b59a" testListId="8c84fa94-04c1-424b-9868-57a2d4851a1d" />
    <TestEntry testId="fd196665-9f74-c566-c22f-3c3e5b1d3bc2" executionId="c591c6cc-5cb6-420c-b51a-252a2d768d4b" testListId="8c84fa94-04c1-424b-9868-57a2d4851a1d" />
    <TestEntry testId="91185eda-8025-13c8-dfb8-0ba856a8e4b6" executionId="7c5c2858-175c-4e15-aa7e-94d219bea5ae" testListId="8c84fa94-04c1-424b-9868-57a2d4851a1d" />
    <TestEntry testId="2312bf96-caf8-4555-c7c6-ad46b1dc526b" executionId="1f013769-40e1-4002-a7fe-060ac74b392f" testListId="8c84fa94-04c1-424b-9868-57a2d4851a1d" />
    <TestEntry testId="16c2d2bb-f749-1b84-5d1a-f4693eeff379" executionId="60be3c90-70c7-4e9b-b4b6-6ce511c3ebdd" testListId="8c84fa94-04c1-424b-9868-57a2d4851a1d" />
    <TestEntry testId="3052bbd6-828d-da64-f0c6-52ba6226af7a" executionId="71195b26-e693-458b-bb06-1678f3d27163" testListId="8c84fa94-04c1-424b-9868-57a2d4851a1d" />
    <TestEntry testId="de7798a5-e4ad-f8d4-2c72-5c24a0cf7145" executionId="11be3d8a-c9d5-4b1d-bd42-2328ae027a1c" testListId="8c84fa94-04c1-424b-9868-57a2d4851a1d" />
    <TestEntry testId="537f464b-2890-762f-2d6a-4c915364b3e3" executionId="ee1d4583-c411-4315-bc22-31ae5c4c41ad" testListId="8c84fa94-04c1-424b-9868-57a2d4851a1d" />
    <TestEntry testId="c43ccd69-1d07-f1ca-15df-57ee4d99dac7" executionId="68bf2040-af14-49fd-a2fb-94e8979e2110" testListId="8c84fa94-04c1-424b-9868-57a2d4851a1d" />
    <TestEntry testId="9f00f2fa-3d74-2446-5749-9f3e0babecac" executionId="fc0c536c-da23-4922-b094-1eb063166fac" testListId="8c84fa94-04c1-424b-9868-57a2d4851a1d" />
    <TestEntry testId="cd11f649-a23e-aa6b-25ea-c9537d6d7754" executionId="2431f74f-1df4-4bc9-bf17-ec88bcb5fa28" testListId="8c84fa94-04c1-424b-9868-57a2d4851a1d" />
    <TestEntry testId="34211a94-c56c-bda5-da75-a958f6fec0fd" executionId="59a551bf-705f-41d5-9d6f-f58ff5557b90" testListId="8c84fa94-04c1-424b-9868-57a2d4851a1d" />
    <TestEntry testId="914fcf56-73e7-5755-af49-0edb6532b413" executionId="55a77f41-714a-4010-8c62-09e993dc5659" testListId="8c84fa94-04c1-424b-9868-57a2d4851a1d" />
    <TestEntry testId="55fcdea5-f0c8-1939-1d6f-85530f5b3f84" executionId="472bd2e7-213d-413e-94c7-c1964d36d72b" testListId="8c84fa94-04c1-424b-9868-57a2d4851a1d" />
    <TestEntry testId="bd9e4de3-f354-3ba6-5d06-fcf4d194d7fd" executionId="bc14bfa8-87c6-44e2-97c0-53e4c33a4735" testListId="8c84fa94-04c1-424b-9868-57a2d4851a1d" />
    <TestEntry testId="e01f699e-2cfd-1511-9baf-46a63b479927" executionId="49dbab85-ff8c-4870-8765-ce9c75dba4bf" testListId="8c84fa94-04c1-424b-9868-57a2d4851a1d" />
    <TestEntry testId="807a3318-f20a-42a4-889a-f1120df8c97a" executionId="a93640a9-cc4f-4bd3-8020-08893e9a14cb" testListId="8c84fa94-04c1-424b-9868-57a2d4851a1d" />
    <TestEntry testId="3a2ef3df-829b-c946-16cd-4ccab9f111ab" executionId="288f92a8-3bbe-4d85-870a-dc9b852ba9a0" testListId="8c84fa94-04c1-424b-9868-57a2d4851a1d" />
    <TestEntry testId="33f1551c-325e-5bc6-9b2a-69eeddb08656" executionId="d2e2f894-ed06-4e72-ae27-e5955b4be708" testListId="8c84fa94-04c1-424b-9868-57a2d4851a1d" />
    <TestEntry testId="1ba574a1-6649-3d9c-bbd9-ac7d24976a9a" executionId="7c5f16c5-68a7-4c4a-9608-62482dc69a3f" testListId="8c84fa94-04c1-424b-9868-57a2d4851a1d" />
    <TestEntry testId="5a87932a-3364-a4d0-eff8-debcdd964c85" executionId="de9bab7a-3f6a-445b-ba83-ba8fdaa966f3" testListId="8c84fa94-04c1-424b-9868-57a2d4851a1d" />
    <TestEntry testId="683f065d-9593-0c25-faae-663a5d47b14d" executionId="4f2deafe-2208-48e4-bd2e-1db80f77cb39" testListId="8c84fa94-04c1-424b-9868-57a2d4851a1d" />
    <TestEntry testId="82b008a7-be57-0cc4-9799-cf73507f9143" executionId="fc74cd9b-79d4-448e-90d5-4ecbf6b3b54e" testListId="8c84fa94-04c1-424b-9868-57a2d4851a1d" />
    <TestEntry testId="54cf61e4-1c71-8316-8ed4-f64d77175755" executionId="c167473e-9615-4827-ae33-cf3402d425a8" testListId="8c84fa94-04c1-424b-9868-57a2d4851a1d" />
    <TestEntry testId="313fbd05-9ccb-9751-9fc3-6e68b028f609" executionId="3ef56146-4c57-4223-b556-4992be59a858" testListId="8c84fa94-04c1-424b-9868-57a2d4851a1d" />
    <TestEntry testId="fdf1163b-4929-09f8-4881-b4623554d75c" executionId="b57e4f6f-8b85-4910-a829-02363eea389f" testListId="8c84fa94-04c1-424b-9868-57a2d4851a1d" />
    <TestEntry testId="3b471184-88ca-7a13-34f4-c6d1b7cf4d66" executionId="cb819807-2556-4915-882b-2c29906de386" testListId="8c84fa94-04c1-424b-9868-57a2d4851a1d" />
    <TestEntry testId="953013aa-d082-3c5d-8a98-9e0ecff132b0" executionId="c490545e-aa12-4f4e-9362-42dd2672e14f" testListId="8c84fa94-04c1-424b-9868-57a2d4851a1d" />
    <TestEntry testId="7c6a723b-a4be-6a05-a4a9-5ba579b0ba3b" executionId="5c8d459f-e659-407c-aef3-a661ba8c88dd" testListId="8c84fa94-04c1-424b-9868-57a2d4851a1d" />
    <TestEntry testId="45cb87c9-ee6a-f724-01aa-c025b8b44d98" executionId="05d598b9-30a7-49ae-a7b7-0f4f0764c93e" testListId="8c84fa94-04c1-424b-9868-57a2d4851a1d" />
    <TestEntry testId="12f89f78-f9fc-272f-f46c-011dcde46eaa" executionId="cb33dd54-51e4-4698-bcb5-aa900f910132" testListId="8c84fa94-04c1-424b-9868-57a2d4851a1d" />
    <TestEntry testId="385136dc-bac7-acd8-7962-cdf97a4bb2c9" executionId="80a6bd22-0b44-4f57-a415-8bcfe154146d" testListId="8c84fa94-04c1-424b-9868-57a2d4851a1d" />
    <TestEntry testId="11a34d87-512e-de17-6267-ac3a29b1cf72" executionId="abc3c17d-9732-4625-af28-201d80a32282" testListId="8c84fa94-04c1-424b-9868-57a2d4851a1d" />
    <TestEntry testId="22abed9d-49d8-71a4-89c2-66713f85425f" executionId="d8b58d79-dedb-4ac0-986c-7c0d070cacf0" testListId="8c84fa94-04c1-424b-9868-57a2d4851a1d" />
    <TestEntry testId="ee5a758c-544a-d3b1-f895-5f90e0109756" executionId="fd47edb7-f940-4119-8fd0-f226aad62ce6" testListId="8c84fa94-04c1-424b-9868-57a2d4851a1d" />
    <TestEntry testId="6fb0c6b5-3d65-c95b-a9a8-8dfc5d0d66aa" executionId="a1c697a3-4c56-4c8f-a3ad-eb0d14ce129b" testListId="8c84fa94-04c1-424b-9868-57a2d4851a1d" />
    <TestEntry testId="036f551c-e61f-c570-996f-7bae87eb586a" executionId="459488b2-4dcf-4c28-9d9e-52c5ca098a6b" testListId="8c84fa94-04c1-424b-9868-57a2d4851a1d" />
    <TestEntry testId="57bcd0ca-050a-b275-e807-ded96d0587fe" executionId="8e3c0394-9e56-4c68-a1f7-35fbfa89416d" testListId="8c84fa94-04c1-424b-9868-57a2d4851a1d" />
    <TestEntry testId="da64defb-3906-2b10-5011-37335c8d4ff1" executionId="c80fc98d-1586-4e4a-b034-903a8d122bed" testListId="8c84fa94-04c1-424b-9868-57a2d4851a1d" />
    <TestEntry testId="c3437a62-552a-ed54-b8f7-fcecde198474" executionId="afdf63b1-3b13-4587-811e-e67834e0b6ef" testListId="8c84fa94-04c1-424b-9868-57a2d4851a1d" />
    <TestEntry testId="1685dbe1-9f1c-2a95-90f9-ff921808fdad" executionId="dfc2ddd7-a5a4-4e59-bec9-ce644762317c" testListId="8c84fa94-04c1-424b-9868-57a2d4851a1d" />
    <TestEntry testId="7227b3e2-e334-0aaa-fa61-7c29a4ebe86b" executionId="c8daaa73-b545-4f4d-9c37-fc804a4c8950" testListId="8c84fa94-04c1-424b-9868-57a2d4851a1d" />
    <TestEntry testId="341643ad-55ad-fdb4-18ba-ece3bccc4431" executionId="fdac7c9f-5cc6-4ed7-9fb1-381c30e2fee6" testListId="8c84fa94-04c1-424b-9868-57a2d4851a1d" />
    <TestEntry testId="4c7d6d90-1ebb-8c38-5ca6-20ae78ee870a" executionId="4df33f41-d3ae-4a96-aaaf-efd9a20d9e93" testListId="8c84fa94-04c1-424b-9868-57a2d4851a1d" />
    <TestEntry testId="d092aa67-a9be-4767-c2e7-52ff796b3a92" executionId="7ff5b099-42c8-41ce-b2c8-5edeffebbfd9" testListId="8c84fa94-04c1-424b-9868-57a2d4851a1d" />
    <TestEntry testId="6aeb39e9-dab2-1804-ca3c-8a8217081440" executionId="0687909c-9676-4803-8e83-5dcbbce07ce0" testListId="8c84fa94-04c1-424b-9868-57a2d4851a1d" />
    <TestEntry testId="c7feaebf-9198-62e2-d84a-e46179321576" executionId="52b1a9c5-d40d-43ac-b508-1df5228b29f8" testListId="8c84fa94-04c1-424b-9868-57a2d4851a1d" />
    <TestEntry testId="c7b1f0e6-b20c-4656-f570-63b0a322af39" executionId="85a15b43-87b6-49ba-bc4e-b3f45437375c" testListId="8c84fa94-04c1-424b-9868-57a2d4851a1d" />
    <TestEntry testId="ba601120-1d8a-05ea-533e-27048785ecd2" executionId="098473ca-4595-473a-b254-9e656c1d30fc" testListId="8c84fa94-04c1-424b-9868-57a2d4851a1d" />
    <TestEntry testId="800e376d-8447-b1c1-a59a-6bbdf67f99d3" executionId="60873aaf-abd3-4caf-80bf-610344e677ca" testListId="8c84fa94-04c1-424b-9868-57a2d4851a1d" />
    <TestEntry testId="be756dfa-b7b5-ad99-6695-714ebfe75552" executionId="4edac5e1-ed4c-4702-ab70-041b6985abe5" testListId="8c84fa94-04c1-424b-9868-57a2d4851a1d" />
    <TestEntry testId="dcd5e115-f666-b3c0-1f2e-23ef0ff0a732" executionId="c96d63d2-654c-418d-bc93-03ae3a96c963" testListId="8c84fa94-04c1-424b-9868-57a2d4851a1d" />
    <TestEntry testId="4758b8c7-dd1b-ea54-9b32-61255bb7b2ee" executionId="4e7c3beb-8059-4d4f-b403-27fc6793fdd4" testListId="8c84fa94-04c1-424b-9868-57a2d4851a1d" />
    <TestEntry testId="2fff50bd-e523-bbea-2dad-8cb56239ed43" executionId="a70420a9-893a-4c2f-8241-5a202490ea77" testListId="8c84fa94-04c1-424b-9868-57a2d4851a1d" />
    <TestEntry testId="3f7e344f-2ac5-e9c1-c15b-3351e575b864" executionId="d615253b-e3c5-4d08-927a-e3780d4fc7ec" testListId="8c84fa94-04c1-424b-9868-57a2d4851a1d" />
    <TestEntry testId="1b49c08b-32cf-4465-2415-0716b4f9d1dc" executionId="426df2b8-2cf0-499f-9d3b-c6de27b695f5" testListId="8c84fa94-04c1-424b-9868-57a2d4851a1d" />
    <TestEntry testId="825f865b-478d-d1c8-2ac4-a7befc0ac424" executionId="7a1e0ee5-ff8c-45a3-a409-c6bea44a30ad" testListId="8c84fa94-04c1-424b-9868-57a2d4851a1d" />
    <TestEntry testId="29c7ac91-4e62-f459-d5d6-91ca9bee8817" executionId="8ffc2310-b8a4-4e02-9a7d-880ad64507ee" testListId="8c84fa94-04c1-424b-9868-57a2d4851a1d" />
    <TestEntry testId="6641a4e9-3fe6-7f29-b4a1-efa288cf1fad" executionId="6dcf50e6-2411-47e6-befd-fe915a9395cf" testListId="8c84fa94-04c1-424b-9868-57a2d4851a1d" />
    <TestEntry testId="4382419f-13f7-0845-003b-916b2981c71a" executionId="7f1f4234-3936-4ed0-ac04-b31fad95eae1" testListId="8c84fa94-04c1-424b-9868-57a2d4851a1d" />
    <TestEntry testId="be1b6951-253c-0819-087b-82ed5331132b" executionId="fdd09819-3fa1-447c-b390-4a52cce33012" testListId="8c84fa94-04c1-424b-9868-57a2d4851a1d" />
    <TestEntry testId="67cc3065-555c-f5aa-0cc2-37a5adf97462" executionId="e19d9b28-d63b-47e3-b65a-a065a09abac3" testListId="8c84fa94-04c1-424b-9868-57a2d4851a1d" />
    <TestEntry testId="00120dea-7622-88ad-3f22-a370349f1818" executionId="51ce5591-5435-43a0-8891-b912126e490d" testListId="8c84fa94-04c1-424b-9868-57a2d4851a1d" />
    <TestEntry testId="3c5b1a9e-c8b2-65c9-34cd-2a1c54be71ab" executionId="37e3aedb-a917-4789-8353-6d00431d26e3" testListId="8c84fa94-04c1-424b-9868-57a2d4851a1d" />
    <TestEntry testId="c6fb0d07-8065-f29e-c772-055a9d010e16" executionId="13c1f020-ffb1-40ca-a22a-64d27bd30ed3" testListId="8c84fa94-04c1-424b-9868-57a2d4851a1d" />
    <TestEntry testId="54177842-3e52-de32-f3fa-d7af1a4fc4f9" executionId="c3f2c2aa-0969-4f19-821c-49ae42aee98f" testListId="8c84fa94-04c1-424b-9868-57a2d4851a1d" />
    <TestEntry testId="bd9be175-3f11-e2af-e478-5a99233fd72f" executionId="2eb93bcf-0a1f-40c9-b290-56ede8c8aa31" testListId="8c84fa94-04c1-424b-9868-57a2d4851a1d" />
    <TestEntry testId="5207ba34-ff73-e996-4133-2d057c8d5ad1" executionId="1ce5ac1d-f9bf-443f-94c0-12ea446a083a" testListId="8c84fa94-04c1-424b-9868-57a2d4851a1d" />
    <TestEntry testId="266c1673-c18f-1799-f292-dae45c9faeb0" executionId="3ba20df8-3c68-48fb-acf9-b8eaf324e2ab" testListId="8c84fa94-04c1-424b-9868-57a2d4851a1d" />
    <TestEntry testId="4dcc34f5-2e20-7f83-e900-3de41873f6a4" executionId="73e5ee08-facd-48c6-afff-48e0cbd979c5" testListId="8c84fa94-04c1-424b-9868-57a2d4851a1d" />
    <TestEntry testId="5bf2f827-a694-5c40-9e1c-9ae629007eed" executionId="09c910ce-e29c-44f0-add0-b01ad6d73bbf" testListId="8c84fa94-04c1-424b-9868-57a2d4851a1d" />
    <TestEntry testId="dbdd8738-f971-2ac4-1f4f-b334ef243188" executionId="0b70e73b-2bf7-4927-a65c-ef3fbbd0a6e2" testListId="8c84fa94-04c1-424b-9868-57a2d4851a1d" />
    <TestEntry testId="04bd6ec9-2d65-7664-c334-46c83b945990" executionId="0b446aa0-c206-48df-aa17-56e474cf3c08" testListId="8c84fa94-04c1-424b-9868-57a2d4851a1d" />
    <TestEntry testId="36047bf0-906f-2972-04b9-54bf22739225" executionId="32799fa6-b265-45b5-8f59-754c35e4587d" testListId="8c84fa94-04c1-424b-9868-57a2d4851a1d" />
    <TestEntry testId="a1e89a98-a76b-73b6-16aa-d82d2430a368" executionId="03eef63f-bb89-49c4-b50e-8f7e384a2591" testListId="8c84fa94-04c1-424b-9868-57a2d4851a1d" />
    <TestEntry testId="fa72d82c-ff06-ed3e-fe4c-28ba5a65c72a" executionId="e1674582-18f5-4e06-b961-f1702c9779c0" testListId="8c84fa94-04c1-424b-9868-57a2d4851a1d" />
    <TestEntry testId="97b1f011-5b3f-3448-cf2c-c730ad856ce3" executionId="c406efda-3317-43d5-90db-45613f589753" testListId="8c84fa94-04c1-424b-9868-57a2d4851a1d" />
    <TestEntry testId="d9c88791-a31f-50fb-edfa-0553db7632a5" executionId="43f9f7ef-d16f-452a-8c0b-2e642129ccb0" testListId="8c84fa94-04c1-424b-9868-57a2d4851a1d" />
    <TestEntry testId="c05cf843-a216-7fb4-27dd-aef083160757" executionId="681abbee-ab59-4f76-8016-98459b2a03c8" testListId="8c84fa94-04c1-424b-9868-57a2d4851a1d" />
    <TestEntry testId="031cd14d-90fd-cff5-0f2d-a9b616527c02" executionId="02916ca4-64a1-4644-9281-8af0ac80ba5b" testListId="8c84fa94-04c1-424b-9868-57a2d4851a1d" />
    <TestEntry testId="f02c4b37-2d35-e127-ed31-a1360b6b386f" executionId="28bb5ebe-4842-43a8-9f56-31f2bef89af4" testListId="8c84fa94-04c1-424b-9868-57a2d4851a1d" />
    <TestEntry testId="aea9b725-6b91-83a7-24ed-fba9aecaea7d" executionId="79707c23-cb49-48df-ba72-87d66ed5f19d" testListId="8c84fa94-04c1-424b-9868-57a2d4851a1d" />
    <TestEntry testId="4cc89ad0-e24a-4039-f296-387b2c4c908d" executionId="b0a16ee2-34e9-4409-b146-d36629201205" testListId="8c84fa94-04c1-424b-9868-57a2d4851a1d" />
    <TestEntry testId="3e8618fb-d9c2-89e4-b68f-23c09de3774f" executionId="a9e639ec-db6c-44c9-a957-1b25c9fff3d6" testListId="8c84fa94-04c1-424b-9868-57a2d4851a1d" />
    <TestEntry testId="a7878fba-8233-46a1-465f-b16492f8d563" executionId="d09e9655-4102-428e-9ee1-b814d8d24add" testListId="8c84fa94-04c1-424b-9868-57a2d4851a1d" />
    <TestEntry testId="594e7349-f67d-b54a-3ff1-32e7d00732d0" executionId="331a15bd-69f7-46d1-b578-a660c60c03ad" testListId="8c84fa94-04c1-424b-9868-57a2d4851a1d" />
    <TestEntry testId="0600cf9e-1d21-dc00-6774-436608f5ef65" executionId="b2455bf6-8c20-4103-86e5-afb4cd27f01d" testListId="8c84fa94-04c1-424b-9868-57a2d4851a1d" />
    <TestEntry testId="6823f43f-237c-e909-3a18-05eff59f5e15" executionId="42789015-3a67-4957-ae1f-8a9065aae8c4" testListId="8c84fa94-04c1-424b-9868-57a2d4851a1d" />
    <TestEntry testId="c0313b89-fd8f-a6a5-6269-7c2f8313d3f8" executionId="848e0abf-03af-4f5e-8ce0-b27f366fc971" testListId="8c84fa94-04c1-424b-9868-57a2d4851a1d" />
    <TestEntry testId="717bd1e2-dd57-8b5a-9066-9060a27b508d" executionId="8e3c416c-e512-4d6b-a1f8-9451de7756c7" testListId="8c84fa94-04c1-424b-9868-57a2d4851a1d" />
    <TestEntry testId="46223da2-1af1-111c-e434-95d68baf71e9" executionId="6f58fd5e-9de0-40fd-a753-f78893cda3be" testListId="8c84fa94-04c1-424b-9868-57a2d4851a1d" />
    <TestEntry testId="4c0fed65-2528-7458-3c00-153a4778437c" executionId="ac7144cd-4913-4cdd-9a52-4c2713ee1b76" testListId="8c84fa94-04c1-424b-9868-57a2d4851a1d" />
    <TestEntry testId="f6478a14-0781-a840-1331-60ec0ea84836" executionId="f1fb5b4f-16a2-400a-a403-e8f6499466b6" testListId="8c84fa94-04c1-424b-9868-57a2d4851a1d" />
    <TestEntry testId="209e8c12-8f87-634b-aabf-f55790bff9e4" executionId="02b3321b-1228-4815-bca3-5d14961e2f48" testListId="8c84fa94-04c1-424b-9868-57a2d4851a1d" />
    <TestEntry testId="450c4c4f-dd64-c052-a58d-0f321e9a4ab5" executionId="d44a4218-7c7e-475f-88f5-95d19e552612" testListId="8c84fa94-04c1-424b-9868-57a2d4851a1d" />
    <TestEntry testId="79431802-2d85-13b8-ab61-67a85be3995c" executionId="9768a11f-9470-4797-8e6a-a8264f43cd20" testListId="8c84fa94-04c1-424b-9868-57a2d4851a1d" />
    <TestEntry testId="2e9a08db-93e4-a0b0-2823-9687580ea111" executionId="ab9b7e19-7bcc-4f0a-8c4c-7437a9d1b223" testListId="8c84fa94-04c1-424b-9868-57a2d4851a1d" />
    <TestEntry testId="c6a1a0c6-0543-e043-6574-7026d074da5a" executionId="ae169714-7802-4dd1-80af-71dee03d78a6" testListId="8c84fa94-04c1-424b-9868-57a2d4851a1d" />
    <TestEntry testId="832e72e0-cf72-177f-4b57-b8a6c410d77d" executionId="57061491-00f6-451b-925c-d9f16ddb88a5" testListId="8c84fa94-04c1-424b-9868-57a2d4851a1d" />
    <TestEntry testId="af18c65a-6dab-963c-ae11-ca606f9ec716" executionId="ca8d86fa-eeb6-4551-bf9d-857519d4b9c7" testListId="8c84fa94-04c1-424b-9868-57a2d4851a1d" />
    <TestEntry testId="71ea535e-e323-ac42-effa-861c728b9432" executionId="c1d435b8-235e-4522-8195-c4bb75a17b69" testListId="8c84fa94-04c1-424b-9868-57a2d4851a1d" />
    <TestEntry testId="a7789761-e712-36f0-3d13-cb2a7e42aa93" executionId="27775c2c-1d0c-4791-add8-6efbdb0e10b7" testListId="8c84fa94-04c1-424b-9868-57a2d4851a1d" />
    <TestEntry testId="48bba266-5231-49e4-88d1-691c91359319" executionId="8dbb61fd-c779-4672-8674-b86339fc7b87" testListId="8c84fa94-04c1-424b-9868-57a2d4851a1d" />
    <TestEntry testId="a5766b4c-0dc0-04ea-2ded-12460a086d5f" executionId="c8cd725f-ff83-4efc-9f1a-1465d276343a" testListId="8c84fa94-04c1-424b-9868-57a2d4851a1d" />
    <TestEntry testId="a8e7e1f1-4bf2-014f-d2e4-4938a7f4e81c" executionId="52d59d54-bf15-4d5f-8b80-dd3091ae9e87" testListId="8c84fa94-04c1-424b-9868-57a2d4851a1d" />
    <TestEntry testId="f02d8dd0-31af-bb80-f1c4-f378ce56b784" executionId="09dceae3-e5f9-4179-9a0f-996572bf0eb0" testListId="8c84fa94-04c1-424b-9868-57a2d4851a1d" />
    <TestEntry testId="2520ece5-6d09-2a4f-6a86-aaceeae65ffd" executionId="e3a77421-8f3c-431c-9afe-19d0a2d0f472" testListId="8c84fa94-04c1-424b-9868-57a2d4851a1d" />
    <TestEntry testId="e449c253-e685-88dc-b9a2-4cb435a6f8c9" executionId="d9cace22-ee41-4be0-baa3-fb0b56e75eeb" testListId="8c84fa94-04c1-424b-9868-57a2d4851a1d" />
    <TestEntry testId="910e3c4e-91ca-5a52-25c0-efa52d0d7125" executionId="e09c1bac-9e9b-4606-9f2e-03a4121c982f" testListId="8c84fa94-04c1-424b-9868-57a2d4851a1d" />
    <TestEntry testId="467aeb63-52fb-5550-90b9-62408ec18747" executionId="d4dff9e8-35bc-45c7-840c-3e7f65f0e32d" testListId="8c84fa94-04c1-424b-9868-57a2d4851a1d" />
    <TestEntry testId="34de9a5c-ffac-5ea5-1c8c-bc8c44eaa588" executionId="04f4cc2e-de5f-44fe-9247-ced3e8faa43c" testListId="8c84fa94-04c1-424b-9868-57a2d4851a1d" />
    <TestEntry testId="88461271-8542-7451-7f10-15633b7a652e" executionId="67cd8c63-2268-48a0-86cb-250216f6411f" testListId="8c84fa94-04c1-424b-9868-57a2d4851a1d" />
    <TestEntry testId="4c795da5-98b8-4296-89a1-f144b9f88460" executionId="5416dcdb-b2fd-4cd4-91df-c96bb4804cd7" testListId="8c84fa94-04c1-424b-9868-57a2d4851a1d" />
    <TestEntry testId="bcf9aa62-f8de-054d-810a-52baa94a16f5" executionId="cd3edc92-a298-475f-9ba3-2350b800ad0c" testListId="8c84fa94-04c1-424b-9868-57a2d4851a1d" />
    <TestEntry testId="09bd71e3-6d9b-b514-a037-f6e515efdbd3" executionId="733598a5-21af-420d-960f-58297097c76c" testListId="8c84fa94-04c1-424b-9868-57a2d4851a1d" />
    <TestEntry testId="f8bcba92-efa3-dd7f-fde0-cbf5bd42a380" executionId="ee3abd23-29aa-478c-b4a6-60d573aaadaa" testListId="8c84fa94-04c1-424b-9868-57a2d4851a1d" />
    <TestEntry testId="9a59e2f9-cef5-d6ee-3a90-b3902d6003af" executionId="9640b4e3-cb1c-4cb0-9174-5c34eb688a43" testListId="8c84fa94-04c1-424b-9868-57a2d4851a1d" />
    <TestEntry testId="7dfc9189-fb1b-a28d-4a92-90ac81e9729a" executionId="f15afa97-1fb9-48bf-9bb2-ad846ecf7e73" testListId="8c84fa94-04c1-424b-9868-57a2d4851a1d" />
    <TestEntry testId="c677994e-be98-5f54-d1fb-321aebfa3a16" executionId="8407c93b-3d4a-4ddf-aa5e-6eace6ab4c1e" testListId="8c84fa94-04c1-424b-9868-57a2d4851a1d" />
    <TestEntry testId="f54520c7-8c9b-76a2-4894-0d118d41d4e3" executionId="adf98aab-46d4-43d7-98ae-0ec00f7a48c7" testListId="8c84fa94-04c1-424b-9868-57a2d4851a1d" />
    <TestEntry testId="f1794d39-df94-d1e9-60a6-10119aebc35f" executionId="318337f1-7d36-4aa2-9bbc-c1c6dc859198" testListId="8c84fa94-04c1-424b-9868-57a2d4851a1d" />
    <TestEntry testId="64e6c983-0403-dff9-6112-34addbef41c9" executionId="c480d6d1-07fc-4479-b3b1-93235d8dd884" testListId="8c84fa94-04c1-424b-9868-57a2d4851a1d" />
    <TestEntry testId="d9e22f6c-6893-f2d5-4bad-1f25a676c4a6" executionId="357bed1f-7f41-4a42-8d38-ad93eed8b0f3" testListId="8c84fa94-04c1-424b-9868-57a2d4851a1d" />
    <TestEntry testId="ca69075d-0b70-18d5-1a06-fac35b67cd3b" executionId="e75165a0-8b56-47ee-98b5-841f4dd611df" testListId="8c84fa94-04c1-424b-9868-57a2d4851a1d" />
    <TestEntry testId="c57e7f9f-0cce-b6f4-07ee-ada8d8fbc5c3" executionId="b44c6054-137e-475b-ba3e-81eb9a594da9" testListId="8c84fa94-04c1-424b-9868-57a2d4851a1d" />
    <TestEntry testId="1a585a28-c287-7bb4-1bb2-c0e1b93f38bd" executionId="0158cc48-decb-4329-8a0d-7b91d75f9118" testListId="8c84fa94-04c1-424b-9868-57a2d4851a1d" />
    <TestEntry testId="f8615455-a4b0-bdd0-1ecf-8870ef34a7e9" executionId="5bee7020-212f-4d5b-a485-6ed147a3048a" testListId="8c84fa94-04c1-424b-9868-57a2d4851a1d" />
    <TestEntry testId="482c8cf5-ae0a-bdfe-8fea-125551c79d32" executionId="705b3034-eb41-4844-9e30-d8d03b58a4a1" testListId="8c84fa94-04c1-424b-9868-57a2d4851a1d" />
    <TestEntry testId="e66a5384-6cb0-65a2-e91d-02c1e155d5c3" executionId="783776c3-a3b6-4185-a027-f87e855803a7" testListId="8c84fa94-04c1-424b-9868-57a2d4851a1d" />
    <TestEntry testId="2e962158-3ffe-3f85-8291-ad30cd47ebcb" executionId="2828b83c-a907-4e26-85d9-f594d4ac8689" testListId="8c84fa94-04c1-424b-9868-57a2d4851a1d" />
    <TestEntry testId="2bdceb26-ca6a-1ff9-bb11-3a9cdbe462e0" executionId="5c66125d-ea66-4d5e-9ef4-a4276774746e" testListId="8c84fa94-04c1-424b-9868-57a2d4851a1d" />
    <TestEntry testId="2520ef80-08f7-0a88-649a-45adca3a8d2b" executionId="65363d7f-a5d7-402d-a501-89a067f30c53" testListId="8c84fa94-04c1-424b-9868-57a2d4851a1d" />
    <TestEntry testId="acdf9e27-ac18-9369-da0a-58cd6c064cde" executionId="6f05efc2-036d-4161-af18-d77c8ccb1e0f" testListId="8c84fa94-04c1-424b-9868-57a2d4851a1d" />
    <TestEntry testId="65721392-e906-b72c-9e38-c0b0eb482edc" executionId="4539c79c-a2a4-425c-9c9d-d0ac75e9413a" testListId="8c84fa94-04c1-424b-9868-57a2d4851a1d" />
    <TestEntry testId="491bc67f-7e7f-5614-884d-dec272d0026c" executionId="8f1f16e5-884b-4f6c-b858-5f3b32f72780" testListId="8c84fa94-04c1-424b-9868-57a2d4851a1d" />
    <TestEntry testId="0d79d664-5469-b946-d144-1a8906ff02db" executionId="58b9f001-5c65-40f5-b2d3-af5b239a9475" testListId="8c84fa94-04c1-424b-9868-57a2d4851a1d" />
    <TestEntry testId="876d31d9-fb1a-792e-0be0-736862f1be56" executionId="b9f20922-4c8e-41cf-a85f-aa1f6f095bd9" testListId="8c84fa94-04c1-424b-9868-57a2d4851a1d" />
    <TestEntry testId="fe28166b-13d8-a133-208f-4359b9894fdc" executionId="78f54fed-6f58-4ed6-a4a1-8d63472a4d6e" testListId="8c84fa94-04c1-424b-9868-57a2d4851a1d" />
    <TestEntry testId="84f75f95-3219-0890-164f-b43e2a396545" executionId="f8ba3b71-7395-4613-8abe-e38b527a105a" testListId="8c84fa94-04c1-424b-9868-57a2d4851a1d" />
    <TestEntry testId="c11ab97d-c893-e1cf-5312-f111a740bfdf" executionId="09189886-30cc-4d00-8594-1d827a3b7355" testListId="8c84fa94-04c1-424b-9868-57a2d4851a1d" />
    <TestEntry testId="8b3429f2-4cdd-dda8-4850-b96c716e5e44" executionId="791389c6-c0a4-48c8-8ade-0acc9af88289" testListId="8c84fa94-04c1-424b-9868-57a2d4851a1d" />
    <TestEntry testId="93f22dd6-8de6-585c-5715-a0390a34c0b2" executionId="8f9363fc-8301-498d-b0a6-54e404315860" testListId="8c84fa94-04c1-424b-9868-57a2d4851a1d" />
    <TestEntry testId="30ba49f3-c41a-af3c-6a4c-c75c4a2a3acc" executionId="6fb68bc5-54f6-4172-a9ef-4ae882c58e08" testListId="8c84fa94-04c1-424b-9868-57a2d4851a1d" />
    <TestEntry testId="4c6f794f-c5bb-f458-941d-32ab8518b9d6" executionId="798abc9f-9ca7-419c-b81e-49f3cf4f9dad" testListId="8c84fa94-04c1-424b-9868-57a2d4851a1d" />
    <TestEntry testId="5b7cb14d-e2cf-47b2-be5d-4ccbf441dc80" executionId="d8ada6fd-5657-4ab1-aaf7-705b75459853" testListId="8c84fa94-04c1-424b-9868-57a2d4851a1d" />
    <TestEntry testId="18c44544-acad-6617-1142-684d35a26c3b" executionId="7a41482d-895f-4146-86e3-27362e3e6511" testListId="8c84fa94-04c1-424b-9868-57a2d4851a1d" />
    <TestEntry testId="df9a9820-2b23-f3db-c367-77cc26700e6f" executionId="899ea976-730c-45ef-aa6f-ff8a872a257e" testListId="8c84fa94-04c1-424b-9868-57a2d4851a1d" />
    <TestEntry testId="901b3e11-eb23-a25f-de1e-7060c98c147c" executionId="200a6590-bd4e-448a-b763-998808a3f55f" testListId="8c84fa94-04c1-424b-9868-57a2d4851a1d" />
    <TestEntry testId="42fbaa12-b780-8351-11ef-f860362fd63f" executionId="eb238434-a468-42d7-922f-6e715337766f" testListId="8c84fa94-04c1-424b-9868-57a2d4851a1d" />
    <TestEntry testId="d25df39d-7eba-d3e6-f674-e9e0f95d7b9a" executionId="beb65bab-3df1-442d-af97-dad0c4f69d7c" testListId="8c84fa94-04c1-424b-9868-57a2d4851a1d" />
    <TestEntry testId="ad0a023a-3693-562e-9fc0-99203e08636b" executionId="a24b3742-2268-4ccb-a6e7-e31244971473" testListId="8c84fa94-04c1-424b-9868-57a2d4851a1d" />
    <TestEntry testId="b8011298-da04-432a-4208-b77526e552c7" executionId="f45dd8bd-4846-4416-aaf0-c1585b240535" testListId="8c84fa94-04c1-424b-9868-57a2d4851a1d" />
    <TestEntry testId="f40ed4b4-c95a-cc58-32e7-3c22c07fd1c6" executionId="e9464eb5-faa4-406b-90be-6cfcb410e97a" testListId="8c84fa94-04c1-424b-9868-57a2d4851a1d" />
  </TestEntries>
  <TestLists>
    <TestList name="Results Not in a List" id="8c84fa94-04c1-424b-9868-57a2d4851a1d" />
    <TestList name="All Loaded Results" id="19431567-8539-422a-85d7-44ee4e166bda" />
  </TestLists>
  <ResultSummary outcome="Completed">
    <Counters total="1001" executed="1001" passed="1001" failed="0" error="0" timeout="0" aborted="0" inconclusive="0" passedButRunAborted="0" notRunnable="0" notExecuted="0" disconnected="0" warning="0" completed="0" inProgress="0" pending="0" />
  </ResultSummary>
</TestRun>