<?xml version="1.0" encoding="UTF-8"?>
<TestRun id="604e9bd5-7d72-4868-a18d-7ce651166304" name="navb@NAVB3 2017-11-29 20:12:00" runUser="FAREAST\navb" xmlns="http://microsoft.com/schemas/VisualStudio/TeamTest/2010">
  <Times creation="2017-11-29T20:12:00.4825463+05:30" queuing="2017-11-29T20:12:00.4825463+05:30" start="2017-11-29T20:11:59.8283598+05:30" finish="2017-11-29T20:12:00.8575429+05:30" />
  <TestSettings name="default" id="2d0eef9f-b858-44db-a777-4af312793aa5">
    <Execution>
      <TestTypeSpecific />
    </Execution>
    <Deployment runDeploymentRoot="navb_NAVB3 2017-11-29 20_12_00" />
    <Properties />
  </TestSettings>
  <Results>
    <UnitTestResult executionId="e7eeccb8-31ed-4be1-b8e1-4a008702f70e" testId="36bde96d-0d96-c298-43a3-0f3842a0cfda" testName="TestMethod1" computerName="NAVB3" duration="00:00:00.0043811" startTime="2017-11-29T20:12:00.3731920+05:30" endTime="2017-11-29T20:12:00.4200656+05:30" testType="13cdc9d9-ddb5-4fa4-a97d-d965ccfc6d4b" outcome="Passed" testListId="8c84fa94-04c1-424b-9868-57a2d4851a1d" relativeResultsDirectory="e7eeccb8-31ed-4be1-b8e1-4a008702f70e" />
    <UnitTestResult executionId="0b1d739a-1f4f-4340-ba66-2c76a4ffbb6e" testId="cb12f671-288e-b984-7841-f27b28b5a954" testName="MSTest_P2_936" computerName="NAVB3" duration="00:00:00.0010700" startTime="2017-11-29T20:12:00.4356699+05:30" endTime="2017-11-29T20:12:00.4356699+05:30" testType="13cdc9d9-ddb5-4fa4-a97d-d965ccfc6d4b" outcome="Passed" testListId="8c84fa94-04c1-424b-9868-57a2d4851a1d" relativeResultsDirectory="0b1d739a-1f4f-4340-ba66-2c76a4ffbb6e" />
    <UnitTestResult executionId="310bf521-17b4-414e-8d9d-64be81aec646" testId="689479ad-c111-709a-1cd1-0ad6c680155c" testName="MSTest_P2_937" computerName="NAVB3" duration="00:00:00.0000780" startTime="2017-11-29T20:12:00.4356699+05:30" endTime="2017-11-29T20:12:00.4356699+05:30" testType="13cdc9d9-ddb5-4fa4-a97d-d965ccfc6d4b" outcome="Passed" testListId="8c84fa94-04c1-424b-9868-57a2d4851a1d" relativeResultsDirectory="310bf521-17b4-414e-8d9d-64be81aec646" />
    <UnitTestResult executionId="c567764d-ef26-43d2-937d-10c00a966c61" testId="dd0943f8-c48f-9d2e-8e55-d0f390e5f150" testName="MSTest_P2_938" computerName="NAVB3" duration="00:00:00.0000741" startTime="2017-11-29T20:12:00.4356699+05:30" endTime="2017-11-29T20:12:00.4356699+05:30" testType="13cdc9d9-ddb5-4fa4-a97d-d965ccfc6d4b" outcome="Passed" testListId="8c84fa94-04c1-424b-9868-57a2d4851a1d" relativeResultsDirectory="c567764d-ef26-43d2-937d-10c00a966c61" />
    <UnitTestResult executionId="7175df60-a419-4097-bb53-758ce5aba412" testId="4d7cd98e-bc15-a9a0-0037-b9c70c17a135" testName="MSTest_P2_939" computerName="NAVB3" duration="00:00:00.0000765" startTime="2017-11-29T20:12:00.4356699+05:30" endTime="2017-11-29T20:12:00.4356699+05:30" testType="13cdc9d9-ddb5-4fa4-a97d-d965ccfc6d4b" outcome="Passed" testListId="8c84fa94-04c1-424b-9868-57a2d4851a1d" relativeResultsDirectory="7175df60-a419-4097-bb53-758ce5aba412" />
    <UnitTestResult executionId="ba88d9b1-0e2f-415c-8b89-8e0af8ed4c76" testId="9809cbdd-d7b2-80fa-b868-9b34da7f8378" testName="MSTest_P2_940" computerName="NAVB3" duration="00:00:00.0001563" startTime="2017-11-29T20:12:00.4356699+05:30" endTime="2017-11-29T20:12:00.4356699+05:30" testType="13cdc9d9-ddb5-4fa4-a97d-d965ccfc6d4b" outcome="Passed" testListId="8c84fa94-04c1-424b-9868-57a2d4851a1d" relativeResultsDirectory="ba88d9b1-0e2f-415c-8b89-8e0af8ed4c76" />
    <UnitTestResult executionId="a0327d9c-9db9-45e3-8181-1f98dbf16bf3" testId="09cf93a3-d30f-5c1b-50e2-348e7377cba1" testName="MSTest_P2_941" computerName="NAVB3" duration="00:00:00.0000935" startTime="2017-11-29T20:12:00.4356699+05:30" endTime="2017-11-29T20:12:00.4512999+05:30" testType="13cdc9d9-ddb5-4fa4-a97d-d965ccfc6d4b" outcome="Passed" testListId="8c84fa94-04c1-424b-9868-57a2d4851a1d" relativeResultsDirectory="a0327d9c-9db9-45e3-8181-1f98dbf16bf3" />
    <UnitTestResult executionId="3ef284c6-d8cc-4587-b9e9-7fb1542e2379" testId="c2b41b39-03cf-6a86-2cd5-dc527130e719" testName="MSTest_P2_942" computerName="NAVB3" duration="00:00:00.0000753" startTime="2017-11-29T20:12:00.4512999+05:30" endTime="2017-11-29T20:12:00.4512999+05:30" testType="13cdc9d9-ddb5-4fa4-a97d-d965ccfc6d4b" outcome="Passed" testListId="8c84fa94-04c1-424b-9868-57a2d4851a1d" relativeResultsDirectory="3ef284c6-d8cc-4587-b9e9-7fb1542e2379" />
    <UnitTestResult executionId="07f90189-b8ab-4aa9-b43a-023fbf00dcc7" testId="4a218327-1398-cf0c-6349-b25e288d1af2" testName="MSTest_P2_943" computerName="NAVB3" duration="00:00:00.0001302" startTime="2017-11-29T20:12:00.4512999+05:30" endTime="2017-11-29T20:12:00.4512999+05:30" testType="13cdc9d9-ddb5-4fa4-a97d-d965ccfc6d4b" outcome="Passed" testListId="8c84fa94-04c1-424b-9868-57a2d4851a1d" relativeResultsDirectory="07f90189-b8ab-4aa9-b43a-023fbf00dcc7" />
    <UnitTestResult executionId="0104f2dd-8d76-4468-b87c-87ef68155c94" testId="4cbcf606-68cf-8ad7-dc0c-2d4bd155347a" testName="MSTest_P2_944" computerName="NAVB3" duration="00:00:00.0001099" startTime="2017-11-29T20:12:00.4512999+05:30" endTime="2017-11-29T20:12:00.4512999+05:30" testType="13cdc9d9-ddb5-4fa4-a97d-d965ccfc6d4b" outcome="Passed" testListId="8c84fa94-04c1-424b-9868-57a2d4851a1d" relativeResultsDirectory="0104f2dd-8d76-4468-b87c-87ef68155c94" />
    <UnitTestResult executionId="c9839f6d-3219-4b20-b663-08890e5f7267" testId="202ead75-6032-5a2e-65ad-5bc7c7338fc2" testName="MSTest_P2_945" computerName="NAVB3" duration="00:00:00.0001011" startTime="2017-11-29T20:12:00.4512999+05:30" endTime="2017-11-29T20:12:00.4512999+05:30" testType="13cdc9d9-ddb5-4fa4-a97d-d965ccfc6d4b" outcome="Passed" testListId="8c84fa94-04c1-424b-9868-57a2d4851a1d" relativeResultsDirectory="c9839f6d-3219-4b20-b663-08890e5f7267" />
    <UnitTestResult executionId="a93173b3-0511-4513-a8d6-22e3d523cdaa" testId="f35819d5-69b2-b60a-d2a4-edf7fab86950" testName="MSTest_P2_946" computerName="NAVB3" duration="00:00:00.0000994" startTime="2017-11-29T20:12:00.4512999+05:30" endTime="2017-11-29T20:12:00.4512999+05:30" testType="13cdc9d9-ddb5-4fa4-a97d-d965ccfc6d4b" outcome="Passed" testListId="8c84fa94-04c1-424b-9868-57a2d4851a1d" relativeResultsDirectory="a93173b3-0511-4513-a8d6-22e3d523cdaa" />
    <UnitTestResult executionId="34e7a610-af5e-44f8-ba05-08d064af0b42" testId="77ec1bfe-343f-fe1c-d4cd-31c5de335f97" testName="MSTest_P2_947" computerName="NAVB3" duration="00:00:00.0000964" startTime="2017-11-29T20:12:00.4512999+05:30" endTime="2017-11-29T20:12:00.4512999+05:30" testType="13cdc9d9-ddb5-4fa4-a97d-d965ccfc6d4b" outcome="Passed" testListId="8c84fa94-04c1-424b-9868-57a2d4851a1d" relativeResultsDirectory="34e7a610-af5e-44f8-ba05-08d064af0b42" />
    <UnitTestResult executionId="ba8e511c-6d33-49e9-9c3c-7ba17241cc44" testId="b1ff8ea2-5898-8cb4-3204-7704c0e69a5e" testName="MSTest_P2_948" computerName="NAVB3" duration="00:00:00.0001017" startTime="2017-11-29T20:12:00.4512999+05:30" endTime="2017-11-29T20:12:00.4512999+05:30" testType="13cdc9d9-ddb5-4fa4-a97d-d965ccfc6d4b" outcome="Passed" testListId="8c84fa94-04c1-424b-9868-57a2d4851a1d" relativeResultsDirectory="ba8e511c-6d33-49e9-9c3c-7ba17241cc44" />
    <UnitTestResult executionId="45e06f9e-3c88-465b-84a8-7d51f6570224" testId="9502191f-357c-d53a-b156-3c8b5d42c22c" testName="MSTest_P2_949" computerName="NAVB3" duration="00:00:00.0001002" startTime="2017-11-29T20:12:00.4512999+05:30" endTime="2017-11-29T20:12:00.4512999+05:30" testType="13cdc9d9-ddb5-4fa4-a97d-d965ccfc6d4b" outcome="Passed" testListId="8c84fa94-04c1-424b-9868-57a2d4851a1d" relativeResultsDirectory="45e06f9e-3c88-465b-84a8-7d51f6570224" />
    <UnitTestResult executionId="312643f5-4aa3-484c-ac5a-5aedcbb71525" testId="ebd8948d-700c-4a44-ff27-5d3f84686268" testName="MSTest_P2_950" computerName="NAVB3" duration="00:00:00.0001058" startTime="2017-11-29T20:12:00.4512999+05:30" endTime="2017-11-29T20:12:00.4512999+05:30" testType="13cdc9d9-ddb5-4fa4-a97d-d965ccfc6d4b" outcome="Passed" testListId="8c84fa94-04c1-424b-9868-57a2d4851a1d" relativeResultsDirectory="312643f5-4aa3-484c-ac5a-5aedcbb71525" />
    <UnitTestResult executionId="632c7a0e-e5b7-4efb-a013-81fe1db276cf" testId="23a62c50-bc12-7400-f1fd-092d1390b2fe" testName="MSTest_P2_951" computerName="NAVB3" duration="00:00:00.0000955" startTime="2017-11-29T20:12:00.4512999+05:30" endTime="2017-11-29T20:12:00.4512999+05:30" testType="13cdc9d9-ddb5-4fa4-a97d-d965ccfc6d4b" outcome="Passed" testListId="8c84fa94-04c1-424b-9868-57a2d4851a1d" relativeResultsDirectory="632c7a0e-e5b7-4efb-a013-81fe1db276cf" />
    <UnitTestResult executionId="9c95a698-be17-47de-bfb1-365bf072fcee" testId="a0c85cac-2650-391a-3d91-e98b8cb1a39e" testName="MSTest_P2_952" computerName="NAVB3" duration="00:00:00.0000953" startTime="2017-11-29T20:12:00.4512999+05:30" endTime="2017-11-29T20:12:00.4512999+05:30" testType="13cdc9d9-ddb5-4fa4-a97d-d965ccfc6d4b" outcome="Passed" testListId="8c84fa94-04c1-424b-9868-57a2d4851a1d" relativeResultsDirectory="9c95a698-be17-47de-bfb1-365bf072fcee" />
    <UnitTestResult executionId="58aff17e-48fb-4c2c-b7b7-6c311ce88c52" testId="356b006a-65a7-c5af-a896-53d6e9074107" testName="MSTest_P2_953" computerName="NAVB3" duration="00:00:00.0001043" startTime="2017-11-29T20:12:00.4512999+05:30" endTime="2017-11-29T20:12:00.4512999+05:30" testType="13cdc9d9-ddb5-4fa4-a97d-d965ccfc6d4b" outcome="Passed" testListId="8c84fa94-04c1-424b-9868-57a2d4851a1d" relativeResultsDirectory="58aff17e-48fb-4c2c-b7b7-6c311ce88c52" />
    <UnitTestResult executionId="7a0c53c1-287e-4289-b708-8761a1ad2de6" testId="4918836b-5d34-a726-31f2-3925ebb3e38f" testName="MSTest_P2_954" computerName="NAVB3" duration="00:00:00.0001020" startTime="2017-11-29T20:12:00.4512999+05:30" endTime="2017-11-29T20:12:00.4512999+05:30" testType="13cdc9d9-ddb5-4fa4-a97d-d965ccfc6d4b" outcome="Passed" testListId="8c84fa94-04c1-424b-9868-57a2d4851a1d" relativeResultsDirectory="7a0c53c1-287e-4289-b708-8761a1ad2de6" />
    <UnitTestResult executionId="4fd9b37c-4a0f-4fe8-b92d-6c72170b713d" testId="656d9fc4-21bf-625c-ad74-01b978a3b51b" testName="MSTest_P2_955" computerName="NAVB3" duration="00:00:00.0000991" startTime="2017-11-29T20:12:00.4512999+05:30" endTime="2017-11-29T20:12:00.4512999+05:30" testType="13cdc9d9-ddb5-4fa4-a97d-d965ccfc6d4b" outcome="Passed" testListId="8c84fa94-04c1-424b-9868-57a2d4851a1d" relativeResultsDirectory="4fd9b37c-4a0f-4fe8-b92d-6c72170b713d" />
    <UnitTestResult executionId="31606dc3-ec33-44c5-8439-8d2128648d47" testId="959e2205-0310-59a4-9a70-b62eadedc62b" testName="MSTest_P2_956" computerName="NAVB3" duration="00:00:00.0000950" startTime="2017-11-29T20:12:00.4512999+05:30" endTime="2017-11-29T20:12:00.4512999+05:30" testType="13cdc9d9-ddb5-4fa4-a97d-d965ccfc6d4b" outcome="Passed" testListId="8c84fa94-04c1-424b-9868-57a2d4851a1d" relativeResultsDirectory="31606dc3-ec33-44c5-8439-8d2128648d47" />
    <UnitTestResult executionId="9d230204-a776-46de-a81f-ac726942afb6" testId="673501ac-dbdd-1a26-34e8-e22d36492c19" testName="MSTest_P2_957" computerName="NAVB3" duration="00:00:00.0000941" startTime="2017-11-29T20:12:00.4512999+05:30" endTime="2017-11-29T20:12:00.4512999+05:30" testType="13cdc9d9-ddb5-4fa4-a97d-d965ccfc6d4b" outcome="Passed" testListId="8c84fa94-04c1-424b-9868-57a2d4851a1d" relativeResultsDirectory="9d230204-a776-46de-a81f-ac726942afb6" />
    <UnitTestResult executionId="24a60541-2fb7-4ae9-b8a8-21fd38a7eba0" testId="67a2eca1-f9f7-38e2-798c-2069f3b96ad7" testName="MSTest_P2_958" computerName="NAVB3" duration="00:00:00.0001041" startTime="2017-11-29T20:12:00.4512999+05:30" endTime="2017-11-29T20:12:00.4512999+05:30" testType="13cdc9d9-ddb5-4fa4-a97d-d965ccfc6d4b" outcome="Passed" testListId="8c84fa94-04c1-424b-9868-57a2d4851a1d" relativeResultsDirectory="24a60541-2fb7-4ae9-b8a8-21fd38a7eba0" />
    <UnitTestResult executionId="0ea01ec6-cf28-403b-a13d-db67e13e67ec" testId="0a8a668f-ff71-29d0-c08b-0fc576ae2e32" testName="MSTest_P2_959" computerName="NAVB3" duration="00:00:00.0001020" startTime="2017-11-29T20:12:00.4512999+05:30" endTime="2017-11-29T20:12:00.4512999+05:30" testType="13cdc9d9-ddb5-4fa4-a97d-d965ccfc6d4b" outcome="Passed" testListId="8c84fa94-04c1-424b-9868-57a2d4851a1d" relativeResultsDirectory="0ea01ec6-cf28-403b-a13d-db67e13e67ec" />
    <UnitTestResult executionId="65a7fd33-89b5-4ad8-9421-31f1adbb6cf2" testId="d12a5db6-fe22-e196-74ee-7702ee4ec904" testName="MSTest_P2_960" computerName="NAVB3" duration="00:00:00.0001061" startTime="2017-11-29T20:12:00.4512999+05:30" endTime="2017-11-29T20:12:00.4512999+05:30" testType="13cdc9d9-ddb5-4fa4-a97d-d965ccfc6d4b" outcome="Passed" testListId="8c84fa94-04c1-424b-9868-57a2d4851a1d" relativeResultsDirectory="65a7fd33-89b5-4ad8-9421-31f1adbb6cf2" />
    <UnitTestResult executionId="314b44b9-10ab-4727-9471-be8211686b3c" testId="1d3891a6-1247-0c7b-0dc7-cfd177bcdbdd" testName="MSTest_P2_961" computerName="NAVB3" duration="00:00:00.0001064" startTime="2017-11-29T20:12:00.4512999+05:30" endTime="2017-11-29T20:12:00.4512999+05:30" testType="13cdc9d9-ddb5-4fa4-a97d-d965ccfc6d4b" outcome="Passed" testListId="8c84fa94-04c1-424b-9868-57a2d4851a1d" relativeResultsDirectory="314b44b9-10ab-4727-9471-be8211686b3c" />
    <UnitTestResult executionId="a9641fa9-5a31-4eeb-ab5e-224d738a4dba" testId="95077557-478d-7507-6475-5cf434b1d3b7" testName="MSTest_P2_962" computerName="NAVB3" duration="00:00:00.0001079" startTime="2017-11-29T20:12:00.4512999+05:30" endTime="2017-11-29T20:12:00.4512999+05:30" testType="13cdc9d9-ddb5-4fa4-a97d-d965ccfc6d4b" outcome="Passed" testListId="8c84fa94-04c1-424b-9868-57a2d4851a1d" relativeResultsDirectory="a9641fa9-5a31-4eeb-ab5e-224d738a4dba" />
    <UnitTestResult executionId="6cbfb375-3896-4c49-a133-46b19902a1b4" testId="dde802ab-3490-e7fd-a348-51dfedb39074" testName="MSTest_P2_963" computerName="NAVB3" duration="00:00:00.0001032" startTime="2017-11-29T20:12:00.4512999+05:30" endTime="2017-11-29T20:12:00.4512999+05:30" testType="13cdc9d9-ddb5-4fa4-a97d-d965ccfc6d4b" outcome="Passed" testListId="8c84fa94-04c1-424b-9868-57a2d4851a1d" relativeResultsDirectory="6cbfb375-3896-4c49-a133-46b19902a1b4" />
    <UnitTestResult executionId="bebcdad6-7fe3-4cb3-89e5-59239957cacb" testId="a53a1da3-8a72-7627-2744-1b497aa4a58a" testName="MSTest_P2_964" computerName="NAVB3" duration="00:00:00.0000994" startTime="2017-11-29T20:12:00.4512999+05:30" endTime="2017-11-29T20:12:00.4512999+05:30" testType="13cdc9d9-ddb5-4fa4-a97d-d965ccfc6d4b" outcome="Passed" testListId="8c84fa94-04c1-424b-9868-57a2d4851a1d" relativeResultsDirectory="bebcdad6-7fe3-4cb3-89e5-59239957cacb" />
    <UnitTestResult executionId="f0bb422d-48ca-4dcd-b421-1eb450bc32af" testId="6f45ea30-aeef-91aa-f63d-95cdbbda8819" testName="MSTest_P2_965" computerName="NAVB3" duration="00:00:00.0000988" startTime="2017-11-29T20:12:00.4512999+05:30" endTime="2017-11-29T20:12:00.4512999+05:30" testType="13cdc9d9-ddb5-4fa4-a97d-d965ccfc6d4b" outcome="Passed" testListId="8c84fa94-04c1-424b-9868-57a2d4851a1d" relativeResultsDirectory="f0bb422d-48ca-4dcd-b421-1eb450bc32af" />
    <UnitTestResult executionId="e3c5e285-edf3-4bb2-a45a-36099821dbba" testId="2e7291dd-c1de-8bf0-4046-3eab145e03ad" testName="MSTest_P2_966" computerName="NAVB3" duration="00:00:00.0000944" startTime="2017-11-29T20:12:00.4512999+05:30" endTime="2017-11-29T20:12:00.4512999+05:30" testType="13cdc9d9-ddb5-4fa4-a97d-d965ccfc6d4b" outcome="Passed" testListId="8c84fa94-04c1-424b-9868-57a2d4851a1d" relativeResultsDirectory="e3c5e285-edf3-4bb2-a45a-36099821dbba" />
    <UnitTestResult executionId="09ef366d-04b8-47e6-9607-ce8b1bb83a0c" testId="eec61463-083f-d697-f74b-78e6661a0ffa" testName="MSTest_P2_967" computerName="NAVB3" duration="00:00:00.0000967" startTime="2017-11-29T20:12:00.4512999+05:30" endTime="2017-11-29T20:12:00.4512999+05:30" testType="13cdc9d9-ddb5-4fa4-a97d-d965ccfc6d4b" outcome="Passed" testListId="8c84fa94-04c1-424b-9868-57a2d4851a1d" relativeResultsDirectory="09ef366d-04b8-47e6-9607-ce8b1bb83a0c" />
    <UnitTestResult executionId="33f40c0a-e381-4fc3-9d67-fe0dfd137c85" testId="021aa6e2-1ab8-bf0e-3a87-a681b1bfbd3c" testName="MSTest_P2_968" computerName="NAVB3" duration="00:00:00.0000982" startTime="2017-11-29T20:12:00.4512999+05:30" endTime="2017-11-29T20:12:00.4512999+05:30" testType="13cdc9d9-ddb5-4fa4-a97d-d965ccfc6d4b" outcome="Passed" testListId="8c84fa94-04c1-424b-9868-57a2d4851a1d" relativeResultsDirectory="33f40c0a-e381-4fc3-9d67-fe0dfd137c85" />
    <UnitTestResult executionId="fc8d0f7c-6770-49b8-88bb-0a4d064adf0c" testId="f1b7b4ee-b356-2a6e-ad47-59d1eea98de9" testName="MSTest_P2_969" computerName="NAVB3" duration="00:00:00.0000999" startTime="2017-11-29T20:12:00.4512999+05:30" endTime="2017-11-29T20:12:00.4512999+05:30" testType="13cdc9d9-ddb5-4fa4-a97d-d965ccfc6d4b" outcome="Passed" testListId="8c84fa94-04c1-424b-9868-57a2d4851a1d" relativeResultsDirectory="fc8d0f7c-6770-49b8-88bb-0a4d064adf0c" />
    <UnitTestResult executionId="60368c65-d1ee-4d41-96cc-9412ffb286a5" testId="937c1a24-2374-a6c9-43f7-7bd06df36671" testName="MSTest_P2_970" computerName="NAVB3" duration="00:00:00.0000999" startTime="2017-11-29T20:12:00.4512999+05:30" endTime="2017-11-29T20:12:00.4512999+05:30" testType="13cdc9d9-ddb5-4fa4-a97d-d965ccfc6d4b" outcome="Passed" testListId="8c84fa94-04c1-424b-9868-57a2d4851a1d" relativeResultsDirectory="60368c65-d1ee-4d41-96cc-9412ffb286a5" />
    <UnitTestResult executionId="dd625fcd-5e01-4441-b5d0-05d79ef3b353" testId="00e26104-cf41-c102-75d3-90abc73f737c" testName="MSTest_P2_971" computerName="NAVB3" duration="00:00:00.0001014" startTime="2017-11-29T20:12:00.4512999+05:30" endTime="2017-11-29T20:12:00.4512999+05:30" testType="13cdc9d9-ddb5-4fa4-a97d-d965ccfc6d4b" outcome="Passed" testListId="8c84fa94-04c1-424b-9868-57a2d4851a1d" relativeResultsDirectory="dd625fcd-5e01-4441-b5d0-05d79ef3b353" />
    <UnitTestResult executionId="5c04855e-57e1-456f-9322-a21e12199ae2" testId="6db42630-2762-f0dd-63a5-dfa32cb907cc" testName="MSTest_P2_972" computerName="NAVB3" duration="00:00:00.0000979" startTime="2017-11-29T20:12:00.4512999+05:30" endTime="2017-11-29T20:12:00.4512999+05:30" testType="13cdc9d9-ddb5-4fa4-a97d-d965ccfc6d4b" outcome="Passed" testListId="8c84fa94-04c1-424b-9868-57a2d4851a1d" relativeResultsDirectory="5c04855e-57e1-456f-9322-a21e12199ae2" />
    <UnitTestResult executionId="b76b89e1-2bed-43e8-b5eb-057e32936457" testId="f149c2ba-465a-6c74-3c63-988375e8514b" testName="MSTest_P2_973" computerName="NAVB3" duration="00:00:00.0000970" startTime="2017-11-29T20:12:00.4512999+05:30" endTime="2017-11-29T20:12:00.4512999+05:30" testType="13cdc9d9-ddb5-4fa4-a97d-d965ccfc6d4b" outcome="Passed" testListId="8c84fa94-04c1-424b-9868-57a2d4851a1d" relativeResultsDirectory="b76b89e1-2bed-43e8-b5eb-057e32936457" />
    <UnitTestResult executionId="2532d19f-2241-46df-a250-12b953db0bc7" testId="534e5a5e-a75c-4d7b-ee03-c96c63db19fe" testName="MSTest_P2_974" computerName="NAVB3" duration="00:00:00.0001008" startTime="2017-11-29T20:12:00.4512999+05:30" endTime="2017-11-29T20:12:00.4669265+05:30" testType="13cdc9d9-ddb5-4fa4-a97d-d965ccfc6d4b" outcome="Passed" testListId="8c84fa94-04c1-424b-9868-57a2d4851a1d" relativeResultsDirectory="2532d19f-2241-46df-a250-12b953db0bc7" />
    <UnitTestResult executionId="cd45e116-21b6-4d59-91fe-c1431bcbfd57" testId="c4e1a648-d13c-6d96-77e1-194682ca2e2f" testName="MSTest_P2_975" computerName="NAVB3" duration="00:00:00.0001005" startTime="2017-11-29T20:12:00.4669265+05:30" endTime="2017-11-29T20:12:00.4669265+05:30" testType="13cdc9d9-ddb5-4fa4-a97d-d965ccfc6d4b" outcome="Passed" testListId="8c84fa94-04c1-424b-9868-57a2d4851a1d" relativeResultsDirectory="cd45e116-21b6-4d59-91fe-c1431bcbfd57" />
    <UnitTestResult executionId="9aae71fc-8859-41f7-acb4-9631a64cc0a3" testId="5a6efaa2-6cee-cfc4-c728-aae3bfe1ac68" testName="MSTest_P2_976" computerName="NAVB3" duration="00:00:00.0000970" startTime="2017-11-29T20:12:00.4669265+05:30" endTime="2017-11-29T20:12:00.4669265+05:30" testType="13cdc9d9-ddb5-4fa4-a97d-d965ccfc6d4b" outcome="Passed" testListId="8c84fa94-04c1-424b-9868-57a2d4851a1d" relativeResultsDirectory="9aae71fc-8859-41f7-acb4-9631a64cc0a3" />
    <UnitTestResult executionId="6ee6a1f7-9474-407b-a815-f7e131649565" testId="2714cde1-9535-bf45-b8a7-195dca391fda" testName="MSTest_P2_977" computerName="NAVB3" duration="00:00:00.0000967" startTime="2017-11-29T20:12:00.4669265+05:30" endTime="2017-11-29T20:12:00.4669265+05:30" testType="13cdc9d9-ddb5-4fa4-a97d-d965ccfc6d4b" outcome="Passed" testListId="8c84fa94-04c1-424b-9868-57a2d4851a1d" relativeResultsDirectory="6ee6a1f7-9474-407b-a815-f7e131649565" />
    <UnitTestResult executionId="4283201b-fee1-4998-97ac-2fc85c46a0b4" testId="0c9e54e2-5122-ba29-f0a0-9ae6abe21274" testName="MSTest_P2_978" computerName="NAVB3" duration="00:00:00.0000961" startTime="2017-11-29T20:12:00.4669265+05:30" endTime="2017-11-29T20:12:00.4669265+05:30" testType="13cdc9d9-ddb5-4fa4-a97d-d965ccfc6d4b" outcome="Passed" testListId="8c84fa94-04c1-424b-9868-57a2d4851a1d" relativeResultsDirectory="4283201b-fee1-4998-97ac-2fc85c46a0b4" />
    <UnitTestResult executionId="dded7d0e-9524-4169-bdb5-22172283ba6d" testId="f53bd6f4-efaa-25e3-9060-6b3174fffaa7" testName="MSTest_P2_979" computerName="NAVB3" duration="00:00:00.0000967" startTime="2017-11-29T20:12:00.4669265+05:30" endTime="2017-11-29T20:12:00.4669265+05:30" testType="13cdc9d9-ddb5-4fa4-a97d-d965ccfc6d4b" outcome="Passed" testListId="8c84fa94-04c1-424b-9868-57a2d4851a1d" relativeResultsDirectory="dded7d0e-9524-4169-bdb5-22172283ba6d" />
    <UnitTestResult executionId="97aec587-7cb0-4adb-9c77-ba8539c6822d" testId="31a54882-0459-8808-6dea-815b93d1cf37" testName="MSTest_P2_980" computerName="NAVB3" duration="00:00:00.0000973" startTime="2017-11-29T20:12:00.4669265+05:30" endTime="2017-11-29T20:12:00.4669265+05:30" testType="13cdc9d9-ddb5-4fa4-a97d-d965ccfc6d4b" outcome="Passed" testListId="8c84fa94-04c1-424b-9868-57a2d4851a1d" relativeResultsDirectory="97aec587-7cb0-4adb-9c77-ba8539c6822d" />
    <UnitTestResult executionId="5577bb84-6f29-45cc-b57a-e06783c00da0" testId="73ee45f0-db72-8be7-691e-6a6da7f10eb4" testName="MSTest_P2_981" computerName="NAVB3" duration="00:00:00.0000970" startTime="2017-11-29T20:12:00.4669265+05:30" endTime="2017-11-29T20:12:00.4669265+05:30" testType="13cdc9d9-ddb5-4fa4-a97d-d965ccfc6d4b" outcome="Passed" testListId="8c84fa94-04c1-424b-9868-57a2d4851a1d" relativeResultsDirectory="5577bb84-6f29-45cc-b57a-e06783c00da0" />
    <UnitTestResult executionId="42f9d21f-e263-4269-b958-a73ede440803" testId="c42e4098-937c-1bdf-286e-4a88535261f6" testName="MSTest_P2_982" computerName="NAVB3" duration="00:00:00.0001002" startTime="2017-11-29T20:12:00.4669265+05:30" endTime="2017-11-29T20:12:00.4669265+05:30" testType="13cdc9d9-ddb5-4fa4-a97d-d965ccfc6d4b" outcome="Passed" testListId="8c84fa94-04c1-424b-9868-57a2d4851a1d" relativeResultsDirectory="42f9d21f-e263-4269-b958-a73ede440803" />
    <UnitTestResult executionId="f0ea465e-f68c-4a8d-b20d-32552a458589" testId="eb5031d8-5a01-da61-3df7-26c870bd3135" testName="MSTest_P2_983" computerName="NAVB3" duration="00:00:00.0000970" startTime="2017-11-29T20:12:00.4669265+05:30" endTime="2017-11-29T20:12:00.4669265+05:30" testType="13cdc9d9-ddb5-4fa4-a97d-d965ccfc6d4b" outcome="Passed" testListId="8c84fa94-04c1-424b-9868-57a2d4851a1d" relativeResultsDirectory="f0ea465e-f68c-4a8d-b20d-32552a458589" />
    <UnitTestResult executionId="92ed1a9c-3361-4063-ad2b-4de5bd70f122" testId="6526c150-7f85-b1c4-20f9-d5f664670ad4" testName="MSTest_P2_984" computerName="NAVB3" duration="00:00:00.0000991" startTime="2017-11-29T20:12:00.4669265+05:30" endTime="2017-11-29T20:12:00.4669265+05:30" testType="13cdc9d9-ddb5-4fa4-a97d-d965ccfc6d4b" outcome="Passed" testListId="8c84fa94-04c1-424b-9868-57a2d4851a1d" relativeResultsDirectory="92ed1a9c-3361-4063-ad2b-4de5bd70f122" />
    <UnitTestResult executionId="356dac79-0d8d-4c36-9fb8-3791899662b7" testId="641d120b-a58b-5f63-7577-1d2096e02b03" testName="MSTest_P2_985" computerName="NAVB3" duration="00:00:00.0000947" startTime="2017-11-29T20:12:00.4669265+05:30" endTime="2017-11-29T20:12:00.4669265+05:30" testType="13cdc9d9-ddb5-4fa4-a97d-d965ccfc6d4b" outcome="Passed" testListId="8c84fa94-04c1-424b-9868-57a2d4851a1d" relativeResultsDirectory="356dac79-0d8d-4c36-9fb8-3791899662b7" />
    <UnitTestResult executionId="7d66496e-d8ec-4c20-928c-3a8b2a09431c" testId="2a114e9d-3e7a-eed7-7fc6-c79f8364b40f" testName="MSTest_P2_986" computerName="NAVB3" duration="00:00:00.0000967" startTime="2017-11-29T20:12:00.4669265+05:30" endTime="2017-11-29T20:12:00.4669265+05:30" testType="13cdc9d9-ddb5-4fa4-a97d-d965ccfc6d4b" outcome="Passed" testListId="8c84fa94-04c1-424b-9868-57a2d4851a1d" relativeResultsDirectory="7d66496e-d8ec-4c20-928c-3a8b2a09431c" />
    <UnitTestResult executionId="ae3e7a42-8df8-4a4a-8d7f-e7d56e20c927" testId="7a199eaa-23a1-e626-ccad-d70838934b1e" testName="MSTest_P2_987" computerName="NAVB3" duration="00:00:00.0001005" startTime="2017-11-29T20:12:00.4669265+05:30" endTime="2017-11-29T20:12:00.4669265+05:30" testType="13cdc9d9-ddb5-4fa4-a97d-d965ccfc6d4b" outcome="Passed" testListId="8c84fa94-04c1-424b-9868-57a2d4851a1d" relativeResultsDirectory="ae3e7a42-8df8-4a4a-8d7f-e7d56e20c927" />
    <UnitTestResult executionId="a96433ca-93b9-4698-8730-7c3d331a86e1" testId="040e15d1-3cc6-eb89-1511-64d9be934374" testName="MSTest_P2_988" computerName="NAVB3" duration="00:00:00.0001029" startTime="2017-11-29T20:12:00.4669265+05:30" endTime="2017-11-29T20:12:00.4669265+05:30" testType="13cdc9d9-ddb5-4fa4-a97d-d965ccfc6d4b" outcome="Passed" testListId="8c84fa94-04c1-424b-9868-57a2d4851a1d" relativeResultsDirectory="a96433ca-93b9-4698-8730-7c3d331a86e1" />
    <UnitTestResult executionId="ff9c0e93-41d1-468c-9266-871d68fc1caf" testId="4072e1a5-5a8d-7b88-a069-2fef89825d5c" testName="MSTest_P2_989" computerName="NAVB3" duration="00:00:00.0001020" startTime="2017-11-29T20:12:00.4669265+05:30" endTime="2017-11-29T20:12:00.4669265+05:30" testType="13cdc9d9-ddb5-4fa4-a97d-d965ccfc6d4b" outcome="Passed" testListId="8c84fa94-04c1-424b-9868-57a2d4851a1d" relativeResultsDirectory="ff9c0e93-41d1-468c-9266-871d68fc1caf" />
    <UnitTestResult executionId="d64ad827-ed77-4c32-ad9a-96870200ed7a" testId="5befa1f8-d1ed-8ba8-f375-fd0acfe7d428" testName="MSTest_P2_990" computerName="NAVB3" duration="00:00:00.0000947" startTime="2017-11-29T20:12:00.4669265+05:30" endTime="2017-11-29T20:12:00.4669265+05:30" testType="13cdc9d9-ddb5-4fa4-a97d-d965ccfc6d4b" outcome="Passed" testListId="8c84fa94-04c1-424b-9868-57a2d4851a1d" relativeResultsDirectory="d64ad827-ed77-4c32-ad9a-96870200ed7a" />
    <UnitTestResult executionId="551d2a60-f879-48c7-97e8-898482632485" testId="3bc42893-cda1-767a-940c-35ff84d6f263" testName="MSTest_P2_991" computerName="NAVB3" duration="00:00:00.0001032" startTime="2017-11-29T20:12:00.4669265+05:30" endTime="2017-11-29T20:12:00.4669265+05:30" testType="13cdc9d9-ddb5-4fa4-a97d-d965ccfc6d4b" outcome="Passed" testListId="8c84fa94-04c1-424b-9868-57a2d4851a1d" relativeResultsDirectory="551d2a60-f879-48c7-97e8-898482632485" />
    <UnitTestResult executionId="5f2c7925-c301-4b9e-881d-145b28cfb0bf" testId="acd2cded-6d85-a36c-f6c5-4544e1fd59e5" testName="MSTest_P2_992" computerName="NAVB3" duration="00:00:00.0000953" startTime="2017-11-29T20:12:00.4669265+05:30" endTime="2017-11-29T20:12:00.4669265+05:30" testType="13cdc9d9-ddb5-4fa4-a97d-d965ccfc6d4b" outcome="Passed" testListId="8c84fa94-04c1-424b-9868-57a2d4851a1d" relativeResultsDirectory="5f2c7925-c301-4b9e-881d-145b28cfb0bf" />
    <UnitTestResult executionId="369e5f99-d5f9-419d-9666-fdb6a7e70856" testId="78f37c92-952e-5a6b-3748-988cf20dc3bb" testName="MSTest_P2_993" computerName="NAVB3" duration="00:00:00.0000958" startTime="2017-11-29T20:12:00.4669265+05:30" endTime="2017-11-29T20:12:00.4669265+05:30" testType="13cdc9d9-ddb5-4fa4-a97d-d965ccfc6d4b" outcome="Passed" testListId="8c84fa94-04c1-424b-9868-57a2d4851a1d" relativeResultsDirectory="369e5f99-d5f9-419d-9666-fdb6a7e70856" />
    <UnitTestResult executionId="7530f334-476e-424c-94bc-fc01f94e204a" testId="775de9b7-b56f-e178-17a4-2e73b893f714" testName="MSTest_P2_994" computerName="NAVB3" duration="00:00:00.0000953" startTime="2017-11-29T20:12:00.4669265+05:30" endTime="2017-11-29T20:12:00.4669265+05:30" testType="13cdc9d9-ddb5-4fa4-a97d-d965ccfc6d4b" outcome="Passed" testListId="8c84fa94-04c1-424b-9868-57a2d4851a1d" relativeResultsDirectory="7530f334-476e-424c-94bc-fc01f94e204a" />
    <UnitTestResult executionId="651cd1f8-7cfa-4ac8-b42d-059e37f2ec67" testId="7b614397-d243-a17d-7fb1-de23fbb638cf" testName="MSTest_P2_995" computerName="NAVB3" duration="00:00:00.0001049" startTime="2017-11-29T20:12:00.4669265+05:30" endTime="2017-11-29T20:12:00.4669265+05:30" testType="13cdc9d9-ddb5-4fa4-a97d-d965ccfc6d4b" outcome="Passed" testListId="8c84fa94-04c1-424b-9868-57a2d4851a1d" relativeResultsDirectory="651cd1f8-7cfa-4ac8-b42d-059e37f2ec67" />
    <UnitTestResult executionId="c2021892-25a1-480c-87ed-6b3df7cc3ae7" testId="35cd141a-84b6-cc50-2752-0f4f7b4c9285" testName="MSTest_P2_996" computerName="NAVB3" duration="00:00:00.0000991" startTime="2017-11-29T20:12:00.4669265+05:30" endTime="2017-11-29T20:12:00.4669265+05:30" testType="13cdc9d9-ddb5-4fa4-a97d-d965ccfc6d4b" outcome="Passed" testListId="8c84fa94-04c1-424b-9868-57a2d4851a1d" relativeResultsDirectory="c2021892-25a1-480c-87ed-6b3df7cc3ae7" />
    <UnitTestResult executionId="c63324f4-9f8d-4315-92b2-f676e59be4f4" testId="1d9e7009-8802-9d9b-8a2f-df3debadc0a0" testName="MSTest_P2_997" computerName="NAVB3" duration="00:00:00.0000999" startTime="2017-11-29T20:12:00.4669265+05:30" endTime="2017-11-29T20:12:00.4669265+05:30" testType="13cdc9d9-ddb5-4fa4-a97d-d965ccfc6d4b" outcome="Passed" testListId="8c84fa94-04c1-424b-9868-57a2d4851a1d" relativeResultsDirectory="c63324f4-9f8d-4315-92b2-f676e59be4f4" />
    <UnitTestResult executionId="0d672b36-36e9-46b5-899e-83012e736d5c" testId="41171bd7-86b8-6ca1-3adc-e33c367d87d2" testName="MSTest_P2_998" computerName="NAVB3" duration="00:00:00.0000991" startTime="2017-11-29T20:12:00.4669265+05:30" endTime="2017-11-29T20:12:00.4669265+05:30" testType="13cdc9d9-ddb5-4fa4-a97d-d965ccfc6d4b" outcome="Passed" testListId="8c84fa94-04c1-424b-9868-57a2d4851a1d" relativeResultsDirectory="0d672b36-36e9-46b5-899e-83012e736d5c" />
    <UnitTestResult executionId="a2af73d3-5d1a-4ef9-9bc4-3f849aa28067" testId="c5239ca4-79b1-e054-dcaf-e5932e86c8d2" testName="MSTest_P2_999" computerName="NAVB3" duration="00:00:00.0000961" startTime="2017-11-29T20:12:00.4669265+05:30" endTime="2017-11-29T20:12:00.4669265+05:30" testType="13cdc9d9-ddb5-4fa4-a97d-d965ccfc6d4b" outcome="Passed" testListId="8c84fa94-04c1-424b-9868-57a2d4851a1d" relativeResultsDirectory="a2af73d3-5d1a-4ef9-9bc4-3f849aa28067" />
    <UnitTestResult executionId="1ce68d10-d19f-4948-9b77-bf4d51d538c7" testId="8c179aa1-3adf-0dbb-7bf6-79bd1dec4b45" testName="MSTest_P2_1000" computerName="NAVB3" duration="00:00:00.0000953" startTime="2017-11-29T20:12:00.4669265+05:30" endTime="2017-11-29T20:12:00.4669265+05:30" testType="13cdc9d9-ddb5-4fa4-a97d-d965ccfc6d4b" outcome="Passed" testListId="8c84fa94-04c1-424b-9868-57a2d4851a1d" relativeResultsDirectory="1ce68d10-d19f-4948-9b77-bf4d51d538c7" />
    <UnitTestResult executionId="4aade8e6-7712-4d6d-8297-b4e0feebe562" testId="a7fe75a3-2e96-03bd-b6ec-4bc0846c7d00" testName="MSTest_P2_851" computerName="NAVB3" duration="00:00:00.0000967" startTime="2017-11-29T20:12:00.4669265+05:30" endTime="2017-11-29T20:12:00.4669265+05:30" testType="13cdc9d9-ddb5-4fa4-a97d-d965ccfc6d4b" outcome="Passed" testListId="8c84fa94-04c1-424b-9868-57a2d4851a1d" relativeResultsDirectory="4aade8e6-7712-4d6d-8297-b4e0feebe562" />
    <UnitTestResult executionId="2c21d862-897e-416f-9c81-d7af764cf30c" testId="c4ee037e-817c-ec67-92c1-9e161f80ebc3" testName="MSTest_P2_852" computerName="NAVB3" duration="00:00:00.0001011" startTime="2017-11-29T20:12:00.4669265+05:30" endTime="2017-11-29T20:12:00.4669265+05:30" testType="13cdc9d9-ddb5-4fa4-a97d-d965ccfc6d4b" outcome="Passed" testListId="8c84fa94-04c1-424b-9868-57a2d4851a1d" relativeResultsDirectory="2c21d862-897e-416f-9c81-d7af764cf30c" />
    <UnitTestResult executionId="71f3451a-b38e-4c1a-9f8d-4c1ba03b402b" testId="3a19ebda-b487-9e39-3057-c3b49f9be1eb" testName="MSTest_P2_853" computerName="NAVB3" duration="00:00:00.0000982" startTime="2017-11-29T20:12:00.4669265+05:30" endTime="2017-11-29T20:12:00.4669265+05:30" testType="13cdc9d9-ddb5-4fa4-a97d-d965ccfc6d4b" outcome="Passed" testListId="8c84fa94-04c1-424b-9868-57a2d4851a1d" relativeResultsDirectory="71f3451a-b38e-4c1a-9f8d-4c1ba03b402b" />
    <UnitTestResult executionId="2146ae85-c338-4b60-88f1-5d44eb10207c" testId="4d82cbc9-2b0f-469d-9800-fb435711556a" testName="MSTest_P2_854" computerName="NAVB3" duration="00:00:00.0000982" startTime="2017-11-29T20:12:00.4669265+05:30" endTime="2017-11-29T20:12:00.4669265+05:30" testType="13cdc9d9-ddb5-4fa4-a97d-d965ccfc6d4b" outcome="Passed" testListId="8c84fa94-04c1-424b-9868-57a2d4851a1d" relativeResultsDirectory="2146ae85-c338-4b60-88f1-5d44eb10207c" />
    <UnitTestResult executionId="deef6683-de3f-4e4e-83e3-254dc3714354" testId="ae41f3b8-920f-ca4d-e937-5dcb87ebba03" testName="MSTest_P2_855" computerName="NAVB3" duration="00:00:00.0001120" startTime="2017-11-29T20:12:00.4669265+05:30" endTime="2017-11-29T20:12:00.4669265+05:30" testType="13cdc9d9-ddb5-4fa4-a97d-d965ccfc6d4b" outcome="Passed" testListId="8c84fa94-04c1-424b-9868-57a2d4851a1d" relativeResultsDirectory="deef6683-de3f-4e4e-83e3-254dc3714354" />
    <UnitTestResult executionId="27c6d78a-b9d2-484c-b270-39b359e66f7d" testId="3033e893-6716-43cf-7916-56ba87dea9be" testName="MSTest_P2_856" computerName="NAVB3" duration="00:00:00.0000964" startTime="2017-11-29T20:12:00.4669265+05:30" endTime="2017-11-29T20:12:00.4669265+05:30" testType="13cdc9d9-ddb5-4fa4-a97d-d965ccfc6d4b" outcome="Passed" testListId="8c84fa94-04c1-424b-9868-57a2d4851a1d" relativeResultsDirectory="27c6d78a-b9d2-484c-b270-39b359e66f7d" />
    <UnitTestResult executionId="ba14b0fa-5d4f-4dc6-9365-c3918a63b716" testId="7fb75753-0271-6479-c751-1f628e7ab5ff" testName="MSTest_P2_857" computerName="NAVB3" duration="00:00:00.0000976" startTime="2017-11-29T20:12:00.4669265+05:30" endTime="2017-11-29T20:12:00.4669265+05:30" testType="13cdc9d9-ddb5-4fa4-a97d-d965ccfc6d4b" outcome="Passed" testListId="8c84fa94-04c1-424b-9868-57a2d4851a1d" relativeResultsDirectory="ba14b0fa-5d4f-4dc6-9365-c3918a63b716" />
    <UnitTestResult executionId="093088f4-578a-46d2-a3c0-27618a4ff0e2" testId="be672a72-fc18-0400-485a-12de53f23a2a" testName="MSTest_P2_858" computerName="NAVB3" duration="00:00:00.0000982" startTime="2017-11-29T20:12:00.4669265+05:30" endTime="2017-11-29T20:12:00.4669265+05:30" testType="13cdc9d9-ddb5-4fa4-a97d-d965ccfc6d4b" outcome="Passed" testListId="8c84fa94-04c1-424b-9868-57a2d4851a1d" relativeResultsDirectory="093088f4-578a-46d2-a3c0-27618a4ff0e2" />
    <UnitTestResult executionId="02885754-4ba1-447a-ab8a-f77274409048" testId="21085900-bc69-616c-355b-a614e8f5bf08" testName="MSTest_P2_859" computerName="NAVB3" duration="00:00:00.0000964" startTime="2017-11-29T20:12:00.4669265+05:30" endTime="2017-11-29T20:12:00.4669265+05:30" testType="13cdc9d9-ddb5-4fa4-a97d-d965ccfc6d4b" outcome="Passed" testListId="8c84fa94-04c1-424b-9868-57a2d4851a1d" relativeResultsDirectory="02885754-4ba1-447a-ab8a-f77274409048" />
    <UnitTestResult executionId="6d560a3b-5997-4fdf-9f76-8df29ff3e1ea" testId="86027b69-76ae-89a5-9c9b-b257953e6d41" testName="MSTest_P2_860" computerName="NAVB3" duration="00:00:00.0000982" startTime="2017-11-29T20:12:00.4669265+05:30" endTime="2017-11-29T20:12:00.4669265+05:30" testType="13cdc9d9-ddb5-4fa4-a97d-d965ccfc6d4b" outcome="Passed" testListId="8c84fa94-04c1-424b-9868-57a2d4851a1d" relativeResultsDirectory="6d560a3b-5997-4fdf-9f76-8df29ff3e1ea" />
    <UnitTestResult executionId="7ca807d2-417b-4a55-9de6-268e59de1a16" testId="e2ba3635-b0ba-c8cb-7d36-5283fe37fe6e" testName="MSTest_P2_861" computerName="NAVB3" duration="00:00:00.0000988" startTime="2017-11-29T20:12:00.4669265+05:30" endTime="2017-11-29T20:12:00.4669265+05:30" testType="13cdc9d9-ddb5-4fa4-a97d-d965ccfc6d4b" outcome="Passed" testListId="8c84fa94-04c1-424b-9868-57a2d4851a1d" relativeResultsDirectory="7ca807d2-417b-4a55-9de6-268e59de1a16" />
    <UnitTestResult executionId="7b19cb71-ba2a-4093-9481-0ce2959cdb01" testId="f3ac47bd-a9a8-a877-946f-8b49d4f70f4f" testName="MSTest_P2_862" computerName="NAVB3" duration="00:00:00.0000999" startTime="2017-11-29T20:12:00.4669265+05:30" endTime="2017-11-29T20:12:00.4669265+05:30" testType="13cdc9d9-ddb5-4fa4-a97d-d965ccfc6d4b" outcome="Passed" testListId="8c84fa94-04c1-424b-9868-57a2d4851a1d" relativeResultsDirectory="7b19cb71-ba2a-4093-9481-0ce2959cdb01" />
    <UnitTestResult executionId="ef93bfc8-5e1a-428c-82c0-50176e76eed6" testId="b533f450-c8f3-9828-57b4-7959e05dc76f" testName="MSTest_P2_863" computerName="NAVB3" duration="00:00:00.0000988" startTime="2017-11-29T20:12:00.4669265+05:30" endTime="2017-11-29T20:12:00.4669265+05:30" testType="13cdc9d9-ddb5-4fa4-a97d-d965ccfc6d4b" outcome="Passed" testListId="8c84fa94-04c1-424b-9868-57a2d4851a1d" relativeResultsDirectory="ef93bfc8-5e1a-428c-82c0-50176e76eed6" />
    <UnitTestResult executionId="a0dfbb13-4bb8-427c-ae1d-37a12db891a8" testId="352da715-0705-873c-fcfe-67b3903ef9f1" testName="MSTest_P2_864" computerName="NAVB3" duration="00:00:00.0000988" startTime="2017-11-29T20:12:00.4669265+05:30" endTime="2017-11-29T20:12:00.4669265+05:30" testType="13cdc9d9-ddb5-4fa4-a97d-d965ccfc6d4b" outcome="Passed" testListId="8c84fa94-04c1-424b-9868-57a2d4851a1d" relativeResultsDirectory="a0dfbb13-4bb8-427c-ae1d-37a12db891a8" />
    <UnitTestResult executionId="508caa7a-ec56-45c4-8312-f72a48eb7ae6" testId="c8fa2475-1264-b11f-70e9-ad862879d13f" testName="MSTest_P2_865" computerName="NAVB3" duration="00:00:00.0000953" startTime="2017-11-29T20:12:00.4669265+05:30" endTime="2017-11-29T20:12:00.4669265+05:30" testType="13cdc9d9-ddb5-4fa4-a97d-d965ccfc6d4b" outcome="Passed" testListId="8c84fa94-04c1-424b-9868-57a2d4851a1d" relativeResultsDirectory="508caa7a-ec56-45c4-8312-f72a48eb7ae6" />
    <UnitTestResult executionId="4ddefdcf-4470-4597-aae5-b0ea55960332" testId="01ba11fe-433f-f074-761c-8c83de2a907f" testName="MSTest_P2_866" computerName="NAVB3" duration="00:00:00.0000970" startTime="2017-11-29T20:12:00.4669265+05:30" endTime="2017-11-29T20:12:00.4669265+05:30" testType="13cdc9d9-ddb5-4fa4-a97d-d965ccfc6d4b" outcome="Passed" testListId="8c84fa94-04c1-424b-9868-57a2d4851a1d" relativeResultsDirectory="4ddefdcf-4470-4597-aae5-b0ea55960332" />
    <UnitTestResult executionId="97fd8029-b14b-4654-8f86-9487083788d0" testId="d6c2787e-17a8-1045-2399-a361ca4f0a4d" testName="MSTest_P2_867" computerName="NAVB3" duration="00:00:00.0000970" startTime="2017-11-29T20:12:00.4669265+05:30" endTime="2017-11-29T20:12:00.4669265+05:30" testType="13cdc9d9-ddb5-4fa4-a97d-d965ccfc6d4b" outcome="Passed" testListId="8c84fa94-04c1-424b-9868-57a2d4851a1d" relativeResultsDirectory="97fd8029-b14b-4654-8f86-9487083788d0" />
    <UnitTestResult executionId="48bcb4ef-130b-46a4-adaf-fd2d33830910" testId="4b1598ca-bcf0-e7b8-8f2f-39050e65c172" testName="MSTest_P2_868" computerName="NAVB3" duration="00:00:00.0000979" startTime="2017-11-29T20:12:00.4669265+05:30" endTime="2017-11-29T20:12:00.4669265+05:30" testType="13cdc9d9-ddb5-4fa4-a97d-d965ccfc6d4b" outcome="Passed" testListId="8c84fa94-04c1-424b-9868-57a2d4851a1d" relativeResultsDirectory="48bcb4ef-130b-46a4-adaf-fd2d33830910" />
    <UnitTestResult executionId="28a47072-b1d8-43e9-a734-6e64e0d6bbec" testId="8d76d231-341b-be2a-b80f-b4f3e307e824" testName="MSTest_P2_869" computerName="NAVB3" duration="00:00:00.0000970" startTime="2017-11-29T20:12:00.4669265+05:30" endTime="2017-11-29T20:12:00.4669265+05:30" testType="13cdc9d9-ddb5-4fa4-a97d-d965ccfc6d4b" outcome="Passed" testListId="8c84fa94-04c1-424b-9868-57a2d4851a1d" relativeResultsDirectory="28a47072-b1d8-43e9-a734-6e64e0d6bbec" />
    <UnitTestResult executionId="75faa01f-9cc6-41f3-a2c1-ccb280da1510" testId="0010ea3a-5287-fd2f-b258-8339604e8989" testName="MSTest_P2_870" computerName="NAVB3" duration="00:00:00.0000982" startTime="2017-11-29T20:12:00.4669265+05:30" endTime="2017-11-29T20:12:00.4669265+05:30" testType="13cdc9d9-ddb5-4fa4-a97d-d965ccfc6d4b" outcome="Passed" testListId="8c84fa94-04c1-424b-9868-57a2d4851a1d" relativeResultsDirectory="75faa01f-9cc6-41f3-a2c1-ccb280da1510" />
    <UnitTestResult executionId="b9ffa066-d360-4712-9b11-67764bcb32bc" testId="677d7f28-e935-23ec-2ee4-6f2d6738fc72" testName="MSTest_P2_871" computerName="NAVB3" duration="00:00:00.0001032" startTime="2017-11-29T20:12:00.4669265+05:30" endTime="2017-11-29T20:12:00.4669265+05:30" testType="13cdc9d9-ddb5-4fa4-a97d-d965ccfc6d4b" outcome="Passed" testListId="8c84fa94-04c1-424b-9868-57a2d4851a1d" relativeResultsDirectory="b9ffa066-d360-4712-9b11-67764bcb32bc" />
    <UnitTestResult executionId="232789a4-8bcd-497c-9d69-79bd8f43bfed" testId="05efae6d-3bf9-84bc-60cc-c072aff43c91" testName="MSTest_P2_872" computerName="NAVB3" duration="00:00:00.0000973" startTime="2017-11-29T20:12:00.4669265+05:30" endTime="2017-11-29T20:12:00.4669265+05:30" testType="13cdc9d9-ddb5-4fa4-a97d-d965ccfc6d4b" outcome="Passed" testListId="8c84fa94-04c1-424b-9868-57a2d4851a1d" relativeResultsDirectory="232789a4-8bcd-497c-9d69-79bd8f43bfed" />
    <UnitTestResult executionId="b7615690-c091-46de-ad3b-114bbee8cfc5" testId="e7aa002b-1aa3-87d8-d09b-f2903787c4c5" testName="MSTest_P2_873" computerName="NAVB3" duration="00:00:00.0000958" startTime="2017-11-29T20:12:00.4669265+05:30" endTime="2017-11-29T20:12:00.4669265+05:30" testType="13cdc9d9-ddb5-4fa4-a97d-d965ccfc6d4b" outcome="Passed" testListId="8c84fa94-04c1-424b-9868-57a2d4851a1d" relativeResultsDirectory="b7615690-c091-46de-ad3b-114bbee8cfc5" />
    <UnitTestResult executionId="93d866db-63f2-426e-bcaa-85a953504a28" testId="f83b8ceb-3c02-7924-de7f-cf05e02feba9" testName="MSTest_P2_874" computerName="NAVB3" duration="00:00:00.0000958" startTime="2017-11-29T20:12:00.4669265+05:30" endTime="2017-11-29T20:12:00.4669265+05:30" testType="13cdc9d9-ddb5-4fa4-a97d-d965ccfc6d4b" outcome="Passed" testListId="8c84fa94-04c1-424b-9868-57a2d4851a1d" relativeResultsDirectory="93d866db-63f2-426e-bcaa-85a953504a28" />
    <UnitTestResult executionId="82d4bd43-a66b-4c98-b676-a9fbd0ff792c" testId="3c3b9333-2695-fbcf-f1f2-3fe50dd2df23" testName="MSTest_P2_875" computerName="NAVB3" duration="00:00:00.0000961" startTime="2017-11-29T20:12:00.4669265+05:30" endTime="2017-11-29T20:12:00.4669265+05:30" testType="13cdc9d9-ddb5-4fa4-a97d-d965ccfc6d4b" outcome="Passed" testListId="8c84fa94-04c1-424b-9868-57a2d4851a1d" relativeResultsDirectory="82d4bd43-a66b-4c98-b676-a9fbd0ff792c" />
    <UnitTestResult executionId="433cc6fb-25bc-4d1b-a6bb-e7f361ee40b7" testId="78d579f6-f34e-71d5-c443-3fb4705c2583" testName="MSTest_P2_876" computerName="NAVB3" duration="00:00:00.0001002" startTime="2017-11-29T20:12:00.4669265+05:30" endTime="2017-11-29T20:12:00.4669265+05:30" testType="13cdc9d9-ddb5-4fa4-a97d-d965ccfc6d4b" outcome="Passed" testListId="8c84fa94-04c1-424b-9868-57a2d4851a1d" relativeResultsDirectory="433cc6fb-25bc-4d1b-a6bb-e7f361ee40b7" />
    <UnitTestResult executionId="cb30967b-9515-4c7a-aeb4-07c229fede1f" testId="4026a03c-5cd1-f768-0585-3b65bec7b92e" testName="MSTest_P2_877" computerName="NAVB3" duration="00:00:00.0001043" startTime="2017-11-29T20:12:00.4669265+05:30" endTime="2017-11-29T20:12:00.4669265+05:30" testType="13cdc9d9-ddb5-4fa4-a97d-d965ccfc6d4b" outcome="Passed" testListId="8c84fa94-04c1-424b-9868-57a2d4851a1d" relativeResultsDirectory="cb30967b-9515-4c7a-aeb4-07c229fede1f" />
    <UnitTestResult executionId="a224e996-b85e-4447-b9f3-5a4d6928c858" testId="19807a41-2691-53a6-d62a-2db876d4fc94" testName="MSTest_P2_878" computerName="NAVB3" duration="00:00:00.0000994" startTime="2017-11-29T20:12:00.4669265+05:30" endTime="2017-11-29T20:12:00.4669265+05:30" testType="13cdc9d9-ddb5-4fa4-a97d-d965ccfc6d4b" outcome="Passed" testListId="8c84fa94-04c1-424b-9868-57a2d4851a1d" relativeResultsDirectory="a224e996-b85e-4447-b9f3-5a4d6928c858" />
    <UnitTestResult executionId="fb8e6c5e-3c2b-476a-aa78-3348bc125675" testId="53223002-3ece-d6b7-90af-dfc6000e70ce" testName="MSTest_P2_879" computerName="NAVB3" duration="00:00:00.0001281" startTime="2017-11-29T20:12:00.4669265+05:30" endTime="2017-11-29T20:12:00.4825463+05:30" testType="13cdc9d9-ddb5-4fa4-a97d-d965ccfc6d4b" outcome="Passed" testListId="8c84fa94-04c1-424b-9868-57a2d4851a1d" relativeResultsDirectory="fb8e6c5e-3c2b-476a-aa78-3348bc125675" />
    <UnitTestResult executionId="1aa6ba76-8dbc-413a-b15b-8274834929a8" testId="5973e6ab-4412-1088-a080-cf1835df860a" testName="MSTest_P2_880" computerName="NAVB3" duration="00:00:00.0001170" startTime="2017-11-29T20:12:00.4825463+05:30" endTime="2017-11-29T20:12:00.4825463+05:30" testType="13cdc9d9-ddb5-4fa4-a97d-d965ccfc6d4b" outcome="Passed" testListId="8c84fa94-04c1-424b-9868-57a2d4851a1d" relativeResultsDirectory="1aa6ba76-8dbc-413a-b15b-8274834929a8" />
    <UnitTestResult executionId="0c0efbb8-cf2a-4ad9-ab3b-a90f12c177c7" testId="b6cbae22-7678-43bf-a3cf-9e1a02f451c5" testName="MSTest_P2_881" computerName="NAVB3" duration="00:00:00.0001387" startTime="2017-11-29T20:12:00.4825463+05:30" endTime="2017-11-29T20:12:00.4825463+05:30" testType="13cdc9d9-ddb5-4fa4-a97d-d965ccfc6d4b" outcome="Passed" testListId="8c84fa94-04c1-424b-9868-57a2d4851a1d" relativeResultsDirectory="0c0efbb8-cf2a-4ad9-ab3b-a90f12c177c7" />
    <UnitTestResult executionId="bd5576e0-3bab-436a-882b-7f26ade87650" testId="19aa84b0-3d14-3b24-492f-1b765811c409" testName="MSTest_P2_882" computerName="NAVB3" duration="00:00:00.0000994" startTime="2017-11-29T20:12:00.4825463+05:30" endTime="2017-11-29T20:12:00.4825463+05:30" testType="13cdc9d9-ddb5-4fa4-a97d-d965ccfc6d4b" outcome="Passed" testListId="8c84fa94-04c1-424b-9868-57a2d4851a1d" relativeResultsDirectory="bd5576e0-3bab-436a-882b-7f26ade87650" />
    <UnitTestResult executionId="71d0ec83-337a-409d-9999-b68d7b484b8f" testId="793dceeb-29da-7d67-8f22-0b73d18f83f5" testName="MSTest_P2_883" computerName="NAVB3" duration="00:00:00.0001017" startTime="2017-11-29T20:12:00.4825463+05:30" endTime="2017-11-29T20:12:00.4825463+05:30" testType="13cdc9d9-ddb5-4fa4-a97d-d965ccfc6d4b" outcome="Passed" testListId="8c84fa94-04c1-424b-9868-57a2d4851a1d" relativeResultsDirectory="71d0ec83-337a-409d-9999-b68d7b484b8f" />
    <UnitTestResult executionId="3d93f179-6af4-4ff5-bd5c-566c15407fdd" testId="405694f4-36fb-6245-aa30-de3fbd3780af" testName="MSTest_P2_884" computerName="NAVB3" duration="00:00:00.0000879" startTime="2017-11-29T20:12:00.4825463+05:30" endTime="2017-11-29T20:12:00.4825463+05:30" testType="13cdc9d9-ddb5-4fa4-a97d-d965ccfc6d4b" outcome="Passed" testListId="8c84fa94-04c1-424b-9868-57a2d4851a1d" relativeResultsDirectory="3d93f179-6af4-4ff5-bd5c-566c15407fdd" />
    <UnitTestResult executionId="78cdaf7a-d32c-481c-b853-7158483f523e" testId="37b695b3-3e61-189f-b467-3318d8d15d31" testName="MSTest_P2_885" computerName="NAVB3" duration="00:00:00.0000838" startTime="2017-11-29T20:12:00.4825463+05:30" endTime="2017-11-29T20:12:00.4825463+05:30" testType="13cdc9d9-ddb5-4fa4-a97d-d965ccfc6d4b" outcome="Passed" testListId="8c84fa94-04c1-424b-9868-57a2d4851a1d" relativeResultsDirectory="78cdaf7a-d32c-481c-b853-7158483f523e" />
    <UnitTestResult executionId="b9847182-7ecb-411f-87d8-c4e141b8b982" testId="135d2e13-c57b-2fe9-21d1-c8744f718b44" testName="MSTest_P2_886" computerName="NAVB3" duration="00:00:00.0001049" startTime="2017-11-29T20:12:00.4825463+05:30" endTime="2017-11-29T20:12:00.4825463+05:30" testType="13cdc9d9-ddb5-4fa4-a97d-d965ccfc6d4b" outcome="Passed" testListId="8c84fa94-04c1-424b-9868-57a2d4851a1d" relativeResultsDirectory="b9847182-7ecb-411f-87d8-c4e141b8b982" />
    <UnitTestResult executionId="c864c34d-7e0c-4107-a846-551d276929d8" testId="49f8e1df-8bb0-8489-559f-8c7db164e7ca" testName="MSTest_P2_887" computerName="NAVB3" duration="00:00:00.0001035" startTime="2017-11-29T20:12:00.4825463+05:30" endTime="2017-11-29T20:12:00.4825463+05:30" testType="13cdc9d9-ddb5-4fa4-a97d-d965ccfc6d4b" outcome="Passed" testListId="8c84fa94-04c1-424b-9868-57a2d4851a1d" relativeResultsDirectory="c864c34d-7e0c-4107-a846-551d276929d8" />
    <UnitTestResult executionId="69fd5044-3d6e-4cf3-a181-132f09a59a98" testId="c5821e74-d368-e2f0-980a-54e9e41c9527" testName="MSTest_P2_888" computerName="NAVB3" duration="00:00:00.0000976" startTime="2017-11-29T20:12:00.4825463+05:30" endTime="2017-11-29T20:12:00.4825463+05:30" testType="13cdc9d9-ddb5-4fa4-a97d-d965ccfc6d4b" outcome="Passed" testListId="8c84fa94-04c1-424b-9868-57a2d4851a1d" relativeResultsDirectory="69fd5044-3d6e-4cf3-a181-132f09a59a98" />
    <UnitTestResult executionId="1e1685e0-00d0-4f56-a835-d21727148055" testId="13525bc0-6c1b-b08c-be93-a925f20b8daf" testName="MSTest_P2_889" computerName="NAVB3" duration="00:00:00.0000944" startTime="2017-11-29T20:12:00.4825463+05:30" endTime="2017-11-29T20:12:00.4825463+05:30" testType="13cdc9d9-ddb5-4fa4-a97d-d965ccfc6d4b" outcome="Passed" testListId="8c84fa94-04c1-424b-9868-57a2d4851a1d" relativeResultsDirectory="1e1685e0-00d0-4f56-a835-d21727148055" />
    <UnitTestResult executionId="825dba20-dbb1-4382-8330-6bdb9cebd3fc" testId="9e1ec76b-8a3d-b2e3-797b-a1567313d528" testName="MSTest_P2_890" computerName="NAVB3" duration="00:00:00.0001302" startTime="2017-11-29T20:12:00.4825463+05:30" endTime="2017-11-29T20:12:00.4825463+05:30" testType="13cdc9d9-ddb5-4fa4-a97d-d965ccfc6d4b" outcome="Passed" testListId="8c84fa94-04c1-424b-9868-57a2d4851a1d" relativeResultsDirectory="825dba20-dbb1-4382-8330-6bdb9cebd3fc" />
    <UnitTestResult executionId="99554740-2187-459f-be17-50af260c189e" testId="b6107094-3ee8-6336-dda3-3cc40b28cc63" testName="MSTest_P2_891" computerName="NAVB3" duration="00:00:00.0001049" startTime="2017-11-29T20:12:00.4825463+05:30" endTime="2017-11-29T20:12:00.4825463+05:30" testType="13cdc9d9-ddb5-4fa4-a97d-d965ccfc6d4b" outcome="Passed" testListId="8c84fa94-04c1-424b-9868-57a2d4851a1d" relativeResultsDirectory="99554740-2187-459f-be17-50af260c189e" />
    <UnitTestResult executionId="e61eeb94-66f1-490c-a756-16a875a5c516" testId="17bb2056-a845-81a8-50e9-5b0df5282b4f" testName="MSTest_P2_892" computerName="NAVB3" duration="00:00:00.0000961" startTime="2017-11-29T20:12:00.4825463+05:30" endTime="2017-11-29T20:12:00.4825463+05:30" testType="13cdc9d9-ddb5-4fa4-a97d-d965ccfc6d4b" outcome="Passed" testListId="8c84fa94-04c1-424b-9868-57a2d4851a1d" relativeResultsDirectory="e61eeb94-66f1-490c-a756-16a875a5c516" />
    <UnitTestResult executionId="8ec0ca7f-fc7d-419c-85d4-0e07a1d494c2" testId="10c2ad78-f2d3-605c-6e27-d687e82263f6" testName="MSTest_P2_893" computerName="NAVB3" duration="00:00:00.0000967" startTime="2017-11-29T20:12:00.4825463+05:30" endTime="2017-11-29T20:12:00.4825463+05:30" testType="13cdc9d9-ddb5-4fa4-a97d-d965ccfc6d4b" outcome="Passed" testListId="8c84fa94-04c1-424b-9868-57a2d4851a1d" relativeResultsDirectory="8ec0ca7f-fc7d-419c-85d4-0e07a1d494c2" />
    <UnitTestResult executionId="a0b9f7d8-10bb-4ab9-93d3-61931a86d347" testId="2efc752f-e52a-dec4-178f-19604a7c5e7b" testName="MSTest_P2_894" computerName="NAVB3" duration="00:00:00.0000736" startTime="2017-11-29T20:12:00.4825463+05:30" endTime="2017-11-29T20:12:00.4825463+05:30" testType="13cdc9d9-ddb5-4fa4-a97d-d965ccfc6d4b" outcome="Passed" testListId="8c84fa94-04c1-424b-9868-57a2d4851a1d" relativeResultsDirectory="a0b9f7d8-10bb-4ab9-93d3-61931a86d347" />
    <UnitTestResult executionId="da5c1dcf-c85e-406a-ba13-6a6635da09cc" testId="30c624c3-79f0-0618-153b-028d806d78cc" testName="MSTest_P2_895" computerName="NAVB3" duration="00:00:00.0000988" startTime="2017-11-29T20:12:00.4825463+05:30" endTime="2017-11-29T20:12:00.4825463+05:30" testType="13cdc9d9-ddb5-4fa4-a97d-d965ccfc6d4b" outcome="Passed" testListId="8c84fa94-04c1-424b-9868-57a2d4851a1d" relativeResultsDirectory="da5c1dcf-c85e-406a-ba13-6a6635da09cc" />
    <UnitTestResult executionId="9518d447-4e16-4bf4-8550-b1f4cf4da19c" testId="ec73b0ac-2802-ef8b-0d4a-c76a499b198f" testName="MSTest_P2_896" computerName="NAVB3" duration="00:00:00.0000958" startTime="2017-11-29T20:12:00.4825463+05:30" endTime="2017-11-29T20:12:00.4825463+05:30" testType="13cdc9d9-ddb5-4fa4-a97d-d965ccfc6d4b" outcome="Passed" testListId="8c84fa94-04c1-424b-9868-57a2d4851a1d" relativeResultsDirectory="9518d447-4e16-4bf4-8550-b1f4cf4da19c" />
    <UnitTestResult executionId="86fd1dd0-8db1-4e2b-a95e-e0d1f943f0a6" testId="1e9cea06-c718-480a-6787-7ecd55d42cf9" testName="MSTest_P2_897" computerName="NAVB3" duration="00:00:00.0001029" startTime="2017-11-29T20:12:00.4825463+05:30" endTime="2017-11-29T20:12:00.4825463+05:30" testType="13cdc9d9-ddb5-4fa4-a97d-d965ccfc6d4b" outcome="Passed" testListId="8c84fa94-04c1-424b-9868-57a2d4851a1d" relativeResultsDirectory="86fd1dd0-8db1-4e2b-a95e-e0d1f943f0a6" />
    <UnitTestResult executionId="b765a44a-ba7d-4b23-bf43-20028114f9eb" testId="3666793a-a353-00ae-7d73-2bbf8422df32" testName="MSTest_P2_898" computerName="NAVB3" duration="00:00:00.0000944" startTime="2017-11-29T20:12:00.4825463+05:30" endTime="2017-11-29T20:12:00.4825463+05:30" testType="13cdc9d9-ddb5-4fa4-a97d-d965ccfc6d4b" outcome="Passed" testListId="8c84fa94-04c1-424b-9868-57a2d4851a1d" relativeResultsDirectory="b765a44a-ba7d-4b23-bf43-20028114f9eb" />
    <UnitTestResult executionId="34ad9ba3-a0a1-4359-9ac0-900a0defb76a" testId="320eb563-5f19-1e3e-f62a-24be6dd2d251" testName="MSTest_P2_899" computerName="NAVB3" duration="00:00:00.0000991" startTime="2017-11-29T20:12:00.4825463+05:30" endTime="2017-11-29T20:12:00.4825463+05:30" testType="13cdc9d9-ddb5-4fa4-a97d-d965ccfc6d4b" outcome="Passed" testListId="8c84fa94-04c1-424b-9868-57a2d4851a1d" relativeResultsDirectory="34ad9ba3-a0a1-4359-9ac0-900a0defb76a" />
    <UnitTestResult executionId="b55e8ec9-f30e-483a-94bd-43193f4c2a7f" testId="aa4382a8-b1d4-c067-573b-0b02a333c466" testName="MSTest_P2_900" computerName="NAVB3" duration="00:00:00.0000982" startTime="2017-11-29T20:12:00.4825463+05:30" endTime="2017-11-29T20:12:00.4825463+05:30" testType="13cdc9d9-ddb5-4fa4-a97d-d965ccfc6d4b" outcome="Passed" testListId="8c84fa94-04c1-424b-9868-57a2d4851a1d" relativeResultsDirectory="b55e8ec9-f30e-483a-94bd-43193f4c2a7f" />
    <UnitTestResult executionId="1f8a0ce7-d92b-48b8-bf81-f27ef961d226" testId="836d7214-8330-e17b-f95a-b8fe91af83f3" testName="MSTest_P2_901" computerName="NAVB3" duration="00:00:00.0000964" startTime="2017-11-29T20:12:00.4825463+05:30" endTime="2017-11-29T20:12:00.4825463+05:30" testType="13cdc9d9-ddb5-4fa4-a97d-d965ccfc6d4b" outcome="Passed" testListId="8c84fa94-04c1-424b-9868-57a2d4851a1d" relativeResultsDirectory="1f8a0ce7-d92b-48b8-bf81-f27ef961d226" />
    <UnitTestResult executionId="3cfd062b-0edc-43a1-9544-90e4b6b5e80a" testId="e24539b2-56b5-2869-cb2f-2fa73e925e9c" testName="MSTest_P2_902" computerName="NAVB3" duration="00:00:00.0000853" startTime="2017-11-29T20:12:00.4825463+05:30" endTime="2017-11-29T20:12:00.4825463+05:30" testType="13cdc9d9-ddb5-4fa4-a97d-d965ccfc6d4b" outcome="Passed" testListId="8c84fa94-04c1-424b-9868-57a2d4851a1d" relativeResultsDirectory="3cfd062b-0edc-43a1-9544-90e4b6b5e80a" />
    <UnitTestResult executionId="57cea20f-0f31-4336-8d16-403e948319f8" testId="a6fa6f17-e648-a691-3cc0-28cc92e8100f" testName="MSTest_P2_903" computerName="NAVB3" duration="00:00:00.0001008" startTime="2017-11-29T20:12:00.4825463+05:30" endTime="2017-11-29T20:12:00.4825463+05:30" testType="13cdc9d9-ddb5-4fa4-a97d-d965ccfc6d4b" outcome="Passed" testListId="8c84fa94-04c1-424b-9868-57a2d4851a1d" relativeResultsDirectory="57cea20f-0f31-4336-8d16-403e948319f8" />
    <UnitTestResult executionId="e9466a8f-09ed-4ab6-ac83-d6943481c4e2" testId="d6b49d03-800f-4e68-47a4-e5f093cd9f74" testName="MSTest_P2_904" computerName="NAVB3" duration="00:00:00.0001105" startTime="2017-11-29T20:12:00.4825463+05:30" endTime="2017-11-29T20:12:00.4825463+05:30" testType="13cdc9d9-ddb5-4fa4-a97d-d965ccfc6d4b" outcome="Passed" testListId="8c84fa94-04c1-424b-9868-57a2d4851a1d" relativeResultsDirectory="e9466a8f-09ed-4ab6-ac83-d6943481c4e2" />
    <UnitTestResult executionId="e92dcbc7-0fb7-4bc2-b564-e4c70d556dde" testId="9cf10940-879d-c09a-703d-e30b8b71f85e" testName="MSTest_P2_905" computerName="NAVB3" duration="00:00:00.0001052" startTime="2017-11-29T20:12:00.4825463+05:30" endTime="2017-11-29T20:12:00.4825463+05:30" testType="13cdc9d9-ddb5-4fa4-a97d-d965ccfc6d4b" outcome="Passed" testListId="8c84fa94-04c1-424b-9868-57a2d4851a1d" relativeResultsDirectory="e92dcbc7-0fb7-4bc2-b564-e4c70d556dde" />
    <UnitTestResult executionId="e36499b5-cc5d-4f75-a43b-73d02718b8e5" testId="0649e455-ff28-da43-dca0-ccf61336f387" testName="MSTest_P2_906" computerName="NAVB3" duration="00:00:00.0001005" startTime="2017-11-29T20:12:00.4825463+05:30" endTime="2017-11-29T20:12:00.4825463+05:30" testType="13cdc9d9-ddb5-4fa4-a97d-d965ccfc6d4b" outcome="Passed" testListId="8c84fa94-04c1-424b-9868-57a2d4851a1d" relativeResultsDirectory="e36499b5-cc5d-4f75-a43b-73d02718b8e5" />
    <UnitTestResult executionId="a34c3517-77da-46ff-bb89-1a76611915cf" testId="a1357182-ed79-cee5-385d-a835414b865b" testName="MSTest_P2_907" computerName="NAVB3" duration="00:00:00.0000958" startTime="2017-11-29T20:12:00.4825463+05:30" endTime="2017-11-29T20:12:00.4825463+05:30" testType="13cdc9d9-ddb5-4fa4-a97d-d965ccfc6d4b" outcome="Passed" testListId="8c84fa94-04c1-424b-9868-57a2d4851a1d" relativeResultsDirectory="a34c3517-77da-46ff-bb89-1a76611915cf" />
    <UnitTestResult executionId="3449c9f8-a346-4792-8b04-184332974191" testId="f95789be-557d-7fe1-a340-17926bf88c2a" testName="MSTest_P2_908" computerName="NAVB3" duration="00:00:00.0000979" startTime="2017-11-29T20:12:00.4825463+05:30" endTime="2017-11-29T20:12:00.4825463+05:30" testType="13cdc9d9-ddb5-4fa4-a97d-d965ccfc6d4b" outcome="Passed" testListId="8c84fa94-04c1-424b-9868-57a2d4851a1d" relativeResultsDirectory="3449c9f8-a346-4792-8b04-184332974191" />
    <UnitTestResult executionId="dd6061b0-f85c-4aef-ac79-f727ce05f7d5" testId="60ebc807-76cf-94a4-39b4-5f450c95d8b9" testName="MSTest_P2_909" computerName="NAVB3" duration="00:00:00.0000955" startTime="2017-11-29T20:12:00.4825463+05:30" endTime="2017-11-29T20:12:00.4825463+05:30" testType="13cdc9d9-ddb5-4fa4-a97d-d965ccfc6d4b" outcome="Passed" testListId="8c84fa94-04c1-424b-9868-57a2d4851a1d" relativeResultsDirectory="dd6061b0-f85c-4aef-ac79-f727ce05f7d5" />
    <UnitTestResult executionId="b8e208ec-dd4a-44b2-8d7f-0721b624c670" testId="3553da06-deeb-eaa9-c4cd-278b080fcb72" testName="MSTest_P2_910" computerName="NAVB3" duration="00:00:00.0000988" startTime="2017-11-29T20:12:00.4825463+05:30" endTime="2017-11-29T20:12:00.4825463+05:30" testType="13cdc9d9-ddb5-4fa4-a97d-d965ccfc6d4b" outcome="Passed" testListId="8c84fa94-04c1-424b-9868-57a2d4851a1d" relativeResultsDirectory="b8e208ec-dd4a-44b2-8d7f-0721b624c670" />
    <UnitTestResult executionId="db9ba00c-6f6d-4bab-b58a-f51b5e32b55d" testId="6bfece42-94dc-3924-f4b1-5ec02be37163" testName="MSTest_P2_911" computerName="NAVB3" duration="00:00:00.0000955" startTime="2017-11-29T20:12:00.4825463+05:30" endTime="2017-11-29T20:12:00.4825463+05:30" testType="13cdc9d9-ddb5-4fa4-a97d-d965ccfc6d4b" outcome="Passed" testListId="8c84fa94-04c1-424b-9868-57a2d4851a1d" relativeResultsDirectory="db9ba00c-6f6d-4bab-b58a-f51b5e32b55d" />
    <UnitTestResult executionId="97fc684c-80b1-47f3-b312-0f07ab6715eb" testId="9cf3f932-6f06-75fc-27e0-026ef589ed1f" testName="MSTest_P2_912" computerName="NAVB3" duration="00:00:00.0000803" startTime="2017-11-29T20:12:00.4825463+05:30" endTime="2017-11-29T20:12:00.4825463+05:30" testType="13cdc9d9-ddb5-4fa4-a97d-d965ccfc6d4b" outcome="Passed" testListId="8c84fa94-04c1-424b-9868-57a2d4851a1d" relativeResultsDirectory="97fc684c-80b1-47f3-b312-0f07ab6715eb" />
    <UnitTestResult executionId="4b195e82-86d8-421a-9bef-a3ee2b038e0e" testId="a5fb7c56-c36e-8ccf-9be8-25d804e11321" testName="MSTest_P2_913" computerName="NAVB3" duration="00:00:00.0000961" startTime="2017-11-29T20:12:00.4825463+05:30" endTime="2017-11-29T20:12:00.4825463+05:30" testType="13cdc9d9-ddb5-4fa4-a97d-d965ccfc6d4b" outcome="Passed" testListId="8c84fa94-04c1-424b-9868-57a2d4851a1d" relativeResultsDirectory="4b195e82-86d8-421a-9bef-a3ee2b038e0e" />
    <UnitTestResult executionId="7be297ca-3a24-4c59-9d3c-80cfeb15d977" testId="46727c90-1e9f-d54e-ceb3-653740269c58" testName="MSTest_P2_914" computerName="NAVB3" duration="00:00:00.0000941" startTime="2017-11-29T20:12:00.4825463+05:30" endTime="2017-11-29T20:12:00.4825463+05:30" testType="13cdc9d9-ddb5-4fa4-a97d-d965ccfc6d4b" outcome="Passed" testListId="8c84fa94-04c1-424b-9868-57a2d4851a1d" relativeResultsDirectory="7be297ca-3a24-4c59-9d3c-80cfeb15d977" />
    <UnitTestResult executionId="0d8858ce-5b35-4ab8-999e-d883382ed5e9" testId="323465df-b0c6-c93a-f976-a3e87e7c0f65" testName="MSTest_P2_915" computerName="NAVB3" duration="00:00:00.0000970" startTime="2017-11-29T20:12:00.4825463+05:30" endTime="2017-11-29T20:12:00.4825463+05:30" testType="13cdc9d9-ddb5-4fa4-a97d-d965ccfc6d4b" outcome="Passed" testListId="8c84fa94-04c1-424b-9868-57a2d4851a1d" relativeResultsDirectory="0d8858ce-5b35-4ab8-999e-d883382ed5e9" />
    <UnitTestResult executionId="7ba2229a-b4b8-4013-86bf-d74404a4ceda" testId="5ed4fa02-b449-16f6-d37a-9b8b6e3854fd" testName="MSTest_P2_916" computerName="NAVB3" duration="00:00:00.0000941" startTime="2017-11-29T20:12:00.4825463+05:30" endTime="2017-11-29T20:12:00.4825463+05:30" testType="13cdc9d9-ddb5-4fa4-a97d-d965ccfc6d4b" outcome="Passed" testListId="8c84fa94-04c1-424b-9868-57a2d4851a1d" relativeResultsDirectory="7ba2229a-b4b8-4013-86bf-d74404a4ceda" />
    <UnitTestResult executionId="38570299-4399-4a83-b28b-baecfbc710ef" testId="ea7ebcbf-c4f3-0665-8fe8-2b8a062f861b" testName="MSTest_P2_917" computerName="NAVB3" duration="00:00:00.0000964" startTime="2017-11-29T20:12:00.4825463+05:30" endTime="2017-11-29T20:12:00.4825463+05:30" testType="13cdc9d9-ddb5-4fa4-a97d-d965ccfc6d4b" outcome="Passed" testListId="8c84fa94-04c1-424b-9868-57a2d4851a1d" relativeResultsDirectory="38570299-4399-4a83-b28b-baecfbc710ef" />
    <UnitTestResult executionId="49c7719c-09c8-4665-baf9-53c75fbd4bc7" testId="9c453d34-0f8d-1810-5953-ca629e7e2dd9" testName="MSTest_P2_918" computerName="NAVB3" duration="00:00:00.0000715" startTime="2017-11-29T20:12:00.4825463+05:30" endTime="2017-11-29T20:12:00.4825463+05:30" testType="13cdc9d9-ddb5-4fa4-a97d-d965ccfc6d4b" outcome="Passed" testListId="8c84fa94-04c1-424b-9868-57a2d4851a1d" relativeResultsDirectory="49c7719c-09c8-4665-baf9-53c75fbd4bc7" />
    <UnitTestResult executionId="52eece80-2dd6-4747-8ccf-936fa1882fd0" testId="fa2e4d78-d3eb-924c-3ce9-2277de7a3a36" testName="MSTest_P2_919" computerName="NAVB3" duration="00:00:00.0001002" startTime="2017-11-29T20:12:00.4825463+05:30" endTime="2017-11-29T20:12:00.4825463+05:30" testType="13cdc9d9-ddb5-4fa4-a97d-d965ccfc6d4b" outcome="Passed" testListId="8c84fa94-04c1-424b-9868-57a2d4851a1d" relativeResultsDirectory="52eece80-2dd6-4747-8ccf-936fa1882fd0" />
    <UnitTestResult executionId="56f9e3a0-2dba-42e9-b7e0-64451c0c101e" testId="08d6f6f2-ea22-dfbd-0e1d-827e4b20306e" testName="MSTest_P2_920" computerName="NAVB3" duration="00:00:00.0000973" startTime="2017-11-29T20:12:00.4825463+05:30" endTime="2017-11-29T20:12:00.4825463+05:30" testType="13cdc9d9-ddb5-4fa4-a97d-d965ccfc6d4b" outcome="Passed" testListId="8c84fa94-04c1-424b-9868-57a2d4851a1d" relativeResultsDirectory="56f9e3a0-2dba-42e9-b7e0-64451c0c101e" />
    <UnitTestResult executionId="8e03598d-c555-4e9a-892c-361826f71282" testId="0fb46cb7-2202-1804-bbaf-4fd6de1dadf9" testName="MSTest_P2_921" computerName="NAVB3" duration="00:00:00.0000938" startTime="2017-11-29T20:12:00.4825463+05:30" endTime="2017-11-29T20:12:00.4825463+05:30" testType="13cdc9d9-ddb5-4fa4-a97d-d965ccfc6d4b" outcome="Passed" testListId="8c84fa94-04c1-424b-9868-57a2d4851a1d" relativeResultsDirectory="8e03598d-c555-4e9a-892c-361826f71282" />
    <UnitTestResult executionId="d82eddf7-50e8-4d72-b65a-dd3fefdcdc1c" testId="533775aa-cd99-b6a3-8ecf-1c326e710103" testName="MSTest_P2_922" computerName="NAVB3" duration="00:00:00.0000958" startTime="2017-11-29T20:12:00.4825463+05:30" endTime="2017-11-29T20:12:00.4825463+05:30" testType="13cdc9d9-ddb5-4fa4-a97d-d965ccfc6d4b" outcome="Passed" testListId="8c84fa94-04c1-424b-9868-57a2d4851a1d" relativeResultsDirectory="d82eddf7-50e8-4d72-b65a-dd3fefdcdc1c" />
    <UnitTestResult executionId="3e5c9c38-7142-41cb-8a57-5176e8280acd" testId="24df425f-241c-1aaf-b5d2-9182d665aedf" testName="MSTest_P2_923" computerName="NAVB3" duration="00:00:00.0000938" startTime="2017-11-29T20:12:00.4825463+05:30" endTime="2017-11-29T20:12:00.4825463+05:30" testType="13cdc9d9-ddb5-4fa4-a97d-d965ccfc6d4b" outcome="Passed" testListId="8c84fa94-04c1-424b-9868-57a2d4851a1d" relativeResultsDirectory="3e5c9c38-7142-41cb-8a57-5176e8280acd" />
    <UnitTestResult executionId="b4a48e0b-f40f-40c1-9860-3e05711d8dc2" testId="b0ca919c-7697-da10-c08a-ecf886c5ae32" testName="MSTest_P2_924" computerName="NAVB3" duration="00:00:00.0000958" startTime="2017-11-29T20:12:00.4825463+05:30" endTime="2017-11-29T20:12:00.4825463+05:30" testType="13cdc9d9-ddb5-4fa4-a97d-d965ccfc6d4b" outcome="Passed" testListId="8c84fa94-04c1-424b-9868-57a2d4851a1d" relativeResultsDirectory="b4a48e0b-f40f-40c1-9860-3e05711d8dc2" />
    <UnitTestResult executionId="eae3fa72-4ed7-4cc9-82e3-6d4cd03d99e4" testId="6812fd0f-ab65-6692-938e-7ca2dbd6f66d" testName="MSTest_P2_925" computerName="NAVB3" duration="00:00:00.0000955" startTime="2017-11-29T20:12:00.4825463+05:30" endTime="2017-11-29T20:12:00.4825463+05:30" testType="13cdc9d9-ddb5-4fa4-a97d-d965ccfc6d4b" outcome="Passed" testListId="8c84fa94-04c1-424b-9868-57a2d4851a1d" relativeResultsDirectory="eae3fa72-4ed7-4cc9-82e3-6d4cd03d99e4" />
    <UnitTestResult executionId="2dde1734-cb00-4b85-93aa-f753332f3335" testId="1f1cc244-f301-73b4-f226-162b426a437c" testName="MSTest_P2_926" computerName="NAVB3" duration="00:00:00.0000932" startTime="2017-11-29T20:12:00.4825463+05:30" endTime="2017-11-29T20:12:00.4825463+05:30" testType="13cdc9d9-ddb5-4fa4-a97d-d965ccfc6d4b" outcome="Passed" testListId="8c84fa94-04c1-424b-9868-57a2d4851a1d" relativeResultsDirectory="2dde1734-cb00-4b85-93aa-f753332f3335" />
    <UnitTestResult executionId="280b8213-c3ec-4da7-a5ae-be7db9958cce" testId="9f12b5fb-25f3-3eaa-431d-8aa6894ec997" testName="MSTest_P2_927" computerName="NAVB3" duration="00:00:00.0000958" startTime="2017-11-29T20:12:00.4825463+05:30" endTime="2017-11-29T20:12:00.4825463+05:30" testType="13cdc9d9-ddb5-4fa4-a97d-d965ccfc6d4b" outcome="Passed" testListId="8c84fa94-04c1-424b-9868-57a2d4851a1d" relativeResultsDirectory="280b8213-c3ec-4da7-a5ae-be7db9958cce" />
    <UnitTestResult executionId="05a32df7-44d9-46d1-9a21-fd6e727e1eaa" testId="9a0f6bd3-4ccd-1b56-8e36-06a02cdba06c" testName="MSTest_P2_928" computerName="NAVB3" duration="00:00:00.0000979" startTime="2017-11-29T20:12:00.4825463+05:30" endTime="2017-11-29T20:12:00.4825463+05:30" testType="13cdc9d9-ddb5-4fa4-a97d-d965ccfc6d4b" outcome="Passed" testListId="8c84fa94-04c1-424b-9868-57a2d4851a1d" relativeResultsDirectory="05a32df7-44d9-46d1-9a21-fd6e727e1eaa" />
    <UnitTestResult executionId="fb935b90-bd40-4803-8f77-76789ba6333e" testId="ebd7decd-c846-6ba5-b848-0cc6fe27c8c7" testName="MSTest_P2_929" computerName="NAVB3" duration="00:00:00.0001002" startTime="2017-11-29T20:12:00.4825463+05:30" endTime="2017-11-29T20:12:00.4825463+05:30" testType="13cdc9d9-ddb5-4fa4-a97d-d965ccfc6d4b" outcome="Passed" testListId="8c84fa94-04c1-424b-9868-57a2d4851a1d" relativeResultsDirectory="fb935b90-bd40-4803-8f77-76789ba6333e" />
    <UnitTestResult executionId="78012753-5f92-441b-aeb7-b6ba942934f2" testId="8c9252dc-213f-a58b-390c-7e02c0b5ea9b" testName="MSTest_P2_930" computerName="NAVB3" duration="00:00:00.0000938" startTime="2017-11-29T20:12:00.4825463+05:30" endTime="2017-11-29T20:12:00.4825463+05:30" testType="13cdc9d9-ddb5-4fa4-a97d-d965ccfc6d4b" outcome="Passed" testListId="8c84fa94-04c1-424b-9868-57a2d4851a1d" relativeResultsDirectory="78012753-5f92-441b-aeb7-b6ba942934f2" />
    <UnitTestResult executionId="bca5b54e-f535-4e77-a1c1-39c01000a7fa" testId="63099140-f5f1-56a0-a3ef-ed9482f6b9a9" testName="MSTest_P2_931" computerName="NAVB3" duration="00:00:00.0001017" startTime="2017-11-29T20:12:00.4825463+05:30" endTime="2017-11-29T20:12:00.4825463+05:30" testType="13cdc9d9-ddb5-4fa4-a97d-d965ccfc6d4b" outcome="Passed" testListId="8c84fa94-04c1-424b-9868-57a2d4851a1d" relativeResultsDirectory="bca5b54e-f535-4e77-a1c1-39c01000a7fa" />
    <UnitTestResult executionId="d32e7391-ed17-40ea-8a32-ff2cfd4846a7" testId="bea2b1bc-233d-f16e-387b-58a8ca485ce9" testName="MSTest_P2_932" computerName="NAVB3" duration="00:00:00.0000941" startTime="2017-11-29T20:12:00.4825463+05:30" endTime="2017-11-29T20:12:00.4825463+05:30" testType="13cdc9d9-ddb5-4fa4-a97d-d965ccfc6d4b" outcome="Passed" testListId="8c84fa94-04c1-424b-9868-57a2d4851a1d" relativeResultsDirectory="d32e7391-ed17-40ea-8a32-ff2cfd4846a7" />
    <UnitTestResult executionId="d19d2dca-38d5-4903-8494-3e5cc977737e" testId="d326654a-907f-afbd-a71c-7bea3aaf6405" testName="MSTest_P2_933" computerName="NAVB3" duration="00:00:00.0002008" startTime="2017-11-29T20:12:00.4825463+05:30" endTime="2017-11-29T20:12:00.4981902+05:30" testType="13cdc9d9-ddb5-4fa4-a97d-d965ccfc6d4b" outcome="Passed" testListId="8c84fa94-04c1-424b-9868-57a2d4851a1d" relativeResultsDirectory="d19d2dca-38d5-4903-8494-3e5cc977737e" />
    <UnitTestResult executionId="172103d4-138d-446e-99a3-026c4f8ef435" testId="84834102-f0f5-8e13-66a1-6f61f6ca122a" testName="MSTest_P2_934" computerName="NAVB3" duration="00:00:00.0001433" startTime="2017-11-29T20:12:00.4981902+05:30" endTime="2017-11-29T20:12:00.4981902+05:30" testType="13cdc9d9-ddb5-4fa4-a97d-d965ccfc6d4b" outcome="Passed" testListId="8c84fa94-04c1-424b-9868-57a2d4851a1d" relativeResultsDirectory="172103d4-138d-446e-99a3-026c4f8ef435" />
    <UnitTestResult executionId="df9ec8f9-9a1e-4e0f-a129-84146fb3ab58" testId="122256d8-b7df-94dc-0680-fe2bd42aafc0" testName="MSTest_P2_935" computerName="NAVB3" duration="00:00:00.0001419" startTime="2017-11-29T20:12:00.4981902+05:30" endTime="2017-11-29T20:12:00.4981902+05:30" testType="13cdc9d9-ddb5-4fa4-a97d-d965ccfc6d4b" outcome="Passed" testListId="8c84fa94-04c1-424b-9868-57a2d4851a1d" relativeResultsDirectory="df9ec8f9-9a1e-4e0f-a129-84146fb3ab58" />
    <UnitTestResult executionId="6abff873-f15f-477c-8793-f361104fb876" testId="6b05b717-7cc0-0819-e23f-8cb34e553ca0" testName="MSTest_P2_766" computerName="NAVB3" duration="00:00:00.0001431" startTime="2017-11-29T20:12:00.4981902+05:30" endTime="2017-11-29T20:12:00.4981902+05:30" testType="13cdc9d9-ddb5-4fa4-a97d-d965ccfc6d4b" outcome="Passed" testListId="8c84fa94-04c1-424b-9868-57a2d4851a1d" relativeResultsDirectory="6abff873-f15f-477c-8793-f361104fb876" />
    <UnitTestResult executionId="b9cc120d-0d3a-4f32-904d-4a2216ee235f" testId="476483cf-f278-f6ac-64a1-5aeac311afbc" testName="MSTest_P2_767" computerName="NAVB3" duration="00:00:00.0001337" startTime="2017-11-29T20:12:00.4981902+05:30" endTime="2017-11-29T20:12:00.4981902+05:30" testType="13cdc9d9-ddb5-4fa4-a97d-d965ccfc6d4b" outcome="Passed" testListId="8c84fa94-04c1-424b-9868-57a2d4851a1d" relativeResultsDirectory="b9cc120d-0d3a-4f32-904d-4a2216ee235f" />
    <UnitTestResult executionId="f5ca5d1b-efba-47d9-9a28-9aeed5d585aa" testId="03b3affe-7eb8-8fde-2b55-cdf310972d33" testName="MSTest_P2_768" computerName="NAVB3" duration="00:00:00.0001322" startTime="2017-11-29T20:12:00.4981902+05:30" endTime="2017-11-29T20:12:00.4981902+05:30" testType="13cdc9d9-ddb5-4fa4-a97d-d965ccfc6d4b" outcome="Passed" testListId="8c84fa94-04c1-424b-9868-57a2d4851a1d" relativeResultsDirectory="f5ca5d1b-efba-47d9-9a28-9aeed5d585aa" />
    <UnitTestResult executionId="11b93ddc-cbcf-4d3d-97d6-fb16adb97ecb" testId="69239abb-5536-6353-1e1d-6090bab5656d" testName="MSTest_P2_769" computerName="NAVB3" duration="00:00:00.0001343" startTime="2017-11-29T20:12:00.4981902+05:30" endTime="2017-11-29T20:12:00.4981902+05:30" testType="13cdc9d9-ddb5-4fa4-a97d-d965ccfc6d4b" outcome="Passed" testListId="8c84fa94-04c1-424b-9868-57a2d4851a1d" relativeResultsDirectory="11b93ddc-cbcf-4d3d-97d6-fb16adb97ecb" />
    <UnitTestResult executionId="0657b2b9-c3ca-4a9a-88ff-0d32a6d4475c" testId="24c6bed6-b7ca-60c7-9615-4bb29f84597d" testName="MSTest_P2_770" computerName="NAVB3" duration="00:00:00.0001325" startTime="2017-11-29T20:12:00.4981902+05:30" endTime="2017-11-29T20:12:00.4981902+05:30" testType="13cdc9d9-ddb5-4fa4-a97d-d965ccfc6d4b" outcome="Passed" testListId="8c84fa94-04c1-424b-9868-57a2d4851a1d" relativeResultsDirectory="0657b2b9-c3ca-4a9a-88ff-0d32a6d4475c" />
    <UnitTestResult executionId="afa909e5-4911-4360-ac11-2d5ade01afd6" testId="57350ea8-1da1-16ca-24be-59cd98188beb" testName="MSTest_P2_771" computerName="NAVB3" duration="00:00:00.0001278" startTime="2017-11-29T20:12:00.4981902+05:30" endTime="2017-11-29T20:12:00.4981902+05:30" testType="13cdc9d9-ddb5-4fa4-a97d-d965ccfc6d4b" outcome="Passed" testListId="8c84fa94-04c1-424b-9868-57a2d4851a1d" relativeResultsDirectory="afa909e5-4911-4360-ac11-2d5ade01afd6" />
    <UnitTestResult executionId="650083f5-ecf4-49d8-baa5-96c311b765aa" testId="255701e3-d6c5-2a7e-582e-4e9454ab3f3a" testName="MSTest_P2_772" computerName="NAVB3" duration="00:00:00.0001296" startTime="2017-11-29T20:12:00.4981902+05:30" endTime="2017-11-29T20:12:00.4981902+05:30" testType="13cdc9d9-ddb5-4fa4-a97d-d965ccfc6d4b" outcome="Passed" testListId="8c84fa94-04c1-424b-9868-57a2d4851a1d" relativeResultsDirectory="650083f5-ecf4-49d8-baa5-96c311b765aa" />
    <UnitTestResult executionId="d5dced3d-2a0b-4753-9abc-1a3cbaf8fa91" testId="fd864e03-a2ac-9d68-e3e5-21c183607447" testName="MSTest_P2_773" computerName="NAVB3" duration="00:00:00.0001278" startTime="2017-11-29T20:12:00.4981902+05:30" endTime="2017-11-29T20:12:00.4981902+05:30" testType="13cdc9d9-ddb5-4fa4-a97d-d965ccfc6d4b" outcome="Passed" testListId="8c84fa94-04c1-424b-9868-57a2d4851a1d" relativeResultsDirectory="d5dced3d-2a0b-4753-9abc-1a3cbaf8fa91" />
    <UnitTestResult executionId="0f35ea63-55bf-4da7-86ce-69da5e8f588c" testId="67cbe143-c9e1-3667-f354-b13f0a4a5818" testName="MSTest_P2_774" computerName="NAVB3" duration="00:00:00.0001325" startTime="2017-11-29T20:12:00.4981902+05:30" endTime="2017-11-29T20:12:00.4981902+05:30" testType="13cdc9d9-ddb5-4fa4-a97d-d965ccfc6d4b" outcome="Passed" testListId="8c84fa94-04c1-424b-9868-57a2d4851a1d" relativeResultsDirectory="0f35ea63-55bf-4da7-86ce-69da5e8f588c" />
    <UnitTestResult executionId="3e69a117-f504-49d1-b7de-289a837eeaac" testId="2826db9d-036b-730c-6273-7b93a2454dd5" testName="MSTest_P2_775" computerName="NAVB3" duration="00:00:00.0001310" startTime="2017-11-29T20:12:00.4981902+05:30" endTime="2017-11-29T20:12:00.4981902+05:30" testType="13cdc9d9-ddb5-4fa4-a97d-d965ccfc6d4b" outcome="Passed" testListId="8c84fa94-04c1-424b-9868-57a2d4851a1d" relativeResultsDirectory="3e69a117-f504-49d1-b7de-289a837eeaac" />
    <UnitTestResult executionId="ede5c072-989c-4abc-9895-ba0db50b284d" testId="0701ec27-8442-0285-8771-a886cad269b6" testName="MSTest_P2_776" computerName="NAVB3" duration="00:00:00.0001387" startTime="2017-11-29T20:12:00.4981902+05:30" endTime="2017-11-29T20:12:00.4981902+05:30" testType="13cdc9d9-ddb5-4fa4-a97d-d965ccfc6d4b" outcome="Passed" testListId="8c84fa94-04c1-424b-9868-57a2d4851a1d" relativeResultsDirectory="ede5c072-989c-4abc-9895-ba0db50b284d" />
    <UnitTestResult executionId="8584a6f7-4ca7-4ac6-b036-c9645b876255" testId="0f372502-e6c5-d869-decb-44a8aeec4b47" testName="MSTest_P2_777" computerName="NAVB3" duration="00:00:00.0001407" startTime="2017-11-29T20:12:00.4981902+05:30" endTime="2017-11-29T20:12:00.4981902+05:30" testType="13cdc9d9-ddb5-4fa4-a97d-d965ccfc6d4b" outcome="Passed" testListId="8c84fa94-04c1-424b-9868-57a2d4851a1d" relativeResultsDirectory="8584a6f7-4ca7-4ac6-b036-c9645b876255" />
    <UnitTestResult executionId="6facb2f2-a5b9-49b7-ab94-98e95636b54b" testId="6f274f50-385d-9228-ce38-75d52ba2893b" testName="MSTest_P2_778" computerName="NAVB3" duration="00:00:00.0001392" startTime="2017-11-29T20:12:00.4981902+05:30" endTime="2017-11-29T20:12:00.4981902+05:30" testType="13cdc9d9-ddb5-4fa4-a97d-d965ccfc6d4b" outcome="Passed" testListId="8c84fa94-04c1-424b-9868-57a2d4851a1d" relativeResultsDirectory="6facb2f2-a5b9-49b7-ab94-98e95636b54b" />
    <UnitTestResult executionId="c3a69462-4f7a-4f95-b412-ed8a92e42319" testId="d984c8fb-0f45-07d5-5aff-491c95740fee" testName="MSTest_P2_779" computerName="NAVB3" duration="00:00:00.0001404" startTime="2017-11-29T20:12:00.4981902+05:30" endTime="2017-11-29T20:12:00.4981902+05:30" testType="13cdc9d9-ddb5-4fa4-a97d-d965ccfc6d4b" outcome="Passed" testListId="8c84fa94-04c1-424b-9868-57a2d4851a1d" relativeResultsDirectory="c3a69462-4f7a-4f95-b412-ed8a92e42319" />
    <UnitTestResult executionId="80bb1df6-69d8-415c-941c-409dc56adb31" testId="3af3e295-475e-2965-3fae-ed16c007300a" testName="MSTest_P2_780" computerName="NAVB3" duration="00:00:00.0001387" startTime="2017-11-29T20:12:00.4981902+05:30" endTime="2017-11-29T20:12:00.4981902+05:30" testType="13cdc9d9-ddb5-4fa4-a97d-d965ccfc6d4b" outcome="Passed" testListId="8c84fa94-04c1-424b-9868-57a2d4851a1d" relativeResultsDirectory="80bb1df6-69d8-415c-941c-409dc56adb31" />
    <UnitTestResult executionId="0a11fb0b-d470-4b21-98e2-5d9f0e8746dd" testId="0ee59989-0de4-6468-54b0-11241b424a01" testName="MSTest_P2_781" computerName="NAVB3" duration="00:00:00.0001442" startTime="2017-11-29T20:12:00.4981902+05:30" endTime="2017-11-29T20:12:00.4981902+05:30" testType="13cdc9d9-ddb5-4fa4-a97d-d965ccfc6d4b" outcome="Passed" testListId="8c84fa94-04c1-424b-9868-57a2d4851a1d" relativeResultsDirectory="0a11fb0b-d470-4b21-98e2-5d9f0e8746dd" />
    <UnitTestResult executionId="702f64dd-55be-44c5-8322-696736090348" testId="d2bcf89c-eb86-9096-0cc4-2265fbaee027" testName="MSTest_P2_782" computerName="NAVB3" duration="00:00:00.0001390" startTime="2017-11-29T20:12:00.4981902+05:30" endTime="2017-11-29T20:12:00.4981902+05:30" testType="13cdc9d9-ddb5-4fa4-a97d-d965ccfc6d4b" outcome="Passed" testListId="8c84fa94-04c1-424b-9868-57a2d4851a1d" relativeResultsDirectory="702f64dd-55be-44c5-8322-696736090348" />
    <UnitTestResult executionId="31d12e39-29ff-48c8-9724-5eb8ed5cd421" testId="1266c2b5-1292-dcba-e77b-8d9741e46aca" testName="MSTest_P2_783" computerName="NAVB3" duration="00:00:00.0001375" startTime="2017-11-29T20:12:00.4981902+05:30" endTime="2017-11-29T20:12:00.4981902+05:30" testType="13cdc9d9-ddb5-4fa4-a97d-d965ccfc6d4b" outcome="Passed" testListId="8c84fa94-04c1-424b-9868-57a2d4851a1d" relativeResultsDirectory="31d12e39-29ff-48c8-9724-5eb8ed5cd421" />
    <UnitTestResult executionId="15b1f4b4-52e8-4a3a-91a2-65f2fc1cf2dc" testId="de217202-f290-81bc-2399-85d15c17e773" testName="MSTest_P2_784" computerName="NAVB3" duration="00:00:00.0001310" startTime="2017-11-29T20:12:00.4981902+05:30" endTime="2017-11-29T20:12:00.4981902+05:30" testType="13cdc9d9-ddb5-4fa4-a97d-d965ccfc6d4b" outcome="Passed" testListId="8c84fa94-04c1-424b-9868-57a2d4851a1d" relativeResultsDirectory="15b1f4b4-52e8-4a3a-91a2-65f2fc1cf2dc" />
    <UnitTestResult executionId="a1aa030e-b373-4ff6-83b7-a71969dd9131" testId="4a2efd3f-ce57-9ef4-fb58-689160e33173" testName="MSTest_P2_785" computerName="NAVB3" duration="00:00:00.0001328" startTime="2017-11-29T20:12:00.4981902+05:30" endTime="2017-11-29T20:12:00.4981902+05:30" testType="13cdc9d9-ddb5-4fa4-a97d-d965ccfc6d4b" outcome="Passed" testListId="8c84fa94-04c1-424b-9868-57a2d4851a1d" relativeResultsDirectory="a1aa030e-b373-4ff6-83b7-a71969dd9131" />
    <UnitTestResult executionId="ab29ed6e-305d-4b1a-9c67-cf0bec607aa3" testId="93a57171-4abe-da1e-d58c-9098c36cbf34" testName="MSTest_P2_786" computerName="NAVB3" duration="00:00:00.0001328" startTime="2017-11-29T20:12:00.4981902+05:30" endTime="2017-11-29T20:12:00.4981902+05:30" testType="13cdc9d9-ddb5-4fa4-a97d-d965ccfc6d4b" outcome="Passed" testListId="8c84fa94-04c1-424b-9868-57a2d4851a1d" relativeResultsDirectory="ab29ed6e-305d-4b1a-9c67-cf0bec607aa3" />
    <UnitTestResult executionId="083b212e-aede-46c3-a068-e48d2f7eff95" testId="6078dece-5c87-dc47-5b9e-163f0ce91290" testName="MSTest_P2_787" computerName="NAVB3" duration="00:00:00.0001313" startTime="2017-11-29T20:12:00.4981902+05:30" endTime="2017-11-29T20:12:00.4981902+05:30" testType="13cdc9d9-ddb5-4fa4-a97d-d965ccfc6d4b" outcome="Passed" testListId="8c84fa94-04c1-424b-9868-57a2d4851a1d" relativeResultsDirectory="083b212e-aede-46c3-a068-e48d2f7eff95" />
    <UnitTestResult executionId="1de57eea-c55e-4ad1-b539-8ec746b8b4fc" testId="b9cfc5a0-1076-53e9-8cfd-8d1b2a030637" testName="MSTest_P2_788" computerName="NAVB3" duration="00:00:00.0001293" startTime="2017-11-29T20:12:00.4981902+05:30" endTime="2017-11-29T20:12:00.4981902+05:30" testType="13cdc9d9-ddb5-4fa4-a97d-d965ccfc6d4b" outcome="Passed" testListId="8c84fa94-04c1-424b-9868-57a2d4851a1d" relativeResultsDirectory="1de57eea-c55e-4ad1-b539-8ec746b8b4fc" />
    <UnitTestResult executionId="1dd7bfd2-bffa-4355-b6c4-10d44e0100c4" testId="d994af04-09c5-a96a-cd41-7a7e0ae83085" testName="MSTest_P2_789" computerName="NAVB3" duration="00:00:00.0001293" startTime="2017-11-29T20:12:00.4981902+05:30" endTime="2017-11-29T20:12:00.4981902+05:30" testType="13cdc9d9-ddb5-4fa4-a97d-d965ccfc6d4b" outcome="Passed" testListId="8c84fa94-04c1-424b-9868-57a2d4851a1d" relativeResultsDirectory="1dd7bfd2-bffa-4355-b6c4-10d44e0100c4" />
    <UnitTestResult executionId="9c27a26e-55b4-4077-ac89-87d4dd52a7f6" testId="849a74f3-1a00-7c33-3325-633604a4bbab" testName="MSTest_P2_790" computerName="NAVB3" duration="00:00:00.0001281" startTime="2017-11-29T20:12:00.4981902+05:30" endTime="2017-11-29T20:12:00.4981902+05:30" testType="13cdc9d9-ddb5-4fa4-a97d-d965ccfc6d4b" outcome="Passed" testListId="8c84fa94-04c1-424b-9868-57a2d4851a1d" relativeResultsDirectory="9c27a26e-55b4-4077-ac89-87d4dd52a7f6" />
    <UnitTestResult executionId="b92d8170-ff7a-4fec-9337-28dc1a7749ae" testId="cb78321a-8923-80a0-0105-07bbdbd2d757" testName="MSTest_P2_791" computerName="NAVB3" duration="00:00:00.0001316" startTime="2017-11-29T20:12:00.4981902+05:30" endTime="2017-11-29T20:12:00.4981902+05:30" testType="13cdc9d9-ddb5-4fa4-a97d-d965ccfc6d4b" outcome="Passed" testListId="8c84fa94-04c1-424b-9868-57a2d4851a1d" relativeResultsDirectory="b92d8170-ff7a-4fec-9337-28dc1a7749ae" />
    <UnitTestResult executionId="7bda800f-29ec-4bbb-9a26-7ff6a4924d84" testId="40c7469f-c930-c9e9-da2b-daed4edff8ae" testName="MSTest_P2_792" computerName="NAVB3" duration="00:00:00.0001372" startTime="2017-11-29T20:12:00.4981902+05:30" endTime="2017-11-29T20:12:00.4981902+05:30" testType="13cdc9d9-ddb5-4fa4-a97d-d965ccfc6d4b" outcome="Passed" testListId="8c84fa94-04c1-424b-9868-57a2d4851a1d" relativeResultsDirectory="7bda800f-29ec-4bbb-9a26-7ff6a4924d84" />
    <UnitTestResult executionId="dbf0e2f9-513c-44cd-833c-de257a8bb158" testId="6f4072a6-4629-5d6d-dc1d-186fda9f3e45" testName="MSTest_P2_793" computerName="NAVB3" duration="00:00:00.0001460" startTime="2017-11-29T20:12:00.4981902+05:30" endTime="2017-11-29T20:12:00.4981902+05:30" testType="13cdc9d9-ddb5-4fa4-a97d-d965ccfc6d4b" outcome="Passed" testListId="8c84fa94-04c1-424b-9868-57a2d4851a1d" relativeResultsDirectory="dbf0e2f9-513c-44cd-833c-de257a8bb158" />
    <UnitTestResult executionId="40f8f72b-2499-4d75-8167-104cd9e657af" testId="78dd5bfd-af2b-0ae8-c81b-69d9236634f0" testName="MSTest_P2_794" computerName="NAVB3" duration="00:00:00.0001392" startTime="2017-11-29T20:12:00.4981902+05:30" endTime="2017-11-29T20:12:00.4981902+05:30" testType="13cdc9d9-ddb5-4fa4-a97d-d965ccfc6d4b" outcome="Passed" testListId="8c84fa94-04c1-424b-9868-57a2d4851a1d" relativeResultsDirectory="40f8f72b-2499-4d75-8167-104cd9e657af" />
    <UnitTestResult executionId="a3038a6b-457a-44d5-b2b6-34a4a5a829cb" testId="9bb61604-e246-4057-5cb7-3c74df13bf16" testName="MSTest_P2_795" computerName="NAVB3" duration="00:00:00.0001413" startTime="2017-11-29T20:12:00.4981902+05:30" endTime="2017-11-29T20:12:00.4981902+05:30" testType="13cdc9d9-ddb5-4fa4-a97d-d965ccfc6d4b" outcome="Passed" testListId="8c84fa94-04c1-424b-9868-57a2d4851a1d" relativeResultsDirectory="a3038a6b-457a-44d5-b2b6-34a4a5a829cb" />
    <UnitTestResult executionId="ef6a802c-3e81-4b57-9f6c-f968a97a5320" testId="a1d03f11-272c-53d5-7b4a-76543fd35f2b" testName="MSTest_P2_796" computerName="NAVB3" duration="00:00:00.0001433" startTime="2017-11-29T20:12:00.4981902+05:30" endTime="2017-11-29T20:12:00.4981902+05:30" testType="13cdc9d9-ddb5-4fa4-a97d-d965ccfc6d4b" outcome="Passed" testListId="8c84fa94-04c1-424b-9868-57a2d4851a1d" relativeResultsDirectory="ef6a802c-3e81-4b57-9f6c-f968a97a5320" />
    <UnitTestResult executionId="0649021b-60f4-4e09-a196-ce7924b4e85c" testId="a54176d8-aff8-4202-90bc-083139b234cc" testName="MSTest_P2_797" computerName="NAVB3" duration="00:00:00.0001029" startTime="2017-11-29T20:12:00.4981902+05:30" endTime="2017-11-29T20:12:00.4981902+05:30" testType="13cdc9d9-ddb5-4fa4-a97d-d965ccfc6d4b" outcome="Passed" testListId="8c84fa94-04c1-424b-9868-57a2d4851a1d" relativeResultsDirectory="0649021b-60f4-4e09-a196-ce7924b4e85c" />
    <UnitTestResult executionId="d9bcd9b6-b5a0-47bc-ab34-07c2a58b2108" testId="f08b2af4-b464-dac8-a571-a6f63862c590" testName="MSTest_P2_798" computerName="NAVB3" duration="00:00:00.0000994" startTime="2017-11-29T20:12:00.4981902+05:30" endTime="2017-11-29T20:12:00.4981902+05:30" testType="13cdc9d9-ddb5-4fa4-a97d-d965ccfc6d4b" outcome="Passed" testListId="8c84fa94-04c1-424b-9868-57a2d4851a1d" relativeResultsDirectory="d9bcd9b6-b5a0-47bc-ab34-07c2a58b2108" />
    <UnitTestResult executionId="742ff989-bec8-4c8c-aa63-4767cf3fac66" testId="eb55b32b-fdd2-d130-e182-0abffe1bd832" testName="MSTest_P2_799" computerName="NAVB3" duration="00:00:00.0000997" startTime="2017-11-29T20:12:00.4981902+05:30" endTime="2017-11-29T20:12:00.4981902+05:30" testType="13cdc9d9-ddb5-4fa4-a97d-d965ccfc6d4b" outcome="Passed" testListId="8c84fa94-04c1-424b-9868-57a2d4851a1d" relativeResultsDirectory="742ff989-bec8-4c8c-aa63-4767cf3fac66" />
    <UnitTestResult executionId="9a2313d8-1425-497c-9934-0343eefbaf53" testId="cf4ed24b-84e3-6e2d-335a-7aa8ec3d1e12" testName="MSTest_P2_800" computerName="NAVB3" duration="00:00:00.0000832" startTime="2017-11-29T20:12:00.4981902+05:30" endTime="2017-11-29T20:12:00.4981902+05:30" testType="13cdc9d9-ddb5-4fa4-a97d-d965ccfc6d4b" outcome="Passed" testListId="8c84fa94-04c1-424b-9868-57a2d4851a1d" relativeResultsDirectory="9a2313d8-1425-497c-9934-0343eefbaf53" />
    <UnitTestResult executionId="2534c99c-f77c-49c7-8782-d21b9aa74dfe" testId="eff3fa37-cc88-a07a-74eb-51397c885bf1" testName="MSTest_P2_801" computerName="NAVB3" duration="00:00:00.0000967" startTime="2017-11-29T20:12:00.4981902+05:30" endTime="2017-11-29T20:12:00.4981902+05:30" testType="13cdc9d9-ddb5-4fa4-a97d-d965ccfc6d4b" outcome="Passed" testListId="8c84fa94-04c1-424b-9868-57a2d4851a1d" relativeResultsDirectory="2534c99c-f77c-49c7-8782-d21b9aa74dfe" />
    <UnitTestResult executionId="5c720e73-9089-4123-8e13-041796f0ad2c" testId="84ae3179-dfb4-f897-741b-781224927163" testName="MSTest_P2_802" computerName="NAVB3" duration="00:00:00.0001029" startTime="2017-11-29T20:12:00.4981902+05:30" endTime="2017-11-29T20:12:00.5137951+05:30" testType="13cdc9d9-ddb5-4fa4-a97d-d965ccfc6d4b" outcome="Passed" testListId="8c84fa94-04c1-424b-9868-57a2d4851a1d" relativeResultsDirectory="5c720e73-9089-4123-8e13-041796f0ad2c" />
    <UnitTestResult executionId="64dc2a2b-054b-4e01-91d0-74e672433bd9" testId="50ca2d2e-335e-1b51-a58a-9369bd0c88d6" testName="MSTest_P2_803" computerName="NAVB3" duration="00:00:00.0000991" startTime="2017-11-29T20:12:00.5137951+05:30" endTime="2017-11-29T20:12:00.5137951+05:30" testType="13cdc9d9-ddb5-4fa4-a97d-d965ccfc6d4b" outcome="Passed" testListId="8c84fa94-04c1-424b-9868-57a2d4851a1d" relativeResultsDirectory="64dc2a2b-054b-4e01-91d0-74e672433bd9" />
    <UnitTestResult executionId="d81726ae-c9d4-4e5f-8645-23aaacbafcd7" testId="6f6427b3-df2d-53df-9cd3-f5c7d34fe61d" testName="MSTest_P2_804" computerName="NAVB3" duration="00:00:00.0000999" startTime="2017-11-29T20:12:00.5137951+05:30" endTime="2017-11-29T20:12:00.5137951+05:30" testType="13cdc9d9-ddb5-4fa4-a97d-d965ccfc6d4b" outcome="Passed" testListId="8c84fa94-04c1-424b-9868-57a2d4851a1d" relativeResultsDirectory="d81726ae-c9d4-4e5f-8645-23aaacbafcd7" />
    <UnitTestResult executionId="a4a23668-01e9-4332-8dde-09ca319a82ac" testId="025df3ec-7f02-647d-a4d5-94738efbd7f9" testName="MSTest_P2_805" computerName="NAVB3" duration="00:00:00.0000976" startTime="2017-11-29T20:12:00.5137951+05:30" endTime="2017-11-29T20:12:00.5137951+05:30" testType="13cdc9d9-ddb5-4fa4-a97d-d965ccfc6d4b" outcome="Passed" testListId="8c84fa94-04c1-424b-9868-57a2d4851a1d" relativeResultsDirectory="a4a23668-01e9-4332-8dde-09ca319a82ac" />
    <UnitTestResult executionId="62aa7876-fa8e-4a7d-a1de-878538fd7a4d" testId="84a6cd2a-293f-eaf9-92ea-3a15c6eeaa7f" testName="MSTest_P2_806" computerName="NAVB3" duration="00:00:00.0000982" startTime="2017-11-29T20:12:00.5137951+05:30" endTime="2017-11-29T20:12:00.5137951+05:30" testType="13cdc9d9-ddb5-4fa4-a97d-d965ccfc6d4b" outcome="Passed" testListId="8c84fa94-04c1-424b-9868-57a2d4851a1d" relativeResultsDirectory="62aa7876-fa8e-4a7d-a1de-878538fd7a4d" />
    <UnitTestResult executionId="10e8698c-ca75-46dc-ada5-39d8dad85a2d" testId="2c5ffffa-f808-6c0d-bccb-9a0a67cd47ae" testName="MSTest_P2_807" computerName="NAVB3" duration="00:00:00.0000950" startTime="2017-11-29T20:12:00.5137951+05:30" endTime="2017-11-29T20:12:00.5137951+05:30" testType="13cdc9d9-ddb5-4fa4-a97d-d965ccfc6d4b" outcome="Passed" testListId="8c84fa94-04c1-424b-9868-57a2d4851a1d" relativeResultsDirectory="10e8698c-ca75-46dc-ada5-39d8dad85a2d" />
    <UnitTestResult executionId="52855f9e-f62a-4bc3-93f7-aa878747f752" testId="73d72fb5-c2dc-6f38-0a6b-99cb307fc2f8" testName="MSTest_P2_808" computerName="NAVB3" duration="00:00:00.0000961" startTime="2017-11-29T20:12:00.5137951+05:30" endTime="2017-11-29T20:12:00.5137951+05:30" testType="13cdc9d9-ddb5-4fa4-a97d-d965ccfc6d4b" outcome="Passed" testListId="8c84fa94-04c1-424b-9868-57a2d4851a1d" relativeResultsDirectory="52855f9e-f62a-4bc3-93f7-aa878747f752" />
    <UnitTestResult executionId="3b06844c-78fb-4d76-bbb1-0e3f138f2c53" testId="08f8a123-b42a-0db0-93bb-169edd2fe1a2" testName="MSTest_P2_809" computerName="NAVB3" duration="00:00:00.0000750" startTime="2017-11-29T20:12:00.5137951+05:30" endTime="2017-11-29T20:12:00.5137951+05:30" testType="13cdc9d9-ddb5-4fa4-a97d-d965ccfc6d4b" outcome="Passed" testListId="8c84fa94-04c1-424b-9868-57a2d4851a1d" relativeResultsDirectory="3b06844c-78fb-4d76-bbb1-0e3f138f2c53" />
    <UnitTestResult executionId="521dcee9-a527-4363-ba77-63fbcd265836" testId="bd8ad09f-c0c9-94ae-416d-5beec2fc567f" testName="MSTest_P2_810" computerName="NAVB3" duration="00:00:00.0000747" startTime="2017-11-29T20:12:00.5137951+05:30" endTime="2017-11-29T20:12:00.5137951+05:30" testType="13cdc9d9-ddb5-4fa4-a97d-d965ccfc6d4b" outcome="Passed" testListId="8c84fa94-04c1-424b-9868-57a2d4851a1d" relativeResultsDirectory="521dcee9-a527-4363-ba77-63fbcd265836" />
    <UnitTestResult executionId="81a60b5d-86e5-46d9-9505-e6a48d59345e" testId="9e90a179-924a-4efb-2987-2bd9261ef26b" testName="MSTest_P2_811" computerName="NAVB3" duration="00:00:00.0000964" startTime="2017-11-29T20:12:00.5137951+05:30" endTime="2017-11-29T20:12:00.5137951+05:30" testType="13cdc9d9-ddb5-4fa4-a97d-d965ccfc6d4b" outcome="Passed" testListId="8c84fa94-04c1-424b-9868-57a2d4851a1d" relativeResultsDirectory="81a60b5d-86e5-46d9-9505-e6a48d59345e" />
    <UnitTestResult executionId="47b815b8-9ee0-4f0d-9943-032a69e469fd" testId="32d03bbd-95bd-8068-7509-90fb2972e9e2" testName="MSTest_P2_812" computerName="NAVB3" duration="00:00:00.0000730" startTime="2017-11-29T20:12:00.5137951+05:30" endTime="2017-11-29T20:12:00.5137951+05:30" testType="13cdc9d9-ddb5-4fa4-a97d-d965ccfc6d4b" outcome="Passed" testListId="8c84fa94-04c1-424b-9868-57a2d4851a1d" relativeResultsDirectory="47b815b8-9ee0-4f0d-9943-032a69e469fd" />
    <UnitTestResult executionId="e3e359c1-7f84-40e9-8c52-dbaf402c6f7b" testId="3e29961e-79da-7ed5-25ac-d3a8ad153a01" testName="MSTest_P2_813" computerName="NAVB3" duration="00:00:00.0001041" startTime="2017-11-29T20:12:00.5137951+05:30" endTime="2017-11-29T20:12:00.5137951+05:30" testType="13cdc9d9-ddb5-4fa4-a97d-d965ccfc6d4b" outcome="Passed" testListId="8c84fa94-04c1-424b-9868-57a2d4851a1d" relativeResultsDirectory="e3e359c1-7f84-40e9-8c52-dbaf402c6f7b" />
    <UnitTestResult executionId="5582645e-4b1e-441a-8fe7-457e1ce56585" testId="beba9f3d-6689-6c1e-3466-2470e80ff591" testName="MSTest_P2_814" computerName="NAVB3" duration="00:00:00.0000988" startTime="2017-11-29T20:12:00.5137951+05:30" endTime="2017-11-29T20:12:00.5137951+05:30" testType="13cdc9d9-ddb5-4fa4-a97d-d965ccfc6d4b" outcome="Passed" testListId="8c84fa94-04c1-424b-9868-57a2d4851a1d" relativeResultsDirectory="5582645e-4b1e-441a-8fe7-457e1ce56585" />
    <UnitTestResult executionId="73c7c5c9-1754-41fd-bb6c-087ac928c2ee" testId="21c02eda-79ba-d8e8-649a-99f562c171b7" testName="MSTest_P2_815" computerName="NAVB3" duration="00:00:00.0000944" startTime="2017-11-29T20:12:00.5137951+05:30" endTime="2017-11-29T20:12:00.5137951+05:30" testType="13cdc9d9-ddb5-4fa4-a97d-d965ccfc6d4b" outcome="Passed" testListId="8c84fa94-04c1-424b-9868-57a2d4851a1d" relativeResultsDirectory="73c7c5c9-1754-41fd-bb6c-087ac928c2ee" />
    <UnitTestResult executionId="4b294b91-6d9a-405b-8be7-415dc6870433" testId="66c52b53-6d2d-84a8-084d-624a9be83c8d" testName="MSTest_P2_816" computerName="NAVB3" duration="00:00:00.0001032" startTime="2017-11-29T20:12:00.5137951+05:30" endTime="2017-11-29T20:12:00.5137951+05:30" testType="13cdc9d9-ddb5-4fa4-a97d-d965ccfc6d4b" outcome="Passed" testListId="8c84fa94-04c1-424b-9868-57a2d4851a1d" relativeResultsDirectory="4b294b91-6d9a-405b-8be7-415dc6870433" />
    <UnitTestResult executionId="172d50ee-39d5-4461-ae76-f874fc1179ef" testId="c7200103-eabd-9873-933f-4ecc52948b48" testName="MSTest_P2_817" computerName="NAVB3" duration="00:00:00.0000997" startTime="2017-11-29T20:12:00.5137951+05:30" endTime="2017-11-29T20:12:00.5137951+05:30" testType="13cdc9d9-ddb5-4fa4-a97d-d965ccfc6d4b" outcome="Passed" testListId="8c84fa94-04c1-424b-9868-57a2d4851a1d" relativeResultsDirectory="172d50ee-39d5-4461-ae76-f874fc1179ef" />
    <UnitTestResult executionId="24c3aeb6-372d-4a47-be17-f6e434dbc6c4" testId="d8dd4c81-3480-542b-d677-51d58dbb0d46" testName="MSTest_P2_818" computerName="NAVB3" duration="00:00:00.0000997" startTime="2017-11-29T20:12:00.5137951+05:30" endTime="2017-11-29T20:12:00.5137951+05:30" testType="13cdc9d9-ddb5-4fa4-a97d-d965ccfc6d4b" outcome="Passed" testListId="8c84fa94-04c1-424b-9868-57a2d4851a1d" relativeResultsDirectory="24c3aeb6-372d-4a47-be17-f6e434dbc6c4" />
    <UnitTestResult executionId="7a9512f0-60b5-41d7-b804-4d4680c78ca3" testId="fe33969b-26e9-e45d-10db-c42f3bf1f246" testName="MSTest_P2_819" computerName="NAVB3" duration="00:00:00.0000979" startTime="2017-11-29T20:12:00.5137951+05:30" endTime="2017-11-29T20:12:00.5137951+05:30" testType="13cdc9d9-ddb5-4fa4-a97d-d965ccfc6d4b" outcome="Passed" testListId="8c84fa94-04c1-424b-9868-57a2d4851a1d" relativeResultsDirectory="7a9512f0-60b5-41d7-b804-4d4680c78ca3" />
    <UnitTestResult executionId="99a74def-5404-4e7d-ae28-20402f888c77" testId="90aff43c-a2eb-1531-ccc8-abeea2241125" testName="MSTest_P2_820" computerName="NAVB3" duration="00:00:00.0000961" startTime="2017-11-29T20:12:00.5137951+05:30" endTime="2017-11-29T20:12:00.5137951+05:30" testType="13cdc9d9-ddb5-4fa4-a97d-d965ccfc6d4b" outcome="Passed" testListId="8c84fa94-04c1-424b-9868-57a2d4851a1d" relativeResultsDirectory="99a74def-5404-4e7d-ae28-20402f888c77" />
    <UnitTestResult executionId="a07b394a-3366-424a-ab8b-42a663710e71" testId="af52ebbc-8807-9217-fb2c-38c6564a9987" testName="MSTest_P2_821" computerName="NAVB3" duration="00:00:00.0000724" startTime="2017-11-29T20:12:00.5137951+05:30" endTime="2017-11-29T20:12:00.5137951+05:30" testType="13cdc9d9-ddb5-4fa4-a97d-d965ccfc6d4b" outcome="Passed" testListId="8c84fa94-04c1-424b-9868-57a2d4851a1d" relativeResultsDirectory="a07b394a-3366-424a-ab8b-42a663710e71" />
    <UnitTestResult executionId="299b491a-100c-4c72-96fb-92f2fc70d5c3" testId="d26f1766-b8e5-87ec-195a-54711cbf2a1d" testName="MSTest_P2_822" computerName="NAVB3" duration="00:00:00.0000706" startTime="2017-11-29T20:12:00.5137951+05:30" endTime="2017-11-29T20:12:00.5137951+05:30" testType="13cdc9d9-ddb5-4fa4-a97d-d965ccfc6d4b" outcome="Passed" testListId="8c84fa94-04c1-424b-9868-57a2d4851a1d" relativeResultsDirectory="299b491a-100c-4c72-96fb-92f2fc70d5c3" />
    <UnitTestResult executionId="d8963630-c57d-4ca7-89b3-47550e2c8cae" testId="1142e65d-60a9-555e-0c33-0eb796d843a7" testName="MSTest_P2_823" computerName="NAVB3" duration="00:00:00.0000964" startTime="2017-11-29T20:12:00.5137951+05:30" endTime="2017-11-29T20:12:00.5137951+05:30" testType="13cdc9d9-ddb5-4fa4-a97d-d965ccfc6d4b" outcome="Passed" testListId="8c84fa94-04c1-424b-9868-57a2d4851a1d" relativeResultsDirectory="d8963630-c57d-4ca7-89b3-47550e2c8cae" />
    <UnitTestResult executionId="fc0b6f66-b7b7-41bd-9916-da4d9836718c" testId="a96cffdc-e003-4d51-c3d6-c71b9765bd8f" testName="MSTest_P2_824" computerName="NAVB3" duration="00:00:00.0000997" startTime="2017-11-29T20:12:00.5137951+05:30" endTime="2017-11-29T20:12:00.5137951+05:30" testType="13cdc9d9-ddb5-4fa4-a97d-d965ccfc6d4b" outcome="Passed" testListId="8c84fa94-04c1-424b-9868-57a2d4851a1d" relativeResultsDirectory="fc0b6f66-b7b7-41bd-9916-da4d9836718c" />
    <UnitTestResult executionId="34ad42e2-8c33-4a42-9b6c-3ca815755b5e" testId="3808d56e-b973-a045-a0d4-7776af3046ca" testName="MSTest_P2_825" computerName="NAVB3" duration="00:00:00.0000935" startTime="2017-11-29T20:12:00.5137951+05:30" endTime="2017-11-29T20:12:00.5137951+05:30" testType="13cdc9d9-ddb5-4fa4-a97d-d965ccfc6d4b" outcome="Passed" testListId="8c84fa94-04c1-424b-9868-57a2d4851a1d" relativeResultsDirectory="34ad42e2-8c33-4a42-9b6c-3ca815755b5e" />
    <UnitTestResult executionId="8919c5fc-fa32-4261-9fbc-8725f9a8bbe4" testId="fa6f558e-f835-31c5-57a8-ff603febca1e" testName="MSTest_P2_826" computerName="NAVB3" duration="00:00:00.0000935" startTime="2017-11-29T20:12:00.5137951+05:30" endTime="2017-11-29T20:12:00.5137951+05:30" testType="13cdc9d9-ddb5-4fa4-a97d-d965ccfc6d4b" outcome="Passed" testListId="8c84fa94-04c1-424b-9868-57a2d4851a1d" relativeResultsDirectory="8919c5fc-fa32-4261-9fbc-8725f9a8bbe4" />
    <UnitTestResult executionId="32816ef9-29a3-4a0b-a58b-8e1081cae1ac" testId="b5e6d366-0c8a-df28-38f5-585699d762cd" testName="MSTest_P2_827" computerName="NAVB3" duration="00:00:00.0000982" startTime="2017-11-29T20:12:00.5137951+05:30" endTime="2017-11-29T20:12:00.5137951+05:30" testType="13cdc9d9-ddb5-4fa4-a97d-d965ccfc6d4b" outcome="Passed" testListId="8c84fa94-04c1-424b-9868-57a2d4851a1d" relativeResultsDirectory="32816ef9-29a3-4a0b-a58b-8e1081cae1ac" />
    <UnitTestResult executionId="c3569bca-091f-41bd-8694-d5d88ee68100" testId="b596ac79-7c20-df28-91f0-608f4763bb4e" testName="MSTest_P2_828" computerName="NAVB3" duration="00:00:00.0000738" startTime="2017-11-29T20:12:00.5137951+05:30" endTime="2017-11-29T20:12:00.5137951+05:30" testType="13cdc9d9-ddb5-4fa4-a97d-d965ccfc6d4b" outcome="Passed" testListId="8c84fa94-04c1-424b-9868-57a2d4851a1d" relativeResultsDirectory="c3569bca-091f-41bd-8694-d5d88ee68100" />
    <UnitTestResult executionId="3820dd3c-cdaa-426e-8e02-86efd45fc66c" testId="6e6177fe-e296-5fec-1f36-3049bafbdb3a" testName="MSTest_P2_829" computerName="NAVB3" duration="00:00:00.0000976" startTime="2017-11-29T20:12:00.5137951+05:30" endTime="2017-11-29T20:12:00.5137951+05:30" testType="13cdc9d9-ddb5-4fa4-a97d-d965ccfc6d4b" outcome="Passed" testListId="8c84fa94-04c1-424b-9868-57a2d4851a1d" relativeResultsDirectory="3820dd3c-cdaa-426e-8e02-86efd45fc66c" />
    <UnitTestResult executionId="5483fa18-f488-444f-8ba8-59b8162b2b85" testId="dd86b8ea-992a-9576-2486-b98735ccaf74" testName="MSTest_P2_830" computerName="NAVB3" duration="00:00:00.0000953" startTime="2017-11-29T20:12:00.5137951+05:30" endTime="2017-11-29T20:12:00.5137951+05:30" testType="13cdc9d9-ddb5-4fa4-a97d-d965ccfc6d4b" outcome="Passed" testListId="8c84fa94-04c1-424b-9868-57a2d4851a1d" relativeResultsDirectory="5483fa18-f488-444f-8ba8-59b8162b2b85" />
    <UnitTestResult executionId="eac013d8-a119-487d-9975-d744d1b039ed" testId="c07ae26d-daf2-50d4-907f-c4def0e041c4" testName="MSTest_P2_831" computerName="NAVB3" duration="00:00:00.0000964" startTime="2017-11-29T20:12:00.5137951+05:30" endTime="2017-11-29T20:12:00.5137951+05:30" testType="13cdc9d9-ddb5-4fa4-a97d-d965ccfc6d4b" outcome="Passed" testListId="8c84fa94-04c1-424b-9868-57a2d4851a1d" relativeResultsDirectory="eac013d8-a119-487d-9975-d744d1b039ed" />
    <UnitTestResult executionId="e62b3662-1322-4250-8c48-45b2113b0133" testId="db3689c4-ec64-9807-ff9d-703e1cd5ba30" testName="MSTest_P2_832" computerName="NAVB3" duration="00:00:00.0000950" startTime="2017-11-29T20:12:00.5137951+05:30" endTime="2017-11-29T20:12:00.5137951+05:30" testType="13cdc9d9-ddb5-4fa4-a97d-d965ccfc6d4b" outcome="Passed" testListId="8c84fa94-04c1-424b-9868-57a2d4851a1d" relativeResultsDirectory="e62b3662-1322-4250-8c48-45b2113b0133" />
    <UnitTestResult executionId="4a39f8cc-fda5-49c1-8e05-64b0c5b7ea81" testId="64ab3aa4-24f6-ff24-e8d1-9d32f057ed1d" testName="MSTest_P2_833" computerName="NAVB3" duration="00:00:00.0000961" startTime="2017-11-29T20:12:00.5137951+05:30" endTime="2017-11-29T20:12:00.5137951+05:30" testType="13cdc9d9-ddb5-4fa4-a97d-d965ccfc6d4b" outcome="Passed" testListId="8c84fa94-04c1-424b-9868-57a2d4851a1d" relativeResultsDirectory="4a39f8cc-fda5-49c1-8e05-64b0c5b7ea81" />
    <UnitTestResult executionId="0a5440ac-caae-4e89-a69c-df2568d5cf13" testId="f70340aa-5fce-d298-7f45-ef899e029905" testName="MSTest_P2_834" computerName="NAVB3" duration="00:00:00.0000988" startTime="2017-11-29T20:12:00.5137951+05:30" endTime="2017-11-29T20:12:00.5137951+05:30" testType="13cdc9d9-ddb5-4fa4-a97d-d965ccfc6d4b" outcome="Passed" testListId="8c84fa94-04c1-424b-9868-57a2d4851a1d" relativeResultsDirectory="0a5440ac-caae-4e89-a69c-df2568d5cf13" />
    <UnitTestResult executionId="5c3972ba-33d1-4942-8dd5-d867cc8bf62f" testId="1c8558a4-b15e-bedc-ae12-2c816334a012" testName="MSTest_P2_835" computerName="NAVB3" duration="00:00:00.0000759" startTime="2017-11-29T20:12:00.5137951+05:30" endTime="2017-11-29T20:12:00.5137951+05:30" testType="13cdc9d9-ddb5-4fa4-a97d-d965ccfc6d4b" outcome="Passed" testListId="8c84fa94-04c1-424b-9868-57a2d4851a1d" relativeResultsDirectory="5c3972ba-33d1-4942-8dd5-d867cc8bf62f" />
    <UnitTestResult executionId="aceb1b3b-6eaf-4ca5-83b7-966cfab7c0a0" testId="64787a3d-88fc-40c9-3001-6275bb42a712" testName="MSTest_P2_836" computerName="NAVB3" duration="00:00:00.0000721" startTime="2017-11-29T20:12:00.5137951+05:30" endTime="2017-11-29T20:12:00.5137951+05:30" testType="13cdc9d9-ddb5-4fa4-a97d-d965ccfc6d4b" outcome="Passed" testListId="8c84fa94-04c1-424b-9868-57a2d4851a1d" relativeResultsDirectory="aceb1b3b-6eaf-4ca5-83b7-966cfab7c0a0" />
    <UnitTestResult executionId="e0ff6e7e-a202-44e6-8d76-76a044d5d341" testId="764ff347-50b0-0099-55f2-3893dcdda0ee" testName="MSTest_P2_837" computerName="NAVB3" duration="00:00:00.0000712" startTime="2017-11-29T20:12:00.5137951+05:30" endTime="2017-11-29T20:12:00.5137951+05:30" testType="13cdc9d9-ddb5-4fa4-a97d-d965ccfc6d4b" outcome="Passed" testListId="8c84fa94-04c1-424b-9868-57a2d4851a1d" relativeResultsDirectory="e0ff6e7e-a202-44e6-8d76-76a044d5d341" />
    <UnitTestResult executionId="fd4915c2-af7b-4a5c-879d-ae9cc07f3dbc" testId="fd00d6df-9266-d7f9-06a4-30b68bcce890" testName="MSTest_P2_838" computerName="NAVB3" duration="00:00:00.0000703" startTime="2017-11-29T20:12:00.5137951+05:30" endTime="2017-11-29T20:12:00.5137951+05:30" testType="13cdc9d9-ddb5-4fa4-a97d-d965ccfc6d4b" outcome="Passed" testListId="8c84fa94-04c1-424b-9868-57a2d4851a1d" relativeResultsDirectory="fd4915c2-af7b-4a5c-879d-ae9cc07f3dbc" />
    <UnitTestResult executionId="fb217f42-1181-415f-a06f-dc18979ec7e6" testId="6d2690e4-55f2-1173-3955-daa13c7926d5" testName="MSTest_P2_839" computerName="NAVB3" duration="00:00:00.0000756" startTime="2017-11-29T20:12:00.5137951+05:30" endTime="2017-11-29T20:12:00.5137951+05:30" testType="13cdc9d9-ddb5-4fa4-a97d-d965ccfc6d4b" outcome="Passed" testListId="8c84fa94-04c1-424b-9868-57a2d4851a1d" relativeResultsDirectory="fb217f42-1181-415f-a06f-dc18979ec7e6" />
    <UnitTestResult executionId="a18123dd-2997-4677-9945-eefc4074cffc" testId="e955f05b-a5be-2c36-d51c-47d6105a054d" testName="MSTest_P2_840" computerName="NAVB3" duration="00:00:00.0000941" startTime="2017-11-29T20:12:00.5137951+05:30" endTime="2017-11-29T20:12:00.5137951+05:30" testType="13cdc9d9-ddb5-4fa4-a97d-d965ccfc6d4b" outcome="Passed" testListId="8c84fa94-04c1-424b-9868-57a2d4851a1d" relativeResultsDirectory="a18123dd-2997-4677-9945-eefc4074cffc" />
    <UnitTestResult executionId="5ac94041-e89e-4353-a9ae-ac1483bbb5c6" testId="6e078b1a-21ca-1b99-765c-26240c6f6eea" testName="MSTest_P2_841" computerName="NAVB3" duration="00:00:00.0000961" startTime="2017-11-29T20:12:00.5137951+05:30" endTime="2017-11-29T20:12:00.5137951+05:30" testType="13cdc9d9-ddb5-4fa4-a97d-d965ccfc6d4b" outcome="Passed" testListId="8c84fa94-04c1-424b-9868-57a2d4851a1d" relativeResultsDirectory="5ac94041-e89e-4353-a9ae-ac1483bbb5c6" />
    <UnitTestResult executionId="ff55c338-12fe-4482-83e1-40e348f863e8" testId="1f12b4a9-e48c-130f-d084-76be2cb52ea8" testName="MSTest_P2_842" computerName="NAVB3" duration="00:00:00.0000941" startTime="2017-11-29T20:12:00.5137951+05:30" endTime="2017-11-29T20:12:00.5137951+05:30" testType="13cdc9d9-ddb5-4fa4-a97d-d965ccfc6d4b" outcome="Passed" testListId="8c84fa94-04c1-424b-9868-57a2d4851a1d" relativeResultsDirectory="ff55c338-12fe-4482-83e1-40e348f863e8" />
    <UnitTestResult executionId="e71923d2-d69f-411a-b95a-617fc3795533" testId="62e597d4-e60d-aa54-8157-377d907b7f43" testName="MSTest_P2_843" computerName="NAVB3" duration="00:00:00.0000947" startTime="2017-11-29T20:12:00.5137951+05:30" endTime="2017-11-29T20:12:00.5137951+05:30" testType="13cdc9d9-ddb5-4fa4-a97d-d965ccfc6d4b" outcome="Passed" testListId="8c84fa94-04c1-424b-9868-57a2d4851a1d" relativeResultsDirectory="e71923d2-d69f-411a-b95a-617fc3795533" />
    <UnitTestResult executionId="bdfe9d14-a843-46a2-8738-65d738a1ffde" testId="511bf4f6-7e37-7990-39e8-edda9467c578" testName="MSTest_P2_844" computerName="NAVB3" duration="00:00:00.0000715" startTime="2017-11-29T20:12:00.5137951+05:30" endTime="2017-11-29T20:12:00.5137951+05:30" testType="13cdc9d9-ddb5-4fa4-a97d-d965ccfc6d4b" outcome="Passed" testListId="8c84fa94-04c1-424b-9868-57a2d4851a1d" relativeResultsDirectory="bdfe9d14-a843-46a2-8738-65d738a1ffde" />
    <UnitTestResult executionId="182535e0-8a2d-47be-87a6-707dc73fbfde" testId="c6ee03d5-9684-896d-e10e-1858f02dec5f" testName="MSTest_P2_845" computerName="NAVB3" duration="00:00:00.0000697" startTime="2017-11-29T20:12:00.5137951+05:30" endTime="2017-11-29T20:12:00.5137951+05:30" testType="13cdc9d9-ddb5-4fa4-a97d-d965ccfc6d4b" outcome="Passed" testListId="8c84fa94-04c1-424b-9868-57a2d4851a1d" relativeResultsDirectory="182535e0-8a2d-47be-87a6-707dc73fbfde" />
    <UnitTestResult executionId="361abdb9-18c6-4516-a72c-9e4e8cb38a5b" testId="6a0c6508-a7ea-d027-fd8e-bdabe1521933" testName="MSTest_P2_846" computerName="NAVB3" duration="00:00:00.0000712" startTime="2017-11-29T20:12:00.5137951+05:30" endTime="2017-11-29T20:12:00.5137951+05:30" testType="13cdc9d9-ddb5-4fa4-a97d-d965ccfc6d4b" outcome="Passed" testListId="8c84fa94-04c1-424b-9868-57a2d4851a1d" relativeResultsDirectory="361abdb9-18c6-4516-a72c-9e4e8cb38a5b" />
    <UnitTestResult executionId="38b412af-e733-4982-9fdb-0619fa9f2034" testId="3a9a7fdb-5b03-106c-0671-c65a903339c6" testName="MSTest_P2_847" computerName="NAVB3" duration="00:00:00.0000715" startTime="2017-11-29T20:12:00.5137951+05:30" endTime="2017-11-29T20:12:00.5137951+05:30" testType="13cdc9d9-ddb5-4fa4-a97d-d965ccfc6d4b" outcome="Passed" testListId="8c84fa94-04c1-424b-9868-57a2d4851a1d" relativeResultsDirectory="38b412af-e733-4982-9fdb-0619fa9f2034" />
    <UnitTestResult executionId="f544cc26-8dc2-4d0c-a2c8-bf2c4e3e63cc" testId="92afaed2-9f76-e231-6ecc-808ff600348b" testName="MSTest_P2_848" computerName="NAVB3" duration="00:00:00.0000709" startTime="2017-11-29T20:12:00.5137951+05:30" endTime="2017-11-29T20:12:00.5137951+05:30" testType="13cdc9d9-ddb5-4fa4-a97d-d965ccfc6d4b" outcome="Passed" testListId="8c84fa94-04c1-424b-9868-57a2d4851a1d" relativeResultsDirectory="f544cc26-8dc2-4d0c-a2c8-bf2c4e3e63cc" />
    <UnitTestResult executionId="d64cba7f-614b-499f-ac21-0256931310e9" testId="e367aa71-b0af-a758-f513-c2150be0ee58" testName="MSTest_P2_849" computerName="NAVB3" duration="00:00:00.0000712" startTime="2017-11-29T20:12:00.5137951+05:30" endTime="2017-11-29T20:12:00.5137951+05:30" testType="13cdc9d9-ddb5-4fa4-a97d-d965ccfc6d4b" outcome="Passed" testListId="8c84fa94-04c1-424b-9868-57a2d4851a1d" relativeResultsDirectory="d64cba7f-614b-499f-ac21-0256931310e9" />
    <UnitTestResult executionId="572306cb-310b-4b3f-8c90-c1faf9ff6d70" testId="60863bf4-f9bf-04dc-12a3-a22e0f65c9ea" testName="MSTest_P2_850" computerName="NAVB3" duration="00:00:00.0000721" startTime="2017-11-29T20:12:00.5137951+05:30" endTime="2017-11-29T20:12:00.5137951+05:30" testType="13cdc9d9-ddb5-4fa4-a97d-d965ccfc6d4b" outcome="Passed" testListId="8c84fa94-04c1-424b-9868-57a2d4851a1d" relativeResultsDirectory="572306cb-310b-4b3f-8c90-c1faf9ff6d70" />
    <UnitTestResult executionId="64f0e11a-b563-4343-98bd-bcb72326169e" testId="e024ef41-083b-00b1-2a7d-aeeaf04191e1" testName="MSTest_P2_681" computerName="NAVB3" duration="00:00:00.0000709" startTime="2017-11-29T20:12:00.5137951+05:30" endTime="2017-11-29T20:12:00.5137951+05:30" testType="13cdc9d9-ddb5-4fa4-a97d-d965ccfc6d4b" outcome="Passed" testListId="8c84fa94-04c1-424b-9868-57a2d4851a1d" relativeResultsDirectory="64f0e11a-b563-4343-98bd-bcb72326169e" />
    <UnitTestResult executionId="e405554b-2f51-42a2-bcf4-7c6035773440" testId="0aa7aae1-8c4a-9eda-b1d9-2436bdcb68b7" testName="MSTest_P2_682" computerName="NAVB3" duration="00:00:00.0001404" startTime="2017-11-29T20:12:00.5137951+05:30" endTime="2017-11-29T20:12:00.5294392+05:30" testType="13cdc9d9-ddb5-4fa4-a97d-d965ccfc6d4b" outcome="Passed" testListId="8c84fa94-04c1-424b-9868-57a2d4851a1d" relativeResultsDirectory="e405554b-2f51-42a2-bcf4-7c6035773440" />
    <UnitTestResult executionId="a5582fc2-83a3-4665-8a91-aa5cd8b493d9" testId="12bf26ac-5455-f147-ab84-37229d82317a" testName="MSTest_P2_683" computerName="NAVB3" duration="00:00:00.0001035" startTime="2017-11-29T20:12:00.5294392+05:30" endTime="2017-11-29T20:12:00.5294392+05:30" testType="13cdc9d9-ddb5-4fa4-a97d-d965ccfc6d4b" outcome="Passed" testListId="8c84fa94-04c1-424b-9868-57a2d4851a1d" relativeResultsDirectory="a5582fc2-83a3-4665-8a91-aa5cd8b493d9" />
    <UnitTestResult executionId="a1cfa698-58cd-4247-bc86-91a349fae057" testId="2e3a7c50-e4a5-3602-4438-48bdaf561af3" testName="MSTest_P2_684" computerName="NAVB3" duration="00:00:00.0001002" startTime="2017-11-29T20:12:00.5294392+05:30" endTime="2017-11-29T20:12:00.5294392+05:30" testType="13cdc9d9-ddb5-4fa4-a97d-d965ccfc6d4b" outcome="Passed" testListId="8c84fa94-04c1-424b-9868-57a2d4851a1d" relativeResultsDirectory="a1cfa698-58cd-4247-bc86-91a349fae057" />
    <UnitTestResult executionId="b8f75746-183f-427e-aadc-6bae9a5fb430" testId="bef2782c-3a6e-228f-d81e-4a0182ff4ef4" testName="MSTest_P2_685" computerName="NAVB3" duration="00:00:00.0000988" startTime="2017-11-29T20:12:00.5294392+05:30" endTime="2017-11-29T20:12:00.5294392+05:30" testType="13cdc9d9-ddb5-4fa4-a97d-d965ccfc6d4b" outcome="Passed" testListId="8c84fa94-04c1-424b-9868-57a2d4851a1d" relativeResultsDirectory="b8f75746-183f-427e-aadc-6bae9a5fb430" />
    <UnitTestResult executionId="608ec46c-6c3e-4f7b-9226-9ab9b122c5ed" testId="9caa978f-dc1f-3b54-f86d-4561a75a1ad7" testName="MSTest_P2_686" computerName="NAVB3" duration="00:00:00.0000970" startTime="2017-11-29T20:12:00.5294392+05:30" endTime="2017-11-29T20:12:00.5294392+05:30" testType="13cdc9d9-ddb5-4fa4-a97d-d965ccfc6d4b" outcome="Passed" testListId="8c84fa94-04c1-424b-9868-57a2d4851a1d" relativeResultsDirectory="608ec46c-6c3e-4f7b-9226-9ab9b122c5ed" />
    <UnitTestResult executionId="15ebc3a6-57c9-46f0-8e7d-900f90054c45" testId="1aaed582-bd65-15f1-f19a-f01bfeae0f85" testName="MSTest_P2_687" computerName="NAVB3" duration="00:00:00.0000964" startTime="2017-11-29T20:12:00.5294392+05:30" endTime="2017-11-29T20:12:00.5294392+05:30" testType="13cdc9d9-ddb5-4fa4-a97d-d965ccfc6d4b" outcome="Passed" testListId="8c84fa94-04c1-424b-9868-57a2d4851a1d" relativeResultsDirectory="15ebc3a6-57c9-46f0-8e7d-900f90054c45" />
    <UnitTestResult executionId="53143584-60dd-4f82-b9cc-c7d675f0e66e" testId="02514658-3539-4e09-7083-7a561726facb" testName="MSTest_P2_688" computerName="NAVB3" duration="00:00:00.0001120" startTime="2017-11-29T20:12:00.5294392+05:30" endTime="2017-11-29T20:12:00.5294392+05:30" testType="13cdc9d9-ddb5-4fa4-a97d-d965ccfc6d4b" outcome="Passed" testListId="8c84fa94-04c1-424b-9868-57a2d4851a1d" relativeResultsDirectory="53143584-60dd-4f82-b9cc-c7d675f0e66e" />
    <UnitTestResult executionId="bed0aac6-bf19-4fec-b7a4-3d980966f533" testId="6b16ac49-7c2b-bc72-bfd4-131c02aab2db" testName="MSTest_P2_689" computerName="NAVB3" duration="00:00:00.0001041" startTime="2017-11-29T20:12:00.5294392+05:30" endTime="2017-11-29T20:12:00.5294392+05:30" testType="13cdc9d9-ddb5-4fa4-a97d-d965ccfc6d4b" outcome="Passed" testListId="8c84fa94-04c1-424b-9868-57a2d4851a1d" relativeResultsDirectory="bed0aac6-bf19-4fec-b7a4-3d980966f533" />
    <UnitTestResult executionId="deb60b66-d918-4d92-b213-ea0febe6f910" testId="09217960-761f-1039-17a0-ea4ede5ade15" testName="MSTest_P2_690" computerName="NAVB3" duration="00:00:00.0001105" startTime="2017-11-29T20:12:00.5294392+05:30" endTime="2017-11-29T20:12:00.5294392+05:30" testType="13cdc9d9-ddb5-4fa4-a97d-d965ccfc6d4b" outcome="Passed" testListId="8c84fa94-04c1-424b-9868-57a2d4851a1d" relativeResultsDirectory="deb60b66-d918-4d92-b213-ea0febe6f910" />
    <UnitTestResult executionId="989c4194-de06-45b1-9543-9fbd17ede813" testId="fdbc3f44-4022-324e-a1e5-7cbdcbe40d5d" testName="MSTest_P2_691" computerName="NAVB3" duration="00:00:00.0001041" startTime="2017-11-29T20:12:00.5294392+05:30" endTime="2017-11-29T20:12:00.5294392+05:30" testType="13cdc9d9-ddb5-4fa4-a97d-d965ccfc6d4b" outcome="Passed" testListId="8c84fa94-04c1-424b-9868-57a2d4851a1d" relativeResultsDirectory="989c4194-de06-45b1-9543-9fbd17ede813" />
    <UnitTestResult executionId="197fdc55-9492-49c3-a845-108ed253c35c" testId="10c70c0e-e0e6-4347-f394-4de496e761f1" testName="MSTest_P2_692" computerName="NAVB3" duration="00:00:00.0001043" startTime="2017-11-29T20:12:00.5294392+05:30" endTime="2017-11-29T20:12:00.5294392+05:30" testType="13cdc9d9-ddb5-4fa4-a97d-d965ccfc6d4b" outcome="Passed" testListId="8c84fa94-04c1-424b-9868-57a2d4851a1d" relativeResultsDirectory="197fdc55-9492-49c3-a845-108ed253c35c" />
    <UnitTestResult executionId="d6bb1ce7-070a-4db7-bda5-4f67e3b9979f" testId="c517d47e-ca32-e377-d7f6-88e94f2c32ee" testName="MSTest_P2_693" computerName="NAVB3" duration="00:00:00.0001073" startTime="2017-11-29T20:12:00.5294392+05:30" endTime="2017-11-29T20:12:00.5294392+05:30" testType="13cdc9d9-ddb5-4fa4-a97d-d965ccfc6d4b" outcome="Passed" testListId="8c84fa94-04c1-424b-9868-57a2d4851a1d" relativeResultsDirectory="d6bb1ce7-070a-4db7-bda5-4f67e3b9979f" />
    <UnitTestResult executionId="b39ee187-5043-4532-83eb-11810d895433" testId="a30c0e1c-6be8-c1fc-d186-4953fdc74232" testName="MSTest_P2_694" computerName="NAVB3" duration="00:00:00.0001038" startTime="2017-11-29T20:12:00.5294392+05:30" endTime="2017-11-29T20:12:00.5294392+05:30" testType="13cdc9d9-ddb5-4fa4-a97d-d965ccfc6d4b" outcome="Passed" testListId="8c84fa94-04c1-424b-9868-57a2d4851a1d" relativeResultsDirectory="b39ee187-5043-4532-83eb-11810d895433" />
    <UnitTestResult executionId="ef3f44fd-ee61-4fd2-a5ab-d957fad4f6e3" testId="0544e28d-4fc2-b4ec-7e67-93472bf81c4c" testName="MSTest_P2_695" computerName="NAVB3" duration="00:00:00.0001131" startTime="2017-11-29T20:12:00.5294392+05:30" endTime="2017-11-29T20:12:00.5294392+05:30" testType="13cdc9d9-ddb5-4fa4-a97d-d965ccfc6d4b" outcome="Passed" testListId="8c84fa94-04c1-424b-9868-57a2d4851a1d" relativeResultsDirectory="ef3f44fd-ee61-4fd2-a5ab-d957fad4f6e3" />
    <UnitTestResult executionId="8ed41c88-7ebc-4e34-8433-b229a2bfbe1f" testId="9d2ec2a6-d3d1-c073-e2b7-2bdf63a956f5" testName="MSTest_P2_696" computerName="NAVB3" duration="00:00:00.0001043" startTime="2017-11-29T20:12:00.5294392+05:30" endTime="2017-11-29T20:12:00.5294392+05:30" testType="13cdc9d9-ddb5-4fa4-a97d-d965ccfc6d4b" outcome="Passed" testListId="8c84fa94-04c1-424b-9868-57a2d4851a1d" relativeResultsDirectory="8ed41c88-7ebc-4e34-8433-b229a2bfbe1f" />
    <UnitTestResult executionId="5be6ca75-3262-4e60-8e20-5e434c307ce3" testId="ff871a0a-f3fb-129c-5e01-0c196d851088" testName="MSTest_P2_697" computerName="NAVB3" duration="00:00:00.0001123" startTime="2017-11-29T20:12:00.5294392+05:30" endTime="2017-11-29T20:12:00.5294392+05:30" testType="13cdc9d9-ddb5-4fa4-a97d-d965ccfc6d4b" outcome="Passed" testListId="8c84fa94-04c1-424b-9868-57a2d4851a1d" relativeResultsDirectory="5be6ca75-3262-4e60-8e20-5e434c307ce3" />
    <UnitTestResult executionId="d9230f3c-9faf-4b63-b22c-31b984cd8d7d" testId="7310670a-0010-c516-b9ef-05b270ab4c04" testName="MSTest_P2_698" computerName="NAVB3" duration="00:00:00.0001043" startTime="2017-11-29T20:12:00.5294392+05:30" endTime="2017-11-29T20:12:00.5294392+05:30" testType="13cdc9d9-ddb5-4fa4-a97d-d965ccfc6d4b" outcome="Passed" testListId="8c84fa94-04c1-424b-9868-57a2d4851a1d" relativeResultsDirectory="d9230f3c-9faf-4b63-b22c-31b984cd8d7d" />
    <UnitTestResult executionId="faa12c4c-f357-4087-82b8-d6052c8db43e" testId="d768bb94-e7be-c795-a879-8660f5a521ca" testName="MSTest_P2_699" computerName="NAVB3" duration="00:00:00.0001073" startTime="2017-11-29T20:12:00.5294392+05:30" endTime="2017-11-29T20:12:00.5294392+05:30" testType="13cdc9d9-ddb5-4fa4-a97d-d965ccfc6d4b" outcome="Passed" testListId="8c84fa94-04c1-424b-9868-57a2d4851a1d" relativeResultsDirectory="faa12c4c-f357-4087-82b8-d6052c8db43e" />
    <UnitTestResult executionId="2073b212-8ccc-43dc-b30a-018b4047e6ff" testId="23fd5c35-806e-ce3a-d70e-4f98406ae92e" testName="MSTest_P2_700" computerName="NAVB3" duration="00:00:00.0001038" startTime="2017-11-29T20:12:00.5294392+05:30" endTime="2017-11-29T20:12:00.5294392+05:30" testType="13cdc9d9-ddb5-4fa4-a97d-d965ccfc6d4b" outcome="Passed" testListId="8c84fa94-04c1-424b-9868-57a2d4851a1d" relativeResultsDirectory="2073b212-8ccc-43dc-b30a-018b4047e6ff" />
    <UnitTestResult executionId="2b44b1bc-be56-47f7-ab25-571874098a6c" testId="2c22d41f-092a-968d-84dc-b705713dc267" testName="MSTest_P2_701" computerName="NAVB3" duration="00:00:00.0001134" startTime="2017-11-29T20:12:00.5294392+05:30" endTime="2017-11-29T20:12:00.5294392+05:30" testType="13cdc9d9-ddb5-4fa4-a97d-d965ccfc6d4b" outcome="Passed" testListId="8c84fa94-04c1-424b-9868-57a2d4851a1d" relativeResultsDirectory="2b44b1bc-be56-47f7-ab25-571874098a6c" />
    <UnitTestResult executionId="c3f64786-770d-433a-9fb0-6263bada576f" testId="4d43b66e-8962-9bb6-1326-4acf18e1f8af" testName="MSTest_P2_702" computerName="NAVB3" duration="00:00:00.0001043" startTime="2017-11-29T20:12:00.5294392+05:30" endTime="2017-11-29T20:12:00.5294392+05:30" testType="13cdc9d9-ddb5-4fa4-a97d-d965ccfc6d4b" outcome="Passed" testListId="8c84fa94-04c1-424b-9868-57a2d4851a1d" relativeResultsDirectory="c3f64786-770d-433a-9fb0-6263bada576f" />
    <UnitTestResult executionId="db86e63d-437a-4635-9a32-3b455be86b26" testId="d4654878-1a35-6721-cf80-bedb39cbf7b8" testName="MSTest_P2_703" computerName="NAVB3" duration="00:00:00.0001126" startTime="2017-11-29T20:12:00.5294392+05:30" endTime="2017-11-29T20:12:00.5294392+05:30" testType="13cdc9d9-ddb5-4fa4-a97d-d965ccfc6d4b" outcome="Passed" testListId="8c84fa94-04c1-424b-9868-57a2d4851a1d" relativeResultsDirectory="db86e63d-437a-4635-9a32-3b455be86b26" />
    <UnitTestResult executionId="96aad900-903d-4e23-b627-fb593fe2f8d5" testId="0375a79b-17bf-9022-0b92-a3ad697c1a71" testName="MSTest_P2_704" computerName="NAVB3" duration="00:00:00.0001023" startTime="2017-11-29T20:12:00.5294392+05:30" endTime="2017-11-29T20:12:00.5294392+05:30" testType="13cdc9d9-ddb5-4fa4-a97d-d965ccfc6d4b" outcome="Passed" testListId="8c84fa94-04c1-424b-9868-57a2d4851a1d" relativeResultsDirectory="96aad900-903d-4e23-b627-fb593fe2f8d5" />
    <UnitTestResult executionId="268964be-865b-4e85-842a-f5905fc79fa4" testId="ec973bdb-21c0-1365-934b-b91d9822cd21" testName="MSTest_P2_705" computerName="NAVB3" duration="00:00:00.0001120" startTime="2017-11-29T20:12:00.5294392+05:30" endTime="2017-11-29T20:12:00.5294392+05:30" testType="13cdc9d9-ddb5-4fa4-a97d-d965ccfc6d4b" outcome="Passed" testListId="8c84fa94-04c1-424b-9868-57a2d4851a1d" relativeResultsDirectory="268964be-865b-4e85-842a-f5905fc79fa4" />
    <UnitTestResult executionId="ff6d4346-299e-4eca-ad9f-033e46d40105" testId="5ad515e4-061f-7df7-ad67-b02fe01da566" testName="MSTest_P2_706" computerName="NAVB3" duration="00:00:00.0001035" startTime="2017-11-29T20:12:00.5294392+05:30" endTime="2017-11-29T20:12:00.5294392+05:30" testType="13cdc9d9-ddb5-4fa4-a97d-d965ccfc6d4b" outcome="Passed" testListId="8c84fa94-04c1-424b-9868-57a2d4851a1d" relativeResultsDirectory="ff6d4346-299e-4eca-ad9f-033e46d40105" />
    <UnitTestResult executionId="074d91a4-5b23-4f87-8231-759ea715af97" testId="0803935a-871f-a690-4074-dae07f076149" testName="MSTest_P2_707" computerName="NAVB3" duration="00:00:00.0001287" startTime="2017-11-29T20:12:00.5294392+05:30" endTime="2017-11-29T20:12:00.5294392+05:30" testType="13cdc9d9-ddb5-4fa4-a97d-d965ccfc6d4b" outcome="Passed" testListId="8c84fa94-04c1-424b-9868-57a2d4851a1d" relativeResultsDirectory="074d91a4-5b23-4f87-8231-759ea715af97" />
    <UnitTestResult executionId="0536268c-f5a4-47c4-8504-ed2e42102645" testId="5a551494-faff-53e7-207e-681c218ee1d5" testName="MSTest_P2_708" computerName="NAVB3" duration="00:00:00.0001046" startTime="2017-11-29T20:12:00.5294392+05:30" endTime="2017-11-29T20:12:00.5294392+05:30" testType="13cdc9d9-ddb5-4fa4-a97d-d965ccfc6d4b" outcome="Passed" testListId="8c84fa94-04c1-424b-9868-57a2d4851a1d" relativeResultsDirectory="0536268c-f5a4-47c4-8504-ed2e42102645" />
    <UnitTestResult executionId="5c311a7d-6ac5-4d8c-83d4-a04145b2ac16" testId="c3a8a6f2-b935-a4af-92db-4c0183516cfb" testName="MSTest_P2_709" computerName="NAVB3" duration="00:00:00.0001032" startTime="2017-11-29T20:12:00.5294392+05:30" endTime="2017-11-29T20:12:00.5294392+05:30" testType="13cdc9d9-ddb5-4fa4-a97d-d965ccfc6d4b" outcome="Passed" testListId="8c84fa94-04c1-424b-9868-57a2d4851a1d" relativeResultsDirectory="5c311a7d-6ac5-4d8c-83d4-a04145b2ac16" />
    <UnitTestResult executionId="0f9dfb29-739a-4309-b34f-a89e5a50250e" testId="0019d10a-a6a6-19da-3d6b-4865f197fa35" testName="MSTest_P2_710" computerName="NAVB3" duration="00:00:00.0001102" startTime="2017-11-29T20:12:00.5294392+05:30" endTime="2017-11-29T20:12:00.5294392+05:30" testType="13cdc9d9-ddb5-4fa4-a97d-d965ccfc6d4b" outcome="Passed" testListId="8c84fa94-04c1-424b-9868-57a2d4851a1d" relativeResultsDirectory="0f9dfb29-739a-4309-b34f-a89e5a50250e" />
    <UnitTestResult executionId="65bb737c-be78-42d1-90b7-65eebb0581df" testId="cc78e4c8-e396-40e7-5bdc-41f3b1d91c3b" testName="MSTest_P2_711" computerName="NAVB3" duration="00:00:00.0001020" startTime="2017-11-29T20:12:00.5294392+05:30" endTime="2017-11-29T20:12:00.5294392+05:30" testType="13cdc9d9-ddb5-4fa4-a97d-d965ccfc6d4b" outcome="Passed" testListId="8c84fa94-04c1-424b-9868-57a2d4851a1d" relativeResultsDirectory="65bb737c-be78-42d1-90b7-65eebb0581df" />
    <UnitTestResult executionId="9304cea0-986f-4f0d-b9e6-50a98f43fa88" testId="efecd466-b15f-af39-21f9-c8961441d324" testName="MSTest_P2_712" computerName="NAVB3" duration="00:00:00.0001117" startTime="2017-11-29T20:12:00.5294392+05:30" endTime="2017-11-29T20:12:00.5294392+05:30" testType="13cdc9d9-ddb5-4fa4-a97d-d965ccfc6d4b" outcome="Passed" testListId="8c84fa94-04c1-424b-9868-57a2d4851a1d" relativeResultsDirectory="9304cea0-986f-4f0d-b9e6-50a98f43fa88" />
    <UnitTestResult executionId="2c8e6998-ded5-4e12-93cf-2d4b2cac169f" testId="cd2e6b67-6d53-becf-0933-90bf764522df" testName="MSTest_P2_713" computerName="NAVB3" duration="00:00:00.0001035" startTime="2017-11-29T20:12:00.5294392+05:30" endTime="2017-11-29T20:12:00.5294392+05:30" testType="13cdc9d9-ddb5-4fa4-a97d-d965ccfc6d4b" outcome="Passed" testListId="8c84fa94-04c1-424b-9868-57a2d4851a1d" relativeResultsDirectory="2c8e6998-ded5-4e12-93cf-2d4b2cac169f" />
    <UnitTestResult executionId="0b280089-0e72-485d-8e24-c42ca024ef13" testId="272f4885-6438-4d19-4138-7ad48b76a66a" testName="MSTest_P2_714" computerName="NAVB3" duration="00:00:00.0001134" startTime="2017-11-29T20:12:00.5294392+05:30" endTime="2017-11-29T20:12:00.5294392+05:30" testType="13cdc9d9-ddb5-4fa4-a97d-d965ccfc6d4b" outcome="Passed" testListId="8c84fa94-04c1-424b-9868-57a2d4851a1d" relativeResultsDirectory="0b280089-0e72-485d-8e24-c42ca024ef13" />
    <UnitTestResult executionId="3d53d24a-a2b1-414f-acc7-e64342907bb7" testId="7bcf3a65-993a-a11d-3a6c-189aa950d196" testName="MSTest_P2_715" computerName="NAVB3" duration="00:00:00.0001041" startTime="2017-11-29T20:12:00.5294392+05:30" endTime="2017-11-29T20:12:00.5294392+05:30" testType="13cdc9d9-ddb5-4fa4-a97d-d965ccfc6d4b" outcome="Passed" testListId="8c84fa94-04c1-424b-9868-57a2d4851a1d" relativeResultsDirectory="3d53d24a-a2b1-414f-acc7-e64342907bb7" />
    <UnitTestResult executionId="66dc39fc-8dd8-4bc6-8b4d-449b34ea62b1" testId="91ca59a7-2b67-023b-8100-5a8eb67c3171" testName="MSTest_P2_716" computerName="NAVB3" duration="00:00:00.0001120" startTime="2017-11-29T20:12:00.5294392+05:30" endTime="2017-11-29T20:12:00.5294392+05:30" testType="13cdc9d9-ddb5-4fa4-a97d-d965ccfc6d4b" outcome="Passed" testListId="8c84fa94-04c1-424b-9868-57a2d4851a1d" relativeResultsDirectory="66dc39fc-8dd8-4bc6-8b4d-449b34ea62b1" />
    <UnitTestResult executionId="d17fcea0-e321-4a53-ae0d-e6763f5af4cf" testId="6f5c5df5-4252-2513-c1dc-4c088c708d7c" testName="MSTest_P2_717" computerName="NAVB3" duration="00:00:00.0001123" startTime="2017-11-29T20:12:00.5294392+05:30" endTime="2017-11-29T20:12:00.5450500+05:30" testType="13cdc9d9-ddb5-4fa4-a97d-d965ccfc6d4b" outcome="Passed" testListId="8c84fa94-04c1-424b-9868-57a2d4851a1d" relativeResultsDirectory="d17fcea0-e321-4a53-ae0d-e6763f5af4cf" />
    <UnitTestResult executionId="9e67eaab-7bb5-44e0-a89f-c01b23a3855b" testId="48651643-3990-f762-2f5d-868f1a95d4b6" testName="MSTest_P2_718" computerName="NAVB3" duration="00:00:00.0001205" startTime="2017-11-29T20:12:00.5450500+05:30" endTime="2017-11-29T20:12:00.5450500+05:30" testType="13cdc9d9-ddb5-4fa4-a97d-d965ccfc6d4b" outcome="Passed" testListId="8c84fa94-04c1-424b-9868-57a2d4851a1d" relativeResultsDirectory="9e67eaab-7bb5-44e0-a89f-c01b23a3855b" />
    <UnitTestResult executionId="baeb2098-b1f4-49d4-9824-037a45df18ef" testId="f8bf1449-939b-89f4-212d-2e74de51e43d" testName="MSTest_P2_719" computerName="NAVB3" duration="00:00:00.0001269" startTime="2017-11-29T20:12:00.5450500+05:30" endTime="2017-11-29T20:12:00.5450500+05:30" testType="13cdc9d9-ddb5-4fa4-a97d-d965ccfc6d4b" outcome="Passed" testListId="8c84fa94-04c1-424b-9868-57a2d4851a1d" relativeResultsDirectory="baeb2098-b1f4-49d4-9824-037a45df18ef" />
    <UnitTestResult executionId="b09aed4a-54bf-4cb9-95af-88f8bef1d0a0" testId="7dec1179-eee2-fa94-5da7-099c0e6c3451" testName="MSTest_P2_720" computerName="NAVB3" duration="00:00:00.0001225" startTime="2017-11-29T20:12:00.5450500+05:30" endTime="2017-11-29T20:12:00.5450500+05:30" testType="13cdc9d9-ddb5-4fa4-a97d-d965ccfc6d4b" outcome="Passed" testListId="8c84fa94-04c1-424b-9868-57a2d4851a1d" relativeResultsDirectory="b09aed4a-54bf-4cb9-95af-88f8bef1d0a0" />
    <UnitTestResult executionId="016718bf-b524-4bc0-bfe4-c5f9545e42dc" testId="7beb1d45-b2f9-3ce6-acac-11111dd263b6" testName="MSTest_P2_721" computerName="NAVB3" duration="00:00:00.0001123" startTime="2017-11-29T20:12:00.5450500+05:30" endTime="2017-11-29T20:12:00.5450500+05:30" testType="13cdc9d9-ddb5-4fa4-a97d-d965ccfc6d4b" outcome="Passed" testListId="8c84fa94-04c1-424b-9868-57a2d4851a1d" relativeResultsDirectory="016718bf-b524-4bc0-bfe4-c5f9545e42dc" />
    <UnitTestResult executionId="f5bc2092-fca9-45c6-b384-e975822a4bdc" testId="0f01db86-94cf-3b40-a1fd-a3d559461236" testName="MSTest_P2_722" computerName="NAVB3" duration="00:00:00.0001205" startTime="2017-11-29T20:12:00.5450500+05:30" endTime="2017-11-29T20:12:00.5450500+05:30" testType="13cdc9d9-ddb5-4fa4-a97d-d965ccfc6d4b" outcome="Passed" testListId="8c84fa94-04c1-424b-9868-57a2d4851a1d" relativeResultsDirectory="f5bc2092-fca9-45c6-b384-e975822a4bdc" />
    <UnitTestResult executionId="efbd4dc8-c184-4f15-a4c2-4a800bdf63cc" testId="60ae1216-f4f8-6b00-f4c4-045e3d712ab9" testName="MSTest_P2_723" computerName="NAVB3" duration="00:00:00.0001190" startTime="2017-11-29T20:12:00.5450500+05:30" endTime="2017-11-29T20:12:00.5450500+05:30" testType="13cdc9d9-ddb5-4fa4-a97d-d965ccfc6d4b" outcome="Passed" testListId="8c84fa94-04c1-424b-9868-57a2d4851a1d" relativeResultsDirectory="efbd4dc8-c184-4f15-a4c2-4a800bdf63cc" />
    <UnitTestResult executionId="a086bb86-17f7-4eb3-848f-63db164364b9" testId="19e5591a-1631-c4d0-c9a6-ceae072f9278" testName="MSTest_P2_724" computerName="NAVB3" duration="00:00:00.0001038" startTime="2017-11-29T20:12:00.5450500+05:30" endTime="2017-11-29T20:12:00.5450500+05:30" testType="13cdc9d9-ddb5-4fa4-a97d-d965ccfc6d4b" outcome="Passed" testListId="8c84fa94-04c1-424b-9868-57a2d4851a1d" relativeResultsDirectory="a086bb86-17f7-4eb3-848f-63db164364b9" />
    <UnitTestResult executionId="e079cfc3-f82d-4e26-bc3f-85744c630d43" testId="da7afe93-5f9e-e644-ee17-d8f62724b065" testName="MSTest_P2_725" computerName="NAVB3" duration="00:00:00.0001172" startTime="2017-11-29T20:12:00.5450500+05:30" endTime="2017-11-29T20:12:00.5450500+05:30" testType="13cdc9d9-ddb5-4fa4-a97d-d965ccfc6d4b" outcome="Passed" testListId="8c84fa94-04c1-424b-9868-57a2d4851a1d" relativeResultsDirectory="e079cfc3-f82d-4e26-bc3f-85744c630d43" />
    <UnitTestResult executionId="e8ca2947-24b7-4643-9249-5956be636236" testId="8266f92d-e581-75a5-bb2e-4504a7b93262" testName="MSTest_P2_726" computerName="NAVB3" duration="00:00:00.0001055" startTime="2017-11-29T20:12:00.5450500+05:30" endTime="2017-11-29T20:12:00.5450500+05:30" testType="13cdc9d9-ddb5-4fa4-a97d-d965ccfc6d4b" outcome="Passed" testListId="8c84fa94-04c1-424b-9868-57a2d4851a1d" relativeResultsDirectory="e8ca2947-24b7-4643-9249-5956be636236" />
    <UnitTestResult executionId="099cc3c4-48af-45e7-b94a-73ef83d8914c" testId="1cbf8c80-94c3-2ec1-b0e8-bab269a8bc81" testName="MSTest_P2_727" computerName="NAVB3" duration="00:00:00.0001117" startTime="2017-11-29T20:12:00.5450500+05:30" endTime="2017-11-29T20:12:00.5450500+05:30" testType="13cdc9d9-ddb5-4fa4-a97d-d965ccfc6d4b" outcome="Passed" testListId="8c84fa94-04c1-424b-9868-57a2d4851a1d" relativeResultsDirectory="099cc3c4-48af-45e7-b94a-73ef83d8914c" />
    <UnitTestResult executionId="bc6def13-05b3-49f5-acbf-055af156c485" testId="ccaa3c83-5d1b-ce5f-4059-289c1ce0cfc6" testName="MSTest_P2_728" computerName="NAVB3" duration="00:00:00.0001035" startTime="2017-11-29T20:12:00.5450500+05:30" endTime="2017-11-29T20:12:00.5450500+05:30" testType="13cdc9d9-ddb5-4fa4-a97d-d965ccfc6d4b" outcome="Passed" testListId="8c84fa94-04c1-424b-9868-57a2d4851a1d" relativeResultsDirectory="bc6def13-05b3-49f5-acbf-055af156c485" />
    <UnitTestResult executionId="fc0f4607-8a0a-4235-92fc-8135364e0069" testId="525b9b8a-dc35-c682-c75e-37fc41131ae6" testName="MSTest_P2_729" computerName="NAVB3" duration="00:00:00.0001102" startTime="2017-11-29T20:12:00.5450500+05:30" endTime="2017-11-29T20:12:00.5450500+05:30" testType="13cdc9d9-ddb5-4fa4-a97d-d965ccfc6d4b" outcome="Passed" testListId="8c84fa94-04c1-424b-9868-57a2d4851a1d" relativeResultsDirectory="fc0f4607-8a0a-4235-92fc-8135364e0069" />
    <UnitTestResult executionId="f6f8e825-99bc-4e0a-8bc7-f68c7cbf7077" testId="03080019-5681-3ce2-8630-2dd43ec7dd80" testName="MSTest_P2_730" computerName="NAVB3" duration="00:00:00.0001029" startTime="2017-11-29T20:12:00.5450500+05:30" endTime="2017-11-29T20:12:00.5450500+05:30" testType="13cdc9d9-ddb5-4fa4-a97d-d965ccfc6d4b" outcome="Passed" testListId="8c84fa94-04c1-424b-9868-57a2d4851a1d" relativeResultsDirectory="f6f8e825-99bc-4e0a-8bc7-f68c7cbf7077" />
    <UnitTestResult executionId="b95f5262-13da-4db6-9f6f-fd280b14c7e9" testId="4bac3f4f-5c26-53a7-2b63-bc2e982bfcd0" testName="MSTest_P2_731" computerName="NAVB3" duration="00:00:00.0001134" startTime="2017-11-29T20:12:00.5450500+05:30" endTime="2017-11-29T20:12:00.5450500+05:30" testType="13cdc9d9-ddb5-4fa4-a97d-d965ccfc6d4b" outcome="Passed" testListId="8c84fa94-04c1-424b-9868-57a2d4851a1d" relativeResultsDirectory="b95f5262-13da-4db6-9f6f-fd280b14c7e9" />
    <UnitTestResult executionId="1cf72b9a-23a0-433e-b2e1-d0d58deb59a3" testId="93b4d200-60a7-c4a5-e8f1-e8a503bfc2a3" testName="MSTest_P2_732" computerName="NAVB3" duration="00:00:00.0001161" startTime="2017-11-29T20:12:00.5450500+05:30" endTime="2017-11-29T20:12:00.5450500+05:30" testType="13cdc9d9-ddb5-4fa4-a97d-d965ccfc6d4b" outcome="Passed" testListId="8c84fa94-04c1-424b-9868-57a2d4851a1d" relativeResultsDirectory="1cf72b9a-23a0-433e-b2e1-d0d58deb59a3" />
    <UnitTestResult executionId="6d3744e8-2927-4ea2-8920-98ec22ca0494" testId="6c5f321c-3892-4b16-73e5-6819c0fa06e9" testName="MSTest_P2_733" computerName="NAVB3" duration="00:00:00.0001205" startTime="2017-11-29T20:12:00.5450500+05:30" endTime="2017-11-29T20:12:00.5450500+05:30" testType="13cdc9d9-ddb5-4fa4-a97d-d965ccfc6d4b" outcome="Passed" testListId="8c84fa94-04c1-424b-9868-57a2d4851a1d" relativeResultsDirectory="6d3744e8-2927-4ea2-8920-98ec22ca0494" />
    <UnitTestResult executionId="f220fb27-9b03-4fbf-90bf-3d31face0246" testId="7eb1da94-1ce2-6d2d-984a-cd4d2f71d0f2" testName="MSTest_P2_734" computerName="NAVB3" duration="00:00:00.0001108" startTime="2017-11-29T20:12:00.5450500+05:30" endTime="2017-11-29T20:12:00.5450500+05:30" testType="13cdc9d9-ddb5-4fa4-a97d-d965ccfc6d4b" outcome="Passed" testListId="8c84fa94-04c1-424b-9868-57a2d4851a1d" relativeResultsDirectory="f220fb27-9b03-4fbf-90bf-3d31face0246" />
    <UnitTestResult executionId="2ddf9fd8-e7bc-47eb-ba2a-73531454a1ad" testId="dafb9c59-4deb-eceb-485d-d78754e3bb3d" testName="MSTest_P2_735" computerName="NAVB3" duration="00:00:00.0001131" startTime="2017-11-29T20:12:00.5450500+05:30" endTime="2017-11-29T20:12:00.5450500+05:30" testType="13cdc9d9-ddb5-4fa4-a97d-d965ccfc6d4b" outcome="Passed" testListId="8c84fa94-04c1-424b-9868-57a2d4851a1d" relativeResultsDirectory="2ddf9fd8-e7bc-47eb-ba2a-73531454a1ad" />
    <UnitTestResult executionId="0b7b927e-0a8f-4e5a-9fe2-18505b87ac40" testId="ae1b0e5a-9751-6ec2-a50c-37544beb22df" testName="MSTest_P2_736" computerName="NAVB3" duration="00:00:00.0001093" startTime="2017-11-29T20:12:00.5450500+05:30" endTime="2017-11-29T20:12:00.5450500+05:30" testType="13cdc9d9-ddb5-4fa4-a97d-d965ccfc6d4b" outcome="Passed" testListId="8c84fa94-04c1-424b-9868-57a2d4851a1d" relativeResultsDirectory="0b7b927e-0a8f-4e5a-9fe2-18505b87ac40" />
    <UnitTestResult executionId="0cb2aeb7-27ba-4766-8fd5-03a317f6e33b" testId="46201051-8998-885f-f96c-6e7e1db6ebbf" testName="MSTest_P2_737" computerName="NAVB3" duration="00:00:00.0000868" startTime="2017-11-29T20:12:00.5450500+05:30" endTime="2017-11-29T20:12:00.5450500+05:30" testType="13cdc9d9-ddb5-4fa4-a97d-d965ccfc6d4b" outcome="Passed" testListId="8c84fa94-04c1-424b-9868-57a2d4851a1d" relativeResultsDirectory="0cb2aeb7-27ba-4766-8fd5-03a317f6e33b" />
    <UnitTestResult executionId="a78b3d2d-a27a-47a5-9dab-47d02ac9e96f" testId="95479c3f-3365-f81a-28bd-bfc5cc121e21" testName="MSTest_P2_738" computerName="NAVB3" duration="00:00:00.0000821" startTime="2017-11-29T20:12:00.5450500+05:30" endTime="2017-11-29T20:12:00.5450500+05:30" testType="13cdc9d9-ddb5-4fa4-a97d-d965ccfc6d4b" outcome="Passed" testListId="8c84fa94-04c1-424b-9868-57a2d4851a1d" relativeResultsDirectory="a78b3d2d-a27a-47a5-9dab-47d02ac9e96f" />
    <UnitTestResult executionId="05532a39-a87d-4577-a6d8-3477206ebb6f" testId="9107236d-d734-f374-4ead-dfd7b705c5ba" testName="MSTest_P2_739" computerName="NAVB3" duration="00:00:00.0000818" startTime="2017-11-29T20:12:00.5450500+05:30" endTime="2017-11-29T20:12:00.5450500+05:30" testType="13cdc9d9-ddb5-4fa4-a97d-d965ccfc6d4b" outcome="Passed" testListId="8c84fa94-04c1-424b-9868-57a2d4851a1d" relativeResultsDirectory="05532a39-a87d-4577-a6d8-3477206ebb6f" />
    <UnitTestResult executionId="ccb55a79-6f2f-4157-99dd-30a091bb1c1f" testId="95f8e000-3ba5-e2a7-1692-54b2972a33db" testName="MSTest_P2_740" computerName="NAVB3" duration="00:00:00.0000826" startTime="2017-11-29T20:12:00.5450500+05:30" endTime="2017-11-29T20:12:00.5450500+05:30" testType="13cdc9d9-ddb5-4fa4-a97d-d965ccfc6d4b" outcome="Passed" testListId="8c84fa94-04c1-424b-9868-57a2d4851a1d" relativeResultsDirectory="ccb55a79-6f2f-4157-99dd-30a091bb1c1f" />
    <UnitTestResult executionId="b510c634-f874-45e3-903d-a08551fb20c8" testId="e871f69c-166e-d899-2060-09cc2f7bdee0" testName="MSTest_P2_741" computerName="NAVB3" duration="00:00:00.0000818" startTime="2017-11-29T20:12:00.5450500+05:30" endTime="2017-11-29T20:12:00.5450500+05:30" testType="13cdc9d9-ddb5-4fa4-a97d-d965ccfc6d4b" outcome="Passed" testListId="8c84fa94-04c1-424b-9868-57a2d4851a1d" relativeResultsDirectory="b510c634-f874-45e3-903d-a08551fb20c8" />
    <UnitTestResult executionId="8e569d7b-2ffe-4e79-a7d8-a37219c0bc6b" testId="579cefdc-1285-49a6-5465-b30a2f09f831" testName="MSTest_P2_742" computerName="NAVB3" duration="00:00:00.0000826" startTime="2017-11-29T20:12:00.5450500+05:30" endTime="2017-11-29T20:12:00.5450500+05:30" testType="13cdc9d9-ddb5-4fa4-a97d-d965ccfc6d4b" outcome="Passed" testListId="8c84fa94-04c1-424b-9868-57a2d4851a1d" relativeResultsDirectory="8e569d7b-2ffe-4e79-a7d8-a37219c0bc6b" />
    <UnitTestResult executionId="560a0086-b351-41bc-ae5e-2ca49afc267c" testId="7b5fe27a-185c-b6c0-b856-dac5483bd5d8" testName="MSTest_P2_743" computerName="NAVB3" duration="00:00:00.0000809" startTime="2017-11-29T20:12:00.5450500+05:30" endTime="2017-11-29T20:12:00.5450500+05:30" testType="13cdc9d9-ddb5-4fa4-a97d-d965ccfc6d4b" outcome="Passed" testListId="8c84fa94-04c1-424b-9868-57a2d4851a1d" relativeResultsDirectory="560a0086-b351-41bc-ae5e-2ca49afc267c" />
    <UnitTestResult executionId="d2cc6f36-4394-47d0-9e9c-416f4d641ef7" testId="a8a1177c-65d4-f665-d2f6-84b5f84d7826" testName="MSTest_P2_744" computerName="NAVB3" duration="00:00:00.0000791" startTime="2017-11-29T20:12:00.5450500+05:30" endTime="2017-11-29T20:12:00.5450500+05:30" testType="13cdc9d9-ddb5-4fa4-a97d-d965ccfc6d4b" outcome="Passed" testListId="8c84fa94-04c1-424b-9868-57a2d4851a1d" relativeResultsDirectory="d2cc6f36-4394-47d0-9e9c-416f4d641ef7" />
    <UnitTestResult executionId="e9cbf64e-e0c9-4bc3-b1c8-96653a9bf265" testId="7d6376a8-19a6-b812-8c3c-f3e9a6e14d5a" testName="MSTest_P2_745" computerName="NAVB3" duration="00:00:00.0000788" startTime="2017-11-29T20:12:00.5450500+05:30" endTime="2017-11-29T20:12:00.5450500+05:30" testType="13cdc9d9-ddb5-4fa4-a97d-d965ccfc6d4b" outcome="Passed" testListId="8c84fa94-04c1-424b-9868-57a2d4851a1d" relativeResultsDirectory="e9cbf64e-e0c9-4bc3-b1c8-96653a9bf265" />
    <UnitTestResult executionId="5b36e554-2637-4ef6-9115-c82ce66ff01d" testId="5a579627-9ef0-b996-872a-63ac1117a53a" testName="MSTest_P2_746" computerName="NAVB3" duration="00:00:00.0000794" startTime="2017-11-29T20:12:00.5450500+05:30" endTime="2017-11-29T20:12:00.5450500+05:30" testType="13cdc9d9-ddb5-4fa4-a97d-d965ccfc6d4b" outcome="Passed" testListId="8c84fa94-04c1-424b-9868-57a2d4851a1d" relativeResultsDirectory="5b36e554-2637-4ef6-9115-c82ce66ff01d" />
    <UnitTestResult executionId="878fad1a-aed7-428e-96b0-897c7db7ec64" testId="0ec68ff8-bcd6-2c1f-5582-11822f574a1b" testName="MSTest_P2_747" computerName="NAVB3" duration="00:00:00.0000791" startTime="2017-11-29T20:12:00.5450500+05:30" endTime="2017-11-29T20:12:00.5450500+05:30" testType="13cdc9d9-ddb5-4fa4-a97d-d965ccfc6d4b" outcome="Passed" testListId="8c84fa94-04c1-424b-9868-57a2d4851a1d" relativeResultsDirectory="878fad1a-aed7-428e-96b0-897c7db7ec64" />
    <UnitTestResult executionId="8d239641-44df-451b-bf79-13664d07f8c3" testId="66042806-c8a6-bd56-a38a-6786eac991dd" testName="MSTest_P2_748" computerName="NAVB3" duration="00:00:00.0000856" startTime="2017-11-29T20:12:00.5450500+05:30" endTime="2017-11-29T20:12:00.5450500+05:30" testType="13cdc9d9-ddb5-4fa4-a97d-d965ccfc6d4b" outcome="Passed" testListId="8c84fa94-04c1-424b-9868-57a2d4851a1d" relativeResultsDirectory="8d239641-44df-451b-bf79-13664d07f8c3" />
    <UnitTestResult executionId="a1677bf7-9eb0-48cf-9007-06e9fcbd2b7b" testId="6c3abf86-27c2-e58e-93b6-ed71048c4a53" testName="MSTest_P2_749" computerName="NAVB3" duration="00:00:00.0000794" startTime="2017-11-29T20:12:00.5450500+05:30" endTime="2017-11-29T20:12:00.5450500+05:30" testType="13cdc9d9-ddb5-4fa4-a97d-d965ccfc6d4b" outcome="Passed" testListId="8c84fa94-04c1-424b-9868-57a2d4851a1d" relativeResultsDirectory="a1677bf7-9eb0-48cf-9007-06e9fcbd2b7b" />
    <UnitTestResult executionId="c62068cb-5ad8-406a-b056-18265f26f21a" testId="eae726ea-ad96-e1f1-c7ca-d531b520535a" testName="MSTest_P2_750" computerName="NAVB3" duration="00:00:00.0000788" startTime="2017-11-29T20:12:00.5450500+05:30" endTime="2017-11-29T20:12:00.5450500+05:30" testType="13cdc9d9-ddb5-4fa4-a97d-d965ccfc6d4b" outcome="Passed" testListId="8c84fa94-04c1-424b-9868-57a2d4851a1d" relativeResultsDirectory="c62068cb-5ad8-406a-b056-18265f26f21a" />
    <UnitTestResult executionId="e0cab1de-ad16-466f-ace1-3af9dbf8a0fa" testId="6489cf79-7398-4703-1fb8-90649bb5e08a" testName="MSTest_P2_751" computerName="NAVB3" duration="00:00:00.0000794" startTime="2017-11-29T20:12:00.5450500+05:30" endTime="2017-11-29T20:12:00.5450500+05:30" testType="13cdc9d9-ddb5-4fa4-a97d-d965ccfc6d4b" outcome="Passed" testListId="8c84fa94-04c1-424b-9868-57a2d4851a1d" relativeResultsDirectory="e0cab1de-ad16-466f-ace1-3af9dbf8a0fa" />
    <UnitTestResult executionId="7f23926d-d9d4-4d71-945b-cb502aa79e0e" testId="fb86bbe9-b22e-d56e-a772-aac14a596077" testName="MSTest_P2_752" computerName="NAVB3" duration="00:00:00.0000762" startTime="2017-11-29T20:12:00.5450500+05:30" endTime="2017-11-29T20:12:00.5450500+05:30" testType="13cdc9d9-ddb5-4fa4-a97d-d965ccfc6d4b" outcome="Passed" testListId="8c84fa94-04c1-424b-9868-57a2d4851a1d" relativeResultsDirectory="7f23926d-d9d4-4d71-945b-cb502aa79e0e" />
    <UnitTestResult executionId="257f234b-268c-4dba-ab6a-f92a125d61e0" testId="42a10cab-52d6-2423-2dbb-2f996d386821" testName="MSTest_P2_753" computerName="NAVB3" duration="00:00:00.0000747" startTime="2017-11-29T20:12:00.5450500+05:30" endTime="2017-11-29T20:12:00.5450500+05:30" testType="13cdc9d9-ddb5-4fa4-a97d-d965ccfc6d4b" outcome="Passed" testListId="8c84fa94-04c1-424b-9868-57a2d4851a1d" relativeResultsDirectory="257f234b-268c-4dba-ab6a-f92a125d61e0" />
    <UnitTestResult executionId="acde8e70-c05d-4908-927b-76d524d07d53" testId="6105d136-097e-2af1-996a-858985393c60" testName="MSTest_P2_754" computerName="NAVB3" duration="00:00:00.0000785" startTime="2017-11-29T20:12:00.5450500+05:30" endTime="2017-11-29T20:12:00.5450500+05:30" testType="13cdc9d9-ddb5-4fa4-a97d-d965ccfc6d4b" outcome="Passed" testListId="8c84fa94-04c1-424b-9868-57a2d4851a1d" relativeResultsDirectory="acde8e70-c05d-4908-927b-76d524d07d53" />
    <UnitTestResult executionId="afdd7720-a90e-4059-bd95-21eeedfd45f7" testId="2f10f867-42dc-5abf-9137-8ff312c22506" testName="MSTest_P2_755" computerName="NAVB3" duration="00:00:00.0000782" startTime="2017-11-29T20:12:00.5450500+05:30" endTime="2017-11-29T20:12:00.5450500+05:30" testType="13cdc9d9-ddb5-4fa4-a97d-d965ccfc6d4b" outcome="Passed" testListId="8c84fa94-04c1-424b-9868-57a2d4851a1d" relativeResultsDirectory="afdd7720-a90e-4059-bd95-21eeedfd45f7" />
    <UnitTestResult executionId="6c14a8b2-0441-4af9-8ec6-fdb838453677" testId="d4f57a1a-368c-f019-fb17-a0e7731624b1" testName="MSTest_P2_756" computerName="NAVB3" duration="00:00:00.0000780" startTime="2017-11-29T20:12:00.5450500+05:30" endTime="2017-11-29T20:12:00.5450500+05:30" testType="13cdc9d9-ddb5-4fa4-a97d-d965ccfc6d4b" outcome="Passed" testListId="8c84fa94-04c1-424b-9868-57a2d4851a1d" relativeResultsDirectory="6c14a8b2-0441-4af9-8ec6-fdb838453677" />
    <UnitTestResult executionId="fbf99f41-db32-4966-bbcf-c27fdf522fba" testId="9092dab4-904e-9739-f876-0b245e77c9c7" testName="MSTest_P2_757" computerName="NAVB3" duration="00:00:00.0000703" startTime="2017-11-29T20:12:00.5450500+05:30" endTime="2017-11-29T20:12:00.5450500+05:30" testType="13cdc9d9-ddb5-4fa4-a97d-d965ccfc6d4b" outcome="Passed" testListId="8c84fa94-04c1-424b-9868-57a2d4851a1d" relativeResultsDirectory="fbf99f41-db32-4966-bbcf-c27fdf522fba" />
    <UnitTestResult executionId="381ede1a-6780-4aae-94e7-7e76b2ff381a" testId="02fd2bfc-16a5-c887-4e9e-ab959744df30" testName="MSTest_P2_758" computerName="NAVB3" duration="00:00:00.0000715" startTime="2017-11-29T20:12:00.5450500+05:30" endTime="2017-11-29T20:12:00.5450500+05:30" testType="13cdc9d9-ddb5-4fa4-a97d-d965ccfc6d4b" outcome="Passed" testListId="8c84fa94-04c1-424b-9868-57a2d4851a1d" relativeResultsDirectory="381ede1a-6780-4aae-94e7-7e76b2ff381a" />
    <UnitTestResult executionId="cf6ac7fd-5128-4790-9824-a702a8d93ba5" testId="883d8df5-a937-843c-875c-56710586893b" testName="MSTest_P2_759" computerName="NAVB3" duration="00:00:00.0000724" startTime="2017-11-29T20:12:00.5450500+05:30" endTime="2017-11-29T20:12:00.5450500+05:30" testType="13cdc9d9-ddb5-4fa4-a97d-d965ccfc6d4b" outcome="Passed" testListId="8c84fa94-04c1-424b-9868-57a2d4851a1d" relativeResultsDirectory="cf6ac7fd-5128-4790-9824-a702a8d93ba5" />
    <UnitTestResult executionId="b0b6201f-9ded-46fb-a81c-f92188972a1d" testId="ad15feb4-f8fd-7a5b-4855-197bcbe1921d" testName="MSTest_P2_760" computerName="NAVB3" duration="00:00:00.0000727" startTime="2017-11-29T20:12:00.5450500+05:30" endTime="2017-11-29T20:12:00.5450500+05:30" testType="13cdc9d9-ddb5-4fa4-a97d-d965ccfc6d4b" outcome="Passed" testListId="8c84fa94-04c1-424b-9868-57a2d4851a1d" relativeResultsDirectory="b0b6201f-9ded-46fb-a81c-f92188972a1d" />
    <UnitTestResult executionId="533c6325-ba92-4037-b1cc-41b922bc20f9" testId="c73bedc8-3b2e-54e6-a4da-2f94dce108d2" testName="MSTest_P2_761" computerName="NAVB3" duration="00:00:00.0000724" startTime="2017-11-29T20:12:00.5450500+05:30" endTime="2017-11-29T20:12:00.5450500+05:30" testType="13cdc9d9-ddb5-4fa4-a97d-d965ccfc6d4b" outcome="Passed" testListId="8c84fa94-04c1-424b-9868-57a2d4851a1d" relativeResultsDirectory="533c6325-ba92-4037-b1cc-41b922bc20f9" />
    <UnitTestResult executionId="fc333af8-1aed-49c1-a3ea-99749ff7f60b" testId="4dcfd13e-e80d-3ae2-2685-11e971133d7e" testName="MSTest_P2_762" computerName="NAVB3" duration="00:00:00.0000733" startTime="2017-11-29T20:12:00.5450500+05:30" endTime="2017-11-29T20:12:00.5450500+05:30" testType="13cdc9d9-ddb5-4fa4-a97d-d965ccfc6d4b" outcome="Passed" testListId="8c84fa94-04c1-424b-9868-57a2d4851a1d" relativeResultsDirectory="fc333af8-1aed-49c1-a3ea-99749ff7f60b" />
    <UnitTestResult executionId="f369aa18-317a-4716-a680-87cd027a7646" testId="639496c7-388a-a84a-e23f-567d9798eca7" testName="MSTest_P2_763" computerName="NAVB3" duration="00:00:00.0000727" startTime="2017-11-29T20:12:00.5450500+05:30" endTime="2017-11-29T20:12:00.5450500+05:30" testType="13cdc9d9-ddb5-4fa4-a97d-d965ccfc6d4b" outcome="Passed" testListId="8c84fa94-04c1-424b-9868-57a2d4851a1d" relativeResultsDirectory="f369aa18-317a-4716-a680-87cd027a7646" />
    <UnitTestResult executionId="e3c701b4-2eaa-4c1c-ae67-0b682224501d" testId="297bf8b1-3a76-8c37-94a7-3d459e5d6d22" testName="MSTest_P2_764" computerName="NAVB3" duration="00:00:00.0000727" startTime="2017-11-29T20:12:00.5450500+05:30" endTime="2017-11-29T20:12:00.5450500+05:30" testType="13cdc9d9-ddb5-4fa4-a97d-d965ccfc6d4b" outcome="Passed" testListId="8c84fa94-04c1-424b-9868-57a2d4851a1d" relativeResultsDirectory="e3c701b4-2eaa-4c1c-ae67-0b682224501d" />
    <UnitTestResult executionId="0d32a826-d60a-4ef6-bbf7-a76db24aaf87" testId="fcda3bf5-d946-ffb2-7dec-1a9a6c8e3bbd" testName="MSTest_P2_765" computerName="NAVB3" duration="00:00:00.0000756" startTime="2017-11-29T20:12:00.5450500+05:30" endTime="2017-11-29T20:12:00.5606689+05:30" testType="13cdc9d9-ddb5-4fa4-a97d-d965ccfc6d4b" outcome="Passed" testListId="8c84fa94-04c1-424b-9868-57a2d4851a1d" relativeResultsDirectory="0d32a826-d60a-4ef6-bbf7-a76db24aaf87" />
    <UnitTestResult executionId="7e7c6c41-fb20-48b3-bda1-7398dda8e119" testId="69e2a4d3-1b28-a643-4107-b791dbef4d7f" testName="MSTest_P2_596" computerName="NAVB3" duration="00:00:00.0000862" startTime="2017-11-29T20:12:00.5606689+05:30" endTime="2017-11-29T20:12:00.5606689+05:30" testType="13cdc9d9-ddb5-4fa4-a97d-d965ccfc6d4b" outcome="Passed" testListId="8c84fa94-04c1-424b-9868-57a2d4851a1d" relativeResultsDirectory="7e7c6c41-fb20-48b3-bda1-7398dda8e119" />
    <UnitTestResult executionId="5cd7c037-708d-4335-b47d-ef013661fdee" testId="f32b48a1-9dba-8cf3-587d-95d6253b660e" testName="MSTest_P2_597" computerName="NAVB3" duration="00:00:00.0000856" startTime="2017-11-29T20:12:00.5606689+05:30" endTime="2017-11-29T20:12:00.5606689+05:30" testType="13cdc9d9-ddb5-4fa4-a97d-d965ccfc6d4b" outcome="Passed" testListId="8c84fa94-04c1-424b-9868-57a2d4851a1d" relativeResultsDirectory="5cd7c037-708d-4335-b47d-ef013661fdee" />
    <UnitTestResult executionId="3f181230-e419-4e04-af8a-c96ca7487d96" testId="76becc9e-1e4c-85c9-a191-07e6217ba6f5" testName="MSTest_P2_598" computerName="NAVB3" duration="00:00:00.0000818" startTime="2017-11-29T20:12:00.5606689+05:30" endTime="2017-11-29T20:12:00.5606689+05:30" testType="13cdc9d9-ddb5-4fa4-a97d-d965ccfc6d4b" outcome="Passed" testListId="8c84fa94-04c1-424b-9868-57a2d4851a1d" relativeResultsDirectory="3f181230-e419-4e04-af8a-c96ca7487d96" />
    <UnitTestResult executionId="80c71e4a-3c60-4e70-8bd0-42450591cebf" testId="601fdee9-f223-768f-8645-d728cc96933e" testName="MSTest_P2_599" computerName="NAVB3" duration="00:00:00.0000829" startTime="2017-11-29T20:12:00.5606689+05:30" endTime="2017-11-29T20:12:00.5606689+05:30" testType="13cdc9d9-ddb5-4fa4-a97d-d965ccfc6d4b" outcome="Passed" testListId="8c84fa94-04c1-424b-9868-57a2d4851a1d" relativeResultsDirectory="80c71e4a-3c60-4e70-8bd0-42450591cebf" />
    <UnitTestResult executionId="7f60b191-5116-4c09-86a3-152ffbbc5e45" testId="7bc0bbeb-61dd-1dbf-6a3f-a983237cd5ef" testName="MSTest_P2_600" computerName="NAVB3" duration="00:00:00.0000841" startTime="2017-11-29T20:12:00.5606689+05:30" endTime="2017-11-29T20:12:00.5606689+05:30" testType="13cdc9d9-ddb5-4fa4-a97d-d965ccfc6d4b" outcome="Passed" testListId="8c84fa94-04c1-424b-9868-57a2d4851a1d" relativeResultsDirectory="7f60b191-5116-4c09-86a3-152ffbbc5e45" />
    <UnitTestResult executionId="214f5022-3742-4460-9bb6-a732001ce281" testId="391cd4ba-c48b-0b4e-8a3e-53e402099f58" testName="MSTest_P2_601" computerName="NAVB3" duration="00:00:00.0000838" startTime="2017-11-29T20:12:00.5606689+05:30" endTime="2017-11-29T20:12:00.5606689+05:30" testType="13cdc9d9-ddb5-4fa4-a97d-d965ccfc6d4b" outcome="Passed" testListId="8c84fa94-04c1-424b-9868-57a2d4851a1d" relativeResultsDirectory="214f5022-3742-4460-9bb6-a732001ce281" />
    <UnitTestResult executionId="e273b0f9-f959-4b30-a889-f071af946d86" testId="18e51b80-8f0a-97fd-f36b-65341c3d019b" testName="MSTest_P2_602" computerName="NAVB3" duration="00:00:00.0000797" startTime="2017-11-29T20:12:00.5606689+05:30" endTime="2017-11-29T20:12:00.5606689+05:30" testType="13cdc9d9-ddb5-4fa4-a97d-d965ccfc6d4b" outcome="Passed" testListId="8c84fa94-04c1-424b-9868-57a2d4851a1d" relativeResultsDirectory="e273b0f9-f959-4b30-a889-f071af946d86" />
    <UnitTestResult executionId="de744de2-b3ea-485a-8749-9be5ad50d98c" testId="a421e850-c287-4788-1489-affb91c8724e" testName="MSTest_P2_603" computerName="NAVB3" duration="00:00:00.0000794" startTime="2017-11-29T20:12:00.5606689+05:30" endTime="2017-11-29T20:12:00.5606689+05:30" testType="13cdc9d9-ddb5-4fa4-a97d-d965ccfc6d4b" outcome="Passed" testListId="8c84fa94-04c1-424b-9868-57a2d4851a1d" relativeResultsDirectory="de744de2-b3ea-485a-8749-9be5ad50d98c" />
    <UnitTestResult executionId="551531a5-18ba-4015-937b-b18bf67d641a" testId="d75321e8-0e5a-80fb-c42d-dd5e0a0950e9" testName="MSTest_P2_604" computerName="NAVB3" duration="00:00:00.0000800" startTime="2017-11-29T20:12:00.5606689+05:30" endTime="2017-11-29T20:12:00.5606689+05:30" testType="13cdc9d9-ddb5-4fa4-a97d-d965ccfc6d4b" outcome="Passed" testListId="8c84fa94-04c1-424b-9868-57a2d4851a1d" relativeResultsDirectory="551531a5-18ba-4015-937b-b18bf67d641a" />
    <UnitTestResult executionId="c244917b-ed4f-45aa-b41e-aa3c13503e69" testId="034b013a-a81a-ad66-663b-4a11db95f39e" testName="MSTest_P2_605" computerName="NAVB3" duration="00:00:00.0000771" startTime="2017-11-29T20:12:00.5606689+05:30" endTime="2017-11-29T20:12:00.5606689+05:30" testType="13cdc9d9-ddb5-4fa4-a97d-d965ccfc6d4b" outcome="Passed" testListId="8c84fa94-04c1-424b-9868-57a2d4851a1d" relativeResultsDirectory="c244917b-ed4f-45aa-b41e-aa3c13503e69" />
    <UnitTestResult executionId="ccb0c267-3913-4080-a0f3-178fbe38d38b" testId="4b79d86c-13be-8c44-a83b-e4778b52ca96" testName="MSTest_P2_606" computerName="NAVB3" duration="00:00:00.0000797" startTime="2017-11-29T20:12:00.5606689+05:30" endTime="2017-11-29T20:12:00.5606689+05:30" testType="13cdc9d9-ddb5-4fa4-a97d-d965ccfc6d4b" outcome="Passed" testListId="8c84fa94-04c1-424b-9868-57a2d4851a1d" relativeResultsDirectory="ccb0c267-3913-4080-a0f3-178fbe38d38b" />
    <UnitTestResult executionId="98e89fbd-43ad-4934-9ba6-50f115398f29" testId="ab8b2bdc-fcdf-a227-9aa9-2de69a4f993d" testName="MSTest_P2_607" computerName="NAVB3" duration="00:00:00.0000824" startTime="2017-11-29T20:12:00.5606689+05:30" endTime="2017-11-29T20:12:00.5606689+05:30" testType="13cdc9d9-ddb5-4fa4-a97d-d965ccfc6d4b" outcome="Passed" testListId="8c84fa94-04c1-424b-9868-57a2d4851a1d" relativeResultsDirectory="98e89fbd-43ad-4934-9ba6-50f115398f29" />
    <UnitTestResult executionId="a39f1815-f58e-4748-9a21-e0b1516e2b19" testId="068d3dbd-f792-4a74-80fd-4b276c449dbd" testName="MSTest_P2_608" computerName="NAVB3" duration="00:00:00.0000733" startTime="2017-11-29T20:12:00.5606689+05:30" endTime="2017-11-29T20:12:00.5606689+05:30" testType="13cdc9d9-ddb5-4fa4-a97d-d965ccfc6d4b" outcome="Passed" testListId="8c84fa94-04c1-424b-9868-57a2d4851a1d" relativeResultsDirectory="a39f1815-f58e-4748-9a21-e0b1516e2b19" />
    <UnitTestResult executionId="76edc23b-5407-4227-b1e2-8ccb1afa484d" testId="a522e917-770e-f5b4-c711-d74ff56893b7" testName="MSTest_P2_609" computerName="NAVB3" duration="00:00:00.0000727" startTime="2017-11-29T20:12:00.5606689+05:30" endTime="2017-11-29T20:12:00.5606689+05:30" testType="13cdc9d9-ddb5-4fa4-a97d-d965ccfc6d4b" outcome="Passed" testListId="8c84fa94-04c1-424b-9868-57a2d4851a1d" relativeResultsDirectory="76edc23b-5407-4227-b1e2-8ccb1afa484d" />
    <UnitTestResult executionId="c5c7540b-e5c7-433f-942b-b59c775be8a3" testId="f8f7b224-085f-34b4-7c2b-3e82bf61f9e6" testName="MSTest_P2_610" computerName="NAVB3" duration="00:00:00.0000733" startTime="2017-11-29T20:12:00.5606689+05:30" endTime="2017-11-29T20:12:00.5606689+05:30" testType="13cdc9d9-ddb5-4fa4-a97d-d965ccfc6d4b" outcome="Passed" testListId="8c84fa94-04c1-424b-9868-57a2d4851a1d" relativeResultsDirectory="c5c7540b-e5c7-433f-942b-b59c775be8a3" />
    <UnitTestResult executionId="3992605e-d4b3-4db9-b18b-4d8274ca31ba" testId="8473d434-297b-838f-63b6-6e231f7ca144" testName="MSTest_P2_611" computerName="NAVB3" duration="00:00:00.0000736" startTime="2017-11-29T20:12:00.5606689+05:30" endTime="2017-11-29T20:12:00.5606689+05:30" testType="13cdc9d9-ddb5-4fa4-a97d-d965ccfc6d4b" outcome="Passed" testListId="8c84fa94-04c1-424b-9868-57a2d4851a1d" relativeResultsDirectory="3992605e-d4b3-4db9-b18b-4d8274ca31ba" />
    <UnitTestResult executionId="26e2dd5b-9d49-41ce-b015-45fa8cdee64b" testId="abe00e23-df5b-5f75-6989-af961829c440" testName="MSTest_P2_612" computerName="NAVB3" duration="00:00:00.0000724" startTime="2017-11-29T20:12:00.5606689+05:30" endTime="2017-11-29T20:12:00.5606689+05:30" testType="13cdc9d9-ddb5-4fa4-a97d-d965ccfc6d4b" outcome="Passed" testListId="8c84fa94-04c1-424b-9868-57a2d4851a1d" relativeResultsDirectory="26e2dd5b-9d49-41ce-b015-45fa8cdee64b" />
    <UnitTestResult executionId="7b6fedcc-3e3e-4530-a3af-241db64052ea" testId="e57a6700-807c-7140-e9f8-1569c0bdd6f3" testName="MSTest_P2_613" computerName="NAVB3" duration="00:00:00.0000724" startTime="2017-11-29T20:12:00.5606689+05:30" endTime="2017-11-29T20:12:00.5606689+05:30" testType="13cdc9d9-ddb5-4fa4-a97d-d965ccfc6d4b" outcome="Passed" testListId="8c84fa94-04c1-424b-9868-57a2d4851a1d" relativeResultsDirectory="7b6fedcc-3e3e-4530-a3af-241db64052ea" />
    <UnitTestResult executionId="be11c2c4-bc31-4f3a-bff4-b17ed4b3ba39" testId="709f3ad7-4e19-8615-d7df-07ba30361371" testName="MSTest_P2_614" computerName="NAVB3" duration="00:00:00.0000727" startTime="2017-11-29T20:12:00.5606689+05:30" endTime="2017-11-29T20:12:00.5606689+05:30" testType="13cdc9d9-ddb5-4fa4-a97d-d965ccfc6d4b" outcome="Passed" testListId="8c84fa94-04c1-424b-9868-57a2d4851a1d" relativeResultsDirectory="be11c2c4-bc31-4f3a-bff4-b17ed4b3ba39" />
    <UnitTestResult executionId="5ff3462f-978a-4416-88e2-74b8da530365" testId="815df831-608b-a7d8-9c28-fa416168dea4" testName="MSTest_P2_615" computerName="NAVB3" duration="00:00:00.0000736" startTime="2017-11-29T20:12:00.5606689+05:30" endTime="2017-11-29T20:12:00.5606689+05:30" testType="13cdc9d9-ddb5-4fa4-a97d-d965ccfc6d4b" outcome="Passed" testListId="8c84fa94-04c1-424b-9868-57a2d4851a1d" relativeResultsDirectory="5ff3462f-978a-4416-88e2-74b8da530365" />
    <UnitTestResult executionId="3ce6f1e1-ec84-444a-9260-44abec9f2718" testId="e23a3200-450c-a180-bf2d-b14626d87370" testName="MSTest_P2_616" computerName="NAVB3" duration="00:00:00.0000727" startTime="2017-11-29T20:12:00.5606689+05:30" endTime="2017-11-29T20:12:00.5606689+05:30" testType="13cdc9d9-ddb5-4fa4-a97d-d965ccfc6d4b" outcome="Passed" testListId="8c84fa94-04c1-424b-9868-57a2d4851a1d" relativeResultsDirectory="3ce6f1e1-ec84-444a-9260-44abec9f2718" />
    <UnitTestResult executionId="c3762221-0670-4594-8e5e-dc9253202472" testId="efcaab1a-d58c-01f3-aaa5-0796b92e35c8" testName="MSTest_P2_617" computerName="NAVB3" duration="00:00:00.0000741" startTime="2017-11-29T20:12:00.5606689+05:30" endTime="2017-11-29T20:12:00.5606689+05:30" testType="13cdc9d9-ddb5-4fa4-a97d-d965ccfc6d4b" outcome="Passed" testListId="8c84fa94-04c1-424b-9868-57a2d4851a1d" relativeResultsDirectory="c3762221-0670-4594-8e5e-dc9253202472" />
    <UnitTestResult executionId="a73c89a6-af75-464f-abc8-e4d803d6a376" testId="0fdedd46-6834-8598-ebf3-651f4b30d69a" testName="MSTest_P2_618" computerName="NAVB3" duration="00:00:00.0000750" startTime="2017-11-29T20:12:00.5606689+05:30" endTime="2017-11-29T20:12:00.5606689+05:30" testType="13cdc9d9-ddb5-4fa4-a97d-d965ccfc6d4b" outcome="Passed" testListId="8c84fa94-04c1-424b-9868-57a2d4851a1d" relativeResultsDirectory="a73c89a6-af75-464f-abc8-e4d803d6a376" />
    <UnitTestResult executionId="6781e556-f361-49b1-b1db-88af13ae655f" testId="1b93e0bb-33ed-dd7a-4968-e35c3504d6a8" testName="MSTest_P2_619" computerName="NAVB3" duration="00:00:00.0000736" startTime="2017-11-29T20:12:00.5606689+05:30" endTime="2017-11-29T20:12:00.5606689+05:30" testType="13cdc9d9-ddb5-4fa4-a97d-d965ccfc6d4b" outcome="Passed" testListId="8c84fa94-04c1-424b-9868-57a2d4851a1d" relativeResultsDirectory="6781e556-f361-49b1-b1db-88af13ae655f" />
    <UnitTestResult executionId="d6ac00cd-7c2b-45e7-82dd-00627e0c614a" testId="93f295d6-8e86-df7b-fa00-b500211f45da" testName="MSTest_P2_620" computerName="NAVB3" duration="00:00:00.0000733" startTime="2017-11-29T20:12:00.5606689+05:30" endTime="2017-11-29T20:12:00.5606689+05:30" testType="13cdc9d9-ddb5-4fa4-a97d-d965ccfc6d4b" outcome="Passed" testListId="8c84fa94-04c1-424b-9868-57a2d4851a1d" relativeResultsDirectory="d6ac00cd-7c2b-45e7-82dd-00627e0c614a" />
    <UnitTestResult executionId="6b54db2b-c89d-4185-8b79-7a38a4a11cc0" testId="b6384f39-b3d4-de2f-a83f-b06426b33ab0" testName="MSTest_P2_621" computerName="NAVB3" duration="00:00:00.0000744" startTime="2017-11-29T20:12:00.5606689+05:30" endTime="2017-11-29T20:12:00.5606689+05:30" testType="13cdc9d9-ddb5-4fa4-a97d-d965ccfc6d4b" outcome="Passed" testListId="8c84fa94-04c1-424b-9868-57a2d4851a1d" relativeResultsDirectory="6b54db2b-c89d-4185-8b79-7a38a4a11cc0" />
    <UnitTestResult executionId="06ed7afd-b3c2-481a-a670-e3ee4985a191" testId="71e647b9-b3e6-2b31-24b9-2273003b38e4" testName="MSTest_P2_622" computerName="NAVB3" duration="00:00:00.0000733" startTime="2017-11-29T20:12:00.5606689+05:30" endTime="2017-11-29T20:12:00.5606689+05:30" testType="13cdc9d9-ddb5-4fa4-a97d-d965ccfc6d4b" outcome="Passed" testListId="8c84fa94-04c1-424b-9868-57a2d4851a1d" relativeResultsDirectory="06ed7afd-b3c2-481a-a670-e3ee4985a191" />
    <UnitTestResult executionId="44a72a0c-a36b-4a58-a4ab-758e8e3c9d4d" testId="b23fbb20-fbb6-28da-dab1-c344c6d03b58" testName="MSTest_P2_623" computerName="NAVB3" duration="00:00:00.0000730" startTime="2017-11-29T20:12:00.5606689+05:30" endTime="2017-11-29T20:12:00.5606689+05:30" testType="13cdc9d9-ddb5-4fa4-a97d-d965ccfc6d4b" outcome="Passed" testListId="8c84fa94-04c1-424b-9868-57a2d4851a1d" relativeResultsDirectory="44a72a0c-a36b-4a58-a4ab-758e8e3c9d4d" />
    <UnitTestResult executionId="aa62195d-5ac7-4dd0-8fd4-f9c1e522079c" testId="b5d84d04-24a2-eb33-edd6-025bff392c00" testName="MSTest_P2_624" computerName="NAVB3" duration="00:00:00.0000727" startTime="2017-11-29T20:12:00.5606689+05:30" endTime="2017-11-29T20:12:00.5606689+05:30" testType="13cdc9d9-ddb5-4fa4-a97d-d965ccfc6d4b" outcome="Passed" testListId="8c84fa94-04c1-424b-9868-57a2d4851a1d" relativeResultsDirectory="aa62195d-5ac7-4dd0-8fd4-f9c1e522079c" />
    <UnitTestResult executionId="088b039e-b79b-4c80-a80d-8e37775768b7" testId="ee0027fb-4759-9ed1-4aca-5847f80c07d1" testName="MSTest_P2_625" computerName="NAVB3" duration="00:00:00.0000788" startTime="2017-11-29T20:12:00.5606689+05:30" endTime="2017-11-29T20:12:00.5606689+05:30" testType="13cdc9d9-ddb5-4fa4-a97d-d965ccfc6d4b" outcome="Passed" testListId="8c84fa94-04c1-424b-9868-57a2d4851a1d" relativeResultsDirectory="088b039e-b79b-4c80-a80d-8e37775768b7" />
    <UnitTestResult executionId="c7c55c02-e104-44f7-bb5d-bae628966cc5" testId="a92118ae-2875-7edc-c322-7d5e85972741" testName="MSTest_P2_626" computerName="NAVB3" duration="00:00:00.0000782" startTime="2017-11-29T20:12:00.5606689+05:30" endTime="2017-11-29T20:12:00.5606689+05:30" testType="13cdc9d9-ddb5-4fa4-a97d-d965ccfc6d4b" outcome="Passed" testListId="8c84fa94-04c1-424b-9868-57a2d4851a1d" relativeResultsDirectory="c7c55c02-e104-44f7-bb5d-bae628966cc5" />
    <UnitTestResult executionId="891e983f-538a-412e-b943-3dbbe299952d" testId="8c2c804c-8aad-6d08-b0ae-d985017cb328" testName="MSTest_P2_627" computerName="NAVB3" duration="00:00:00.0000706" startTime="2017-11-29T20:12:00.5606689+05:30" endTime="2017-11-29T20:12:00.5606689+05:30" testType="13cdc9d9-ddb5-4fa4-a97d-d965ccfc6d4b" outcome="Passed" testListId="8c84fa94-04c1-424b-9868-57a2d4851a1d" relativeResultsDirectory="891e983f-538a-412e-b943-3dbbe299952d" />
    <UnitTestResult executionId="c5bf38db-ea0e-4a02-a099-321192407e13" testId="1dff61d3-34c0-5ac1-dca2-cb7ce7ae9edd" testName="MSTest_P2_628" computerName="NAVB3" duration="00:00:00.0000730" startTime="2017-11-29T20:12:00.5606689+05:30" endTime="2017-11-29T20:12:00.5606689+05:30" testType="13cdc9d9-ddb5-4fa4-a97d-d965ccfc6d4b" outcome="Passed" testListId="8c84fa94-04c1-424b-9868-57a2d4851a1d" relativeResultsDirectory="c5bf38db-ea0e-4a02-a099-321192407e13" />
    <UnitTestResult executionId="8eac8c98-9638-46f7-9f86-7b28cb2fdde6" testId="0e5b3111-01f7-b24a-6810-1a9402cdc605" testName="MSTest_P2_629" computerName="NAVB3" duration="00:00:00.0000733" startTime="2017-11-29T20:12:00.5606689+05:30" endTime="2017-11-29T20:12:00.5606689+05:30" testType="13cdc9d9-ddb5-4fa4-a97d-d965ccfc6d4b" outcome="Passed" testListId="8c84fa94-04c1-424b-9868-57a2d4851a1d" relativeResultsDirectory="8eac8c98-9638-46f7-9f86-7b28cb2fdde6" />
    <UnitTestResult executionId="6c6b36f7-007b-4128-910e-8814a0d7389d" testId="601153eb-5271-665b-436d-f187a3541d40" testName="MSTest_P2_630" computerName="NAVB3" duration="00:00:00.0000730" startTime="2017-11-29T20:12:00.5606689+05:30" endTime="2017-11-29T20:12:00.5606689+05:30" testType="13cdc9d9-ddb5-4fa4-a97d-d965ccfc6d4b" outcome="Passed" testListId="8c84fa94-04c1-424b-9868-57a2d4851a1d" relativeResultsDirectory="6c6b36f7-007b-4128-910e-8814a0d7389d" />
    <UnitTestResult executionId="6eced179-546a-43c7-bc1a-3828af78865a" testId="150ce5c0-ec6f-a8a5-92e5-bb1a3bd6ce85" testName="MSTest_P2_631" computerName="NAVB3" duration="00:00:00.0000727" startTime="2017-11-29T20:12:00.5606689+05:30" endTime="2017-11-29T20:12:00.5606689+05:30" testType="13cdc9d9-ddb5-4fa4-a97d-d965ccfc6d4b" outcome="Passed" testListId="8c84fa94-04c1-424b-9868-57a2d4851a1d" relativeResultsDirectory="6eced179-546a-43c7-bc1a-3828af78865a" />
    <UnitTestResult executionId="417cc16b-8e86-437c-9375-d49373c6eb5a" testId="85999ceb-c7e0-9b54-df39-198a5f4bb935" testName="MSTest_P2_632" computerName="NAVB3" duration="00:00:00.0000727" startTime="2017-11-29T20:12:00.5606689+05:30" endTime="2017-11-29T20:12:00.5606689+05:30" testType="13cdc9d9-ddb5-4fa4-a97d-d965ccfc6d4b" outcome="Passed" testListId="8c84fa94-04c1-424b-9868-57a2d4851a1d" relativeResultsDirectory="417cc16b-8e86-437c-9375-d49373c6eb5a" />
    <UnitTestResult executionId="0fc9b144-4db6-4a49-915a-f6735fe50b50" testId="4919b0df-aa86-3ff5-5c9d-2d9e132274a2" testName="MSTest_P2_633" computerName="NAVB3" duration="00:00:00.0000727" startTime="2017-11-29T20:12:00.5606689+05:30" endTime="2017-11-29T20:12:00.5606689+05:30" testType="13cdc9d9-ddb5-4fa4-a97d-d965ccfc6d4b" outcome="Passed" testListId="8c84fa94-04c1-424b-9868-57a2d4851a1d" relativeResultsDirectory="0fc9b144-4db6-4a49-915a-f6735fe50b50" />
    <UnitTestResult executionId="e1307ff6-af8e-4c5b-946f-fa7e50209150" testId="7b4171ae-a03d-93ff-7c69-5778e77fd552" testName="MSTest_P2_634" computerName="NAVB3" duration="00:00:00.0000721" startTime="2017-11-29T20:12:00.5606689+05:30" endTime="2017-11-29T20:12:00.5606689+05:30" testType="13cdc9d9-ddb5-4fa4-a97d-d965ccfc6d4b" outcome="Passed" testListId="8c84fa94-04c1-424b-9868-57a2d4851a1d" relativeResultsDirectory="e1307ff6-af8e-4c5b-946f-fa7e50209150" />
    <UnitTestResult executionId="b106d2c2-ee76-4fe2-aded-91c75736edc1" testId="17b7c848-bd3d-0746-890b-7f7afd0444b6" testName="MSTest_P2_635" computerName="NAVB3" duration="00:00:00.0000733" startTime="2017-11-29T20:12:00.5606689+05:30" endTime="2017-11-29T20:12:00.5606689+05:30" testType="13cdc9d9-ddb5-4fa4-a97d-d965ccfc6d4b" outcome="Passed" testListId="8c84fa94-04c1-424b-9868-57a2d4851a1d" relativeResultsDirectory="b106d2c2-ee76-4fe2-aded-91c75736edc1" />
    <UnitTestResult executionId="7927a8f4-adac-4557-ae22-bf34815e91df" testId="aae4fb24-f554-3152-a299-2f303061b61e" testName="MSTest_P2_636" computerName="NAVB3" duration="00:00:00.0000727" startTime="2017-11-29T20:12:00.5606689+05:30" endTime="2017-11-29T20:12:00.5606689+05:30" testType="13cdc9d9-ddb5-4fa4-a97d-d965ccfc6d4b" outcome="Passed" testListId="8c84fa94-04c1-424b-9868-57a2d4851a1d" relativeResultsDirectory="7927a8f4-adac-4557-ae22-bf34815e91df" />
    <UnitTestResult executionId="3b77b710-eaee-4f12-9c36-1170ecd4e66f" testId="33ba377d-e68f-5080-8ea9-4564c579f416" testName="MSTest_P2_637" computerName="NAVB3" duration="00:00:00.0000721" startTime="2017-11-29T20:12:00.5606689+05:30" endTime="2017-11-29T20:12:00.5606689+05:30" testType="13cdc9d9-ddb5-4fa4-a97d-d965ccfc6d4b" outcome="Passed" testListId="8c84fa94-04c1-424b-9868-57a2d4851a1d" relativeResultsDirectory="3b77b710-eaee-4f12-9c36-1170ecd4e66f" />
    <UnitTestResult executionId="01b63807-f81c-4439-b7ed-d26fbdd81263" testId="5d08d3ae-03ea-1a7e-0828-74bbb650a574" testName="MSTest_P2_638" computerName="NAVB3" duration="00:00:00.0000724" startTime="2017-11-29T20:12:00.5606689+05:30" endTime="2017-11-29T20:12:00.5606689+05:30" testType="13cdc9d9-ddb5-4fa4-a97d-d965ccfc6d4b" outcome="Passed" testListId="8c84fa94-04c1-424b-9868-57a2d4851a1d" relativeResultsDirectory="01b63807-f81c-4439-b7ed-d26fbdd81263" />
    <UnitTestResult executionId="20e22386-bf28-4f7a-af66-6e7c8ce02035" testId="848fdcfd-00e6-2e58-a2ed-e6361a3a4ccf" testName="MSTest_P2_639" computerName="NAVB3" duration="00:00:00.0000727" startTime="2017-11-29T20:12:00.5606689+05:30" endTime="2017-11-29T20:12:00.5606689+05:30" testType="13cdc9d9-ddb5-4fa4-a97d-d965ccfc6d4b" outcome="Passed" testListId="8c84fa94-04c1-424b-9868-57a2d4851a1d" relativeResultsDirectory="20e22386-bf28-4f7a-af66-6e7c8ce02035" />
    <UnitTestResult executionId="e4b98d4d-77f8-4fd3-97ae-1bbbdc097d1d" testId="b5d4fa4d-43f6-ed4c-1ebe-1028a35c3207" testName="MSTest_P2_640" computerName="NAVB3" duration="00:00:00.0000718" startTime="2017-11-29T20:12:00.5606689+05:30" endTime="2017-11-29T20:12:00.5606689+05:30" testType="13cdc9d9-ddb5-4fa4-a97d-d965ccfc6d4b" outcome="Passed" testListId="8c84fa94-04c1-424b-9868-57a2d4851a1d" relativeResultsDirectory="e4b98d4d-77f8-4fd3-97ae-1bbbdc097d1d" />
    <UnitTestResult executionId="ae02b012-9c74-4335-b0e2-3ff47aa4c4f5" testId="0b677cef-dffb-d7e8-8796-c9f58ef238e3" testName="MSTest_P2_641" computerName="NAVB3" duration="00:00:00.0000724" startTime="2017-11-29T20:12:00.5606689+05:30" endTime="2017-11-29T20:12:00.5606689+05:30" testType="13cdc9d9-ddb5-4fa4-a97d-d965ccfc6d4b" outcome="Passed" testListId="8c84fa94-04c1-424b-9868-57a2d4851a1d" relativeResultsDirectory="ae02b012-9c74-4335-b0e2-3ff47aa4c4f5" />
    <UnitTestResult executionId="1301aae4-a026-4cc2-b12c-dc8133326b21" testId="3e9c502b-35d8-3ce9-17a4-a57106505143" testName="MSTest_P2_642" computerName="NAVB3" duration="00:00:00.0000724" startTime="2017-11-29T20:12:00.5606689+05:30" endTime="2017-11-29T20:12:00.5606689+05:30" testType="13cdc9d9-ddb5-4fa4-a97d-d965ccfc6d4b" outcome="Passed" testListId="8c84fa94-04c1-424b-9868-57a2d4851a1d" relativeResultsDirectory="1301aae4-a026-4cc2-b12c-dc8133326b21" />
    <UnitTestResult executionId="a2e87fd0-0b2c-4cc4-89ee-d0ba0757ed12" testId="d812f365-14a5-d0a4-d872-df8d8d5bb670" testName="MSTest_P2_643" computerName="NAVB3" duration="00:00:00.0000733" startTime="2017-11-29T20:12:00.5606689+05:30" endTime="2017-11-29T20:12:00.5606689+05:30" testType="13cdc9d9-ddb5-4fa4-a97d-d965ccfc6d4b" outcome="Passed" testListId="8c84fa94-04c1-424b-9868-57a2d4851a1d" relativeResultsDirectory="a2e87fd0-0b2c-4cc4-89ee-d0ba0757ed12" />
    <UnitTestResult executionId="99e51ed1-c2dd-46e2-90d0-d1d31e92419f" testId="67659ca1-ac92-6bcc-2bb5-72e6a6541ab7" testName="MSTest_P2_644" computerName="NAVB3" duration="00:00:00.0000724" startTime="2017-11-29T20:12:00.5606689+05:30" endTime="2017-11-29T20:12:00.5606689+05:30" testType="13cdc9d9-ddb5-4fa4-a97d-d965ccfc6d4b" outcome="Passed" testListId="8c84fa94-04c1-424b-9868-57a2d4851a1d" relativeResultsDirectory="99e51ed1-c2dd-46e2-90d0-d1d31e92419f" />
    <UnitTestResult executionId="360cf31b-b590-41de-89b9-4fd5e7ed345c" testId="3c488412-7332-e4c1-0fae-4af5f8b50c1a" testName="MSTest_P2_645" computerName="NAVB3" duration="00:00:00.0000724" startTime="2017-11-29T20:12:00.5606689+05:30" endTime="2017-11-29T20:12:00.5606689+05:30" testType="13cdc9d9-ddb5-4fa4-a97d-d965ccfc6d4b" outcome="Passed" testListId="8c84fa94-04c1-424b-9868-57a2d4851a1d" relativeResultsDirectory="360cf31b-b590-41de-89b9-4fd5e7ed345c" />
    <UnitTestResult executionId="8bf962f0-16e6-438b-acb4-607e3d9e1f6a" testId="e78fe577-197c-bbd5-7ab5-8679a236f69f" testName="MSTest_P2_646" computerName="NAVB3" duration="00:00:00.0000765" startTime="2017-11-29T20:12:00.5606689+05:30" endTime="2017-11-29T20:12:00.5606689+05:30" testType="13cdc9d9-ddb5-4fa4-a97d-d965ccfc6d4b" outcome="Passed" testListId="8c84fa94-04c1-424b-9868-57a2d4851a1d" relativeResultsDirectory="8bf962f0-16e6-438b-acb4-607e3d9e1f6a" />
    <UnitTestResult executionId="9892c91a-d0a6-4d22-982c-724729099825" testId="eca6b0bf-94f2-dc28-1140-8fce9c0681a0" testName="MSTest_P2_647" computerName="NAVB3" duration="00:00:00.0000715" startTime="2017-11-29T20:12:00.5606689+05:30" endTime="2017-11-29T20:12:00.5606689+05:30" testType="13cdc9d9-ddb5-4fa4-a97d-d965ccfc6d4b" outcome="Passed" testListId="8c84fa94-04c1-424b-9868-57a2d4851a1d" relativeResultsDirectory="9892c91a-d0a6-4d22-982c-724729099825" />
    <UnitTestResult executionId="0c52057a-dacd-4fb6-89b2-1101fed07aa8" testId="e0402f72-9377-b948-a288-28d4fcfc4f9b" testName="MSTest_P2_648" computerName="NAVB3" duration="00:00:00.0000762" startTime="2017-11-29T20:12:00.5606689+05:30" endTime="2017-11-29T20:12:00.5606689+05:30" testType="13cdc9d9-ddb5-4fa4-a97d-d965ccfc6d4b" outcome="Passed" testListId="8c84fa94-04c1-424b-9868-57a2d4851a1d" relativeResultsDirectory="0c52057a-dacd-4fb6-89b2-1101fed07aa8" />
    <UnitTestResult executionId="7f982447-0ba9-4984-8b94-3a01fb166010" testId="e897475a-565a-d220-02fb-7a22190de11f" testName="MSTest_P2_649" computerName="NAVB3" duration="00:00:00.0000724" startTime="2017-11-29T20:12:00.5606689+05:30" endTime="2017-11-29T20:12:00.5606689+05:30" testType="13cdc9d9-ddb5-4fa4-a97d-d965ccfc6d4b" outcome="Passed" testListId="8c84fa94-04c1-424b-9868-57a2d4851a1d" relativeResultsDirectory="7f982447-0ba9-4984-8b94-3a01fb166010" />
    <UnitTestResult executionId="61ac99b2-d41a-463b-a363-d4c90d56a912" testId="6e51c1a4-c47e-8215-41d4-b6192fc399a7" testName="MSTest_P2_650" computerName="NAVB3" duration="00:00:00.0000718" startTime="2017-11-29T20:12:00.5606689+05:30" endTime="2017-11-29T20:12:00.5606689+05:30" testType="13cdc9d9-ddb5-4fa4-a97d-d965ccfc6d4b" outcome="Passed" testListId="8c84fa94-04c1-424b-9868-57a2d4851a1d" relativeResultsDirectory="61ac99b2-d41a-463b-a363-d4c90d56a912" />
    <UnitTestResult executionId="77eacf86-83e2-4739-8a30-4e26bea09be9" testId="18a5d991-6a62-bd7d-3d37-6bc0e28957ce" testName="MSTest_P2_651" computerName="NAVB3" duration="00:00:00.0000715" startTime="2017-11-29T20:12:00.5606689+05:30" endTime="2017-11-29T20:12:00.5606689+05:30" testType="13cdc9d9-ddb5-4fa4-a97d-d965ccfc6d4b" outcome="Passed" testListId="8c84fa94-04c1-424b-9868-57a2d4851a1d" relativeResultsDirectory="77eacf86-83e2-4739-8a30-4e26bea09be9" />
    <UnitTestResult executionId="b0224478-e9e0-4c6f-b9a5-ec925144b469" testId="c3f336f9-64d8-483d-f756-b051b29d09c0" testName="MSTest_P2_652" computerName="NAVB3" duration="00:00:00.0000727" startTime="2017-11-29T20:12:00.5606689+05:30" endTime="2017-11-29T20:12:00.5606689+05:30" testType="13cdc9d9-ddb5-4fa4-a97d-d965ccfc6d4b" outcome="Passed" testListId="8c84fa94-04c1-424b-9868-57a2d4851a1d" relativeResultsDirectory="b0224478-e9e0-4c6f-b9a5-ec925144b469" />
    <UnitTestResult executionId="91a6df79-feb3-4375-a3b7-004bcac608da" testId="48c7c2f7-e5d2-ef94-1a3f-20ddea55e26b" testName="MSTest_P2_653" computerName="NAVB3" duration="00:00:00.0000780" startTime="2017-11-29T20:12:00.5606689+05:30" endTime="2017-11-29T20:12:00.5606689+05:30" testType="13cdc9d9-ddb5-4fa4-a97d-d965ccfc6d4b" outcome="Passed" testListId="8c84fa94-04c1-424b-9868-57a2d4851a1d" relativeResultsDirectory="91a6df79-feb3-4375-a3b7-004bcac608da" />
    <UnitTestResult executionId="a358bab7-0b33-4c97-b675-7f3d7227bf52" testId="ab2c1fba-ddcb-1900-197d-3f9d3fc16360" testName="MSTest_P2_654" computerName="NAVB3" duration="00:00:00.0000850" startTime="2017-11-29T20:12:00.5606689+05:30" endTime="2017-11-29T20:12:00.5762946+05:30" testType="13cdc9d9-ddb5-4fa4-a97d-d965ccfc6d4b" outcome="Passed" testListId="8c84fa94-04c1-424b-9868-57a2d4851a1d" relativeResultsDirectory="a358bab7-0b33-4c97-b675-7f3d7227bf52" />
    <UnitTestResult executionId="ba4e168a-bd2f-4e4a-80fd-fa020003c6a7" testId="899e6aca-dd8a-ca3a-7348-95cefdb66bfb" testName="MSTest_P2_655" computerName="NAVB3" duration="00:00:00.0000862" startTime="2017-11-29T20:12:00.5762946+05:30" endTime="2017-11-29T20:12:00.5762946+05:30" testType="13cdc9d9-ddb5-4fa4-a97d-d965ccfc6d4b" outcome="Passed" testListId="8c84fa94-04c1-424b-9868-57a2d4851a1d" relativeResultsDirectory="ba4e168a-bd2f-4e4a-80fd-fa020003c6a7" />
    <UnitTestResult executionId="25811797-109f-47d3-992e-d9c0c34e4500" testId="8bdc4f90-77a8-478b-b52c-9da6b7c1e9c9" testName="MSTest_P2_656" computerName="NAVB3" duration="00:00:00.0000856" startTime="2017-11-29T20:12:00.5762946+05:30" endTime="2017-11-29T20:12:00.5762946+05:30" testType="13cdc9d9-ddb5-4fa4-a97d-d965ccfc6d4b" outcome="Passed" testListId="8c84fa94-04c1-424b-9868-57a2d4851a1d" relativeResultsDirectory="25811797-109f-47d3-992e-d9c0c34e4500" />
    <UnitTestResult executionId="f893dbbe-f9d9-45ac-abb1-7e3860206880" testId="1cfd503a-2a2f-f054-566c-b2432833b5b0" testName="MSTest_P2_657" computerName="NAVB3" duration="00:00:00.0000847" startTime="2017-11-29T20:12:00.5762946+05:30" endTime="2017-11-29T20:12:00.5762946+05:30" testType="13cdc9d9-ddb5-4fa4-a97d-d965ccfc6d4b" outcome="Passed" testListId="8c84fa94-04c1-424b-9868-57a2d4851a1d" relativeResultsDirectory="f893dbbe-f9d9-45ac-abb1-7e3860206880" />
    <UnitTestResult executionId="3a62a3c3-411d-49fa-958b-324a18eba51c" testId="a4ad3799-a270-f12c-0f00-e20e2f12acdd" testName="MSTest_P2_658" computerName="NAVB3" duration="00:00:00.0000826" startTime="2017-11-29T20:12:00.5762946+05:30" endTime="2017-11-29T20:12:00.5762946+05:30" testType="13cdc9d9-ddb5-4fa4-a97d-d965ccfc6d4b" outcome="Passed" testListId="8c84fa94-04c1-424b-9868-57a2d4851a1d" relativeResultsDirectory="3a62a3c3-411d-49fa-958b-324a18eba51c" />
    <UnitTestResult executionId="ed73b542-7f63-4471-b24c-ab1642ba2cc9" testId="cbe39397-87a0-2910-ca84-58383bad57ff" testName="MSTest_P2_659" computerName="NAVB3" duration="00:00:00.0000832" startTime="2017-11-29T20:12:00.5762946+05:30" endTime="2017-11-29T20:12:00.5762946+05:30" testType="13cdc9d9-ddb5-4fa4-a97d-d965ccfc6d4b" outcome="Passed" testListId="8c84fa94-04c1-424b-9868-57a2d4851a1d" relativeResultsDirectory="ed73b542-7f63-4471-b24c-ab1642ba2cc9" />
    <UnitTestResult executionId="e31afe66-2472-467b-ba4e-df67dc6cef10" testId="6ee7a2b3-6420-c554-9de7-1720065e8cec" testName="MSTest_P2_660" computerName="NAVB3" duration="00:00:00.0000791" startTime="2017-11-29T20:12:00.5762946+05:30" endTime="2017-11-29T20:12:00.5762946+05:30" testType="13cdc9d9-ddb5-4fa4-a97d-d965ccfc6d4b" outcome="Passed" testListId="8c84fa94-04c1-424b-9868-57a2d4851a1d" relativeResultsDirectory="e31afe66-2472-467b-ba4e-df67dc6cef10" />
    <UnitTestResult executionId="37a5bf58-3675-4aaf-9a11-90987b8aa39e" testId="e86472bf-e214-2b20-76f5-45745554fad7" testName="MSTest_P2_661" computerName="NAVB3" duration="00:00:00.0000712" startTime="2017-11-29T20:12:00.5762946+05:30" endTime="2017-11-29T20:12:00.5762946+05:30" testType="13cdc9d9-ddb5-4fa4-a97d-d965ccfc6d4b" outcome="Passed" testListId="8c84fa94-04c1-424b-9868-57a2d4851a1d" relativeResultsDirectory="37a5bf58-3675-4aaf-9a11-90987b8aa39e" />
    <UnitTestResult executionId="be571e17-8fd3-48b4-831a-16e303bdc983" testId="e0267b14-97a9-0d32-c9f5-896dabd96fde" testName="MSTest_P2_662" computerName="NAVB3" duration="00:00:00.0000747" startTime="2017-11-29T20:12:00.5762946+05:30" endTime="2017-11-29T20:12:00.5762946+05:30" testType="13cdc9d9-ddb5-4fa4-a97d-d965ccfc6d4b" outcome="Passed" testListId="8c84fa94-04c1-424b-9868-57a2d4851a1d" relativeResultsDirectory="be571e17-8fd3-48b4-831a-16e303bdc983" />
    <UnitTestResult executionId="7e728c5b-c4f7-4895-a2ea-a4881c97e407" testId="3fec57b9-8697-e7a2-5cc7-23347c0320cb" testName="MSTest_P2_663" computerName="NAVB3" duration="00:00:00.0000744" startTime="2017-11-29T20:12:00.5762946+05:30" endTime="2017-11-29T20:12:00.5762946+05:30" testType="13cdc9d9-ddb5-4fa4-a97d-d965ccfc6d4b" outcome="Passed" testListId="8c84fa94-04c1-424b-9868-57a2d4851a1d" relativeResultsDirectory="7e728c5b-c4f7-4895-a2ea-a4881c97e407" />
    <UnitTestResult executionId="12447b9c-3a1c-46fc-a844-3e8c35704d44" testId="597025ee-fec5-9b13-b948-e15cb8c652bb" testName="MSTest_P2_664" computerName="NAVB3" duration="00:00:00.0000800" startTime="2017-11-29T20:12:00.5762946+05:30" endTime="2017-11-29T20:12:00.5762946+05:30" testType="13cdc9d9-ddb5-4fa4-a97d-d965ccfc6d4b" outcome="Passed" testListId="8c84fa94-04c1-424b-9868-57a2d4851a1d" relativeResultsDirectory="12447b9c-3a1c-46fc-a844-3e8c35704d44" />
    <UnitTestResult executionId="a89c0c12-9d47-4930-a7a2-023c59f4094d" testId="0cdbe09b-5b02-9284-150e-310395196ca9" testName="MSTest_P2_665" computerName="NAVB3" duration="00:00:00.0000847" startTime="2017-11-29T20:12:00.5762946+05:30" endTime="2017-11-29T20:12:00.5762946+05:30" testType="13cdc9d9-ddb5-4fa4-a97d-d965ccfc6d4b" outcome="Passed" testListId="8c84fa94-04c1-424b-9868-57a2d4851a1d" relativeResultsDirectory="a89c0c12-9d47-4930-a7a2-023c59f4094d" />
    <UnitTestResult executionId="628041ed-4eec-4ab7-9138-181caf44319a" testId="26b36980-26fa-feaa-eeda-467cb17b47b3" testName="MSTest_P2_666" computerName="NAVB3" duration="00:00:00.0000747" startTime="2017-11-29T20:12:00.5762946+05:30" endTime="2017-11-29T20:12:00.5762946+05:30" testType="13cdc9d9-ddb5-4fa4-a97d-d965ccfc6d4b" outcome="Passed" testListId="8c84fa94-04c1-424b-9868-57a2d4851a1d" relativeResultsDirectory="628041ed-4eec-4ab7-9138-181caf44319a" />
    <UnitTestResult executionId="066c238e-d4a3-4b7a-a23b-b4e2ce6f315b" testId="ade8bde1-d507-344c-09f7-848e53c880d7" testName="MSTest_P2_667" computerName="NAVB3" duration="00:00:00.0000733" startTime="2017-11-29T20:12:00.5762946+05:30" endTime="2017-11-29T20:12:00.5762946+05:30" testType="13cdc9d9-ddb5-4fa4-a97d-d965ccfc6d4b" outcome="Passed" testListId="8c84fa94-04c1-424b-9868-57a2d4851a1d" relativeResultsDirectory="066c238e-d4a3-4b7a-a23b-b4e2ce6f315b" />
    <UnitTestResult executionId="7aca8d15-d33e-4c75-895d-415d8da33c1a" testId="a746b676-bd57-b7d7-68d2-852b9bca4e8d" testName="MSTest_P2_668" computerName="NAVB3" duration="00:00:00.0000768" startTime="2017-11-29T20:12:00.5762946+05:30" endTime="2017-11-29T20:12:00.5762946+05:30" testType="13cdc9d9-ddb5-4fa4-a97d-d965ccfc6d4b" outcome="Passed" testListId="8c84fa94-04c1-424b-9868-57a2d4851a1d" relativeResultsDirectory="7aca8d15-d33e-4c75-895d-415d8da33c1a" />
    <UnitTestResult executionId="8c8b7088-9cc8-4d60-92b6-13f8b4b01236" testId="3d5f1c08-3797-41ba-2b77-d2369ea0e848" testName="MSTest_P2_669" computerName="NAVB3" duration="00:00:00.0000744" startTime="2017-11-29T20:12:00.5762946+05:30" endTime="2017-11-29T20:12:00.5762946+05:30" testType="13cdc9d9-ddb5-4fa4-a97d-d965ccfc6d4b" outcome="Passed" testListId="8c84fa94-04c1-424b-9868-57a2d4851a1d" relativeResultsDirectory="8c8b7088-9cc8-4d60-92b6-13f8b4b01236" />
    <UnitTestResult executionId="7a9a6278-84ab-44c8-8b8a-42e15ffc094d" testId="a089f9e5-4bec-b582-acfc-39a14dd75252" testName="MSTest_P2_670" computerName="NAVB3" duration="00:00:00.0000797" startTime="2017-11-29T20:12:00.5762946+05:30" endTime="2017-11-29T20:12:00.5762946+05:30" testType="13cdc9d9-ddb5-4fa4-a97d-d965ccfc6d4b" outcome="Passed" testListId="8c84fa94-04c1-424b-9868-57a2d4851a1d" relativeResultsDirectory="7a9a6278-84ab-44c8-8b8a-42e15ffc094d" />
    <UnitTestResult executionId="eb58dde0-ccb5-43d5-a12e-d33950e06508" testId="23721fe5-9ee6-82b6-d99b-fc80796a2eba" testName="MSTest_P2_671" computerName="NAVB3" duration="00:00:00.0001199" startTime="2017-11-29T20:12:00.5762946+05:30" endTime="2017-11-29T20:12:00.5762946+05:30" testType="13cdc9d9-ddb5-4fa4-a97d-d965ccfc6d4b" outcome="Passed" testListId="8c84fa94-04c1-424b-9868-57a2d4851a1d" relativeResultsDirectory="eb58dde0-ccb5-43d5-a12e-d33950e06508" />
    <UnitTestResult executionId="3fafc4be-4c5e-4480-bfd6-072dbbd2865b" testId="b1cd993d-7313-5ad0-b39e-9f1aa78bc82d" testName="MSTest_P2_672" computerName="NAVB3" duration="00:00:00.0000765" startTime="2017-11-29T20:12:00.5762946+05:30" endTime="2017-11-29T20:12:00.5762946+05:30" testType="13cdc9d9-ddb5-4fa4-a97d-d965ccfc6d4b" outcome="Passed" testListId="8c84fa94-04c1-424b-9868-57a2d4851a1d" relativeResultsDirectory="3fafc4be-4c5e-4480-bfd6-072dbbd2865b" />
    <UnitTestResult executionId="408e0614-085d-411b-9b06-c4ad38b1ef7c" testId="3a93a51a-c148-1d02-8f4b-13468c757678" testName="MSTest_P2_673" computerName="NAVB3" duration="00:00:00.0000750" startTime="2017-11-29T20:12:00.5762946+05:30" endTime="2017-11-29T20:12:00.5762946+05:30" testType="13cdc9d9-ddb5-4fa4-a97d-d965ccfc6d4b" outcome="Passed" testListId="8c84fa94-04c1-424b-9868-57a2d4851a1d" relativeResultsDirectory="408e0614-085d-411b-9b06-c4ad38b1ef7c" />
    <UnitTestResult executionId="b68b4f1a-1de6-449b-96fe-1952a4f5b475" testId="e7bba644-c651-71b0-f2c6-7f5814caa7e2" testName="MSTest_P2_674" computerName="NAVB3" duration="00:00:00.0000747" startTime="2017-11-29T20:12:00.5762946+05:30" endTime="2017-11-29T20:12:00.5762946+05:30" testType="13cdc9d9-ddb5-4fa4-a97d-d965ccfc6d4b" outcome="Passed" testListId="8c84fa94-04c1-424b-9868-57a2d4851a1d" relativeResultsDirectory="b68b4f1a-1de6-449b-96fe-1952a4f5b475" />
    <UnitTestResult executionId="658defe9-b9a6-4dd5-ac28-bbfdf5ecf42f" testId="27514d22-063a-2899-009e-1b76a88c43a9" testName="MSTest_P2_675" computerName="NAVB3" duration="00:00:00.0000738" startTime="2017-11-29T20:12:00.5762946+05:30" endTime="2017-11-29T20:12:00.5762946+05:30" testType="13cdc9d9-ddb5-4fa4-a97d-d965ccfc6d4b" outcome="Passed" testListId="8c84fa94-04c1-424b-9868-57a2d4851a1d" relativeResultsDirectory="658defe9-b9a6-4dd5-ac28-bbfdf5ecf42f" />
    <UnitTestResult executionId="ace9c52c-b1e8-4990-9021-9734357b669c" testId="cacb4937-95e1-1710-534d-b2d54b278d0c" testName="MSTest_P2_676" computerName="NAVB3" duration="00:00:00.0000730" startTime="2017-11-29T20:12:00.5762946+05:30" endTime="2017-11-29T20:12:00.5762946+05:30" testType="13cdc9d9-ddb5-4fa4-a97d-d965ccfc6d4b" outcome="Passed" testListId="8c84fa94-04c1-424b-9868-57a2d4851a1d" relativeResultsDirectory="ace9c52c-b1e8-4990-9021-9734357b669c" />
    <UnitTestResult executionId="7f69cc49-5fb3-4a13-9bf8-6a3059bf84bf" testId="58cec2fa-25a5-3785-4c9d-c8c6dad46cee" testName="MSTest_P2_677" computerName="NAVB3" duration="00:00:00.0000730" startTime="2017-11-29T20:12:00.5762946+05:30" endTime="2017-11-29T20:12:00.5762946+05:30" testType="13cdc9d9-ddb5-4fa4-a97d-d965ccfc6d4b" outcome="Passed" testListId="8c84fa94-04c1-424b-9868-57a2d4851a1d" relativeResultsDirectory="7f69cc49-5fb3-4a13-9bf8-6a3059bf84bf" />
    <UnitTestResult executionId="214834c9-0add-4327-8b39-52f846be8e4e" testId="353af7cb-1a1e-cda6-3bd5-1805a8fdcf5d" testName="MSTest_P2_678" computerName="NAVB3" duration="00:00:00.0000744" startTime="2017-11-29T20:12:00.5762946+05:30" endTime="2017-11-29T20:12:00.5762946+05:30" testType="13cdc9d9-ddb5-4fa4-a97d-d965ccfc6d4b" outcome="Passed" testListId="8c84fa94-04c1-424b-9868-57a2d4851a1d" relativeResultsDirectory="214834c9-0add-4327-8b39-52f846be8e4e" />
    <UnitTestResult executionId="50dea2fc-e34d-4494-8f70-fe19e1fcbbb8" testId="304b77ec-fc19-406b-4850-5808e5d0243d" testName="MSTest_P2_679" computerName="NAVB3" duration="00:00:00.0000738" startTime="2017-11-29T20:12:00.5762946+05:30" endTime="2017-11-29T20:12:00.5762946+05:30" testType="13cdc9d9-ddb5-4fa4-a97d-d965ccfc6d4b" outcome="Passed" testListId="8c84fa94-04c1-424b-9868-57a2d4851a1d" relativeResultsDirectory="50dea2fc-e34d-4494-8f70-fe19e1fcbbb8" />
    <UnitTestResult executionId="617c068b-95e4-434e-8a95-4100bc4a1ec8" testId="74651ac2-e00f-92e8-ff9b-d39647d9a271" testName="MSTest_P2_680" computerName="NAVB3" duration="00:00:00.0000736" startTime="2017-11-29T20:12:00.5762946+05:30" endTime="2017-11-29T20:12:00.5762946+05:30" testType="13cdc9d9-ddb5-4fa4-a97d-d965ccfc6d4b" outcome="Passed" testListId="8c84fa94-04c1-424b-9868-57a2d4851a1d" relativeResultsDirectory="617c068b-95e4-434e-8a95-4100bc4a1ec8" />
    <UnitTestResult executionId="1909daba-f4a0-4c43-970d-af6f5cf7d21a" testId="e776d51f-5a00-c228-adb8-2f497b9621e5" testName="MSTest_P2_511" computerName="NAVB3" duration="00:00:00.0000876" startTime="2017-11-29T20:12:00.5762946+05:30" endTime="2017-11-29T20:12:00.5762946+05:30" testType="13cdc9d9-ddb5-4fa4-a97d-d965ccfc6d4b" outcome="Passed" testListId="8c84fa94-04c1-424b-9868-57a2d4851a1d" relativeResultsDirectory="1909daba-f4a0-4c43-970d-af6f5cf7d21a" />
    <UnitTestResult executionId="0bddc5f3-3b9c-446f-9dd3-2effbb6a3737" testId="8a7e2a5a-b3b1-b936-6f36-5a1d091bcdc6" testName="MSTest_P2_512" computerName="NAVB3" duration="00:00:00.0000797" startTime="2017-11-29T20:12:00.5762946+05:30" endTime="2017-11-29T20:12:00.5762946+05:30" testType="13cdc9d9-ddb5-4fa4-a97d-d965ccfc6d4b" outcome="Passed" testListId="8c84fa94-04c1-424b-9868-57a2d4851a1d" relativeResultsDirectory="0bddc5f3-3b9c-446f-9dd3-2effbb6a3737" />
    <UnitTestResult executionId="5929d84d-2662-4840-beab-6d483fe51d36" testId="65550164-3705-10e4-aab2-4f1a75804571" testName="MSTest_P2_513" computerName="NAVB3" duration="00:00:00.0000797" startTime="2017-11-29T20:12:00.5762946+05:30" endTime="2017-11-29T20:12:00.5762946+05:30" testType="13cdc9d9-ddb5-4fa4-a97d-d965ccfc6d4b" outcome="Passed" testListId="8c84fa94-04c1-424b-9868-57a2d4851a1d" relativeResultsDirectory="5929d84d-2662-4840-beab-6d483fe51d36" />
    <UnitTestResult executionId="cc2485ba-0541-409f-b022-bb3346c0f335" testId="7d1aaa36-3199-455c-0527-ac90899cbd4b" testName="MSTest_P2_514" computerName="NAVB3" duration="00:00:00.0000794" startTime="2017-11-29T20:12:00.5762946+05:30" endTime="2017-11-29T20:12:00.5762946+05:30" testType="13cdc9d9-ddb5-4fa4-a97d-d965ccfc6d4b" outcome="Passed" testListId="8c84fa94-04c1-424b-9868-57a2d4851a1d" relativeResultsDirectory="cc2485ba-0541-409f-b022-bb3346c0f335" />
    <UnitTestResult executionId="c98d387c-aad5-4a41-b351-7e076669e3f3" testId="f166a045-f3e3-f66b-b395-0e361e37a9fe" testName="MSTest_P2_515" computerName="NAVB3" duration="00:00:00.0000800" startTime="2017-11-29T20:12:00.5762946+05:30" endTime="2017-11-29T20:12:00.5762946+05:30" testType="13cdc9d9-ddb5-4fa4-a97d-d965ccfc6d4b" outcome="Passed" testListId="8c84fa94-04c1-424b-9868-57a2d4851a1d" relativeResultsDirectory="c98d387c-aad5-4a41-b351-7e076669e3f3" />
    <UnitTestResult executionId="d2ebdaff-99fa-43f0-b5b0-4b2496ad9502" testId="0461b81f-9ef8-c4ca-9df0-2eaf28bf10e0" testName="MSTest_P2_516" computerName="NAVB3" duration="00:00:00.0000800" startTime="2017-11-29T20:12:00.5762946+05:30" endTime="2017-11-29T20:12:00.5762946+05:30" testType="13cdc9d9-ddb5-4fa4-a97d-d965ccfc6d4b" outcome="Passed" testListId="8c84fa94-04c1-424b-9868-57a2d4851a1d" relativeResultsDirectory="d2ebdaff-99fa-43f0-b5b0-4b2496ad9502" />
    <UnitTestResult executionId="90e3e940-4348-4e6f-b449-251594e4a73a" testId="2e82cae1-4a04-cc61-b41b-8d1fead82e72" testName="MSTest_P2_517" computerName="NAVB3" duration="00:00:00.0000712" startTime="2017-11-29T20:12:00.5762946+05:30" endTime="2017-11-29T20:12:00.5762946+05:30" testType="13cdc9d9-ddb5-4fa4-a97d-d965ccfc6d4b" outcome="Passed" testListId="8c84fa94-04c1-424b-9868-57a2d4851a1d" relativeResultsDirectory="90e3e940-4348-4e6f-b449-251594e4a73a" />
    <UnitTestResult executionId="02ff55d5-2bce-48e9-b888-9be96a586278" testId="e5e8d614-1f1c-d660-4f2e-468f69745890" testName="MSTest_P2_518" computerName="NAVB3" duration="00:00:00.0000703" startTime="2017-11-29T20:12:00.5762946+05:30" endTime="2017-11-29T20:12:00.5762946+05:30" testType="13cdc9d9-ddb5-4fa4-a97d-d965ccfc6d4b" outcome="Passed" testListId="8c84fa94-04c1-424b-9868-57a2d4851a1d" relativeResultsDirectory="02ff55d5-2bce-48e9-b888-9be96a586278" />
    <UnitTestResult executionId="ff1cdab1-7bd4-4a00-8cfe-83b1bee63316" testId="50f497cc-80ab-e360-a8c8-bf2e2dd84698" testName="MSTest_P2_519" computerName="NAVB3" duration="00:00:00.0000838" startTime="2017-11-29T20:12:00.5762946+05:30" endTime="2017-11-29T20:12:00.5762946+05:30" testType="13cdc9d9-ddb5-4fa4-a97d-d965ccfc6d4b" outcome="Passed" testListId="8c84fa94-04c1-424b-9868-57a2d4851a1d" relativeResultsDirectory="ff1cdab1-7bd4-4a00-8cfe-83b1bee63316" />
    <UnitTestResult executionId="d5c561a7-f6e6-4854-a45d-5056e5f69409" testId="4ac18af5-dcd0-6fcb-32ee-6714d9bb6bc1" testName="MSTest_P2_520" computerName="NAVB3" duration="00:00:00.0000821" startTime="2017-11-29T20:12:00.5762946+05:30" endTime="2017-11-29T20:12:00.5762946+05:30" testType="13cdc9d9-ddb5-4fa4-a97d-d965ccfc6d4b" outcome="Passed" testListId="8c84fa94-04c1-424b-9868-57a2d4851a1d" relativeResultsDirectory="d5c561a7-f6e6-4854-a45d-5056e5f69409" />
    <UnitTestResult executionId="d326593f-98d4-45ed-b7b1-52db6e80c025" testId="a1477180-0c03-ae3a-b703-3248bd9bbe56" testName="MSTest_P2_521" computerName="NAVB3" duration="00:00:00.0000777" startTime="2017-11-29T20:12:00.5762946+05:30" endTime="2017-11-29T20:12:00.5919253+05:30" testType="13cdc9d9-ddb5-4fa4-a97d-d965ccfc6d4b" outcome="Passed" testListId="8c84fa94-04c1-424b-9868-57a2d4851a1d" relativeResultsDirectory="d326593f-98d4-45ed-b7b1-52db6e80c025" />
    <UnitTestResult executionId="2b0fb154-1fb4-4e63-9d2c-a6fb36390490" testId="efc43898-75b5-8b91-f9a9-1c01d4ce0745" testName="MSTest_P2_522" computerName="NAVB3" duration="00:00:00.0000715" startTime="2017-11-29T20:12:00.5919253+05:30" endTime="2017-11-29T20:12:00.5919253+05:30" testType="13cdc9d9-ddb5-4fa4-a97d-d965ccfc6d4b" outcome="Passed" testListId="8c84fa94-04c1-424b-9868-57a2d4851a1d" relativeResultsDirectory="2b0fb154-1fb4-4e63-9d2c-a6fb36390490" />
    <UnitTestResult executionId="7714470d-c940-4e7f-b96e-c32fafdf91cf" testId="cefa4e19-5590-bab1-e575-4886cc8e2a57" testName="MSTest_P2_523" computerName="NAVB3" duration="00:00:00.0000835" startTime="2017-11-29T20:12:00.5919253+05:30" endTime="2017-11-29T20:12:00.5919253+05:30" testType="13cdc9d9-ddb5-4fa4-a97d-d965ccfc6d4b" outcome="Passed" testListId="8c84fa94-04c1-424b-9868-57a2d4851a1d" relativeResultsDirectory="7714470d-c940-4e7f-b96e-c32fafdf91cf" />
    <UnitTestResult executionId="60defb22-186f-4126-b3c1-2c1754c3a622" testId="ee5a9f3c-7651-30db-e2d4-78c1cbf124fa" testName="MSTest_P2_524" computerName="NAVB3" duration="00:00:00.0000818" startTime="2017-11-29T20:12:00.5919253+05:30" endTime="2017-11-29T20:12:00.5919253+05:30" testType="13cdc9d9-ddb5-4fa4-a97d-d965ccfc6d4b" outcome="Passed" testListId="8c84fa94-04c1-424b-9868-57a2d4851a1d" relativeResultsDirectory="60defb22-186f-4126-b3c1-2c1754c3a622" />
    <UnitTestResult executionId="19b49a5a-6980-4ead-ae78-c8ace2e1bcb6" testId="cac9dee8-2158-c973-652f-192379bdacee" testName="MSTest_P2_525" computerName="NAVB3" duration="00:00:00.0000829" startTime="2017-11-29T20:12:00.5919253+05:30" endTime="2017-11-29T20:12:00.5919253+05:30" testType="13cdc9d9-ddb5-4fa4-a97d-d965ccfc6d4b" outcome="Passed" testListId="8c84fa94-04c1-424b-9868-57a2d4851a1d" relativeResultsDirectory="19b49a5a-6980-4ead-ae78-c8ace2e1bcb6" />
    <UnitTestResult executionId="3043cc1b-4274-4c02-abcf-20a25462a9e9" testId="c95a30e8-f25a-a236-829f-271728eddca1" testName="MSTest_P2_526" computerName="NAVB3" duration="00:00:00.0000806" startTime="2017-11-29T20:12:00.5919253+05:30" endTime="2017-11-29T20:12:00.5919253+05:30" testType="13cdc9d9-ddb5-4fa4-a97d-d965ccfc6d4b" outcome="Passed" testListId="8c84fa94-04c1-424b-9868-57a2d4851a1d" relativeResultsDirectory="3043cc1b-4274-4c02-abcf-20a25462a9e9" />
    <UnitTestResult executionId="2bcfaa0a-6ba7-45fe-878f-e803ce9b3a59" testId="5655d584-e19e-8eef-5861-f48862292e74" testName="MSTest_P2_527" computerName="NAVB3" duration="00:00:00.0000706" startTime="2017-11-29T20:12:00.5919253+05:30" endTime="2017-11-29T20:12:00.5919253+05:30" testType="13cdc9d9-ddb5-4fa4-a97d-d965ccfc6d4b" outcome="Passed" testListId="8c84fa94-04c1-424b-9868-57a2d4851a1d" relativeResultsDirectory="2bcfaa0a-6ba7-45fe-878f-e803ce9b3a59" />
    <UnitTestResult executionId="b61c369d-390c-4441-b514-514347099de2" testId="9bb271d0-5466-cbe0-3fa2-4633de5f9669" testName="MSTest_P2_528" computerName="NAVB3" duration="00:00:00.0000744" startTime="2017-11-29T20:12:00.5919253+05:30" endTime="2017-11-29T20:12:00.5919253+05:30" testType="13cdc9d9-ddb5-4fa4-a97d-d965ccfc6d4b" outcome="Passed" testListId="8c84fa94-04c1-424b-9868-57a2d4851a1d" relativeResultsDirectory="b61c369d-390c-4441-b514-514347099de2" />
    <UnitTestResult executionId="2c592763-4060-4862-a1e6-4c2fb7787e36" testId="e92fc10c-fb30-b21b-1115-fcf7253c35aa" testName="MSTest_P2_529" computerName="NAVB3" duration="00:00:00.0000750" startTime="2017-11-29T20:12:00.5919253+05:30" endTime="2017-11-29T20:12:00.5919253+05:30" testType="13cdc9d9-ddb5-4fa4-a97d-d965ccfc6d4b" outcome="Passed" testListId="8c84fa94-04c1-424b-9868-57a2d4851a1d" relativeResultsDirectory="2c592763-4060-4862-a1e6-4c2fb7787e36" />
    <UnitTestResult executionId="9b1ff8cd-f100-400a-bae1-2b5bb29362f8" testId="7966242b-d974-0b64-c59c-d020dbb5e761" testName="MSTest_P2_530" computerName="NAVB3" duration="00:00:00.0000741" startTime="2017-11-29T20:12:00.5919253+05:30" endTime="2017-11-29T20:12:00.5919253+05:30" testType="13cdc9d9-ddb5-4fa4-a97d-d965ccfc6d4b" outcome="Passed" testListId="8c84fa94-04c1-424b-9868-57a2d4851a1d" relativeResultsDirectory="9b1ff8cd-f100-400a-bae1-2b5bb29362f8" />
    <UnitTestResult executionId="16b2b363-68fc-42e0-94fd-071cb96bb87b" testId="9aae1dad-0c68-f480-1b3c-ff63f29ca930" testName="MSTest_P2_531" computerName="NAVB3" duration="00:00:00.0000753" startTime="2017-11-29T20:12:00.5919253+05:30" endTime="2017-11-29T20:12:00.5919253+05:30" testType="13cdc9d9-ddb5-4fa4-a97d-d965ccfc6d4b" outcome="Passed" testListId="8c84fa94-04c1-424b-9868-57a2d4851a1d" relativeResultsDirectory="16b2b363-68fc-42e0-94fd-071cb96bb87b" />
    <UnitTestResult executionId="e4ee4766-94c6-45b5-92d4-15710ba70625" testId="0a07aa18-e58f-69f9-ea5c-287ee69f5e50" testName="MSTest_P2_532" computerName="NAVB3" duration="00:00:00.0000791" startTime="2017-11-29T20:12:00.5919253+05:30" endTime="2017-11-29T20:12:00.5919253+05:30" testType="13cdc9d9-ddb5-4fa4-a97d-d965ccfc6d4b" outcome="Passed" testListId="8c84fa94-04c1-424b-9868-57a2d4851a1d" relativeResultsDirectory="e4ee4766-94c6-45b5-92d4-15710ba70625" />
    <UnitTestResult executionId="c47494fe-80d0-4a80-8be5-da7c58651dbb" testId="32236db3-5b10-cb60-6710-e897f6895176" testName="MSTest_P2_533" computerName="NAVB3" duration="00:00:00.0000765" startTime="2017-11-29T20:12:00.5919253+05:30" endTime="2017-11-29T20:12:00.5919253+05:30" testType="13cdc9d9-ddb5-4fa4-a97d-d965ccfc6d4b" outcome="Passed" testListId="8c84fa94-04c1-424b-9868-57a2d4851a1d" relativeResultsDirectory="c47494fe-80d0-4a80-8be5-da7c58651dbb" />
    <UnitTestResult executionId="dacb309c-d44a-4cc4-bbd6-7a4c98a61000" testId="fd7e494d-611e-bfc7-6e2e-0b9aa90132e4" testName="MSTest_P2_534" computerName="NAVB3" duration="00:00:00.0000788" startTime="2017-11-29T20:12:00.5919253+05:30" endTime="2017-11-29T20:12:00.5919253+05:30" testType="13cdc9d9-ddb5-4fa4-a97d-d965ccfc6d4b" outcome="Passed" testListId="8c84fa94-04c1-424b-9868-57a2d4851a1d" relativeResultsDirectory="dacb309c-d44a-4cc4-bbd6-7a4c98a61000" />
    <UnitTestResult executionId="8a854cd6-7bfd-4eea-b330-ab7d193c7a39" testId="6891dd0b-bc83-91a2-f4f1-c5967c7b6b38" testName="MSTest_P2_535" computerName="NAVB3" duration="00:00:00.0000791" startTime="2017-11-29T20:12:00.5919253+05:30" endTime="2017-11-29T20:12:00.5919253+05:30" testType="13cdc9d9-ddb5-4fa4-a97d-d965ccfc6d4b" outcome="Passed" testListId="8c84fa94-04c1-424b-9868-57a2d4851a1d" relativeResultsDirectory="8a854cd6-7bfd-4eea-b330-ab7d193c7a39" />
    <UnitTestResult executionId="773b1cd1-0abd-4e71-b990-4d33873c61d1" testId="17ab976d-ec81-d8a4-0dca-8954c371741a" testName="MSTest_P2_536" computerName="NAVB3" duration="00:00:00.0000750" startTime="2017-11-29T20:12:00.5919253+05:30" endTime="2017-11-29T20:12:00.5919253+05:30" testType="13cdc9d9-ddb5-4fa4-a97d-d965ccfc6d4b" outcome="Passed" testListId="8c84fa94-04c1-424b-9868-57a2d4851a1d" relativeResultsDirectory="773b1cd1-0abd-4e71-b990-4d33873c61d1" />
    <UnitTestResult executionId="41ec07b6-1d10-4e77-b1d4-c945d11ea6f1" testId="72723df0-292b-813b-6a25-bd4b93301bd7" testName="MSTest_P2_537" computerName="NAVB3" duration="00:00:00.0000744" startTime="2017-11-29T20:12:00.5919253+05:30" endTime="2017-11-29T20:12:00.5919253+05:30" testType="13cdc9d9-ddb5-4fa4-a97d-d965ccfc6d4b" outcome="Passed" testListId="8c84fa94-04c1-424b-9868-57a2d4851a1d" relativeResultsDirectory="41ec07b6-1d10-4e77-b1d4-c945d11ea6f1" />
    <UnitTestResult executionId="afb4672a-adfc-4d00-b006-2c2ecedafc8c" testId="27bd9190-4948-ce5f-e027-af484941e259" testName="MSTest_P2_538" computerName="NAVB3" duration="00:00:00.0000744" startTime="2017-11-29T20:12:00.5919253+05:30" endTime="2017-11-29T20:12:00.5919253+05:30" testType="13cdc9d9-ddb5-4fa4-a97d-d965ccfc6d4b" outcome="Passed" testListId="8c84fa94-04c1-424b-9868-57a2d4851a1d" relativeResultsDirectory="afb4672a-adfc-4d00-b006-2c2ecedafc8c" />
    <UnitTestResult executionId="b47524ed-0668-48aa-83aa-1cedd7f90a4d" testId="fdfbeb7c-11b3-3beb-c55a-8ea097db63c8" testName="MSTest_P2_539" computerName="NAVB3" duration="00:00:00.0000747" startTime="2017-11-29T20:12:00.5919253+05:30" endTime="2017-11-29T20:12:00.5919253+05:30" testType="13cdc9d9-ddb5-4fa4-a97d-d965ccfc6d4b" outcome="Passed" testListId="8c84fa94-04c1-424b-9868-57a2d4851a1d" relativeResultsDirectory="b47524ed-0668-48aa-83aa-1cedd7f90a4d" />
    <UnitTestResult executionId="28da3d94-f763-4009-8f81-173fdc0c625b" testId="2e11bbad-a552-5219-226e-7056b5ce7697" testName="MSTest_P2_540" computerName="NAVB3" duration="00:00:00.0000744" startTime="2017-11-29T20:12:00.5919253+05:30" endTime="2017-11-29T20:12:00.5919253+05:30" testType="13cdc9d9-ddb5-4fa4-a97d-d965ccfc6d4b" outcome="Passed" testListId="8c84fa94-04c1-424b-9868-57a2d4851a1d" relativeResultsDirectory="28da3d94-f763-4009-8f81-173fdc0c625b" />
    <UnitTestResult executionId="c354ceab-d2e5-4d59-adbe-0322dcf274a2" testId="4b4812c6-0d0a-0ab1-819c-d86e04dc55c7" testName="MSTest_P2_541" computerName="NAVB3" duration="00:00:00.0000744" startTime="2017-11-29T20:12:00.5919253+05:30" endTime="2017-11-29T20:12:00.5919253+05:30" testType="13cdc9d9-ddb5-4fa4-a97d-d965ccfc6d4b" outcome="Passed" testListId="8c84fa94-04c1-424b-9868-57a2d4851a1d" relativeResultsDirectory="c354ceab-d2e5-4d59-adbe-0322dcf274a2" />
    <UnitTestResult executionId="55b7b934-7ab0-47cd-889a-b152463548d5" testId="fba16ff8-1dd9-2338-6b6e-5a87d4c6c9ea" testName="MSTest_P2_542" computerName="NAVB3" duration="00:00:00.0000741" startTime="2017-11-29T20:12:00.5919253+05:30" endTime="2017-11-29T20:12:00.5919253+05:30" testType="13cdc9d9-ddb5-4fa4-a97d-d965ccfc6d4b" outcome="Passed" testListId="8c84fa94-04c1-424b-9868-57a2d4851a1d" relativeResultsDirectory="55b7b934-7ab0-47cd-889a-b152463548d5" />
    <UnitTestResult executionId="2a5adf65-02f4-4c10-b10d-f427f8dd4129" testId="809036b5-9cfc-f4b2-5ff3-932e18c30f49" testName="MSTest_P2_543" computerName="NAVB3" duration="00:00:00.0000750" startTime="2017-11-29T20:12:00.5919253+05:30" endTime="2017-11-29T20:12:00.5919253+05:30" testType="13cdc9d9-ddb5-4fa4-a97d-d965ccfc6d4b" outcome="Passed" testListId="8c84fa94-04c1-424b-9868-57a2d4851a1d" relativeResultsDirectory="2a5adf65-02f4-4c10-b10d-f427f8dd4129" />
    <UnitTestResult executionId="fc9de513-bc11-437e-98c6-ea2698395075" testId="d7c9cab3-c1c9-6386-177d-a619c09ea26e" testName="MSTest_P2_544" computerName="NAVB3" duration="00:00:00.0000736" startTime="2017-11-29T20:12:00.5919253+05:30" endTime="2017-11-29T20:12:00.5919253+05:30" testType="13cdc9d9-ddb5-4fa4-a97d-d965ccfc6d4b" outcome="Passed" testListId="8c84fa94-04c1-424b-9868-57a2d4851a1d" relativeResultsDirectory="fc9de513-bc11-437e-98c6-ea2698395075" />
    <UnitTestResult executionId="eeae8856-8fee-4d40-b510-aaae6b1c94a2" testId="662c26bc-d19f-881f-5a3b-3b472bcbec47" testName="MSTest_P2_545" computerName="NAVB3" duration="00:00:00.0000733" startTime="2017-11-29T20:12:00.5919253+05:30" endTime="2017-11-29T20:12:00.5919253+05:30" testType="13cdc9d9-ddb5-4fa4-a97d-d965ccfc6d4b" outcome="Passed" testListId="8c84fa94-04c1-424b-9868-57a2d4851a1d" relativeResultsDirectory="eeae8856-8fee-4d40-b510-aaae6b1c94a2" />
    <UnitTestResult executionId="f3ce9c2c-1063-4212-9e04-944f3c799471" testId="7fec68fb-a3c3-9ad7-9647-5083ca2a9c0b" testName="MSTest_P2_546" computerName="NAVB3" duration="00:00:00.0000744" startTime="2017-11-29T20:12:00.5919253+05:30" endTime="2017-11-29T20:12:00.5919253+05:30" testType="13cdc9d9-ddb5-4fa4-a97d-d965ccfc6d4b" outcome="Passed" testListId="8c84fa94-04c1-424b-9868-57a2d4851a1d" relativeResultsDirectory="f3ce9c2c-1063-4212-9e04-944f3c799471" />
    <UnitTestResult executionId="7b8361ea-e767-4f3d-82c5-96437bc2d289" testId="fd159612-71b0-b743-33dd-3f4e86b87698" testName="MSTest_P2_547" computerName="NAVB3" duration="00:00:00.0000733" startTime="2017-11-29T20:12:00.5919253+05:30" endTime="2017-11-29T20:12:00.5919253+05:30" testType="13cdc9d9-ddb5-4fa4-a97d-d965ccfc6d4b" outcome="Passed" testListId="8c84fa94-04c1-424b-9868-57a2d4851a1d" relativeResultsDirectory="7b8361ea-e767-4f3d-82c5-96437bc2d289" />
    <UnitTestResult executionId="f7b8047e-5f35-4116-9432-ea9f57a016e7" testId="349de77d-bf20-d1d2-ca58-ede03ea4c589" testName="MSTest_P2_548" computerName="NAVB3" duration="00:00:00.0000730" startTime="2017-11-29T20:12:00.5919253+05:30" endTime="2017-11-29T20:12:00.5919253+05:30" testType="13cdc9d9-ddb5-4fa4-a97d-d965ccfc6d4b" outcome="Passed" testListId="8c84fa94-04c1-424b-9868-57a2d4851a1d" relativeResultsDirectory="f7b8047e-5f35-4116-9432-ea9f57a016e7" />
    <UnitTestResult executionId="3620ff60-8903-42b1-935e-e4c6ffbfa574" testId="082c7339-7cc5-7c47-9922-763ff1cc2ed7" testName="MSTest_P2_549" computerName="NAVB3" duration="00:00:00.0000730" startTime="2017-11-29T20:12:00.5919253+05:30" endTime="2017-11-29T20:12:00.5919253+05:30" testType="13cdc9d9-ddb5-4fa4-a97d-d965ccfc6d4b" outcome="Passed" testListId="8c84fa94-04c1-424b-9868-57a2d4851a1d" relativeResultsDirectory="3620ff60-8903-42b1-935e-e4c6ffbfa574" />
    <UnitTestResult executionId="88a2efec-6c29-461b-b4e4-a6330210cd45" testId="f8e840e4-fd18-1301-16a5-670948fb1fdc" testName="MSTest_P2_550" computerName="NAVB3" duration="00:00:00.0000727" startTime="2017-11-29T20:12:00.5919253+05:30" endTime="2017-11-29T20:12:00.5919253+05:30" testType="13cdc9d9-ddb5-4fa4-a97d-d965ccfc6d4b" outcome="Passed" testListId="8c84fa94-04c1-424b-9868-57a2d4851a1d" relativeResultsDirectory="88a2efec-6c29-461b-b4e4-a6330210cd45" />
    <UnitTestResult executionId="08a34473-e8a9-4de8-a7ed-2dd9079730bd" testId="9d4d20ed-7122-1fba-7a07-68a842a1262a" testName="MSTest_P2_551" computerName="NAVB3" duration="00:00:00.0000730" startTime="2017-11-29T20:12:00.5919253+05:30" endTime="2017-11-29T20:12:00.5919253+05:30" testType="13cdc9d9-ddb5-4fa4-a97d-d965ccfc6d4b" outcome="Passed" testListId="8c84fa94-04c1-424b-9868-57a2d4851a1d" relativeResultsDirectory="08a34473-e8a9-4de8-a7ed-2dd9079730bd" />
    <UnitTestResult executionId="6b179558-218a-49a1-b3e4-29bdddcfbcaa" testId="0e5f0a2e-368e-2490-7e26-f608a8254523" testName="MSTest_P2_552" computerName="NAVB3" duration="00:00:00.0000718" startTime="2017-11-29T20:12:00.5919253+05:30" endTime="2017-11-29T20:12:00.5919253+05:30" testType="13cdc9d9-ddb5-4fa4-a97d-d965ccfc6d4b" outcome="Passed" testListId="8c84fa94-04c1-424b-9868-57a2d4851a1d" relativeResultsDirectory="6b179558-218a-49a1-b3e4-29bdddcfbcaa" />
    <UnitTestResult executionId="f5d55ba4-cc4a-4eed-9912-75320a13df0c" testId="875088e7-68b6-f6e0-6a32-f2b4ed4c14b4" testName="MSTest_P2_553" computerName="NAVB3" duration="00:00:00.0000721" startTime="2017-11-29T20:12:00.5919253+05:30" endTime="2017-11-29T20:12:00.5919253+05:30" testType="13cdc9d9-ddb5-4fa4-a97d-d965ccfc6d4b" outcome="Passed" testListId="8c84fa94-04c1-424b-9868-57a2d4851a1d" relativeResultsDirectory="f5d55ba4-cc4a-4eed-9912-75320a13df0c" />
    <UnitTestResult executionId="f0b98d68-fc66-4dfc-832b-f5afef3f375c" testId="9cc5d565-f73b-a443-f68b-1e5854b6792c" testName="MSTest_P2_554" computerName="NAVB3" duration="00:00:00.0000733" startTime="2017-11-29T20:12:00.5919253+05:30" endTime="2017-11-29T20:12:00.5919253+05:30" testType="13cdc9d9-ddb5-4fa4-a97d-d965ccfc6d4b" outcome="Passed" testListId="8c84fa94-04c1-424b-9868-57a2d4851a1d" relativeResultsDirectory="f0b98d68-fc66-4dfc-832b-f5afef3f375c" />
    <UnitTestResult executionId="18d75ef7-8cc1-4d91-a327-8ddff6142b68" testId="7d736325-4dd1-ff28-0317-4dd9055f7865" testName="MSTest_P2_555" computerName="NAVB3" duration="00:00:00.0000733" startTime="2017-11-29T20:12:00.5919253+05:30" endTime="2017-11-29T20:12:00.5919253+05:30" testType="13cdc9d9-ddb5-4fa4-a97d-d965ccfc6d4b" outcome="Passed" testListId="8c84fa94-04c1-424b-9868-57a2d4851a1d" relativeResultsDirectory="18d75ef7-8cc1-4d91-a327-8ddff6142b68" />
    <UnitTestResult executionId="7a5ccd83-5218-495f-bb04-af7d72af5af1" testId="7b09c487-2fe1-4c0e-946d-ca6cc6caff6f" testName="MSTest_P2_556" computerName="NAVB3" duration="00:00:00.0000727" startTime="2017-11-29T20:12:00.5919253+05:30" endTime="2017-11-29T20:12:00.5919253+05:30" testType="13cdc9d9-ddb5-4fa4-a97d-d965ccfc6d4b" outcome="Passed" testListId="8c84fa94-04c1-424b-9868-57a2d4851a1d" relativeResultsDirectory="7a5ccd83-5218-495f-bb04-af7d72af5af1" />
    <UnitTestResult executionId="fdcc3cb4-390d-4330-b0a9-c1df9d1dd543" testId="bc21ff58-3b14-8973-0b02-2b4d21113581" testName="MSTest_P2_557" computerName="NAVB3" duration="00:00:00.0000738" startTime="2017-11-29T20:12:00.5919253+05:30" endTime="2017-11-29T20:12:00.5919253+05:30" testType="13cdc9d9-ddb5-4fa4-a97d-d965ccfc6d4b" outcome="Passed" testListId="8c84fa94-04c1-424b-9868-57a2d4851a1d" relativeResultsDirectory="fdcc3cb4-390d-4330-b0a9-c1df9d1dd543" />
    <UnitTestResult executionId="9c6d2281-1527-4e2e-afb0-dbee3ebd3e40" testId="a61cd15d-d694-4217-2314-94a75d5fde5d" testName="MSTest_P2_558" computerName="NAVB3" duration="00:00:00.0000736" startTime="2017-11-29T20:12:00.5919253+05:30" endTime="2017-11-29T20:12:00.5919253+05:30" testType="13cdc9d9-ddb5-4fa4-a97d-d965ccfc6d4b" outcome="Passed" testListId="8c84fa94-04c1-424b-9868-57a2d4851a1d" relativeResultsDirectory="9c6d2281-1527-4e2e-afb0-dbee3ebd3e40" />
    <UnitTestResult executionId="11ee923a-e017-487e-9bcd-d2e580cb972d" testId="fb7d87eb-067f-4711-53f9-9139d33021bd" testName="MSTest_P2_559" computerName="NAVB3" duration="00:00:00.0000950" startTime="2017-11-29T20:12:00.5919253+05:30" endTime="2017-11-29T20:12:00.5919253+05:30" testType="13cdc9d9-ddb5-4fa4-a97d-d965ccfc6d4b" outcome="Passed" testListId="8c84fa94-04c1-424b-9868-57a2d4851a1d" relativeResultsDirectory="11ee923a-e017-487e-9bcd-d2e580cb972d" />
    <UnitTestResult executionId="c91d7836-0b70-46c7-b3dc-7324df19f2e7" testId="809dc7a8-ce61-aa44-fca3-16b8d5b0ec1d" testName="MSTest_P2_560" computerName="NAVB3" duration="00:00:00.0000756" startTime="2017-11-29T20:12:00.5919253+05:30" endTime="2017-11-29T20:12:00.5919253+05:30" testType="13cdc9d9-ddb5-4fa4-a97d-d965ccfc6d4b" outcome="Passed" testListId="8c84fa94-04c1-424b-9868-57a2d4851a1d" relativeResultsDirectory="c91d7836-0b70-46c7-b3dc-7324df19f2e7" />
    <UnitTestResult executionId="b22ea341-20f4-4946-95da-a43781eefedd" testId="79714c50-5eb1-d5d1-b32a-c7f10cf6fbe7" testName="MSTest_P2_561" computerName="NAVB3" duration="00:00:00.0000744" startTime="2017-11-29T20:12:00.5919253+05:30" endTime="2017-11-29T20:12:00.5919253+05:30" testType="13cdc9d9-ddb5-4fa4-a97d-d965ccfc6d4b" outcome="Passed" testListId="8c84fa94-04c1-424b-9868-57a2d4851a1d" relativeResultsDirectory="b22ea341-20f4-4946-95da-a43781eefedd" />
    <UnitTestResult executionId="d8b7766d-b4c3-43fe-90ed-21839d043f2f" testId="90b2e005-acc5-1d6c-5a43-a78c5ff76120" testName="MSTest_P2_562" computerName="NAVB3" duration="00:00:00.0000753" startTime="2017-11-29T20:12:00.5919253+05:30" endTime="2017-11-29T20:12:00.5919253+05:30" testType="13cdc9d9-ddb5-4fa4-a97d-d965ccfc6d4b" outcome="Passed" testListId="8c84fa94-04c1-424b-9868-57a2d4851a1d" relativeResultsDirectory="d8b7766d-b4c3-43fe-90ed-21839d043f2f" />
    <UnitTestResult executionId="e3866d10-5f57-44c3-8cf2-b66e40a05efc" testId="689ffc80-ae01-18fa-b138-8bae52645615" testName="MSTest_P2_563" computerName="NAVB3" duration="00:00:00.0000747" startTime="2017-11-29T20:12:00.5919253+05:30" endTime="2017-11-29T20:12:00.5919253+05:30" testType="13cdc9d9-ddb5-4fa4-a97d-d965ccfc6d4b" outcome="Passed" testListId="8c84fa94-04c1-424b-9868-57a2d4851a1d" relativeResultsDirectory="e3866d10-5f57-44c3-8cf2-b66e40a05efc" />
    <UnitTestResult executionId="fffc5b06-96ad-425b-b672-d56e52171acc" testId="ad289964-2943-3eb9-099e-d632a52a571e" testName="MSTest_P2_564" computerName="NAVB3" duration="00:00:00.0000756" startTime="2017-11-29T20:12:00.5919253+05:30" endTime="2017-11-29T20:12:00.5919253+05:30" testType="13cdc9d9-ddb5-4fa4-a97d-d965ccfc6d4b" outcome="Passed" testListId="8c84fa94-04c1-424b-9868-57a2d4851a1d" relativeResultsDirectory="fffc5b06-96ad-425b-b672-d56e52171acc" />
    <UnitTestResult executionId="ffb942a2-ff1b-442e-82d7-e433cf6659f7" testId="da11a2eb-6208-4f87-a0ec-cc4f270b7396" testName="MSTest_P2_565" computerName="NAVB3" duration="00:00:00.0000747" startTime="2017-11-29T20:12:00.5919253+05:30" endTime="2017-11-29T20:12:00.5919253+05:30" testType="13cdc9d9-ddb5-4fa4-a97d-d965ccfc6d4b" outcome="Passed" testListId="8c84fa94-04c1-424b-9868-57a2d4851a1d" relativeResultsDirectory="ffb942a2-ff1b-442e-82d7-e433cf6659f7" />
    <UnitTestResult executionId="9c809572-ac85-4f3b-af19-766ffc0f63c0" testId="b019235f-b6d9-c1e6-9ed6-84d1850247d9" testName="MSTest_P2_566" computerName="NAVB3" duration="00:00:00.0000747" startTime="2017-11-29T20:12:00.5919253+05:30" endTime="2017-11-29T20:12:00.5919253+05:30" testType="13cdc9d9-ddb5-4fa4-a97d-d965ccfc6d4b" outcome="Passed" testListId="8c84fa94-04c1-424b-9868-57a2d4851a1d" relativeResultsDirectory="9c809572-ac85-4f3b-af19-766ffc0f63c0" />
    <UnitTestResult executionId="7d41c028-dacc-4342-8409-ad55b75370f7" testId="c636ae84-7c6c-cc08-2935-5ac732a93a48" testName="MSTest_P2_567" computerName="NAVB3" duration="00:00:00.0000750" startTime="2017-11-29T20:12:00.5919253+05:30" endTime="2017-11-29T20:12:00.5919253+05:30" testType="13cdc9d9-ddb5-4fa4-a97d-d965ccfc6d4b" outcome="Passed" testListId="8c84fa94-04c1-424b-9868-57a2d4851a1d" relativeResultsDirectory="7d41c028-dacc-4342-8409-ad55b75370f7" />
    <UnitTestResult executionId="cc46a3df-857d-4acf-b388-0838e73b8227" testId="99231236-53fd-bcc2-b2f1-35bf8c9f2cee" testName="MSTest_P2_568" computerName="NAVB3" duration="00:00:00.0000750" startTime="2017-11-29T20:12:00.5919253+05:30" endTime="2017-11-29T20:12:00.5919253+05:30" testType="13cdc9d9-ddb5-4fa4-a97d-d965ccfc6d4b" outcome="Passed" testListId="8c84fa94-04c1-424b-9868-57a2d4851a1d" relativeResultsDirectory="cc46a3df-857d-4acf-b388-0838e73b8227" />
    <UnitTestResult executionId="6645a07a-ca9a-4107-ad36-e9d3e6ecf066" testId="c2a6d61d-4f19-2ce9-e980-ef896a04601b" testName="MSTest_P2_569" computerName="NAVB3" duration="00:00:00.0000744" startTime="2017-11-29T20:12:00.5919253+05:30" endTime="2017-11-29T20:12:00.5919253+05:30" testType="13cdc9d9-ddb5-4fa4-a97d-d965ccfc6d4b" outcome="Passed" testListId="8c84fa94-04c1-424b-9868-57a2d4851a1d" relativeResultsDirectory="6645a07a-ca9a-4107-ad36-e9d3e6ecf066" />
    <UnitTestResult executionId="d4f2f0be-95bc-4c42-8e25-7aa1979fee11" testId="13b7e519-447e-5e0e-9a3c-3c3335bd94f7" testName="MSTest_P2_570" computerName="NAVB3" duration="00:00:00.0000741" startTime="2017-11-29T20:12:00.5919253+05:30" endTime="2017-11-29T20:12:00.5919253+05:30" testType="13cdc9d9-ddb5-4fa4-a97d-d965ccfc6d4b" outcome="Passed" testListId="8c84fa94-04c1-424b-9868-57a2d4851a1d" relativeResultsDirectory="d4f2f0be-95bc-4c42-8e25-7aa1979fee11" />
    <UnitTestResult executionId="37ca0c4e-764d-4cdd-be8c-ea0d4b4411f8" testId="e08737b9-1fe6-529d-d946-521023a440a3" testName="MSTest_P2_571" computerName="NAVB3" duration="00:00:00.0000741" startTime="2017-11-29T20:12:00.5919253+05:30" endTime="2017-11-29T20:12:00.5919253+05:30" testType="13cdc9d9-ddb5-4fa4-a97d-d965ccfc6d4b" outcome="Passed" testListId="8c84fa94-04c1-424b-9868-57a2d4851a1d" relativeResultsDirectory="37ca0c4e-764d-4cdd-be8c-ea0d4b4411f8" />
    <UnitTestResult executionId="0e685302-6dfd-4b07-85f3-a1872e2a3e47" testId="8c4dc4e0-e4dd-8342-9276-c69c90a367a4" testName="MSTest_P2_572" computerName="NAVB3" duration="00:00:00.0000738" startTime="2017-11-29T20:12:00.5919253+05:30" endTime="2017-11-29T20:12:00.5919253+05:30" testType="13cdc9d9-ddb5-4fa4-a97d-d965ccfc6d4b" outcome="Passed" testListId="8c84fa94-04c1-424b-9868-57a2d4851a1d" relativeResultsDirectory="0e685302-6dfd-4b07-85f3-a1872e2a3e47" />
    <UnitTestResult executionId="ad94f694-cc5c-4618-90e4-2b3384806e12" testId="7f0a7865-cba7-e81e-fef8-04d0bb1f3e03" testName="MSTest_P2_573" computerName="NAVB3" duration="00:00:00.0000741" startTime="2017-11-29T20:12:00.5919253+05:30" endTime="2017-11-29T20:12:00.5919253+05:30" testType="13cdc9d9-ddb5-4fa4-a97d-d965ccfc6d4b" outcome="Passed" testListId="8c84fa94-04c1-424b-9868-57a2d4851a1d" relativeResultsDirectory="ad94f694-cc5c-4618-90e4-2b3384806e12" />
    <UnitTestResult executionId="413efbe7-a5ad-4823-88a2-76e2ff7a2dae" testId="a2a392f4-9208-dadc-b9c5-6bcf7141eeef" testName="MSTest_P2_574" computerName="NAVB3" duration="00:00:00.0000741" startTime="2017-11-29T20:12:00.5919253+05:30" endTime="2017-11-29T20:12:00.5919253+05:30" testType="13cdc9d9-ddb5-4fa4-a97d-d965ccfc6d4b" outcome="Passed" testListId="8c84fa94-04c1-424b-9868-57a2d4851a1d" relativeResultsDirectory="413efbe7-a5ad-4823-88a2-76e2ff7a2dae" />
    <UnitTestResult executionId="c8f944de-0893-4bf3-94f9-f37ed0c971cb" testId="352e150b-24db-9a0c-6e6c-53d48231945d" testName="MSTest_P2_575" computerName="NAVB3" duration="00:00:00.0000738" startTime="2017-11-29T20:12:00.5919253+05:30" endTime="2017-11-29T20:12:00.5919253+05:30" testType="13cdc9d9-ddb5-4fa4-a97d-d965ccfc6d4b" outcome="Passed" testListId="8c84fa94-04c1-424b-9868-57a2d4851a1d" relativeResultsDirectory="c8f944de-0893-4bf3-94f9-f37ed0c971cb" />
    <UnitTestResult executionId="db30a671-3f51-40b5-9c25-3b0f5d0c3313" testId="55bb454f-9cea-2d0c-9de8-1082887d5477" testName="MSTest_P2_576" computerName="NAVB3" duration="00:00:00.0000753" startTime="2017-11-29T20:12:00.5919253+05:30" endTime="2017-11-29T20:12:00.5919253+05:30" testType="13cdc9d9-ddb5-4fa4-a97d-d965ccfc6d4b" outcome="Passed" testListId="8c84fa94-04c1-424b-9868-57a2d4851a1d" relativeResultsDirectory="db30a671-3f51-40b5-9c25-3b0f5d0c3313" />
    <UnitTestResult executionId="4cf9d737-7603-4a1c-89d5-acb3a3d7234d" testId="cd080ca0-655a-7010-db17-2d5a58bf5cf8" testName="MSTest_P2_577" computerName="NAVB3" duration="00:00:00.0000733" startTime="2017-11-29T20:12:00.5919253+05:30" endTime="2017-11-29T20:12:00.5919253+05:30" testType="13cdc9d9-ddb5-4fa4-a97d-d965ccfc6d4b" outcome="Passed" testListId="8c84fa94-04c1-424b-9868-57a2d4851a1d" relativeResultsDirectory="4cf9d737-7603-4a1c-89d5-acb3a3d7234d" />
    <UnitTestResult executionId="1bb2b516-ac9e-4004-9569-dad41c577ac5" testId="a3b4422f-6936-c141-3538-498b4226ec66" testName="MSTest_P2_578" computerName="NAVB3" duration="00:00:00.0000741" startTime="2017-11-29T20:12:00.5919253+05:30" endTime="2017-11-29T20:12:00.5919253+05:30" testType="13cdc9d9-ddb5-4fa4-a97d-d965ccfc6d4b" outcome="Passed" testListId="8c84fa94-04c1-424b-9868-57a2d4851a1d" relativeResultsDirectory="1bb2b516-ac9e-4004-9569-dad41c577ac5" />
    <UnitTestResult executionId="22c8ea96-4cb5-43ef-8d07-965eeb0679e9" testId="9c62c3e7-261f-d123-cce8-f248d6add621" testName="MSTest_P2_579" computerName="NAVB3" duration="00:00:00.0000733" startTime="2017-11-29T20:12:00.5919253+05:30" endTime="2017-11-29T20:12:00.5919253+05:30" testType="13cdc9d9-ddb5-4fa4-a97d-d965ccfc6d4b" outcome="Passed" testListId="8c84fa94-04c1-424b-9868-57a2d4851a1d" relativeResultsDirectory="22c8ea96-4cb5-43ef-8d07-965eeb0679e9" />
    <UnitTestResult executionId="c58cf9a8-4d64-4beb-9525-b25bce1fa985" testId="46d28ad6-deb4-09da-ed2b-bf5fc6628fc8" testName="MSTest_P2_580" computerName="NAVB3" duration="00:00:00.0000900" startTime="2017-11-29T20:12:00.5919253+05:30" endTime="2017-11-29T20:12:00.6075477+05:30" testType="13cdc9d9-ddb5-4fa4-a97d-d965ccfc6d4b" outcome="Passed" testListId="8c84fa94-04c1-424b-9868-57a2d4851a1d" relativeResultsDirectory="c58cf9a8-4d64-4beb-9525-b25bce1fa985" />
    <UnitTestResult executionId="5aaf8f0d-3cdb-4a45-a41b-de1832a96cc4" testId="1cc79c2e-0aac-d055-10df-3245802c9312" testName="MSTest_P2_581" computerName="NAVB3" duration="00:00:00.0000879" startTime="2017-11-29T20:12:00.6075477+05:30" endTime="2017-11-29T20:12:00.6075477+05:30" testType="13cdc9d9-ddb5-4fa4-a97d-d965ccfc6d4b" outcome="Passed" testListId="8c84fa94-04c1-424b-9868-57a2d4851a1d" relativeResultsDirectory="5aaf8f0d-3cdb-4a45-a41b-de1832a96cc4" />
    <UnitTestResult executionId="f039ecb4-1998-42db-b2f1-8419e178b5f8" testId="00c9367a-dbeb-babf-2048-916d2acdf4f7" testName="MSTest_P2_582" computerName="NAVB3" duration="00:00:00.0000873" startTime="2017-11-29T20:12:00.6075477+05:30" endTime="2017-11-29T20:12:00.6075477+05:30" testType="13cdc9d9-ddb5-4fa4-a97d-d965ccfc6d4b" outcome="Passed" testListId="8c84fa94-04c1-424b-9868-57a2d4851a1d" relativeResultsDirectory="f039ecb4-1998-42db-b2f1-8419e178b5f8" />
    <UnitTestResult executionId="0231016d-8d1d-4261-88d6-eb42fb4a542a" testId="77fd3bc3-ca21-2bf7-1001-7b2d3bf56275" testName="MSTest_P2_583" computerName="NAVB3" duration="00:00:00.0000838" startTime="2017-11-29T20:12:00.6075477+05:30" endTime="2017-11-29T20:12:00.6075477+05:30" testType="13cdc9d9-ddb5-4fa4-a97d-d965ccfc6d4b" outcome="Passed" testListId="8c84fa94-04c1-424b-9868-57a2d4851a1d" relativeResultsDirectory="0231016d-8d1d-4261-88d6-eb42fb4a542a" />
    <UnitTestResult executionId="a23eaf77-21b6-46ce-967e-5289d28aecd5" testId="1e875ee1-ba06-caaa-f566-d5714d44dd68" testName="MSTest_P2_584" computerName="NAVB3" duration="00:00:00.0000832" startTime="2017-11-29T20:12:00.6075477+05:30" endTime="2017-11-29T20:12:00.6075477+05:30" testType="13cdc9d9-ddb5-4fa4-a97d-d965ccfc6d4b" outcome="Passed" testListId="8c84fa94-04c1-424b-9868-57a2d4851a1d" relativeResultsDirectory="a23eaf77-21b6-46ce-967e-5289d28aecd5" />
    <UnitTestResult executionId="c9598987-135a-4e62-a86f-8a7f772d5f2a" testId="9088f3dd-8dc4-c819-5b3a-457dd18ba798" testName="MSTest_P2_585" computerName="NAVB3" duration="00:00:00.0000741" startTime="2017-11-29T20:12:00.6075477+05:30" endTime="2017-11-29T20:12:00.6075477+05:30" testType="13cdc9d9-ddb5-4fa4-a97d-d965ccfc6d4b" outcome="Passed" testListId="8c84fa94-04c1-424b-9868-57a2d4851a1d" relativeResultsDirectory="c9598987-135a-4e62-a86f-8a7f772d5f2a" />
    <UnitTestResult executionId="df267901-faa8-4994-bddd-24e606869cf9" testId="952c328e-00b2-fcd1-1c6a-978b594935a5" testName="MSTest_P2_586" computerName="NAVB3" duration="00:00:00.0000771" startTime="2017-11-29T20:12:00.6075477+05:30" endTime="2017-11-29T20:12:00.6075477+05:30" testType="13cdc9d9-ddb5-4fa4-a97d-d965ccfc6d4b" outcome="Passed" testListId="8c84fa94-04c1-424b-9868-57a2d4851a1d" relativeResultsDirectory="df267901-faa8-4994-bddd-24e606869cf9" />
    <UnitTestResult executionId="f507a00c-99a8-4332-a2b5-64820e5b5e0e" testId="c596a6e3-f667-1ce9-a00b-5dac9db1c828" testName="MSTest_P2_587" computerName="NAVB3" duration="00:00:00.0000727" startTime="2017-11-29T20:12:00.6075477+05:30" endTime="2017-11-29T20:12:00.6075477+05:30" testType="13cdc9d9-ddb5-4fa4-a97d-d965ccfc6d4b" outcome="Passed" testListId="8c84fa94-04c1-424b-9868-57a2d4851a1d" relativeResultsDirectory="f507a00c-99a8-4332-a2b5-64820e5b5e0e" />
    <UnitTestResult executionId="13992f13-7323-424d-aa58-c6ef0dbed66d" testId="700b7243-2131-0478-6625-11e19a3b6196" testName="MSTest_P2_588" computerName="NAVB3" duration="00:00:00.0000885" startTime="2017-11-29T20:12:00.6075477+05:30" endTime="2017-11-29T20:12:00.6075477+05:30" testType="13cdc9d9-ddb5-4fa4-a97d-d965ccfc6d4b" outcome="Passed" testListId="8c84fa94-04c1-424b-9868-57a2d4851a1d" relativeResultsDirectory="13992f13-7323-424d-aa58-c6ef0dbed66d" />
    <UnitTestResult executionId="00b6e4f8-dcc6-43c8-b4e9-6c6630b04de1" testId="5f3f9071-e72d-11e5-cfb2-09f868e8c2eb" testName="MSTest_P2_589" computerName="NAVB3" duration="00:00:00.0000806" startTime="2017-11-29T20:12:00.6075477+05:30" endTime="2017-11-29T20:12:00.6075477+05:30" testType="13cdc9d9-ddb5-4fa4-a97d-d965ccfc6d4b" outcome="Passed" testListId="8c84fa94-04c1-424b-9868-57a2d4851a1d" relativeResultsDirectory="00b6e4f8-dcc6-43c8-b4e9-6c6630b04de1" />
    <UnitTestResult executionId="a0c27191-5b17-452e-8246-41e319e368bf" testId="18bc6132-d4be-24ab-ba89-49edeb609383" testName="MSTest_P2_590" computerName="NAVB3" duration="00:00:00.0000797" startTime="2017-11-29T20:12:00.6075477+05:30" endTime="2017-11-29T20:12:00.6075477+05:30" testType="13cdc9d9-ddb5-4fa4-a97d-d965ccfc6d4b" outcome="Passed" testListId="8c84fa94-04c1-424b-9868-57a2d4851a1d" relativeResultsDirectory="a0c27191-5b17-452e-8246-41e319e368bf" />
    <UnitTestResult executionId="0f443f35-cecc-4624-909f-542ef54b6f67" testId="ed66a6cc-b05f-6df5-3242-4686b5f5f796" testName="MSTest_P2_591" computerName="NAVB3" duration="00:00:00.0000800" startTime="2017-11-29T20:12:00.6075477+05:30" endTime="2017-11-29T20:12:00.6075477+05:30" testType="13cdc9d9-ddb5-4fa4-a97d-d965ccfc6d4b" outcome="Passed" testListId="8c84fa94-04c1-424b-9868-57a2d4851a1d" relativeResultsDirectory="0f443f35-cecc-4624-909f-542ef54b6f67" />
    <UnitTestResult executionId="c84aae49-75b1-4894-9b56-46f8dd07db6e" testId="ca67437b-73b8-ceef-9445-52b4b58e5290" testName="MSTest_P2_592" computerName="NAVB3" duration="00:00:00.0000809" startTime="2017-11-29T20:12:00.6075477+05:30" endTime="2017-11-29T20:12:00.6075477+05:30" testType="13cdc9d9-ddb5-4fa4-a97d-d965ccfc6d4b" outcome="Passed" testListId="8c84fa94-04c1-424b-9868-57a2d4851a1d" relativeResultsDirectory="c84aae49-75b1-4894-9b56-46f8dd07db6e" />
    <UnitTestResult executionId="c1b277d7-aba1-48c3-8b1a-f2bb6170d223" testId="84c2e018-bfdb-d939-f8a3-ac81ef51563a" testName="MSTest_P2_593" computerName="NAVB3" duration="00:00:00.0000765" startTime="2017-11-29T20:12:00.6075477+05:30" endTime="2017-11-29T20:12:00.6075477+05:30" testType="13cdc9d9-ddb5-4fa4-a97d-d965ccfc6d4b" outcome="Passed" testListId="8c84fa94-04c1-424b-9868-57a2d4851a1d" relativeResultsDirectory="c1b277d7-aba1-48c3-8b1a-f2bb6170d223" />
    <UnitTestResult executionId="bcfc2de3-0be2-4ac8-83a5-cd9146d697cd" testId="326669d6-1df5-ae8b-ecc8-21a451cb99e7" testName="MSTest_P2_594" computerName="NAVB3" duration="00:00:00.0000753" startTime="2017-11-29T20:12:00.6075477+05:30" endTime="2017-11-29T20:12:00.6075477+05:30" testType="13cdc9d9-ddb5-4fa4-a97d-d965ccfc6d4b" outcome="Passed" testListId="8c84fa94-04c1-424b-9868-57a2d4851a1d" relativeResultsDirectory="bcfc2de3-0be2-4ac8-83a5-cd9146d697cd" />
    <UnitTestResult executionId="bd2a0bac-eae4-48ad-b3bf-72064272c2bb" testId="cc1e114a-7a5b-882e-d4e9-1afd637fbbff" testName="MSTest_P2_595" computerName="NAVB3" duration="00:00:00.0000727" startTime="2017-11-29T20:12:00.6075477+05:30" endTime="2017-11-29T20:12:00.6075477+05:30" testType="13cdc9d9-ddb5-4fa4-a97d-d965ccfc6d4b" outcome="Passed" testListId="8c84fa94-04c1-424b-9868-57a2d4851a1d" relativeResultsDirectory="bd2a0bac-eae4-48ad-b3bf-72064272c2bb" />
    <UnitTestResult executionId="212c4392-f930-4ec5-9c25-8ae0e0aebf8d" testId="98abf001-8325-724b-3646-dcd498785d7a" testName="MSTest_P2_426" computerName="NAVB3" duration="00:00:00.0000738" startTime="2017-11-29T20:12:00.6075477+05:30" endTime="2017-11-29T20:12:00.6075477+05:30" testType="13cdc9d9-ddb5-4fa4-a97d-d965ccfc6d4b" outcome="Passed" testListId="8c84fa94-04c1-424b-9868-57a2d4851a1d" relativeResultsDirectory="212c4392-f930-4ec5-9c25-8ae0e0aebf8d" />
    <UnitTestResult executionId="55ca95d2-8d96-4819-9830-2aba8603fb94" testId="3f6eb43b-0967-1e14-7b80-9a15a48c8d89" testName="MSTest_P2_427" computerName="NAVB3" duration="00:00:00.0000730" startTime="2017-11-29T20:12:00.6075477+05:30" endTime="2017-11-29T20:12:00.6075477+05:30" testType="13cdc9d9-ddb5-4fa4-a97d-d965ccfc6d4b" outcome="Passed" testListId="8c84fa94-04c1-424b-9868-57a2d4851a1d" relativeResultsDirectory="55ca95d2-8d96-4819-9830-2aba8603fb94" />
    <UnitTestResult executionId="3f8329d2-5269-4a99-ae34-f2da3e9d9566" testId="4807b0ac-94b7-616f-4738-4843ed0f0eae" testName="MSTest_P2_428" computerName="NAVB3" duration="00:00:00.0000733" startTime="2017-11-29T20:12:00.6075477+05:30" endTime="2017-11-29T20:12:00.6075477+05:30" testType="13cdc9d9-ddb5-4fa4-a97d-d965ccfc6d4b" outcome="Passed" testListId="8c84fa94-04c1-424b-9868-57a2d4851a1d" relativeResultsDirectory="3f8329d2-5269-4a99-ae34-f2da3e9d9566" />
    <UnitTestResult executionId="6ad7a104-8b6b-4902-a6b2-a42d17f21e7d" testId="82727f2a-6150-fc24-7a49-51f80cdb4987" testName="MSTest_P2_429" computerName="NAVB3" duration="00:00:00.0000803" startTime="2017-11-29T20:12:00.6075477+05:30" endTime="2017-11-29T20:12:00.6075477+05:30" testType="13cdc9d9-ddb5-4fa4-a97d-d965ccfc6d4b" outcome="Passed" testListId="8c84fa94-04c1-424b-9868-57a2d4851a1d" relativeResultsDirectory="6ad7a104-8b6b-4902-a6b2-a42d17f21e7d" />
    <UnitTestResult executionId="02d89b45-d377-407a-a9ca-8f1553e2f328" testId="6d95c5f4-22d9-e776-2353-03f6df58ff86" testName="MSTest_P2_430" computerName="NAVB3" duration="00:00:00.0000818" startTime="2017-11-29T20:12:00.6075477+05:30" endTime="2017-11-29T20:12:00.6075477+05:30" testType="13cdc9d9-ddb5-4fa4-a97d-d965ccfc6d4b" outcome="Passed" testListId="8c84fa94-04c1-424b-9868-57a2d4851a1d" relativeResultsDirectory="02d89b45-d377-407a-a9ca-8f1553e2f328" />
    <UnitTestResult executionId="56e2edda-fa29-4caa-806b-7f70275edf78" testId="051d2aec-46df-a900-8843-4b0d6b05afb0" testName="MSTest_P2_431" computerName="NAVB3" duration="00:00:00.0000812" startTime="2017-11-29T20:12:00.6075477+05:30" endTime="2017-11-29T20:12:00.6075477+05:30" testType="13cdc9d9-ddb5-4fa4-a97d-d965ccfc6d4b" outcome="Passed" testListId="8c84fa94-04c1-424b-9868-57a2d4851a1d" relativeResultsDirectory="56e2edda-fa29-4caa-806b-7f70275edf78" />
    <UnitTestResult executionId="d383b58b-f9c1-45bc-897f-68bcf3934672" testId="853ac102-a930-910d-cb4b-4b005698cc6d" testName="MSTest_P2_432" computerName="NAVB3" duration="00:00:00.0000803" startTime="2017-11-29T20:12:00.6075477+05:30" endTime="2017-11-29T20:12:00.6075477+05:30" testType="13cdc9d9-ddb5-4fa4-a97d-d965ccfc6d4b" outcome="Passed" testListId="8c84fa94-04c1-424b-9868-57a2d4851a1d" relativeResultsDirectory="d383b58b-f9c1-45bc-897f-68bcf3934672" />
    <UnitTestResult executionId="e7c7f7f5-6eac-4158-9817-0f5f6c6e2e82" testId="47ca7fad-29cc-f160-b547-703391f4c7c1" testName="MSTest_P2_433" computerName="NAVB3" duration="00:00:00.0000797" startTime="2017-11-29T20:12:00.6075477+05:30" endTime="2017-11-29T20:12:00.6075477+05:30" testType="13cdc9d9-ddb5-4fa4-a97d-d965ccfc6d4b" outcome="Passed" testListId="8c84fa94-04c1-424b-9868-57a2d4851a1d" relativeResultsDirectory="e7c7f7f5-6eac-4158-9817-0f5f6c6e2e82" />
    <UnitTestResult executionId="a38f5bf3-277a-496a-acbb-9839933b941d" testId="8b3a9ffa-bc6d-bbe3-14b1-e8f5717a3826" testName="MSTest_P2_434" computerName="NAVB3" duration="00:00:00.0000797" startTime="2017-11-29T20:12:00.6075477+05:30" endTime="2017-11-29T20:12:00.6075477+05:30" testType="13cdc9d9-ddb5-4fa4-a97d-d965ccfc6d4b" outcome="Passed" testListId="8c84fa94-04c1-424b-9868-57a2d4851a1d" relativeResultsDirectory="a38f5bf3-277a-496a-acbb-9839933b941d" />
    <UnitTestResult executionId="e43c79a8-75eb-485f-bd05-41b5af155f32" testId="9f99169d-223d-c18b-81c1-2a4fc7718ff4" testName="MSTest_P2_435" computerName="NAVB3" duration="00:00:00.0000797" startTime="2017-11-29T20:12:00.6075477+05:30" endTime="2017-11-29T20:12:00.6075477+05:30" testType="13cdc9d9-ddb5-4fa4-a97d-d965ccfc6d4b" outcome="Passed" testListId="8c84fa94-04c1-424b-9868-57a2d4851a1d" relativeResultsDirectory="e43c79a8-75eb-485f-bd05-41b5af155f32" />
    <UnitTestResult executionId="ad391830-a2cb-4d87-832e-141064dd686f" testId="c172ec41-53cc-73e3-6f28-d49974dc4c14" testName="MSTest_P2_436" computerName="NAVB3" duration="00:00:00.0000791" startTime="2017-11-29T20:12:00.6075477+05:30" endTime="2017-11-29T20:12:00.6075477+05:30" testType="13cdc9d9-ddb5-4fa4-a97d-d965ccfc6d4b" outcome="Passed" testListId="8c84fa94-04c1-424b-9868-57a2d4851a1d" relativeResultsDirectory="ad391830-a2cb-4d87-832e-141064dd686f" />
    <UnitTestResult executionId="cbd3dc38-f55c-4dee-b0f1-bade5332043c" testId="f5fdd381-1fe6-8dbf-3d15-553d9c5900b7" testName="MSTest_P2_437" computerName="NAVB3" duration="00:00:00.0000794" startTime="2017-11-29T20:12:00.6075477+05:30" endTime="2017-11-29T20:12:00.6075477+05:30" testType="13cdc9d9-ddb5-4fa4-a97d-d965ccfc6d4b" outcome="Passed" testListId="8c84fa94-04c1-424b-9868-57a2d4851a1d" relativeResultsDirectory="cbd3dc38-f55c-4dee-b0f1-bade5332043c" />
    <UnitTestResult executionId="e6bf1bd0-7370-4bae-8dc8-85ff9c6f22ff" testId="a63a9b99-cb84-bafc-6c65-02b668a630ec" testName="MSTest_P2_438" computerName="NAVB3" duration="00:00:00.0000803" startTime="2017-11-29T20:12:00.6075477+05:30" endTime="2017-11-29T20:12:00.6075477+05:30" testType="13cdc9d9-ddb5-4fa4-a97d-d965ccfc6d4b" outcome="Passed" testListId="8c84fa94-04c1-424b-9868-57a2d4851a1d" relativeResultsDirectory="e6bf1bd0-7370-4bae-8dc8-85ff9c6f22ff" />
    <UnitTestResult executionId="b4da94fd-4975-4759-98b0-476802cedf53" testId="e09e8dca-38a8-b253-db1d-83696b91edf1" testName="MSTest_P2_439" computerName="NAVB3" duration="00:00:00.0000744" startTime="2017-11-29T20:12:00.6075477+05:30" endTime="2017-11-29T20:12:00.6075477+05:30" testType="13cdc9d9-ddb5-4fa4-a97d-d965ccfc6d4b" outcome="Passed" testListId="8c84fa94-04c1-424b-9868-57a2d4851a1d" relativeResultsDirectory="b4da94fd-4975-4759-98b0-476802cedf53" />
    <UnitTestResult executionId="da007c33-a850-4794-84fc-b5e580ada47b" testId="70220e49-de77-3dca-1307-614c51c1863d" testName="MSTest_P2_440" computerName="NAVB3" duration="00:00:00.0000741" startTime="2017-11-29T20:12:00.6075477+05:30" endTime="2017-11-29T20:12:00.6075477+05:30" testType="13cdc9d9-ddb5-4fa4-a97d-d965ccfc6d4b" outcome="Passed" testListId="8c84fa94-04c1-424b-9868-57a2d4851a1d" relativeResultsDirectory="da007c33-a850-4794-84fc-b5e580ada47b" />
    <UnitTestResult executionId="68247e98-4de7-4ee8-a816-5e9a29176660" testId="a354306d-3554-d7a5-2e85-7b50f1eade92" testName="MSTest_P2_441" computerName="NAVB3" duration="00:00:00.0000744" startTime="2017-11-29T20:12:00.6075477+05:30" endTime="2017-11-29T20:12:00.6075477+05:30" testType="13cdc9d9-ddb5-4fa4-a97d-d965ccfc6d4b" outcome="Passed" testListId="8c84fa94-04c1-424b-9868-57a2d4851a1d" relativeResultsDirectory="68247e98-4de7-4ee8-a816-5e9a29176660" />
    <UnitTestResult executionId="cf2f6c3e-dc1a-4144-a0d7-f26ff2c254de" testId="66b442d3-e450-79e0-60a2-bc39ce3f8d01" testName="MSTest_P2_442" computerName="NAVB3" duration="00:00:00.0000756" startTime="2017-11-29T20:12:00.6075477+05:30" endTime="2017-11-29T20:12:00.6075477+05:30" testType="13cdc9d9-ddb5-4fa4-a97d-d965ccfc6d4b" outcome="Passed" testListId="8c84fa94-04c1-424b-9868-57a2d4851a1d" relativeResultsDirectory="cf2f6c3e-dc1a-4144-a0d7-f26ff2c254de" />
    <UnitTestResult executionId="a5a6a3dd-6973-44ae-848d-b78df492f279" testId="c135c7cb-6cf0-c617-c56f-13200e918382" testName="MSTest_P2_443" computerName="NAVB3" duration="00:00:00.0000744" startTime="2017-11-29T20:12:00.6075477+05:30" endTime="2017-11-29T20:12:00.6075477+05:30" testType="13cdc9d9-ddb5-4fa4-a97d-d965ccfc6d4b" outcome="Passed" testListId="8c84fa94-04c1-424b-9868-57a2d4851a1d" relativeResultsDirectory="a5a6a3dd-6973-44ae-848d-b78df492f279" />
    <UnitTestResult executionId="0fa7856f-9782-4fb6-bec4-602bbb677869" testId="b23a438d-564b-243a-5eff-75fb6294a6ff" testName="MSTest_P2_444" computerName="NAVB3" duration="00:00:00.0000741" startTime="2017-11-29T20:12:00.6075477+05:30" endTime="2017-11-29T20:12:00.6075477+05:30" testType="13cdc9d9-ddb5-4fa4-a97d-d965ccfc6d4b" outcome="Passed" testListId="8c84fa94-04c1-424b-9868-57a2d4851a1d" relativeResultsDirectory="0fa7856f-9782-4fb6-bec4-602bbb677869" />
    <UnitTestResult executionId="83cbfe81-2994-4a2c-9a9c-4f9e150572dd" testId="c08f4ceb-c90f-e1d8-5be1-f089fb0fb815" testName="MSTest_P2_445" computerName="NAVB3" duration="00:00:00.0000768" startTime="2017-11-29T20:12:00.6075477+05:30" endTime="2017-11-29T20:12:00.6075477+05:30" testType="13cdc9d9-ddb5-4fa4-a97d-d965ccfc6d4b" outcome="Passed" testListId="8c84fa94-04c1-424b-9868-57a2d4851a1d" relativeResultsDirectory="83cbfe81-2994-4a2c-9a9c-4f9e150572dd" />
    <UnitTestResult executionId="7d7db9ce-dbfe-47fc-9ef8-4e129339a90f" testId="3ae9efa9-0f57-fd3d-f153-53ac3fa0c046" testName="MSTest_P2_446" computerName="NAVB3" duration="00:00:00.0000741" startTime="2017-11-29T20:12:00.6075477+05:30" endTime="2017-11-29T20:12:00.6075477+05:30" testType="13cdc9d9-ddb5-4fa4-a97d-d965ccfc6d4b" outcome="Passed" testListId="8c84fa94-04c1-424b-9868-57a2d4851a1d" relativeResultsDirectory="7d7db9ce-dbfe-47fc-9ef8-4e129339a90f" />
    <UnitTestResult executionId="3f88523c-580d-4dd1-bb77-b8977c90c9b4" testId="06ae0461-9d74-dd4d-90dc-a32067cf74a2" testName="MSTest_P2_447" computerName="NAVB3" duration="00:00:00.0000738" startTime="2017-11-29T20:12:00.6075477+05:30" endTime="2017-11-29T20:12:00.6075477+05:30" testType="13cdc9d9-ddb5-4fa4-a97d-d965ccfc6d4b" outcome="Passed" testListId="8c84fa94-04c1-424b-9868-57a2d4851a1d" relativeResultsDirectory="3f88523c-580d-4dd1-bb77-b8977c90c9b4" />
    <UnitTestResult executionId="efba822e-0bb2-4e35-8384-34e87c7d6838" testId="995b1b41-31ab-128a-aea4-2fd901ef9d76" testName="MSTest_P2_448" computerName="NAVB3" duration="00:00:00.0000733" startTime="2017-11-29T20:12:00.6075477+05:30" endTime="2017-11-29T20:12:00.6075477+05:30" testType="13cdc9d9-ddb5-4fa4-a97d-d965ccfc6d4b" outcome="Passed" testListId="8c84fa94-04c1-424b-9868-57a2d4851a1d" relativeResultsDirectory="efba822e-0bb2-4e35-8384-34e87c7d6838" />
    <UnitTestResult executionId="66f4d820-b7b0-4b28-86fc-0c6135d1c88e" testId="92028143-5c4d-f92e-9f1c-fab0fe4c46ea" testName="MSTest_P2_449" computerName="NAVB3" duration="00:00:00.0000738" startTime="2017-11-29T20:12:00.6075477+05:30" endTime="2017-11-29T20:12:00.6075477+05:30" testType="13cdc9d9-ddb5-4fa4-a97d-d965ccfc6d4b" outcome="Passed" testListId="8c84fa94-04c1-424b-9868-57a2d4851a1d" relativeResultsDirectory="66f4d820-b7b0-4b28-86fc-0c6135d1c88e" />
    <UnitTestResult executionId="5853708e-d6e1-4357-8298-649d8e1eacad" testId="536c7789-65f0-cc9e-9a3c-5594f88058a0" testName="MSTest_P2_450" computerName="NAVB3" duration="00:00:00.0000738" startTime="2017-11-29T20:12:00.6075477+05:30" endTime="2017-11-29T20:12:00.6075477+05:30" testType="13cdc9d9-ddb5-4fa4-a97d-d965ccfc6d4b" outcome="Passed" testListId="8c84fa94-04c1-424b-9868-57a2d4851a1d" relativeResultsDirectory="5853708e-d6e1-4357-8298-649d8e1eacad" />
    <UnitTestResult executionId="ade75332-30d6-437d-b0a0-03412c8ea1a5" testId="52fdf3e5-d45c-67f0-da0c-581a3ef09293" testName="MSTest_P2_451" computerName="NAVB3" duration="00:00:00.0000736" startTime="2017-11-29T20:12:00.6075477+05:30" endTime="2017-11-29T20:12:00.6075477+05:30" testType="13cdc9d9-ddb5-4fa4-a97d-d965ccfc6d4b" outcome="Passed" testListId="8c84fa94-04c1-424b-9868-57a2d4851a1d" relativeResultsDirectory="ade75332-30d6-437d-b0a0-03412c8ea1a5" />
    <UnitTestResult executionId="d7b60f06-9858-4cee-813f-e56265f614c4" testId="9632a146-a6fa-ed81-ae55-f2da442c134b" testName="MSTest_P2_452" computerName="NAVB3" duration="00:00:00.0000850" startTime="2017-11-29T20:12:00.6075477+05:30" endTime="2017-11-29T20:12:00.6075477+05:30" testType="13cdc9d9-ddb5-4fa4-a97d-d965ccfc6d4b" outcome="Passed" testListId="8c84fa94-04c1-424b-9868-57a2d4851a1d" relativeResultsDirectory="d7b60f06-9858-4cee-813f-e56265f614c4" />
    <UnitTestResult executionId="ec70cc4e-57a0-4d25-a120-6eb4b11e04a7" testId="1d1c66f0-a2f8-2f67-22d7-039b57e19a76" testName="MSTest_P2_453" computerName="NAVB3" duration="00:00:00.0000738" startTime="2017-11-29T20:12:00.6075477+05:30" endTime="2017-11-29T20:12:00.6075477+05:30" testType="13cdc9d9-ddb5-4fa4-a97d-d965ccfc6d4b" outcome="Passed" testListId="8c84fa94-04c1-424b-9868-57a2d4851a1d" relativeResultsDirectory="ec70cc4e-57a0-4d25-a120-6eb4b11e04a7" />
    <UnitTestResult executionId="8122aab6-4850-4aa6-8df3-943536d3c401" testId="c74913f5-c1ba-6065-4362-e98345b9f046" testName="MSTest_P2_454" computerName="NAVB3" duration="00:00:00.0000738" startTime="2017-11-29T20:12:00.6075477+05:30" endTime="2017-11-29T20:12:00.6075477+05:30" testType="13cdc9d9-ddb5-4fa4-a97d-d965ccfc6d4b" outcome="Passed" testListId="8c84fa94-04c1-424b-9868-57a2d4851a1d" relativeResultsDirectory="8122aab6-4850-4aa6-8df3-943536d3c401" />
    <UnitTestResult executionId="59a570ef-9aa5-40d3-87c5-526fcd1f84bc" testId="714bb07d-6f85-d601-64dc-8a3200fea50a" testName="MSTest_P2_455" computerName="NAVB3" duration="00:00:00.0000736" startTime="2017-11-29T20:12:00.6075477+05:30" endTime="2017-11-29T20:12:00.6075477+05:30" testType="13cdc9d9-ddb5-4fa4-a97d-d965ccfc6d4b" outcome="Passed" testListId="8c84fa94-04c1-424b-9868-57a2d4851a1d" relativeResultsDirectory="59a570ef-9aa5-40d3-87c5-526fcd1f84bc" />
    <UnitTestResult executionId="3f41ad1f-11fc-4501-a62a-e73497e30d42" testId="be81fa0c-04e5-7399-ab09-abd6ced13edd" testName="MSTest_P2_456" computerName="NAVB3" duration="00:00:00.0000736" startTime="2017-11-29T20:12:00.6075477+05:30" endTime="2017-11-29T20:12:00.6075477+05:30" testType="13cdc9d9-ddb5-4fa4-a97d-d965ccfc6d4b" outcome="Passed" testListId="8c84fa94-04c1-424b-9868-57a2d4851a1d" relativeResultsDirectory="3f41ad1f-11fc-4501-a62a-e73497e30d42" />
    <UnitTestResult executionId="f08c443e-3e41-4b24-b904-56847111d7c6" testId="91b2e486-f476-2fce-3021-5f3f62d6ec99" testName="MSTest_P2_457" computerName="NAVB3" duration="00:00:00.0000750" startTime="2017-11-29T20:12:00.6075477+05:30" endTime="2017-11-29T20:12:00.6075477+05:30" testType="13cdc9d9-ddb5-4fa4-a97d-d965ccfc6d4b" outcome="Passed" testListId="8c84fa94-04c1-424b-9868-57a2d4851a1d" relativeResultsDirectory="f08c443e-3e41-4b24-b904-56847111d7c6" />
    <UnitTestResult executionId="4a94a3a5-ca2c-490d-b7ec-ad6c4062a846" testId="3ca499ad-79a2-a4fc-016a-09cb45b7be8b" testName="MSTest_P2_458" computerName="NAVB3" duration="00:00:00.0000750" startTime="2017-11-29T20:12:00.6075477+05:30" endTime="2017-11-29T20:12:00.6075477+05:30" testType="13cdc9d9-ddb5-4fa4-a97d-d965ccfc6d4b" outcome="Passed" testListId="8c84fa94-04c1-424b-9868-57a2d4851a1d" relativeResultsDirectory="4a94a3a5-ca2c-490d-b7ec-ad6c4062a846" />
    <UnitTestResult executionId="3e392535-4c43-4f7d-a019-1b06ef2a494c" testId="645453de-3af8-5680-24b6-9a48f0ec9ad1" testName="MSTest_P2_459" computerName="NAVB3" duration="00:00:00.0000738" startTime="2017-11-29T20:12:00.6075477+05:30" endTime="2017-11-29T20:12:00.6075477+05:30" testType="13cdc9d9-ddb5-4fa4-a97d-d965ccfc6d4b" outcome="Passed" testListId="8c84fa94-04c1-424b-9868-57a2d4851a1d" relativeResultsDirectory="3e392535-4c43-4f7d-a019-1b06ef2a494c" />
    <UnitTestResult executionId="22b4495c-b941-4cbb-81be-780915c1b82b" testId="2116128f-bd05-d04d-944b-ae686315656e" testName="MSTest_P2_460" computerName="NAVB3" duration="00:00:00.0000738" startTime="2017-11-29T20:12:00.6075477+05:30" endTime="2017-11-29T20:12:00.6075477+05:30" testType="13cdc9d9-ddb5-4fa4-a97d-d965ccfc6d4b" outcome="Passed" testListId="8c84fa94-04c1-424b-9868-57a2d4851a1d" relativeResultsDirectory="22b4495c-b941-4cbb-81be-780915c1b82b" />
    <UnitTestResult executionId="c8ac6a18-7982-4bc7-8057-72247f797969" testId="fe492bb4-196c-30bb-1de0-08ba17379422" testName="MSTest_P2_461" computerName="NAVB3" duration="00:00:00.0000750" startTime="2017-11-29T20:12:00.6075477+05:30" endTime="2017-11-29T20:12:00.6075477+05:30" testType="13cdc9d9-ddb5-4fa4-a97d-d965ccfc6d4b" outcome="Passed" testListId="8c84fa94-04c1-424b-9868-57a2d4851a1d" relativeResultsDirectory="c8ac6a18-7982-4bc7-8057-72247f797969" />
    <UnitTestResult executionId="70aaae6e-6396-41fb-8e09-48a3c5aefb3c" testId="cb4b0772-9322-b512-e163-7e2405e65afb" testName="MSTest_P2_462" computerName="NAVB3" duration="00:00:00.0000747" startTime="2017-11-29T20:12:00.6075477+05:30" endTime="2017-11-29T20:12:00.6075477+05:30" testType="13cdc9d9-ddb5-4fa4-a97d-d965ccfc6d4b" outcome="Passed" testListId="8c84fa94-04c1-424b-9868-57a2d4851a1d" relativeResultsDirectory="70aaae6e-6396-41fb-8e09-48a3c5aefb3c" />
    <UnitTestResult executionId="81d5aac7-1e42-4bd5-8683-346fa2fde0b4" testId="0feabef6-a770-66f9-4f17-2499656ced96" testName="MSTest_P2_463" computerName="NAVB3" duration="00:00:00.0000741" startTime="2017-11-29T20:12:00.6075477+05:30" endTime="2017-11-29T20:12:00.6075477+05:30" testType="13cdc9d9-ddb5-4fa4-a97d-d965ccfc6d4b" outcome="Passed" testListId="8c84fa94-04c1-424b-9868-57a2d4851a1d" relativeResultsDirectory="81d5aac7-1e42-4bd5-8683-346fa2fde0b4" />
    <UnitTestResult executionId="3d7811f8-41bd-43e9-a2c8-94b939434fc7" testId="dd927e15-9c1a-2c89-1c91-207f0d0e1885" testName="MSTest_P2_464" computerName="NAVB3" duration="00:00:00.0000744" startTime="2017-11-29T20:12:00.6075477+05:30" endTime="2017-11-29T20:12:00.6075477+05:30" testType="13cdc9d9-ddb5-4fa4-a97d-d965ccfc6d4b" outcome="Passed" testListId="8c84fa94-04c1-424b-9868-57a2d4851a1d" relativeResultsDirectory="3d7811f8-41bd-43e9-a2c8-94b939434fc7" />
    <UnitTestResult executionId="69bae468-7dc0-4c2b-b4a8-eebf7dcfb520" testId="9bddd9ee-d50f-982a-0247-909118f3a809" testName="MSTest_P2_465" computerName="NAVB3" duration="00:00:00.0000829" startTime="2017-11-29T20:12:00.6075477+05:30" endTime="2017-11-29T20:12:00.6075477+05:30" testType="13cdc9d9-ddb5-4fa4-a97d-d965ccfc6d4b" outcome="Passed" testListId="8c84fa94-04c1-424b-9868-57a2d4851a1d" relativeResultsDirectory="69bae468-7dc0-4c2b-b4a8-eebf7dcfb520" />
    <UnitTestResult executionId="d5204106-cad5-4fd2-a5d6-7c6461789159" testId="f75d3395-7975-98cd-c26f-7f15f3350ea8" testName="MSTest_P2_466" computerName="NAVB3" duration="00:00:00.0000762" startTime="2017-11-29T20:12:00.6075477+05:30" endTime="2017-11-29T20:12:00.6075477+05:30" testType="13cdc9d9-ddb5-4fa4-a97d-d965ccfc6d4b" outcome="Passed" testListId="8c84fa94-04c1-424b-9868-57a2d4851a1d" relativeResultsDirectory="d5204106-cad5-4fd2-a5d6-7c6461789159" />
    <UnitTestResult executionId="c09624fc-46d2-4789-a1e8-8175a30efc28" testId="9426df83-15fa-eb90-64ac-269d710dfca2" testName="MSTest_P2_467" computerName="NAVB3" duration="00:00:00.0000747" startTime="2017-11-29T20:12:00.6075477+05:30" endTime="2017-11-29T20:12:00.6075477+05:30" testType="13cdc9d9-ddb5-4fa4-a97d-d965ccfc6d4b" outcome="Passed" testListId="8c84fa94-04c1-424b-9868-57a2d4851a1d" relativeResultsDirectory="c09624fc-46d2-4789-a1e8-8175a30efc28" />
    <UnitTestResult executionId="7897334b-bb69-44a8-b092-7bba1f13aec5" testId="c0bebc5f-e62c-cb07-513e-8a2cbcedc92a" testName="MSTest_P2_468" computerName="NAVB3" duration="00:00:00.0000788" startTime="2017-11-29T20:12:00.6075477+05:30" endTime="2017-11-29T20:12:00.6231690+05:30" testType="13cdc9d9-ddb5-4fa4-a97d-d965ccfc6d4b" outcome="Passed" testListId="8c84fa94-04c1-424b-9868-57a2d4851a1d" relativeResultsDirectory="7897334b-bb69-44a8-b092-7bba1f13aec5" />
    <UnitTestResult executionId="47805463-632a-4ab6-9584-833ccd2e1ed2" testId="4b34b8a9-be9f-e614-67a3-d646e0b0a9ef" testName="MSTest_P2_469" computerName="NAVB3" duration="00:00:00.0000844" startTime="2017-11-29T20:12:00.6231690+05:30" endTime="2017-11-29T20:12:00.6231690+05:30" testType="13cdc9d9-ddb5-4fa4-a97d-d965ccfc6d4b" outcome="Passed" testListId="8c84fa94-04c1-424b-9868-57a2d4851a1d" relativeResultsDirectory="47805463-632a-4ab6-9584-833ccd2e1ed2" />
    <UnitTestResult executionId="59a79f71-d01f-4910-8b77-ff3133c84bc9" testId="80c59539-1248-8085-a707-e41b5a0d5237" testName="MSTest_P2_470" computerName="NAVB3" duration="00:00:00.0000873" startTime="2017-11-29T20:12:00.6231690+05:30" endTime="2017-11-29T20:12:00.6231690+05:30" testType="13cdc9d9-ddb5-4fa4-a97d-d965ccfc6d4b" outcome="Passed" testListId="8c84fa94-04c1-424b-9868-57a2d4851a1d" relativeResultsDirectory="59a79f71-d01f-4910-8b77-ff3133c84bc9" />
    <UnitTestResult executionId="24e28afe-277f-4849-b382-859ec9dd5e45" testId="bbf16cbc-6612-ff34-30a2-1ede195f818c" testName="MSTest_P2_471" computerName="NAVB3" duration="00:00:00.0000838" startTime="2017-11-29T20:12:00.6231690+05:30" endTime="2017-11-29T20:12:00.6231690+05:30" testType="13cdc9d9-ddb5-4fa4-a97d-d965ccfc6d4b" outcome="Passed" testListId="8c84fa94-04c1-424b-9868-57a2d4851a1d" relativeResultsDirectory="24e28afe-277f-4849-b382-859ec9dd5e45" />
    <UnitTestResult executionId="9292ff49-6071-4dea-bc37-3e389d35258c" testId="e268b3c0-20a8-47d4-74ce-4367ac595cc9" testName="MSTest_P2_472" computerName="NAVB3" duration="00:00:00.0000832" startTime="2017-11-29T20:12:00.6231690+05:30" endTime="2017-11-29T20:12:00.6231690+05:30" testType="13cdc9d9-ddb5-4fa4-a97d-d965ccfc6d4b" outcome="Passed" testListId="8c84fa94-04c1-424b-9868-57a2d4851a1d" relativeResultsDirectory="9292ff49-6071-4dea-bc37-3e389d35258c" />
    <UnitTestResult executionId="3ef5c7b0-2453-4c06-8913-3bd151f48de4" testId="6230eb1f-0fa8-af17-a896-736e6e5512eb" testName="MSTest_P2_473" computerName="NAVB3" duration="00:00:00.0000838" startTime="2017-11-29T20:12:00.6231690+05:30" endTime="2017-11-29T20:12:00.6231690+05:30" testType="13cdc9d9-ddb5-4fa4-a97d-d965ccfc6d4b" outcome="Passed" testListId="8c84fa94-04c1-424b-9868-57a2d4851a1d" relativeResultsDirectory="3ef5c7b0-2453-4c06-8913-3bd151f48de4" />
    <UnitTestResult executionId="ab59086a-843d-44ef-9ad6-09d1867f64c9" testId="c45a225d-5f7b-8685-de59-ffcb22ada015" testName="MSTest_P2_474" computerName="NAVB3" duration="00:00:00.0000741" startTime="2017-11-29T20:12:00.6231690+05:30" endTime="2017-11-29T20:12:00.6231690+05:30" testType="13cdc9d9-ddb5-4fa4-a97d-d965ccfc6d4b" outcome="Passed" testListId="8c84fa94-04c1-424b-9868-57a2d4851a1d" relativeResultsDirectory="ab59086a-843d-44ef-9ad6-09d1867f64c9" />
    <UnitTestResult executionId="27126d3c-747e-4e97-b7d4-5eb4923e0e7f" testId="28d5663d-76d1-0add-7ee1-80f8978fd5b0" testName="MSTest_P2_475" computerName="NAVB3" duration="00:00:00.0000756" startTime="2017-11-29T20:12:00.6231690+05:30" endTime="2017-11-29T20:12:00.6231690+05:30" testType="13cdc9d9-ddb5-4fa4-a97d-d965ccfc6d4b" outcome="Passed" testListId="8c84fa94-04c1-424b-9868-57a2d4851a1d" relativeResultsDirectory="27126d3c-747e-4e97-b7d4-5eb4923e0e7f" />
    <UnitTestResult executionId="3f5f236c-0575-4879-a926-2da9769e67cd" testId="80affa90-a1cc-ad37-27a1-45c35a04f9bd" testName="MSTest_P2_476" computerName="NAVB3" duration="00:00:00.0000756" startTime="2017-11-29T20:12:00.6231690+05:30" endTime="2017-11-29T20:12:00.6231690+05:30" testType="13cdc9d9-ddb5-4fa4-a97d-d965ccfc6d4b" outcome="Passed" testListId="8c84fa94-04c1-424b-9868-57a2d4851a1d" relativeResultsDirectory="3f5f236c-0575-4879-a926-2da9769e67cd" />
    <UnitTestResult executionId="dc651270-0917-4f98-9107-9d7215601cab" testId="dd19c9f9-18aa-a808-174b-881674af5471" testName="MSTest_P2_477" computerName="NAVB3" duration="00:00:00.0000756" startTime="2017-11-29T20:12:00.6231690+05:30" endTime="2017-11-29T20:12:00.6231690+05:30" testType="13cdc9d9-ddb5-4fa4-a97d-d965ccfc6d4b" outcome="Passed" testListId="8c84fa94-04c1-424b-9868-57a2d4851a1d" relativeResultsDirectory="dc651270-0917-4f98-9107-9d7215601cab" />
    <UnitTestResult executionId="73ef19a2-d528-4ad6-b200-12cc46849ba2" testId="0dbd7403-9dd6-4dff-a0e3-46bbd75cf75e" testName="MSTest_P2_478" computerName="NAVB3" duration="00:00:00.0000750" startTime="2017-11-29T20:12:00.6231690+05:30" endTime="2017-11-29T20:12:00.6231690+05:30" testType="13cdc9d9-ddb5-4fa4-a97d-d965ccfc6d4b" outcome="Passed" testListId="8c84fa94-04c1-424b-9868-57a2d4851a1d" relativeResultsDirectory="73ef19a2-d528-4ad6-b200-12cc46849ba2" />
    <UnitTestResult executionId="893f85f6-a018-4b2a-906b-21b42d4c00fb" testId="96c73f9f-94e0-7dbe-be67-3a4c7db52436" testName="MSTest_P2_479" computerName="NAVB3" duration="00:00:00.0000741" startTime="2017-11-29T20:12:00.6231690+05:30" endTime="2017-11-29T20:12:00.6231690+05:30" testType="13cdc9d9-ddb5-4fa4-a97d-d965ccfc6d4b" outcome="Passed" testListId="8c84fa94-04c1-424b-9868-57a2d4851a1d" relativeResultsDirectory="893f85f6-a018-4b2a-906b-21b42d4c00fb" />
    <UnitTestResult executionId="2dc0060e-cfcc-48df-8097-6337e7072b02" testId="b7ac8b6b-7155-d77c-cc18-eb6e6aff73b4" testName="MSTest_P2_480" computerName="NAVB3" duration="00:00:00.0000741" startTime="2017-11-29T20:12:00.6231690+05:30" endTime="2017-11-29T20:12:00.6231690+05:30" testType="13cdc9d9-ddb5-4fa4-a97d-d965ccfc6d4b" outcome="Passed" testListId="8c84fa94-04c1-424b-9868-57a2d4851a1d" relativeResultsDirectory="2dc0060e-cfcc-48df-8097-6337e7072b02" />
    <UnitTestResult executionId="4913bf5d-72f9-48b6-8fd6-828cdb33d54a" testId="3263c152-da27-ad6c-a526-b9eabbfeaedd" testName="MSTest_P2_481" computerName="NAVB3" duration="00:00:00.0000741" startTime="2017-11-29T20:12:00.6231690+05:30" endTime="2017-11-29T20:12:00.6231690+05:30" testType="13cdc9d9-ddb5-4fa4-a97d-d965ccfc6d4b" outcome="Passed" testListId="8c84fa94-04c1-424b-9868-57a2d4851a1d" relativeResultsDirectory="4913bf5d-72f9-48b6-8fd6-828cdb33d54a" />
    <UnitTestResult executionId="6565f7f2-7e5e-4c34-905e-8229097e7da9" testId="6d1bb024-6f99-7210-a639-ebc6c7f528df" testName="MSTest_P2_482" computerName="NAVB3" duration="00:00:00.0000744" startTime="2017-11-29T20:12:00.6231690+05:30" endTime="2017-11-29T20:12:00.6231690+05:30" testType="13cdc9d9-ddb5-4fa4-a97d-d965ccfc6d4b" outcome="Passed" testListId="8c84fa94-04c1-424b-9868-57a2d4851a1d" relativeResultsDirectory="6565f7f2-7e5e-4c34-905e-8229097e7da9" />
    <UnitTestResult executionId="8263bb8d-d738-4993-886c-cdaae5b27aa3" testId="f4e1ac4c-c96e-4d89-9674-af16364cc8fb" testName="MSTest_P2_483" computerName="NAVB3" duration="00:00:00.0000727" startTime="2017-11-29T20:12:00.6231690+05:30" endTime="2017-11-29T20:12:00.6231690+05:30" testType="13cdc9d9-ddb5-4fa4-a97d-d965ccfc6d4b" outcome="Passed" testListId="8c84fa94-04c1-424b-9868-57a2d4851a1d" relativeResultsDirectory="8263bb8d-d738-4993-886c-cdaae5b27aa3" />
    <UnitTestResult executionId="4a230ade-3490-4fbf-990a-c0eb7aee0147" testId="15d01901-447d-0737-a91d-9bfaf7e6c85e" testName="MSTest_P2_484" computerName="NAVB3" duration="00:00:00.0000747" startTime="2017-11-29T20:12:00.6231690+05:30" endTime="2017-11-29T20:12:00.6231690+05:30" testType="13cdc9d9-ddb5-4fa4-a97d-d965ccfc6d4b" outcome="Passed" testListId="8c84fa94-04c1-424b-9868-57a2d4851a1d" relativeResultsDirectory="4a230ade-3490-4fbf-990a-c0eb7aee0147" />
    <UnitTestResult executionId="fac32b2a-0100-439f-aac5-2deac8d3004b" testId="54a5bf8c-3322-8eb7-8f1d-05b3d0308872" testName="MSTest_P2_485" computerName="NAVB3" duration="00:00:00.0000753" startTime="2017-11-29T20:12:00.6231690+05:30" endTime="2017-11-29T20:12:00.6231690+05:30" testType="13cdc9d9-ddb5-4fa4-a97d-d965ccfc6d4b" outcome="Passed" testListId="8c84fa94-04c1-424b-9868-57a2d4851a1d" relativeResultsDirectory="fac32b2a-0100-439f-aac5-2deac8d3004b" />
    <UnitTestResult executionId="26fe8663-15fa-4f24-87a1-ee12b5e092f3" testId="37a99259-be0e-2d37-bce1-b438fd5cc781" testName="MSTest_P2_486" computerName="NAVB3" duration="00:00:00.0000738" startTime="2017-11-29T20:12:00.6231690+05:30" endTime="2017-11-29T20:12:00.6231690+05:30" testType="13cdc9d9-ddb5-4fa4-a97d-d965ccfc6d4b" outcome="Passed" testListId="8c84fa94-04c1-424b-9868-57a2d4851a1d" relativeResultsDirectory="26fe8663-15fa-4f24-87a1-ee12b5e092f3" />
    <UnitTestResult executionId="bb2c87d6-3012-45ae-b939-7decb62fecac" testId="1469177e-21fb-2cad-8783-0585c25d35e7" testName="MSTest_P2_487" computerName="NAVB3" duration="00:00:00.0000741" startTime="2017-11-29T20:12:00.6231690+05:30" endTime="2017-11-29T20:12:00.6231690+05:30" testType="13cdc9d9-ddb5-4fa4-a97d-d965ccfc6d4b" outcome="Passed" testListId="8c84fa94-04c1-424b-9868-57a2d4851a1d" relativeResultsDirectory="bb2c87d6-3012-45ae-b939-7decb62fecac" />
    <UnitTestResult executionId="17c8be8b-c19d-4c77-8f19-fb55b7953abb" testId="5baeedab-e797-7b40-a6ae-834a7cc350ea" testName="MSTest_P2_488" computerName="NAVB3" duration="00:00:00.0000771" startTime="2017-11-29T20:12:00.6231690+05:30" endTime="2017-11-29T20:12:00.6231690+05:30" testType="13cdc9d9-ddb5-4fa4-a97d-d965ccfc6d4b" outcome="Passed" testListId="8c84fa94-04c1-424b-9868-57a2d4851a1d" relativeResultsDirectory="17c8be8b-c19d-4c77-8f19-fb55b7953abb" />
    <UnitTestResult executionId="94f3c166-99d9-49ee-a40d-e4b7944df000" testId="2a3b49f1-8eff-a750-af47-87580658dad3" testName="MSTest_P2_489" computerName="NAVB3" duration="00:00:00.0000744" startTime="2017-11-29T20:12:00.6231690+05:30" endTime="2017-11-29T20:12:00.6231690+05:30" testType="13cdc9d9-ddb5-4fa4-a97d-d965ccfc6d4b" outcome="Passed" testListId="8c84fa94-04c1-424b-9868-57a2d4851a1d" relativeResultsDirectory="94f3c166-99d9-49ee-a40d-e4b7944df000" />
    <UnitTestResult executionId="a40c06c2-9379-45ca-bd05-632e80a749d5" testId="b798cb2c-7dd9-9186-45a2-73058772e102" testName="MSTest_P2_490" computerName="NAVB3" duration="00:00:00.0000747" startTime="2017-11-29T20:12:00.6231690+05:30" endTime="2017-11-29T20:12:00.6231690+05:30" testType="13cdc9d9-ddb5-4fa4-a97d-d965ccfc6d4b" outcome="Passed" testListId="8c84fa94-04c1-424b-9868-57a2d4851a1d" relativeResultsDirectory="a40c06c2-9379-45ca-bd05-632e80a749d5" />
    <UnitTestResult executionId="e07ae28b-13e6-4b43-8795-5fdba602c3ab" testId="28035d2e-eb28-2623-1fa1-fdbd34dbc94b" testName="MSTest_P2_491" computerName="NAVB3" duration="00:00:00.0000733" startTime="2017-11-29T20:12:00.6231690+05:30" endTime="2017-11-29T20:12:00.6231690+05:30" testType="13cdc9d9-ddb5-4fa4-a97d-d965ccfc6d4b" outcome="Passed" testListId="8c84fa94-04c1-424b-9868-57a2d4851a1d" relativeResultsDirectory="e07ae28b-13e6-4b43-8795-5fdba602c3ab" />
    <UnitTestResult executionId="e8dd4a51-c407-47c5-bb16-8b6c03368af7" testId="1cddb1c6-2737-cdb0-f6ab-72a1d1eec2bf" testName="MSTest_P2_492" computerName="NAVB3" duration="00:00:00.0000785" startTime="2017-11-29T20:12:00.6231690+05:30" endTime="2017-11-29T20:12:00.6231690+05:30" testType="13cdc9d9-ddb5-4fa4-a97d-d965ccfc6d4b" outcome="Passed" testListId="8c84fa94-04c1-424b-9868-57a2d4851a1d" relativeResultsDirectory="e8dd4a51-c407-47c5-bb16-8b6c03368af7" />
    <UnitTestResult executionId="60b7f743-0dd7-4ac4-92f4-20a8f36681da" testId="ee765a9d-2af9-df39-3d95-52ab4c9dda25" testName="MSTest_P2_493" computerName="NAVB3" duration="00:00:00.0000815" startTime="2017-11-29T20:12:00.6231690+05:30" endTime="2017-11-29T20:12:00.6231690+05:30" testType="13cdc9d9-ddb5-4fa4-a97d-d965ccfc6d4b" outcome="Passed" testListId="8c84fa94-04c1-424b-9868-57a2d4851a1d" relativeResultsDirectory="60b7f743-0dd7-4ac4-92f4-20a8f36681da" />
    <UnitTestResult executionId="e9831601-0f7e-40ea-be87-63e6e1cee26f" testId="dbdf77cb-29a2-b577-cb96-dbfdcd5991c5" testName="MSTest_P2_494" computerName="NAVB3" duration="00:00:00.0000806" startTime="2017-11-29T20:12:00.6231690+05:30" endTime="2017-11-29T20:12:00.6231690+05:30" testType="13cdc9d9-ddb5-4fa4-a97d-d965ccfc6d4b" outcome="Passed" testListId="8c84fa94-04c1-424b-9868-57a2d4851a1d" relativeResultsDirectory="e9831601-0f7e-40ea-be87-63e6e1cee26f" />
    <UnitTestResult executionId="859c459d-e016-471a-a939-ae983ac6a485" testId="d6cd9f0e-db54-6a7f-25c6-c577ea5412aa" testName="MSTest_P2_495" computerName="NAVB3" duration="00:00:00.0000809" startTime="2017-11-29T20:12:00.6231690+05:30" endTime="2017-11-29T20:12:00.6231690+05:30" testType="13cdc9d9-ddb5-4fa4-a97d-d965ccfc6d4b" outcome="Passed" testListId="8c84fa94-04c1-424b-9868-57a2d4851a1d" relativeResultsDirectory="859c459d-e016-471a-a939-ae983ac6a485" />
    <UnitTestResult executionId="e0f5c063-7f0e-43d0-89ec-dce006f578a6" testId="d7840737-7c8f-bc7b-3fd1-dc1ce4501a1b" testName="MSTest_P2_496" computerName="NAVB3" duration="00:00:00.0000794" startTime="2017-11-29T20:12:00.6231690+05:30" endTime="2017-11-29T20:12:00.6231690+05:30" testType="13cdc9d9-ddb5-4fa4-a97d-d965ccfc6d4b" outcome="Passed" testListId="8c84fa94-04c1-424b-9868-57a2d4851a1d" relativeResultsDirectory="e0f5c063-7f0e-43d0-89ec-dce006f578a6" />
    <UnitTestResult executionId="e40aadd6-3304-4174-9b0f-80cb825f4bcb" testId="63b798a9-ff20-3cfc-6009-707250402baa" testName="MSTest_P2_497" computerName="NAVB3" duration="00:00:00.0001085" startTime="2017-11-29T20:12:00.6231690+05:30" endTime="2017-11-29T20:12:00.6231690+05:30" testType="13cdc9d9-ddb5-4fa4-a97d-d965ccfc6d4b" outcome="Passed" testListId="8c84fa94-04c1-424b-9868-57a2d4851a1d" relativeResultsDirectory="e40aadd6-3304-4174-9b0f-80cb825f4bcb" />
    <UnitTestResult executionId="b6c2ddd8-2fe7-4ef8-a7c1-3cd384e52eae" testId="ed5d5abb-6d54-799d-7be4-f374cad9b015" testName="MSTest_P2_498" computerName="NAVB3" duration="00:00:00.0001102" startTime="2017-11-29T20:12:00.6231690+05:30" endTime="2017-11-29T20:12:00.6231690+05:30" testType="13cdc9d9-ddb5-4fa4-a97d-d965ccfc6d4b" outcome="Passed" testListId="8c84fa94-04c1-424b-9868-57a2d4851a1d" relativeResultsDirectory="b6c2ddd8-2fe7-4ef8-a7c1-3cd384e52eae" />
    <UnitTestResult executionId="c0305c6f-f158-445b-990d-508066f0b463" testId="92ff6d93-c925-b3b6-824d-6b4e430f0703" testName="MSTest_P2_499" computerName="NAVB3" duration="00:00:00.0000803" startTime="2017-11-29T20:12:00.6231690+05:30" endTime="2017-11-29T20:12:00.6231690+05:30" testType="13cdc9d9-ddb5-4fa4-a97d-d965ccfc6d4b" outcome="Passed" testListId="8c84fa94-04c1-424b-9868-57a2d4851a1d" relativeResultsDirectory="c0305c6f-f158-445b-990d-508066f0b463" />
    <UnitTestResult executionId="f6775cb4-551a-48d5-83d8-bf62711bc7fb" testId="8ce34ccd-a3ff-74e1-2c20-e6cd5611ebce" testName="MSTest_P2_500" computerName="NAVB3" duration="00:00:00.0000829" startTime="2017-11-29T20:12:00.6231690+05:30" endTime="2017-11-29T20:12:00.6231690+05:30" testType="13cdc9d9-ddb5-4fa4-a97d-d965ccfc6d4b" outcome="Passed" testListId="8c84fa94-04c1-424b-9868-57a2d4851a1d" relativeResultsDirectory="f6775cb4-551a-48d5-83d8-bf62711bc7fb" />
    <UnitTestResult executionId="f87921b3-0a8b-4e49-9464-279b931a1ecf" testId="785dc9f4-be06-efe4-aa9b-c29866d4a494" testName="MSTest_P2_501" computerName="NAVB3" duration="00:00:00.0000777" startTime="2017-11-29T20:12:00.6231690+05:30" endTime="2017-11-29T20:12:00.6231690+05:30" testType="13cdc9d9-ddb5-4fa4-a97d-d965ccfc6d4b" outcome="Passed" testListId="8c84fa94-04c1-424b-9868-57a2d4851a1d" relativeResultsDirectory="f87921b3-0a8b-4e49-9464-279b931a1ecf" />
    <UnitTestResult executionId="730d57fb-77f8-40bf-863f-83a2567eb675" testId="2a7dc3b8-0735-5975-df64-9fd05b060591" testName="MSTest_P2_502" computerName="NAVB3" duration="00:00:00.0000856" startTime="2017-11-29T20:12:00.6231690+05:30" endTime="2017-11-29T20:12:00.6231690+05:30" testType="13cdc9d9-ddb5-4fa4-a97d-d965ccfc6d4b" outcome="Passed" testListId="8c84fa94-04c1-424b-9868-57a2d4851a1d" relativeResultsDirectory="730d57fb-77f8-40bf-863f-83a2567eb675" />
    <UnitTestResult executionId="77912680-9be7-4dae-8a10-3567105160e9" testId="a89bd473-283b-555c-2eda-f2d076a10703" testName="MSTest_P2_503" computerName="NAVB3" duration="00:00:00.0000753" startTime="2017-11-29T20:12:00.6231690+05:30" endTime="2017-11-29T20:12:00.6231690+05:30" testType="13cdc9d9-ddb5-4fa4-a97d-d965ccfc6d4b" outcome="Passed" testListId="8c84fa94-04c1-424b-9868-57a2d4851a1d" relativeResultsDirectory="77912680-9be7-4dae-8a10-3567105160e9" />
    <UnitTestResult executionId="9ec3e90f-ef1a-4148-9b83-03b8c0244f15" testId="abeb1545-7e38-cd9f-897f-dd86c83fc793" testName="MSTest_P2_504" computerName="NAVB3" duration="00:00:00.0000747" startTime="2017-11-29T20:12:00.6231690+05:30" endTime="2017-11-29T20:12:00.6231690+05:30" testType="13cdc9d9-ddb5-4fa4-a97d-d965ccfc6d4b" outcome="Passed" testListId="8c84fa94-04c1-424b-9868-57a2d4851a1d" relativeResultsDirectory="9ec3e90f-ef1a-4148-9b83-03b8c0244f15" />
    <UnitTestResult executionId="a0e5dc18-8c80-4811-9978-d280f618be66" testId="3a0d195e-cbff-df92-9494-c6e926df71b2" testName="MSTest_P2_505" computerName="NAVB3" duration="00:00:00.0000750" startTime="2017-11-29T20:12:00.6231690+05:30" endTime="2017-11-29T20:12:00.6231690+05:30" testType="13cdc9d9-ddb5-4fa4-a97d-d965ccfc6d4b" outcome="Passed" testListId="8c84fa94-04c1-424b-9868-57a2d4851a1d" relativeResultsDirectory="a0e5dc18-8c80-4811-9978-d280f618be66" />
    <UnitTestResult executionId="b7b5bd24-5604-4497-983f-31c2522f9382" testId="39d1f3ab-acfa-005e-f27e-c324d815f97b" testName="MSTest_P2_506" computerName="NAVB3" duration="00:00:00.0000750" startTime="2017-11-29T20:12:00.6231690+05:30" endTime="2017-11-29T20:12:00.6231690+05:30" testType="13cdc9d9-ddb5-4fa4-a97d-d965ccfc6d4b" outcome="Passed" testListId="8c84fa94-04c1-424b-9868-57a2d4851a1d" relativeResultsDirectory="b7b5bd24-5604-4497-983f-31c2522f9382" />
    <UnitTestResult executionId="52491af5-c342-4bca-b65a-ffec3ad47bd2" testId="7888aaaa-dfdf-1e97-dcc0-e084ff4f6d57" testName="MSTest_P2_507" computerName="NAVB3" duration="00:00:00.0000744" startTime="2017-11-29T20:12:00.6231690+05:30" endTime="2017-11-29T20:12:00.6231690+05:30" testType="13cdc9d9-ddb5-4fa4-a97d-d965ccfc6d4b" outcome="Passed" testListId="8c84fa94-04c1-424b-9868-57a2d4851a1d" relativeResultsDirectory="52491af5-c342-4bca-b65a-ffec3ad47bd2" />
    <UnitTestResult executionId="9b21265a-2add-425a-b52e-9e4a4efa9689" testId="0c81670c-b54e-bbca-db1f-4f3fe2275eb7" testName="MSTest_P2_508" computerName="NAVB3" duration="00:00:00.0000738" startTime="2017-11-29T20:12:00.6231690+05:30" endTime="2017-11-29T20:12:00.6231690+05:30" testType="13cdc9d9-ddb5-4fa4-a97d-d965ccfc6d4b" outcome="Passed" testListId="8c84fa94-04c1-424b-9868-57a2d4851a1d" relativeResultsDirectory="9b21265a-2add-425a-b52e-9e4a4efa9689" />
    <UnitTestResult executionId="84e60800-1220-451d-9e97-9fd8c87ea21a" testId="3e9ac3fe-1069-e460-18cb-375dee03f3ab" testName="MSTest_P2_509" computerName="NAVB3" duration="00:00:00.0000741" startTime="2017-11-29T20:12:00.6231690+05:30" endTime="2017-11-29T20:12:00.6231690+05:30" testType="13cdc9d9-ddb5-4fa4-a97d-d965ccfc6d4b" outcome="Passed" testListId="8c84fa94-04c1-424b-9868-57a2d4851a1d" relativeResultsDirectory="84e60800-1220-451d-9e97-9fd8c87ea21a" />
    <UnitTestResult executionId="4943315e-610a-495f-b7ff-80bc7b660944" testId="35ebe54b-0991-677a-a114-9e999fa4c9ed" testName="MSTest_P2_510" computerName="NAVB3" duration="00:00:00.0000747" startTime="2017-11-29T20:12:00.6231690+05:30" endTime="2017-11-29T20:12:00.6231690+05:30" testType="13cdc9d9-ddb5-4fa4-a97d-d965ccfc6d4b" outcome="Passed" testListId="8c84fa94-04c1-424b-9868-57a2d4851a1d" relativeResultsDirectory="4943315e-610a-495f-b7ff-80bc7b660944" />
    <UnitTestResult executionId="34fd2eda-94fe-4667-b43c-c5da1feb824d" testId="b42a90cd-c7db-8045-b783-42cfcb6d58b1" testName="MSTest_P2_341" computerName="NAVB3" duration="00:00:00.0000750" startTime="2017-11-29T20:12:00.6231690+05:30" endTime="2017-11-29T20:12:00.6231690+05:30" testType="13cdc9d9-ddb5-4fa4-a97d-d965ccfc6d4b" outcome="Passed" testListId="8c84fa94-04c1-424b-9868-57a2d4851a1d" relativeResultsDirectory="34fd2eda-94fe-4667-b43c-c5da1feb824d" />
    <UnitTestResult executionId="aa23be9d-600f-4f8f-96e7-9c9066dca160" testId="2f040462-f386-fa17-cea6-542b7f377e87" testName="MSTest_P2_342" computerName="NAVB3" duration="00:00:00.0000738" startTime="2017-11-29T20:12:00.6231690+05:30" endTime="2017-11-29T20:12:00.6231690+05:30" testType="13cdc9d9-ddb5-4fa4-a97d-d965ccfc6d4b" outcome="Passed" testListId="8c84fa94-04c1-424b-9868-57a2d4851a1d" relativeResultsDirectory="aa23be9d-600f-4f8f-96e7-9c9066dca160" />
    <UnitTestResult executionId="004695c7-15d3-4861-b15e-e7a249baf13d" testId="b3289586-16e2-de14-36e6-635c5a01a2a7" testName="MSTest_P2_343" computerName="NAVB3" duration="00:00:00.0000730" startTime="2017-11-29T20:12:00.6231690+05:30" endTime="2017-11-29T20:12:00.6231690+05:30" testType="13cdc9d9-ddb5-4fa4-a97d-d965ccfc6d4b" outcome="Passed" testListId="8c84fa94-04c1-424b-9868-57a2d4851a1d" relativeResultsDirectory="004695c7-15d3-4861-b15e-e7a249baf13d" />
    <UnitTestResult executionId="7c249e54-16e9-4869-aac2-f8ca73af11a0" testId="f096824d-40cd-717f-e88d-86435808c17f" testName="MSTest_P2_344" computerName="NAVB3" duration="00:00:00.0000738" startTime="2017-11-29T20:12:00.6231690+05:30" endTime="2017-11-29T20:12:00.6231690+05:30" testType="13cdc9d9-ddb5-4fa4-a97d-d965ccfc6d4b" outcome="Passed" testListId="8c84fa94-04c1-424b-9868-57a2d4851a1d" relativeResultsDirectory="7c249e54-16e9-4869-aac2-f8ca73af11a0" />
    <UnitTestResult executionId="04ce45e7-06b1-41b4-b1c3-666f8b89a5f8" testId="8da97cd2-880c-f4d0-fc40-f3e35ed402f2" testName="MSTest_P2_345" computerName="NAVB3" duration="00:00:00.0000747" startTime="2017-11-29T20:12:00.6231690+05:30" endTime="2017-11-29T20:12:00.6231690+05:30" testType="13cdc9d9-ddb5-4fa4-a97d-d965ccfc6d4b" outcome="Passed" testListId="8c84fa94-04c1-424b-9868-57a2d4851a1d" relativeResultsDirectory="04ce45e7-06b1-41b4-b1c3-666f8b89a5f8" />
    <UnitTestResult executionId="035dbe11-237e-4a2e-b2ca-6b2068a2166e" testId="2fcdfbf0-8e6e-d5cd-3a26-45ff947f28f9" testName="MSTest_P2_346" computerName="NAVB3" duration="00:00:00.0000841" startTime="2017-11-29T20:12:00.6231690+05:30" endTime="2017-11-29T20:12:00.6231690+05:30" testType="13cdc9d9-ddb5-4fa4-a97d-d965ccfc6d4b" outcome="Passed" testListId="8c84fa94-04c1-424b-9868-57a2d4851a1d" relativeResultsDirectory="035dbe11-237e-4a2e-b2ca-6b2068a2166e" />
    <UnitTestResult executionId="aa8d03f4-e70b-4c3c-911b-1ac2e7657708" testId="261da64a-35d8-fc7c-9d86-4d9bc391b081" testName="MSTest_P2_347" computerName="NAVB3" duration="00:00:00.0000738" startTime="2017-11-29T20:12:00.6231690+05:30" endTime="2017-11-29T20:12:00.6231690+05:30" testType="13cdc9d9-ddb5-4fa4-a97d-d965ccfc6d4b" outcome="Passed" testListId="8c84fa94-04c1-424b-9868-57a2d4851a1d" relativeResultsDirectory="aa8d03f4-e70b-4c3c-911b-1ac2e7657708" />
    <UnitTestResult executionId="318a3b8c-bff9-4813-a3d2-ae282aba3495" testId="e57af493-2346-52f4-cc88-1804a63fe825" testName="MSTest_P2_348" computerName="NAVB3" duration="00:00:00.0000736" startTime="2017-11-29T20:12:00.6231690+05:30" endTime="2017-11-29T20:12:00.6231690+05:30" testType="13cdc9d9-ddb5-4fa4-a97d-d965ccfc6d4b" outcome="Passed" testListId="8c84fa94-04c1-424b-9868-57a2d4851a1d" relativeResultsDirectory="318a3b8c-bff9-4813-a3d2-ae282aba3495" />
    <UnitTestResult executionId="1779ecd9-c9a4-40ac-94e8-ad0ed41e8dc6" testId="d92d8cf9-a667-6491-f73f-b1bfb0d022ec" testName="MSTest_P2_349" computerName="NAVB3" duration="00:00:00.0000741" startTime="2017-11-29T20:12:00.6231690+05:30" endTime="2017-11-29T20:12:00.6231690+05:30" testType="13cdc9d9-ddb5-4fa4-a97d-d965ccfc6d4b" outcome="Passed" testListId="8c84fa94-04c1-424b-9868-57a2d4851a1d" relativeResultsDirectory="1779ecd9-c9a4-40ac-94e8-ad0ed41e8dc6" />
    <UnitTestResult executionId="818d4f32-e512-40e6-ac53-bf8374d0fc7a" testId="cccd6b29-c0bb-520c-ad4f-12b880e60af8" testName="MSTest_P2_350" computerName="NAVB3" duration="00:00:00.0000868" startTime="2017-11-29T20:12:00.6231690+05:30" endTime="2017-11-29T20:12:00.6231690+05:30" testType="13cdc9d9-ddb5-4fa4-a97d-d965ccfc6d4b" outcome="Passed" testListId="8c84fa94-04c1-424b-9868-57a2d4851a1d" relativeResultsDirectory="818d4f32-e512-40e6-ac53-bf8374d0fc7a" />
    <UnitTestResult executionId="6e9246af-f585-461c-9c79-acc34f65b948" testId="aaae3d70-046d-f051-b5b4-eb62d01ad4bf" testName="MSTest_P2_351" computerName="NAVB3" duration="00:00:00.0000800" startTime="2017-11-29T20:12:00.6231690+05:30" endTime="2017-11-29T20:12:00.6231690+05:30" testType="13cdc9d9-ddb5-4fa4-a97d-d965ccfc6d4b" outcome="Passed" testListId="8c84fa94-04c1-424b-9868-57a2d4851a1d" relativeResultsDirectory="6e9246af-f585-461c-9c79-acc34f65b948" />
    <UnitTestResult executionId="e35a57ef-26d0-47db-8a0b-b5761da9e087" testId="0c94a7d8-eb7f-8919-c44f-e9081f669d04" testName="MSTest_P2_352" computerName="NAVB3" duration="00:00:00.0000788" startTime="2017-11-29T20:12:00.6231690+05:30" endTime="2017-11-29T20:12:00.6231690+05:30" testType="13cdc9d9-ddb5-4fa4-a97d-d965ccfc6d4b" outcome="Passed" testListId="8c84fa94-04c1-424b-9868-57a2d4851a1d" relativeResultsDirectory="e35a57ef-26d0-47db-8a0b-b5761da9e087" />
    <UnitTestResult executionId="5e5e13a0-7a6d-429f-ba16-ba254ebac8f9" testId="e2ae9a98-04d2-06b2-1d1e-1288e302b2f5" testName="MSTest_P2_353" computerName="NAVB3" duration="00:00:00.0000747" startTime="2017-11-29T20:12:00.6231690+05:30" endTime="2017-11-29T20:12:00.6231690+05:30" testType="13cdc9d9-ddb5-4fa4-a97d-d965ccfc6d4b" outcome="Passed" testListId="8c84fa94-04c1-424b-9868-57a2d4851a1d" relativeResultsDirectory="5e5e13a0-7a6d-429f-ba16-ba254ebac8f9" />
    <UnitTestResult executionId="855a6cc3-4519-4cdd-affe-bee42fa51a1a" testId="cff6766d-a1d5-959d-443d-276615b97e94" testName="MSTest_P2_354" computerName="NAVB3" duration="00:00:00.0000747" startTime="2017-11-29T20:12:00.6231690+05:30" endTime="2017-11-29T20:12:00.6231690+05:30" testType="13cdc9d9-ddb5-4fa4-a97d-d965ccfc6d4b" outcome="Passed" testListId="8c84fa94-04c1-424b-9868-57a2d4851a1d" relativeResultsDirectory="855a6cc3-4519-4cdd-affe-bee42fa51a1a" />
    <UnitTestResult executionId="eb3e224f-587f-44bc-947d-7ce783eaa153" testId="8b8ceab0-29d2-58ce-53d0-5c811244c0d8" testName="MSTest_P2_355" computerName="NAVB3" duration="00:00:00.0000976" startTime="2017-11-29T20:12:00.6231690+05:30" endTime="2017-11-29T20:12:00.6388011+05:30" testType="13cdc9d9-ddb5-4fa4-a97d-d965ccfc6d4b" outcome="Passed" testListId="8c84fa94-04c1-424b-9868-57a2d4851a1d" relativeResultsDirectory="eb3e224f-587f-44bc-947d-7ce783eaa153" />
    <UnitTestResult executionId="5169e800-dea5-4292-a792-e4f6855855fc" testId="ad5a0e91-8c30-5d3f-dd6a-3a5ed0699272" testName="MSTest_P2_356" computerName="NAVB3" duration="00:00:00.0000738" startTime="2017-11-29T20:12:00.6388011+05:30" endTime="2017-11-29T20:12:00.6388011+05:30" testType="13cdc9d9-ddb5-4fa4-a97d-d965ccfc6d4b" outcome="Passed" testListId="8c84fa94-04c1-424b-9868-57a2d4851a1d" relativeResultsDirectory="5169e800-dea5-4292-a792-e4f6855855fc" />
    <UnitTestResult executionId="8f792b06-316a-43e5-bce7-5112f71ec230" testId="9a50cf54-d2da-b725-6a58-109d8be2c84f" testName="MSTest_P2_357" computerName="NAVB3" duration="00:00:00.0001026" startTime="2017-11-29T20:12:00.6388011+05:30" endTime="2017-11-29T20:12:00.6388011+05:30" testType="13cdc9d9-ddb5-4fa4-a97d-d965ccfc6d4b" outcome="Passed" testListId="8c84fa94-04c1-424b-9868-57a2d4851a1d" relativeResultsDirectory="8f792b06-316a-43e5-bce7-5112f71ec230" />
    <UnitTestResult executionId="fc9616bf-e32a-400d-99c5-5eff00e2297b" testId="a006f8fc-4a91-b9c9-ca82-88969fd63533" testName="MSTest_P2_358" computerName="NAVB3" duration="00:00:00.0000759" startTime="2017-11-29T20:12:00.6388011+05:30" endTime="2017-11-29T20:12:00.6388011+05:30" testType="13cdc9d9-ddb5-4fa4-a97d-d965ccfc6d4b" outcome="Passed" testListId="8c84fa94-04c1-424b-9868-57a2d4851a1d" relativeResultsDirectory="fc9616bf-e32a-400d-99c5-5eff00e2297b" />
    <UnitTestResult executionId="259c836b-a868-4353-910c-87bd03a9aac1" testId="cc7f4aa0-49ea-ec9e-9069-676b0f8bcfc6" testName="MSTest_P2_359" computerName="NAVB3" duration="00:00:00.0000835" startTime="2017-11-29T20:12:00.6388011+05:30" endTime="2017-11-29T20:12:00.6388011+05:30" testType="13cdc9d9-ddb5-4fa4-a97d-d965ccfc6d4b" outcome="Passed" testListId="8c84fa94-04c1-424b-9868-57a2d4851a1d" relativeResultsDirectory="259c836b-a868-4353-910c-87bd03a9aac1" />
    <UnitTestResult executionId="84ec28e4-35b0-4be4-8031-6e35b05220f6" testId="b57fa639-5fb9-0830-da2d-85c248573397" testName="MSTest_P2_360" computerName="NAVB3" duration="00:00:00.0000818" startTime="2017-11-29T20:12:00.6388011+05:30" endTime="2017-11-29T20:12:00.6388011+05:30" testType="13cdc9d9-ddb5-4fa4-a97d-d965ccfc6d4b" outcome="Passed" testListId="8c84fa94-04c1-424b-9868-57a2d4851a1d" relativeResultsDirectory="84ec28e4-35b0-4be4-8031-6e35b05220f6" />
    <UnitTestResult executionId="abe7514c-2afb-4b68-b697-c037ace8f3ad" testId="a13cdf1d-5ea0-e21c-19f3-f8483190ffb4" testName="MSTest_P2_361" computerName="NAVB3" duration="00:00:00.0000809" startTime="2017-11-29T20:12:00.6388011+05:30" endTime="2017-11-29T20:12:00.6388011+05:30" testType="13cdc9d9-ddb5-4fa4-a97d-d965ccfc6d4b" outcome="Passed" testListId="8c84fa94-04c1-424b-9868-57a2d4851a1d" relativeResultsDirectory="abe7514c-2afb-4b68-b697-c037ace8f3ad" />
    <UnitTestResult executionId="f7a016a9-5695-470d-b63b-b45ce8391b63" testId="c4c6663c-b8b8-36ee-cc44-da0d09c1eeb5" testName="MSTest_P2_362" computerName="NAVB3" duration="00:00:00.0000803" startTime="2017-11-29T20:12:00.6388011+05:30" endTime="2017-11-29T20:12:00.6388011+05:30" testType="13cdc9d9-ddb5-4fa4-a97d-d965ccfc6d4b" outcome="Passed" testListId="8c84fa94-04c1-424b-9868-57a2d4851a1d" relativeResultsDirectory="f7a016a9-5695-470d-b63b-b45ce8391b63" />
    <UnitTestResult executionId="35726e60-2ea4-4ee3-a1ba-830d34ecc63b" testId="85f059df-ab48-015f-9079-68bce7e7081a" testName="MSTest_P2_363" computerName="NAVB3" duration="00:00:00.0000803" startTime="2017-11-29T20:12:00.6388011+05:30" endTime="2017-11-29T20:12:00.6388011+05:30" testType="13cdc9d9-ddb5-4fa4-a97d-d965ccfc6d4b" outcome="Passed" testListId="8c84fa94-04c1-424b-9868-57a2d4851a1d" relativeResultsDirectory="35726e60-2ea4-4ee3-a1ba-830d34ecc63b" />
    <UnitTestResult executionId="c1bf757a-3f2f-4414-ab14-e36e14d99ca2" testId="c958c197-9663-ac85-ff46-f793549f39b7" testName="MSTest_P2_364" computerName="NAVB3" duration="00:00:00.0000800" startTime="2017-11-29T20:12:00.6388011+05:30" endTime="2017-11-29T20:12:00.6388011+05:30" testType="13cdc9d9-ddb5-4fa4-a97d-d965ccfc6d4b" outcome="Passed" testListId="8c84fa94-04c1-424b-9868-57a2d4851a1d" relativeResultsDirectory="c1bf757a-3f2f-4414-ab14-e36e14d99ca2" />
    <UnitTestResult executionId="6e9db642-4228-4847-b1b8-8138435bc363" testId="86d33541-0c9d-bf01-4588-941c72e5d2db" testName="MSTest_P2_365" computerName="NAVB3" duration="00:00:00.0000806" startTime="2017-11-29T20:12:00.6388011+05:30" endTime="2017-11-29T20:12:00.6388011+05:30" testType="13cdc9d9-ddb5-4fa4-a97d-d965ccfc6d4b" outcome="Passed" testListId="8c84fa94-04c1-424b-9868-57a2d4851a1d" relativeResultsDirectory="6e9db642-4228-4847-b1b8-8138435bc363" />
    <UnitTestResult executionId="4d9975bc-ed91-481e-b821-82edc425daba" testId="29245ba5-4fb2-06bc-c20f-6cdfae14cbc2" testName="MSTest_P2_366" computerName="NAVB3" duration="00:00:00.0000806" startTime="2017-11-29T20:12:00.6388011+05:30" endTime="2017-11-29T20:12:00.6388011+05:30" testType="13cdc9d9-ddb5-4fa4-a97d-d965ccfc6d4b" outcome="Passed" testListId="8c84fa94-04c1-424b-9868-57a2d4851a1d" relativeResultsDirectory="4d9975bc-ed91-481e-b821-82edc425daba" />
    <UnitTestResult executionId="8ea8248a-9fd8-4330-a467-cc86c9bae40d" testId="b5b533a4-53dc-72cb-3571-2d794c9a324a" testName="MSTest_P2_367" computerName="NAVB3" duration="00:00:00.0000782" startTime="2017-11-29T20:12:00.6388011+05:30" endTime="2017-11-29T20:12:00.6388011+05:30" testType="13cdc9d9-ddb5-4fa4-a97d-d965ccfc6d4b" outcome="Passed" testListId="8c84fa94-04c1-424b-9868-57a2d4851a1d" relativeResultsDirectory="8ea8248a-9fd8-4330-a467-cc86c9bae40d" />
    <UnitTestResult executionId="5a9ef3c5-56bb-4ddd-9a14-a140cc8dbaba" testId="168656cc-c388-569b-4f5a-f872fa91fb0c" testName="MSTest_P2_368" computerName="NAVB3" duration="00:00:00.0000806" startTime="2017-11-29T20:12:00.6388011+05:30" endTime="2017-11-29T20:12:00.6388011+05:30" testType="13cdc9d9-ddb5-4fa4-a97d-d965ccfc6d4b" outcome="Passed" testListId="8c84fa94-04c1-424b-9868-57a2d4851a1d" relativeResultsDirectory="5a9ef3c5-56bb-4ddd-9a14-a140cc8dbaba" />
    <UnitTestResult executionId="cc93f876-93ca-462b-8a49-822f3a2f2444" testId="762b1e7e-d51b-958a-e187-36e32a2e639a" testName="MSTest_P2_369" computerName="NAVB3" duration="00:00:00.0000797" startTime="2017-11-29T20:12:00.6388011+05:30" endTime="2017-11-29T20:12:00.6388011+05:30" testType="13cdc9d9-ddb5-4fa4-a97d-d965ccfc6d4b" outcome="Passed" testListId="8c84fa94-04c1-424b-9868-57a2d4851a1d" relativeResultsDirectory="cc93f876-93ca-462b-8a49-822f3a2f2444" />
    <UnitTestResult executionId="061097c1-aa18-42d3-b609-e87cf2207a5f" testId="b4928c47-746b-0d95-a4af-76487a813ea1" testName="MSTest_P2_370" computerName="NAVB3" duration="00:00:00.0000791" startTime="2017-11-29T20:12:00.6388011+05:30" endTime="2017-11-29T20:12:00.6388011+05:30" testType="13cdc9d9-ddb5-4fa4-a97d-d965ccfc6d4b" outcome="Passed" testListId="8c84fa94-04c1-424b-9868-57a2d4851a1d" relativeResultsDirectory="061097c1-aa18-42d3-b609-e87cf2207a5f" />
    <UnitTestResult executionId="116f1b89-69fa-4292-8138-0703f404710b" testId="a566e3cd-a227-b21d-5140-00ed38f5b13c" testName="MSTest_P2_371" computerName="NAVB3" duration="00:00:00.0000791" startTime="2017-11-29T20:12:00.6388011+05:30" endTime="2017-11-29T20:12:00.6388011+05:30" testType="13cdc9d9-ddb5-4fa4-a97d-d965ccfc6d4b" outcome="Passed" testListId="8c84fa94-04c1-424b-9868-57a2d4851a1d" relativeResultsDirectory="116f1b89-69fa-4292-8138-0703f404710b" />
    <UnitTestResult executionId="ce885303-3661-43c8-b75e-216583f73c1a" testId="4285ecbd-ab23-0fc3-1154-3f64e08e6358" testName="MSTest_P2_372" computerName="NAVB3" duration="00:00:00.0000788" startTime="2017-11-29T20:12:00.6388011+05:30" endTime="2017-11-29T20:12:00.6388011+05:30" testType="13cdc9d9-ddb5-4fa4-a97d-d965ccfc6d4b" outcome="Passed" testListId="8c84fa94-04c1-424b-9868-57a2d4851a1d" relativeResultsDirectory="ce885303-3661-43c8-b75e-216583f73c1a" />
    <UnitTestResult executionId="a5bc5104-c6e3-4b9e-9eca-97382d2e6586" testId="573004a9-b189-9f27-d738-0e7542d4598e" testName="MSTest_P2_373" computerName="NAVB3" duration="00:00:00.0000788" startTime="2017-11-29T20:12:00.6388011+05:30" endTime="2017-11-29T20:12:00.6388011+05:30" testType="13cdc9d9-ddb5-4fa4-a97d-d965ccfc6d4b" outcome="Passed" testListId="8c84fa94-04c1-424b-9868-57a2d4851a1d" relativeResultsDirectory="a5bc5104-c6e3-4b9e-9eca-97382d2e6586" />
    <UnitTestResult executionId="5b8fff60-ca1c-4d98-97eb-978916becdf9" testId="fcb9f9cb-8bff-4410-2cbd-9f2d9e730c99" testName="MSTest_P2_374" computerName="NAVB3" duration="00:00:00.0001090" startTime="2017-11-29T20:12:00.6388011+05:30" endTime="2017-11-29T20:12:00.6388011+05:30" testType="13cdc9d9-ddb5-4fa4-a97d-d965ccfc6d4b" outcome="Passed" testListId="8c84fa94-04c1-424b-9868-57a2d4851a1d" relativeResultsDirectory="5b8fff60-ca1c-4d98-97eb-978916becdf9" />
    <UnitTestResult executionId="8eb21902-bb76-4efa-b54e-3f8b5bbf5c04" testId="a46eadae-e5a3-0fd4-d6c8-6fe01f360833" testName="MSTest_P2_375" computerName="NAVB3" duration="00:00:00.0001202" startTime="2017-11-29T20:12:00.6388011+05:30" endTime="2017-11-29T20:12:00.6388011+05:30" testType="13cdc9d9-ddb5-4fa4-a97d-d965ccfc6d4b" outcome="Passed" testListId="8c84fa94-04c1-424b-9868-57a2d4851a1d" relativeResultsDirectory="8eb21902-bb76-4efa-b54e-3f8b5bbf5c04" />
    <UnitTestResult executionId="a668bb72-f0d1-407f-b05c-33bceac12f61" testId="1babfa2a-0cf6-9ecf-517c-830806d0794f" testName="MSTest_P2_376" computerName="NAVB3" duration="00:00:00.0000862" startTime="2017-11-29T20:12:00.6388011+05:30" endTime="2017-11-29T20:12:00.6388011+05:30" testType="13cdc9d9-ddb5-4fa4-a97d-d965ccfc6d4b" outcome="Passed" testListId="8c84fa94-04c1-424b-9868-57a2d4851a1d" relativeResultsDirectory="a668bb72-f0d1-407f-b05c-33bceac12f61" />
    <UnitTestResult executionId="68ceed62-2a08-4dc8-b18c-f415f2c8b566" testId="df2a9d0e-a274-5910-744b-a0366c312806" testName="MSTest_P2_377" computerName="NAVB3" duration="00:00:00.0000835" startTime="2017-11-29T20:12:00.6388011+05:30" endTime="2017-11-29T20:12:00.6388011+05:30" testType="13cdc9d9-ddb5-4fa4-a97d-d965ccfc6d4b" outcome="Passed" testListId="8c84fa94-04c1-424b-9868-57a2d4851a1d" relativeResultsDirectory="68ceed62-2a08-4dc8-b18c-f415f2c8b566" />
    <UnitTestResult executionId="76776288-6a9d-412f-9a0b-50f384bc2de0" testId="6488116c-bc89-3940-6845-6622d85e58aa" testName="MSTest_P2_378" computerName="NAVB3" duration="00:00:00.0000759" startTime="2017-11-29T20:12:00.6388011+05:30" endTime="2017-11-29T20:12:00.6388011+05:30" testType="13cdc9d9-ddb5-4fa4-a97d-d965ccfc6d4b" outcome="Passed" testListId="8c84fa94-04c1-424b-9868-57a2d4851a1d" relativeResultsDirectory="76776288-6a9d-412f-9a0b-50f384bc2de0" />
    <UnitTestResult executionId="9fd7b777-1ea4-4b90-9cab-a36b93ece413" testId="e566dee5-3807-7605-348b-d344cf004cc2" testName="MSTest_P2_379" computerName="NAVB3" duration="00:00:00.0000762" startTime="2017-11-29T20:12:00.6388011+05:30" endTime="2017-11-29T20:12:00.6388011+05:30" testType="13cdc9d9-ddb5-4fa4-a97d-d965ccfc6d4b" outcome="Passed" testListId="8c84fa94-04c1-424b-9868-57a2d4851a1d" relativeResultsDirectory="9fd7b777-1ea4-4b90-9cab-a36b93ece413" />
    <UnitTestResult executionId="8e56aa6e-7e93-4b66-9c77-9c582d25d4c4" testId="a1e6eaef-4c12-584e-5f6a-216a53e665a4" testName="MSTest_P2_380" computerName="NAVB3" duration="00:00:00.0000753" startTime="2017-11-29T20:12:00.6388011+05:30" endTime="2017-11-29T20:12:00.6388011+05:30" testType="13cdc9d9-ddb5-4fa4-a97d-d965ccfc6d4b" outcome="Passed" testListId="8c84fa94-04c1-424b-9868-57a2d4851a1d" relativeResultsDirectory="8e56aa6e-7e93-4b66-9c77-9c582d25d4c4" />
    <UnitTestResult executionId="fb6fb083-1b9b-4f57-8094-98b9fb15ab36" testId="169db8bc-9078-646f-fe30-502861017bb9" testName="MSTest_P2_381" computerName="NAVB3" duration="00:00:00.0000756" startTime="2017-11-29T20:12:00.6388011+05:30" endTime="2017-11-29T20:12:00.6388011+05:30" testType="13cdc9d9-ddb5-4fa4-a97d-d965ccfc6d4b" outcome="Passed" testListId="8c84fa94-04c1-424b-9868-57a2d4851a1d" relativeResultsDirectory="fb6fb083-1b9b-4f57-8094-98b9fb15ab36" />
    <UnitTestResult executionId="b56c25d2-4756-47f9-974a-37bd9fe01d90" testId="7cd7dc3e-fa7a-6dd1-08a3-6101b8e173af" testName="MSTest_P2_382" computerName="NAVB3" duration="00:00:00.0000750" startTime="2017-11-29T20:12:00.6388011+05:30" endTime="2017-11-29T20:12:00.6388011+05:30" testType="13cdc9d9-ddb5-4fa4-a97d-d965ccfc6d4b" outcome="Passed" testListId="8c84fa94-04c1-424b-9868-57a2d4851a1d" relativeResultsDirectory="b56c25d2-4756-47f9-974a-37bd9fe01d90" />
    <UnitTestResult executionId="fe6b93fc-9c0a-40d1-821b-2ba9a4e6094b" testId="73defc98-0362-fc29-ddab-170ef0f6d29d" testName="MSTest_P2_383" computerName="NAVB3" duration="00:00:00.0000750" startTime="2017-11-29T20:12:00.6388011+05:30" endTime="2017-11-29T20:12:00.6388011+05:30" testType="13cdc9d9-ddb5-4fa4-a97d-d965ccfc6d4b" outcome="Passed" testListId="8c84fa94-04c1-424b-9868-57a2d4851a1d" relativeResultsDirectory="fe6b93fc-9c0a-40d1-821b-2ba9a4e6094b" />
    <UnitTestResult executionId="c5464678-188e-4f74-8796-635b551ef576" testId="f0722d68-87a7-b3ef-b39d-26875ec82e68" testName="MSTest_P2_384" computerName="NAVB3" duration="00:00:00.0000750" startTime="2017-11-29T20:12:00.6388011+05:30" endTime="2017-11-29T20:12:00.6388011+05:30" testType="13cdc9d9-ddb5-4fa4-a97d-d965ccfc6d4b" outcome="Passed" testListId="8c84fa94-04c1-424b-9868-57a2d4851a1d" relativeResultsDirectory="c5464678-188e-4f74-8796-635b551ef576" />
    <UnitTestResult executionId="ba62809a-3247-4d68-ace3-76c89320b487" testId="9507a82f-228a-e878-fcf5-be244d32dfe3" testName="MSTest_P2_385" computerName="NAVB3" duration="00:00:00.0000733" startTime="2017-11-29T20:12:00.6388011+05:30" endTime="2017-11-29T20:12:00.6388011+05:30" testType="13cdc9d9-ddb5-4fa4-a97d-d965ccfc6d4b" outcome="Passed" testListId="8c84fa94-04c1-424b-9868-57a2d4851a1d" relativeResultsDirectory="ba62809a-3247-4d68-ace3-76c89320b487" />
    <UnitTestResult executionId="38ccd3d8-a14c-4794-93c5-0d27c3acac80" testId="84d3bffa-3529-5567-4b2a-a62740c3d75e" testName="MSTest_P2_386" computerName="NAVB3" duration="00:00:00.0000741" startTime="2017-11-29T20:12:00.6388011+05:30" endTime="2017-11-29T20:12:00.6388011+05:30" testType="13cdc9d9-ddb5-4fa4-a97d-d965ccfc6d4b" outcome="Passed" testListId="8c84fa94-04c1-424b-9868-57a2d4851a1d" relativeResultsDirectory="38ccd3d8-a14c-4794-93c5-0d27c3acac80" />
    <UnitTestResult executionId="f11cf070-7d19-467e-adcc-f7308e44665c" testId="a923ba92-5f49-1db0-a980-f6ad3af6c118" testName="MSTest_P2_387" computerName="NAVB3" duration="00:00:00.0000738" startTime="2017-11-29T20:12:00.6388011+05:30" endTime="2017-11-29T20:12:00.6388011+05:30" testType="13cdc9d9-ddb5-4fa4-a97d-d965ccfc6d4b" outcome="Passed" testListId="8c84fa94-04c1-424b-9868-57a2d4851a1d" relativeResultsDirectory="f11cf070-7d19-467e-adcc-f7308e44665c" />
    <UnitTestResult executionId="d444bcbe-ea8b-4ca8-896a-8b2a74833cda" testId="716c3939-21a9-baf1-3381-3805519a2c18" testName="MSTest_P2_388" computerName="NAVB3" duration="00:00:00.0000738" startTime="2017-11-29T20:12:00.6388011+05:30" endTime="2017-11-29T20:12:00.6388011+05:30" testType="13cdc9d9-ddb5-4fa4-a97d-d965ccfc6d4b" outcome="Passed" testListId="8c84fa94-04c1-424b-9868-57a2d4851a1d" relativeResultsDirectory="d444bcbe-ea8b-4ca8-896a-8b2a74833cda" />
    <UnitTestResult executionId="f6e8cb46-e219-4a10-8529-837274f7246c" testId="2d853185-1b8c-d32c-b8ef-fcd1ca111fe0" testName="MSTest_P2_389" computerName="NAVB3" duration="00:00:00.0000736" startTime="2017-11-29T20:12:00.6388011+05:30" endTime="2017-11-29T20:12:00.6388011+05:30" testType="13cdc9d9-ddb5-4fa4-a97d-d965ccfc6d4b" outcome="Passed" testListId="8c84fa94-04c1-424b-9868-57a2d4851a1d" relativeResultsDirectory="f6e8cb46-e219-4a10-8529-837274f7246c" />
    <UnitTestResult executionId="3359a277-0e3c-478e-b373-103194afc3f9" testId="1b51fe85-d5f1-8130-9dfe-a0f9e4a34746" testName="MSTest_P2_390" computerName="NAVB3" duration="00:00:00.0000736" startTime="2017-11-29T20:12:00.6388011+05:30" endTime="2017-11-29T20:12:00.6388011+05:30" testType="13cdc9d9-ddb5-4fa4-a97d-d965ccfc6d4b" outcome="Passed" testListId="8c84fa94-04c1-424b-9868-57a2d4851a1d" relativeResultsDirectory="3359a277-0e3c-478e-b373-103194afc3f9" />
    <UnitTestResult executionId="6334168b-0444-4766-b3ce-62404fc78385" testId="145f33a9-a9ca-28ad-f581-1ed846520f66" testName="MSTest_P2_391" computerName="NAVB3" duration="00:00:00.0000736" startTime="2017-11-29T20:12:00.6388011+05:30" endTime="2017-11-29T20:12:00.6388011+05:30" testType="13cdc9d9-ddb5-4fa4-a97d-d965ccfc6d4b" outcome="Passed" testListId="8c84fa94-04c1-424b-9868-57a2d4851a1d" relativeResultsDirectory="6334168b-0444-4766-b3ce-62404fc78385" />
    <UnitTestResult executionId="034efd65-a96e-4159-b833-bbbd76b0f9c1" testId="e4b2455a-64fc-dffc-d919-2a0245f30187" testName="MSTest_P2_392" computerName="NAVB3" duration="00:00:00.0000794" startTime="2017-11-29T20:12:00.6388011+05:30" endTime="2017-11-29T20:12:00.6388011+05:30" testType="13cdc9d9-ddb5-4fa4-a97d-d965ccfc6d4b" outcome="Passed" testListId="8c84fa94-04c1-424b-9868-57a2d4851a1d" relativeResultsDirectory="034efd65-a96e-4159-b833-bbbd76b0f9c1" />
    <UnitTestResult executionId="e9725e2e-2e6a-4b12-9abc-54df14692972" testId="c2ef64d5-231f-4491-5201-a9b7c9060d4a" testName="MSTest_P2_393" computerName="NAVB3" duration="00:00:00.0000724" startTime="2017-11-29T20:12:00.6388011+05:30" endTime="2017-11-29T20:12:00.6388011+05:30" testType="13cdc9d9-ddb5-4fa4-a97d-d965ccfc6d4b" outcome="Passed" testListId="8c84fa94-04c1-424b-9868-57a2d4851a1d" relativeResultsDirectory="e9725e2e-2e6a-4b12-9abc-54df14692972" />
    <UnitTestResult executionId="c0cf85f8-8631-486d-a36c-aa756cd9ad89" testId="a1bac869-1385-672b-07d7-c035033b5b5b" testName="MSTest_P2_394" computerName="NAVB3" duration="00:00:00.0000733" startTime="2017-11-29T20:12:00.6388011+05:30" endTime="2017-11-29T20:12:00.6388011+05:30" testType="13cdc9d9-ddb5-4fa4-a97d-d965ccfc6d4b" outcome="Passed" testListId="8c84fa94-04c1-424b-9868-57a2d4851a1d" relativeResultsDirectory="c0cf85f8-8631-486d-a36c-aa756cd9ad89" />
    <UnitTestResult executionId="ee0e3796-c3f3-4510-8357-ada152728846" testId="33c5b05a-c149-c017-3777-a15579c827fc" testName="MSTest_P2_395" computerName="NAVB3" duration="00:00:00.0000738" startTime="2017-11-29T20:12:00.6388011+05:30" endTime="2017-11-29T20:12:00.6388011+05:30" testType="13cdc9d9-ddb5-4fa4-a97d-d965ccfc6d4b" outcome="Passed" testListId="8c84fa94-04c1-424b-9868-57a2d4851a1d" relativeResultsDirectory="ee0e3796-c3f3-4510-8357-ada152728846" />
    <UnitTestResult executionId="593727eb-446e-4ab2-9c67-38e0ab9f96d5" testId="5d0af9d1-44bb-6c1c-91da-0de0adda509f" testName="MSTest_P2_396" computerName="NAVB3" duration="00:00:00.0000747" startTime="2017-11-29T20:12:00.6388011+05:30" endTime="2017-11-29T20:12:00.6388011+05:30" testType="13cdc9d9-ddb5-4fa4-a97d-d965ccfc6d4b" outcome="Passed" testListId="8c84fa94-04c1-424b-9868-57a2d4851a1d" relativeResultsDirectory="593727eb-446e-4ab2-9c67-38e0ab9f96d5" />
    <UnitTestResult executionId="7cc515e3-281a-47fd-a5fb-1edacf47c84f" testId="8a506de1-1596-a50f-344b-f1352abd2793" testName="MSTest_P2_397" computerName="NAVB3" duration="00:00:00.0000753" startTime="2017-11-29T20:12:00.6388011+05:30" endTime="2017-11-29T20:12:00.6388011+05:30" testType="13cdc9d9-ddb5-4fa4-a97d-d965ccfc6d4b" outcome="Passed" testListId="8c84fa94-04c1-424b-9868-57a2d4851a1d" relativeResultsDirectory="7cc515e3-281a-47fd-a5fb-1edacf47c84f" />
    <UnitTestResult executionId="f8e628c6-c83b-44ac-9c52-190876e99dd3" testId="ad4a33be-0820-6acd-0fda-f7dc1d9afabe" testName="MSTest_P2_398" computerName="NAVB3" duration="00:00:00.0000747" startTime="2017-11-29T20:12:00.6388011+05:30" endTime="2017-11-29T20:12:00.6388011+05:30" testType="13cdc9d9-ddb5-4fa4-a97d-d965ccfc6d4b" outcome="Passed" testListId="8c84fa94-04c1-424b-9868-57a2d4851a1d" relativeResultsDirectory="f8e628c6-c83b-44ac-9c52-190876e99dd3" />
    <UnitTestResult executionId="f931bc93-8bb1-4cba-80f5-4eace352e95e" testId="d4e64b61-1d71-9a31-64b3-8f7fa264d751" testName="MSTest_P2_399" computerName="NAVB3" duration="00:00:00.0000741" startTime="2017-11-29T20:12:00.6388011+05:30" endTime="2017-11-29T20:12:00.6388011+05:30" testType="13cdc9d9-ddb5-4fa4-a97d-d965ccfc6d4b" outcome="Passed" testListId="8c84fa94-04c1-424b-9868-57a2d4851a1d" relativeResultsDirectory="f931bc93-8bb1-4cba-80f5-4eace352e95e" />
    <UnitTestResult executionId="6a8c2d6f-58f0-4b98-b1b4-e80294dd9336" testId="71368800-2a58-7d0c-02f5-2226bd31ba61" testName="MSTest_P2_400" computerName="NAVB3" duration="00:00:00.0000741" startTime="2017-11-29T20:12:00.6388011+05:30" endTime="2017-11-29T20:12:00.6388011+05:30" testType="13cdc9d9-ddb5-4fa4-a97d-d965ccfc6d4b" outcome="Passed" testListId="8c84fa94-04c1-424b-9868-57a2d4851a1d" relativeResultsDirectory="6a8c2d6f-58f0-4b98-b1b4-e80294dd9336" />
    <UnitTestResult executionId="faf425d2-c8a5-498e-a6db-6e74e3565933" testId="dec4cc11-275a-6477-9776-6b40db9a3bd4" testName="MSTest_P2_401" computerName="NAVB3" duration="00:00:00.0000741" startTime="2017-11-29T20:12:00.6388011+05:30" endTime="2017-11-29T20:12:00.6388011+05:30" testType="13cdc9d9-ddb5-4fa4-a97d-d965ccfc6d4b" outcome="Passed" testListId="8c84fa94-04c1-424b-9868-57a2d4851a1d" relativeResultsDirectory="faf425d2-c8a5-498e-a6db-6e74e3565933" />
    <UnitTestResult executionId="c48c5796-7744-4bc8-81d7-42237781c315" testId="a758e563-1f9a-9b88-d4c0-8cc7153a0dc7" testName="MSTest_P2_402" computerName="NAVB3" duration="00:00:00.0000736" startTime="2017-11-29T20:12:00.6388011+05:30" endTime="2017-11-29T20:12:00.6388011+05:30" testType="13cdc9d9-ddb5-4fa4-a97d-d965ccfc6d4b" outcome="Passed" testListId="8c84fa94-04c1-424b-9868-57a2d4851a1d" relativeResultsDirectory="c48c5796-7744-4bc8-81d7-42237781c315" />
    <UnitTestResult executionId="e36709fa-2fe7-47cc-976d-7a8ad52f52db" testId="cf6d1948-e4c8-984f-d8fe-0f710a6f4061" testName="MSTest_P2_403" computerName="NAVB3" duration="00:00:00.0000762" startTime="2017-11-29T20:12:00.6544189+05:30" endTime="2017-11-29T20:12:00.6544189+05:30" testType="13cdc9d9-ddb5-4fa4-a97d-d965ccfc6d4b" outcome="Passed" testListId="8c84fa94-04c1-424b-9868-57a2d4851a1d" relativeResultsDirectory="e36709fa-2fe7-47cc-976d-7a8ad52f52db" />
    <UnitTestResult executionId="e97b2efb-848c-4e2d-8863-15bc80e38fbb" testId="c6c7eaee-0217-c536-1f3e-e884f74d00f9" testName="MSTest_P2_404" computerName="NAVB3" duration="00:00:00.0000738" startTime="2017-11-29T20:12:00.6544189+05:30" endTime="2017-11-29T20:12:00.6544189+05:30" testType="13cdc9d9-ddb5-4fa4-a97d-d965ccfc6d4b" outcome="Passed" testListId="8c84fa94-04c1-424b-9868-57a2d4851a1d" relativeResultsDirectory="e97b2efb-848c-4e2d-8863-15bc80e38fbb" />
    <UnitTestResult executionId="af3544fb-1608-4be9-974e-39ff2d8e32ca" testId="b9ed8a5e-ee12-301b-e3c5-ef16e418ae41" testName="MSTest_P2_405" computerName="NAVB3" duration="00:00:00.0000862" startTime="2017-11-29T20:12:00.6544189+05:30" endTime="2017-11-29T20:12:00.6544189+05:30" testType="13cdc9d9-ddb5-4fa4-a97d-d965ccfc6d4b" outcome="Passed" testListId="8c84fa94-04c1-424b-9868-57a2d4851a1d" relativeResultsDirectory="af3544fb-1608-4be9-974e-39ff2d8e32ca" />
    <UnitTestResult executionId="049850b6-36bc-4e99-a4e3-289df489dc3e" testId="b6f1489a-2055-f485-9c7f-98b90c4b3558" testName="MSTest_P2_406" computerName="NAVB3" duration="00:00:00.0000844" startTime="2017-11-29T20:12:00.6544189+05:30" endTime="2017-11-29T20:12:00.6544189+05:30" testType="13cdc9d9-ddb5-4fa4-a97d-d965ccfc6d4b" outcome="Passed" testListId="8c84fa94-04c1-424b-9868-57a2d4851a1d" relativeResultsDirectory="049850b6-36bc-4e99-a4e3-289df489dc3e" />
    <UnitTestResult executionId="6a11fb31-f6d3-4d04-8014-a014a866490a" testId="7b2ca1e9-e284-8127-4f7e-dec3027488f5" testName="MSTest_P2_407" computerName="NAVB3" duration="00:00:00.0000821" startTime="2017-11-29T20:12:00.6544189+05:30" endTime="2017-11-29T20:12:00.6544189+05:30" testType="13cdc9d9-ddb5-4fa4-a97d-d965ccfc6d4b" outcome="Passed" testListId="8c84fa94-04c1-424b-9868-57a2d4851a1d" relativeResultsDirectory="6a11fb31-f6d3-4d04-8014-a014a866490a" />
    <UnitTestResult executionId="61ef2dbf-6d1b-43b5-b942-de696c3732ca" testId="9c58d5d9-15c3-3301-dbdb-cd91d433ddd3" testName="MSTest_P2_408" computerName="NAVB3" duration="00:00:00.0000818" startTime="2017-11-29T20:12:00.6544189+05:30" endTime="2017-11-29T20:12:00.6544189+05:30" testType="13cdc9d9-ddb5-4fa4-a97d-d965ccfc6d4b" outcome="Passed" testListId="8c84fa94-04c1-424b-9868-57a2d4851a1d" relativeResultsDirectory="61ef2dbf-6d1b-43b5-b942-de696c3732ca" />
    <UnitTestResult executionId="fddacafe-6637-4e6b-b6d7-d3b72dd5ba37" testId="02384a4c-827d-2204-02d7-2003620d01f1" testName="MSTest_P2_409" computerName="NAVB3" duration="00:00:00.0000738" startTime="2017-11-29T20:12:00.6544189+05:30" endTime="2017-11-29T20:12:00.6544189+05:30" testType="13cdc9d9-ddb5-4fa4-a97d-d965ccfc6d4b" outcome="Passed" testListId="8c84fa94-04c1-424b-9868-57a2d4851a1d" relativeResultsDirectory="fddacafe-6637-4e6b-b6d7-d3b72dd5ba37" />
    <UnitTestResult executionId="eb3febd5-e3a1-43a2-9f99-27c0d53a5759" testId="08657299-4484-6f51-225a-92afef4d6f02" testName="MSTest_P2_410" computerName="NAVB3" duration="00:00:00.0000900" startTime="2017-11-29T20:12:00.6544189+05:30" endTime="2017-11-29T20:12:00.6544189+05:30" testType="13cdc9d9-ddb5-4fa4-a97d-d965ccfc6d4b" outcome="Passed" testListId="8c84fa94-04c1-424b-9868-57a2d4851a1d" relativeResultsDirectory="eb3febd5-e3a1-43a2-9f99-27c0d53a5759" />
    <UnitTestResult executionId="85ff1b22-3558-497c-9ed3-c85dd03f01ef" testId="07f61b47-7639-813a-048e-3af6356509db" testName="MSTest_P2_411" computerName="NAVB3" duration="00:00:00.0000832" startTime="2017-11-29T20:12:00.6544189+05:30" endTime="2017-11-29T20:12:00.6544189+05:30" testType="13cdc9d9-ddb5-4fa4-a97d-d965ccfc6d4b" outcome="Passed" testListId="8c84fa94-04c1-424b-9868-57a2d4851a1d" relativeResultsDirectory="85ff1b22-3558-497c-9ed3-c85dd03f01ef" />
    <UnitTestResult executionId="b591f2f4-4082-4c53-81af-dff7c7397bec" testId="5a20067f-af35-443e-c5ef-580f5fde2fa9" testName="MSTest_P2_412" computerName="NAVB3" duration="00:00:00.0000750" startTime="2017-11-29T20:12:00.6544189+05:30" endTime="2017-11-29T20:12:00.6544189+05:30" testType="13cdc9d9-ddb5-4fa4-a97d-d965ccfc6d4b" outcome="Passed" testListId="8c84fa94-04c1-424b-9868-57a2d4851a1d" relativeResultsDirectory="b591f2f4-4082-4c53-81af-dff7c7397bec" />
    <UnitTestResult executionId="97549786-b6fc-4bba-8093-47bbae6b236d" testId="9f11630d-9ad6-5da3-8de1-e63da75bbad6" testName="MSTest_P2_413" computerName="NAVB3" duration="00:00:00.0000797" startTime="2017-11-29T20:12:00.6544189+05:30" endTime="2017-11-29T20:12:00.6544189+05:30" testType="13cdc9d9-ddb5-4fa4-a97d-d965ccfc6d4b" outcome="Passed" testListId="8c84fa94-04c1-424b-9868-57a2d4851a1d" relativeResultsDirectory="97549786-b6fc-4bba-8093-47bbae6b236d" />
    <UnitTestResult executionId="250b6e76-c233-47eb-9008-5a4b4dfcc235" testId="7201bf1f-ad51-b3dd-90bc-4686a347a8b6" testName="MSTest_P2_414" computerName="NAVB3" duration="00:00:00.0000718" startTime="2017-11-29T20:12:00.6544189+05:30" endTime="2017-11-29T20:12:00.6544189+05:30" testType="13cdc9d9-ddb5-4fa4-a97d-d965ccfc6d4b" outcome="Passed" testListId="8c84fa94-04c1-424b-9868-57a2d4851a1d" relativeResultsDirectory="250b6e76-c233-47eb-9008-5a4b4dfcc235" />
    <UnitTestResult executionId="8eee86a0-b3f0-4a48-a027-2ab14a6a7768" testId="f4c72050-220a-8ed3-f57e-229694005702" testName="MSTest_P2_415" computerName="NAVB3" duration="00:00:00.0000730" startTime="2017-11-29T20:12:00.6544189+05:30" endTime="2017-11-29T20:12:00.6544189+05:30" testType="13cdc9d9-ddb5-4fa4-a97d-d965ccfc6d4b" outcome="Passed" testListId="8c84fa94-04c1-424b-9868-57a2d4851a1d" relativeResultsDirectory="8eee86a0-b3f0-4a48-a027-2ab14a6a7768" />
    <UnitTestResult executionId="b1ce6616-4861-43ce-ba60-58a9cc6dd662" testId="1e1812e7-7d89-f4e5-47fa-6ba327ad9f3d" testName="MSTest_P2_416" computerName="NAVB3" duration="00:00:00.0000815" startTime="2017-11-29T20:12:00.6544189+05:30" endTime="2017-11-29T20:12:00.6544189+05:30" testType="13cdc9d9-ddb5-4fa4-a97d-d965ccfc6d4b" outcome="Passed" testListId="8c84fa94-04c1-424b-9868-57a2d4851a1d" relativeResultsDirectory="b1ce6616-4861-43ce-ba60-58a9cc6dd662" />
    <UnitTestResult executionId="15b0dc69-19fe-43c3-ac39-aced8873c960" testId="80d089ba-d625-b17b-efd7-906fbc26a53f" testName="MSTest_P2_417" computerName="NAVB3" duration="00:00:00.0000800" startTime="2017-11-29T20:12:00.6544189+05:30" endTime="2017-11-29T20:12:00.6544189+05:30" testType="13cdc9d9-ddb5-4fa4-a97d-d965ccfc6d4b" outcome="Passed" testListId="8c84fa94-04c1-424b-9868-57a2d4851a1d" relativeResultsDirectory="15b0dc69-19fe-43c3-ac39-aced8873c960" />
    <UnitTestResult executionId="ed1f7f31-ae95-4de3-9183-e42f2a722fcd" testId="08168dab-134d-4209-dc07-502fc79dff1c" testName="MSTest_P2_418" computerName="NAVB3" duration="00:00:00.0000803" startTime="2017-11-29T20:12:00.6544189+05:30" endTime="2017-11-29T20:12:00.6544189+05:30" testType="13cdc9d9-ddb5-4fa4-a97d-d965ccfc6d4b" outcome="Passed" testListId="8c84fa94-04c1-424b-9868-57a2d4851a1d" relativeResultsDirectory="ed1f7f31-ae95-4de3-9183-e42f2a722fcd" />
    <UnitTestResult executionId="ddcd533b-7719-4b0b-922c-a0042a2e73b6" testId="afc65689-0d8a-1a8c-230e-11dcfbd51f6f" testName="MSTest_P2_419" computerName="NAVB3" duration="00:00:00.0000800" startTime="2017-11-29T20:12:00.6544189+05:30" endTime="2017-11-29T20:12:00.6544189+05:30" testType="13cdc9d9-ddb5-4fa4-a97d-d965ccfc6d4b" outcome="Passed" testListId="8c84fa94-04c1-424b-9868-57a2d4851a1d" relativeResultsDirectory="ddcd533b-7719-4b0b-922c-a0042a2e73b6" />
    <UnitTestResult executionId="adbe1e5c-3b5a-4072-b867-35feded733ab" testId="fde371e7-9430-28a6-4e5f-caad1e97ede8" testName="MSTest_P2_420" computerName="NAVB3" duration="00:00:00.0000806" startTime="2017-11-29T20:12:00.6544189+05:30" endTime="2017-11-29T20:12:00.6544189+05:30" testType="13cdc9d9-ddb5-4fa4-a97d-d965ccfc6d4b" outcome="Passed" testListId="8c84fa94-04c1-424b-9868-57a2d4851a1d" relativeResultsDirectory="adbe1e5c-3b5a-4072-b867-35feded733ab" />
    <UnitTestResult executionId="cddced7a-a926-475f-8b5b-69d5c8032fbc" testId="0664e823-2347-d542-a362-7c3833a62cb7" testName="MSTest_P2_421" computerName="NAVB3" duration="00:00:00.0000797" startTime="2017-11-29T20:12:00.6544189+05:30" endTime="2017-11-29T20:12:00.6544189+05:30" testType="13cdc9d9-ddb5-4fa4-a97d-d965ccfc6d4b" outcome="Passed" testListId="8c84fa94-04c1-424b-9868-57a2d4851a1d" relativeResultsDirectory="cddced7a-a926-475f-8b5b-69d5c8032fbc" />
    <UnitTestResult executionId="12ea6779-85cf-4dd0-984c-b9a79340671a" testId="b0f42246-221a-8273-26a5-64d428e0acf2" testName="MSTest_P2_422" computerName="NAVB3" duration="00:00:00.0000753" startTime="2017-11-29T20:12:00.6544189+05:30" endTime="2017-11-29T20:12:00.6544189+05:30" testType="13cdc9d9-ddb5-4fa4-a97d-d965ccfc6d4b" outcome="Passed" testListId="8c84fa94-04c1-424b-9868-57a2d4851a1d" relativeResultsDirectory="12ea6779-85cf-4dd0-984c-b9a79340671a" />
    <UnitTestResult executionId="ca2c706a-ce6d-401e-ab49-22e098309efb" testId="ed016d2a-a143-45b4-1538-1fd2c412205d" testName="MSTest_P2_423" computerName="NAVB3" duration="00:00:00.0000736" startTime="2017-11-29T20:12:00.6544189+05:30" endTime="2017-11-29T20:12:00.6544189+05:30" testType="13cdc9d9-ddb5-4fa4-a97d-d965ccfc6d4b" outcome="Passed" testListId="8c84fa94-04c1-424b-9868-57a2d4851a1d" relativeResultsDirectory="ca2c706a-ce6d-401e-ab49-22e098309efb" />
    <UnitTestResult executionId="12301cd5-14f2-4a2c-81ce-aa2cd1112466" testId="b1569a4a-886e-ec94-03b5-fba9d87c80e2" testName="MSTest_P2_424" computerName="NAVB3" duration="00:00:00.0000756" startTime="2017-11-29T20:12:00.6544189+05:30" endTime="2017-11-29T20:12:00.6544189+05:30" testType="13cdc9d9-ddb5-4fa4-a97d-d965ccfc6d4b" outcome="Passed" testListId="8c84fa94-04c1-424b-9868-57a2d4851a1d" relativeResultsDirectory="12301cd5-14f2-4a2c-81ce-aa2cd1112466" />
    <UnitTestResult executionId="2eec36c9-ad2d-4dfd-98c6-706503a5cbf9" testId="8e99ddbf-1f62-a90d-a88c-3e09a5e62fbc" testName="MSTest_P2_425" computerName="NAVB3" duration="00:00:00.0000747" startTime="2017-11-29T20:12:00.6544189+05:30" endTime="2017-11-29T20:12:00.6544189+05:30" testType="13cdc9d9-ddb5-4fa4-a97d-d965ccfc6d4b" outcome="Passed" testListId="8c84fa94-04c1-424b-9868-57a2d4851a1d" relativeResultsDirectory="2eec36c9-ad2d-4dfd-98c6-706503a5cbf9" />
    <UnitTestResult executionId="d35f34ee-fef5-49b7-a119-5b8afa5d815a" testId="62edf976-7a76-227c-ab3e-3e3068d22419" testName="MSTest_P2_256" computerName="NAVB3" duration="00:00:00.0000741" startTime="2017-11-29T20:12:00.6544189+05:30" endTime="2017-11-29T20:12:00.6544189+05:30" testType="13cdc9d9-ddb5-4fa4-a97d-d965ccfc6d4b" outcome="Passed" testListId="8c84fa94-04c1-424b-9868-57a2d4851a1d" relativeResultsDirectory="d35f34ee-fef5-49b7-a119-5b8afa5d815a" />
    <UnitTestResult executionId="b2933e94-dd1a-408f-ac9a-73244f0d73bb" testId="3afaf579-db15-cc97-6075-93fc66d2482e" testName="MSTest_P2_257" computerName="NAVB3" duration="00:00:00.0000738" startTime="2017-11-29T20:12:00.6544189+05:30" endTime="2017-11-29T20:12:00.6544189+05:30" testType="13cdc9d9-ddb5-4fa4-a97d-d965ccfc6d4b" outcome="Passed" testListId="8c84fa94-04c1-424b-9868-57a2d4851a1d" relativeResultsDirectory="b2933e94-dd1a-408f-ac9a-73244f0d73bb" />
    <UnitTestResult executionId="10102d2a-92f6-46a2-b553-de6d790a5cfd" testId="cf3134ed-5854-5d81-39ac-bdd4ad6563c0" testName="MSTest_P2_258" computerName="NAVB3" duration="00:00:00.0000747" startTime="2017-11-29T20:12:00.6544189+05:30" endTime="2017-11-29T20:12:00.6544189+05:30" testType="13cdc9d9-ddb5-4fa4-a97d-d965ccfc6d4b" outcome="Passed" testListId="8c84fa94-04c1-424b-9868-57a2d4851a1d" relativeResultsDirectory="10102d2a-92f6-46a2-b553-de6d790a5cfd" />
    <UnitTestResult executionId="698e4368-47e4-4036-9ba6-3d1b46d1eaee" testId="c6064df2-d70f-a735-4d38-9ada6958097c" testName="MSTest_P2_259" computerName="NAVB3" duration="00:00:00.0000744" startTime="2017-11-29T20:12:00.6544189+05:30" endTime="2017-11-29T20:12:00.6544189+05:30" testType="13cdc9d9-ddb5-4fa4-a97d-d965ccfc6d4b" outcome="Passed" testListId="8c84fa94-04c1-424b-9868-57a2d4851a1d" relativeResultsDirectory="698e4368-47e4-4036-9ba6-3d1b46d1eaee" />
    <UnitTestResult executionId="2d556c64-2bc3-4d4c-a7e3-4dd7b8ff0484" testId="b5644c1a-4e6f-a72a-7960-9542c506051d" testName="MSTest_P2_260" computerName="NAVB3" duration="00:00:00.0000738" startTime="2017-11-29T20:12:00.6544189+05:30" endTime="2017-11-29T20:12:00.6544189+05:30" testType="13cdc9d9-ddb5-4fa4-a97d-d965ccfc6d4b" outcome="Passed" testListId="8c84fa94-04c1-424b-9868-57a2d4851a1d" relativeResultsDirectory="2d556c64-2bc3-4d4c-a7e3-4dd7b8ff0484" />
    <UnitTestResult executionId="b7fffc11-2d31-471b-b618-d532392d5eba" testId="08be73c0-a975-a603-5d02-2398253cc14e" testName="MSTest_P2_261" computerName="NAVB3" duration="00:00:00.0000747" startTime="2017-11-29T20:12:00.6544189+05:30" endTime="2017-11-29T20:12:00.6544189+05:30" testType="13cdc9d9-ddb5-4fa4-a97d-d965ccfc6d4b" outcome="Passed" testListId="8c84fa94-04c1-424b-9868-57a2d4851a1d" relativeResultsDirectory="b7fffc11-2d31-471b-b618-d532392d5eba" />
    <UnitTestResult executionId="328552f0-785e-46ff-b97c-629ab1b34378" testId="b243411e-0b00-e9ac-a0d9-fd6cc8fe5e76" testName="MSTest_P2_262" computerName="NAVB3" duration="00:00:00.0000738" startTime="2017-11-29T20:12:00.6544189+05:30" endTime="2017-11-29T20:12:00.6544189+05:30" testType="13cdc9d9-ddb5-4fa4-a97d-d965ccfc6d4b" outcome="Passed" testListId="8c84fa94-04c1-424b-9868-57a2d4851a1d" relativeResultsDirectory="328552f0-785e-46ff-b97c-629ab1b34378" />
    <UnitTestResult executionId="70dfc24f-adbe-4d98-859c-df84d6758577" testId="01bf3557-af42-0cc6-b667-13a114246373" testName="MSTest_P2_263" computerName="NAVB3" duration="00:00:00.0000744" startTime="2017-11-29T20:12:00.6544189+05:30" endTime="2017-11-29T20:12:00.6544189+05:30" testType="13cdc9d9-ddb5-4fa4-a97d-d965ccfc6d4b" outcome="Passed" testListId="8c84fa94-04c1-424b-9868-57a2d4851a1d" relativeResultsDirectory="70dfc24f-adbe-4d98-859c-df84d6758577" />
    <UnitTestResult executionId="fa09bc4b-562c-4092-a8ff-1a20a9ff85b7" testId="b9addcd8-1689-aa5c-75f0-51367ace995d" testName="MSTest_P2_264" computerName="NAVB3" duration="00:00:00.0000744" startTime="2017-11-29T20:12:00.6544189+05:30" endTime="2017-11-29T20:12:00.6544189+05:30" testType="13cdc9d9-ddb5-4fa4-a97d-d965ccfc6d4b" outcome="Passed" testListId="8c84fa94-04c1-424b-9868-57a2d4851a1d" relativeResultsDirectory="fa09bc4b-562c-4092-a8ff-1a20a9ff85b7" />
    <UnitTestResult executionId="d4ba2730-2f29-4eb8-bee2-a6e63117ed31" testId="b47b78f9-b0d8-fec8-ab9a-9eaa193e9134" testName="MSTest_P2_265" computerName="NAVB3" duration="00:00:00.0000733" startTime="2017-11-29T20:12:00.6544189+05:30" endTime="2017-11-29T20:12:00.6544189+05:30" testType="13cdc9d9-ddb5-4fa4-a97d-d965ccfc6d4b" outcome="Passed" testListId="8c84fa94-04c1-424b-9868-57a2d4851a1d" relativeResultsDirectory="d4ba2730-2f29-4eb8-bee2-a6e63117ed31" />
    <UnitTestResult executionId="4d3249d9-7f41-49dd-ad0f-bf5c8cbf68ca" testId="2ee5ca22-9ef4-3b84-d450-25e78cba1fdf" testName="MSTest_P2_266" computerName="NAVB3" duration="00:00:00.0000736" startTime="2017-11-29T20:12:00.6544189+05:30" endTime="2017-11-29T20:12:00.6544189+05:30" testType="13cdc9d9-ddb5-4fa4-a97d-d965ccfc6d4b" outcome="Passed" testListId="8c84fa94-04c1-424b-9868-57a2d4851a1d" relativeResultsDirectory="4d3249d9-7f41-49dd-ad0f-bf5c8cbf68ca" />
    <UnitTestResult executionId="ae4b71f5-2d28-419a-b611-620dff22f1b0" testId="5b93bb66-36aa-9546-a63c-858a942f47c9" testName="MSTest_P2_267" computerName="NAVB3" duration="00:00:00.0000738" startTime="2017-11-29T20:12:00.6544189+05:30" endTime="2017-11-29T20:12:00.6544189+05:30" testType="13cdc9d9-ddb5-4fa4-a97d-d965ccfc6d4b" outcome="Passed" testListId="8c84fa94-04c1-424b-9868-57a2d4851a1d" relativeResultsDirectory="ae4b71f5-2d28-419a-b611-620dff22f1b0" />
    <UnitTestResult executionId="2cdf5fd2-2d95-4ed7-a729-fc020fe31b96" testId="82026b1b-e4f8-c75d-6fd9-4e0c102dea19" testName="MSTest_P2_268" computerName="NAVB3" duration="00:00:00.0000738" startTime="2017-11-29T20:12:00.6544189+05:30" endTime="2017-11-29T20:12:00.6544189+05:30" testType="13cdc9d9-ddb5-4fa4-a97d-d965ccfc6d4b" outcome="Passed" testListId="8c84fa94-04c1-424b-9868-57a2d4851a1d" relativeResultsDirectory="2cdf5fd2-2d95-4ed7-a729-fc020fe31b96" />
    <UnitTestResult executionId="60ecc843-b0bb-42b4-8720-39c2f37c010f" testId="a0a14464-fb50-3caf-9ff8-c858c9ed6f8f" testName="MSTest_P2_269" computerName="NAVB3" duration="00:00:00.0000733" startTime="2017-11-29T20:12:00.6544189+05:30" endTime="2017-11-29T20:12:00.6544189+05:30" testType="13cdc9d9-ddb5-4fa4-a97d-d965ccfc6d4b" outcome="Passed" testListId="8c84fa94-04c1-424b-9868-57a2d4851a1d" relativeResultsDirectory="60ecc843-b0bb-42b4-8720-39c2f37c010f" />
    <UnitTestResult executionId="d2a50a51-4de8-4c93-bf50-a828bcd5e728" testId="963aa350-dc63-27d1-7f7c-e76e264a3a37" testName="MSTest_P2_270" computerName="NAVB3" duration="00:00:00.0000738" startTime="2017-11-29T20:12:00.6544189+05:30" endTime="2017-11-29T20:12:00.6544189+05:30" testType="13cdc9d9-ddb5-4fa4-a97d-d965ccfc6d4b" outcome="Passed" testListId="8c84fa94-04c1-424b-9868-57a2d4851a1d" relativeResultsDirectory="d2a50a51-4de8-4c93-bf50-a828bcd5e728" />
    <UnitTestResult executionId="7595e3b2-5e79-459a-920a-5fd899a9feb6" testId="28d66a73-94f8-0e54-f4ff-ed8e155407df" testName="MSTest_P2_271" computerName="NAVB3" duration="00:00:00.0000733" startTime="2017-11-29T20:12:00.6544189+05:30" endTime="2017-11-29T20:12:00.6544189+05:30" testType="13cdc9d9-ddb5-4fa4-a97d-d965ccfc6d4b" outcome="Passed" testListId="8c84fa94-04c1-424b-9868-57a2d4851a1d" relativeResultsDirectory="7595e3b2-5e79-459a-920a-5fd899a9feb6" />
    <UnitTestResult executionId="eb5bbb63-3363-4d01-8594-22bfebac1bad" testId="a7e88723-8b5a-898e-e1e7-2c3de4a24710" testName="MSTest_P2_272" computerName="NAVB3" duration="00:00:00.0000727" startTime="2017-11-29T20:12:00.6544189+05:30" endTime="2017-11-29T20:12:00.6544189+05:30" testType="13cdc9d9-ddb5-4fa4-a97d-d965ccfc6d4b" outcome="Passed" testListId="8c84fa94-04c1-424b-9868-57a2d4851a1d" relativeResultsDirectory="eb5bbb63-3363-4d01-8594-22bfebac1bad" />
    <UnitTestResult executionId="f2afcd3a-f6d0-4613-850a-d5b215ef3234" testId="7e2e5360-6df1-ebd4-8076-bf6f1d65e59c" testName="MSTest_P2_273" computerName="NAVB3" duration="00:00:00.0000727" startTime="2017-11-29T20:12:00.6544189+05:30" endTime="2017-11-29T20:12:00.6544189+05:30" testType="13cdc9d9-ddb5-4fa4-a97d-d965ccfc6d4b" outcome="Passed" testListId="8c84fa94-04c1-424b-9868-57a2d4851a1d" relativeResultsDirectory="f2afcd3a-f6d0-4613-850a-d5b215ef3234" />
    <UnitTestResult executionId="af3aceea-329c-4651-a014-48d0ca783f0a" testId="d7d436a4-3906-ab93-f5f1-96092f24175b" testName="MSTest_P2_274" computerName="NAVB3" duration="00:00:00.0000727" startTime="2017-11-29T20:12:00.6544189+05:30" endTime="2017-11-29T20:12:00.6544189+05:30" testType="13cdc9d9-ddb5-4fa4-a97d-d965ccfc6d4b" outcome="Passed" testListId="8c84fa94-04c1-424b-9868-57a2d4851a1d" relativeResultsDirectory="af3aceea-329c-4651-a014-48d0ca783f0a" />
    <UnitTestResult executionId="293327d2-ad44-4bed-8abe-1105392515bf" testId="28e9670f-567b-9c6f-1402-8bf5f9a39898" testName="MSTest_P2_275" computerName="NAVB3" duration="00:00:00.0000736" startTime="2017-11-29T20:12:00.6544189+05:30" endTime="2017-11-29T20:12:00.6544189+05:30" testType="13cdc9d9-ddb5-4fa4-a97d-d965ccfc6d4b" outcome="Passed" testListId="8c84fa94-04c1-424b-9868-57a2d4851a1d" relativeResultsDirectory="293327d2-ad44-4bed-8abe-1105392515bf" />
    <UnitTestResult executionId="eaf50ec1-9682-4e14-ace9-1a81880616ea" testId="fbdd2467-997a-8b59-2d03-827ea0150a6e" testName="MSTest_P2_276" computerName="NAVB3" duration="00:00:00.0000733" startTime="2017-11-29T20:12:00.6544189+05:30" endTime="2017-11-29T20:12:00.6544189+05:30" testType="13cdc9d9-ddb5-4fa4-a97d-d965ccfc6d4b" outcome="Passed" testListId="8c84fa94-04c1-424b-9868-57a2d4851a1d" relativeResultsDirectory="eaf50ec1-9682-4e14-ace9-1a81880616ea" />
    <UnitTestResult executionId="c188f510-0885-4599-9052-429b757d566c" testId="ddb1687b-21f5-a3e9-7517-956477c2bca4" testName="MSTest_P2_277" computerName="NAVB3" duration="00:00:00.0000800" startTime="2017-11-29T20:12:00.6544189+05:30" endTime="2017-11-29T20:12:00.6544189+05:30" testType="13cdc9d9-ddb5-4fa4-a97d-d965ccfc6d4b" outcome="Passed" testListId="8c84fa94-04c1-424b-9868-57a2d4851a1d" relativeResultsDirectory="c188f510-0885-4599-9052-429b757d566c" />
    <UnitTestResult executionId="bbf24788-5667-4bf1-83bc-e8aecee4632b" testId="d8da4ec2-35b9-0e3a-4030-62ef830c61a7" testName="MSTest_P2_278" computerName="NAVB3" duration="00:00:00.0000721" startTime="2017-11-29T20:12:00.6544189+05:30" endTime="2017-11-29T20:12:00.6544189+05:30" testType="13cdc9d9-ddb5-4fa4-a97d-d965ccfc6d4b" outcome="Passed" testListId="8c84fa94-04c1-424b-9868-57a2d4851a1d" relativeResultsDirectory="bbf24788-5667-4bf1-83bc-e8aecee4632b" />
    <UnitTestResult executionId="40676bca-c54f-4c97-91c0-ca5299ee0527" testId="dfbdc630-5e07-0fdc-f3fc-f4c6c0ff0370" testName="MSTest_P2_279" computerName="NAVB3" duration="00:00:00.0000812" startTime="2017-11-29T20:12:00.6544189+05:30" endTime="2017-11-29T20:12:00.6544189+05:30" testType="13cdc9d9-ddb5-4fa4-a97d-d965ccfc6d4b" outcome="Passed" testListId="8c84fa94-04c1-424b-9868-57a2d4851a1d" relativeResultsDirectory="40676bca-c54f-4c97-91c0-ca5299ee0527" />
    <UnitTestResult executionId="37d5900c-8927-467a-ab3c-e6f4fc34ba56" testId="b4074a21-e2ce-5842-e74d-fc3d260f335c" testName="MSTest_P2_280" computerName="NAVB3" duration="00:00:00.0000715" startTime="2017-11-29T20:12:00.6544189+05:30" endTime="2017-11-29T20:12:00.6544189+05:30" testType="13cdc9d9-ddb5-4fa4-a97d-d965ccfc6d4b" outcome="Passed" testListId="8c84fa94-04c1-424b-9868-57a2d4851a1d" relativeResultsDirectory="37d5900c-8927-467a-ab3c-e6f4fc34ba56" />
    <UnitTestResult executionId="8eecb75a-c454-41eb-b076-fff2c7145f9e" testId="cbb203b9-e6ef-c267-30db-ffaaa0662758" testName="MSTest_P2_281" computerName="NAVB3" duration="00:00:00.0000777" startTime="2017-11-29T20:12:00.6544189+05:30" endTime="2017-11-29T20:12:00.6544189+05:30" testType="13cdc9d9-ddb5-4fa4-a97d-d965ccfc6d4b" outcome="Passed" testListId="8c84fa94-04c1-424b-9868-57a2d4851a1d" relativeResultsDirectory="8eecb75a-c454-41eb-b076-fff2c7145f9e" />
    <UnitTestResult executionId="49d8048e-78d2-4bec-a136-a403387df73c" testId="093d6d69-22d5-1124-5efd-663062435753" testName="MSTest_P2_282" computerName="NAVB3" duration="00:00:00.0000882" startTime="2017-11-29T20:12:00.6544189+05:30" endTime="2017-11-29T20:12:00.6544189+05:30" testType="13cdc9d9-ddb5-4fa4-a97d-d965ccfc6d4b" outcome="Passed" testListId="8c84fa94-04c1-424b-9868-57a2d4851a1d" relativeResultsDirectory="49d8048e-78d2-4bec-a136-a403387df73c" />
    <UnitTestResult executionId="80050a56-22ca-4de4-b43c-708eacd4f44b" testId="e7aea337-de24-a376-f3b9-0d22e1d8af40" testName="MSTest_P2_283" computerName="NAVB3" duration="00:00:00.0000835" startTime="2017-11-29T20:12:00.6544189+05:30" endTime="2017-11-29T20:12:00.6544189+05:30" testType="13cdc9d9-ddb5-4fa4-a97d-d965ccfc6d4b" outcome="Passed" testListId="8c84fa94-04c1-424b-9868-57a2d4851a1d" relativeResultsDirectory="80050a56-22ca-4de4-b43c-708eacd4f44b" />
    <UnitTestResult executionId="dd310476-8734-4ffb-a74a-ca0e7cbf1e5f" testId="08154134-9b90-89e8-9af5-168ac43908b2" testName="MSTest_P2_284" computerName="NAVB3" duration="00:00:00.0000844" startTime="2017-11-29T20:12:00.6544189+05:30" endTime="2017-11-29T20:12:00.6544189+05:30" testType="13cdc9d9-ddb5-4fa4-a97d-d965ccfc6d4b" outcome="Passed" testListId="8c84fa94-04c1-424b-9868-57a2d4851a1d" relativeResultsDirectory="dd310476-8734-4ffb-a74a-ca0e7cbf1e5f" />
    <UnitTestResult executionId="e57589ad-3460-435b-a324-cc277e3c3fab" testId="2290ca4f-3875-8b90-edfe-8bab19de1b67" testName="MSTest_P2_285" computerName="NAVB3" duration="00:00:00.0000964" startTime="2017-11-29T20:12:00.6544189+05:30" endTime="2017-11-29T20:12:00.6544189+05:30" testType="13cdc9d9-ddb5-4fa4-a97d-d965ccfc6d4b" outcome="Passed" testListId="8c84fa94-04c1-424b-9868-57a2d4851a1d" relativeResultsDirectory="e57589ad-3460-435b-a324-cc277e3c3fab" />
    <UnitTestResult executionId="7e18dedb-952a-4531-a48f-7835214ff724" testId="d7c9e9c0-379b-4273-60a5-d000d941afe0" testName="MSTest_P2_286" computerName="NAVB3" duration="00:00:00.0000747" startTime="2017-11-29T20:12:00.6544189+05:30" endTime="2017-11-29T20:12:00.6544189+05:30" testType="13cdc9d9-ddb5-4fa4-a97d-d965ccfc6d4b" outcome="Passed" testListId="8c84fa94-04c1-424b-9868-57a2d4851a1d" relativeResultsDirectory="7e18dedb-952a-4531-a48f-7835214ff724" />
    <UnitTestResult executionId="443fb217-b2a0-4a3e-90b1-34ff3cb83b0b" testId="0393dea9-21b3-c648-a2bb-8c43c535c531" testName="MSTest_P2_287" computerName="NAVB3" duration="00:00:00.0000741" startTime="2017-11-29T20:12:00.6544189+05:30" endTime="2017-11-29T20:12:00.6544189+05:30" testType="13cdc9d9-ddb5-4fa4-a97d-d965ccfc6d4b" outcome="Passed" testListId="8c84fa94-04c1-424b-9868-57a2d4851a1d" relativeResultsDirectory="443fb217-b2a0-4a3e-90b1-34ff3cb83b0b" />
    <UnitTestResult executionId="06a21b68-1ee9-43aa-9d53-84ef37c11b97" testId="1609fce3-b504-eda5-c2a7-88a436828de6" testName="MSTest_P2_288" computerName="NAVB3" duration="00:00:00.0000738" startTime="2017-11-29T20:12:00.6544189+05:30" endTime="2017-11-29T20:12:00.6544189+05:30" testType="13cdc9d9-ddb5-4fa4-a97d-d965ccfc6d4b" outcome="Passed" testListId="8c84fa94-04c1-424b-9868-57a2d4851a1d" relativeResultsDirectory="06a21b68-1ee9-43aa-9d53-84ef37c11b97" />
    <UnitTestResult executionId="d4bb8ad3-9f99-4dfe-bba0-a0f45173e87d" testId="98f07e3c-358f-d3cf-0895-d97022d04d5a" testName="MSTest_P2_289" computerName="NAVB3" duration="00:00:00.0000750" startTime="2017-11-29T20:12:00.6544189+05:30" endTime="2017-11-29T20:12:00.6544189+05:30" testType="13cdc9d9-ddb5-4fa4-a97d-d965ccfc6d4b" outcome="Passed" testListId="8c84fa94-04c1-424b-9868-57a2d4851a1d" relativeResultsDirectory="d4bb8ad3-9f99-4dfe-bba0-a0f45173e87d" />
    <UnitTestResult executionId="a9f0d6fd-0bcc-4cce-aece-7f98cd9a371b" testId="ada0b923-425a-7a46-ecff-77f785a5120c" testName="MSTest_P2_290" computerName="NAVB3" duration="00:00:00.0000733" startTime="2017-11-29T20:12:00.6544189+05:30" endTime="2017-11-29T20:12:00.6544189+05:30" testType="13cdc9d9-ddb5-4fa4-a97d-d965ccfc6d4b" outcome="Passed" testListId="8c84fa94-04c1-424b-9868-57a2d4851a1d" relativeResultsDirectory="a9f0d6fd-0bcc-4cce-aece-7f98cd9a371b" />
    <UnitTestResult executionId="df5e7b58-a7b0-4160-ad9a-87a070e0073a" testId="30c94d1c-21b6-fe2b-316a-7b2ede5b4559" testName="MSTest_P2_291" computerName="NAVB3" duration="00:00:00.0000762" startTime="2017-11-29T20:12:00.6544189+05:30" endTime="2017-11-29T20:12:00.6700443+05:30" testType="13cdc9d9-ddb5-4fa4-a97d-d965ccfc6d4b" outcome="Passed" testListId="8c84fa94-04c1-424b-9868-57a2d4851a1d" relativeResultsDirectory="df5e7b58-a7b0-4160-ad9a-87a070e0073a" />
    <UnitTestResult executionId="510bdfbd-1797-4603-a09e-f1427d5b9c2c" testId="55b8d4af-b440-c4c8-a2fe-e30838b46a22" testName="MSTest_P2_292" computerName="NAVB3" duration="00:00:00.0000721" startTime="2017-11-29T20:12:00.6700443+05:30" endTime="2017-11-29T20:12:00.6700443+05:30" testType="13cdc9d9-ddb5-4fa4-a97d-d965ccfc6d4b" outcome="Passed" testListId="8c84fa94-04c1-424b-9868-57a2d4851a1d" relativeResultsDirectory="510bdfbd-1797-4603-a09e-f1427d5b9c2c" />
    <UnitTestResult executionId="a8d0309a-713a-4ddf-a0d5-3a98d31225ac" testId="a3fd5dca-f73b-62b1-bd58-55ba1ea9a5c1" testName="MSTest_P2_293" computerName="NAVB3" duration="00:00:00.0000824" startTime="2017-11-29T20:12:00.6700443+05:30" endTime="2017-11-29T20:12:00.6700443+05:30" testType="13cdc9d9-ddb5-4fa4-a97d-d965ccfc6d4b" outcome="Passed" testListId="8c84fa94-04c1-424b-9868-57a2d4851a1d" relativeResultsDirectory="a8d0309a-713a-4ddf-a0d5-3a98d31225ac" />
    <UnitTestResult executionId="0b5d0a44-3b07-4126-aa31-4219d591f07d" testId="3001e9c2-ed25-f9b0-79a7-f5c487f354a4" testName="MSTest_P2_294" computerName="NAVB3" duration="00:00:00.0000850" startTime="2017-11-29T20:12:00.6700443+05:30" endTime="2017-11-29T20:12:00.6700443+05:30" testType="13cdc9d9-ddb5-4fa4-a97d-d965ccfc6d4b" outcome="Passed" testListId="8c84fa94-04c1-424b-9868-57a2d4851a1d" relativeResultsDirectory="0b5d0a44-3b07-4126-aa31-4219d591f07d" />
    <UnitTestResult executionId="e7b02843-4ff1-4819-a8c0-803573477bcd" testId="5d6f6418-386d-98fe-bae2-b06e56b1e19a" testName="MSTest_P2_295" computerName="NAVB3" duration="00:00:00.0000841" startTime="2017-11-29T20:12:00.6700443+05:30" endTime="2017-11-29T20:12:00.6700443+05:30" testType="13cdc9d9-ddb5-4fa4-a97d-d965ccfc6d4b" outcome="Passed" testListId="8c84fa94-04c1-424b-9868-57a2d4851a1d" relativeResultsDirectory="e7b02843-4ff1-4819-a8c0-803573477bcd" />
    <UnitTestResult executionId="f0636263-edad-4e99-85c7-3375a6140f86" testId="57ba7df0-92b3-047b-5050-37512ab886e0" testName="MSTest_P2_296" computerName="NAVB3" duration="00:00:00.0000821" startTime="2017-11-29T20:12:00.6700443+05:30" endTime="2017-11-29T20:12:00.6700443+05:30" testType="13cdc9d9-ddb5-4fa4-a97d-d965ccfc6d4b" outcome="Passed" testListId="8c84fa94-04c1-424b-9868-57a2d4851a1d" relativeResultsDirectory="f0636263-edad-4e99-85c7-3375a6140f86" />
    <UnitTestResult executionId="214f4b33-9edc-468a-9313-e47d20309ce9" testId="e0f0bbf4-1dc9-3459-3c93-967eeb7520cf" testName="MSTest_P2_297" computerName="NAVB3" duration="00:00:00.0000753" startTime="2017-11-29T20:12:00.6700443+05:30" endTime="2017-11-29T20:12:00.6700443+05:30" testType="13cdc9d9-ddb5-4fa4-a97d-d965ccfc6d4b" outcome="Passed" testListId="8c84fa94-04c1-424b-9868-57a2d4851a1d" relativeResultsDirectory="214f4b33-9edc-468a-9313-e47d20309ce9" />
    <UnitTestResult executionId="5a6ad9e1-fea8-413b-b707-d6959f73cceb" testId="cc9c5d43-fd02-7e0a-3b7a-3966d3d7218e" testName="MSTest_P2_298" computerName="NAVB3" duration="00:00:00.0000715" startTime="2017-11-29T20:12:00.6700443+05:30" endTime="2017-11-29T20:12:00.6700443+05:30" testType="13cdc9d9-ddb5-4fa4-a97d-d965ccfc6d4b" outcome="Passed" testListId="8c84fa94-04c1-424b-9868-57a2d4851a1d" relativeResultsDirectory="5a6ad9e1-fea8-413b-b707-d6959f73cceb" />
    <UnitTestResult executionId="3016c963-2b7d-45ec-81ef-c8d1e690dcb7" testId="dca091ea-1cbc-5f9a-7502-bbe023c83808" testName="MSTest_P2_299" computerName="NAVB3" duration="00:00:00.0000738" startTime="2017-11-29T20:12:00.6700443+05:30" endTime="2017-11-29T20:12:00.6700443+05:30" testType="13cdc9d9-ddb5-4fa4-a97d-d965ccfc6d4b" outcome="Passed" testListId="8c84fa94-04c1-424b-9868-57a2d4851a1d" relativeResultsDirectory="3016c963-2b7d-45ec-81ef-c8d1e690dcb7" />
    <UnitTestResult executionId="6566299e-2b2e-4ee7-8dca-faeecd9becc2" testId="7a7864aa-a264-e531-b03f-9ba77df9e4f4" testName="MSTest_P2_300" computerName="NAVB3" duration="00:00:00.0000733" startTime="2017-11-29T20:12:00.6700443+05:30" endTime="2017-11-29T20:12:00.6700443+05:30" testType="13cdc9d9-ddb5-4fa4-a97d-d965ccfc6d4b" outcome="Passed" testListId="8c84fa94-04c1-424b-9868-57a2d4851a1d" relativeResultsDirectory="6566299e-2b2e-4ee7-8dca-faeecd9becc2" />
    <UnitTestResult executionId="2366a114-91b5-4f62-a7a2-068dc1034f75" testId="a3264e97-a002-ccfa-f0fa-ad04bee9701c" testName="MSTest_P2_301" computerName="NAVB3" duration="00:00:00.0000741" startTime="2017-11-29T20:12:00.6700443+05:30" endTime="2017-11-29T20:12:00.6700443+05:30" testType="13cdc9d9-ddb5-4fa4-a97d-d965ccfc6d4b" outcome="Passed" testListId="8c84fa94-04c1-424b-9868-57a2d4851a1d" relativeResultsDirectory="2366a114-91b5-4f62-a7a2-068dc1034f75" />
    <UnitTestResult executionId="e9e76d0e-a0c3-4e34-8b04-23369da54a48" testId="c943d2d5-d592-e6ca-6e00-44246c3c5f00" testName="MSTest_P2_302" computerName="NAVB3" duration="00:00:00.0000750" startTime="2017-11-29T20:12:00.6700443+05:30" endTime="2017-11-29T20:12:00.6700443+05:30" testType="13cdc9d9-ddb5-4fa4-a97d-d965ccfc6d4b" outcome="Passed" testListId="8c84fa94-04c1-424b-9868-57a2d4851a1d" relativeResultsDirectory="e9e76d0e-a0c3-4e34-8b04-23369da54a48" />
    <UnitTestResult executionId="f4049e15-1888-44d7-8e2e-ba71d4dc48a2" testId="9bb1dcad-fcb0-330d-0709-c9e4144cf7f8" testName="MSTest_P2_303" computerName="NAVB3" duration="00:00:00.0000738" startTime="2017-11-29T20:12:00.6700443+05:30" endTime="2017-11-29T20:12:00.6700443+05:30" testType="13cdc9d9-ddb5-4fa4-a97d-d965ccfc6d4b" outcome="Passed" testListId="8c84fa94-04c1-424b-9868-57a2d4851a1d" relativeResultsDirectory="f4049e15-1888-44d7-8e2e-ba71d4dc48a2" />
    <UnitTestResult executionId="004b8e94-cb66-42c2-af15-ed17d9e31b5e" testId="d26c349f-95f0-0d83-37b0-8277c4d50a65" testName="MSTest_P2_304" computerName="NAVB3" duration="00:00:00.0000841" startTime="2017-11-29T20:12:00.6700443+05:30" endTime="2017-11-29T20:12:00.6700443+05:30" testType="13cdc9d9-ddb5-4fa4-a97d-d965ccfc6d4b" outcome="Passed" testListId="8c84fa94-04c1-424b-9868-57a2d4851a1d" relativeResultsDirectory="004b8e94-cb66-42c2-af15-ed17d9e31b5e" />
    <UnitTestResult executionId="b3b9e560-ab24-48cb-ad6c-c70aa13a4b60" testId="66f6f9ca-c07b-4d38-5e2a-4920c58f51c4" testName="MSTest_P2_305" computerName="NAVB3" duration="00:00:00.0000736" startTime="2017-11-29T20:12:00.6700443+05:30" endTime="2017-11-29T20:12:00.6700443+05:30" testType="13cdc9d9-ddb5-4fa4-a97d-d965ccfc6d4b" outcome="Passed" testListId="8c84fa94-04c1-424b-9868-57a2d4851a1d" relativeResultsDirectory="b3b9e560-ab24-48cb-ad6c-c70aa13a4b60" />
    <UnitTestResult executionId="698b01cf-64d5-4e08-b346-e844c410be69" testId="e31f0b37-bc0f-e336-b3b7-a2096cfbdfc1" testName="MSTest_P2_306" computerName="NAVB3" duration="00:00:00.0000753" startTime="2017-11-29T20:12:00.6700443+05:30" endTime="2017-11-29T20:12:00.6700443+05:30" testType="13cdc9d9-ddb5-4fa4-a97d-d965ccfc6d4b" outcome="Passed" testListId="8c84fa94-04c1-424b-9868-57a2d4851a1d" relativeResultsDirectory="698b01cf-64d5-4e08-b346-e844c410be69" />
    <UnitTestResult executionId="b4e1081e-7e88-4e88-b0c4-ab0a840790c6" testId="877d15db-0f38-4d44-e0c0-f170c92f8958" testName="MSTest_P2_307" computerName="NAVB3" duration="00:00:00.0000750" startTime="2017-11-29T20:12:00.6700443+05:30" endTime="2017-11-29T20:12:00.6700443+05:30" testType="13cdc9d9-ddb5-4fa4-a97d-d965ccfc6d4b" outcome="Passed" testListId="8c84fa94-04c1-424b-9868-57a2d4851a1d" relativeResultsDirectory="b4e1081e-7e88-4e88-b0c4-ab0a840790c6" />
    <UnitTestResult executionId="e71cad78-6a40-4452-a45e-25449b33039f" testId="ef7b2c37-1e52-0fec-59d9-aedf0ac4d7b8" testName="MSTest_P2_308" computerName="NAVB3" duration="00:00:00.0000744" startTime="2017-11-29T20:12:00.6700443+05:30" endTime="2017-11-29T20:12:00.6700443+05:30" testType="13cdc9d9-ddb5-4fa4-a97d-d965ccfc6d4b" outcome="Passed" testListId="8c84fa94-04c1-424b-9868-57a2d4851a1d" relativeResultsDirectory="e71cad78-6a40-4452-a45e-25449b33039f" />
    <UnitTestResult executionId="2c7c23b2-87d1-4fc1-a0c9-cf64756047b0" testId="182711c0-250a-b813-8f26-c4e2fd373900" testName="MSTest_P2_309" computerName="NAVB3" duration="00:00:00.0000736" startTime="2017-11-29T20:12:00.6700443+05:30" endTime="2017-11-29T20:12:00.6700443+05:30" testType="13cdc9d9-ddb5-4fa4-a97d-d965ccfc6d4b" outcome="Passed" testListId="8c84fa94-04c1-424b-9868-57a2d4851a1d" relativeResultsDirectory="2c7c23b2-87d1-4fc1-a0c9-cf64756047b0" />
    <UnitTestResult executionId="b05a22c7-b8b5-4e9a-bc16-bf923f939182" testId="9110038b-b223-ff94-2668-b85a069e7261" testName="MSTest_P2_310" computerName="NAVB3" duration="00:00:00.0000730" startTime="2017-11-29T20:12:00.6700443+05:30" endTime="2017-11-29T20:12:00.6700443+05:30" testType="13cdc9d9-ddb5-4fa4-a97d-d965ccfc6d4b" outcome="Passed" testListId="8c84fa94-04c1-424b-9868-57a2d4851a1d" relativeResultsDirectory="b05a22c7-b8b5-4e9a-bc16-bf923f939182" />
    <UnitTestResult executionId="a0ed1f43-4534-47b7-8f9d-ad3279a5b893" testId="9524ede8-16bb-7379-a529-3ec35e85c5bc" testName="MSTest_P2_311" computerName="NAVB3" duration="00:00:00.0000738" startTime="2017-11-29T20:12:00.6700443+05:30" endTime="2017-11-29T20:12:00.6700443+05:30" testType="13cdc9d9-ddb5-4fa4-a97d-d965ccfc6d4b" outcome="Passed" testListId="8c84fa94-04c1-424b-9868-57a2d4851a1d" relativeResultsDirectory="a0ed1f43-4534-47b7-8f9d-ad3279a5b893" />
    <UnitTestResult executionId="0e8bdaff-6f6a-4c44-8775-e65b7de3886e" testId="f85eddb6-61e8-5884-3144-1ddf8899fb41" testName="MSTest_P2_312" computerName="NAVB3" duration="00:00:00.0000738" startTime="2017-11-29T20:12:00.6700443+05:30" endTime="2017-11-29T20:12:00.6700443+05:30" testType="13cdc9d9-ddb5-4fa4-a97d-d965ccfc6d4b" outcome="Passed" testListId="8c84fa94-04c1-424b-9868-57a2d4851a1d" relativeResultsDirectory="0e8bdaff-6f6a-4c44-8775-e65b7de3886e" />
    <UnitTestResult executionId="96e5b95f-6ea9-4817-a7e7-31dfa8edd6ac" testId="6094b16c-1fc2-c53b-5d3f-03b3a5b9342c" testName="MSTest_P2_313" computerName="NAVB3" duration="00:00:00.0000733" startTime="2017-11-29T20:12:00.6700443+05:30" endTime="2017-11-29T20:12:00.6700443+05:30" testType="13cdc9d9-ddb5-4fa4-a97d-d965ccfc6d4b" outcome="Passed" testListId="8c84fa94-04c1-424b-9868-57a2d4851a1d" relativeResultsDirectory="96e5b95f-6ea9-4817-a7e7-31dfa8edd6ac" />
    <UnitTestResult executionId="eed7dd39-61a3-405c-8774-a89ec4a0fba5" testId="339551d9-9d17-4cb2-416c-11838942374e" testName="MSTest_P2_314" computerName="NAVB3" duration="00:00:00.0000736" startTime="2017-11-29T20:12:00.6700443+05:30" endTime="2017-11-29T20:12:00.6700443+05:30" testType="13cdc9d9-ddb5-4fa4-a97d-d965ccfc6d4b" outcome="Passed" testListId="8c84fa94-04c1-424b-9868-57a2d4851a1d" relativeResultsDirectory="eed7dd39-61a3-405c-8774-a89ec4a0fba5" />
    <UnitTestResult executionId="c19d01ca-08af-4fd0-8ce7-d72e17c6a8f6" testId="127bdc48-2cb0-eb0d-0eb8-f4e5625c7a31" testName="MSTest_P2_315" computerName="NAVB3" duration="00:00:00.0000744" startTime="2017-11-29T20:12:00.6700443+05:30" endTime="2017-11-29T20:12:00.6700443+05:30" testType="13cdc9d9-ddb5-4fa4-a97d-d965ccfc6d4b" outcome="Passed" testListId="8c84fa94-04c1-424b-9868-57a2d4851a1d" relativeResultsDirectory="c19d01ca-08af-4fd0-8ce7-d72e17c6a8f6" />
    <UnitTestResult executionId="b455d1bc-d332-4501-b2e9-3fdbe33a84b2" testId="a378e966-1967-03e8-6d2e-051b0c421b96" testName="MSTest_P2_316" computerName="NAVB3" duration="00:00:00.0000744" startTime="2017-11-29T20:12:00.6700443+05:30" endTime="2017-11-29T20:12:00.6700443+05:30" testType="13cdc9d9-ddb5-4fa4-a97d-d965ccfc6d4b" outcome="Passed" testListId="8c84fa94-04c1-424b-9868-57a2d4851a1d" relativeResultsDirectory="b455d1bc-d332-4501-b2e9-3fdbe33a84b2" />
    <UnitTestResult executionId="3c162db5-9747-4132-95ad-d2ba72eb416c" testId="5a26a265-5783-93f2-3fcd-7e67c3d71a8c" testName="MSTest_P2_317" computerName="NAVB3" duration="00:00:00.0000747" startTime="2017-11-29T20:12:00.6700443+05:30" endTime="2017-11-29T20:12:00.6700443+05:30" testType="13cdc9d9-ddb5-4fa4-a97d-d965ccfc6d4b" outcome="Passed" testListId="8c84fa94-04c1-424b-9868-57a2d4851a1d" relativeResultsDirectory="3c162db5-9747-4132-95ad-d2ba72eb416c" />
    <UnitTestResult executionId="73d593d0-c516-4a3e-a079-6031eb2e9a17" testId="3eced6e8-2bb6-e504-06e4-8d378e6ddff6" testName="MSTest_P2_318" computerName="NAVB3" duration="00:00:00.0000738" startTime="2017-11-29T20:12:00.6700443+05:30" endTime="2017-11-29T20:12:00.6700443+05:30" testType="13cdc9d9-ddb5-4fa4-a97d-d965ccfc6d4b" outcome="Passed" testListId="8c84fa94-04c1-424b-9868-57a2d4851a1d" relativeResultsDirectory="73d593d0-c516-4a3e-a079-6031eb2e9a17" />
    <UnitTestResult executionId="6390898e-58df-4ae5-86e2-04057c98c271" testId="67742a60-4b68-e5e0-9d7e-b44a8b7eeadd" testName="MSTest_P2_319" computerName="NAVB3" duration="00:00:00.0000733" startTime="2017-11-29T20:12:00.6700443+05:30" endTime="2017-11-29T20:12:00.6700443+05:30" testType="13cdc9d9-ddb5-4fa4-a97d-d965ccfc6d4b" outcome="Passed" testListId="8c84fa94-04c1-424b-9868-57a2d4851a1d" relativeResultsDirectory="6390898e-58df-4ae5-86e2-04057c98c271" />
    <UnitTestResult executionId="d28e8c88-3fb8-4650-8f7a-24e2bd885009" testId="5a662f06-97b9-d580-dc09-5b578c4f6e42" testName="MSTest_P2_320" computerName="NAVB3" duration="00:00:00.0000738" startTime="2017-11-29T20:12:00.6700443+05:30" endTime="2017-11-29T20:12:00.6700443+05:30" testType="13cdc9d9-ddb5-4fa4-a97d-d965ccfc6d4b" outcome="Passed" testListId="8c84fa94-04c1-424b-9868-57a2d4851a1d" relativeResultsDirectory="d28e8c88-3fb8-4650-8f7a-24e2bd885009" />
    <UnitTestResult executionId="86d2f0d9-94d2-4e02-8782-0be6bffa813c" testId="0a43a3a6-79b0-9182-0258-9188c25dc043" testName="MSTest_P2_321" computerName="NAVB3" duration="00:00:00.0000741" startTime="2017-11-29T20:12:00.6700443+05:30" endTime="2017-11-29T20:12:00.6700443+05:30" testType="13cdc9d9-ddb5-4fa4-a97d-d965ccfc6d4b" outcome="Passed" testListId="8c84fa94-04c1-424b-9868-57a2d4851a1d" relativeResultsDirectory="86d2f0d9-94d2-4e02-8782-0be6bffa813c" />
    <UnitTestResult executionId="b30d47ac-adea-472d-b766-54f2c8f200f4" testId="a5b0261c-99ed-6de0-4e82-ffb3c3a8c55d" testName="MSTest_P2_322" computerName="NAVB3" duration="00:00:00.0000736" startTime="2017-11-29T20:12:00.6700443+05:30" endTime="2017-11-29T20:12:00.6700443+05:30" testType="13cdc9d9-ddb5-4fa4-a97d-d965ccfc6d4b" outcome="Passed" testListId="8c84fa94-04c1-424b-9868-57a2d4851a1d" relativeResultsDirectory="b30d47ac-adea-472d-b766-54f2c8f200f4" />
    <UnitTestResult executionId="58c08e82-2bf8-4199-9ac5-5f8a88c75801" testId="dc5585c5-ed56-4d92-117f-27ee8bbc6392" testName="MSTest_P2_323" computerName="NAVB3" duration="00:00:00.0000733" startTime="2017-11-29T20:12:00.6700443+05:30" endTime="2017-11-29T20:12:00.6700443+05:30" testType="13cdc9d9-ddb5-4fa4-a97d-d965ccfc6d4b" outcome="Passed" testListId="8c84fa94-04c1-424b-9868-57a2d4851a1d" relativeResultsDirectory="58c08e82-2bf8-4199-9ac5-5f8a88c75801" />
    <UnitTestResult executionId="f04d0344-ed14-453d-aefb-3f8f4404246f" testId="8652aeba-792d-9d8c-0f0f-b917a43460b0" testName="MSTest_P2_324" computerName="NAVB3" duration="00:00:00.0000730" startTime="2017-11-29T20:12:00.6700443+05:30" endTime="2017-11-29T20:12:00.6700443+05:30" testType="13cdc9d9-ddb5-4fa4-a97d-d965ccfc6d4b" outcome="Passed" testListId="8c84fa94-04c1-424b-9868-57a2d4851a1d" relativeResultsDirectory="f04d0344-ed14-453d-aefb-3f8f4404246f" />
    <UnitTestResult executionId="5c5ddd97-e8d1-4262-8f36-f2e953b88bb0" testId="cd9b80e2-b450-dfb5-50fe-c74d73b29539" testName="MSTest_P2_325" computerName="NAVB3" duration="00:00:00.0000738" startTime="2017-11-29T20:12:00.6700443+05:30" endTime="2017-11-29T20:12:00.6700443+05:30" testType="13cdc9d9-ddb5-4fa4-a97d-d965ccfc6d4b" outcome="Passed" testListId="8c84fa94-04c1-424b-9868-57a2d4851a1d" relativeResultsDirectory="5c5ddd97-e8d1-4262-8f36-f2e953b88bb0" />
    <UnitTestResult executionId="eb262187-cdf9-4ec1-8f75-92eef61193f6" testId="7d39e355-8daa-a30c-3d03-59dbb669e8dc" testName="MSTest_P2_326" computerName="NAVB3" duration="00:00:00.0000736" startTime="2017-11-29T20:12:00.6700443+05:30" endTime="2017-11-29T20:12:00.6700443+05:30" testType="13cdc9d9-ddb5-4fa4-a97d-d965ccfc6d4b" outcome="Passed" testListId="8c84fa94-04c1-424b-9868-57a2d4851a1d" relativeResultsDirectory="eb262187-cdf9-4ec1-8f75-92eef61193f6" />
    <UnitTestResult executionId="e4ee3011-6c5c-4909-a05e-2ce1c1438c11" testId="c4fc2d07-7267-f47c-9b24-2eafbede2fff" testName="MSTest_P2_327" computerName="NAVB3" duration="00:00:00.0000730" startTime="2017-11-29T20:12:00.6700443+05:30" endTime="2017-11-29T20:12:00.6700443+05:30" testType="13cdc9d9-ddb5-4fa4-a97d-d965ccfc6d4b" outcome="Passed" testListId="8c84fa94-04c1-424b-9868-57a2d4851a1d" relativeResultsDirectory="e4ee3011-6c5c-4909-a05e-2ce1c1438c11" />
    <UnitTestResult executionId="89f507b7-4f83-4c01-91f1-d33a905ef99d" testId="a85474ae-2967-b69d-5045-a4e24e68e36f" testName="MSTest_P2_328" computerName="NAVB3" duration="00:00:00.0000727" startTime="2017-11-29T20:12:00.6700443+05:30" endTime="2017-11-29T20:12:00.6700443+05:30" testType="13cdc9d9-ddb5-4fa4-a97d-d965ccfc6d4b" outcome="Passed" testListId="8c84fa94-04c1-424b-9868-57a2d4851a1d" relativeResultsDirectory="89f507b7-4f83-4c01-91f1-d33a905ef99d" />
    <UnitTestResult executionId="6683eb60-3e55-4ddc-a3a9-f4b0efc99f19" testId="142bee73-ffde-24dd-28ed-fe9e02e37abc" testName="MSTest_P2_329" computerName="NAVB3" duration="00:00:00.0000733" startTime="2017-11-29T20:12:00.6700443+05:30" endTime="2017-11-29T20:12:00.6700443+05:30" testType="13cdc9d9-ddb5-4fa4-a97d-d965ccfc6d4b" outcome="Passed" testListId="8c84fa94-04c1-424b-9868-57a2d4851a1d" relativeResultsDirectory="6683eb60-3e55-4ddc-a3a9-f4b0efc99f19" />
    <UnitTestResult executionId="3ff3f09a-149e-4a2b-8c70-c056e183427e" testId="881cce1f-de25-d9c4-3686-f2632a9fa5d0" testName="MSTest_P2_330" computerName="NAVB3" duration="00:00:00.0000847" startTime="2017-11-29T20:12:00.6700443+05:30" endTime="2017-11-29T20:12:00.6700443+05:30" testType="13cdc9d9-ddb5-4fa4-a97d-d965ccfc6d4b" outcome="Passed" testListId="8c84fa94-04c1-424b-9868-57a2d4851a1d" relativeResultsDirectory="3ff3f09a-149e-4a2b-8c70-c056e183427e" />
    <UnitTestResult executionId="d16262e7-e338-4a64-8f37-aa971a4e4efb" testId="a08653e0-4983-d171-dc6f-8458b680423b" testName="MSTest_P2_331" computerName="NAVB3" duration="00:00:00.0000835" startTime="2017-11-29T20:12:00.6700443+05:30" endTime="2017-11-29T20:12:00.6700443+05:30" testType="13cdc9d9-ddb5-4fa4-a97d-d965ccfc6d4b" outcome="Passed" testListId="8c84fa94-04c1-424b-9868-57a2d4851a1d" relativeResultsDirectory="d16262e7-e338-4a64-8f37-aa971a4e4efb" />
    <UnitTestResult executionId="b94f9e6a-5187-49c6-94fd-c19f27da0406" testId="df79eee8-6d78-6afa-dd9b-a03170811a13" testName="MSTest_P2_332" computerName="NAVB3" duration="00:00:00.0000724" startTime="2017-11-29T20:12:00.6700443+05:30" endTime="2017-11-29T20:12:00.6700443+05:30" testType="13cdc9d9-ddb5-4fa4-a97d-d965ccfc6d4b" outcome="Passed" testListId="8c84fa94-04c1-424b-9868-57a2d4851a1d" relativeResultsDirectory="b94f9e6a-5187-49c6-94fd-c19f27da0406" />
    <UnitTestResult executionId="59159c7c-2c9a-4204-a810-2ea26a87820e" testId="3c0b759b-f07e-0aa4-02e0-0808101868e7" testName="MSTest_P2_333" computerName="NAVB3" duration="00:00:00.0000741" startTime="2017-11-29T20:12:00.6700443+05:30" endTime="2017-11-29T20:12:00.6700443+05:30" testType="13cdc9d9-ddb5-4fa4-a97d-d965ccfc6d4b" outcome="Passed" testListId="8c84fa94-04c1-424b-9868-57a2d4851a1d" relativeResultsDirectory="59159c7c-2c9a-4204-a810-2ea26a87820e" />
    <UnitTestResult executionId="cd101edf-9ee1-44b8-8ba6-d4145cfd39f4" testId="38841c9a-1e94-ace2-5531-37380c3cb27c" testName="MSTest_P2_334" computerName="NAVB3" duration="00:00:00.0000730" startTime="2017-11-29T20:12:00.6700443+05:30" endTime="2017-11-29T20:12:00.6700443+05:30" testType="13cdc9d9-ddb5-4fa4-a97d-d965ccfc6d4b" outcome="Passed" testListId="8c84fa94-04c1-424b-9868-57a2d4851a1d" relativeResultsDirectory="cd101edf-9ee1-44b8-8ba6-d4145cfd39f4" />
    <UnitTestResult executionId="df348b78-990b-4745-b006-db7134246598" testId="c36cb8ae-46c1-d837-c91e-720bf2554055" testName="MSTest_P2_335" computerName="NAVB3" duration="00:00:00.0000724" startTime="2017-11-29T20:12:00.6700443+05:30" endTime="2017-11-29T20:12:00.6700443+05:30" testType="13cdc9d9-ddb5-4fa4-a97d-d965ccfc6d4b" outcome="Passed" testListId="8c84fa94-04c1-424b-9868-57a2d4851a1d" relativeResultsDirectory="df348b78-990b-4745-b006-db7134246598" />
    <UnitTestResult executionId="efdc8663-e165-4bed-b523-bebc81e2e1ae" testId="dab630fc-903d-cf72-2e8c-7c559e8ef2c8" testName="MSTest_P2_336" computerName="NAVB3" duration="00:00:00.0000733" startTime="2017-11-29T20:12:00.6700443+05:30" endTime="2017-11-29T20:12:00.6700443+05:30" testType="13cdc9d9-ddb5-4fa4-a97d-d965ccfc6d4b" outcome="Passed" testListId="8c84fa94-04c1-424b-9868-57a2d4851a1d" relativeResultsDirectory="efdc8663-e165-4bed-b523-bebc81e2e1ae" />
    <UnitTestResult executionId="d80a4e9e-3bb6-4b56-9a98-312b0c303329" testId="e2010539-700a-0895-cf20-741f7c61fd6e" testName="MSTest_P2_337" computerName="NAVB3" duration="00:00:00.0000733" startTime="2017-11-29T20:12:00.6700443+05:30" endTime="2017-11-29T20:12:00.6700443+05:30" testType="13cdc9d9-ddb5-4fa4-a97d-d965ccfc6d4b" outcome="Passed" testListId="8c84fa94-04c1-424b-9868-57a2d4851a1d" relativeResultsDirectory="d80a4e9e-3bb6-4b56-9a98-312b0c303329" />
    <UnitTestResult executionId="30479175-f018-4ecf-bf08-0e43683e3458" testId="ab40b798-d765-91f0-8e06-5b70f21cd8d8" testName="MSTest_P2_338" computerName="NAVB3" duration="00:00:00.0000733" startTime="2017-11-29T20:12:00.6700443+05:30" endTime="2017-11-29T20:12:00.6700443+05:30" testType="13cdc9d9-ddb5-4fa4-a97d-d965ccfc6d4b" outcome="Passed" testListId="8c84fa94-04c1-424b-9868-57a2d4851a1d" relativeResultsDirectory="30479175-f018-4ecf-bf08-0e43683e3458" />
    <UnitTestResult executionId="b9a37bf7-2f2d-46d3-8085-ec2c202216b9" testId="5fa14b7d-7f59-da21-db8d-8057acd4ecd4" testName="MSTest_P2_339" computerName="NAVB3" duration="00:00:00.0000733" startTime="2017-11-29T20:12:00.6700443+05:30" endTime="2017-11-29T20:12:00.6700443+05:30" testType="13cdc9d9-ddb5-4fa4-a97d-d965ccfc6d4b" outcome="Passed" testListId="8c84fa94-04c1-424b-9868-57a2d4851a1d" relativeResultsDirectory="b9a37bf7-2f2d-46d3-8085-ec2c202216b9" />
    <UnitTestResult executionId="bf62b977-a413-42d9-91bf-5f9685ac6d09" testId="7546d94d-ce85-24d5-44ac-795ab0d6437a" testName="MSTest_P2_340" computerName="NAVB3" duration="00:00:00.0000733" startTime="2017-11-29T20:12:00.6700443+05:30" endTime="2017-11-29T20:12:00.6700443+05:30" testType="13cdc9d9-ddb5-4fa4-a97d-d965ccfc6d4b" outcome="Passed" testListId="8c84fa94-04c1-424b-9868-57a2d4851a1d" relativeResultsDirectory="bf62b977-a413-42d9-91bf-5f9685ac6d09" />
    <UnitTestResult executionId="c416a259-087d-43de-8521-69d5e70e28de" testId="2c1e3bdc-8e1d-9575-3498-9a33d518275d" testName="MSTest_P2_171" computerName="NAVB3" duration="00:00:00.0000736" startTime="2017-11-29T20:12:00.6700443+05:30" endTime="2017-11-29T20:12:00.6700443+05:30" testType="13cdc9d9-ddb5-4fa4-a97d-d965ccfc6d4b" outcome="Passed" testListId="8c84fa94-04c1-424b-9868-57a2d4851a1d" relativeResultsDirectory="c416a259-087d-43de-8521-69d5e70e28de" />
    <UnitTestResult executionId="3f5e5669-b9c6-4854-a808-e5f4ca482d1e" testId="2b46fd64-e5c0-ee62-8d5c-d0040171df6a" testName="MSTest_P2_172" computerName="NAVB3" duration="00:00:00.0000733" startTime="2017-11-29T20:12:00.6700443+05:30" endTime="2017-11-29T20:12:00.6700443+05:30" testType="13cdc9d9-ddb5-4fa4-a97d-d965ccfc6d4b" outcome="Passed" testListId="8c84fa94-04c1-424b-9868-57a2d4851a1d" relativeResultsDirectory="3f5e5669-b9c6-4854-a808-e5f4ca482d1e" />
    <UnitTestResult executionId="3c2d840a-9dfc-4cab-a726-5e99112d4d0d" testId="0cfe45c3-690d-b4eb-33cc-460f9a2b1e7f" testName="MSTest_P2_173" computerName="NAVB3" duration="00:00:00.0000730" startTime="2017-11-29T20:12:00.6700443+05:30" endTime="2017-11-29T20:12:00.6700443+05:30" testType="13cdc9d9-ddb5-4fa4-a97d-d965ccfc6d4b" outcome="Passed" testListId="8c84fa94-04c1-424b-9868-57a2d4851a1d" relativeResultsDirectory="3c2d840a-9dfc-4cab-a726-5e99112d4d0d" />
    <UnitTestResult executionId="9a522f09-af2d-49b4-8f1a-57c9da5d0367" testId="ab640a57-752a-59a2-6621-efb7c01890e5" testName="MSTest_P2_174" computerName="NAVB3" duration="00:00:00.0000727" startTime="2017-11-29T20:12:00.6700443+05:30" endTime="2017-11-29T20:12:00.6700443+05:30" testType="13cdc9d9-ddb5-4fa4-a97d-d965ccfc6d4b" outcome="Passed" testListId="8c84fa94-04c1-424b-9868-57a2d4851a1d" relativeResultsDirectory="9a522f09-af2d-49b4-8f1a-57c9da5d0367" />
    <UnitTestResult executionId="92fd998c-fe28-4bc2-8904-5311c806efd2" testId="55859722-169b-f5f5-a556-d0974eccd57b" testName="MSTest_P2_175" computerName="NAVB3" duration="00:00:00.0000733" startTime="2017-11-29T20:12:00.6700443+05:30" endTime="2017-11-29T20:12:00.6700443+05:30" testType="13cdc9d9-ddb5-4fa4-a97d-d965ccfc6d4b" outcome="Passed" testListId="8c84fa94-04c1-424b-9868-57a2d4851a1d" relativeResultsDirectory="92fd998c-fe28-4bc2-8904-5311c806efd2" />
    <UnitTestResult executionId="33d5930f-7bd0-489e-8461-49ddacbc5a91" testId="eb685602-2e80-bc21-a1dc-470348e548df" testName="MSTest_P2_176" computerName="NAVB3" duration="00:00:00.0000741" startTime="2017-11-29T20:12:00.6700443+05:30" endTime="2017-11-29T20:12:00.6700443+05:30" testType="13cdc9d9-ddb5-4fa4-a97d-d965ccfc6d4b" outcome="Passed" testListId="8c84fa94-04c1-424b-9868-57a2d4851a1d" relativeResultsDirectory="33d5930f-7bd0-489e-8461-49ddacbc5a91" />
    <UnitTestResult executionId="52a71bc5-7e49-491f-b3e9-94da2522c063" testId="594e18ca-0987-37df-7dc2-c7573e82a6a9" testName="MSTest_P2_177" computerName="NAVB3" duration="00:00:00.0000785" startTime="2017-11-29T20:12:00.6700443+05:30" endTime="2017-11-29T20:12:00.6700443+05:30" testType="13cdc9d9-ddb5-4fa4-a97d-d965ccfc6d4b" outcome="Passed" testListId="8c84fa94-04c1-424b-9868-57a2d4851a1d" relativeResultsDirectory="52a71bc5-7e49-491f-b3e9-94da2522c063" />
    <UnitTestResult executionId="11729a70-5b86-4472-b16c-0eace6613f91" testId="eaa36cae-cec5-c0d3-577f-7f0969635ecb" testName="MSTest_P2_178" computerName="NAVB3" duration="00:00:00.0000753" startTime="2017-11-29T20:12:00.6700443+05:30" endTime="2017-11-29T20:12:00.6700443+05:30" testType="13cdc9d9-ddb5-4fa4-a97d-d965ccfc6d4b" outcome="Passed" testListId="8c84fa94-04c1-424b-9868-57a2d4851a1d" relativeResultsDirectory="11729a70-5b86-4472-b16c-0eace6613f91" />
    <UnitTestResult executionId="96d6765f-f23c-417a-8437-1e1413cabb06" testId="b2700c23-7976-41f4-f6a2-216b72a9e115" testName="MSTest_P2_179" computerName="NAVB3" duration="00:00:00.0001170" startTime="2017-11-29T20:12:00.6700443+05:30" endTime="2017-11-29T20:12:00.6856726+05:30" testType="13cdc9d9-ddb5-4fa4-a97d-d965ccfc6d4b" outcome="Passed" testListId="8c84fa94-04c1-424b-9868-57a2d4851a1d" relativeResultsDirectory="96d6765f-f23c-417a-8437-1e1413cabb06" />
    <UnitTestResult executionId="93ba4151-c97b-40b7-8227-1d971e7710eb" testId="5eb34856-2da0-4203-dee1-90fc0e782f79" testName="MSTest_P2_180" computerName="NAVB3" duration="00:00:00.0001073" startTime="2017-11-29T20:12:00.6856726+05:30" endTime="2017-11-29T20:12:00.6856726+05:30" testType="13cdc9d9-ddb5-4fa4-a97d-d965ccfc6d4b" outcome="Passed" testListId="8c84fa94-04c1-424b-9868-57a2d4851a1d" relativeResultsDirectory="93ba4151-c97b-40b7-8227-1d971e7710eb" />
    <UnitTestResult executionId="891ae6ff-8a53-40ef-9b0c-2b704c3eb2a6" testId="8654dbfb-f069-ee22-a306-8ad0a67bb14f" testName="MSTest_P2_181" computerName="NAVB3" duration="00:00:00.0000920" startTime="2017-11-29T20:12:00.6856726+05:30" endTime="2017-11-29T20:12:00.6856726+05:30" testType="13cdc9d9-ddb5-4fa4-a97d-d965ccfc6d4b" outcome="Passed" testListId="8c84fa94-04c1-424b-9868-57a2d4851a1d" relativeResultsDirectory="891ae6ff-8a53-40ef-9b0c-2b704c3eb2a6" />
    <UnitTestResult executionId="de1fb538-31fa-4953-a36d-50ef84a877f9" testId="f8fc2d29-ae4a-2a28-38d3-c46c841711b9" testName="MSTest_P2_182" computerName="NAVB3" duration="00:00:00.0000870" startTime="2017-11-29T20:12:00.6856726+05:30" endTime="2017-11-29T20:12:00.6856726+05:30" testType="13cdc9d9-ddb5-4fa4-a97d-d965ccfc6d4b" outcome="Passed" testListId="8c84fa94-04c1-424b-9868-57a2d4851a1d" relativeResultsDirectory="de1fb538-31fa-4953-a36d-50ef84a877f9" />
    <UnitTestResult executionId="10297143-56fc-44b0-bfa6-1fba4874e369" testId="e2a26798-3e2d-66bf-b3ed-e240aa86b080" testName="MSTest_P2_183" computerName="NAVB3" duration="00:00:00.0000865" startTime="2017-11-29T20:12:00.6856726+05:30" endTime="2017-11-29T20:12:00.6856726+05:30" testType="13cdc9d9-ddb5-4fa4-a97d-d965ccfc6d4b" outcome="Passed" testListId="8c84fa94-04c1-424b-9868-57a2d4851a1d" relativeResultsDirectory="10297143-56fc-44b0-bfa6-1fba4874e369" />
    <UnitTestResult executionId="4e735823-f929-420b-b44a-97bf9eb02ffe" testId="aa756adc-70a2-2284-ea9c-e41840178340" testName="MSTest_P2_184" computerName="NAVB3" duration="00:00:00.0000756" startTime="2017-11-29T20:12:00.6856726+05:30" endTime="2017-11-29T20:12:00.6856726+05:30" testType="13cdc9d9-ddb5-4fa4-a97d-d965ccfc6d4b" outcome="Passed" testListId="8c84fa94-04c1-424b-9868-57a2d4851a1d" relativeResultsDirectory="4e735823-f929-420b-b44a-97bf9eb02ffe" />
    <UnitTestResult executionId="e7408475-5993-43ca-b353-03e814d4cef5" testId="c22dba7b-8048-0edc-4264-1337741bdbf3" testName="MSTest_P2_185" computerName="NAVB3" duration="00:00:00.0000727" startTime="2017-11-29T20:12:00.6856726+05:30" endTime="2017-11-29T20:12:00.6856726+05:30" testType="13cdc9d9-ddb5-4fa4-a97d-d965ccfc6d4b" outcome="Passed" testListId="8c84fa94-04c1-424b-9868-57a2d4851a1d" relativeResultsDirectory="e7408475-5993-43ca-b353-03e814d4cef5" />
    <UnitTestResult executionId="4f2e39e4-e7a2-4672-a947-6c60f72b9b42" testId="0269cbf6-265f-6c87-84a6-eaad977b24a8" testName="MSTest_P2_186" computerName="NAVB3" duration="00:00:00.0000744" startTime="2017-11-29T20:12:00.6856726+05:30" endTime="2017-11-29T20:12:00.6856726+05:30" testType="13cdc9d9-ddb5-4fa4-a97d-d965ccfc6d4b" outcome="Passed" testListId="8c84fa94-04c1-424b-9868-57a2d4851a1d" relativeResultsDirectory="4f2e39e4-e7a2-4672-a947-6c60f72b9b42" />
    <UnitTestResult executionId="db9158ad-8fb9-4481-8611-379c6b8665e1" testId="eb80484c-36af-5133-1ada-8954549d374b" testName="MSTest_P2_187" computerName="NAVB3" duration="00:00:00.0000759" startTime="2017-11-29T20:12:00.6856726+05:30" endTime="2017-11-29T20:12:00.6856726+05:30" testType="13cdc9d9-ddb5-4fa4-a97d-d965ccfc6d4b" outcome="Passed" testListId="8c84fa94-04c1-424b-9868-57a2d4851a1d" relativeResultsDirectory="db9158ad-8fb9-4481-8611-379c6b8665e1" />
    <UnitTestResult executionId="44782bea-1fd7-4d64-bd61-6224996c8a6a" testId="bebd57ae-bbed-9c03-8c0e-09b62ba6f6a1" testName="MSTest_P2_188" computerName="NAVB3" duration="00:00:00.0000750" startTime="2017-11-29T20:12:00.6856726+05:30" endTime="2017-11-29T20:12:00.6856726+05:30" testType="13cdc9d9-ddb5-4fa4-a97d-d965ccfc6d4b" outcome="Passed" testListId="8c84fa94-04c1-424b-9868-57a2d4851a1d" relativeResultsDirectory="44782bea-1fd7-4d64-bd61-6224996c8a6a" />
    <UnitTestResult executionId="18a82f87-3245-4e7d-9b01-f3484b93097f" testId="b73418ff-2ad6-01a4-4ee7-8828e8f303c7" testName="MSTest_P2_189" computerName="NAVB3" duration="00:00:00.0000753" startTime="2017-11-29T20:12:00.6856726+05:30" endTime="2017-11-29T20:12:00.6856726+05:30" testType="13cdc9d9-ddb5-4fa4-a97d-d965ccfc6d4b" outcome="Passed" testListId="8c84fa94-04c1-424b-9868-57a2d4851a1d" relativeResultsDirectory="18a82f87-3245-4e7d-9b01-f3484b93097f" />
    <UnitTestResult executionId="92a5456f-b7e3-4362-9307-8ce19b56dafd" testId="f6e3eaa7-8848-dc04-d52d-91af0fd72d66" testName="MSTest_P2_190" computerName="NAVB3" duration="00:00:00.0000750" startTime="2017-11-29T20:12:00.6856726+05:30" endTime="2017-11-29T20:12:00.6856726+05:30" testType="13cdc9d9-ddb5-4fa4-a97d-d965ccfc6d4b" outcome="Passed" testListId="8c84fa94-04c1-424b-9868-57a2d4851a1d" relativeResultsDirectory="92a5456f-b7e3-4362-9307-8ce19b56dafd" />
    <UnitTestResult executionId="085d45bf-d17e-4d80-9b72-d252f7261fbe" testId="8484725a-6cd4-83fb-3ffb-951c33303e96" testName="MSTest_P2_191" computerName="NAVB3" duration="00:00:00.0000738" startTime="2017-11-29T20:12:00.6856726+05:30" endTime="2017-11-29T20:12:00.6856726+05:30" testType="13cdc9d9-ddb5-4fa4-a97d-d965ccfc6d4b" outcome="Passed" testListId="8c84fa94-04c1-424b-9868-57a2d4851a1d" relativeResultsDirectory="085d45bf-d17e-4d80-9b72-d252f7261fbe" />
    <UnitTestResult executionId="7641e9da-19ed-4ce2-b63b-cd489610e498" testId="ae90bd75-b902-7f37-c7b5-d2bdc8c4bc61" testName="MSTest_P2_192" computerName="NAVB3" duration="00:00:00.0000744" startTime="2017-11-29T20:12:00.6856726+05:30" endTime="2017-11-29T20:12:00.6856726+05:30" testType="13cdc9d9-ddb5-4fa4-a97d-d965ccfc6d4b" outcome="Passed" testListId="8c84fa94-04c1-424b-9868-57a2d4851a1d" relativeResultsDirectory="7641e9da-19ed-4ce2-b63b-cd489610e498" />
    <UnitTestResult executionId="730a8f2f-c126-40d2-a233-fdb7a292bccb" testId="3bf32474-7a0d-2433-69f9-4e57b260d299" testName="MSTest_P2_193" computerName="NAVB3" duration="00:00:00.0000747" startTime="2017-11-29T20:12:00.6856726+05:30" endTime="2017-11-29T20:12:00.6856726+05:30" testType="13cdc9d9-ddb5-4fa4-a97d-d965ccfc6d4b" outcome="Passed" testListId="8c84fa94-04c1-424b-9868-57a2d4851a1d" relativeResultsDirectory="730a8f2f-c126-40d2-a233-fdb7a292bccb" />
    <UnitTestResult executionId="1a4a2124-3a9b-49c4-860d-bdc2fc4e77d9" testId="32e5d2be-7b20-dc2a-0e1d-8f5e32c6a33d" testName="MSTest_P2_194" computerName="NAVB3" duration="00:00:00.0000741" startTime="2017-11-29T20:12:00.6856726+05:30" endTime="2017-11-29T20:12:00.6856726+05:30" testType="13cdc9d9-ddb5-4fa4-a97d-d965ccfc6d4b" outcome="Passed" testListId="8c84fa94-04c1-424b-9868-57a2d4851a1d" relativeResultsDirectory="1a4a2124-3a9b-49c4-860d-bdc2fc4e77d9" />
    <UnitTestResult executionId="b008354c-2a40-4d73-9160-79732e835315" testId="9b2191ca-de78-2575-4a4a-b3a9a2067488" testName="MSTest_P2_195" computerName="NAVB3" duration="00:00:00.0000733" startTime="2017-11-29T20:12:00.6856726+05:30" endTime="2017-11-29T20:12:00.6856726+05:30" testType="13cdc9d9-ddb5-4fa4-a97d-d965ccfc6d4b" outcome="Passed" testListId="8c84fa94-04c1-424b-9868-57a2d4851a1d" relativeResultsDirectory="b008354c-2a40-4d73-9160-79732e835315" />
    <UnitTestResult executionId="106501ae-bc34-41f0-bfb2-e4d2e3da2da1" testId="2f20d77e-7fdc-bfdf-1dd4-a8da727855f9" testName="MSTest_P2_196" computerName="NAVB3" duration="00:00:00.0000733" startTime="2017-11-29T20:12:00.6856726+05:30" endTime="2017-11-29T20:12:00.6856726+05:30" testType="13cdc9d9-ddb5-4fa4-a97d-d965ccfc6d4b" outcome="Passed" testListId="8c84fa94-04c1-424b-9868-57a2d4851a1d" relativeResultsDirectory="106501ae-bc34-41f0-bfb2-e4d2e3da2da1" />
    <UnitTestResult executionId="3c8e04c8-e2ec-4bbe-bfa7-22fdb4a82015" testId="a251fbff-911a-3cba-61e7-5ff36bd7bb05" testName="MSTest_P2_197" computerName="NAVB3" duration="00:00:00.0000741" startTime="2017-11-29T20:12:00.6856726+05:30" endTime="2017-11-29T20:12:00.6856726+05:30" testType="13cdc9d9-ddb5-4fa4-a97d-d965ccfc6d4b" outcome="Passed" testListId="8c84fa94-04c1-424b-9868-57a2d4851a1d" relativeResultsDirectory="3c8e04c8-e2ec-4bbe-bfa7-22fdb4a82015" />
    <UnitTestResult executionId="a8fbb94f-c5a1-4f12-a894-5aed5ae3c266" testId="d38aba40-6207-a827-6008-82706c360bc9" testName="MSTest_P2_198" computerName="NAVB3" duration="00:00:00.0000894" startTime="2017-11-29T20:12:00.6856726+05:30" endTime="2017-11-29T20:12:00.6856726+05:30" testType="13cdc9d9-ddb5-4fa4-a97d-d965ccfc6d4b" outcome="Passed" testListId="8c84fa94-04c1-424b-9868-57a2d4851a1d" relativeResultsDirectory="a8fbb94f-c5a1-4f12-a894-5aed5ae3c266" />
    <UnitTestResult executionId="a195098e-1113-4a84-94f7-0123b1883d80" testId="b0a833d1-f918-0115-a514-3841ec87d6a8" testName="MSTest_P2_199" computerName="NAVB3" duration="00:00:00.0000818" startTime="2017-11-29T20:12:00.6856726+05:30" endTime="2017-11-29T20:12:00.6856726+05:30" testType="13cdc9d9-ddb5-4fa4-a97d-d965ccfc6d4b" outcome="Passed" testListId="8c84fa94-04c1-424b-9868-57a2d4851a1d" relativeResultsDirectory="a195098e-1113-4a84-94f7-0123b1883d80" />
    <UnitTestResult executionId="afb6313f-3e2c-4155-8600-d4c218d66355" testId="e2970972-ea34-e448-2041-84adb568fdea" testName="MSTest_P2_200" computerName="NAVB3" duration="00:00:00.0000809" startTime="2017-11-29T20:12:00.6856726+05:30" endTime="2017-11-29T20:12:00.6856726+05:30" testType="13cdc9d9-ddb5-4fa4-a97d-d965ccfc6d4b" outcome="Passed" testListId="8c84fa94-04c1-424b-9868-57a2d4851a1d" relativeResultsDirectory="afb6313f-3e2c-4155-8600-d4c218d66355" />
    <UnitTestResult executionId="2b07329e-8e04-432c-be25-2c57cb233378" testId="d902866a-a6c6-b644-2cc0-b7b1b80822e4" testName="MSTest_P2_201" computerName="NAVB3" duration="00:00:00.0000794" startTime="2017-11-29T20:12:00.6856726+05:30" endTime="2017-11-29T20:12:00.6856726+05:30" testType="13cdc9d9-ddb5-4fa4-a97d-d965ccfc6d4b" outcome="Passed" testListId="8c84fa94-04c1-424b-9868-57a2d4851a1d" relativeResultsDirectory="2b07329e-8e04-432c-be25-2c57cb233378" />
    <UnitTestResult executionId="6b7054b3-fd92-4915-9599-d8c83d9a7159" testId="4f7556dd-01de-53b7-c0db-f3c78ec86f81" testName="MSTest_P2_202" computerName="NAVB3" duration="00:00:00.0000765" startTime="2017-11-29T20:12:00.6856726+05:30" endTime="2017-11-29T20:12:00.6856726+05:30" testType="13cdc9d9-ddb5-4fa4-a97d-d965ccfc6d4b" outcome="Passed" testListId="8c84fa94-04c1-424b-9868-57a2d4851a1d" relativeResultsDirectory="6b7054b3-fd92-4915-9599-d8c83d9a7159" />
    <UnitTestResult executionId="a2259ac1-eca0-43a7-ba09-6fa95119575a" testId="d721a845-0f8a-9056-d328-0cafd2f6648b" testName="MSTest_P2_203" computerName="NAVB3" duration="00:00:00.0000750" startTime="2017-11-29T20:12:00.6856726+05:30" endTime="2017-11-29T20:12:00.6856726+05:30" testType="13cdc9d9-ddb5-4fa4-a97d-d965ccfc6d4b" outcome="Passed" testListId="8c84fa94-04c1-424b-9868-57a2d4851a1d" relativeResultsDirectory="a2259ac1-eca0-43a7-ba09-6fa95119575a" />
    <UnitTestResult executionId="98129b38-5869-45f4-9944-d369157bf0ed" testId="9c45de35-d86a-1dd1-2361-c05e2d40ebba" testName="MSTest_P2_204" computerName="NAVB3" duration="00:00:00.0000744" startTime="2017-11-29T20:12:00.6856726+05:30" endTime="2017-11-29T20:12:00.6856726+05:30" testType="13cdc9d9-ddb5-4fa4-a97d-d965ccfc6d4b" outcome="Passed" testListId="8c84fa94-04c1-424b-9868-57a2d4851a1d" relativeResultsDirectory="98129b38-5869-45f4-9944-d369157bf0ed" />
    <UnitTestResult executionId="cdbc20e8-c002-4212-8904-3c93b8e7e82f" testId="7b3f8960-4d29-cfc4-ab61-e313ce02edaf" testName="MSTest_P2_205" computerName="NAVB3" duration="00:00:00.0000741" startTime="2017-11-29T20:12:00.6856726+05:30" endTime="2017-11-29T20:12:00.6856726+05:30" testType="13cdc9d9-ddb5-4fa4-a97d-d965ccfc6d4b" outcome="Passed" testListId="8c84fa94-04c1-424b-9868-57a2d4851a1d" relativeResultsDirectory="cdbc20e8-c002-4212-8904-3c93b8e7e82f" />
    <UnitTestResult executionId="993c0cea-46c5-49fa-a8da-3237676f5a85" testId="cf3ce8a9-dafb-7bf0-be16-407770d74f8c" testName="MSTest_P2_206" computerName="NAVB3" duration="00:00:00.0000744" startTime="2017-11-29T20:12:00.6856726+05:30" endTime="2017-11-29T20:12:00.6856726+05:30" testType="13cdc9d9-ddb5-4fa4-a97d-d965ccfc6d4b" outcome="Passed" testListId="8c84fa94-04c1-424b-9868-57a2d4851a1d" relativeResultsDirectory="993c0cea-46c5-49fa-a8da-3237676f5a85" />
    <UnitTestResult executionId="72fc5a03-bd5d-47ee-bcc4-845e3211af23" testId="8f98d869-5df0-dc07-03cb-1a12635a8876" testName="MSTest_P2_207" computerName="NAVB3" duration="00:00:00.0000738" startTime="2017-11-29T20:12:00.6856726+05:30" endTime="2017-11-29T20:12:00.6856726+05:30" testType="13cdc9d9-ddb5-4fa4-a97d-d965ccfc6d4b" outcome="Passed" testListId="8c84fa94-04c1-424b-9868-57a2d4851a1d" relativeResultsDirectory="72fc5a03-bd5d-47ee-bcc4-845e3211af23" />
    <UnitTestResult executionId="20f6b939-2d91-4802-a7d9-f9dfad59d821" testId="f1b57f3f-3220-124e-896b-da01bafcb43b" testName="MSTest_P2_208" computerName="NAVB3" duration="00:00:00.0000753" startTime="2017-11-29T20:12:00.6856726+05:30" endTime="2017-11-29T20:12:00.6856726+05:30" testType="13cdc9d9-ddb5-4fa4-a97d-d965ccfc6d4b" outcome="Passed" testListId="8c84fa94-04c1-424b-9868-57a2d4851a1d" relativeResultsDirectory="20f6b939-2d91-4802-a7d9-f9dfad59d821" />
    <UnitTestResult executionId="76b962f8-a05c-44bc-af29-0a1015f1f067" testId="d9d755e1-6dc7-5e45-5f41-1aba808dceaa" testName="MSTest_P2_209" computerName="NAVB3" duration="00:00:00.0000747" startTime="2017-11-29T20:12:00.6856726+05:30" endTime="2017-11-29T20:12:00.6856726+05:30" testType="13cdc9d9-ddb5-4fa4-a97d-d965ccfc6d4b" outcome="Passed" testListId="8c84fa94-04c1-424b-9868-57a2d4851a1d" relativeResultsDirectory="76b962f8-a05c-44bc-af29-0a1015f1f067" />
    <UnitTestResult executionId="681884c2-7a7b-4a74-aa19-a8c90f7e1700" testId="577853bd-d92f-63a0-3a06-64d985628bf4" testName="MSTest_P2_210" computerName="NAVB3" duration="00:00:00.0000747" startTime="2017-11-29T20:12:00.6856726+05:30" endTime="2017-11-29T20:12:00.6856726+05:30" testType="13cdc9d9-ddb5-4fa4-a97d-d965ccfc6d4b" outcome="Passed" testListId="8c84fa94-04c1-424b-9868-57a2d4851a1d" relativeResultsDirectory="681884c2-7a7b-4a74-aa19-a8c90f7e1700" />
    <UnitTestResult executionId="89a94ab9-929b-4cd3-804b-72dd62ae27df" testId="ec1fffa6-089b-d47d-d435-f0a02acdccab" testName="MSTest_P2_211" computerName="NAVB3" duration="00:00:00.0001032" startTime="2017-11-29T20:12:00.6856726+05:30" endTime="2017-11-29T20:12:00.6856726+05:30" testType="13cdc9d9-ddb5-4fa4-a97d-d965ccfc6d4b" outcome="Passed" testListId="8c84fa94-04c1-424b-9868-57a2d4851a1d" relativeResultsDirectory="89a94ab9-929b-4cd3-804b-72dd62ae27df" />
    <UnitTestResult executionId="9f5df4d6-149d-4b23-9adf-8ca3f14da8bc" testId="42af4767-db61-a5cc-f12c-c7ba7d626fff" testName="MSTest_P2_212" computerName="NAVB3" duration="00:00:00.0000832" startTime="2017-11-29T20:12:00.6856726+05:30" endTime="2017-11-29T20:12:00.6856726+05:30" testType="13cdc9d9-ddb5-4fa4-a97d-d965ccfc6d4b" outcome="Passed" testListId="8c84fa94-04c1-424b-9868-57a2d4851a1d" relativeResultsDirectory="9f5df4d6-149d-4b23-9adf-8ca3f14da8bc" />
    <UnitTestResult executionId="b9e1cf9d-0d8d-49f7-b32a-279aec9c2d20" testId="7a214316-ec64-dc07-4ea5-967b680b9947" testName="MSTest_P2_213" computerName="NAVB3" duration="00:00:00.0000815" startTime="2017-11-29T20:12:00.6856726+05:30" endTime="2017-11-29T20:12:00.6856726+05:30" testType="13cdc9d9-ddb5-4fa4-a97d-d965ccfc6d4b" outcome="Passed" testListId="8c84fa94-04c1-424b-9868-57a2d4851a1d" relativeResultsDirectory="b9e1cf9d-0d8d-49f7-b32a-279aec9c2d20" />
    <UnitTestResult executionId="e1b5412b-2ef8-4745-b6a4-3a46b7164eaf" testId="730bd739-f483-6549-4837-8508b1cb5917" testName="MSTest_P2_214" computerName="NAVB3" duration="00:00:00.0000768" startTime="2017-11-29T20:12:00.6856726+05:30" endTime="2017-11-29T20:12:00.6856726+05:30" testType="13cdc9d9-ddb5-4fa4-a97d-d965ccfc6d4b" outcome="Passed" testListId="8c84fa94-04c1-424b-9868-57a2d4851a1d" relativeResultsDirectory="e1b5412b-2ef8-4745-b6a4-3a46b7164eaf" />
    <UnitTestResult executionId="870d1593-95a3-4a3a-bd54-ce52c8277305" testId="6968fd26-b67d-ecc4-480a-3ffc35cb8c39" testName="MSTest_P2_215" computerName="NAVB3" duration="00:00:00.0000838" startTime="2017-11-29T20:12:00.6856726+05:30" endTime="2017-11-29T20:12:00.6856726+05:30" testType="13cdc9d9-ddb5-4fa4-a97d-d965ccfc6d4b" outcome="Passed" testListId="8c84fa94-04c1-424b-9868-57a2d4851a1d" relativeResultsDirectory="870d1593-95a3-4a3a-bd54-ce52c8277305" />
    <UnitTestResult executionId="c086cb55-1143-4e9e-8e2c-6499145843e7" testId="341ef31b-d437-a146-037f-a9edcdf8f8f3" testName="MSTest_P2_216" computerName="NAVB3" duration="00:00:00.0000782" startTime="2017-11-29T20:12:00.6856726+05:30" endTime="2017-11-29T20:12:00.6856726+05:30" testType="13cdc9d9-ddb5-4fa4-a97d-d965ccfc6d4b" outcome="Passed" testListId="8c84fa94-04c1-424b-9868-57a2d4851a1d" relativeResultsDirectory="c086cb55-1143-4e9e-8e2c-6499145843e7" />
    <UnitTestResult executionId="069f17ed-a685-41a0-a778-d8dbf4ad4773" testId="00e5dc4f-943c-26cc-2233-44bd1a0b0f7e" testName="MSTest_P2_217" computerName="NAVB3" duration="00:00:00.0000759" startTime="2017-11-29T20:12:00.6856726+05:30" endTime="2017-11-29T20:12:00.6856726+05:30" testType="13cdc9d9-ddb5-4fa4-a97d-d965ccfc6d4b" outcome="Passed" testListId="8c84fa94-04c1-424b-9868-57a2d4851a1d" relativeResultsDirectory="069f17ed-a685-41a0-a778-d8dbf4ad4773" />
    <UnitTestResult executionId="65b211f9-4913-4d7e-acc4-2ccc8defb41a" testId="691aa125-d7d5-efd4-f138-9f97eb3c0bfd" testName="MSTest_P2_218" computerName="NAVB3" duration="00:00:00.0000750" startTime="2017-11-29T20:12:00.6856726+05:30" endTime="2017-11-29T20:12:00.6856726+05:30" testType="13cdc9d9-ddb5-4fa4-a97d-d965ccfc6d4b" outcome="Passed" testListId="8c84fa94-04c1-424b-9868-57a2d4851a1d" relativeResultsDirectory="65b211f9-4913-4d7e-acc4-2ccc8defb41a" />
    <UnitTestResult executionId="a2d6a9a9-137d-4429-aa2c-8e73de893c14" testId="9068a2c7-5f77-a991-fe86-17cee1cf0d9e" testName="MSTest_P2_219" computerName="NAVB3" duration="00:00:00.0000738" startTime="2017-11-29T20:12:00.6856726+05:30" endTime="2017-11-29T20:12:00.6856726+05:30" testType="13cdc9d9-ddb5-4fa4-a97d-d965ccfc6d4b" outcome="Passed" testListId="8c84fa94-04c1-424b-9868-57a2d4851a1d" relativeResultsDirectory="a2d6a9a9-137d-4429-aa2c-8e73de893c14" />
    <UnitTestResult executionId="eadbe4e4-7ee4-4734-8622-940f8e1ea311" testId="02c19d9d-3cb1-f310-6c51-02331b43a835" testName="MSTest_P2_220" computerName="NAVB3" duration="00:00:00.0000747" startTime="2017-11-29T20:12:00.6856726+05:30" endTime="2017-11-29T20:12:00.6856726+05:30" testType="13cdc9d9-ddb5-4fa4-a97d-d965ccfc6d4b" outcome="Passed" testListId="8c84fa94-04c1-424b-9868-57a2d4851a1d" relativeResultsDirectory="eadbe4e4-7ee4-4734-8622-940f8e1ea311" />
    <UnitTestResult executionId="03494658-7e94-410e-8e76-21dd4b36e9bf" testId="a4cf0f0e-3157-3fd2-1fd7-296445929fa6" testName="MSTest_P2_221" computerName="NAVB3" duration="00:00:00.0000744" startTime="2017-11-29T20:12:00.6856726+05:30" endTime="2017-11-29T20:12:00.6856726+05:30" testType="13cdc9d9-ddb5-4fa4-a97d-d965ccfc6d4b" outcome="Passed" testListId="8c84fa94-04c1-424b-9868-57a2d4851a1d" relativeResultsDirectory="03494658-7e94-410e-8e76-21dd4b36e9bf" />
    <UnitTestResult executionId="33e16e44-7818-4f09-8e9c-e4cf1fb88682" testId="fe6c340a-2944-b673-a471-414785b785f0" testName="MSTest_P2_222" computerName="NAVB3" duration="00:00:00.0000744" startTime="2017-11-29T20:12:00.6856726+05:30" endTime="2017-11-29T20:12:00.6856726+05:30" testType="13cdc9d9-ddb5-4fa4-a97d-d965ccfc6d4b" outcome="Passed" testListId="8c84fa94-04c1-424b-9868-57a2d4851a1d" relativeResultsDirectory="33e16e44-7818-4f09-8e9c-e4cf1fb88682" />
    <UnitTestResult executionId="0dc1487c-0a48-4f7b-bb75-90046ffbfe85" testId="605d1c99-1323-da38-73f6-6baae324cf28" testName="MSTest_P2_223" computerName="NAVB3" duration="00:00:00.0000741" startTime="2017-11-29T20:12:00.6856726+05:30" endTime="2017-11-29T20:12:00.6856726+05:30" testType="13cdc9d9-ddb5-4fa4-a97d-d965ccfc6d4b" outcome="Passed" testListId="8c84fa94-04c1-424b-9868-57a2d4851a1d" relativeResultsDirectory="0dc1487c-0a48-4f7b-bb75-90046ffbfe85" />
    <UnitTestResult executionId="1439c82e-22a0-4c55-bc1c-6edf216cf016" testId="9f5d896c-23c4-d5ae-33fd-fd6708172748" testName="MSTest_P2_224" computerName="NAVB3" duration="00:00:00.0000736" startTime="2017-11-29T20:12:00.6856726+05:30" endTime="2017-11-29T20:12:00.6856726+05:30" testType="13cdc9d9-ddb5-4fa4-a97d-d965ccfc6d4b" outcome="Passed" testListId="8c84fa94-04c1-424b-9868-57a2d4851a1d" relativeResultsDirectory="1439c82e-22a0-4c55-bc1c-6edf216cf016" />
    <UnitTestResult executionId="308d3658-735b-43b4-99f4-9ec191a4cf6b" testId="6f678329-59b4-2768-96fe-0f42ff16fa5a" testName="MSTest_P2_225" computerName="NAVB3" duration="00:00:00.0000738" startTime="2017-11-29T20:12:00.6856726+05:30" endTime="2017-11-29T20:12:00.6856726+05:30" testType="13cdc9d9-ddb5-4fa4-a97d-d965ccfc6d4b" outcome="Passed" testListId="8c84fa94-04c1-424b-9868-57a2d4851a1d" relativeResultsDirectory="308d3658-735b-43b4-99f4-9ec191a4cf6b" />
    <UnitTestResult executionId="d2274274-7a86-4e3b-8161-4bcab3b85a00" testId="5a0d41d5-a45f-321a-23b7-ba377fafda63" testName="MSTest_P2_226" computerName="NAVB3" duration="00:00:00.0001293" startTime="2017-11-29T20:12:00.7012936+05:30" endTime="2017-11-29T20:12:00.7012936+05:30" testType="13cdc9d9-ddb5-4fa4-a97d-d965ccfc6d4b" outcome="Passed" testListId="8c84fa94-04c1-424b-9868-57a2d4851a1d" relativeResultsDirectory="d2274274-7a86-4e3b-8161-4bcab3b85a00" />
    <UnitTestResult executionId="93dd0885-a641-4304-ba34-3e88051d95dc" testId="5a86e92f-0ef8-2d17-4442-ea65b9155454" testName="MSTest_P2_227" computerName="NAVB3" duration="00:00:00.0001319" startTime="2017-11-29T20:12:00.7012936+05:30" endTime="2017-11-29T20:12:00.7012936+05:30" testType="13cdc9d9-ddb5-4fa4-a97d-d965ccfc6d4b" outcome="Passed" testListId="8c84fa94-04c1-424b-9868-57a2d4851a1d" relativeResultsDirectory="93dd0885-a641-4304-ba34-3e88051d95dc" />
    <UnitTestResult executionId="5f0d0cea-1dd8-45c0-885e-5885cf808f18" testId="ac735a88-f7b8-8443-7a9e-2c213dd47d0d" testName="MSTest_P2_228" computerName="NAVB3" duration="00:00:00.0001269" startTime="2017-11-29T20:12:00.7012936+05:30" endTime="2017-11-29T20:12:00.7012936+05:30" testType="13cdc9d9-ddb5-4fa4-a97d-d965ccfc6d4b" outcome="Passed" testListId="8c84fa94-04c1-424b-9868-57a2d4851a1d" relativeResultsDirectory="5f0d0cea-1dd8-45c0-885e-5885cf808f18" />
    <UnitTestResult executionId="41366752-1792-4948-9d4f-05c2af5248b4" testId="d1040cc9-0db5-a2c6-8e3b-599d9ae0566a" testName="MSTest_P2_229" computerName="NAVB3" duration="00:00:00.0001090" startTime="2017-11-29T20:12:00.7012936+05:30" endTime="2017-11-29T20:12:00.7012936+05:30" testType="13cdc9d9-ddb5-4fa4-a97d-d965ccfc6d4b" outcome="Passed" testListId="8c84fa94-04c1-424b-9868-57a2d4851a1d" relativeResultsDirectory="41366752-1792-4948-9d4f-05c2af5248b4" />
    <UnitTestResult executionId="5200bf02-21a1-4a85-812f-d6423594bfe9" testId="2cad1e90-449b-be41-afc8-3e491b2139de" testName="MSTest_P2_230" computerName="NAVB3" duration="00:00:00.0001055" startTime="2017-11-29T20:12:00.7012936+05:30" endTime="2017-11-29T20:12:00.7012936+05:30" testType="13cdc9d9-ddb5-4fa4-a97d-d965ccfc6d4b" outcome="Passed" testListId="8c84fa94-04c1-424b-9868-57a2d4851a1d" relativeResultsDirectory="5200bf02-21a1-4a85-812f-d6423594bfe9" />
    <UnitTestResult executionId="e4bfcdae-b35b-4326-9a67-911911ac8aa6" testId="5a84b0ae-e586-2a61-f5c2-4aa06fe15347" testName="MSTest_P2_231" computerName="NAVB3" duration="00:00:00.0001099" startTime="2017-11-29T20:12:00.7012936+05:30" endTime="2017-11-29T20:12:00.7012936+05:30" testType="13cdc9d9-ddb5-4fa4-a97d-d965ccfc6d4b" outcome="Passed" testListId="8c84fa94-04c1-424b-9868-57a2d4851a1d" relativeResultsDirectory="e4bfcdae-b35b-4326-9a67-911911ac8aa6" />
    <UnitTestResult executionId="e91356c8-9550-4b31-8cd2-6bc234b7a8b6" testId="4eacc58a-39a5-cdc4-7cb0-909b522f5263" testName="MSTest_P2_232" computerName="NAVB3" duration="00:00:00.0001073" startTime="2017-11-29T20:12:00.7012936+05:30" endTime="2017-11-29T20:12:00.7012936+05:30" testType="13cdc9d9-ddb5-4fa4-a97d-d965ccfc6d4b" outcome="Passed" testListId="8c84fa94-04c1-424b-9868-57a2d4851a1d" relativeResultsDirectory="e91356c8-9550-4b31-8cd2-6bc234b7a8b6" />
    <UnitTestResult executionId="0b62f100-ba14-4054-a7c9-1ec86f278c48" testId="1ae6bd7a-6166-ebed-fdc7-bafecc9a34a5" testName="MSTest_P2_233" computerName="NAVB3" duration="00:00:00.0001052" startTime="2017-11-29T20:12:00.7012936+05:30" endTime="2017-11-29T20:12:00.7012936+05:30" testType="13cdc9d9-ddb5-4fa4-a97d-d965ccfc6d4b" outcome="Passed" testListId="8c84fa94-04c1-424b-9868-57a2d4851a1d" relativeResultsDirectory="0b62f100-ba14-4054-a7c9-1ec86f278c48" />
    <UnitTestResult executionId="63297c2f-820b-4dc3-8804-0822ed220cdc" testId="a6af2890-8947-2003-b0eb-4dbbae27d5ed" testName="MSTest_P2_234" computerName="NAVB3" duration="00:00:00.0001043" startTime="2017-11-29T20:12:00.7012936+05:30" endTime="2017-11-29T20:12:00.7012936+05:30" testType="13cdc9d9-ddb5-4fa4-a97d-d965ccfc6d4b" outcome="Passed" testListId="8c84fa94-04c1-424b-9868-57a2d4851a1d" relativeResultsDirectory="63297c2f-820b-4dc3-8804-0822ed220cdc" />
    <UnitTestResult executionId="613e5e7a-ed08-413f-9141-94ef9162cebf" testId="6ceec2cf-1895-3234-fc41-4c88056af76b" testName="MSTest_P2_235" computerName="NAVB3" duration="00:00:00.0001181" startTime="2017-11-29T20:12:00.7012936+05:30" endTime="2017-11-29T20:12:00.7012936+05:30" testType="13cdc9d9-ddb5-4fa4-a97d-d965ccfc6d4b" outcome="Passed" testListId="8c84fa94-04c1-424b-9868-57a2d4851a1d" relativeResultsDirectory="613e5e7a-ed08-413f-9141-94ef9162cebf" />
    <UnitTestResult executionId="89ba216c-de48-4009-8d71-283e557848db" testId="ed24fa60-9ae1-327a-34dd-25499ff1e673" testName="MSTest_P2_236" computerName="NAVB3" duration="00:00:00.0001049" startTime="2017-11-29T20:12:00.7012936+05:30" endTime="2017-11-29T20:12:00.7012936+05:30" testType="13cdc9d9-ddb5-4fa4-a97d-d965ccfc6d4b" outcome="Passed" testListId="8c84fa94-04c1-424b-9868-57a2d4851a1d" relativeResultsDirectory="89ba216c-de48-4009-8d71-283e557848db" />
    <UnitTestResult executionId="73cb0c88-4df9-4ddb-9578-dc47884629f9" testId="308de2f1-a65b-2ef3-00c3-b11aed421fad" testName="MSTest_P2_237" computerName="NAVB3" duration="00:00:00.0001029" startTime="2017-11-29T20:12:00.7012936+05:30" endTime="2017-11-29T20:12:00.7012936+05:30" testType="13cdc9d9-ddb5-4fa4-a97d-d965ccfc6d4b" outcome="Passed" testListId="8c84fa94-04c1-424b-9868-57a2d4851a1d" relativeResultsDirectory="73cb0c88-4df9-4ddb-9578-dc47884629f9" />
    <UnitTestResult executionId="2068541c-71a2-4bbd-86a5-c7f3260b0b44" testId="e67c7e39-2041-921d-fcbf-52c404627a21" testName="MSTest_P2_238" computerName="NAVB3" duration="00:00:00.0001035" startTime="2017-11-29T20:12:00.7012936+05:30" endTime="2017-11-29T20:12:00.7012936+05:30" testType="13cdc9d9-ddb5-4fa4-a97d-d965ccfc6d4b" outcome="Passed" testListId="8c84fa94-04c1-424b-9868-57a2d4851a1d" relativeResultsDirectory="2068541c-71a2-4bbd-86a5-c7f3260b0b44" />
    <UnitTestResult executionId="a885db4a-6b62-452a-bd3c-89be1d4df45e" testId="50ceb1a3-bbee-77bd-f7c8-ea6ffa8fcb9e" testName="MSTest_P2_239" computerName="NAVB3" duration="00:00:00.0001026" startTime="2017-11-29T20:12:00.7012936+05:30" endTime="2017-11-29T20:12:00.7012936+05:30" testType="13cdc9d9-ddb5-4fa4-a97d-d965ccfc6d4b" outcome="Passed" testListId="8c84fa94-04c1-424b-9868-57a2d4851a1d" relativeResultsDirectory="a885db4a-6b62-452a-bd3c-89be1d4df45e" />
    <UnitTestResult executionId="027facfe-bacc-4337-adec-f09a7e37eb0c" testId="6ebc79a4-987d-2bc3-df08-09a50a77278a" testName="MSTest_P2_240" computerName="NAVB3" duration="00:00:00.0001032" startTime="2017-11-29T20:12:00.7012936+05:30" endTime="2017-11-29T20:12:00.7012936+05:30" testType="13cdc9d9-ddb5-4fa4-a97d-d965ccfc6d4b" outcome="Passed" testListId="8c84fa94-04c1-424b-9868-57a2d4851a1d" relativeResultsDirectory="027facfe-bacc-4337-adec-f09a7e37eb0c" />
    <UnitTestResult executionId="fd3eb3bb-6990-4cad-b4f4-e8a1f5c5575e" testId="412203ea-3b32-8c37-03c6-58087662cf65" testName="MSTest_P2_241" computerName="NAVB3" duration="00:00:00.0001029" startTime="2017-11-29T20:12:00.7012936+05:30" endTime="2017-11-29T20:12:00.7012936+05:30" testType="13cdc9d9-ddb5-4fa4-a97d-d965ccfc6d4b" outcome="Passed" testListId="8c84fa94-04c1-424b-9868-57a2d4851a1d" relativeResultsDirectory="fd3eb3bb-6990-4cad-b4f4-e8a1f5c5575e" />
    <UnitTestResult executionId="f13e49da-6210-456d-97e8-b683d6dad2da" testId="688ab4e1-9ede-63ba-415f-d219cfbc76f5" testName="MSTest_P2_242" computerName="NAVB3" duration="00:00:00.0001026" startTime="2017-11-29T20:12:00.7012936+05:30" endTime="2017-11-29T20:12:00.7012936+05:30" testType="13cdc9d9-ddb5-4fa4-a97d-d965ccfc6d4b" outcome="Passed" testListId="8c84fa94-04c1-424b-9868-57a2d4851a1d" relativeResultsDirectory="f13e49da-6210-456d-97e8-b683d6dad2da" />
    <UnitTestResult executionId="3bc06c2d-048c-48ff-b995-98e0fa4cd114" testId="929d3ee7-c2a7-b471-7d66-c1eb4d7bfb83" testName="MSTest_P2_243" computerName="NAVB3" duration="00:00:00.0001058" startTime="2017-11-29T20:12:00.7012936+05:30" endTime="2017-11-29T20:12:00.7012936+05:30" testType="13cdc9d9-ddb5-4fa4-a97d-d965ccfc6d4b" outcome="Passed" testListId="8c84fa94-04c1-424b-9868-57a2d4851a1d" relativeResultsDirectory="3bc06c2d-048c-48ff-b995-98e0fa4cd114" />
    <UnitTestResult executionId="73c8d2bd-b6a5-4c90-b51f-d8d7d9ccea51" testId="86e77e5b-a8c7-eee6-7aa2-17ce1d5eb81f" testName="MSTest_P2_244" computerName="NAVB3" duration="00:00:00.0001087" startTime="2017-11-29T20:12:00.7012936+05:30" endTime="2017-11-29T20:12:00.7012936+05:30" testType="13cdc9d9-ddb5-4fa4-a97d-d965ccfc6d4b" outcome="Passed" testListId="8c84fa94-04c1-424b-9868-57a2d4851a1d" relativeResultsDirectory="73c8d2bd-b6a5-4c90-b51f-d8d7d9ccea51" />
    <UnitTestResult executionId="3bc66f55-9184-40e7-a8a1-0d2a77a73ad2" testId="48e7dd7c-963d-0c73-c44e-071d94068a1f" testName="MSTest_P2_245" computerName="NAVB3" duration="00:00:00.0001032" startTime="2017-11-29T20:12:00.7012936+05:30" endTime="2017-11-29T20:12:00.7012936+05:30" testType="13cdc9d9-ddb5-4fa4-a97d-d965ccfc6d4b" outcome="Passed" testListId="8c84fa94-04c1-424b-9868-57a2d4851a1d" relativeResultsDirectory="3bc66f55-9184-40e7-a8a1-0d2a77a73ad2" />
    <UnitTestResult executionId="83c5efff-aba2-48f5-b575-3c6f384fda91" testId="99afc3a3-e56c-65f0-a935-a8e52ed7d982" testName="MSTest_P2_246" computerName="NAVB3" duration="00:00:00.0001038" startTime="2017-11-29T20:12:00.7012936+05:30" endTime="2017-11-29T20:12:00.7012936+05:30" testType="13cdc9d9-ddb5-4fa4-a97d-d965ccfc6d4b" outcome="Passed" testListId="8c84fa94-04c1-424b-9868-57a2d4851a1d" relativeResultsDirectory="83c5efff-aba2-48f5-b575-3c6f384fda91" />
    <UnitTestResult executionId="b451d2e8-631a-47cb-97bd-162600fdf9f6" testId="7900cd3f-12b8-1eff-695a-493ad9dbd3cf" testName="MSTest_P2_247" computerName="NAVB3" duration="00:00:00.0001032" startTime="2017-11-29T20:12:00.7012936+05:30" endTime="2017-11-29T20:12:00.7012936+05:30" testType="13cdc9d9-ddb5-4fa4-a97d-d965ccfc6d4b" outcome="Passed" testListId="8c84fa94-04c1-424b-9868-57a2d4851a1d" relativeResultsDirectory="b451d2e8-631a-47cb-97bd-162600fdf9f6" />
    <UnitTestResult executionId="7e21aaaf-99a4-4fdc-9dd2-734a41663d58" testId="5eff9454-3e7e-e22f-ff2d-9eff65c48d24" testName="MSTest_P2_248" computerName="NAVB3" duration="00:00:00.0001029" startTime="2017-11-29T20:12:00.7012936+05:30" endTime="2017-11-29T20:12:00.7012936+05:30" testType="13cdc9d9-ddb5-4fa4-a97d-d965ccfc6d4b" outcome="Passed" testListId="8c84fa94-04c1-424b-9868-57a2d4851a1d" relativeResultsDirectory="7e21aaaf-99a4-4fdc-9dd2-734a41663d58" />
    <UnitTestResult executionId="1a3dae76-3e0f-4859-84e9-a0a00ddcf97c" testId="95872637-10aa-91a4-5b1e-72f11650fb60" testName="MSTest_P2_249" computerName="NAVB3" duration="00:00:00.0001035" startTime="2017-11-29T20:12:00.7012936+05:30" endTime="2017-11-29T20:12:00.7012936+05:30" testType="13cdc9d9-ddb5-4fa4-a97d-d965ccfc6d4b" outcome="Passed" testListId="8c84fa94-04c1-424b-9868-57a2d4851a1d" relativeResultsDirectory="1a3dae76-3e0f-4859-84e9-a0a00ddcf97c" />
    <UnitTestResult executionId="a81f3f44-4852-4cc6-9087-e607b2eb71bd" testId="5e9ea610-9094-fb5a-1809-d8c49e738327" testName="MSTest_P2_250" computerName="NAVB3" duration="00:00:00.0001032" startTime="2017-11-29T20:12:00.7012936+05:30" endTime="2017-11-29T20:12:00.7012936+05:30" testType="13cdc9d9-ddb5-4fa4-a97d-d965ccfc6d4b" outcome="Passed" testListId="8c84fa94-04c1-424b-9868-57a2d4851a1d" relativeResultsDirectory="a81f3f44-4852-4cc6-9087-e607b2eb71bd" />
    <UnitTestResult executionId="8fb7e396-2873-464f-83d2-dbde44310f36" testId="e2464868-1917-fea2-960f-a50e75ae2910" testName="MSTest_P2_251" computerName="NAVB3" duration="00:00:00.0001046" startTime="2017-11-29T20:12:00.7012936+05:30" endTime="2017-11-29T20:12:00.7012936+05:30" testType="13cdc9d9-ddb5-4fa4-a97d-d965ccfc6d4b" outcome="Passed" testListId="8c84fa94-04c1-424b-9868-57a2d4851a1d" relativeResultsDirectory="8fb7e396-2873-464f-83d2-dbde44310f36" />
    <UnitTestResult executionId="1a0105be-c857-4384-bdf5-9cd5cc15dd98" testId="d7728b7a-65fd-b6e3-45d3-f0717092cd5c" testName="MSTest_P2_252" computerName="NAVB3" duration="00:00:00.0001170" startTime="2017-11-29T20:12:00.7012936+05:30" endTime="2017-11-29T20:12:00.7012936+05:30" testType="13cdc9d9-ddb5-4fa4-a97d-d965ccfc6d4b" outcome="Passed" testListId="8c84fa94-04c1-424b-9868-57a2d4851a1d" relativeResultsDirectory="1a0105be-c857-4384-bdf5-9cd5cc15dd98" />
    <UnitTestResult executionId="3aeea0ee-10b2-4a7e-b2ef-2993f01def2a" testId="988a76fb-eb14-31ef-5ee6-1186dfa7274b" testName="MSTest_P2_253" computerName="NAVB3" duration="00:00:00.0001093" startTime="2017-11-29T20:12:00.7012936+05:30" endTime="2017-11-29T20:12:00.7012936+05:30" testType="13cdc9d9-ddb5-4fa4-a97d-d965ccfc6d4b" outcome="Passed" testListId="8c84fa94-04c1-424b-9868-57a2d4851a1d" relativeResultsDirectory="3aeea0ee-10b2-4a7e-b2ef-2993f01def2a" />
    <UnitTestResult executionId="4478d163-0b75-4b90-8948-eb4ab2d35898" testId="f05470f3-dd98-66fc-30c8-eedbefc2c2fd" testName="MSTest_P2_254" computerName="NAVB3" duration="00:00:00.0001152" startTime="2017-11-29T20:12:00.7012936+05:30" endTime="2017-11-29T20:12:00.7012936+05:30" testType="13cdc9d9-ddb5-4fa4-a97d-d965ccfc6d4b" outcome="Passed" testListId="8c84fa94-04c1-424b-9868-57a2d4851a1d" relativeResultsDirectory="4478d163-0b75-4b90-8948-eb4ab2d35898" />
    <UnitTestResult executionId="7a955729-71f7-40b1-b16e-ba043c607991" testId="e9be7b7b-dc0a-0a89-0d10-388e7cb87792" testName="MSTest_P2_255" computerName="NAVB3" duration="00:00:00.0001102" startTime="2017-11-29T20:12:00.7012936+05:30" endTime="2017-11-29T20:12:00.7012936+05:30" testType="13cdc9d9-ddb5-4fa4-a97d-d965ccfc6d4b" outcome="Passed" testListId="8c84fa94-04c1-424b-9868-57a2d4851a1d" relativeResultsDirectory="7a955729-71f7-40b1-b16e-ba043c607991" />
    <UnitTestResult executionId="63dfd352-db91-4821-9c60-80a5159d40b9" testId="8cf89d54-be14-6b51-122f-95abd8412bb8" testName="MSTest_P2_86" computerName="NAVB3" duration="00:00:00.0001102" startTime="2017-11-29T20:12:00.7012936+05:30" endTime="2017-11-29T20:12:00.7012936+05:30" testType="13cdc9d9-ddb5-4fa4-a97d-d965ccfc6d4b" outcome="Passed" testListId="8c84fa94-04c1-424b-9868-57a2d4851a1d" relativeResultsDirectory="63dfd352-db91-4821-9c60-80a5159d40b9" />
    <UnitTestResult executionId="2f94a4a0-eacd-40f6-83e5-81c45820db66" testId="af8664c8-bb1f-43f3-80b2-16d2443501ee" testName="MSTest_P2_87" computerName="NAVB3" duration="00:00:00.0001190" startTime="2017-11-29T20:12:00.7012936+05:30" endTime="2017-11-29T20:12:00.7012936+05:30" testType="13cdc9d9-ddb5-4fa4-a97d-d965ccfc6d4b" outcome="Passed" testListId="8c84fa94-04c1-424b-9868-57a2d4851a1d" relativeResultsDirectory="2f94a4a0-eacd-40f6-83e5-81c45820db66" />
    <UnitTestResult executionId="ae330b9d-f387-470e-89fe-b88ac0232d20" testId="2e239ad8-51c8-4368-8f5f-8170258aca39" testName="MSTest_P2_88" computerName="NAVB3" duration="00:00:00.0001070" startTime="2017-11-29T20:12:00.7012936+05:30" endTime="2017-11-29T20:12:00.7012936+05:30" testType="13cdc9d9-ddb5-4fa4-a97d-d965ccfc6d4b" outcome="Passed" testListId="8c84fa94-04c1-424b-9868-57a2d4851a1d" relativeResultsDirectory="ae330b9d-f387-470e-89fe-b88ac0232d20" />
    <UnitTestResult executionId="47293db0-03c1-4a5b-ac8a-b08f49eb138b" testId="6a103265-61c4-c703-aa4c-eb91c9c0b9e7" testName="MSTest_P2_89" computerName="NAVB3" duration="00:00:00.0001190" startTime="2017-11-29T20:12:00.7012936+05:30" endTime="2017-11-29T20:12:00.7012936+05:30" testType="13cdc9d9-ddb5-4fa4-a97d-d965ccfc6d4b" outcome="Passed" testListId="8c84fa94-04c1-424b-9868-57a2d4851a1d" relativeResultsDirectory="47293db0-03c1-4a5b-ac8a-b08f49eb138b" />
    <UnitTestResult executionId="9c5dd711-2cd0-4e66-981d-60b81485a9dc" testId="543fd025-c46a-063a-e7de-4ca06c2152d1" testName="MSTest_P2_90" computerName="NAVB3" duration="00:00:00.0000850" startTime="2017-11-29T20:12:00.7012936+05:30" endTime="2017-11-29T20:12:00.7012936+05:30" testType="13cdc9d9-ddb5-4fa4-a97d-d965ccfc6d4b" outcome="Passed" testListId="8c84fa94-04c1-424b-9868-57a2d4851a1d" relativeResultsDirectory="9c5dd711-2cd0-4e66-981d-60b81485a9dc" />
    <UnitTestResult executionId="42ecde2c-4869-41f5-94ca-1c31a73ab252" testId="92cdf67a-081b-2da5-36e5-8c058767cb2d" testName="MSTest_P2_91" computerName="NAVB3" duration="00:00:00.0000782" startTime="2017-11-29T20:12:00.7012936+05:30" endTime="2017-11-29T20:12:00.7012936+05:30" testType="13cdc9d9-ddb5-4fa4-a97d-d965ccfc6d4b" outcome="Passed" testListId="8c84fa94-04c1-424b-9868-57a2d4851a1d" relativeResultsDirectory="42ecde2c-4869-41f5-94ca-1c31a73ab252" />
    <UnitTestResult executionId="1cfb45ba-84f5-4d8d-8082-211fb2f241a0" testId="af35a698-328d-7ccb-f3a4-1ca20c607cd3" testName="MSTest_P2_92" computerName="NAVB3" duration="00:00:00.0000891" startTime="2017-11-29T20:12:00.7012936+05:30" endTime="2017-11-29T20:12:00.7012936+05:30" testType="13cdc9d9-ddb5-4fa4-a97d-d965ccfc6d4b" outcome="Passed" testListId="8c84fa94-04c1-424b-9868-57a2d4851a1d" relativeResultsDirectory="1cfb45ba-84f5-4d8d-8082-211fb2f241a0" />
    <UnitTestResult executionId="1ca5c183-fdf4-44b0-baba-2f4caf37a391" testId="facad60b-be32-9dda-fba5-7c7fb77c582b" testName="MSTest_P2_93" computerName="NAVB3" duration="00:00:00.0000826" startTime="2017-11-29T20:12:00.7012936+05:30" endTime="2017-11-29T20:12:00.7012936+05:30" testType="13cdc9d9-ddb5-4fa4-a97d-d965ccfc6d4b" outcome="Passed" testListId="8c84fa94-04c1-424b-9868-57a2d4851a1d" relativeResultsDirectory="1ca5c183-fdf4-44b0-baba-2f4caf37a391" />
    <UnitTestResult executionId="b1e83ddc-fbe4-4518-bc83-6df1a6c87b83" testId="a7f039bb-e008-d895-9ca3-6a3be43521e0" testName="MSTest_P2_94" computerName="NAVB3" duration="00:00:00.0000759" startTime="2017-11-29T20:12:00.7012936+05:30" endTime="2017-11-29T20:12:00.7012936+05:30" testType="13cdc9d9-ddb5-4fa4-a97d-d965ccfc6d4b" outcome="Passed" testListId="8c84fa94-04c1-424b-9868-57a2d4851a1d" relativeResultsDirectory="b1e83ddc-fbe4-4518-bc83-6df1a6c87b83" />
    <UnitTestResult executionId="8723b82a-c41b-4c8a-8b28-31e6501f0ddc" testId="c7f0b721-5cb3-11b9-78ce-982c6c93b561" testName="MSTest_P2_95" computerName="NAVB3" duration="00:00:00.0000741" startTime="2017-11-29T20:12:00.7012936+05:30" endTime="2017-11-29T20:12:00.7012936+05:30" testType="13cdc9d9-ddb5-4fa4-a97d-d965ccfc6d4b" outcome="Passed" testListId="8c84fa94-04c1-424b-9868-57a2d4851a1d" relativeResultsDirectory="8723b82a-c41b-4c8a-8b28-31e6501f0ddc" />
    <UnitTestResult executionId="eb4c7348-5ac0-496d-9efc-1cbc9d250245" testId="9f772cef-e404-3eb2-ee64-340c0f46aba5" testName="MSTest_P2_96" computerName="NAVB3" duration="00:00:00.0000850" startTime="2017-11-29T20:12:00.7012936+05:30" endTime="2017-11-29T20:12:00.7169187+05:30" testType="13cdc9d9-ddb5-4fa4-a97d-d965ccfc6d4b" outcome="Passed" testListId="8c84fa94-04c1-424b-9868-57a2d4851a1d" relativeResultsDirectory="eb4c7348-5ac0-496d-9efc-1cbc9d250245" />
    <UnitTestResult executionId="e88a0fee-691c-4c93-9a95-011afbdf4bb1" testId="939a2244-834b-61d1-6354-aa06c674cd79" testName="MSTest_P2_97" computerName="NAVB3" duration="00:00:00.0000756" startTime="2017-11-29T20:12:00.7169187+05:30" endTime="2017-11-29T20:12:00.7169187+05:30" testType="13cdc9d9-ddb5-4fa4-a97d-d965ccfc6d4b" outcome="Passed" testListId="8c84fa94-04c1-424b-9868-57a2d4851a1d" relativeResultsDirectory="e88a0fee-691c-4c93-9a95-011afbdf4bb1" />
    <UnitTestResult executionId="7249403a-a2d5-4971-b5e7-0f428d05913a" testId="3c0ef892-0b3e-7e60-bcd6-b7064953d994" testName="MSTest_P2_98" computerName="NAVB3" duration="00:00:00.0000850" startTime="2017-11-29T20:12:00.7169187+05:30" endTime="2017-11-29T20:12:00.7169187+05:30" testType="13cdc9d9-ddb5-4fa4-a97d-d965ccfc6d4b" outcome="Passed" testListId="8c84fa94-04c1-424b-9868-57a2d4851a1d" relativeResultsDirectory="7249403a-a2d5-4971-b5e7-0f428d05913a" />
    <UnitTestResult executionId="f94f9364-94da-4994-b3c0-ad2f74a9a532" testId="7d6d4444-0857-2926-ad21-737ce1d59354" testName="MSTest_P2_99" computerName="NAVB3" duration="00:00:00.0000832" startTime="2017-11-29T20:12:00.7169187+05:30" endTime="2017-11-29T20:12:00.7169187+05:30" testType="13cdc9d9-ddb5-4fa4-a97d-d965ccfc6d4b" outcome="Passed" testListId="8c84fa94-04c1-424b-9868-57a2d4851a1d" relativeResultsDirectory="f94f9364-94da-4994-b3c0-ad2f74a9a532" />
    <UnitTestResult executionId="237320a1-9be1-46b0-9372-5f22bc515c90" testId="29221416-c2aa-3a8e-bcbb-e2e374422384" testName="MSTest_P2_100" computerName="NAVB3" duration="00:00:00.0000841" startTime="2017-11-29T20:12:00.7169187+05:30" endTime="2017-11-29T20:12:00.7169187+05:30" testType="13cdc9d9-ddb5-4fa4-a97d-d965ccfc6d4b" outcome="Passed" testListId="8c84fa94-04c1-424b-9868-57a2d4851a1d" relativeResultsDirectory="237320a1-9be1-46b0-9372-5f22bc515c90" />
    <UnitTestResult executionId="cab71a2f-cdec-4626-9fb8-682bc33697f1" testId="3f1a6d2c-e41e-7400-2935-a30ddfef3b4f" testName="MSTest_P2_101" computerName="NAVB3" duration="00:00:00.0000873" startTime="2017-11-29T20:12:00.7169187+05:30" endTime="2017-11-29T20:12:00.7169187+05:30" testType="13cdc9d9-ddb5-4fa4-a97d-d965ccfc6d4b" outcome="Passed" testListId="8c84fa94-04c1-424b-9868-57a2d4851a1d" relativeResultsDirectory="cab71a2f-cdec-4626-9fb8-682bc33697f1" />
    <UnitTestResult executionId="ddc2e676-3c36-45e1-b8c1-870b9b22f15b" testId="915baf8a-558c-8445-25e8-39afc4def2d3" testName="MSTest_P2_102" computerName="NAVB3" duration="00:00:00.0001070" startTime="2017-11-29T20:12:00.7169187+05:30" endTime="2017-11-29T20:12:00.7169187+05:30" testType="13cdc9d9-ddb5-4fa4-a97d-d965ccfc6d4b" outcome="Passed" testListId="8c84fa94-04c1-424b-9868-57a2d4851a1d" relativeResultsDirectory="ddc2e676-3c36-45e1-b8c1-870b9b22f15b" />
    <UnitTestResult executionId="de28fb9f-e746-4dfb-adaf-7d09c47db999" testId="fccc4855-8f79-aac6-2d77-b19e845576b0" testName="MSTest_P2_103" computerName="NAVB3" duration="00:00:00.0001026" startTime="2017-11-29T20:12:00.7169187+05:30" endTime="2017-11-29T20:12:00.7169187+05:30" testType="13cdc9d9-ddb5-4fa4-a97d-d965ccfc6d4b" outcome="Passed" testListId="8c84fa94-04c1-424b-9868-57a2d4851a1d" relativeResultsDirectory="de28fb9f-e746-4dfb-adaf-7d09c47db999" />
    <UnitTestResult executionId="0b99fa5f-2152-4ebe-85a8-7ef840a4ba2f" testId="fd196665-9f74-c566-c22f-3c3e5b1d3bc2" testName="MSTest_P2_104" computerName="NAVB3" duration="00:00:00.0001087" startTime="2017-11-29T20:12:00.7169187+05:30" endTime="2017-11-29T20:12:00.7169187+05:30" testType="13cdc9d9-ddb5-4fa4-a97d-d965ccfc6d4b" outcome="Passed" testListId="8c84fa94-04c1-424b-9868-57a2d4851a1d" relativeResultsDirectory="0b99fa5f-2152-4ebe-85a8-7ef840a4ba2f" />
    <UnitTestResult executionId="28e52f75-9d3c-4a35-a67f-7fafa841c244" testId="91185eda-8025-13c8-dfb8-0ba856a8e4b6" testName="MSTest_P2_105" computerName="NAVB3" duration="00:00:00.0000791" startTime="2017-11-29T20:12:00.7169187+05:30" endTime="2017-11-29T20:12:00.7169187+05:30" testType="13cdc9d9-ddb5-4fa4-a97d-d965ccfc6d4b" outcome="Passed" testListId="8c84fa94-04c1-424b-9868-57a2d4851a1d" relativeResultsDirectory="28e52f75-9d3c-4a35-a67f-7fafa841c244" />
    <UnitTestResult executionId="5a6d746c-9b37-4b98-af92-3afde85c17dd" testId="2312bf96-caf8-4555-c7c6-ad46b1dc526b" testName="MSTest_P2_106" computerName="NAVB3" duration="00:00:00.0000733" startTime="2017-11-29T20:12:00.7169187+05:30" endTime="2017-11-29T20:12:00.7169187+05:30" testType="13cdc9d9-ddb5-4fa4-a97d-d965ccfc6d4b" outcome="Passed" testListId="8c84fa94-04c1-424b-9868-57a2d4851a1d" relativeResultsDirectory="5a6d746c-9b37-4b98-af92-3afde85c17dd" />
    <UnitTestResult executionId="8e520ed5-8c57-46c5-9cf0-59a207e633a4" testId="16c2d2bb-f749-1b84-5d1a-f4693eeff379" testName="MSTest_P2_107" computerName="NAVB3" duration="00:00:00.0000721" startTime="2017-11-29T20:12:00.7169187+05:30" endTime="2017-11-29T20:12:00.7169187+05:30" testType="13cdc9d9-ddb5-4fa4-a97d-d965ccfc6d4b" outcome="Passed" testListId="8c84fa94-04c1-424b-9868-57a2d4851a1d" relativeResultsDirectory="8e520ed5-8c57-46c5-9cf0-59a207e633a4" />
    <UnitTestResult executionId="23db3e23-cbd4-4d81-aab1-857d7b9998ad" testId="3052bbd6-828d-da64-f0c6-52ba6226af7a" testName="MSTest_P2_108" computerName="NAVB3" duration="00:00:00.0000724" startTime="2017-11-29T20:12:00.7169187+05:30" endTime="2017-11-29T20:12:00.7169187+05:30" testType="13cdc9d9-ddb5-4fa4-a97d-d965ccfc6d4b" outcome="Passed" testListId="8c84fa94-04c1-424b-9868-57a2d4851a1d" relativeResultsDirectory="23db3e23-cbd4-4d81-aab1-857d7b9998ad" />
    <UnitTestResult executionId="156b95bb-77a0-4611-84f6-95a0189750c4" testId="de7798a5-e4ad-f8d4-2c72-5c24a0cf7145" testName="MSTest_P2_109" computerName="NAVB3" duration="00:00:00.0000721" startTime="2017-11-29T20:12:00.7169187+05:30" endTime="2017-11-29T20:12:00.7169187+05:30" testType="13cdc9d9-ddb5-4fa4-a97d-d965ccfc6d4b" outcome="Passed" testListId="8c84fa94-04c1-424b-9868-57a2d4851a1d" relativeResultsDirectory="156b95bb-77a0-4611-84f6-95a0189750c4" />
    <UnitTestResult executionId="cd2d82d9-df7c-47fb-9660-5f19fa1c7372" testId="537f464b-2890-762f-2d6a-4c915364b3e3" testName="MSTest_P2_110" computerName="NAVB3" duration="00:00:00.0000733" startTime="2017-11-29T20:12:00.7169187+05:30" endTime="2017-11-29T20:12:00.7169187+05:30" testType="13cdc9d9-ddb5-4fa4-a97d-d965ccfc6d4b" outcome="Passed" testListId="8c84fa94-04c1-424b-9868-57a2d4851a1d" relativeResultsDirectory="cd2d82d9-df7c-47fb-9660-5f19fa1c7372" />
    <UnitTestResult executionId="357575e2-9a5b-4cad-b347-563406d0bdab" testId="c43ccd69-1d07-f1ca-15df-57ee4d99dac7" testName="MSTest_P2_111" computerName="NAVB3" duration="00:00:00.0000709" startTime="2017-11-29T20:12:00.7169187+05:30" endTime="2017-11-29T20:12:00.7169187+05:30" testType="13cdc9d9-ddb5-4fa4-a97d-d965ccfc6d4b" outcome="Passed" testListId="8c84fa94-04c1-424b-9868-57a2d4851a1d" relativeResultsDirectory="357575e2-9a5b-4cad-b347-563406d0bdab" />
    <UnitTestResult executionId="ef2a0fd9-7696-41d6-84d5-bab3be28e7b1" testId="9f00f2fa-3d74-2446-5749-9f3e0babecac" testName="MSTest_P2_112" computerName="NAVB3" duration="00:00:00.0000712" startTime="2017-11-29T20:12:00.7169187+05:30" endTime="2017-11-29T20:12:00.7169187+05:30" testType="13cdc9d9-ddb5-4fa4-a97d-d965ccfc6d4b" outcome="Passed" testListId="8c84fa94-04c1-424b-9868-57a2d4851a1d" relativeResultsDirectory="ef2a0fd9-7696-41d6-84d5-bab3be28e7b1" />
    <UnitTestResult executionId="a89b0247-268b-4e0f-b835-d543807298c0" testId="cd11f649-a23e-aa6b-25ea-c9537d6d7754" testName="MSTest_P2_113" computerName="NAVB3" duration="00:00:00.0000712" startTime="2017-11-29T20:12:00.7169187+05:30" endTime="2017-11-29T20:12:00.7169187+05:30" testType="13cdc9d9-ddb5-4fa4-a97d-d965ccfc6d4b" outcome="Passed" testListId="8c84fa94-04c1-424b-9868-57a2d4851a1d" relativeResultsDirectory="a89b0247-268b-4e0f-b835-d543807298c0" />
    <UnitTestResult executionId="ce14c3d9-1eca-4961-bac5-f31979152ba5" testId="34211a94-c56c-bda5-da75-a958f6fec0fd" testName="MSTest_P2_114" computerName="NAVB3" duration="00:00:00.0000715" startTime="2017-11-29T20:12:00.7169187+05:30" endTime="2017-11-29T20:12:00.7169187+05:30" testType="13cdc9d9-ddb5-4fa4-a97d-d965ccfc6d4b" outcome="Passed" testListId="8c84fa94-04c1-424b-9868-57a2d4851a1d" relativeResultsDirectory="ce14c3d9-1eca-4961-bac5-f31979152ba5" />
    <UnitTestResult executionId="811365ff-a720-4ad8-a224-8d641d34da8a" testId="914fcf56-73e7-5755-af49-0edb6532b413" testName="MSTest_P2_115" computerName="NAVB3" duration="00:00:00.0000715" startTime="2017-11-29T20:12:00.7169187+05:30" endTime="2017-11-29T20:12:00.7169187+05:30" testType="13cdc9d9-ddb5-4fa4-a97d-d965ccfc6d4b" outcome="Passed" testListId="8c84fa94-04c1-424b-9868-57a2d4851a1d" relativeResultsDirectory="811365ff-a720-4ad8-a224-8d641d34da8a" />
    <UnitTestResult executionId="9c6029b4-25e4-4c38-8043-5415f4931397" testId="55fcdea5-f0c8-1939-1d6f-85530f5b3f84" testName="MSTest_P2_116" computerName="NAVB3" duration="00:00:00.0000741" startTime="2017-11-29T20:12:00.7169187+05:30" endTime="2017-11-29T20:12:00.7169187+05:30" testType="13cdc9d9-ddb5-4fa4-a97d-d965ccfc6d4b" outcome="Passed" testListId="8c84fa94-04c1-424b-9868-57a2d4851a1d" relativeResultsDirectory="9c6029b4-25e4-4c38-8043-5415f4931397" />
    <UnitTestResult executionId="f8bd1492-73fc-4dca-9b26-62185d712a43" testId="bd9e4de3-f354-3ba6-5d06-fcf4d194d7fd" testName="MSTest_P2_117" computerName="NAVB3" duration="00:00:00.0000718" startTime="2017-11-29T20:12:00.7169187+05:30" endTime="2017-11-29T20:12:00.7169187+05:30" testType="13cdc9d9-ddb5-4fa4-a97d-d965ccfc6d4b" outcome="Passed" testListId="8c84fa94-04c1-424b-9868-57a2d4851a1d" relativeResultsDirectory="f8bd1492-73fc-4dca-9b26-62185d712a43" />
    <UnitTestResult executionId="049982d6-1996-4ea8-a9dc-99b0ceb28bac" testId="e01f699e-2cfd-1511-9baf-46a63b479927" testName="MSTest_P2_118" computerName="NAVB3" duration="00:00:00.0000744" startTime="2017-11-29T20:12:00.7169187+05:30" endTime="2017-11-29T20:12:00.7169187+05:30" testType="13cdc9d9-ddb5-4fa4-a97d-d965ccfc6d4b" outcome="Passed" testListId="8c84fa94-04c1-424b-9868-57a2d4851a1d" relativeResultsDirectory="049982d6-1996-4ea8-a9dc-99b0ceb28bac" />
    <UnitTestResult executionId="e376d97e-69e2-42dc-aa25-2b66b37d6734" testId="807a3318-f20a-42a4-889a-f1120df8c97a" testName="MSTest_P2_119" computerName="NAVB3" duration="00:00:00.0000815" startTime="2017-11-29T20:12:00.7169187+05:30" endTime="2017-11-29T20:12:00.7169187+05:30" testType="13cdc9d9-ddb5-4fa4-a97d-d965ccfc6d4b" outcome="Passed" testListId="8c84fa94-04c1-424b-9868-57a2d4851a1d" relativeResultsDirectory="e376d97e-69e2-42dc-aa25-2b66b37d6734" />
    <UnitTestResult executionId="a2695ef1-e59e-441c-be7f-58e5fbd445cc" testId="3a2ef3df-829b-c946-16cd-4ccab9f111ab" testName="MSTest_P2_120" computerName="NAVB3" duration="00:00:00.0000806" startTime="2017-11-29T20:12:00.7169187+05:30" endTime="2017-11-29T20:12:00.7169187+05:30" testType="13cdc9d9-ddb5-4fa4-a97d-d965ccfc6d4b" outcome="Passed" testListId="8c84fa94-04c1-424b-9868-57a2d4851a1d" relativeResultsDirectory="a2695ef1-e59e-441c-be7f-58e5fbd445cc" />
    <UnitTestResult executionId="58a00f86-36cf-4ac2-bd3a-1aad6abc29ac" testId="33f1551c-325e-5bc6-9b2a-69eeddb08656" testName="MSTest_P2_121" computerName="NAVB3" duration="00:00:00.0000791" startTime="2017-11-29T20:12:00.7169187+05:30" endTime="2017-11-29T20:12:00.7169187+05:30" testType="13cdc9d9-ddb5-4fa4-a97d-d965ccfc6d4b" outcome="Passed" testListId="8c84fa94-04c1-424b-9868-57a2d4851a1d" relativeResultsDirectory="58a00f86-36cf-4ac2-bd3a-1aad6abc29ac" />
    <UnitTestResult executionId="0157d6ee-e1ef-4631-99e1-224bedc7c1c2" testId="1ba574a1-6649-3d9c-bbd9-ac7d24976a9a" testName="MSTest_P2_122" computerName="NAVB3" duration="00:00:00.0000794" startTime="2017-11-29T20:12:00.7169187+05:30" endTime="2017-11-29T20:12:00.7169187+05:30" testType="13cdc9d9-ddb5-4fa4-a97d-d965ccfc6d4b" outcome="Passed" testListId="8c84fa94-04c1-424b-9868-57a2d4851a1d" relativeResultsDirectory="0157d6ee-e1ef-4631-99e1-224bedc7c1c2" />
    <UnitTestResult executionId="3c044ade-c354-4d2a-9415-75ba34cd26e3" testId="5a87932a-3364-a4d0-eff8-debcdd964c85" testName="MSTest_P2_123" computerName="NAVB3" duration="00:00:00.0000794" startTime="2017-11-29T20:12:00.7169187+05:30" endTime="2017-11-29T20:12:00.7169187+05:30" testType="13cdc9d9-ddb5-4fa4-a97d-d965ccfc6d4b" outcome="Passed" testListId="8c84fa94-04c1-424b-9868-57a2d4851a1d" relativeResultsDirectory="3c044ade-c354-4d2a-9415-75ba34cd26e3" />
    <UnitTestResult executionId="13a78abb-a1e8-4108-8057-b14d6cdc65b5" testId="683f065d-9593-0c25-faae-663a5d47b14d" testName="MSTest_P2_124" computerName="NAVB3" duration="00:00:00.0000809" startTime="2017-11-29T20:12:00.7169187+05:30" endTime="2017-11-29T20:12:00.7169187+05:30" testType="13cdc9d9-ddb5-4fa4-a97d-d965ccfc6d4b" outcome="Passed" testListId="8c84fa94-04c1-424b-9868-57a2d4851a1d" relativeResultsDirectory="13a78abb-a1e8-4108-8057-b14d6cdc65b5" />
    <UnitTestResult executionId="73fb3317-7ba9-4750-9075-f84fb029204f" testId="82b008a7-be57-0cc4-9799-cf73507f9143" testName="MSTest_P2_125" computerName="NAVB3" duration="00:00:00.0000806" startTime="2017-11-29T20:12:00.7169187+05:30" endTime="2017-11-29T20:12:00.7169187+05:30" testType="13cdc9d9-ddb5-4fa4-a97d-d965ccfc6d4b" outcome="Passed" testListId="8c84fa94-04c1-424b-9868-57a2d4851a1d" relativeResultsDirectory="73fb3317-7ba9-4750-9075-f84fb029204f" />
    <UnitTestResult executionId="61be1fbd-ba96-41fb-a71f-70d61100bbfd" testId="54cf61e4-1c71-8316-8ed4-f64d77175755" testName="MSTest_P2_126" computerName="NAVB3" duration="00:00:00.0000803" startTime="2017-11-29T20:12:00.7169187+05:30" endTime="2017-11-29T20:12:00.7169187+05:30" testType="13cdc9d9-ddb5-4fa4-a97d-d965ccfc6d4b" outcome="Passed" testListId="8c84fa94-04c1-424b-9868-57a2d4851a1d" relativeResultsDirectory="61be1fbd-ba96-41fb-a71f-70d61100bbfd" />
    <UnitTestResult executionId="9912497b-0ee2-4a11-b72b-3c89f85faa61" testId="313fbd05-9ccb-9751-9fc3-6e68b028f609" testName="MSTest_P2_127" computerName="NAVB3" duration="00:00:00.0000797" startTime="2017-11-29T20:12:00.7169187+05:30" endTime="2017-11-29T20:12:00.7169187+05:30" testType="13cdc9d9-ddb5-4fa4-a97d-d965ccfc6d4b" outcome="Passed" testListId="8c84fa94-04c1-424b-9868-57a2d4851a1d" relativeResultsDirectory="9912497b-0ee2-4a11-b72b-3c89f85faa61" />
    <UnitTestResult executionId="2c33b7be-6ea5-4fcc-85c7-d2c8ec9869cd" testId="fdf1163b-4929-09f8-4881-b4623554d75c" testName="MSTest_P2_128" computerName="NAVB3" duration="00:00:00.0000800" startTime="2017-11-29T20:12:00.7169187+05:30" endTime="2017-11-29T20:12:00.7169187+05:30" testType="13cdc9d9-ddb5-4fa4-a97d-d965ccfc6d4b" outcome="Passed" testListId="8c84fa94-04c1-424b-9868-57a2d4851a1d" relativeResultsDirectory="2c33b7be-6ea5-4fcc-85c7-d2c8ec9869cd" />
    <UnitTestResult executionId="03231c0d-da4a-489f-bdb7-55898d71e891" testId="3b471184-88ca-7a13-34f4-c6d1b7cf4d66" testName="MSTest_P2_129" computerName="NAVB3" duration="00:00:00.0000794" startTime="2017-11-29T20:12:00.7169187+05:30" endTime="2017-11-29T20:12:00.7169187+05:30" testType="13cdc9d9-ddb5-4fa4-a97d-d965ccfc6d4b" outcome="Passed" testListId="8c84fa94-04c1-424b-9868-57a2d4851a1d" relativeResultsDirectory="03231c0d-da4a-489f-bdb7-55898d71e891" />
    <UnitTestResult executionId="bd7c26bc-a6de-413a-b97d-83929414867b" testId="953013aa-d082-3c5d-8a98-9e0ecff132b0" testName="MSTest_P2_130" computerName="NAVB3" duration="00:00:00.0000803" startTime="2017-11-29T20:12:00.7169187+05:30" endTime="2017-11-29T20:12:00.7169187+05:30" testType="13cdc9d9-ddb5-4fa4-a97d-d965ccfc6d4b" outcome="Passed" testListId="8c84fa94-04c1-424b-9868-57a2d4851a1d" relativeResultsDirectory="bd7c26bc-a6de-413a-b97d-83929414867b" />
    <UnitTestResult executionId="246efadb-bc2c-48fb-9bf4-cbf6f9f732d1" testId="7c6a723b-a4be-6a05-a4a9-5ba579b0ba3b" testName="MSTest_P2_131" computerName="NAVB3" duration="00:00:00.0000759" startTime="2017-11-29T20:12:00.7169187+05:30" endTime="2017-11-29T20:12:00.7169187+05:30" testType="13cdc9d9-ddb5-4fa4-a97d-d965ccfc6d4b" outcome="Passed" testListId="8c84fa94-04c1-424b-9868-57a2d4851a1d" relativeResultsDirectory="246efadb-bc2c-48fb-9bf4-cbf6f9f732d1" />
    <UnitTestResult executionId="16fdf3a1-7538-40cc-88b3-e06f2e005108" testId="45cb87c9-ee6a-f724-01aa-c025b8b44d98" testName="MSTest_P2_132" computerName="NAVB3" duration="00:00:00.0000750" startTime="2017-11-29T20:12:00.7169187+05:30" endTime="2017-11-29T20:12:00.7169187+05:30" testType="13cdc9d9-ddb5-4fa4-a97d-d965ccfc6d4b" outcome="Passed" testListId="8c84fa94-04c1-424b-9868-57a2d4851a1d" relativeResultsDirectory="16fdf3a1-7538-40cc-88b3-e06f2e005108" />
    <UnitTestResult executionId="506ac722-8908-4d6b-9910-f5198650cae6" testId="12f89f78-f9fc-272f-f46c-011dcde46eaa" testName="MSTest_P2_133" computerName="NAVB3" duration="00:00:00.0000797" startTime="2017-11-29T20:12:00.7169187+05:30" endTime="2017-11-29T20:12:00.7169187+05:30" testType="13cdc9d9-ddb5-4fa4-a97d-d965ccfc6d4b" outcome="Passed" testListId="8c84fa94-04c1-424b-9868-57a2d4851a1d" relativeResultsDirectory="506ac722-8908-4d6b-9910-f5198650cae6" />
    <UnitTestResult executionId="28aa9e20-79a7-495c-9885-8881a1f979e5" testId="385136dc-bac7-acd8-7962-cdf97a4bb2c9" testName="MSTest_P2_134" computerName="NAVB3" duration="00:00:00.0000803" startTime="2017-11-29T20:12:00.7169187+05:30" endTime="2017-11-29T20:12:00.7169187+05:30" testType="13cdc9d9-ddb5-4fa4-a97d-d965ccfc6d4b" outcome="Passed" testListId="8c84fa94-04c1-424b-9868-57a2d4851a1d" relativeResultsDirectory="28aa9e20-79a7-495c-9885-8881a1f979e5" />
    <UnitTestResult executionId="49803559-8764-4ef1-8aa4-0d2dbdb67b8b" testId="11a34d87-512e-de17-6267-ac3a29b1cf72" testName="MSTest_P2_135" computerName="NAVB3" duration="00:00:00.0000815" startTime="2017-11-29T20:12:00.7169187+05:30" endTime="2017-11-29T20:12:00.7169187+05:30" testType="13cdc9d9-ddb5-4fa4-a97d-d965ccfc6d4b" outcome="Passed" testListId="8c84fa94-04c1-424b-9868-57a2d4851a1d" relativeResultsDirectory="49803559-8764-4ef1-8aa4-0d2dbdb67b8b" />
    <UnitTestResult executionId="2803f60e-2ef3-45a4-a0b2-9f9573cd972a" testId="22abed9d-49d8-71a4-89c2-66713f85425f" testName="MSTest_P2_136" computerName="NAVB3" duration="00:00:00.0000859" startTime="2017-11-29T20:12:00.7169187+05:30" endTime="2017-11-29T20:12:00.7169187+05:30" testType="13cdc9d9-ddb5-4fa4-a97d-d965ccfc6d4b" outcome="Passed" testListId="8c84fa94-04c1-424b-9868-57a2d4851a1d" relativeResultsDirectory="2803f60e-2ef3-45a4-a0b2-9f9573cd972a" />
    <UnitTestResult executionId="f9bbd231-49de-4d90-833f-9b74c9d0f61f" testId="ee5a758c-544a-d3b1-f895-5f90e0109756" testName="MSTest_P2_137" computerName="NAVB3" duration="00:00:00.0000894" startTime="2017-11-29T20:12:00.7169187+05:30" endTime="2017-11-29T20:12:00.7169187+05:30" testType="13cdc9d9-ddb5-4fa4-a97d-d965ccfc6d4b" outcome="Passed" testListId="8c84fa94-04c1-424b-9868-57a2d4851a1d" relativeResultsDirectory="f9bbd231-49de-4d90-833f-9b74c9d0f61f" />
    <UnitTestResult executionId="0b818390-733a-4fcb-b361-79b746f802b0" testId="6fb0c6b5-3d65-c95b-a9a8-8dfc5d0d66aa" testName="MSTest_P2_138" computerName="NAVB3" duration="00:00:00.0000777" startTime="2017-11-29T20:12:00.7169187+05:30" endTime="2017-11-29T20:12:00.7169187+05:30" testType="13cdc9d9-ddb5-4fa4-a97d-d965ccfc6d4b" outcome="Passed" testListId="8c84fa94-04c1-424b-9868-57a2d4851a1d" relativeResultsDirectory="0b818390-733a-4fcb-b361-79b746f802b0" />
    <UnitTestResult executionId="18d0efb3-5237-425c-887e-7d7ab562f0ed" testId="036f551c-e61f-c570-996f-7bae87eb586a" testName="MSTest_P2_139" computerName="NAVB3" duration="00:00:00.0000765" startTime="2017-11-29T20:12:00.7169187+05:30" endTime="2017-11-29T20:12:00.7169187+05:30" testType="13cdc9d9-ddb5-4fa4-a97d-d965ccfc6d4b" outcome="Passed" testListId="8c84fa94-04c1-424b-9868-57a2d4851a1d" relativeResultsDirectory="18d0efb3-5237-425c-887e-7d7ab562f0ed" />
    <UnitTestResult executionId="e614eda2-9c33-4204-9605-3dde86aecc19" testId="57bcd0ca-050a-b275-e807-ded96d0587fe" testName="MSTest_P2_140" computerName="NAVB3" duration="00:00:00.0000759" startTime="2017-11-29T20:12:00.7169187+05:30" endTime="2017-11-29T20:12:00.7169187+05:30" testType="13cdc9d9-ddb5-4fa4-a97d-d965ccfc6d4b" outcome="Passed" testListId="8c84fa94-04c1-424b-9868-57a2d4851a1d" relativeResultsDirectory="e614eda2-9c33-4204-9605-3dde86aecc19" />
    <UnitTestResult executionId="9d76439b-91b7-4f29-9d9c-91f7dadbd00d" testId="da64defb-3906-2b10-5011-37335c8d4ff1" testName="MSTest_P2_141" computerName="NAVB3" duration="00:00:00.0000756" startTime="2017-11-29T20:12:00.7169187+05:30" endTime="2017-11-29T20:12:00.7169187+05:30" testType="13cdc9d9-ddb5-4fa4-a97d-d965ccfc6d4b" outcome="Passed" testListId="8c84fa94-04c1-424b-9868-57a2d4851a1d" relativeResultsDirectory="9d76439b-91b7-4f29-9d9c-91f7dadbd00d" />
    <UnitTestResult executionId="90cf29ae-738a-4e4d-8fb8-aa0b80d79128" testId="c3437a62-552a-ed54-b8f7-fcecde198474" testName="MSTest_P2_142" computerName="NAVB3" duration="00:00:00.0000747" startTime="2017-11-29T20:12:00.7169187+05:30" endTime="2017-11-29T20:12:00.7169187+05:30" testType="13cdc9d9-ddb5-4fa4-a97d-d965ccfc6d4b" outcome="Passed" testListId="8c84fa94-04c1-424b-9868-57a2d4851a1d" relativeResultsDirectory="90cf29ae-738a-4e4d-8fb8-aa0b80d79128" />
    <UnitTestResult executionId="6684c7e9-7247-427e-945f-2ddb2d39474b" testId="1685dbe1-9f1c-2a95-90f9-ff921808fdad" testName="MSTest_P2_143" computerName="NAVB3" duration="00:00:00.0000747" startTime="2017-11-29T20:12:00.7169187+05:30" endTime="2017-11-29T20:12:00.7169187+05:30" testType="13cdc9d9-ddb5-4fa4-a97d-d965ccfc6d4b" outcome="Passed" testListId="8c84fa94-04c1-424b-9868-57a2d4851a1d" relativeResultsDirectory="6684c7e9-7247-427e-945f-2ddb2d39474b" />
    <UnitTestResult executionId="34fe74a7-b5ca-4a85-b0b2-ba49e2f6fff0" testId="7227b3e2-e334-0aaa-fa61-7c29a4ebe86b" testName="MSTest_P2_144" computerName="NAVB3" duration="00:00:00.0000744" startTime="2017-11-29T20:12:00.7169187+05:30" endTime="2017-11-29T20:12:00.7169187+05:30" testType="13cdc9d9-ddb5-4fa4-a97d-d965ccfc6d4b" outcome="Passed" testListId="8c84fa94-04c1-424b-9868-57a2d4851a1d" relativeResultsDirectory="34fe74a7-b5ca-4a85-b0b2-ba49e2f6fff0" />
    <UnitTestResult executionId="21c8324f-550b-4c53-ac1a-216beba62b06" testId="341643ad-55ad-fdb4-18ba-ece3bccc4431" testName="MSTest_P2_145" computerName="NAVB3" duration="00:00:00.0000777" startTime="2017-11-29T20:12:00.7169187+05:30" endTime="2017-11-29T20:12:00.7169187+05:30" testType="13cdc9d9-ddb5-4fa4-a97d-d965ccfc6d4b" outcome="Passed" testListId="8c84fa94-04c1-424b-9868-57a2d4851a1d" relativeResultsDirectory="21c8324f-550b-4c53-ac1a-216beba62b06" />
    <UnitTestResult executionId="ffb48bb6-fde4-49dc-8259-07401c4d3f93" testId="4c7d6d90-1ebb-8c38-5ca6-20ae78ee870a" testName="MSTest_P2_146" computerName="NAVB3" duration="00:00:00.0000756" startTime="2017-11-29T20:12:00.7169187+05:30" endTime="2017-11-29T20:12:00.7169187+05:30" testType="13cdc9d9-ddb5-4fa4-a97d-d965ccfc6d4b" outcome="Passed" testListId="8c84fa94-04c1-424b-9868-57a2d4851a1d" relativeResultsDirectory="ffb48bb6-fde4-49dc-8259-07401c4d3f93" />
    <UnitTestResult executionId="c7005c9f-82ed-4f93-be0c-e3789861bcce" testId="d092aa67-a9be-4767-c2e7-52ff796b3a92" testName="MSTest_P2_147" computerName="NAVB3" duration="00:00:00.0000835" startTime="2017-11-29T20:12:00.7169187+05:30" endTime="2017-11-29T20:12:00.7169187+05:30" testType="13cdc9d9-ddb5-4fa4-a97d-d965ccfc6d4b" outcome="Passed" testListId="8c84fa94-04c1-424b-9868-57a2d4851a1d" relativeResultsDirectory="c7005c9f-82ed-4f93-be0c-e3789861bcce" />
    <UnitTestResult executionId="650b66dd-1417-42ed-b629-61fc7efa7323" testId="6aeb39e9-dab2-1804-ca3c-8a8217081440" testName="MSTest_P2_148" computerName="NAVB3" duration="00:00:00.0000741" startTime="2017-11-29T20:12:00.7169187+05:30" endTime="2017-11-29T20:12:00.7169187+05:30" testType="13cdc9d9-ddb5-4fa4-a97d-d965ccfc6d4b" outcome="Passed" testListId="8c84fa94-04c1-424b-9868-57a2d4851a1d" relativeResultsDirectory="650b66dd-1417-42ed-b629-61fc7efa7323" />
    <UnitTestResult executionId="f817c966-d7e8-4f71-9b9c-ceb86b7a66ed" testId="c7feaebf-9198-62e2-d84a-e46179321576" testName="MSTest_P2_149" computerName="NAVB3" duration="00:00:00.0000738" startTime="2017-11-29T20:12:00.7169187+05:30" endTime="2017-11-29T20:12:00.7169187+05:30" testType="13cdc9d9-ddb5-4fa4-a97d-d965ccfc6d4b" outcome="Passed" testListId="8c84fa94-04c1-424b-9868-57a2d4851a1d" relativeResultsDirectory="f817c966-d7e8-4f71-9b9c-ceb86b7a66ed" />
    <UnitTestResult executionId="69aba7b2-b576-4e2d-b957-771b43f987b1" testId="c7b1f0e6-b20c-4656-f570-63b0a322af39" testName="MSTest_P2_150" computerName="NAVB3" duration="00:00:00.0000744" startTime="2017-11-29T20:12:00.7169187+05:30" endTime="2017-11-29T20:12:00.7169187+05:30" testType="13cdc9d9-ddb5-4fa4-a97d-d965ccfc6d4b" outcome="Passed" testListId="8c84fa94-04c1-424b-9868-57a2d4851a1d" relativeResultsDirectory="69aba7b2-b576-4e2d-b957-771b43f987b1" />
    <UnitTestResult executionId="2ae6493b-dafe-4ea7-972b-c0590bc57add" testId="ba601120-1d8a-05ea-533e-27048785ecd2" testName="MSTest_P2_151" computerName="NAVB3" duration="00:00:00.0000744" startTime="2017-11-29T20:12:00.7169187+05:30" endTime="2017-11-29T20:12:00.7169187+05:30" testType="13cdc9d9-ddb5-4fa4-a97d-d965ccfc6d4b" outcome="Passed" testListId="8c84fa94-04c1-424b-9868-57a2d4851a1d" relativeResultsDirectory="2ae6493b-dafe-4ea7-972b-c0590bc57add" />
    <UnitTestResult executionId="ae6b690c-ca27-4f9c-8c85-401a0da17f7e" testId="800e376d-8447-b1c1-a59a-6bbdf67f99d3" testName="MSTest_P2_152" computerName="NAVB3" duration="00:00:00.0000920" startTime="2017-11-29T20:12:00.7169187+05:30" endTime="2017-11-29T20:12:00.7325432+05:30" testType="13cdc9d9-ddb5-4fa4-a97d-d965ccfc6d4b" outcome="Passed" testListId="8c84fa94-04c1-424b-9868-57a2d4851a1d" relativeResultsDirectory="ae6b690c-ca27-4f9c-8c85-401a0da17f7e" />
    <UnitTestResult executionId="49c54b9e-b32f-4e68-a81b-079b9819fe46" testId="be756dfa-b7b5-ad99-6695-714ebfe75552" testName="MSTest_P2_153" computerName="NAVB3" duration="00:00:00.0000780" startTime="2017-11-29T20:12:00.7325432+05:30" endTime="2017-11-29T20:12:00.7325432+05:30" testType="13cdc9d9-ddb5-4fa4-a97d-d965ccfc6d4b" outcome="Passed" testListId="8c84fa94-04c1-424b-9868-57a2d4851a1d" relativeResultsDirectory="49c54b9e-b32f-4e68-a81b-079b9819fe46" />
    <UnitTestResult executionId="4076c196-b9bd-46c1-bd38-fd6a6ccc436f" testId="dcd5e115-f666-b3c0-1f2e-23ef0ff0a732" testName="MSTest_P2_154" computerName="NAVB3" duration="00:00:00.0000859" startTime="2017-11-29T20:12:00.7325432+05:30" endTime="2017-11-29T20:12:00.7325432+05:30" testType="13cdc9d9-ddb5-4fa4-a97d-d965ccfc6d4b" outcome="Passed" testListId="8c84fa94-04c1-424b-9868-57a2d4851a1d" relativeResultsDirectory="4076c196-b9bd-46c1-bd38-fd6a6ccc436f" />
    <UnitTestResult executionId="ec010892-fcce-4888-9e8f-305d44993bc8" testId="4758b8c7-dd1b-ea54-9b32-61255bb7b2ee" testName="MSTest_P2_155" computerName="NAVB3" duration="00:00:00.0000847" startTime="2017-11-29T20:12:00.7325432+05:30" endTime="2017-11-29T20:12:00.7325432+05:30" testType="13cdc9d9-ddb5-4fa4-a97d-d965ccfc6d4b" outcome="Passed" testListId="8c84fa94-04c1-424b-9868-57a2d4851a1d" relativeResultsDirectory="ec010892-fcce-4888-9e8f-305d44993bc8" />
    <UnitTestResult executionId="08e4a2b3-8e72-491a-a2cc-77053d9cbb9b" testId="2fff50bd-e523-bbea-2dad-8cb56239ed43" testName="MSTest_P2_156" computerName="NAVB3" duration="00:00:00.0000970" startTime="2017-11-29T20:12:00.7325432+05:30" endTime="2017-11-29T20:12:00.7325432+05:30" testType="13cdc9d9-ddb5-4fa4-a97d-d965ccfc6d4b" outcome="Passed" testListId="8c84fa94-04c1-424b-9868-57a2d4851a1d" relativeResultsDirectory="08e4a2b3-8e72-491a-a2cc-77053d9cbb9b" />
    <UnitTestResult executionId="e7339cd9-bc94-4858-8585-9da97d536c29" testId="3f7e344f-2ac5-e9c1-c15b-3351e575b864" testName="MSTest_P2_157" computerName="NAVB3" duration="00:00:00.0000744" startTime="2017-11-29T20:12:00.7325432+05:30" endTime="2017-11-29T20:12:00.7325432+05:30" testType="13cdc9d9-ddb5-4fa4-a97d-d965ccfc6d4b" outcome="Passed" testListId="8c84fa94-04c1-424b-9868-57a2d4851a1d" relativeResultsDirectory="e7339cd9-bc94-4858-8585-9da97d536c29" />
    <UnitTestResult executionId="ea27bdfc-105c-402a-bc5c-787b2e7984f3" testId="1b49c08b-32cf-4465-2415-0716b4f9d1dc" testName="MSTest_P2_158" computerName="NAVB3" duration="00:00:00.0000724" startTime="2017-11-29T20:12:00.7325432+05:30" endTime="2017-11-29T20:12:00.7325432+05:30" testType="13cdc9d9-ddb5-4fa4-a97d-d965ccfc6d4b" outcome="Passed" testListId="8c84fa94-04c1-424b-9868-57a2d4851a1d" relativeResultsDirectory="ea27bdfc-105c-402a-bc5c-787b2e7984f3" />
    <UnitTestResult executionId="308c4a47-a545-437f-817c-a7ebbd0fccf6" testId="825f865b-478d-d1c8-2ac4-a7befc0ac424" testName="MSTest_P2_159" computerName="NAVB3" duration="00:00:00.0000747" startTime="2017-11-29T20:12:00.7325432+05:30" endTime="2017-11-29T20:12:00.7325432+05:30" testType="13cdc9d9-ddb5-4fa4-a97d-d965ccfc6d4b" outcome="Passed" testListId="8c84fa94-04c1-424b-9868-57a2d4851a1d" relativeResultsDirectory="308c4a47-a545-437f-817c-a7ebbd0fccf6" />
    <UnitTestResult executionId="1f8c7ff8-344d-49e4-94bb-61aa7e7e458f" testId="29c7ac91-4e62-f459-d5d6-91ca9bee8817" testName="MSTest_P2_160" computerName="NAVB3" duration="00:00:00.0000741" startTime="2017-11-29T20:12:00.7325432+05:30" endTime="2017-11-29T20:12:00.7325432+05:30" testType="13cdc9d9-ddb5-4fa4-a97d-d965ccfc6d4b" outcome="Passed" testListId="8c84fa94-04c1-424b-9868-57a2d4851a1d" relativeResultsDirectory="1f8c7ff8-344d-49e4-94bb-61aa7e7e458f" />
    <UnitTestResult executionId="d0d8b7af-0260-4820-93e3-5676a73f523c" testId="6641a4e9-3fe6-7f29-b4a1-efa288cf1fad" testName="MSTest_P2_161" computerName="NAVB3" duration="00:00:00.0000741" startTime="2017-11-29T20:12:00.7325432+05:30" endTime="2017-11-29T20:12:00.7325432+05:30" testType="13cdc9d9-ddb5-4fa4-a97d-d965ccfc6d4b" outcome="Passed" testListId="8c84fa94-04c1-424b-9868-57a2d4851a1d" relativeResultsDirectory="d0d8b7af-0260-4820-93e3-5676a73f523c" />
    <UnitTestResult executionId="45754c05-0024-4750-9831-6bc468e4e245" testId="4382419f-13f7-0845-003b-916b2981c71a" testName="MSTest_P2_162" computerName="NAVB3" duration="00:00:00.0000736" startTime="2017-11-29T20:12:00.7325432+05:30" endTime="2017-11-29T20:12:00.7325432+05:30" testType="13cdc9d9-ddb5-4fa4-a97d-d965ccfc6d4b" outcome="Passed" testListId="8c84fa94-04c1-424b-9868-57a2d4851a1d" relativeResultsDirectory="45754c05-0024-4750-9831-6bc468e4e245" />
    <UnitTestResult executionId="664ce0df-4e66-46f3-b141-8f1396e9aefd" testId="be1b6951-253c-0819-087b-82ed5331132b" testName="MSTest_P2_163" computerName="NAVB3" duration="00:00:00.0000736" startTime="2017-11-29T20:12:00.7325432+05:30" endTime="2017-11-29T20:12:00.7325432+05:30" testType="13cdc9d9-ddb5-4fa4-a97d-d965ccfc6d4b" outcome="Passed" testListId="8c84fa94-04c1-424b-9868-57a2d4851a1d" relativeResultsDirectory="664ce0df-4e66-46f3-b141-8f1396e9aefd" />
    <UnitTestResult executionId="99335526-3877-4b26-83ce-77e63cff5607" testId="67cc3065-555c-f5aa-0cc2-37a5adf97462" testName="MSTest_P2_164" computerName="NAVB3" duration="00:00:00.0000744" startTime="2017-11-29T20:12:00.7325432+05:30" endTime="2017-11-29T20:12:00.7325432+05:30" testType="13cdc9d9-ddb5-4fa4-a97d-d965ccfc6d4b" outcome="Passed" testListId="8c84fa94-04c1-424b-9868-57a2d4851a1d" relativeResultsDirectory="99335526-3877-4b26-83ce-77e63cff5607" />
    <UnitTestResult executionId="5f5c33f2-2963-435d-8eb1-1b89315fb962" testId="00120dea-7622-88ad-3f22-a370349f1818" testName="MSTest_P2_165" computerName="NAVB3" duration="00:00:00.0000747" startTime="2017-11-29T20:12:00.7325432+05:30" endTime="2017-11-29T20:12:00.7325432+05:30" testType="13cdc9d9-ddb5-4fa4-a97d-d965ccfc6d4b" outcome="Passed" testListId="8c84fa94-04c1-424b-9868-57a2d4851a1d" relativeResultsDirectory="5f5c33f2-2963-435d-8eb1-1b89315fb962" />
    <UnitTestResult executionId="292af42b-d689-4ad3-9aa2-6f7dcb9da60e" testId="3c5b1a9e-c8b2-65c9-34cd-2a1c54be71ab" testName="MSTest_P2_166" computerName="NAVB3" duration="00:00:00.0000741" startTime="2017-11-29T20:12:00.7325432+05:30" endTime="2017-11-29T20:12:00.7325432+05:30" testType="13cdc9d9-ddb5-4fa4-a97d-d965ccfc6d4b" outcome="Passed" testListId="8c84fa94-04c1-424b-9868-57a2d4851a1d" relativeResultsDirectory="292af42b-d689-4ad3-9aa2-6f7dcb9da60e" />
    <UnitTestResult executionId="df9f1ed5-d9dc-442a-96e7-00395eaa742d" testId="c6fb0d07-8065-f29e-c772-055a9d010e16" testName="MSTest_P2_167" computerName="NAVB3" duration="00:00:00.0000744" startTime="2017-11-29T20:12:00.7325432+05:30" endTime="2017-11-29T20:12:00.7325432+05:30" testType="13cdc9d9-ddb5-4fa4-a97d-d965ccfc6d4b" outcome="Passed" testListId="8c84fa94-04c1-424b-9868-57a2d4851a1d" relativeResultsDirectory="df9f1ed5-d9dc-442a-96e7-00395eaa742d" />
    <UnitTestResult executionId="cfb7876d-921f-479e-beaa-1ce2a6611165" testId="54177842-3e52-de32-f3fa-d7af1a4fc4f9" testName="MSTest_P2_168" computerName="NAVB3" duration="00:00:00.0000741" startTime="2017-11-29T20:12:00.7325432+05:30" endTime="2017-11-29T20:12:00.7325432+05:30" testType="13cdc9d9-ddb5-4fa4-a97d-d965ccfc6d4b" outcome="Passed" testListId="8c84fa94-04c1-424b-9868-57a2d4851a1d" relativeResultsDirectory="cfb7876d-921f-479e-beaa-1ce2a6611165" />
    <UnitTestResult executionId="89f27164-0852-4101-99a1-50e6618baafa" testId="bd9be175-3f11-e2af-e478-5a99233fd72f" testName="MSTest_P2_169" computerName="NAVB3" duration="00:00:00.0000738" startTime="2017-11-29T20:12:00.7325432+05:30" endTime="2017-11-29T20:12:00.7325432+05:30" testType="13cdc9d9-ddb5-4fa4-a97d-d965ccfc6d4b" outcome="Passed" testListId="8c84fa94-04c1-424b-9868-57a2d4851a1d" relativeResultsDirectory="89f27164-0852-4101-99a1-50e6618baafa" />
    <UnitTestResult executionId="25db0978-0a4a-42f0-8551-06ed3e6f2870" testId="5207ba34-ff73-e996-4133-2d057c8d5ad1" testName="MSTest_P2_170" computerName="NAVB3" duration="00:00:00.0000741" startTime="2017-11-29T20:12:00.7325432+05:30" endTime="2017-11-29T20:12:00.7325432+05:30" testType="13cdc9d9-ddb5-4fa4-a97d-d965ccfc6d4b" outcome="Passed" testListId="8c84fa94-04c1-424b-9868-57a2d4851a1d" relativeResultsDirectory="25db0978-0a4a-42f0-8551-06ed3e6f2870" />
    <UnitTestResult executionId="5720ac9a-2701-44e8-81fe-f79efcbb6e47" testId="266c1673-c18f-1799-f292-dae45c9faeb0" testName="MSTest_P2_01" computerName="NAVB3" duration="00:00:00.0000744" startTime="2017-11-29T20:12:00.7325432+05:30" endTime="2017-11-29T20:12:00.7325432+05:30" testType="13cdc9d9-ddb5-4fa4-a97d-d965ccfc6d4b" outcome="Passed" testListId="8c84fa94-04c1-424b-9868-57a2d4851a1d" relativeResultsDirectory="5720ac9a-2701-44e8-81fe-f79efcbb6e47" />
    <UnitTestResult executionId="5160f5f5-3492-4e80-8d83-f724a1c922a8" testId="4dcc34f5-2e20-7f83-e900-3de41873f6a4" testName="MSTest_P2_02" computerName="NAVB3" duration="00:00:00.0000744" startTime="2017-11-29T20:12:00.7325432+05:30" endTime="2017-11-29T20:12:00.7325432+05:30" testType="13cdc9d9-ddb5-4fa4-a97d-d965ccfc6d4b" outcome="Passed" testListId="8c84fa94-04c1-424b-9868-57a2d4851a1d" relativeResultsDirectory="5160f5f5-3492-4e80-8d83-f724a1c922a8" />
    <UnitTestResult executionId="6c6f9e62-89dc-49ff-9fbc-3e9a46668284" testId="5bf2f827-a694-5c40-9e1c-9ae629007eed" testName="MSTest_P2_03" computerName="NAVB3" duration="00:00:00.0000738" startTime="2017-11-29T20:12:00.7325432+05:30" endTime="2017-11-29T20:12:00.7325432+05:30" testType="13cdc9d9-ddb5-4fa4-a97d-d965ccfc6d4b" outcome="Passed" testListId="8c84fa94-04c1-424b-9868-57a2d4851a1d" relativeResultsDirectory="6c6f9e62-89dc-49ff-9fbc-3e9a46668284" />
    <UnitTestResult executionId="3dde78df-8ca8-4e25-aac8-2160c931aea8" testId="dbdd8738-f971-2ac4-1f4f-b334ef243188" testName="MSTest_P2_04" computerName="NAVB3" duration="00:00:00.0000821" startTime="2017-11-29T20:12:00.7325432+05:30" endTime="2017-11-29T20:12:00.7325432+05:30" testType="13cdc9d9-ddb5-4fa4-a97d-d965ccfc6d4b" outcome="Passed" testListId="8c84fa94-04c1-424b-9868-57a2d4851a1d" relativeResultsDirectory="3dde78df-8ca8-4e25-aac8-2160c931aea8" />
    <UnitTestResult executionId="7a0d47b6-f111-4d05-ab47-42c258897fc4" testId="04bd6ec9-2d65-7664-c334-46c83b945990" testName="MSTest_P2_05" computerName="NAVB3" duration="00:00:00.0000724" startTime="2017-11-29T20:12:00.7325432+05:30" endTime="2017-11-29T20:12:00.7325432+05:30" testType="13cdc9d9-ddb5-4fa4-a97d-d965ccfc6d4b" outcome="Passed" testListId="8c84fa94-04c1-424b-9868-57a2d4851a1d" relativeResultsDirectory="7a0d47b6-f111-4d05-ab47-42c258897fc4" />
    <UnitTestResult executionId="1a8a84a7-1452-42fd-b489-50c423d91dea" testId="36047bf0-906f-2972-04b9-54bf22739225" testName="MSTest_P2_06" computerName="NAVB3" duration="00:00:00.0000791" startTime="2017-11-29T20:12:00.7325432+05:30" endTime="2017-11-29T20:12:00.7325432+05:30" testType="13cdc9d9-ddb5-4fa4-a97d-d965ccfc6d4b" outcome="Passed" testListId="8c84fa94-04c1-424b-9868-57a2d4851a1d" relativeResultsDirectory="1a8a84a7-1452-42fd-b489-50c423d91dea" />
    <UnitTestResult executionId="3246b86d-66a6-4091-91f4-730884f58180" testId="a1e89a98-a76b-73b6-16aa-d82d2430a368" testName="MSTest_P2_07" computerName="NAVB3" duration="00:00:00.0000733" startTime="2017-11-29T20:12:00.7325432+05:30" endTime="2017-11-29T20:12:00.7325432+05:30" testType="13cdc9d9-ddb5-4fa4-a97d-d965ccfc6d4b" outcome="Passed" testListId="8c84fa94-04c1-424b-9868-57a2d4851a1d" relativeResultsDirectory="3246b86d-66a6-4091-91f4-730884f58180" />
    <UnitTestResult executionId="808af1c9-72a7-4d48-82af-b347b957545b" testId="fa72d82c-ff06-ed3e-fe4c-28ba5a65c72a" testName="MSTest_P2_08" computerName="NAVB3" duration="00:00:00.0000744" startTime="2017-11-29T20:12:00.7325432+05:30" endTime="2017-11-29T20:12:00.7325432+05:30" testType="13cdc9d9-ddb5-4fa4-a97d-d965ccfc6d4b" outcome="Passed" testListId="8c84fa94-04c1-424b-9868-57a2d4851a1d" relativeResultsDirectory="808af1c9-72a7-4d48-82af-b347b957545b" />
    <UnitTestResult executionId="cb8ba96c-cb6d-44ca-ad6f-92c7e4636dce" testId="97b1f011-5b3f-3448-cf2c-c730ad856ce3" testName="MSTest_P2_09" computerName="NAVB3" duration="00:00:00.0000733" startTime="2017-11-29T20:12:00.7325432+05:30" endTime="2017-11-29T20:12:00.7325432+05:30" testType="13cdc9d9-ddb5-4fa4-a97d-d965ccfc6d4b" outcome="Passed" testListId="8c84fa94-04c1-424b-9868-57a2d4851a1d" relativeResultsDirectory="cb8ba96c-cb6d-44ca-ad6f-92c7e4636dce" />
    <UnitTestResult executionId="4e7af8c1-ed53-4681-b6a5-2c34abacbbd7" testId="d9c88791-a31f-50fb-edfa-0553db7632a5" testName="MSTest_P2_10" computerName="NAVB3" duration="00:00:00.0000747" startTime="2017-11-29T20:12:00.7325432+05:30" endTime="2017-11-29T20:12:00.7325432+05:30" testType="13cdc9d9-ddb5-4fa4-a97d-d965ccfc6d4b" outcome="Passed" testListId="8c84fa94-04c1-424b-9868-57a2d4851a1d" relativeResultsDirectory="4e7af8c1-ed53-4681-b6a5-2c34abacbbd7" />
    <UnitTestResult executionId="07d0a417-e55c-4a10-bf89-c7b8b9c83a22" testId="c05cf843-a216-7fb4-27dd-aef083160757" testName="MSTest_P2_11" computerName="NAVB3" duration="00:00:00.0000756" startTime="2017-11-29T20:12:00.7325432+05:30" endTime="2017-11-29T20:12:00.7325432+05:30" testType="13cdc9d9-ddb5-4fa4-a97d-d965ccfc6d4b" outcome="Passed" testListId="8c84fa94-04c1-424b-9868-57a2d4851a1d" relativeResultsDirectory="07d0a417-e55c-4a10-bf89-c7b8b9c83a22" />
    <UnitTestResult executionId="82679fd6-1d5a-47e8-9743-f2589d5fd3e5" testId="031cd14d-90fd-cff5-0f2d-a9b616527c02" testName="MSTest_P2_12" computerName="NAVB3" duration="00:00:00.0000997" startTime="2017-11-29T20:12:00.7325432+05:30" endTime="2017-11-29T20:12:00.7325432+05:30" testType="13cdc9d9-ddb5-4fa4-a97d-d965ccfc6d4b" outcome="Passed" testListId="8c84fa94-04c1-424b-9868-57a2d4851a1d" relativeResultsDirectory="82679fd6-1d5a-47e8-9743-f2589d5fd3e5" />
    <UnitTestResult executionId="f0ca1c33-bc59-4c5d-beb3-0942dcbc48f5" testId="f02c4b37-2d35-e127-ed31-a1360b6b386f" testName="MSTest_P2_13" computerName="NAVB3" duration="00:00:00.0001052" startTime="2017-11-29T20:12:00.7325432+05:30" endTime="2017-11-29T20:12:00.7325432+05:30" testType="13cdc9d9-ddb5-4fa4-a97d-d965ccfc6d4b" outcome="Passed" testListId="8c84fa94-04c1-424b-9868-57a2d4851a1d" relativeResultsDirectory="f0ca1c33-bc59-4c5d-beb3-0942dcbc48f5" />
    <UnitTestResult executionId="158b26dd-a36c-445a-abcd-651352760b4c" testId="aea9b725-6b91-83a7-24ed-fba9aecaea7d" testName="MSTest_P2_14" computerName="NAVB3" duration="00:00:00.0000750" startTime="2017-11-29T20:12:00.7325432+05:30" endTime="2017-11-29T20:12:00.7325432+05:30" testType="13cdc9d9-ddb5-4fa4-a97d-d965ccfc6d4b" outcome="Passed" testListId="8c84fa94-04c1-424b-9868-57a2d4851a1d" relativeResultsDirectory="158b26dd-a36c-445a-abcd-651352760b4c" />
    <UnitTestResult executionId="2d870709-34d4-4ac9-8b5f-081d911492f6" testId="4cc89ad0-e24a-4039-f296-387b2c4c908d" testName="MSTest_P2_15" computerName="NAVB3" duration="00:00:00.0000835" startTime="2017-11-29T20:12:00.7325432+05:30" endTime="2017-11-29T20:12:00.7325432+05:30" testType="13cdc9d9-ddb5-4fa4-a97d-d965ccfc6d4b" outcome="Passed" testListId="8c84fa94-04c1-424b-9868-57a2d4851a1d" relativeResultsDirectory="2d870709-34d4-4ac9-8b5f-081d911492f6" />
    <UnitTestResult executionId="3ef061b4-24c5-484f-9d8a-d12c7923e691" testId="3e8618fb-d9c2-89e4-b68f-23c09de3774f" testName="MSTest_P2_16" computerName="NAVB3" duration="00:00:00.0000741" startTime="2017-11-29T20:12:00.7325432+05:30" endTime="2017-11-29T20:12:00.7325432+05:30" testType="13cdc9d9-ddb5-4fa4-a97d-d965ccfc6d4b" outcome="Passed" testListId="8c84fa94-04c1-424b-9868-57a2d4851a1d" relativeResultsDirectory="3ef061b4-24c5-484f-9d8a-d12c7923e691" />
    <UnitTestResult executionId="277c2f82-1f60-442a-8fb0-d1dd86ff590a" testId="a7878fba-8233-46a1-465f-b16492f8d563" testName="MSTest_P2_17" computerName="NAVB3" duration="00:00:00.0000809" startTime="2017-11-29T20:12:00.7325432+05:30" endTime="2017-11-29T20:12:00.7325432+05:30" testType="13cdc9d9-ddb5-4fa4-a97d-d965ccfc6d4b" outcome="Passed" testListId="8c84fa94-04c1-424b-9868-57a2d4851a1d" relativeResultsDirectory="277c2f82-1f60-442a-8fb0-d1dd86ff590a" />
    <UnitTestResult executionId="d8f9d669-cf7a-4498-adda-d43f1e0c7012" testId="594e7349-f67d-b54a-3ff1-32e7d00732d0" testName="MSTest_P2_18" computerName="NAVB3" duration="00:00:00.0000724" startTime="2017-11-29T20:12:00.7325432+05:30" endTime="2017-11-29T20:12:00.7325432+05:30" testType="13cdc9d9-ddb5-4fa4-a97d-d965ccfc6d4b" outcome="Passed" testListId="8c84fa94-04c1-424b-9868-57a2d4851a1d" relativeResultsDirectory="d8f9d669-cf7a-4498-adda-d43f1e0c7012" />
    <UnitTestResult executionId="9caa0ed1-3cf1-49a9-96df-9987d2c3974e" testId="0600cf9e-1d21-dc00-6774-436608f5ef65" testName="MSTest_P2_19" computerName="NAVB3" duration="00:00:00.0000738" startTime="2017-11-29T20:12:00.7325432+05:30" endTime="2017-11-29T20:12:00.7325432+05:30" testType="13cdc9d9-ddb5-4fa4-a97d-d965ccfc6d4b" outcome="Passed" testListId="8c84fa94-04c1-424b-9868-57a2d4851a1d" relativeResultsDirectory="9caa0ed1-3cf1-49a9-96df-9987d2c3974e" />
    <UnitTestResult executionId="cd372d14-19a6-44ea-84ca-cd12cb7c43ad" testId="6823f43f-237c-e909-3a18-05eff59f5e15" testName="MSTest_P2_20" computerName="NAVB3" duration="00:00:00.0000741" startTime="2017-11-29T20:12:00.7325432+05:30" endTime="2017-11-29T20:12:00.7325432+05:30" testType="13cdc9d9-ddb5-4fa4-a97d-d965ccfc6d4b" outcome="Passed" testListId="8c84fa94-04c1-424b-9868-57a2d4851a1d" relativeResultsDirectory="cd372d14-19a6-44ea-84ca-cd12cb7c43ad" />
    <UnitTestResult executionId="31dc0d39-32c7-4c1e-810f-12096f7f9e59" testId="c0313b89-fd8f-a6a5-6269-7c2f8313d3f8" testName="MSTest_P2_21" computerName="NAVB3" duration="00:00:00.0000747" startTime="2017-11-29T20:12:00.7325432+05:30" endTime="2017-11-29T20:12:00.7325432+05:30" testType="13cdc9d9-ddb5-4fa4-a97d-d965ccfc6d4b" outcome="Passed" testListId="8c84fa94-04c1-424b-9868-57a2d4851a1d" relativeResultsDirectory="31dc0d39-32c7-4c1e-810f-12096f7f9e59" />
    <UnitTestResult executionId="2cdb60b0-3c75-41e8-9b16-a97204bc906c" testId="717bd1e2-dd57-8b5a-9066-9060a27b508d" testName="MSTest_P2_22" computerName="NAVB3" duration="00:00:00.0000744" startTime="2017-11-29T20:12:00.7325432+05:30" endTime="2017-11-29T20:12:00.7325432+05:30" testType="13cdc9d9-ddb5-4fa4-a97d-d965ccfc6d4b" outcome="Passed" testListId="8c84fa94-04c1-424b-9868-57a2d4851a1d" relativeResultsDirectory="2cdb60b0-3c75-41e8-9b16-a97204bc906c" />
    <UnitTestResult executionId="8b356cef-53ea-4382-826d-1e3f44840724" testId="46223da2-1af1-111c-e434-95d68baf71e9" testName="MSTest_P2_23" computerName="NAVB3" duration="00:00:00.0000744" startTime="2017-11-29T20:12:00.7325432+05:30" endTime="2017-11-29T20:12:00.7325432+05:30" testType="13cdc9d9-ddb5-4fa4-a97d-d965ccfc6d4b" outcome="Passed" testListId="8c84fa94-04c1-424b-9868-57a2d4851a1d" relativeResultsDirectory="8b356cef-53ea-4382-826d-1e3f44840724" />
    <UnitTestResult executionId="fd1fc2a3-f43c-4b2e-93b6-bd3491420adf" testId="4c0fed65-2528-7458-3c00-153a4778437c" testName="MSTest_P2_24" computerName="NAVB3" duration="00:00:00.0000738" startTime="2017-11-29T20:12:00.7325432+05:30" endTime="2017-11-29T20:12:00.7325432+05:30" testType="13cdc9d9-ddb5-4fa4-a97d-d965ccfc6d4b" outcome="Passed" testListId="8c84fa94-04c1-424b-9868-57a2d4851a1d" relativeResultsDirectory="fd1fc2a3-f43c-4b2e-93b6-bd3491420adf" />
    <UnitTestResult executionId="a11c080c-572d-4824-ab5c-d6f7e5547cd9" testId="f6478a14-0781-a840-1331-60ec0ea84836" testName="MSTest_P2_25" computerName="NAVB3" duration="00:00:00.0000747" startTime="2017-11-29T20:12:00.7325432+05:30" endTime="2017-11-29T20:12:00.7325432+05:30" testType="13cdc9d9-ddb5-4fa4-a97d-d965ccfc6d4b" outcome="Passed" testListId="8c84fa94-04c1-424b-9868-57a2d4851a1d" relativeResultsDirectory="a11c080c-572d-4824-ab5c-d6f7e5547cd9" />
    <UnitTestResult executionId="14de643f-354d-44d2-9cb3-2d25af412012" testId="209e8c12-8f87-634b-aabf-f55790bff9e4" testName="MSTest_P2_26" computerName="NAVB3" duration="00:00:00.0000741" startTime="2017-11-29T20:12:00.7325432+05:30" endTime="2017-11-29T20:12:00.7325432+05:30" testType="13cdc9d9-ddb5-4fa4-a97d-d965ccfc6d4b" outcome="Passed" testListId="8c84fa94-04c1-424b-9868-57a2d4851a1d" relativeResultsDirectory="14de643f-354d-44d2-9cb3-2d25af412012" />
    <UnitTestResult executionId="094342f2-4722-46e9-b018-cec03a25b051" testId="450c4c4f-dd64-c052-a58d-0f321e9a4ab5" testName="MSTest_P2_27" computerName="NAVB3" duration="00:00:00.0000738" startTime="2017-11-29T20:12:00.7325432+05:30" endTime="2017-11-29T20:12:00.7325432+05:30" testType="13cdc9d9-ddb5-4fa4-a97d-d965ccfc6d4b" outcome="Passed" testListId="8c84fa94-04c1-424b-9868-57a2d4851a1d" relativeResultsDirectory="094342f2-4722-46e9-b018-cec03a25b051" />
    <UnitTestResult executionId="b0dea2ee-1289-471a-9709-6b4cb4540439" testId="79431802-2d85-13b8-ab61-67a85be3995c" testName="MSTest_P2_28" computerName="NAVB3" duration="00:00:00.0000738" startTime="2017-11-29T20:12:00.7325432+05:30" endTime="2017-11-29T20:12:00.7325432+05:30" testType="13cdc9d9-ddb5-4fa4-a97d-d965ccfc6d4b" outcome="Passed" testListId="8c84fa94-04c1-424b-9868-57a2d4851a1d" relativeResultsDirectory="b0dea2ee-1289-471a-9709-6b4cb4540439" />
    <UnitTestResult executionId="6761f810-9be5-4f48-8f93-3ca65261acd5" testId="2e9a08db-93e4-a0b0-2823-9687580ea111" testName="MSTest_P2_29" computerName="NAVB3" duration="00:00:00.0000738" startTime="2017-11-29T20:12:00.7325432+05:30" endTime="2017-11-29T20:12:00.7325432+05:30" testType="13cdc9d9-ddb5-4fa4-a97d-d965ccfc6d4b" outcome="Passed" testListId="8c84fa94-04c1-424b-9868-57a2d4851a1d" relativeResultsDirectory="6761f810-9be5-4f48-8f93-3ca65261acd5" />
    <UnitTestResult executionId="2995434e-24d4-4408-9cb4-39df7b16bf20" testId="c6a1a0c6-0543-e043-6574-7026d074da5a" testName="MSTest_P2_30" computerName="NAVB3" duration="00:00:00.0000750" startTime="2017-11-29T20:12:00.7325432+05:30" endTime="2017-11-29T20:12:00.7325432+05:30" testType="13cdc9d9-ddb5-4fa4-a97d-d965ccfc6d4b" outcome="Passed" testListId="8c84fa94-04c1-424b-9868-57a2d4851a1d" relativeResultsDirectory="2995434e-24d4-4408-9cb4-39df7b16bf20" />
    <UnitTestResult executionId="a465d519-bfac-48de-a5f7-6aef5f91abf7" testId="832e72e0-cf72-177f-4b57-b8a6c410d77d" testName="MSTest_P2_31" computerName="NAVB3" duration="00:00:00.0000750" startTime="2017-11-29T20:12:00.7325432+05:30" endTime="2017-11-29T20:12:00.7325432+05:30" testType="13cdc9d9-ddb5-4fa4-a97d-d965ccfc6d4b" outcome="Passed" testListId="8c84fa94-04c1-424b-9868-57a2d4851a1d" relativeResultsDirectory="a465d519-bfac-48de-a5f7-6aef5f91abf7" />
    <UnitTestResult executionId="ea3dd18e-4191-456a-bd56-0e8396832a24" testId="af18c65a-6dab-963c-ae11-ca606f9ec716" testName="MSTest_P2_32" computerName="NAVB3" duration="00:00:00.0000736" startTime="2017-11-29T20:12:00.7325432+05:30" endTime="2017-11-29T20:12:00.7325432+05:30" testType="13cdc9d9-ddb5-4fa4-a97d-d965ccfc6d4b" outcome="Passed" testListId="8c84fa94-04c1-424b-9868-57a2d4851a1d" relativeResultsDirectory="ea3dd18e-4191-456a-bd56-0e8396832a24" />
    <UnitTestResult executionId="bcbcc387-3b2f-4ff4-979c-ecbceb0e0122" testId="71ea535e-e323-ac42-effa-861c728b9432" testName="MSTest_P2_33" computerName="NAVB3" duration="00:00:00.0000741" startTime="2017-11-29T20:12:00.7325432+05:30" endTime="2017-11-29T20:12:00.7325432+05:30" testType="13cdc9d9-ddb5-4fa4-a97d-d965ccfc6d4b" outcome="Passed" testListId="8c84fa94-04c1-424b-9868-57a2d4851a1d" relativeResultsDirectory="bcbcc387-3b2f-4ff4-979c-ecbceb0e0122" />
    <UnitTestResult executionId="43a6988c-03a3-4132-81ce-9edec1eb342f" testId="a7789761-e712-36f0-3d13-cb2a7e42aa93" testName="MSTest_P2_34" computerName="NAVB3" duration="00:00:00.0000738" startTime="2017-11-29T20:12:00.7325432+05:30" endTime="2017-11-29T20:12:00.7325432+05:30" testType="13cdc9d9-ddb5-4fa4-a97d-d965ccfc6d4b" outcome="Passed" testListId="8c84fa94-04c1-424b-9868-57a2d4851a1d" relativeResultsDirectory="43a6988c-03a3-4132-81ce-9edec1eb342f" />
    <UnitTestResult executionId="6adb6602-daa4-4920-a85f-e7f557a4c13a" testId="48bba266-5231-49e4-88d1-691c91359319" testName="MSTest_P2_35" computerName="NAVB3" duration="00:00:00.0000736" startTime="2017-11-29T20:12:00.7325432+05:30" endTime="2017-11-29T20:12:00.7325432+05:30" testType="13cdc9d9-ddb5-4fa4-a97d-d965ccfc6d4b" outcome="Passed" testListId="8c84fa94-04c1-424b-9868-57a2d4851a1d" relativeResultsDirectory="6adb6602-daa4-4920-a85f-e7f557a4c13a" />
    <UnitTestResult executionId="a3a27080-5dea-4e93-906a-9886a841f7c1" testId="a5766b4c-0dc0-04ea-2ded-12460a086d5f" testName="MSTest_P2_36" computerName="NAVB3" duration="00:00:00.0000733" startTime="2017-11-29T20:12:00.7325432+05:30" endTime="2017-11-29T20:12:00.7325432+05:30" testType="13cdc9d9-ddb5-4fa4-a97d-d965ccfc6d4b" outcome="Passed" testListId="8c84fa94-04c1-424b-9868-57a2d4851a1d" relativeResultsDirectory="a3a27080-5dea-4e93-906a-9886a841f7c1" />
    <UnitTestResult executionId="46096673-ca00-482d-b010-bcf56ae97acd" testId="a8e7e1f1-4bf2-014f-d2e4-4938a7f4e81c" testName="MSTest_P2_37" computerName="NAVB3" duration="00:00:00.0000741" startTime="2017-11-29T20:12:00.7325432+05:30" endTime="2017-11-29T20:12:00.7325432+05:30" testType="13cdc9d9-ddb5-4fa4-a97d-d965ccfc6d4b" outcome="Passed" testListId="8c84fa94-04c1-424b-9868-57a2d4851a1d" relativeResultsDirectory="46096673-ca00-482d-b010-bcf56ae97acd" />
    <UnitTestResult executionId="c047d5e8-7319-4204-bef6-eca0b5df5964" testId="f02d8dd0-31af-bb80-f1c4-f378ce56b784" testName="MSTest_P2_38" computerName="NAVB3" duration="00:00:00.0000744" startTime="2017-11-29T20:12:00.7325432+05:30" endTime="2017-11-29T20:12:00.7325432+05:30" testType="13cdc9d9-ddb5-4fa4-a97d-d965ccfc6d4b" outcome="Passed" testListId="8c84fa94-04c1-424b-9868-57a2d4851a1d" relativeResultsDirectory="c047d5e8-7319-4204-bef6-eca0b5df5964" />
    <UnitTestResult executionId="b839aa97-e39a-40a2-a7ae-b16c5c401d88" testId="2520ece5-6d09-2a4f-6a86-aaceeae65ffd" testName="MSTest_P2_39" computerName="NAVB3" duration="00:00:00.0000794" startTime="2017-11-29T20:12:00.7325432+05:30" endTime="2017-11-29T20:12:00.7481704+05:30" testType="13cdc9d9-ddb5-4fa4-a97d-d965ccfc6d4b" outcome="Passed" testListId="8c84fa94-04c1-424b-9868-57a2d4851a1d" relativeResultsDirectory="b839aa97-e39a-40a2-a7ae-b16c5c401d88" />
    <UnitTestResult executionId="0316c654-4169-42d6-b0e2-e28efb4b56d9" testId="e449c253-e685-88dc-b9a2-4cb435a6f8c9" testName="MSTest_P2_40" computerName="NAVB3" duration="00:00:00.0000870" startTime="2017-11-29T20:12:00.7481704+05:30" endTime="2017-11-29T20:12:00.7481704+05:30" testType="13cdc9d9-ddb5-4fa4-a97d-d965ccfc6d4b" outcome="Passed" testListId="8c84fa94-04c1-424b-9868-57a2d4851a1d" relativeResultsDirectory="0316c654-4169-42d6-b0e2-e28efb4b56d9" />
    <UnitTestResult executionId="055178fa-671b-4740-8ad3-41666e3afeb6" testId="910e3c4e-91ca-5a52-25c0-efa52d0d7125" testName="MSTest_P2_41" computerName="NAVB3" duration="00:00:00.0000791" startTime="2017-11-29T20:12:00.7481704+05:30" endTime="2017-11-29T20:12:00.7481704+05:30" testType="13cdc9d9-ddb5-4fa4-a97d-d965ccfc6d4b" outcome="Passed" testListId="8c84fa94-04c1-424b-9868-57a2d4851a1d" relativeResultsDirectory="055178fa-671b-4740-8ad3-41666e3afeb6" />
    <UnitTestResult executionId="fe127efb-0869-4df9-8bad-89282d84594e" testId="467aeb63-52fb-5550-90b9-62408ec18747" testName="MSTest_P2_42" computerName="NAVB3" duration="00:00:00.0000750" startTime="2017-11-29T20:12:00.7481704+05:30" endTime="2017-11-29T20:12:00.7481704+05:30" testType="13cdc9d9-ddb5-4fa4-a97d-d965ccfc6d4b" outcome="Passed" testListId="8c84fa94-04c1-424b-9868-57a2d4851a1d" relativeResultsDirectory="fe127efb-0869-4df9-8bad-89282d84594e" />
    <UnitTestResult executionId="7cda15e3-3f11-471c-947e-03ec28f89882" testId="34de9a5c-ffac-5ea5-1c8c-bc8c44eaa588" testName="MSTest_P2_43" computerName="NAVB3" duration="00:00:00.0000847" startTime="2017-11-29T20:12:00.7481704+05:30" endTime="2017-11-29T20:12:00.7481704+05:30" testType="13cdc9d9-ddb5-4fa4-a97d-d965ccfc6d4b" outcome="Passed" testListId="8c84fa94-04c1-424b-9868-57a2d4851a1d" relativeResultsDirectory="7cda15e3-3f11-471c-947e-03ec28f89882" />
    <UnitTestResult executionId="49aa20c6-a9c7-485a-96b0-10e5e58792a0" testId="88461271-8542-7451-7f10-15633b7a652e" testName="MSTest_P2_44" computerName="NAVB3" duration="00:00:00.0000829" startTime="2017-11-29T20:12:00.7481704+05:30" endTime="2017-11-29T20:12:00.7481704+05:30" testType="13cdc9d9-ddb5-4fa4-a97d-d965ccfc6d4b" outcome="Passed" testListId="8c84fa94-04c1-424b-9868-57a2d4851a1d" relativeResultsDirectory="49aa20c6-a9c7-485a-96b0-10e5e58792a0" />
    <UnitTestResult executionId="b31ad001-b8cb-4a91-aee1-5cc0c4471d43" testId="4c795da5-98b8-4296-89a1-f144b9f88460" testName="MSTest_P2_45" computerName="NAVB3" duration="00:00:00.0000847" startTime="2017-11-29T20:12:00.7481704+05:30" endTime="2017-11-29T20:12:00.7481704+05:30" testType="13cdc9d9-ddb5-4fa4-a97d-d965ccfc6d4b" outcome="Passed" testListId="8c84fa94-04c1-424b-9868-57a2d4851a1d" relativeResultsDirectory="b31ad001-b8cb-4a91-aee1-5cc0c4471d43" />
    <UnitTestResult executionId="b802b05b-5d36-4c04-ad66-b56b402bef2d" testId="bcf9aa62-f8de-054d-810a-52baa94a16f5" testName="MSTest_P2_46" computerName="NAVB3" duration="00:00:00.0000853" startTime="2017-11-29T20:12:00.7481704+05:30" endTime="2017-11-29T20:12:00.7481704+05:30" testType="13cdc9d9-ddb5-4fa4-a97d-d965ccfc6d4b" outcome="Passed" testListId="8c84fa94-04c1-424b-9868-57a2d4851a1d" relativeResultsDirectory="b802b05b-5d36-4c04-ad66-b56b402bef2d" />
    <UnitTestResult executionId="d2250652-9d37-407c-932a-4b7d8e2f1937" testId="09bd71e3-6d9b-b514-a037-f6e515efdbd3" testName="MSTest_P2_47" computerName="NAVB3" duration="00:00:00.0000741" startTime="2017-11-29T20:12:00.7481704+05:30" endTime="2017-11-29T20:12:00.7481704+05:30" testType="13cdc9d9-ddb5-4fa4-a97d-d965ccfc6d4b" outcome="Passed" testListId="8c84fa94-04c1-424b-9868-57a2d4851a1d" relativeResultsDirectory="d2250652-9d37-407c-932a-4b7d8e2f1937" />
    <UnitTestResult executionId="7c435fc5-bf59-4be4-bdd4-5b6634d06c98" testId="f8bcba92-efa3-dd7f-fde0-cbf5bd42a380" testName="MSTest_P2_48" computerName="NAVB3" duration="00:00:00.0000750" startTime="2017-11-29T20:12:00.7481704+05:30" endTime="2017-11-29T20:12:00.7481704+05:30" testType="13cdc9d9-ddb5-4fa4-a97d-d965ccfc6d4b" outcome="Passed" testListId="8c84fa94-04c1-424b-9868-57a2d4851a1d" relativeResultsDirectory="7c435fc5-bf59-4be4-bdd4-5b6634d06c98" />
    <UnitTestResult executionId="ffccf9b1-ef5b-44e4-9996-98b7af41f22a" testId="9a59e2f9-cef5-d6ee-3a90-b3902d6003af" testName="MSTest_P2_49" computerName="NAVB3" duration="00:00:00.0000747" startTime="2017-11-29T20:12:00.7481704+05:30" endTime="2017-11-29T20:12:00.7481704+05:30" testType="13cdc9d9-ddb5-4fa4-a97d-d965ccfc6d4b" outcome="Passed" testListId="8c84fa94-04c1-424b-9868-57a2d4851a1d" relativeResultsDirectory="ffccf9b1-ef5b-44e4-9996-98b7af41f22a" />
    <UnitTestResult executionId="0435a4db-89b0-40e0-867f-0066a3c1d189" testId="7dfc9189-fb1b-a28d-4a92-90ac81e9729a" testName="MSTest_P2_50" computerName="NAVB3" duration="00:00:00.0000885" startTime="2017-11-29T20:12:00.7481704+05:30" endTime="2017-11-29T20:12:00.7481704+05:30" testType="13cdc9d9-ddb5-4fa4-a97d-d965ccfc6d4b" outcome="Passed" testListId="8c84fa94-04c1-424b-9868-57a2d4851a1d" relativeResultsDirectory="0435a4db-89b0-40e0-867f-0066a3c1d189" />
    <UnitTestResult executionId="5a225d8e-779c-49b7-9b8f-362f2766dd00" testId="c677994e-be98-5f54-d1fb-321aebfa3a16" testName="MSTest_P2_51" computerName="NAVB3" duration="00:00:00.0000756" startTime="2017-11-29T20:12:00.7481704+05:30" endTime="2017-11-29T20:12:00.7481704+05:30" testType="13cdc9d9-ddb5-4fa4-a97d-d965ccfc6d4b" outcome="Passed" testListId="8c84fa94-04c1-424b-9868-57a2d4851a1d" relativeResultsDirectory="5a225d8e-779c-49b7-9b8f-362f2766dd00" />
    <UnitTestResult executionId="6c4047de-0770-44da-9d25-4c6d0da276b7" testId="f54520c7-8c9b-76a2-4894-0d118d41d4e3" testName="MSTest_P2_52" computerName="NAVB3" duration="00:00:00.0000900" startTime="2017-11-29T20:12:00.7481704+05:30" endTime="2017-11-29T20:12:00.7481704+05:30" testType="13cdc9d9-ddb5-4fa4-a97d-d965ccfc6d4b" outcome="Passed" testListId="8c84fa94-04c1-424b-9868-57a2d4851a1d" relativeResultsDirectory="6c4047de-0770-44da-9d25-4c6d0da276b7" />
    <UnitTestResult executionId="c6214dee-3816-4e09-a41d-74ae63abd0a1" testId="f1794d39-df94-d1e9-60a6-10119aebc35f" testName="MSTest_P2_53" computerName="NAVB3" duration="00:00:00.0001102" startTime="2017-11-29T20:12:00.7481704+05:30" endTime="2017-11-29T20:12:00.7481704+05:30" testType="13cdc9d9-ddb5-4fa4-a97d-d965ccfc6d4b" outcome="Passed" testListId="8c84fa94-04c1-424b-9868-57a2d4851a1d" relativeResultsDirectory="c6214dee-3816-4e09-a41d-74ae63abd0a1" />
    <UnitTestResult executionId="3c8b2381-80d7-43b6-a04f-ae9b5de68803" testId="64e6c983-0403-dff9-6112-34addbef41c9" testName="MSTest_P2_54" computerName="NAVB3" duration="00:00:00.0000870" startTime="2017-11-29T20:12:00.7481704+05:30" endTime="2017-11-29T20:12:00.7481704+05:30" testType="13cdc9d9-ddb5-4fa4-a97d-d965ccfc6d4b" outcome="Passed" testListId="8c84fa94-04c1-424b-9868-57a2d4851a1d" relativeResultsDirectory="3c8b2381-80d7-43b6-a04f-ae9b5de68803" />
    <UnitTestResult executionId="64e46520-e380-4579-9997-86bda5fb667b" testId="d9e22f6c-6893-f2d5-4bad-1f25a676c4a6" testName="MSTest_P2_55" computerName="NAVB3" duration="00:00:00.0000741" startTime="2017-11-29T20:12:00.7481704+05:30" endTime="2017-11-29T20:12:00.7481704+05:30" testType="13cdc9d9-ddb5-4fa4-a97d-d965ccfc6d4b" outcome="Passed" testListId="8c84fa94-04c1-424b-9868-57a2d4851a1d" relativeResultsDirectory="64e46520-e380-4579-9997-86bda5fb667b" />
    <UnitTestResult executionId="224e30a2-4278-4eb2-8b1e-c9a1b9cc1644" testId="ca69075d-0b70-18d5-1a06-fac35b67cd3b" testName="MSTest_P2_56" computerName="NAVB3" duration="00:00:00.0000809" startTime="2017-11-29T20:12:00.7481704+05:30" endTime="2017-11-29T20:12:00.7481704+05:30" testType="13cdc9d9-ddb5-4fa4-a97d-d965ccfc6d4b" outcome="Passed" testListId="8c84fa94-04c1-424b-9868-57a2d4851a1d" relativeResultsDirectory="224e30a2-4278-4eb2-8b1e-c9a1b9cc1644" />
    <UnitTestResult executionId="b495aca7-bca1-4190-942b-ade576153dd6" testId="c57e7f9f-0cce-b6f4-07ee-ada8d8fbc5c3" testName="MSTest_P2_57" computerName="NAVB3" duration="00:00:00.0000826" startTime="2017-11-29T20:12:00.7481704+05:30" endTime="2017-11-29T20:12:00.7481704+05:30" testType="13cdc9d9-ddb5-4fa4-a97d-d965ccfc6d4b" outcome="Passed" testListId="8c84fa94-04c1-424b-9868-57a2d4851a1d" relativeResultsDirectory="b495aca7-bca1-4190-942b-ade576153dd6" />
    <UnitTestResult executionId="08b57c4c-d7ee-4a5e-b6f9-bc1ce3eb81d7" testId="1a585a28-c287-7bb4-1bb2-c0e1b93f38bd" testName="MSTest_P2_58" computerName="NAVB3" duration="00:00:00.0000771" startTime="2017-11-29T20:12:00.7481704+05:30" endTime="2017-11-29T20:12:00.7481704+05:30" testType="13cdc9d9-ddb5-4fa4-a97d-d965ccfc6d4b" outcome="Passed" testListId="8c84fa94-04c1-424b-9868-57a2d4851a1d" relativeResultsDirectory="08b57c4c-d7ee-4a5e-b6f9-bc1ce3eb81d7" />
    <UnitTestResult executionId="827d3a5a-8124-42a8-965a-93a0955ba42c" testId="f8615455-a4b0-bdd0-1ecf-8870ef34a7e9" testName="MSTest_P2_59" computerName="NAVB3" duration="00:00:00.0000768" startTime="2017-11-29T20:12:00.7481704+05:30" endTime="2017-11-29T20:12:00.7481704+05:30" testType="13cdc9d9-ddb5-4fa4-a97d-d965ccfc6d4b" outcome="Passed" testListId="8c84fa94-04c1-424b-9868-57a2d4851a1d" relativeResultsDirectory="827d3a5a-8124-42a8-965a-93a0955ba42c" />
    <UnitTestResult executionId="e2edb1b3-06bc-4cfe-a712-af6f511554b9" testId="482c8cf5-ae0a-bdfe-8fea-125551c79d32" testName="MSTest_P2_60" computerName="NAVB3" duration="00:00:00.0000750" startTime="2017-11-29T20:12:00.7481704+05:30" endTime="2017-11-29T20:12:00.7481704+05:30" testType="13cdc9d9-ddb5-4fa4-a97d-d965ccfc6d4b" outcome="Passed" testListId="8c84fa94-04c1-424b-9868-57a2d4851a1d" relativeResultsDirectory="e2edb1b3-06bc-4cfe-a712-af6f511554b9" />
    <UnitTestResult executionId="86c903ef-b1b8-430f-ad97-c7c135aa5f06" testId="e66a5384-6cb0-65a2-e91d-02c1e155d5c3" testName="MSTest_P2_61" computerName="NAVB3" duration="00:00:00.0000759" startTime="2017-11-29T20:12:00.7481704+05:30" endTime="2017-11-29T20:12:00.7481704+05:30" testType="13cdc9d9-ddb5-4fa4-a97d-d965ccfc6d4b" outcome="Passed" testListId="8c84fa94-04c1-424b-9868-57a2d4851a1d" relativeResultsDirectory="86c903ef-b1b8-430f-ad97-c7c135aa5f06" />
    <UnitTestResult executionId="c988306b-53d7-4ad0-8790-2fb4da4244fc" testId="2e962158-3ffe-3f85-8291-ad30cd47ebcb" testName="MSTest_P2_62" computerName="NAVB3" duration="00:00:00.0000744" startTime="2017-11-29T20:12:00.7481704+05:30" endTime="2017-11-29T20:12:00.7481704+05:30" testType="13cdc9d9-ddb5-4fa4-a97d-d965ccfc6d4b" outcome="Passed" testListId="8c84fa94-04c1-424b-9868-57a2d4851a1d" relativeResultsDirectory="c988306b-53d7-4ad0-8790-2fb4da4244fc" />
    <UnitTestResult executionId="55ea73c3-a3ac-41df-8493-3340afa3552b" testId="2bdceb26-ca6a-1ff9-bb11-3a9cdbe462e0" testName="MSTest_P2_63" computerName="NAVB3" duration="00:00:00.0000741" startTime="2017-11-29T20:12:00.7481704+05:30" endTime="2017-11-29T20:12:00.7481704+05:30" testType="13cdc9d9-ddb5-4fa4-a97d-d965ccfc6d4b" outcome="Passed" testListId="8c84fa94-04c1-424b-9868-57a2d4851a1d" relativeResultsDirectory="55ea73c3-a3ac-41df-8493-3340afa3552b" />
    <UnitTestResult executionId="52cda54a-3f94-4b52-99e1-f927c384300a" testId="2520ef80-08f7-0a88-649a-45adca3a8d2b" testName="MSTest_P2_64" computerName="NAVB3" duration="00:00:00.0000744" startTime="2017-11-29T20:12:00.7481704+05:30" endTime="2017-11-29T20:12:00.7481704+05:30" testType="13cdc9d9-ddb5-4fa4-a97d-d965ccfc6d4b" outcome="Passed" testListId="8c84fa94-04c1-424b-9868-57a2d4851a1d" relativeResultsDirectory="52cda54a-3f94-4b52-99e1-f927c384300a" />
    <UnitTestResult executionId="e83aa43a-47a3-48ea-bca7-0bc86966d832" testId="acdf9e27-ac18-9369-da0a-58cd6c064cde" testName="MSTest_P2_65" computerName="NAVB3" duration="00:00:00.0000738" startTime="2017-11-29T20:12:00.7481704+05:30" endTime="2017-11-29T20:12:00.7481704+05:30" testType="13cdc9d9-ddb5-4fa4-a97d-d965ccfc6d4b" outcome="Passed" testListId="8c84fa94-04c1-424b-9868-57a2d4851a1d" relativeResultsDirectory="e83aa43a-47a3-48ea-bca7-0bc86966d832" />
    <UnitTestResult executionId="1f2588a4-7051-4685-85a3-e8a18c559f74" testId="65721392-e906-b72c-9e38-c0b0eb482edc" testName="MSTest_P2_66" computerName="NAVB3" duration="00:00:00.0000923" startTime="2017-11-29T20:12:00.7481704+05:30" endTime="2017-11-29T20:12:00.7481704+05:30" testType="13cdc9d9-ddb5-4fa4-a97d-d965ccfc6d4b" outcome="Passed" testListId="8c84fa94-04c1-424b-9868-57a2d4851a1d" relativeResultsDirectory="1f2588a4-7051-4685-85a3-e8a18c559f74" />
    <UnitTestResult executionId="3ac1779d-9133-43ba-9de9-4fa6b5486deb" testId="491bc67f-7e7f-5614-884d-dec272d0026c" testName="MSTest_P2_67" computerName="NAVB3" duration="00:00:00.0000826" startTime="2017-11-29T20:12:00.7481704+05:30" endTime="2017-11-29T20:12:00.7481704+05:30" testType="13cdc9d9-ddb5-4fa4-a97d-d965ccfc6d4b" outcome="Passed" testListId="8c84fa94-04c1-424b-9868-57a2d4851a1d" relativeResultsDirectory="3ac1779d-9133-43ba-9de9-4fa6b5486deb" />
    <UnitTestResult executionId="13326ea1-51ac-4f5b-8351-8f54a2a1c26b" testId="0d79d664-5469-b946-d144-1a8906ff02db" testName="MSTest_P2_68" computerName="NAVB3" duration="00:00:00.0000821" startTime="2017-11-29T20:12:00.7481704+05:30" endTime="2017-11-29T20:12:00.7481704+05:30" testType="13cdc9d9-ddb5-4fa4-a97d-d965ccfc6d4b" outcome="Passed" testListId="8c84fa94-04c1-424b-9868-57a2d4851a1d" relativeResultsDirectory="13326ea1-51ac-4f5b-8351-8f54a2a1c26b" />
    <UnitTestResult executionId="2229162e-dd54-4210-acde-21263659424a" testId="876d31d9-fb1a-792e-0be0-736862f1be56" testName="MSTest_P2_69" computerName="NAVB3" duration="00:00:00.0000824" startTime="2017-11-29T20:12:00.7481704+05:30" endTime="2017-11-29T20:12:00.7481704+05:30" testType="13cdc9d9-ddb5-4fa4-a97d-d965ccfc6d4b" outcome="Passed" testListId="8c84fa94-04c1-424b-9868-57a2d4851a1d" relativeResultsDirectory="2229162e-dd54-4210-acde-21263659424a" />
    <UnitTestResult executionId="22ea15c9-7d3f-4809-bac6-492eabc6b5d8" testId="fe28166b-13d8-a133-208f-4359b9894fdc" testName="MSTest_P2_70" computerName="NAVB3" duration="00:00:00.0000812" startTime="2017-11-29T20:12:00.7481704+05:30" endTime="2017-11-29T20:12:00.7481704+05:30" testType="13cdc9d9-ddb5-4fa4-a97d-d965ccfc6d4b" outcome="Passed" testListId="8c84fa94-04c1-424b-9868-57a2d4851a1d" relativeResultsDirectory="22ea15c9-7d3f-4809-bac6-492eabc6b5d8" />
    <UnitTestResult executionId="38ff8935-5365-49fd-ad2b-2b038e362207" testId="84f75f95-3219-0890-164f-b43e2a396545" testName="MSTest_P2_71" computerName="NAVB3" duration="00:00:00.0000812" startTime="2017-11-29T20:12:00.7481704+05:30" endTime="2017-11-29T20:12:00.7481704+05:30" testType="13cdc9d9-ddb5-4fa4-a97d-d965ccfc6d4b" outcome="Passed" testListId="8c84fa94-04c1-424b-9868-57a2d4851a1d" relativeResultsDirectory="38ff8935-5365-49fd-ad2b-2b038e362207" />
    <UnitTestResult executionId="b9248491-8816-4530-8528-8a22a2245321" testId="c11ab97d-c893-e1cf-5312-f111a740bfdf" testName="MSTest_P2_72" computerName="NAVB3" duration="00:00:00.0000812" startTime="2017-11-29T20:12:00.7481704+05:30" endTime="2017-11-29T20:12:00.7481704+05:30" testType="13cdc9d9-ddb5-4fa4-a97d-d965ccfc6d4b" outcome="Passed" testListId="8c84fa94-04c1-424b-9868-57a2d4851a1d" relativeResultsDirectory="b9248491-8816-4530-8528-8a22a2245321" />
    <UnitTestResult executionId="f630a29b-9c6e-4262-9f6c-f03c948a6333" testId="8b3429f2-4cdd-dda8-4850-b96c716e5e44" testName="MSTest_P2_73" computerName="NAVB3" duration="00:00:00.0000803" startTime="2017-11-29T20:12:00.7481704+05:30" endTime="2017-11-29T20:12:00.7481704+05:30" testType="13cdc9d9-ddb5-4fa4-a97d-d965ccfc6d4b" outcome="Passed" testListId="8c84fa94-04c1-424b-9868-57a2d4851a1d" relativeResultsDirectory="f630a29b-9c6e-4262-9f6c-f03c948a6333" />
    <UnitTestResult executionId="9593c326-3e2e-4de5-9f29-cb1da77121f4" testId="93f22dd6-8de6-585c-5715-a0390a34c0b2" testName="MSTest_P2_74" computerName="NAVB3" duration="00:00:00.0000718" startTime="2017-11-29T20:12:00.7481704+05:30" endTime="2017-11-29T20:12:00.7481704+05:30" testType="13cdc9d9-ddb5-4fa4-a97d-d965ccfc6d4b" outcome="Passed" testListId="8c84fa94-04c1-424b-9868-57a2d4851a1d" relativeResultsDirectory="9593c326-3e2e-4de5-9f29-cb1da77121f4" />
    <UnitTestResult executionId="1421f498-3522-4cc5-80be-a9ffe646ee10" testId="30ba49f3-c41a-af3c-6a4c-c75c4a2a3acc" testName="MSTest_P2_75" computerName="NAVB3" duration="00:00:00.0000741" startTime="2017-11-29T20:12:00.7481704+05:30" endTime="2017-11-29T20:12:00.7481704+05:30" testType="13cdc9d9-ddb5-4fa4-a97d-d965ccfc6d4b" outcome="Passed" testListId="8c84fa94-04c1-424b-9868-57a2d4851a1d" relativeResultsDirectory="1421f498-3522-4cc5-80be-a9ffe646ee10" />
    <UnitTestResult executionId="a3857ae9-6aa9-421b-b36c-984374b59d36" testId="4c6f794f-c5bb-f458-941d-32ab8518b9d6" testName="MSTest_P2_76" computerName="NAVB3" duration="00:00:00.0000774" startTime="2017-11-29T20:12:00.7481704+05:30" endTime="2017-11-29T20:12:00.7481704+05:30" testType="13cdc9d9-ddb5-4fa4-a97d-d965ccfc6d4b" outcome="Passed" testListId="8c84fa94-04c1-424b-9868-57a2d4851a1d" relativeResultsDirectory="a3857ae9-6aa9-421b-b36c-984374b59d36" />
    <UnitTestResult executionId="cc999a09-2205-4c30-9e5e-201682f40f69" testId="5b7cb14d-e2cf-47b2-be5d-4ccbf441dc80" testName="MSTest_P2_77" computerName="NAVB3" duration="00:00:00.0000876" startTime="2017-11-29T20:12:00.7481704+05:30" endTime="2017-11-29T20:12:00.7481704+05:30" testType="13cdc9d9-ddb5-4fa4-a97d-d965ccfc6d4b" outcome="Passed" testListId="8c84fa94-04c1-424b-9868-57a2d4851a1d" relativeResultsDirectory="cc999a09-2205-4c30-9e5e-201682f40f69" />
    <UnitTestResult executionId="972b107d-db08-47bd-8907-1d47b8190feb" testId="18c44544-acad-6617-1142-684d35a26c3b" testName="MSTest_P2_78" computerName="NAVB3" duration="00:00:00.0000797" startTime="2017-11-29T20:12:00.7481704+05:30" endTime="2017-11-29T20:12:00.7481704+05:30" testType="13cdc9d9-ddb5-4fa4-a97d-d965ccfc6d4b" outcome="Passed" testListId="8c84fa94-04c1-424b-9868-57a2d4851a1d" relativeResultsDirectory="972b107d-db08-47bd-8907-1d47b8190feb" />
    <UnitTestResult executionId="1f76b5f8-3b1f-4b5c-9ad9-61c89c3b0dfe" testId="df9a9820-2b23-f3db-c367-77cc26700e6f" testName="MSTest_P2_79" computerName="NAVB3" duration="00:00:00.0000744" startTime="2017-11-29T20:12:00.7481704+05:30" endTime="2017-11-29T20:12:00.7481704+05:30" testType="13cdc9d9-ddb5-4fa4-a97d-d965ccfc6d4b" outcome="Passed" testListId="8c84fa94-04c1-424b-9868-57a2d4851a1d" relativeResultsDirectory="1f76b5f8-3b1f-4b5c-9ad9-61c89c3b0dfe" />
    <UnitTestResult executionId="c7003147-f289-45ab-8212-ee8b74ee21fe" testId="901b3e11-eb23-a25f-de1e-7060c98c147c" testName="MSTest_P2_80" computerName="NAVB3" duration="00:00:00.0000879" startTime="2017-11-29T20:12:00.7481704+05:30" endTime="2017-11-29T20:12:00.7481704+05:30" testType="13cdc9d9-ddb5-4fa4-a97d-d965ccfc6d4b" outcome="Passed" testListId="8c84fa94-04c1-424b-9868-57a2d4851a1d" relativeResultsDirectory="c7003147-f289-45ab-8212-ee8b74ee21fe" />
    <UnitTestResult executionId="ac4a90df-a8c5-47d2-83b8-7aaae10ca1b6" testId="42fbaa12-b780-8351-11ef-f860362fd63f" testName="MSTest_P2_81" computerName="NAVB3" duration="00:00:00.0000824" startTime="2017-11-29T20:12:00.7481704+05:30" endTime="2017-11-29T20:12:00.7481704+05:30" testType="13cdc9d9-ddb5-4fa4-a97d-d965ccfc6d4b" outcome="Passed" testListId="8c84fa94-04c1-424b-9868-57a2d4851a1d" relativeResultsDirectory="ac4a90df-a8c5-47d2-83b8-7aaae10ca1b6" />
    <UnitTestResult executionId="12975d0c-e5c1-44b9-9de4-a8bb557d1226" testId="d25df39d-7eba-d3e6-f674-e9e0f95d7b9a" testName="MSTest_P2_82" computerName="NAVB3" duration="00:00:00.0000809" startTime="2017-11-29T20:12:00.7481704+05:30" endTime="2017-11-29T20:12:00.7481704+05:30" testType="13cdc9d9-ddb5-4fa4-a97d-d965ccfc6d4b" outcome="Passed" testListId="8c84fa94-04c1-424b-9868-57a2d4851a1d" relativeResultsDirectory="12975d0c-e5c1-44b9-9de4-a8bb557d1226" />
    <UnitTestResult executionId="ab991b70-b780-4c54-b8aa-44a226a84f64" testId="ad0a023a-3693-562e-9fc0-99203e08636b" testName="MSTest_P2_83" computerName="NAVB3" duration="00:00:00.0000809" startTime="2017-11-29T20:12:00.7481704+05:30" endTime="2017-11-29T20:12:00.7481704+05:30" testType="13cdc9d9-ddb5-4fa4-a97d-d965ccfc6d4b" outcome="Passed" testListId="8c84fa94-04c1-424b-9868-57a2d4851a1d" relativeResultsDirectory="ab991b70-b780-4c54-b8aa-44a226a84f64" />
    <UnitTestResult executionId="e1765275-8848-4728-8be3-c283dccde1c8" testId="b8011298-da04-432a-4208-b77526e552c7" testName="MSTest_P2_84" computerName="NAVB3" duration="00:00:00.0001117" startTime="2017-11-29T20:12:00.7481704+05:30" endTime="2017-11-29T20:12:00.7637934+05:30" testType="13cdc9d9-ddb5-4fa4-a97d-d965ccfc6d4b" outcome="Passed" testListId="8c84fa94-04c1-424b-9868-57a2d4851a1d" relativeResultsDirectory="e1765275-8848-4728-8be3-c283dccde1c8" />
    <UnitTestResult executionId="45e0fd9d-9d57-460e-bdef-6809a1148723" testId="f40ed4b4-c95a-cc58-32e7-3c22c07fd1c6" testName="MSTest_P2_85" computerName="NAVB3" duration="00:00:00.0001172" startTime="2017-11-29T20:12:00.7637934+05:30" endTime="2017-11-29T20:12:00.7637934+05:30" testType="13cdc9d9-ddb5-4fa4-a97d-d965ccfc6d4b" outcome="Passed" testListId="8c84fa94-04c1-424b-9868-57a2d4851a1d" relativeResultsDirectory="45e0fd9d-9d57-460e-bdef-6809a1148723" />
  </Results>
  <TestDefinitions>
    <UnitTest name="TestMethod1" storage="c:\users\navb\source\repos\sampleproject\testproject\unittestproject10\bin\debug\unittestproject10.dll" id="36bde96d-0d96-c298-43a3-0f3842a0cfda">
      <Execution id="e7eeccb8-31ed-4be1-b8e1-4a008702f70e" />
      <TestMethod codeBase="C:\Users\navb\source\repos\SampleProject\TestProject\UnitTestProject10\bin\Debug\UnitTestProject10.dll" adapterTypeName="Microsoft.VisualStudio.TestTools.TestTypes.Unit.UnitTestAdapter" className="UnitTestProject10.UnitTest1" name="TestMethod1" />
    </UnitTest>
    <UnitTest name="MSTest_P2_936" storage="c:\users\navb\source\repos\sampleproject\testproject\unittestproject10\bin\debug\unittestproject10.dll" id="cb12f671-288e-b984-7841-f27b28b5a954">
      <Execution id="0b1d739a-1f4f-4340-ba66-2c76a4ffbb6e" />
      <TestMethod codeBase="C:\Users\navb\source\repos\SampleProject\TestProject\UnitTestProject10\bin\Debug\UnitTestProject10.dll" adapterTypeName="Microsoft.VisualStudio.TestTools.TestTypes.Unit.UnitTestAdapter" className="UnitTestinProgress.MSTestClass2" name="MSTest_P2_936" />
    </UnitTest>
    <UnitTest name="MSTest_P2_937" storage="c:\users\navb\source\repos\sampleproject\testproject\unittestproject10\bin\debug\unittestproject10.dll" id="689479ad-c111-709a-1cd1-0ad6c680155c">
      <Execution id="310bf521-17b4-414e-8d9d-64be81aec646" />
      <TestMethod codeBase="C:\Users\navb\source\repos\SampleProject\TestProject\UnitTestProject10\bin\Debug\UnitTestProject10.dll" adapterTypeName="Microsoft.VisualStudio.TestTools.TestTypes.Unit.UnitTestAdapter" className="UnitTestinProgress.MSTestClass2" name="MSTest_P2_937" />
    </UnitTest>
    <UnitTest name="MSTest_P2_938" storage="c:\users\navb\source\repos\sampleproject\testproject\unittestproject10\bin\debug\unittestproject10.dll" id="dd0943f8-c48f-9d2e-8e55-d0f390e5f150">
      <Execution id="c567764d-ef26-43d2-937d-10c00a966c61" />
      <TestMethod codeBase="C:\Users\navb\source\repos\SampleProject\TestProject\UnitTestProject10\bin\Debug\UnitTestProject10.dll" adapterTypeName="Microsoft.VisualStudio.TestTools.TestTypes.Unit.UnitTestAdapter" className="UnitTestinProgress.MSTestClass2" name="MSTest_P2_938" />
    </UnitTest>
    <UnitTest name="MSTest_P2_939" storage="c:\users\navb\source\repos\sampleproject\testproject\unittestproject10\bin\debug\unittestproject10.dll" id="4d7cd98e-bc15-a9a0-0037-b9c70c17a135">
      <Execution id="7175df60-a419-4097-bb53-758ce5aba412" />
      <TestMethod codeBase="C:\Users\navb\source\repos\SampleProject\TestProject\UnitTestProject10\bin\Debug\UnitTestProject10.dll" adapterTypeName="Microsoft.VisualStudio.TestTools.TestTypes.Unit.UnitTestAdapter" className="UnitTestinProgress.MSTestClass2" name="MSTest_P2_939" />
    </UnitTest>
    <UnitTest name="MSTest_P2_940" storage="c:\users\navb\source\repos\sampleproject\testproject\unittestproject10\bin\debug\unittestproject10.dll" id="9809cbdd-d7b2-80fa-b868-9b34da7f8378">
      <Execution id="ba88d9b1-0e2f-415c-8b89-8e0af8ed4c76" />
      <TestMethod codeBase="C:\Users\navb\source\repos\SampleProject\TestProject\UnitTestProject10\bin\Debug\UnitTestProject10.dll" adapterTypeName="Microsoft.VisualStudio.TestTools.TestTypes.Unit.UnitTestAdapter" className="UnitTestinProgress.MSTestClass2" name="MSTest_P2_940" />
    </UnitTest>
    <UnitTest name="MSTest_P2_941" storage="c:\users\navb\source\repos\sampleproject\testproject\unittestproject10\bin\debug\unittestproject10.dll" id="09cf93a3-d30f-5c1b-50e2-348e7377cba1">
      <Execution id="a0327d9c-9db9-45e3-8181-1f98dbf16bf3" />
      <TestMethod codeBase="C:\Users\navb\source\repos\SampleProject\TestProject\UnitTestProject10\bin\Debug\UnitTestProject10.dll" adapterTypeName="Microsoft.VisualStudio.TestTools.TestTypes.Unit.UnitTestAdapter" className="UnitTestinProgress.MSTestClass2" name="MSTest_P2_941" />
    </UnitTest>
    <UnitTest name="MSTest_P2_942" storage="c:\users\navb\source\repos\sampleproject\testproject\unittestproject10\bin\debug\unittestproject10.dll" id="c2b41b39-03cf-6a86-2cd5-dc527130e719">
      <Execution id="3ef284c6-d8cc-4587-b9e9-7fb1542e2379" />
      <TestMethod codeBase="C:\Users\navb\source\repos\SampleProject\TestProject\UnitTestProject10\bin\Debug\UnitTestProject10.dll" adapterTypeName="Microsoft.VisualStudio.TestTools.TestTypes.Unit.UnitTestAdapter" className="UnitTestinProgress.MSTestClass2" name="MSTest_P2_942" />
    </UnitTest>
    <UnitTest name="MSTest_P2_943" storage="c:\users\navb\source\repos\sampleproject\testproject\unittestproject10\bin\debug\unittestproject10.dll" id="4a218327-1398-cf0c-6349-b25e288d1af2">
      <Execution id="07f90189-b8ab-4aa9-b43a-023fbf00dcc7" />
      <TestMethod codeBase="C:\Users\navb\source\repos\SampleProject\TestProject\UnitTestProject10\bin\Debug\UnitTestProject10.dll" adapterTypeName="Microsoft.VisualStudio.TestTools.TestTypes.Unit.UnitTestAdapter" className="UnitTestinProgress.MSTestClass2" name="MSTest_P2_943" />
    </UnitTest>
    <UnitTest name="MSTest_P2_944" storage="c:\users\navb\source\repos\sampleproject\testproject\unittestproject10\bin\debug\unittestproject10.dll" id="4cbcf606-68cf-8ad7-dc0c-2d4bd155347a">
      <Execution id="0104f2dd-8d76-4468-b87c-87ef68155c94" />
      <TestMethod codeBase="C:\Users\navb\source\repos\SampleProject\TestProject\UnitTestProject10\bin\Debug\UnitTestProject10.dll" adapterTypeName="Microsoft.VisualStudio.TestTools.TestTypes.Unit.UnitTestAdapter" className="UnitTestinProgress.MSTestClass2" name="MSTest_P2_944" />
    </UnitTest>
    <UnitTest name="MSTest_P2_945" storage="c:\users\navb\source\repos\sampleproject\testproject\unittestproject10\bin\debug\unittestproject10.dll" id="202ead75-6032-5a2e-65ad-5bc7c7338fc2">
      <Execution id="c9839f6d-3219-4b20-b663-08890e5f7267" />
      <TestMethod codeBase="C:\Users\navb\source\repos\SampleProject\TestProject\UnitTestProject10\bin\Debug\UnitTestProject10.dll" adapterTypeName="Microsoft.VisualStudio.TestTools.TestTypes.Unit.UnitTestAdapter" className="UnitTestinProgress.MSTestClass2" name="MSTest_P2_945" />
    </UnitTest>
    <UnitTest name="MSTest_P2_946" storage="c:\users\navb\source\repos\sampleproject\testproject\unittestproject10\bin\debug\unittestproject10.dll" id="f35819d5-69b2-b60a-d2a4-edf7fab86950">
      <Execution id="a93173b3-0511-4513-a8d6-22e3d523cdaa" />
      <TestMethod codeBase="C:\Users\navb\source\repos\SampleProject\TestProject\UnitTestProject10\bin\Debug\UnitTestProject10.dll" adapterTypeName="Microsoft.VisualStudio.TestTools.TestTypes.Unit.UnitTestAdapter" className="UnitTestinProgress.MSTestClass2" name="MSTest_P2_946" />
    </UnitTest>
    <UnitTest name="MSTest_P2_947" storage="c:\users\navb\source\repos\sampleproject\testproject\unittestproject10\bin\debug\unittestproject10.dll" id="77ec1bfe-343f-fe1c-d4cd-31c5de335f97">
      <Execution id="34e7a610-af5e-44f8-ba05-08d064af0b42" />
      <TestMethod codeBase="C:\Users\navb\source\repos\SampleProject\TestProject\UnitTestProject10\bin\Debug\UnitTestProject10.dll" adapterTypeName="Microsoft.VisualStudio.TestTools.TestTypes.Unit.UnitTestAdapter" className="UnitTestinProgress.MSTestClass2" name="MSTest_P2_947" />
    </UnitTest>
    <UnitTest name="MSTest_P2_948" storage="c:\users\navb\source\repos\sampleproject\testproject\unittestproject10\bin\debug\unittestproject10.dll" id="b1ff8ea2-5898-8cb4-3204-7704c0e69a5e">
      <Execution id="ba8e511c-6d33-49e9-9c3c-7ba17241cc44" />
      <TestMethod codeBase="C:\Users\navb\source\repos\SampleProject\TestProject\UnitTestProject10\bin\Debug\UnitTestProject10.dll" adapterTypeName="Microsoft.VisualStudio.TestTools.TestTypes.Unit.UnitTestAdapter" className="UnitTestinProgress.MSTestClass2" name="MSTest_P2_948" />
    </UnitTest>
    <UnitTest name="MSTest_P2_949" storage="c:\users\navb\source\repos\sampleproject\testproject\unittestproject10\bin\debug\unittestproject10.dll" id="9502191f-357c-d53a-b156-3c8b5d42c22c">
      <Execution id="45e06f9e-3c88-465b-84a8-7d51f6570224" />
      <TestMethod codeBase="C:\Users\navb\source\repos\SampleProject\TestProject\UnitTestProject10\bin\Debug\UnitTestProject10.dll" adapterTypeName="Microsoft.VisualStudio.TestTools.TestTypes.Unit.UnitTestAdapter" className="UnitTestinProgress.MSTestClass2" name="MSTest_P2_949" />
    </UnitTest>
    <UnitTest name="MSTest_P2_950" storage="c:\users\navb\source\repos\sampleproject\testproject\unittestproject10\bin\debug\unittestproject10.dll" id="ebd8948d-700c-4a44-ff27-5d3f84686268">
      <Execution id="312643f5-4aa3-484c-ac5a-5aedcbb71525" />
      <TestMethod codeBase="C:\Users\navb\source\repos\SampleProject\TestProject\UnitTestProject10\bin\Debug\UnitTestProject10.dll" adapterTypeName="Microsoft.VisualStudio.TestTools.TestTypes.Unit.UnitTestAdapter" className="UnitTestinProgress.MSTestClass2" name="MSTest_P2_950" />
    </UnitTest>
    <UnitTest name="MSTest_P2_951" storage="c:\users\navb\source\repos\sampleproject\testproject\unittestproject10\bin\debug\unittestproject10.dll" id="23a62c50-bc12-7400-f1fd-092d1390b2fe">
      <Execution id="632c7a0e-e5b7-4efb-a013-81fe1db276cf" />
      <TestMethod codeBase="C:\Users\navb\source\repos\SampleProject\TestProject\UnitTestProject10\bin\Debug\UnitTestProject10.dll" adapterTypeName="Microsoft.VisualStudio.TestTools.TestTypes.Unit.UnitTestAdapter" className="UnitTestinProgress.MSTestClass2" name="MSTest_P2_951" />
    </UnitTest>
    <UnitTest name="MSTest_P2_952" storage="c:\users\navb\source\repos\sampleproject\testproject\unittestproject10\bin\debug\unittestproject10.dll" id="a0c85cac-2650-391a-3d91-e98b8cb1a39e">
      <Execution id="9c95a698-be17-47de-bfb1-365bf072fcee" />
      <TestMethod codeBase="C:\Users\navb\source\repos\SampleProject\TestProject\UnitTestProject10\bin\Debug\UnitTestProject10.dll" adapterTypeName="Microsoft.VisualStudio.TestTools.TestTypes.Unit.UnitTestAdapter" className="UnitTestinProgress.MSTestClass2" name="MSTest_P2_952" />
    </UnitTest>
    <UnitTest name="MSTest_P2_953" storage="c:\users\navb\source\repos\sampleproject\testproject\unittestproject10\bin\debug\unittestproject10.dll" id="356b006a-65a7-c5af-a896-53d6e9074107">
      <Execution id="58aff17e-48fb-4c2c-b7b7-6c311ce88c52" />
      <TestMethod codeBase="C:\Users\navb\source\repos\SampleProject\TestProject\UnitTestProject10\bin\Debug\UnitTestProject10.dll" adapterTypeName="Microsoft.VisualStudio.TestTools.TestTypes.Unit.UnitTestAdapter" className="UnitTestinProgress.MSTestClass2" name="MSTest_P2_953" />
    </UnitTest>
    <UnitTest name="MSTest_P2_954" storage="c:\users\navb\source\repos\sampleproject\testproject\unittestproject10\bin\debug\unittestproject10.dll" id="4918836b-5d34-a726-31f2-3925ebb3e38f">
      <Execution id="7a0c53c1-287e-4289-b708-8761a1ad2de6" />
      <TestMethod codeBase="C:\Users\navb\source\repos\SampleProject\TestProject\UnitTestProject10\bin\Debug\UnitTestProject10.dll" adapterTypeName="Microsoft.VisualStudio.TestTools.TestTypes.Unit.UnitTestAdapter" className="UnitTestinProgress.MSTestClass2" name="MSTest_P2_954" />
    </UnitTest>
    <UnitTest name="MSTest_P2_955" storage="c:\users\navb\source\repos\sampleproject\testproject\unittestproject10\bin\debug\unittestproject10.dll" id="656d9fc4-21bf-625c-ad74-01b978a3b51b">
      <Execution id="4fd9b37c-4a0f-4fe8-b92d-6c72170b713d" />
      <TestMethod codeBase="C:\Users\navb\source\repos\SampleProject\TestProject\UnitTestProject10\bin\Debug\UnitTestProject10.dll" adapterTypeName="Microsoft.VisualStudio.TestTools.TestTypes.Unit.UnitTestAdapter" className="UnitTestinProgress.MSTestClass2" name="MSTest_P2_955" />
    </UnitTest>
    <UnitTest name="MSTest_P2_956" storage="c:\users\navb\source\repos\sampleproject\testproject\unittestproject10\bin\debug\unittestproject10.dll" id="959e2205-0310-59a4-9a70-b62eadedc62b">
      <Execution id="31606dc3-ec33-44c5-8439-8d2128648d47" />
      <TestMethod codeBase="C:\Users\navb\source\repos\SampleProject\TestProject\UnitTestProject10\bin\Debug\UnitTestProject10.dll" adapterTypeName="Microsoft.VisualStudio.TestTools.TestTypes.Unit.UnitTestAdapter" className="UnitTestinProgress.MSTestClass2" name="MSTest_P2_956" />
    </UnitTest>
    <UnitTest name="MSTest_P2_957" storage="c:\users\navb\source\repos\sampleproject\testproject\unittestproject10\bin\debug\unittestproject10.dll" id="673501ac-dbdd-1a26-34e8-e22d36492c19">
      <Execution id="9d230204-a776-46de-a81f-ac726942afb6" />
      <TestMethod codeBase="C:\Users\navb\source\repos\SampleProject\TestProject\UnitTestProject10\bin\Debug\UnitTestProject10.dll" adapterTypeName="Microsoft.VisualStudio.TestTools.TestTypes.Unit.UnitTestAdapter" className="UnitTestinProgress.MSTestClass2" name="MSTest_P2_957" />
    </UnitTest>
    <UnitTest name="MSTest_P2_958" storage="c:\users\navb\source\repos\sampleproject\testproject\unittestproject10\bin\debug\unittestproject10.dll" id="67a2eca1-f9f7-38e2-798c-2069f3b96ad7">
      <Execution id="24a60541-2fb7-4ae9-b8a8-21fd38a7eba0" />
      <TestMethod codeBase="C:\Users\navb\source\repos\SampleProject\TestProject\UnitTestProject10\bin\Debug\UnitTestProject10.dll" adapterTypeName="Microsoft.VisualStudio.TestTools.TestTypes.Unit.UnitTestAdapter" className="UnitTestinProgress.MSTestClass2" name="MSTest_P2_958" />
    </UnitTest>
    <UnitTest name="MSTest_P2_959" storage="c:\users\navb\source\repos\sampleproject\testproject\unittestproject10\bin\debug\unittestproject10.dll" id="0a8a668f-ff71-29d0-c08b-0fc576ae2e32">
      <Execution id="0ea01ec6-cf28-403b-a13d-db67e13e67ec" />
      <TestMethod codeBase="C:\Users\navb\source\repos\SampleProject\TestProject\UnitTestProject10\bin\Debug\UnitTestProject10.dll" adapterTypeName="Microsoft.VisualStudio.TestTools.TestTypes.Unit.UnitTestAdapter" className="UnitTestinProgress.MSTestClass2" name="MSTest_P2_959" />
    </UnitTest>
    <UnitTest name="MSTest_P2_960" storage="c:\users\navb\source\repos\sampleproject\testproject\unittestproject10\bin\debug\unittestproject10.dll" id="d12a5db6-fe22-e196-74ee-7702ee4ec904">
      <Execution id="65a7fd33-89b5-4ad8-9421-31f1adbb6cf2" />
      <TestMethod codeBase="C:\Users\navb\source\repos\SampleProject\TestProject\UnitTestProject10\bin\Debug\UnitTestProject10.dll" adapterTypeName="Microsoft.VisualStudio.TestTools.TestTypes.Unit.UnitTestAdapter" className="UnitTestinProgress.MSTestClass2" name="MSTest_P2_960" />
    </UnitTest>
    <UnitTest name="MSTest_P2_961" storage="c:\users\navb\source\repos\sampleproject\testproject\unittestproject10\bin\debug\unittestproject10.dll" id="1d3891a6-1247-0c7b-0dc7-cfd177bcdbdd">
      <Execution id="314b44b9-10ab-4727-9471-be8211686b3c" />
      <TestMethod codeBase="C:\Users\navb\source\repos\SampleProject\TestProject\UnitTestProject10\bin\Debug\UnitTestProject10.dll" adapterTypeName="Microsoft.VisualStudio.TestTools.TestTypes.Unit.UnitTestAdapter" className="UnitTestinProgress.MSTestClass2" name="MSTest_P2_961" />
    </UnitTest>
    <UnitTest name="MSTest_P2_962" storage="c:\users\navb\source\repos\sampleproject\testproject\unittestproject10\bin\debug\unittestproject10.dll" id="95077557-478d-7507-6475-5cf434b1d3b7">
      <Execution id="a9641fa9-5a31-4eeb-ab5e-224d738a4dba" />
      <TestMethod codeBase="C:\Users\navb\source\repos\SampleProject\TestProject\UnitTestProject10\bin\Debug\UnitTestProject10.dll" adapterTypeName="Microsoft.VisualStudio.TestTools.TestTypes.Unit.UnitTestAdapter" className="UnitTestinProgress.MSTestClass2" name="MSTest_P2_962" />
    </UnitTest>
    <UnitTest name="MSTest_P2_963" storage="c:\users\navb\source\repos\sampleproject\testproject\unittestproject10\bin\debug\unittestproject10.dll" id="dde802ab-3490-e7fd-a348-51dfedb39074">
      <Execution id="6cbfb375-3896-4c49-a133-46b19902a1b4" />
      <TestMethod codeBase="C:\Users\navb\source\repos\SampleProject\TestProject\UnitTestProject10\bin\Debug\UnitTestProject10.dll" adapterTypeName="Microsoft.VisualStudio.TestTools.TestTypes.Unit.UnitTestAdapter" className="UnitTestinProgress.MSTestClass2" name="MSTest_P2_963" />
    </UnitTest>
    <UnitTest name="MSTest_P2_964" storage="c:\users\navb\source\repos\sampleproject\testproject\unittestproject10\bin\debug\unittestproject10.dll" id="a53a1da3-8a72-7627-2744-1b497aa4a58a">
      <Execution id="bebcdad6-7fe3-4cb3-89e5-59239957cacb" />
      <TestMethod codeBase="C:\Users\navb\source\repos\SampleProject\TestProject\UnitTestProject10\bin\Debug\UnitTestProject10.dll" adapterTypeName="Microsoft.VisualStudio.TestTools.TestTypes.Unit.UnitTestAdapter" className="UnitTestinProgress.MSTestClass2" name="MSTest_P2_964" />
    </UnitTest>
    <UnitTest name="MSTest_P2_965" storage="c:\users\navb\source\repos\sampleproject\testproject\unittestproject10\bin\debug\unittestproject10.dll" id="6f45ea30-aeef-91aa-f63d-95cdbbda8819">
      <Execution id="f0bb422d-48ca-4dcd-b421-1eb450bc32af" />
      <TestMethod codeBase="C:\Users\navb\source\repos\SampleProject\TestProject\UnitTestProject10\bin\Debug\UnitTestProject10.dll" adapterTypeName="Microsoft.VisualStudio.TestTools.TestTypes.Unit.UnitTestAdapter" className="UnitTestinProgress.MSTestClass2" name="MSTest_P2_965" />
    </UnitTest>
    <UnitTest name="MSTest_P2_966" storage="c:\users\navb\source\repos\sampleproject\testproject\unittestproject10\bin\debug\unittestproject10.dll" id="2e7291dd-c1de-8bf0-4046-3eab145e03ad">
      <Execution id="e3c5e285-edf3-4bb2-a45a-36099821dbba" />
      <TestMethod codeBase="C:\Users\navb\source\repos\SampleProject\TestProject\UnitTestProject10\bin\Debug\UnitTestProject10.dll" adapterTypeName="Microsoft.VisualStudio.TestTools.TestTypes.Unit.UnitTestAdapter" className="UnitTestinProgress.MSTestClass2" name="MSTest_P2_966" />
    </UnitTest>
    <UnitTest name="MSTest_P2_967" storage="c:\users\navb\source\repos\sampleproject\testproject\unittestproject10\bin\debug\unittestproject10.dll" id="eec61463-083f-d697-f74b-78e6661a0ffa">
      <Execution id="09ef366d-04b8-47e6-9607-ce8b1bb83a0c" />
      <TestMethod codeBase="C:\Users\navb\source\repos\SampleProject\TestProject\UnitTestProject10\bin\Debug\UnitTestProject10.dll" adapterTypeName="Microsoft.VisualStudio.TestTools.TestTypes.Unit.UnitTestAdapter" className="UnitTestinProgress.MSTestClass2" name="MSTest_P2_967" />
    </UnitTest>
    <UnitTest name="MSTest_P2_968" storage="c:\users\navb\source\repos\sampleproject\testproject\unittestproject10\bin\debug\unittestproject10.dll" id="021aa6e2-1ab8-bf0e-3a87-a681b1bfbd3c">
      <Execution id="33f40c0a-e381-4fc3-9d67-fe0dfd137c85" />
      <TestMethod codeBase="C:\Users\navb\source\repos\SampleProject\TestProject\UnitTestProject10\bin\Debug\UnitTestProject10.dll" adapterTypeName="Microsoft.VisualStudio.TestTools.TestTypes.Unit.UnitTestAdapter" className="UnitTestinProgress.MSTestClass2" name="MSTest_P2_968" />
    </UnitTest>
    <UnitTest name="MSTest_P2_969" storage="c:\users\navb\source\repos\sampleproject\testproject\unittestproject10\bin\debug\unittestproject10.dll" id="f1b7b4ee-b356-2a6e-ad47-59d1eea98de9">
      <Execution id="fc8d0f7c-6770-49b8-88bb-0a4d064adf0c" />
      <TestMethod codeBase="C:\Users\navb\source\repos\SampleProject\TestProject\UnitTestProject10\bin\Debug\UnitTestProject10.dll" adapterTypeName="Microsoft.VisualStudio.TestTools.TestTypes.Unit.UnitTestAdapter" className="UnitTestinProgress.MSTestClass2" name="MSTest_P2_969" />
    </UnitTest>
    <UnitTest name="MSTest_P2_970" storage="c:\users\navb\source\repos\sampleproject\testproject\unittestproject10\bin\debug\unittestproject10.dll" id="937c1a24-2374-a6c9-43f7-7bd06df36671">
      <Execution id="60368c65-d1ee-4d41-96cc-9412ffb286a5" />
      <TestMethod codeBase="C:\Users\navb\source\repos\SampleProject\TestProject\UnitTestProject10\bin\Debug\UnitTestProject10.dll" adapterTypeName="Microsoft.VisualStudio.TestTools.TestTypes.Unit.UnitTestAdapter" className="UnitTestinProgress.MSTestClass2" name="MSTest_P2_970" />
    </UnitTest>
    <UnitTest name="MSTest_P2_971" storage="c:\users\navb\source\repos\sampleproject\testproject\unittestproject10\bin\debug\unittestproject10.dll" id="00e26104-cf41-c102-75d3-90abc73f737c">
      <Execution id="dd625fcd-5e01-4441-b5d0-05d79ef3b353" />
      <TestMethod codeBase="C:\Users\navb\source\repos\SampleProject\TestProject\UnitTestProject10\bin\Debug\UnitTestProject10.dll" adapterTypeName="Microsoft.VisualStudio.TestTools.TestTypes.Unit.UnitTestAdapter" className="UnitTestinProgress.MSTestClass2" name="MSTest_P2_971" />
    </UnitTest>
    <UnitTest name="MSTest_P2_972" storage="c:\users\navb\source\repos\sampleproject\testproject\unittestproject10\bin\debug\unittestproject10.dll" id="6db42630-2762-f0dd-63a5-dfa32cb907cc">
      <Execution id="5c04855e-57e1-456f-9322-a21e12199ae2" />
      <TestMethod codeBase="C:\Users\navb\source\repos\SampleProject\TestProject\UnitTestProject10\bin\Debug\UnitTestProject10.dll" adapterTypeName="Microsoft.VisualStudio.TestTools.TestTypes.Unit.UnitTestAdapter" className="UnitTestinProgress.MSTestClass2" name="MSTest_P2_972" />
    </UnitTest>
    <UnitTest name="MSTest_P2_973" storage="c:\users\navb\source\repos\sampleproject\testproject\unittestproject10\bin\debug\unittestproject10.dll" id="f149c2ba-465a-6c74-3c63-988375e8514b">
      <Execution id="b76b89e1-2bed-43e8-b5eb-057e32936457" />
      <TestMethod codeBase="C:\Users\navb\source\repos\SampleProject\TestProject\UnitTestProject10\bin\Debug\UnitTestProject10.dll" adapterTypeName="Microsoft.VisualStudio.TestTools.TestTypes.Unit.UnitTestAdapter" className="UnitTestinProgress.MSTestClass2" name="MSTest_P2_973" />
    </UnitTest>
    <UnitTest name="MSTest_P2_974" storage="c:\users\navb\source\repos\sampleproject\testproject\unittestproject10\bin\debug\unittestproject10.dll" id="534e5a5e-a75c-4d7b-ee03-c96c63db19fe">
      <Execution id="2532d19f-2241-46df-a250-12b953db0bc7" />
      <TestMethod codeBase="C:\Users\navb\source\repos\SampleProject\TestProject\UnitTestProject10\bin\Debug\UnitTestProject10.dll" adapterTypeName="Microsoft.VisualStudio.TestTools.TestTypes.Unit.UnitTestAdapter" className="UnitTestinProgress.MSTestClass2" name="MSTest_P2_974" />
    </UnitTest>
    <UnitTest name="MSTest_P2_975" storage="c:\users\navb\source\repos\sampleproject\testproject\unittestproject10\bin\debug\unittestproject10.dll" id="c4e1a648-d13c-6d96-77e1-194682ca2e2f">
      <Execution id="cd45e116-21b6-4d59-91fe-c1431bcbfd57" />
      <TestMethod codeBase="C:\Users\navb\source\repos\SampleProject\TestProject\UnitTestProject10\bin\Debug\UnitTestProject10.dll" adapterTypeName="Microsoft.VisualStudio.TestTools.TestTypes.Unit.UnitTestAdapter" className="UnitTestinProgress.MSTestClass2" name="MSTest_P2_975" />
    </UnitTest>
    <UnitTest name="MSTest_P2_976" storage="c:\users\navb\source\repos\sampleproject\testproject\unittestproject10\bin\debug\unittestproject10.dll" id="5a6efaa2-6cee-cfc4-c728-aae3bfe1ac68">
      <Execution id="9aae71fc-8859-41f7-acb4-9631a64cc0a3" />
      <TestMethod codeBase="C:\Users\navb\source\repos\SampleProject\TestProject\UnitTestProject10\bin\Debug\UnitTestProject10.dll" adapterTypeName="Microsoft.VisualStudio.TestTools.TestTypes.Unit.UnitTestAdapter" className="UnitTestinProgress.MSTestClass2" name="MSTest_P2_976" />
    </UnitTest>
    <UnitTest name="MSTest_P2_977" storage="c:\users\navb\source\repos\sampleproject\testproject\unittestproject10\bin\debug\unittestproject10.dll" id="2714cde1-9535-bf45-b8a7-195dca391fda">
      <Execution id="6ee6a1f7-9474-407b-a815-f7e131649565" />
      <TestMethod codeBase="C:\Users\navb\source\repos\SampleProject\TestProject\UnitTestProject10\bin\Debug\UnitTestProject10.dll" adapterTypeName="Microsoft.VisualStudio.TestTools.TestTypes.Unit.UnitTestAdapter" className="UnitTestinProgress.MSTestClass2" name="MSTest_P2_977" />
    </UnitTest>
    <UnitTest name="MSTest_P2_978" storage="c:\users\navb\source\repos\sampleproject\testproject\unittestproject10\bin\debug\unittestproject10.dll" id="0c9e54e2-5122-ba29-f0a0-9ae6abe21274">
      <Execution id="4283201b-fee1-4998-97ac-2fc85c46a0b4" />
      <TestMethod codeBase="C:\Users\navb\source\repos\SampleProject\TestProject\UnitTestProject10\bin\Debug\UnitTestProject10.dll" adapterTypeName="Microsoft.VisualStudio.TestTools.TestTypes.Unit.UnitTestAdapter" className="UnitTestinProgress.MSTestClass2" name="MSTest_P2_978" />
    </UnitTest>
    <UnitTest name="MSTest_P2_979" storage="c:\users\navb\source\repos\sampleproject\testproject\unittestproject10\bin\debug\unittestproject10.dll" id="f53bd6f4-efaa-25e3-9060-6b3174fffaa7">
      <Execution id="dded7d0e-9524-4169-bdb5-22172283ba6d" />
      <TestMethod codeBase="C:\Users\navb\source\repos\SampleProject\TestProject\UnitTestProject10\bin\Debug\UnitTestProject10.dll" adapterTypeName="Microsoft.VisualStudio.TestTools.TestTypes.Unit.UnitTestAdapter" className="UnitTestinProgress.MSTestClass2" name="MSTest_P2_979" />
    </UnitTest>
    <UnitTest name="MSTest_P2_980" storage="c:\users\navb\source\repos\sampleproject\testproject\unittestproject10\bin\debug\unittestproject10.dll" id="31a54882-0459-8808-6dea-815b93d1cf37">
      <Execution id="97aec587-7cb0-4adb-9c77-ba8539c6822d" />
      <TestMethod codeBase="C:\Users\navb\source\repos\SampleProject\TestProject\UnitTestProject10\bin\Debug\UnitTestProject10.dll" adapterTypeName="Microsoft.VisualStudio.TestTools.TestTypes.Unit.UnitTestAdapter" className="UnitTestinProgress.MSTestClass2" name="MSTest_P2_980" />
    </UnitTest>
    <UnitTest name="MSTest_P2_981" storage="c:\users\navb\source\repos\sampleproject\testproject\unittestproject10\bin\debug\unittestproject10.dll" id="73ee45f0-db72-8be7-691e-6a6da7f10eb4">
      <Execution id="5577bb84-6f29-45cc-b57a-e06783c00da0" />
      <TestMethod codeBase="C:\Users\navb\source\repos\SampleProject\TestProject\UnitTestProject10\bin\Debug\UnitTestProject10.dll" adapterTypeName="Microsoft.VisualStudio.TestTools.TestTypes.Unit.UnitTestAdapter" className="UnitTestinProgress.MSTestClass2" name="MSTest_P2_981" />
    </UnitTest>
    <UnitTest name="MSTest_P2_982" storage="c:\users\navb\source\repos\sampleproject\testproject\unittestproject10\bin\debug\unittestproject10.dll" id="c42e4098-937c-1bdf-286e-4a88535261f6">
      <Execution id="42f9d21f-e263-4269-b958-a73ede440803" />
      <TestMethod codeBase="C:\Users\navb\source\repos\SampleProject\TestProject\UnitTestProject10\bin\Debug\UnitTestProject10.dll" adapterTypeName="Microsoft.VisualStudio.TestTools.TestTypes.Unit.UnitTestAdapter" className="UnitTestinProgress.MSTestClass2" name="MSTest_P2_982" />
    </UnitTest>
    <UnitTest name="MSTest_P2_983" storage="c:\users\navb\source\repos\sampleproject\testproject\unittestproject10\bin\debug\unittestproject10.dll" id="eb5031d8-5a01-da61-3df7-26c870bd3135">
      <Execution id="f0ea465e-f68c-4a8d-b20d-32552a458589" />
      <TestMethod codeBase="C:\Users\navb\source\repos\SampleProject\TestProject\UnitTestProject10\bin\Debug\UnitTestProject10.dll" adapterTypeName="Microsoft.VisualStudio.TestTools.TestTypes.Unit.UnitTestAdapter" className="UnitTestinProgress.MSTestClass2" name="MSTest_P2_983" />
    </UnitTest>
    <UnitTest name="MSTest_P2_984" storage="c:\users\navb\source\repos\sampleproject\testproject\unittestproject10\bin\debug\unittestproject10.dll" id="6526c150-7f85-b1c4-20f9-d5f664670ad4">
      <Execution id="92ed1a9c-3361-4063-ad2b-4de5bd70f122" />
      <TestMethod codeBase="C:\Users\navb\source\repos\SampleProject\TestProject\UnitTestProject10\bin\Debug\UnitTestProject10.dll" adapterTypeName="Microsoft.VisualStudio.TestTools.TestTypes.Unit.UnitTestAdapter" className="UnitTestinProgress.MSTestClass2" name="MSTest_P2_984" />
    </UnitTest>
    <UnitTest name="MSTest_P2_985" storage="c:\users\navb\source\repos\sampleproject\testproject\unittestproject10\bin\debug\unittestproject10.dll" id="641d120b-a58b-5f63-7577-1d2096e02b03">
      <Execution id="356dac79-0d8d-4c36-9fb8-3791899662b7" />
      <TestMethod codeBase="C:\Users\navb\source\repos\SampleProject\TestProject\UnitTestProject10\bin\Debug\UnitTestProject10.dll" adapterTypeName="Microsoft.VisualStudio.TestTools.TestTypes.Unit.UnitTestAdapter" className="UnitTestinProgress.MSTestClass2" name="MSTest_P2_985" />
    </UnitTest>
    <UnitTest name="MSTest_P2_986" storage="c:\users\navb\source\repos\sampleproject\testproject\unittestproject10\bin\debug\unittestproject10.dll" id="2a114e9d-3e7a-eed7-7fc6-c79f8364b40f">
      <Execution id="7d66496e-d8ec-4c20-928c-3a8b2a09431c" />
      <TestMethod codeBase="C:\Users\navb\source\repos\SampleProject\TestProject\UnitTestProject10\bin\Debug\UnitTestProject10.dll" adapterTypeName="Microsoft.VisualStudio.TestTools.TestTypes.Unit.UnitTestAdapter" className="UnitTestinProgress.MSTestClass2" name="MSTest_P2_986" />
    </UnitTest>
    <UnitTest name="MSTest_P2_987" storage="c:\users\navb\source\repos\sampleproject\testproject\unittestproject10\bin\debug\unittestproject10.dll" id="7a199eaa-23a1-e626-ccad-d70838934b1e">
      <Execution id="ae3e7a42-8df8-4a4a-8d7f-e7d56e20c927" />
      <TestMethod codeBase="C:\Users\navb\source\repos\SampleProject\TestProject\UnitTestProject10\bin\Debug\UnitTestProject10.dll" adapterTypeName="Microsoft.VisualStudio.TestTools.TestTypes.Unit.UnitTestAdapter" className="UnitTestinProgress.MSTestClass2" name="MSTest_P2_987" />
    </UnitTest>
    <UnitTest name="MSTest_P2_988" storage="c:\users\navb\source\repos\sampleproject\testproject\unittestproject10\bin\debug\unittestproject10.dll" id="040e15d1-3cc6-eb89-1511-64d9be934374">
      <Execution id="a96433ca-93b9-4698-8730-7c3d331a86e1" />
      <TestMethod codeBase="C:\Users\navb\source\repos\SampleProject\TestProject\UnitTestProject10\bin\Debug\UnitTestProject10.dll" adapterTypeName="Microsoft.VisualStudio.TestTools.TestTypes.Unit.UnitTestAdapter" className="UnitTestinProgress.MSTestClass2" name="MSTest_P2_988" />
    </UnitTest>
    <UnitTest name="MSTest_P2_989" storage="c:\users\navb\source\repos\sampleproject\testproject\unittestproject10\bin\debug\unittestproject10.dll" id="4072e1a5-5a8d-7b88-a069-2fef89825d5c">
      <Execution id="ff9c0e93-41d1-468c-9266-871d68fc1caf" />
      <TestMethod codeBase="C:\Users\navb\source\repos\SampleProject\TestProject\UnitTestProject10\bin\Debug\UnitTestProject10.dll" adapterTypeName="Microsoft.VisualStudio.TestTools.TestTypes.Unit.UnitTestAdapter" className="UnitTestinProgress.MSTestClass2" name="MSTest_P2_989" />
    </UnitTest>
    <UnitTest name="MSTest_P2_990" storage="c:\users\navb\source\repos\sampleproject\testproject\unittestproject10\bin\debug\unittestproject10.dll" id="5befa1f8-d1ed-8ba8-f375-fd0acfe7d428">
      <Execution id="d64ad827-ed77-4c32-ad9a-96870200ed7a" />
      <TestMethod codeBase="C:\Users\navb\source\repos\SampleProject\TestProject\UnitTestProject10\bin\Debug\UnitTestProject10.dll" adapterTypeName="Microsoft.VisualStudio.TestTools.TestTypes.Unit.UnitTestAdapter" className="UnitTestinProgress.MSTestClass2" name="MSTest_P2_990" />
    </UnitTest>
    <UnitTest name="MSTest_P2_991" storage="c:\users\navb\source\repos\sampleproject\testproject\unittestproject10\bin\debug\unittestproject10.dll" id="3bc42893-cda1-767a-940c-35ff84d6f263">
      <Execution id="551d2a60-f879-48c7-97e8-898482632485" />
      <TestMethod codeBase="C:\Users\navb\source\repos\SampleProject\TestProject\UnitTestProject10\bin\Debug\UnitTestProject10.dll" adapterTypeName="Microsoft.VisualStudio.TestTools.TestTypes.Unit.UnitTestAdapter" className="UnitTestinProgress.MSTestClass2" name="MSTest_P2_991" />
    </UnitTest>
    <UnitTest name="MSTest_P2_992" storage="c:\users\navb\source\repos\sampleproject\testproject\unittestproject10\bin\debug\unittestproject10.dll" id="acd2cded-6d85-a36c-f6c5-4544e1fd59e5">
      <Execution id="5f2c7925-c301-4b9e-881d-145b28cfb0bf" />
      <TestMethod codeBase="C:\Users\navb\source\repos\SampleProject\TestProject\UnitTestProject10\bin\Debug\UnitTestProject10.dll" adapterTypeName="Microsoft.VisualStudio.TestTools.TestTypes.Unit.UnitTestAdapter" className="UnitTestinProgress.MSTestClass2" name="MSTest_P2_992" />
    </UnitTest>
    <UnitTest name="MSTest_P2_993" storage="c:\users\navb\source\repos\sampleproject\testproject\unittestproject10\bin\debug\unittestproject10.dll" id="78f37c92-952e-5a6b-3748-988cf20dc3bb">
      <Execution id="369e5f99-d5f9-419d-9666-fdb6a7e70856" />
      <TestMethod codeBase="C:\Users\navb\source\repos\SampleProject\TestProject\UnitTestProject10\bin\Debug\UnitTestProject10.dll" adapterTypeName="Microsoft.VisualStudio.TestTools.TestTypes.Unit.UnitTestAdapter" className="UnitTestinProgress.MSTestClass2" name="MSTest_P2_993" />
    </UnitTest>
    <UnitTest name="MSTest_P2_994" storage="c:\users\navb\source\repos\sampleproject\testproject\unittestproject10\bin\debug\unittestproject10.dll" id="775de9b7-b56f-e178-17a4-2e73b893f714">
      <Execution id="7530f334-476e-424c-94bc-fc01f94e204a" />
      <TestMethod codeBase="C:\Users\navb\source\repos\SampleProject\TestProject\UnitTestProject10\bin\Debug\UnitTestProject10.dll" adapterTypeName="Microsoft.VisualStudio.TestTools.TestTypes.Unit.UnitTestAdapter" className="UnitTestinProgress.MSTestClass2" name="MSTest_P2_994" />
    </UnitTest>
    <UnitTest name="MSTest_P2_995" storage="c:\users\navb\source\repos\sampleproject\testproject\unittestproject10\bin\debug\unittestproject10.dll" id="7b614397-d243-a17d-7fb1-de23fbb638cf">
      <Execution id="651cd1f8-7cfa-4ac8-b42d-059e37f2ec67" />
      <TestMethod codeBase="C:\Users\navb\source\repos\SampleProject\TestProject\UnitTestProject10\bin\Debug\UnitTestProject10.dll" adapterTypeName="Microsoft.VisualStudio.TestTools.TestTypes.Unit.UnitTestAdapter" className="UnitTestinProgress.MSTestClass2" name="MSTest_P2_995" />
    </UnitTest>
    <UnitTest name="MSTest_P2_996" storage="c:\users\navb\source\repos\sampleproject\testproject\unittestproject10\bin\debug\unittestproject10.dll" id="35cd141a-84b6-cc50-2752-0f4f7b4c9285">
      <Execution id="c2021892-25a1-480c-87ed-6b3df7cc3ae7" />
      <TestMethod codeBase="C:\Users\navb\source\repos\SampleProject\TestProject\UnitTestProject10\bin\Debug\UnitTestProject10.dll" adapterTypeName="Microsoft.VisualStudio.TestTools.TestTypes.Unit.UnitTestAdapter" className="UnitTestinProgress.MSTestClass2" name="MSTest_P2_996" />
    </UnitTest>
    <UnitTest name="MSTest_P2_997" storage="c:\users\navb\source\repos\sampleproject\testproject\unittestproject10\bin\debug\unittestproject10.dll" id="1d9e7009-8802-9d9b-8a2f-df3debadc0a0">
      <Execution id="c63324f4-9f8d-4315-92b2-f676e59be4f4" />
      <TestMethod codeBase="C:\Users\navb\source\repos\SampleProject\TestProject\UnitTestProject10\bin\Debug\UnitTestProject10.dll" adapterTypeName="Microsoft.VisualStudio.TestTools.TestTypes.Unit.UnitTestAdapter" className="UnitTestinProgress.MSTestClass2" name="MSTest_P2_997" />
    </UnitTest>
    <UnitTest name="MSTest_P2_998" storage="c:\users\navb\source\repos\sampleproject\testproject\unittestproject10\bin\debug\unittestproject10.dll" id="41171bd7-86b8-6ca1-3adc-e33c367d87d2">
      <Execution id="0d672b36-36e9-46b5-899e-83012e736d5c" />
      <TestMethod codeBase="C:\Users\navb\source\repos\SampleProject\TestProject\UnitTestProject10\bin\Debug\UnitTestProject10.dll" adapterTypeName="Microsoft.VisualStudio.TestTools.TestTypes.Unit.UnitTestAdapter" className="UnitTestinProgress.MSTestClass2" name="MSTest_P2_998" />
    </UnitTest>
    <UnitTest name="MSTest_P2_999" storage="c:\users\navb\source\repos\sampleproject\testproject\unittestproject10\bin\debug\unittestproject10.dll" id="c5239ca4-79b1-e054-dcaf-e5932e86c8d2">
      <Execution id="a2af73d3-5d1a-4ef9-9bc4-3f849aa28067" />
      <TestMethod codeBase="C:\Users\navb\source\repos\SampleProject\TestProject\UnitTestProject10\bin\Debug\UnitTestProject10.dll" adapterTypeName="Microsoft.VisualStudio.TestTools.TestTypes.Unit.UnitTestAdapter" className="UnitTestinProgress.MSTestClass2" name="MSTest_P2_999" />
    </UnitTest>
    <UnitTest name="MSTest_P2_1000" storage="c:\users\navb\source\repos\sampleproject\testproject\unittestproject10\bin\debug\unittestproject10.dll" id="8c179aa1-3adf-0dbb-7bf6-79bd1dec4b45">
      <Execution id="1ce68d10-d19f-4948-9b77-bf4d51d538c7" />
      <TestMethod codeBase="C:\Users\navb\source\repos\SampleProject\TestProject\UnitTestProject10\bin\Debug\UnitTestProject10.dll" adapterTypeName="Microsoft.VisualStudio.TestTools.TestTypes.Unit.UnitTestAdapter" className="UnitTestinProgress.MSTestClass2" name="MSTest_P2_1000" />
    </UnitTest>
    <UnitTest name="MSTest_P2_851" storage="c:\users\navb\source\repos\sampleproject\testproject\unittestproject10\bin\debug\unittestproject10.dll" id="a7fe75a3-2e96-03bd-b6ec-4bc0846c7d00">
      <Execution id="4aade8e6-7712-4d6d-8297-b4e0feebe562" />
      <TestMethod codeBase="C:\Users\navb\source\repos\SampleProject\TestProject\UnitTestProject10\bin\Debug\UnitTestProject10.dll" adapterTypeName="Microsoft.VisualStudio.TestTools.TestTypes.Unit.UnitTestAdapter" className="UnitTestinProgress.MSTestClass2" name="MSTest_P2_851" />
    </UnitTest>
    <UnitTest name="MSTest_P2_852" storage="c:\users\navb\source\repos\sampleproject\testproject\unittestproject10\bin\debug\unittestproject10.dll" id="c4ee037e-817c-ec67-92c1-9e161f80ebc3">
      <Execution id="2c21d862-897e-416f-9c81-d7af764cf30c" />
      <TestMethod codeBase="C:\Users\navb\source\repos\SampleProject\TestProject\UnitTestProject10\bin\Debug\UnitTestProject10.dll" adapterTypeName="Microsoft.VisualStudio.TestTools.TestTypes.Unit.UnitTestAdapter" className="UnitTestinProgress.MSTestClass2" name="MSTest_P2_852" />
    </UnitTest>
    <UnitTest name="MSTest_P2_853" storage="c:\users\navb\source\repos\sampleproject\testproject\unittestproject10\bin\debug\unittestproject10.dll" id="3a19ebda-b487-9e39-3057-c3b49f9be1eb">
      <Execution id="71f3451a-b38e-4c1a-9f8d-4c1ba03b402b" />
      <TestMethod codeBase="C:\Users\navb\source\repos\SampleProject\TestProject\UnitTestProject10\bin\Debug\UnitTestProject10.dll" adapterTypeName="Microsoft.VisualStudio.TestTools.TestTypes.Unit.UnitTestAdapter" className="UnitTestinProgress.MSTestClass2" name="MSTest_P2_853" />
    </UnitTest>
    <UnitTest name="MSTest_P2_854" storage="c:\users\navb\source\repos\sampleproject\testproject\unittestproject10\bin\debug\unittestproject10.dll" id="4d82cbc9-2b0f-469d-9800-fb435711556a">
      <Execution id="2146ae85-c338-4b60-88f1-5d44eb10207c" />
      <TestMethod codeBase="C:\Users\navb\source\repos\SampleProject\TestProject\UnitTestProject10\bin\Debug\UnitTestProject10.dll" adapterTypeName="Microsoft.VisualStudio.TestTools.TestTypes.Unit.UnitTestAdapter" className="UnitTestinProgress.MSTestClass2" name="MSTest_P2_854" />
    </UnitTest>
    <UnitTest name="MSTest_P2_855" storage="c:\users\navb\source\repos\sampleproject\testproject\unittestproject10\bin\debug\unittestproject10.dll" id="ae41f3b8-920f-ca4d-e937-5dcb87ebba03">
      <Execution id="deef6683-de3f-4e4e-83e3-254dc3714354" />
      <TestMethod codeBase="C:\Users\navb\source\repos\SampleProject\TestProject\UnitTestProject10\bin\Debug\UnitTestProject10.dll" adapterTypeName="Microsoft.VisualStudio.TestTools.TestTypes.Unit.UnitTestAdapter" className="UnitTestinProgress.MSTestClass2" name="MSTest_P2_855" />
    </UnitTest>
    <UnitTest name="MSTest_P2_856" storage="c:\users\navb\source\repos\sampleproject\testproject\unittestproject10\bin\debug\unittestproject10.dll" id="3033e893-6716-43cf-7916-56ba87dea9be">
      <Execution id="27c6d78a-b9d2-484c-b270-39b359e66f7d" />
      <TestMethod codeBase="C:\Users\navb\source\repos\SampleProject\TestProject\UnitTestProject10\bin\Debug\UnitTestProject10.dll" adapterTypeName="Microsoft.VisualStudio.TestTools.TestTypes.Unit.UnitTestAdapter" className="UnitTestinProgress.MSTestClass2" name="MSTest_P2_856" />
    </UnitTest>
    <UnitTest name="MSTest_P2_857" storage="c:\users\navb\source\repos\sampleproject\testproject\unittestproject10\bin\debug\unittestproject10.dll" id="7fb75753-0271-6479-c751-1f628e7ab5ff">
      <Execution id="ba14b0fa-5d4f-4dc6-9365-c3918a63b716" />
      <TestMethod codeBase="C:\Users\navb\source\repos\SampleProject\TestProject\UnitTestProject10\bin\Debug\UnitTestProject10.dll" adapterTypeName="Microsoft.VisualStudio.TestTools.TestTypes.Unit.UnitTestAdapter" className="UnitTestinProgress.MSTestClass2" name="MSTest_P2_857" />
    </UnitTest>
    <UnitTest name="MSTest_P2_858" storage="c:\users\navb\source\repos\sampleproject\testproject\unittestproject10\bin\debug\unittestproject10.dll" id="be672a72-fc18-0400-485a-12de53f23a2a">
      <Execution id="093088f4-578a-46d2-a3c0-27618a4ff0e2" />
      <TestMethod codeBase="C:\Users\navb\source\repos\SampleProject\TestProject\UnitTestProject10\bin\Debug\UnitTestProject10.dll" adapterTypeName="Microsoft.VisualStudio.TestTools.TestTypes.Unit.UnitTestAdapter" className="UnitTestinProgress.MSTestClass2" name="MSTest_P2_858" />
    </UnitTest>
    <UnitTest name="MSTest_P2_859" storage="c:\users\navb\source\repos\sampleproject\testproject\unittestproject10\bin\debug\unittestproject10.dll" id="21085900-bc69-616c-355b-a614e8f5bf08">
      <Execution id="02885754-4ba1-447a-ab8a-f77274409048" />
      <TestMethod codeBase="C:\Users\navb\source\repos\SampleProject\TestProject\UnitTestProject10\bin\Debug\UnitTestProject10.dll" adapterTypeName="Microsoft.VisualStudio.TestTools.TestTypes.Unit.UnitTestAdapter" className="UnitTestinProgress.MSTestClass2" name="MSTest_P2_859" />
    </UnitTest>
    <UnitTest name="MSTest_P2_860" storage="c:\users\navb\source\repos\sampleproject\testproject\unittestproject10\bin\debug\unittestproject10.dll" id="86027b69-76ae-89a5-9c9b-b257953e6d41">
      <Execution id="6d560a3b-5997-4fdf-9f76-8df29ff3e1ea" />
      <TestMethod codeBase="C:\Users\navb\source\repos\SampleProject\TestProject\UnitTestProject10\bin\Debug\UnitTestProject10.dll" adapterTypeName="Microsoft.VisualStudio.TestTools.TestTypes.Unit.UnitTestAdapter" className="UnitTestinProgress.MSTestClass2" name="MSTest_P2_860" />
    </UnitTest>
    <UnitTest name="MSTest_P2_861" storage="c:\users\navb\source\repos\sampleproject\testproject\unittestproject10\bin\debug\unittestproject10.dll" id="e2ba3635-b0ba-c8cb-7d36-5283fe37fe6e">
      <Execution id="7ca807d2-417b-4a55-9de6-268e59de1a16" />
      <TestMethod codeBase="C:\Users\navb\source\repos\SampleProject\TestProject\UnitTestProject10\bin\Debug\UnitTestProject10.dll" adapterTypeName="Microsoft.VisualStudio.TestTools.TestTypes.Unit.UnitTestAdapter" className="UnitTestinProgress.MSTestClass2" name="MSTest_P2_861" />
    </UnitTest>
    <UnitTest name="MSTest_P2_862" storage="c:\users\navb\source\repos\sampleproject\testproject\unittestproject10\bin\debug\unittestproject10.dll" id="f3ac47bd-a9a8-a877-946f-8b49d4f70f4f">
      <Execution id="7b19cb71-ba2a-4093-9481-0ce2959cdb01" />
      <TestMethod codeBase="C:\Users\navb\source\repos\SampleProject\TestProject\UnitTestProject10\bin\Debug\UnitTestProject10.dll" adapterTypeName="Microsoft.VisualStudio.TestTools.TestTypes.Unit.UnitTestAdapter" className="UnitTestinProgress.MSTestClass2" name="MSTest_P2_862" />
    </UnitTest>
    <UnitTest name="MSTest_P2_863" storage="c:\users\navb\source\repos\sampleproject\testproject\unittestproject10\bin\debug\unittestproject10.dll" id="b533f450-c8f3-9828-57b4-7959e05dc76f">
      <Execution id="ef93bfc8-5e1a-428c-82c0-50176e76eed6" />
      <TestMethod codeBase="C:\Users\navb\source\repos\SampleProject\TestProject\UnitTestProject10\bin\Debug\UnitTestProject10.dll" adapterTypeName="Microsoft.VisualStudio.TestTools.TestTypes.Unit.UnitTestAdapter" className="UnitTestinProgress.MSTestClass2" name="MSTest_P2_863" />
    </UnitTest>
    <UnitTest name="MSTest_P2_864" storage="c:\users\navb\source\repos\sampleproject\testproject\unittestproject10\bin\debug\unittestproject10.dll" id="352da715-0705-873c-fcfe-67b3903ef9f1">
      <Execution id="a0dfbb13-4bb8-427c-ae1d-37a12db891a8" />
      <TestMethod codeBase="C:\Users\navb\source\repos\SampleProject\TestProject\UnitTestProject10\bin\Debug\UnitTestProject10.dll" adapterTypeName="Microsoft.VisualStudio.TestTools.TestTypes.Unit.UnitTestAdapter" className="UnitTestinProgress.MSTestClass2" name="MSTest_P2_864" />
    </UnitTest>
    <UnitTest name="MSTest_P2_865" storage="c:\users\navb\source\repos\sampleproject\testproject\unittestproject10\bin\debug\unittestproject10.dll" id="c8fa2475-1264-b11f-70e9-ad862879d13f">
      <Execution id="508caa7a-ec56-45c4-8312-f72a48eb7ae6" />
      <TestMethod codeBase="C:\Users\navb\source\repos\SampleProject\TestProject\UnitTestProject10\bin\Debug\UnitTestProject10.dll" adapterTypeName="Microsoft.VisualStudio.TestTools.TestTypes.Unit.UnitTestAdapter" className="UnitTestinProgress.MSTestClass2" name="MSTest_P2_865" />
    </UnitTest>
    <UnitTest name="MSTest_P2_866" storage="c:\users\navb\source\repos\sampleproject\testproject\unittestproject10\bin\debug\unittestproject10.dll" id="01ba11fe-433f-f074-761c-8c83de2a907f">
      <Execution id="4ddefdcf-4470-4597-aae5-b0ea55960332" />
      <TestMethod codeBase="C:\Users\navb\source\repos\SampleProject\TestProject\UnitTestProject10\bin\Debug\UnitTestProject10.dll" adapterTypeName="Microsoft.VisualStudio.TestTools.TestTypes.Unit.UnitTestAdapter" className="UnitTestinProgress.MSTestClass2" name="MSTest_P2_866" />
    </UnitTest>
    <UnitTest name="MSTest_P2_867" storage="c:\users\navb\source\repos\sampleproject\testproject\unittestproject10\bin\debug\unittestproject10.dll" id="d6c2787e-17a8-1045-2399-a361ca4f0a4d">
      <Execution id="97fd8029-b14b-4654-8f86-9487083788d0" />
      <TestMethod codeBase="C:\Users\navb\source\repos\SampleProject\TestProject\UnitTestProject10\bin\Debug\UnitTestProject10.dll" adapterTypeName="Microsoft.VisualStudio.TestTools.TestTypes.Unit.UnitTestAdapter" className="UnitTestinProgress.MSTestClass2" name="MSTest_P2_867" />
    </UnitTest>
    <UnitTest name="MSTest_P2_868" storage="c:\users\navb\source\repos\sampleproject\testproject\unittestproject10\bin\debug\unittestproject10.dll" id="4b1598ca-bcf0-e7b8-8f2f-39050e65c172">
      <Execution id="48bcb4ef-130b-46a4-adaf-fd2d33830910" />
      <TestMethod codeBase="C:\Users\navb\source\repos\SampleProject\TestProject\UnitTestProject10\bin\Debug\UnitTestProject10.dll" adapterTypeName="Microsoft.VisualStudio.TestTools.TestTypes.Unit.UnitTestAdapter" className="UnitTestinProgress.MSTestClass2" name="MSTest_P2_868" />
    </UnitTest>
    <UnitTest name="MSTest_P2_869" storage="c:\users\navb\source\repos\sampleproject\testproject\unittestproject10\bin\debug\unittestproject10.dll" id="8d76d231-341b-be2a-b80f-b4f3e307e824">
      <Execution id="28a47072-b1d8-43e9-a734-6e64e0d6bbec" />
      <TestMethod codeBase="C:\Users\navb\source\repos\SampleProject\TestProject\UnitTestProject10\bin\Debug\UnitTestProject10.dll" adapterTypeName="Microsoft.VisualStudio.TestTools.TestTypes.Unit.UnitTestAdapter" className="UnitTestinProgress.MSTestClass2" name="MSTest_P2_869" />
    </UnitTest>
    <UnitTest name="MSTest_P2_870" storage="c:\users\navb\source\repos\sampleproject\testproject\unittestproject10\bin\debug\unittestproject10.dll" id="0010ea3a-5287-fd2f-b258-8339604e8989">
      <Execution id="75faa01f-9cc6-41f3-a2c1-ccb280da1510" />
      <TestMethod codeBase="C:\Users\navb\source\repos\SampleProject\TestProject\UnitTestProject10\bin\Debug\UnitTestProject10.dll" adapterTypeName="Microsoft.VisualStudio.TestTools.TestTypes.Unit.UnitTestAdapter" className="UnitTestinProgress.MSTestClass2" name="MSTest_P2_870" />
    </UnitTest>
    <UnitTest name="MSTest_P2_871" storage="c:\users\navb\source\repos\sampleproject\testproject\unittestproject10\bin\debug\unittestproject10.dll" id="677d7f28-e935-23ec-2ee4-6f2d6738fc72">
      <Execution id="b9ffa066-d360-4712-9b11-67764bcb32bc" />
      <TestMethod codeBase="C:\Users\navb\source\repos\SampleProject\TestProject\UnitTestProject10\bin\Debug\UnitTestProject10.dll" adapterTypeName="Microsoft.VisualStudio.TestTools.TestTypes.Unit.UnitTestAdapter" className="UnitTestinProgress.MSTestClass2" name="MSTest_P2_871" />
    </UnitTest>
    <UnitTest name="MSTest_P2_872" storage="c:\users\navb\source\repos\sampleproject\testproject\unittestproject10\bin\debug\unittestproject10.dll" id="05efae6d-3bf9-84bc-60cc-c072aff43c91">
      <Execution id="232789a4-8bcd-497c-9d69-79bd8f43bfed" />
      <TestMethod codeBase="C:\Users\navb\source\repos\SampleProject\TestProject\UnitTestProject10\bin\Debug\UnitTestProject10.dll" adapterTypeName="Microsoft.VisualStudio.TestTools.TestTypes.Unit.UnitTestAdapter" className="UnitTestinProgress.MSTestClass2" name="MSTest_P2_872" />
    </UnitTest>
    <UnitTest name="MSTest_P2_873" storage="c:\users\navb\source\repos\sampleproject\testproject\unittestproject10\bin\debug\unittestproject10.dll" id="e7aa002b-1aa3-87d8-d09b-f2903787c4c5">
      <Execution id="b7615690-c091-46de-ad3b-114bbee8cfc5" />
      <TestMethod codeBase="C:\Users\navb\source\repos\SampleProject\TestProject\UnitTestProject10\bin\Debug\UnitTestProject10.dll" adapterTypeName="Microsoft.VisualStudio.TestTools.TestTypes.Unit.UnitTestAdapter" className="UnitTestinProgress.MSTestClass2" name="MSTest_P2_873" />
    </UnitTest>
    <UnitTest name="MSTest_P2_874" storage="c:\users\navb\source\repos\sampleproject\testproject\unittestproject10\bin\debug\unittestproject10.dll" id="f83b8ceb-3c02-7924-de7f-cf05e02feba9">
      <Execution id="93d866db-63f2-426e-bcaa-85a953504a28" />
      <TestMethod codeBase="C:\Users\navb\source\repos\SampleProject\TestProject\UnitTestProject10\bin\Debug\UnitTestProject10.dll" adapterTypeName="Microsoft.VisualStudio.TestTools.TestTypes.Unit.UnitTestAdapter" className="UnitTestinProgress.MSTestClass2" name="MSTest_P2_874" />
    </UnitTest>
    <UnitTest name="MSTest_P2_875" storage="c:\users\navb\source\repos\sampleproject\testproject\unittestproject10\bin\debug\unittestproject10.dll" id="3c3b9333-2695-fbcf-f1f2-3fe50dd2df23">
      <Execution id="82d4bd43-a66b-4c98-b676-a9fbd0ff792c" />
      <TestMethod codeBase="C:\Users\navb\source\repos\SampleProject\TestProject\UnitTestProject10\bin\Debug\UnitTestProject10.dll" adapterTypeName="Microsoft.VisualStudio.TestTools.TestTypes.Unit.UnitTestAdapter" className="UnitTestinProgress.MSTestClass2" name="MSTest_P2_875" />
    </UnitTest>
    <UnitTest name="MSTest_P2_876" storage="c:\users\navb\source\repos\sampleproject\testproject\unittestproject10\bin\debug\unittestproject10.dll" id="78d579f6-f34e-71d5-c443-3fb4705c2583">
      <Execution id="433cc6fb-25bc-4d1b-a6bb-e7f361ee40b7" />
      <TestMethod codeBase="C:\Users\navb\source\repos\SampleProject\TestProject\UnitTestProject10\bin\Debug\UnitTestProject10.dll" adapterTypeName="Microsoft.VisualStudio.TestTools.TestTypes.Unit.UnitTestAdapter" className="UnitTestinProgress.MSTestClass2" name="MSTest_P2_876" />
    </UnitTest>
    <UnitTest name="MSTest_P2_877" storage="c:\users\navb\source\repos\sampleproject\testproject\unittestproject10\bin\debug\unittestproject10.dll" id="4026a03c-5cd1-f768-0585-3b65bec7b92e">
      <Execution id="cb30967b-9515-4c7a-aeb4-07c229fede1f" />
      <TestMethod codeBase="C:\Users\navb\source\repos\SampleProject\TestProject\UnitTestProject10\bin\Debug\UnitTestProject10.dll" adapterTypeName="Microsoft.VisualStudio.TestTools.TestTypes.Unit.UnitTestAdapter" className="UnitTestinProgress.MSTestClass2" name="MSTest_P2_877" />
    </UnitTest>
    <UnitTest name="MSTest_P2_878" storage="c:\users\navb\source\repos\sampleproject\testproject\unittestproject10\bin\debug\unittestproject10.dll" id="19807a41-2691-53a6-d62a-2db876d4fc94">
      <Execution id="a224e996-b85e-4447-b9f3-5a4d6928c858" />
      <TestMethod codeBase="C:\Users\navb\source\repos\SampleProject\TestProject\UnitTestProject10\bin\Debug\UnitTestProject10.dll" adapterTypeName="Microsoft.VisualStudio.TestTools.TestTypes.Unit.UnitTestAdapter" className="UnitTestinProgress.MSTestClass2" name="MSTest_P2_878" />
    </UnitTest>
    <UnitTest name="MSTest_P2_879" storage="c:\users\navb\source\repos\sampleproject\testproject\unittestproject10\bin\debug\unittestproject10.dll" id="53223002-3ece-d6b7-90af-dfc6000e70ce">
      <Execution id="fb8e6c5e-3c2b-476a-aa78-3348bc125675" />
      <TestMethod codeBase="C:\Users\navb\source\repos\SampleProject\TestProject\UnitTestProject10\bin\Debug\UnitTestProject10.dll" adapterTypeName="Microsoft.VisualStudio.TestTools.TestTypes.Unit.UnitTestAdapter" className="UnitTestinProgress.MSTestClass2" name="MSTest_P2_879" />
    </UnitTest>
    <UnitTest name="MSTest_P2_880" storage="c:\users\navb\source\repos\sampleproject\testproject\unittestproject10\bin\debug\unittestproject10.dll" id="5973e6ab-4412-1088-a080-cf1835df860a">
      <Execution id="1aa6ba76-8dbc-413a-b15b-8274834929a8" />
      <TestMethod codeBase="C:\Users\navb\source\repos\SampleProject\TestProject\UnitTestProject10\bin\Debug\UnitTestProject10.dll" adapterTypeName="Microsoft.VisualStudio.TestTools.TestTypes.Unit.UnitTestAdapter" className="UnitTestinProgress.MSTestClass2" name="MSTest_P2_880" />
    </UnitTest>
    <UnitTest name="MSTest_P2_881" storage="c:\users\navb\source\repos\sampleproject\testproject\unittestproject10\bin\debug\unittestproject10.dll" id="b6cbae22-7678-43bf-a3cf-9e1a02f451c5">
      <Execution id="0c0efbb8-cf2a-4ad9-ab3b-a90f12c177c7" />
      <TestMethod codeBase="C:\Users\navb\source\repos\SampleProject\TestProject\UnitTestProject10\bin\Debug\UnitTestProject10.dll" adapterTypeName="Microsoft.VisualStudio.TestTools.TestTypes.Unit.UnitTestAdapter" className="UnitTestinProgress.MSTestClass2" name="MSTest_P2_881" />
    </UnitTest>
    <UnitTest name="MSTest_P2_882" storage="c:\users\navb\source\repos\sampleproject\testproject\unittestproject10\bin\debug\unittestproject10.dll" id="19aa84b0-3d14-3b24-492f-1b765811c409">
      <Execution id="bd5576e0-3bab-436a-882b-7f26ade87650" />
      <TestMethod codeBase="C:\Users\navb\source\repos\SampleProject\TestProject\UnitTestProject10\bin\Debug\UnitTestProject10.dll" adapterTypeName="Microsoft.VisualStudio.TestTools.TestTypes.Unit.UnitTestAdapter" className="UnitTestinProgress.MSTestClass2" name="MSTest_P2_882" />
    </UnitTest>
    <UnitTest name="MSTest_P2_883" storage="c:\users\navb\source\repos\sampleproject\testproject\unittestproject10\bin\debug\unittestproject10.dll" id="793dceeb-29da-7d67-8f22-0b73d18f83f5">
      <Execution id="71d0ec83-337a-409d-9999-b68d7b484b8f" />
      <TestMethod codeBase="C:\Users\navb\source\repos\SampleProject\TestProject\UnitTestProject10\bin\Debug\UnitTestProject10.dll" adapterTypeName="Microsoft.VisualStudio.TestTools.TestTypes.Unit.UnitTestAdapter" className="UnitTestinProgress.MSTestClass2" name="MSTest_P2_883" />
    </UnitTest>
    <UnitTest name="MSTest_P2_884" storage="c:\users\navb\source\repos\sampleproject\testproject\unittestproject10\bin\debug\unittestproject10.dll" id="405694f4-36fb-6245-aa30-de3fbd3780af">
      <Execution id="3d93f179-6af4-4ff5-bd5c-566c15407fdd" />
      <TestMethod codeBase="C:\Users\navb\source\repos\SampleProject\TestProject\UnitTestProject10\bin\Debug\UnitTestProject10.dll" adapterTypeName="Microsoft.VisualStudio.TestTools.TestTypes.Unit.UnitTestAdapter" className="UnitTestinProgress.MSTestClass2" name="MSTest_P2_884" />
    </UnitTest>
    <UnitTest name="MSTest_P2_885" storage="c:\users\navb\source\repos\sampleproject\testproject\unittestproject10\bin\debug\unittestproject10.dll" id="37b695b3-3e61-189f-b467-3318d8d15d31">
      <Execution id="78cdaf7a-d32c-481c-b853-7158483f523e" />
      <TestMethod codeBase="C:\Users\navb\source\repos\SampleProject\TestProject\UnitTestProject10\bin\Debug\UnitTestProject10.dll" adapterTypeName="Microsoft.VisualStudio.TestTools.TestTypes.Unit.UnitTestAdapter" className="UnitTestinProgress.MSTestClass2" name="MSTest_P2_885" />
    </UnitTest>
    <UnitTest name="MSTest_P2_886" storage="c:\users\navb\source\repos\sampleproject\testproject\unittestproject10\bin\debug\unittestproject10.dll" id="135d2e13-c57b-2fe9-21d1-c8744f718b44">
      <Execution id="b9847182-7ecb-411f-87d8-c4e141b8b982" />
      <TestMethod codeBase="C:\Users\navb\source\repos\SampleProject\TestProject\UnitTestProject10\bin\Debug\UnitTestProject10.dll" adapterTypeName="Microsoft.VisualStudio.TestTools.TestTypes.Unit.UnitTestAdapter" className="UnitTestinProgress.MSTestClass2" name="MSTest_P2_886" />
    </UnitTest>
    <UnitTest name="MSTest_P2_887" storage="c:\users\navb\source\repos\sampleproject\testproject\unittestproject10\bin\debug\unittestproject10.dll" id="49f8e1df-8bb0-8489-559f-8c7db164e7ca">
      <Execution id="c864c34d-7e0c-4107-a846-551d276929d8" />
      <TestMethod codeBase="C:\Users\navb\source\repos\SampleProject\TestProject\UnitTestProject10\bin\Debug\UnitTestProject10.dll" adapterTypeName="Microsoft.VisualStudio.TestTools.TestTypes.Unit.UnitTestAdapter" className="UnitTestinProgress.MSTestClass2" name="MSTest_P2_887" />
    </UnitTest>
    <UnitTest name="MSTest_P2_888" storage="c:\users\navb\source\repos\sampleproject\testproject\unittestproject10\bin\debug\unittestproject10.dll" id="c5821e74-d368-e2f0-980a-54e9e41c9527">
      <Execution id="69fd5044-3d6e-4cf3-a181-132f09a59a98" />
      <TestMethod codeBase="C:\Users\navb\source\repos\SampleProject\TestProject\UnitTestProject10\bin\Debug\UnitTestProject10.dll" adapterTypeName="Microsoft.VisualStudio.TestTools.TestTypes.Unit.UnitTestAdapter" className="UnitTestinProgress.MSTestClass2" name="MSTest_P2_888" />
    </UnitTest>
    <UnitTest name="MSTest_P2_889" storage="c:\users\navb\source\repos\sampleproject\testproject\unittestproject10\bin\debug\unittestproject10.dll" id="13525bc0-6c1b-b08c-be93-a925f20b8daf">
      <Execution id="1e1685e0-00d0-4f56-a835-d21727148055" />
      <TestMethod codeBase="C:\Users\navb\source\repos\SampleProject\TestProject\UnitTestProject10\bin\Debug\UnitTestProject10.dll" adapterTypeName="Microsoft.VisualStudio.TestTools.TestTypes.Unit.UnitTestAdapter" className="UnitTestinProgress.MSTestClass2" name="MSTest_P2_889" />
    </UnitTest>
    <UnitTest name="MSTest_P2_890" storage="c:\users\navb\source\repos\sampleproject\testproject\unittestproject10\bin\debug\unittestproject10.dll" id="9e1ec76b-8a3d-b2e3-797b-a1567313d528">
      <Execution id="825dba20-dbb1-4382-8330-6bdb9cebd3fc" />
      <TestMethod codeBase="C:\Users\navb\source\repos\SampleProject\TestProject\UnitTestProject10\bin\Debug\UnitTestProject10.dll" adapterTypeName="Microsoft.VisualStudio.TestTools.TestTypes.Unit.UnitTestAdapter" className="UnitTestinProgress.MSTestClass2" name="MSTest_P2_890" />
    </UnitTest>
    <UnitTest name="MSTest_P2_891" storage="c:\users\navb\source\repos\sampleproject\testproject\unittestproject10\bin\debug\unittestproject10.dll" id="b6107094-3ee8-6336-dda3-3cc40b28cc63">
      <Execution id="99554740-2187-459f-be17-50af260c189e" />
      <TestMethod codeBase="C:\Users\navb\source\repos\SampleProject\TestProject\UnitTestProject10\bin\Debug\UnitTestProject10.dll" adapterTypeName="Microsoft.VisualStudio.TestTools.TestTypes.Unit.UnitTestAdapter" className="UnitTestinProgress.MSTestClass2" name="MSTest_P2_891" />
    </UnitTest>
    <UnitTest name="MSTest_P2_892" storage="c:\users\navb\source\repos\sampleproject\testproject\unittestproject10\bin\debug\unittestproject10.dll" id="17bb2056-a845-81a8-50e9-5b0df5282b4f">
      <Execution id="e61eeb94-66f1-490c-a756-16a875a5c516" />
      <TestMethod codeBase="C:\Users\navb\source\repos\SampleProject\TestProject\UnitTestProject10\bin\Debug\UnitTestProject10.dll" adapterTypeName="Microsoft.VisualStudio.TestTools.TestTypes.Unit.UnitTestAdapter" className="UnitTestinProgress.MSTestClass2" name="MSTest_P2_892" />
    </UnitTest>
    <UnitTest name="MSTest_P2_893" storage="c:\users\navb\source\repos\sampleproject\testproject\unittestproject10\bin\debug\unittestproject10.dll" id="10c2ad78-f2d3-605c-6e27-d687e82263f6">
      <Execution id="8ec0ca7f-fc7d-419c-85d4-0e07a1d494c2" />
      <TestMethod codeBase="C:\Users\navb\source\repos\SampleProject\TestProject\UnitTestProject10\bin\Debug\UnitTestProject10.dll" adapterTypeName="Microsoft.VisualStudio.TestTools.TestTypes.Unit.UnitTestAdapter" className="UnitTestinProgress.MSTestClass2" name="MSTest_P2_893" />
    </UnitTest>
    <UnitTest name="MSTest_P2_894" storage="c:\users\navb\source\repos\sampleproject\testproject\unittestproject10\bin\debug\unittestproject10.dll" id="2efc752f-e52a-dec4-178f-19604a7c5e7b">
      <Execution id="a0b9f7d8-10bb-4ab9-93d3-61931a86d347" />
      <TestMethod codeBase="C:\Users\navb\source\repos\SampleProject\TestProject\UnitTestProject10\bin\Debug\UnitTestProject10.dll" adapterTypeName="Microsoft.VisualStudio.TestTools.TestTypes.Unit.UnitTestAdapter" className="UnitTestinProgress.MSTestClass2" name="MSTest_P2_894" />
    </UnitTest>
    <UnitTest name="MSTest_P2_895" storage="c:\users\navb\source\repos\sampleproject\testproject\unittestproject10\bin\debug\unittestproject10.dll" id="30c624c3-79f0-0618-153b-028d806d78cc">
      <Execution id="da5c1dcf-c85e-406a-ba13-6a6635da09cc" />
      <TestMethod codeBase="C:\Users\navb\source\repos\SampleProject\TestProject\UnitTestProject10\bin\Debug\UnitTestProject10.dll" adapterTypeName="Microsoft.VisualStudio.TestTools.TestTypes.Unit.UnitTestAdapter" className="UnitTestinProgress.MSTestClass2" name="MSTest_P2_895" />
    </UnitTest>
    <UnitTest name="MSTest_P2_896" storage="c:\users\navb\source\repos\sampleproject\testproject\unittestproject10\bin\debug\unittestproject10.dll" id="ec73b0ac-2802-ef8b-0d4a-c76a499b198f">
      <Execution id="9518d447-4e16-4bf4-8550-b1f4cf4da19c" />
      <TestMethod codeBase="C:\Users\navb\source\repos\SampleProject\TestProject\UnitTestProject10\bin\Debug\UnitTestProject10.dll" adapterTypeName="Microsoft.VisualStudio.TestTools.TestTypes.Unit.UnitTestAdapter" className="UnitTestinProgress.MSTestClass2" name="MSTest_P2_896" />
    </UnitTest>
    <UnitTest name="MSTest_P2_897" storage="c:\users\navb\source\repos\sampleproject\testproject\unittestproject10\bin\debug\unittestproject10.dll" id="1e9cea06-c718-480a-6787-7ecd55d42cf9">
      <Execution id="86fd1dd0-8db1-4e2b-a95e-e0d1f943f0a6" />
      <TestMethod codeBase="C:\Users\navb\source\repos\SampleProject\TestProject\UnitTestProject10\bin\Debug\UnitTestProject10.dll" adapterTypeName="Microsoft.VisualStudio.TestTools.TestTypes.Unit.UnitTestAdapter" className="UnitTestinProgress.MSTestClass2" name="MSTest_P2_897" />
    </UnitTest>
    <UnitTest name="MSTest_P2_898" storage="c:\users\navb\source\repos\sampleproject\testproject\unittestproject10\bin\debug\unittestproject10.dll" id="3666793a-a353-00ae-7d73-2bbf8422df32">
      <Execution id="b765a44a-ba7d-4b23-bf43-20028114f9eb" />
      <TestMethod codeBase="C:\Users\navb\source\repos\SampleProject\TestProject\UnitTestProject10\bin\Debug\UnitTestProject10.dll" adapterTypeName="Microsoft.VisualStudio.TestTools.TestTypes.Unit.UnitTestAdapter" className="UnitTestinProgress.MSTestClass2" name="MSTest_P2_898" />
    </UnitTest>
    <UnitTest name="MSTest_P2_899" storage="c:\users\navb\source\repos\sampleproject\testproject\unittestproject10\bin\debug\unittestproject10.dll" id="320eb563-5f19-1e3e-f62a-24be6dd2d251">
      <Execution id="34ad9ba3-a0a1-4359-9ac0-900a0defb76a" />
      <TestMethod codeBase="C:\Users\navb\source\repos\SampleProject\TestProject\UnitTestProject10\bin\Debug\UnitTestProject10.dll" adapterTypeName="Microsoft.VisualStudio.TestTools.TestTypes.Unit.UnitTestAdapter" className="UnitTestinProgress.MSTestClass2" name="MSTest_P2_899" />
    </UnitTest>
    <UnitTest name="MSTest_P2_900" storage="c:\users\navb\source\repos\sampleproject\testproject\unittestproject10\bin\debug\unittestproject10.dll" id="aa4382a8-b1d4-c067-573b-0b02a333c466">
      <Execution id="b55e8ec9-f30e-483a-94bd-43193f4c2a7f" />
      <TestMethod codeBase="C:\Users\navb\source\repos\SampleProject\TestProject\UnitTestProject10\bin\Debug\UnitTestProject10.dll" adapterTypeName="Microsoft.VisualStudio.TestTools.TestTypes.Unit.UnitTestAdapter" className="UnitTestinProgress.MSTestClass2" name="MSTest_P2_900" />
    </UnitTest>
    <UnitTest name="MSTest_P2_901" storage="c:\users\navb\source\repos\sampleproject\testproject\unittestproject10\bin\debug\unittestproject10.dll" id="836d7214-8330-e17b-f95a-b8fe91af83f3">
      <Execution id="1f8a0ce7-d92b-48b8-bf81-f27ef961d226" />
      <TestMethod codeBase="C:\Users\navb\source\repos\SampleProject\TestProject\UnitTestProject10\bin\Debug\UnitTestProject10.dll" adapterTypeName="Microsoft.VisualStudio.TestTools.TestTypes.Unit.UnitTestAdapter" className="UnitTestinProgress.MSTestClass2" name="MSTest_P2_901" />
    </UnitTest>
    <UnitTest name="MSTest_P2_902" storage="c:\users\navb\source\repos\sampleproject\testproject\unittestproject10\bin\debug\unittestproject10.dll" id="e24539b2-56b5-2869-cb2f-2fa73e925e9c">
      <Execution id="3cfd062b-0edc-43a1-9544-90e4b6b5e80a" />
      <TestMethod codeBase="C:\Users\navb\source\repos\SampleProject\TestProject\UnitTestProject10\bin\Debug\UnitTestProject10.dll" adapterTypeName="Microsoft.VisualStudio.TestTools.TestTypes.Unit.UnitTestAdapter" className="UnitTestinProgress.MSTestClass2" name="MSTest_P2_902" />
    </UnitTest>
    <UnitTest name="MSTest_P2_903" storage="c:\users\navb\source\repos\sampleproject\testproject\unittestproject10\bin\debug\unittestproject10.dll" id="a6fa6f17-e648-a691-3cc0-28cc92e8100f">
      <Execution id="57cea20f-0f31-4336-8d16-403e948319f8" />
      <TestMethod codeBase="C:\Users\navb\source\repos\SampleProject\TestProject\UnitTestProject10\bin\Debug\UnitTestProject10.dll" adapterTypeName="Microsoft.VisualStudio.TestTools.TestTypes.Unit.UnitTestAdapter" className="UnitTestinProgress.MSTestClass2" name="MSTest_P2_903" />
    </UnitTest>
    <UnitTest name="MSTest_P2_904" storage="c:\users\navb\source\repos\sampleproject\testproject\unittestproject10\bin\debug\unittestproject10.dll" id="d6b49d03-800f-4e68-47a4-e5f093cd9f74">
      <Execution id="e9466a8f-09ed-4ab6-ac83-d6943481c4e2" />
      <TestMethod codeBase="C:\Users\navb\source\repos\SampleProject\TestProject\UnitTestProject10\bin\Debug\UnitTestProject10.dll" adapterTypeName="Microsoft.VisualStudio.TestTools.TestTypes.Unit.UnitTestAdapter" className="UnitTestinProgress.MSTestClass2" name="MSTest_P2_904" />
    </UnitTest>
    <UnitTest name="MSTest_P2_905" storage="c:\users\navb\source\repos\sampleproject\testproject\unittestproject10\bin\debug\unittestproject10.dll" id="9cf10940-879d-c09a-703d-e30b8b71f85e">
      <Execution id="e92dcbc7-0fb7-4bc2-b564-e4c70d556dde" />
      <TestMethod codeBase="C:\Users\navb\source\repos\SampleProject\TestProject\UnitTestProject10\bin\Debug\UnitTestProject10.dll" adapterTypeName="Microsoft.VisualStudio.TestTools.TestTypes.Unit.UnitTestAdapter" className="UnitTestinProgress.MSTestClass2" name="MSTest_P2_905" />
    </UnitTest>
    <UnitTest name="MSTest_P2_906" storage="c:\users\navb\source\repos\sampleproject\testproject\unittestproject10\bin\debug\unittestproject10.dll" id="0649e455-ff28-da43-dca0-ccf61336f387">
      <Execution id="e36499b5-cc5d-4f75-a43b-73d02718b8e5" />
      <TestMethod codeBase="C:\Users\navb\source\repos\SampleProject\TestProject\UnitTestProject10\bin\Debug\UnitTestProject10.dll" adapterTypeName="Microsoft.VisualStudio.TestTools.TestTypes.Unit.UnitTestAdapter" className="UnitTestinProgress.MSTestClass2" name="MSTest_P2_906" />
    </UnitTest>
    <UnitTest name="MSTest_P2_907" storage="c:\users\navb\source\repos\sampleproject\testproject\unittestproject10\bin\debug\unittestproject10.dll" id="a1357182-ed79-cee5-385d-a835414b865b">
      <Execution id="a34c3517-77da-46ff-bb89-1a76611915cf" />
      <TestMethod codeBase="C:\Users\navb\source\repos\SampleProject\TestProject\UnitTestProject10\bin\Debug\UnitTestProject10.dll" adapterTypeName="Microsoft.VisualStudio.TestTools.TestTypes.Unit.UnitTestAdapter" className="UnitTestinProgress.MSTestClass2" name="MSTest_P2_907" />
    </UnitTest>
    <UnitTest name="MSTest_P2_908" storage="c:\users\navb\source\repos\sampleproject\testproject\unittestproject10\bin\debug\unittestproject10.dll" id="f95789be-557d-7fe1-a340-17926bf88c2a">
      <Execution id="3449c9f8-a346-4792-8b04-184332974191" />
      <TestMethod codeBase="C:\Users\navb\source\repos\SampleProject\TestProject\UnitTestProject10\bin\Debug\UnitTestProject10.dll" adapterTypeName="Microsoft.VisualStudio.TestTools.TestTypes.Unit.UnitTestAdapter" className="UnitTestinProgress.MSTestClass2" name="MSTest_P2_908" />
    </UnitTest>
    <UnitTest name="MSTest_P2_909" storage="c:\users\navb\source\repos\sampleproject\testproject\unittestproject10\bin\debug\unittestproject10.dll" id="60ebc807-76cf-94a4-39b4-5f450c95d8b9">
      <Execution id="dd6061b0-f85c-4aef-ac79-f727ce05f7d5" />
      <TestMethod codeBase="C:\Users\navb\source\repos\SampleProject\TestProject\UnitTestProject10\bin\Debug\UnitTestProject10.dll" adapterTypeName="Microsoft.VisualStudio.TestTools.TestTypes.Unit.UnitTestAdapter" className="UnitTestinProgress.MSTestClass2" name="MSTest_P2_909" />
    </UnitTest>
    <UnitTest name="MSTest_P2_910" storage="c:\users\navb\source\repos\sampleproject\testproject\unittestproject10\bin\debug\unittestproject10.dll" id="3553da06-deeb-eaa9-c4cd-278b080fcb72">
      <Execution id="b8e208ec-dd4a-44b2-8d7f-0721b624c670" />
      <TestMethod codeBase="C:\Users\navb\source\repos\SampleProject\TestProject\UnitTestProject10\bin\Debug\UnitTestProject10.dll" adapterTypeName="Microsoft.VisualStudio.TestTools.TestTypes.Unit.UnitTestAdapter" className="UnitTestinProgress.MSTestClass2" name="MSTest_P2_910" />
    </UnitTest>
    <UnitTest name="MSTest_P2_911" storage="c:\users\navb\source\repos\sampleproject\testproject\unittestproject10\bin\debug\unittestproject10.dll" id="6bfece42-94dc-3924-f4b1-5ec02be37163">
      <Execution id="db9ba00c-6f6d-4bab-b58a-f51b5e32b55d" />
      <TestMethod codeBase="C:\Users\navb\source\repos\SampleProject\TestProject\UnitTestProject10\bin\Debug\UnitTestProject10.dll" adapterTypeName="Microsoft.VisualStudio.TestTools.TestTypes.Unit.UnitTestAdapter" className="UnitTestinProgress.MSTestClass2" name="MSTest_P2_911" />
    </UnitTest>
    <UnitTest name="MSTest_P2_912" storage="c:\users\navb\source\repos\sampleproject\testproject\unittestproject10\bin\debug\unittestproject10.dll" id="9cf3f932-6f06-75fc-27e0-026ef589ed1f">
      <Execution id="97fc684c-80b1-47f3-b312-0f07ab6715eb" />
      <TestMethod codeBase="C:\Users\navb\source\repos\SampleProject\TestProject\UnitTestProject10\bin\Debug\UnitTestProject10.dll" adapterTypeName="Microsoft.VisualStudio.TestTools.TestTypes.Unit.UnitTestAdapter" className="UnitTestinProgress.MSTestClass2" name="MSTest_P2_912" />
    </UnitTest>
    <UnitTest name="MSTest_P2_913" storage="c:\users\navb\source\repos\sampleproject\testproject\unittestproject10\bin\debug\unittestproject10.dll" id="a5fb7c56-c36e-8ccf-9be8-25d804e11321">
      <Execution id="4b195e82-86d8-421a-9bef-a3ee2b038e0e" />
      <TestMethod codeBase="C:\Users\navb\source\repos\SampleProject\TestProject\UnitTestProject10\bin\Debug\UnitTestProject10.dll" adapterTypeName="Microsoft.VisualStudio.TestTools.TestTypes.Unit.UnitTestAdapter" className="UnitTestinProgress.MSTestClass2" name="MSTest_P2_913" />
    </UnitTest>
    <UnitTest name="MSTest_P2_914" storage="c:\users\navb\source\repos\sampleproject\testproject\unittestproject10\bin\debug\unittestproject10.dll" id="46727c90-1e9f-d54e-ceb3-653740269c58">
      <Execution id="7be297ca-3a24-4c59-9d3c-80cfeb15d977" />
      <TestMethod codeBase="C:\Users\navb\source\repos\SampleProject\TestProject\UnitTestProject10\bin\Debug\UnitTestProject10.dll" adapterTypeName="Microsoft.VisualStudio.TestTools.TestTypes.Unit.UnitTestAdapter" className="UnitTestinProgress.MSTestClass2" name="MSTest_P2_914" />
    </UnitTest>
    <UnitTest name="MSTest_P2_915" storage="c:\users\navb\source\repos\sampleproject\testproject\unittestproject10\bin\debug\unittestproject10.dll" id="323465df-b0c6-c93a-f976-a3e87e7c0f65">
      <Execution id="0d8858ce-5b35-4ab8-999e-d883382ed5e9" />
      <TestMethod codeBase="C:\Users\navb\source\repos\SampleProject\TestProject\UnitTestProject10\bin\Debug\UnitTestProject10.dll" adapterTypeName="Microsoft.VisualStudio.TestTools.TestTypes.Unit.UnitTestAdapter" className="UnitTestinProgress.MSTestClass2" name="MSTest_P2_915" />
    </UnitTest>
    <UnitTest name="MSTest_P2_916" storage="c:\users\navb\source\repos\sampleproject\testproject\unittestproject10\bin\debug\unittestproject10.dll" id="5ed4fa02-b449-16f6-d37a-9b8b6e3854fd">
      <Execution id="7ba2229a-b4b8-4013-86bf-d74404a4ceda" />
      <TestMethod codeBase="C:\Users\navb\source\repos\SampleProject\TestProject\UnitTestProject10\bin\Debug\UnitTestProject10.dll" adapterTypeName="Microsoft.VisualStudio.TestTools.TestTypes.Unit.UnitTestAdapter" className="UnitTestinProgress.MSTestClass2" name="MSTest_P2_916" />
    </UnitTest>
    <UnitTest name="MSTest_P2_917" storage="c:\users\navb\source\repos\sampleproject\testproject\unittestproject10\bin\debug\unittestproject10.dll" id="ea7ebcbf-c4f3-0665-8fe8-2b8a062f861b">
      <Execution id="38570299-4399-4a83-b28b-baecfbc710ef" />
      <TestMethod codeBase="C:\Users\navb\source\repos\SampleProject\TestProject\UnitTestProject10\bin\Debug\UnitTestProject10.dll" adapterTypeName="Microsoft.VisualStudio.TestTools.TestTypes.Unit.UnitTestAdapter" className="UnitTestinProgress.MSTestClass2" name="MSTest_P2_917" />
    </UnitTest>
    <UnitTest name="MSTest_P2_918" storage="c:\users\navb\source\repos\sampleproject\testproject\unittestproject10\bin\debug\unittestproject10.dll" id="9c453d34-0f8d-1810-5953-ca629e7e2dd9">
      <Execution id="49c7719c-09c8-4665-baf9-53c75fbd4bc7" />
      <TestMethod codeBase="C:\Users\navb\source\repos\SampleProject\TestProject\UnitTestProject10\bin\Debug\UnitTestProject10.dll" adapterTypeName="Microsoft.VisualStudio.TestTools.TestTypes.Unit.UnitTestAdapter" className="UnitTestinProgress.MSTestClass2" name="MSTest_P2_918" />
    </UnitTest>
    <UnitTest name="MSTest_P2_919" storage="c:\users\navb\source\repos\sampleproject\testproject\unittestproject10\bin\debug\unittestproject10.dll" id="fa2e4d78-d3eb-924c-3ce9-2277de7a3a36">
      <Execution id="52eece80-2dd6-4747-8ccf-936fa1882fd0" />
      <TestMethod codeBase="C:\Users\navb\source\repos\SampleProject\TestProject\UnitTestProject10\bin\Debug\UnitTestProject10.dll" adapterTypeName="Microsoft.VisualStudio.TestTools.TestTypes.Unit.UnitTestAdapter" className="UnitTestinProgress.MSTestClass2" name="MSTest_P2_919" />
    </UnitTest>
    <UnitTest name="MSTest_P2_920" storage="c:\users\navb\source\repos\sampleproject\testproject\unittestproject10\bin\debug\unittestproject10.dll" id="08d6f6f2-ea22-dfbd-0e1d-827e4b20306e">
      <Execution id="56f9e3a0-2dba-42e9-b7e0-64451c0c101e" />
      <TestMethod codeBase="C:\Users\navb\source\repos\SampleProject\TestProject\UnitTestProject10\bin\Debug\UnitTestProject10.dll" adapterTypeName="Microsoft.VisualStudio.TestTools.TestTypes.Unit.UnitTestAdapter" className="UnitTestinProgress.MSTestClass2" name="MSTest_P2_920" />
    </UnitTest>
    <UnitTest name="MSTest_P2_921" storage="c:\users\navb\source\repos\sampleproject\testproject\unittestproject10\bin\debug\unittestproject10.dll" id="0fb46cb7-2202-1804-bbaf-4fd6de1dadf9">
      <Execution id="8e03598d-c555-4e9a-892c-361826f71282" />
      <TestMethod codeBase="C:\Users\navb\source\repos\SampleProject\TestProject\UnitTestProject10\bin\Debug\UnitTestProject10.dll" adapterTypeName="Microsoft.VisualStudio.TestTools.TestTypes.Unit.UnitTestAdapter" className="UnitTestinProgress.MSTestClass2" name="MSTest_P2_921" />
    </UnitTest>
    <UnitTest name="MSTest_P2_922" storage="c:\users\navb\source\repos\sampleproject\testproject\unittestproject10\bin\debug\unittestproject10.dll" id="533775aa-cd99-b6a3-8ecf-1c326e710103">
      <Execution id="d82eddf7-50e8-4d72-b65a-dd3fefdcdc1c" />
      <TestMethod codeBase="C:\Users\navb\source\repos\SampleProject\TestProject\UnitTestProject10\bin\Debug\UnitTestProject10.dll" adapterTypeName="Microsoft.VisualStudio.TestTools.TestTypes.Unit.UnitTestAdapter" className="UnitTestinProgress.MSTestClass2" name="MSTest_P2_922" />
    </UnitTest>
    <UnitTest name="MSTest_P2_923" storage="c:\users\navb\source\repos\sampleproject\testproject\unittestproject10\bin\debug\unittestproject10.dll" id="24df425f-241c-1aaf-b5d2-9182d665aedf">
      <Execution id="3e5c9c38-7142-41cb-8a57-5176e8280acd" />
      <TestMethod codeBase="C:\Users\navb\source\repos\SampleProject\TestProject\UnitTestProject10\bin\Debug\UnitTestProject10.dll" adapterTypeName="Microsoft.VisualStudio.TestTools.TestTypes.Unit.UnitTestAdapter" className="UnitTestinProgress.MSTestClass2" name="MSTest_P2_923" />
    </UnitTest>
    <UnitTest name="MSTest_P2_924" storage="c:\users\navb\source\repos\sampleproject\testproject\unittestproject10\bin\debug\unittestproject10.dll" id="b0ca919c-7697-da10-c08a-ecf886c5ae32">
      <Execution id="b4a48e0b-f40f-40c1-9860-3e05711d8dc2" />
      <TestMethod codeBase="C:\Users\navb\source\repos\SampleProject\TestProject\UnitTestProject10\bin\Debug\UnitTestProject10.dll" adapterTypeName="Microsoft.VisualStudio.TestTools.TestTypes.Unit.UnitTestAdapter" className="UnitTestinProgress.MSTestClass2" name="MSTest_P2_924" />
    </UnitTest>
    <UnitTest name="MSTest_P2_925" storage="c:\users\navb\source\repos\sampleproject\testproject\unittestproject10\bin\debug\unittestproject10.dll" id="6812fd0f-ab65-6692-938e-7ca2dbd6f66d">
      <Execution id="eae3fa72-4ed7-4cc9-82e3-6d4cd03d99e4" />
      <TestMethod codeBase="C:\Users\navb\source\repos\SampleProject\TestProject\UnitTestProject10\bin\Debug\UnitTestProject10.dll" adapterTypeName="Microsoft.VisualStudio.TestTools.TestTypes.Unit.UnitTestAdapter" className="UnitTestinProgress.MSTestClass2" name="MSTest_P2_925" />
    </UnitTest>
    <UnitTest name="MSTest_P2_926" storage="c:\users\navb\source\repos\sampleproject\testproject\unittestproject10\bin\debug\unittestproject10.dll" id="1f1cc244-f301-73b4-f226-162b426a437c">
      <Execution id="2dde1734-cb00-4b85-93aa-f753332f3335" />
      <TestMethod codeBase="C:\Users\navb\source\repos\SampleProject\TestProject\UnitTestProject10\bin\Debug\UnitTestProject10.dll" adapterTypeName="Microsoft.VisualStudio.TestTools.TestTypes.Unit.UnitTestAdapter" className="UnitTestinProgress.MSTestClass2" name="MSTest_P2_926" />
    </UnitTest>
    <UnitTest name="MSTest_P2_927" storage="c:\users\navb\source\repos\sampleproject\testproject\unittestproject10\bin\debug\unittestproject10.dll" id="9f12b5fb-25f3-3eaa-431d-8aa6894ec997">
      <Execution id="280b8213-c3ec-4da7-a5ae-be7db9958cce" />
      <TestMethod codeBase="C:\Users\navb\source\repos\SampleProject\TestProject\UnitTestProject10\bin\Debug\UnitTestProject10.dll" adapterTypeName="Microsoft.VisualStudio.TestTools.TestTypes.Unit.UnitTestAdapter" className="UnitTestinProgress.MSTestClass2" name="MSTest_P2_927" />
    </UnitTest>
    <UnitTest name="MSTest_P2_928" storage="c:\users\navb\source\repos\sampleproject\testproject\unittestproject10\bin\debug\unittestproject10.dll" id="9a0f6bd3-4ccd-1b56-8e36-06a02cdba06c">
      <Execution id="05a32df7-44d9-46d1-9a21-fd6e727e1eaa" />
      <TestMethod codeBase="C:\Users\navb\source\repos\SampleProject\TestProject\UnitTestProject10\bin\Debug\UnitTestProject10.dll" adapterTypeName="Microsoft.VisualStudio.TestTools.TestTypes.Unit.UnitTestAdapter" className="UnitTestinProgress.MSTestClass2" name="MSTest_P2_928" />
    </UnitTest>
    <UnitTest name="MSTest_P2_929" storage="c:\users\navb\source\repos\sampleproject\testproject\unittestproject10\bin\debug\unittestproject10.dll" id="ebd7decd-c846-6ba5-b848-0cc6fe27c8c7">
      <Execution id="fb935b90-bd40-4803-8f77-76789ba6333e" />
      <TestMethod codeBase="C:\Users\navb\source\repos\SampleProject\TestProject\UnitTestProject10\bin\Debug\UnitTestProject10.dll" adapterTypeName="Microsoft.VisualStudio.TestTools.TestTypes.Unit.UnitTestAdapter" className="UnitTestinProgress.MSTestClass2" name="MSTest_P2_929" />
    </UnitTest>
    <UnitTest name="MSTest_P2_930" storage="c:\users\navb\source\repos\sampleproject\testproject\unittestproject10\bin\debug\unittestproject10.dll" id="8c9252dc-213f-a58b-390c-7e02c0b5ea9b">
      <Execution id="78012753-5f92-441b-aeb7-b6ba942934f2" />
      <TestMethod codeBase="C:\Users\navb\source\repos\SampleProject\TestProject\UnitTestProject10\bin\Debug\UnitTestProject10.dll" adapterTypeName="Microsoft.VisualStudio.TestTools.TestTypes.Unit.UnitTestAdapter" className="UnitTestinProgress.MSTestClass2" name="MSTest_P2_930" />
    </UnitTest>
    <UnitTest name="MSTest_P2_931" storage="c:\users\navb\source\repos\sampleproject\testproject\unittestproject10\bin\debug\unittestproject10.dll" id="63099140-f5f1-56a0-a3ef-ed9482f6b9a9">
      <Execution id="bca5b54e-f535-4e77-a1c1-39c01000a7fa" />
      <TestMethod codeBase="C:\Users\navb\source\repos\SampleProject\TestProject\UnitTestProject10\bin\Debug\UnitTestProject10.dll" adapterTypeName="Microsoft.VisualStudio.TestTools.TestTypes.Unit.UnitTestAdapter" className="UnitTestinProgress.MSTestClass2" name="MSTest_P2_931" />
    </UnitTest>
    <UnitTest name="MSTest_P2_932" storage="c:\users\navb\source\repos\sampleproject\testproject\unittestproject10\bin\debug\unittestproject10.dll" id="bea2b1bc-233d-f16e-387b-58a8ca485ce9">
      <Execution id="d32e7391-ed17-40ea-8a32-ff2cfd4846a7" />
      <TestMethod codeBase="C:\Users\navb\source\repos\SampleProject\TestProject\UnitTestProject10\bin\Debug\UnitTestProject10.dll" adapterTypeName="Microsoft.VisualStudio.TestTools.TestTypes.Unit.UnitTestAdapter" className="UnitTestinProgress.MSTestClass2" name="MSTest_P2_932" />
    </UnitTest>
    <UnitTest name="MSTest_P2_933" storage="c:\users\navb\source\repos\sampleproject\testproject\unittestproject10\bin\debug\unittestproject10.dll" id="d326654a-907f-afbd-a71c-7bea3aaf6405">
      <Execution id="d19d2dca-38d5-4903-8494-3e5cc977737e" />
      <TestMethod codeBase="C:\Users\navb\source\repos\SampleProject\TestProject\UnitTestProject10\bin\Debug\UnitTestProject10.dll" adapterTypeName="Microsoft.VisualStudio.TestTools.TestTypes.Unit.UnitTestAdapter" className="UnitTestinProgress.MSTestClass2" name="MSTest_P2_933" />
    </UnitTest>
    <UnitTest name="MSTest_P2_934" storage="c:\users\navb\source\repos\sampleproject\testproject\unittestproject10\bin\debug\unittestproject10.dll" id="84834102-f0f5-8e13-66a1-6f61f6ca122a">
      <Execution id="172103d4-138d-446e-99a3-026c4f8ef435" />
      <TestMethod codeBase="C:\Users\navb\source\repos\SampleProject\TestProject\UnitTestProject10\bin\Debug\UnitTestProject10.dll" adapterTypeName="Microsoft.VisualStudio.TestTools.TestTypes.Unit.UnitTestAdapter" className="UnitTestinProgress.MSTestClass2" name="MSTest_P2_934" />
    </UnitTest>
    <UnitTest name="MSTest_P2_935" storage="c:\users\navb\source\repos\sampleproject\testproject\unittestproject10\bin\debug\unittestproject10.dll" id="122256d8-b7df-94dc-0680-fe2bd42aafc0">
      <Execution id="df9ec8f9-9a1e-4e0f-a129-84146fb3ab58" />
      <TestMethod codeBase="C:\Users\navb\source\repos\SampleProject\TestProject\UnitTestProject10\bin\Debug\UnitTestProject10.dll" adapterTypeName="Microsoft.VisualStudio.TestTools.TestTypes.Unit.UnitTestAdapter" className="UnitTestinProgress.MSTestClass2" name="MSTest_P2_935" />
    </UnitTest>
    <UnitTest name="MSTest_P2_766" storage="c:\users\navb\source\repos\sampleproject\testproject\unittestproject10\bin\debug\unittestproject10.dll" id="6b05b717-7cc0-0819-e23f-8cb34e553ca0">
      <Execution id="6abff873-f15f-477c-8793-f361104fb876" />
      <TestMethod codeBase="C:\Users\navb\source\repos\SampleProject\TestProject\UnitTestProject10\bin\Debug\UnitTestProject10.dll" adapterTypeName="Microsoft.VisualStudio.TestTools.TestTypes.Unit.UnitTestAdapter" className="UnitTestinProgress.MSTestClass2" name="MSTest_P2_766" />
    </UnitTest>
    <UnitTest name="MSTest_P2_767" storage="c:\users\navb\source\repos\sampleproject\testproject\unittestproject10\bin\debug\unittestproject10.dll" id="476483cf-f278-f6ac-64a1-5aeac311afbc">
      <Execution id="b9cc120d-0d3a-4f32-904d-4a2216ee235f" />
      <TestMethod codeBase="C:\Users\navb\source\repos\SampleProject\TestProject\UnitTestProject10\bin\Debug\UnitTestProject10.dll" adapterTypeName="Microsoft.VisualStudio.TestTools.TestTypes.Unit.UnitTestAdapter" className="UnitTestinProgress.MSTestClass2" name="MSTest_P2_767" />
    </UnitTest>
    <UnitTest name="MSTest_P2_768" storage="c:\users\navb\source\repos\sampleproject\testproject\unittestproject10\bin\debug\unittestproject10.dll" id="03b3affe-7eb8-8fde-2b55-cdf310972d33">
      <Execution id="f5ca5d1b-efba-47d9-9a28-9aeed5d585aa" />
      <TestMethod codeBase="C:\Users\navb\source\repos\SampleProject\TestProject\UnitTestProject10\bin\Debug\UnitTestProject10.dll" adapterTypeName="Microsoft.VisualStudio.TestTools.TestTypes.Unit.UnitTestAdapter" className="UnitTestinProgress.MSTestClass2" name="MSTest_P2_768" />
    </UnitTest>
    <UnitTest name="MSTest_P2_769" storage="c:\users\navb\source\repos\sampleproject\testproject\unittestproject10\bin\debug\unittestproject10.dll" id="69239abb-5536-6353-1e1d-6090bab5656d">
      <Execution id="11b93ddc-cbcf-4d3d-97d6-fb16adb97ecb" />
      <TestMethod codeBase="C:\Users\navb\source\repos\SampleProject\TestProject\UnitTestProject10\bin\Debug\UnitTestProject10.dll" adapterTypeName="Microsoft.VisualStudio.TestTools.TestTypes.Unit.UnitTestAdapter" className="UnitTestinProgress.MSTestClass2" name="MSTest_P2_769" />
    </UnitTest>
    <UnitTest name="MSTest_P2_770" storage="c:\users\navb\source\repos\sampleproject\testproject\unittestproject10\bin\debug\unittestproject10.dll" id="24c6bed6-b7ca-60c7-9615-4bb29f84597d">
      <Execution id="0657b2b9-c3ca-4a9a-88ff-0d32a6d4475c" />
      <TestMethod codeBase="C:\Users\navb\source\repos\SampleProject\TestProject\UnitTestProject10\bin\Debug\UnitTestProject10.dll" adapterTypeName="Microsoft.VisualStudio.TestTools.TestTypes.Unit.UnitTestAdapter" className="UnitTestinProgress.MSTestClass2" name="MSTest_P2_770" />
    </UnitTest>
    <UnitTest name="MSTest_P2_771" storage="c:\users\navb\source\repos\sampleproject\testproject\unittestproject10\bin\debug\unittestproject10.dll" id="57350ea8-1da1-16ca-24be-59cd98188beb">
      <Execution id="afa909e5-4911-4360-ac11-2d5ade01afd6" />
      <TestMethod codeBase="C:\Users\navb\source\repos\SampleProject\TestProject\UnitTestProject10\bin\Debug\UnitTestProject10.dll" adapterTypeName="Microsoft.VisualStudio.TestTools.TestTypes.Unit.UnitTestAdapter" className="UnitTestinProgress.MSTestClass2" name="MSTest_P2_771" />
    </UnitTest>
    <UnitTest name="MSTest_P2_772" storage="c:\users\navb\source\repos\sampleproject\testproject\unittestproject10\bin\debug\unittestproject10.dll" id="255701e3-d6c5-2a7e-582e-4e9454ab3f3a">
      <Execution id="650083f5-ecf4-49d8-baa5-96c311b765aa" />
      <TestMethod codeBase="C:\Users\navb\source\repos\SampleProject\TestProject\UnitTestProject10\bin\Debug\UnitTestProject10.dll" adapterTypeName="Microsoft.VisualStudio.TestTools.TestTypes.Unit.UnitTestAdapter" className="UnitTestinProgress.MSTestClass2" name="MSTest_P2_772" />
    </UnitTest>
    <UnitTest name="MSTest_P2_773" storage="c:\users\navb\source\repos\sampleproject\testproject\unittestproject10\bin\debug\unittestproject10.dll" id="fd864e03-a2ac-9d68-e3e5-21c183607447">
      <Execution id="d5dced3d-2a0b-4753-9abc-1a3cbaf8fa91" />
      <TestMethod codeBase="C:\Users\navb\source\repos\SampleProject\TestProject\UnitTestProject10\bin\Debug\UnitTestProject10.dll" adapterTypeName="Microsoft.VisualStudio.TestTools.TestTypes.Unit.UnitTestAdapter" className="UnitTestinProgress.MSTestClass2" name="MSTest_P2_773" />
    </UnitTest>
    <UnitTest name="MSTest_P2_774" storage="c:\users\navb\source\repos\sampleproject\testproject\unittestproject10\bin\debug\unittestproject10.dll" id="67cbe143-c9e1-3667-f354-b13f0a4a5818">
      <Execution id="0f35ea63-55bf-4da7-86ce-69da5e8f588c" />
      <TestMethod codeBase="C:\Users\navb\source\repos\SampleProject\TestProject\UnitTestProject10\bin\Debug\UnitTestProject10.dll" adapterTypeName="Microsoft.VisualStudio.TestTools.TestTypes.Unit.UnitTestAdapter" className="UnitTestinProgress.MSTestClass2" name="MSTest_P2_774" />
    </UnitTest>
    <UnitTest name="MSTest_P2_775" storage="c:\users\navb\source\repos\sampleproject\testproject\unittestproject10\bin\debug\unittestproject10.dll" id="2826db9d-036b-730c-6273-7b93a2454dd5">
      <Execution id="3e69a117-f504-49d1-b7de-289a837eeaac" />
      <TestMethod codeBase="C:\Users\navb\source\repos\SampleProject\TestProject\UnitTestProject10\bin\Debug\UnitTestProject10.dll" adapterTypeName="Microsoft.VisualStudio.TestTools.TestTypes.Unit.UnitTestAdapter" className="UnitTestinProgress.MSTestClass2" name="MSTest_P2_775" />
    </UnitTest>
    <UnitTest name="MSTest_P2_776" storage="c:\users\navb\source\repos\sampleproject\testproject\unittestproject10\bin\debug\unittestproject10.dll" id="0701ec27-8442-0285-8771-a886cad269b6">
      <Execution id="ede5c072-989c-4abc-9895-ba0db50b284d" />
      <TestMethod codeBase="C:\Users\navb\source\repos\SampleProject\TestProject\UnitTestProject10\bin\Debug\UnitTestProject10.dll" adapterTypeName="Microsoft.VisualStudio.TestTools.TestTypes.Unit.UnitTestAdapter" className="UnitTestinProgress.MSTestClass2" name="MSTest_P2_776" />
    </UnitTest>
    <UnitTest name="MSTest_P2_777" storage="c:\users\navb\source\repos\sampleproject\testproject\unittestproject10\bin\debug\unittestproject10.dll" id="0f372502-e6c5-d869-decb-44a8aeec4b47">
      <Execution id="8584a6f7-4ca7-4ac6-b036-c9645b876255" />
      <TestMethod codeBase="C:\Users\navb\source\repos\SampleProject\TestProject\UnitTestProject10\bin\Debug\UnitTestProject10.dll" adapterTypeName="Microsoft.VisualStudio.TestTools.TestTypes.Unit.UnitTestAdapter" className="UnitTestinProgress.MSTestClass2" name="MSTest_P2_777" />
    </UnitTest>
    <UnitTest name="MSTest_P2_778" storage="c:\users\navb\source\repos\sampleproject\testproject\unittestproject10\bin\debug\unittestproject10.dll" id="6f274f50-385d-9228-ce38-75d52ba2893b">
      <Execution id="6facb2f2-a5b9-49b7-ab94-98e95636b54b" />
      <TestMethod codeBase="C:\Users\navb\source\repos\SampleProject\TestProject\UnitTestProject10\bin\Debug\UnitTestProject10.dll" adapterTypeName="Microsoft.VisualStudio.TestTools.TestTypes.Unit.UnitTestAdapter" className="UnitTestinProgress.MSTestClass2" name="MSTest_P2_778" />
    </UnitTest>
    <UnitTest name="MSTest_P2_779" storage="c:\users\navb\source\repos\sampleproject\testproject\unittestproject10\bin\debug\unittestproject10.dll" id="d984c8fb-0f45-07d5-5aff-491c95740fee">
      <Execution id="c3a69462-4f7a-4f95-b412-ed8a92e42319" />
      <TestMethod codeBase="C:\Users\navb\source\repos\SampleProject\TestProject\UnitTestProject10\bin\Debug\UnitTestProject10.dll" adapterTypeName="Microsoft.VisualStudio.TestTools.TestTypes.Unit.UnitTestAdapter" className="UnitTestinProgress.MSTestClass2" name="MSTest_P2_779" />
    </UnitTest>
    <UnitTest name="MSTest_P2_780" storage="c:\users\navb\source\repos\sampleproject\testproject\unittestproject10\bin\debug\unittestproject10.dll" id="3af3e295-475e-2965-3fae-ed16c007300a">
      <Execution id="80bb1df6-69d8-415c-941c-409dc56adb31" />
      <TestMethod codeBase="C:\Users\navb\source\repos\SampleProject\TestProject\UnitTestProject10\bin\Debug\UnitTestProject10.dll" adapterTypeName="Microsoft.VisualStudio.TestTools.TestTypes.Unit.UnitTestAdapter" className="UnitTestinProgress.MSTestClass2" name="MSTest_P2_780" />
    </UnitTest>
    <UnitTest name="MSTest_P2_781" storage="c:\users\navb\source\repos\sampleproject\testproject\unittestproject10\bin\debug\unittestproject10.dll" id="0ee59989-0de4-6468-54b0-11241b424a01">
      <Execution id="0a11fb0b-d470-4b21-98e2-5d9f0e8746dd" />
      <TestMethod codeBase="C:\Users\navb\source\repos\SampleProject\TestProject\UnitTestProject10\bin\Debug\UnitTestProject10.dll" adapterTypeName="Microsoft.VisualStudio.TestTools.TestTypes.Unit.UnitTestAdapter" className="UnitTestinProgress.MSTestClass2" name="MSTest_P2_781" />
    </UnitTest>
    <UnitTest name="MSTest_P2_782" storage="c:\users\navb\source\repos\sampleproject\testproject\unittestproject10\bin\debug\unittestproject10.dll" id="d2bcf89c-eb86-9096-0cc4-2265fbaee027">
      <Execution id="702f64dd-55be-44c5-8322-696736090348" />
      <TestMethod codeBase="C:\Users\navb\source\repos\SampleProject\TestProject\UnitTestProject10\bin\Debug\UnitTestProject10.dll" adapterTypeName="Microsoft.VisualStudio.TestTools.TestTypes.Unit.UnitTestAdapter" className="UnitTestinProgress.MSTestClass2" name="MSTest_P2_782" />
    </UnitTest>
    <UnitTest name="MSTest_P2_783" storage="c:\users\navb\source\repos\sampleproject\testproject\unittestproject10\bin\debug\unittestproject10.dll" id="1266c2b5-1292-dcba-e77b-8d9741e46aca">
      <Execution id="31d12e39-29ff-48c8-9724-5eb8ed5cd421" />
      <TestMethod codeBase="C:\Users\navb\source\repos\SampleProject\TestProject\UnitTestProject10\bin\Debug\UnitTestProject10.dll" adapterTypeName="Microsoft.VisualStudio.TestTools.TestTypes.Unit.UnitTestAdapter" className="UnitTestinProgress.MSTestClass2" name="MSTest_P2_783" />
    </UnitTest>
    <UnitTest name="MSTest_P2_784" storage="c:\users\navb\source\repos\sampleproject\testproject\unittestproject10\bin\debug\unittestproject10.dll" id="de217202-f290-81bc-2399-85d15c17e773">
      <Execution id="15b1f4b4-52e8-4a3a-91a2-65f2fc1cf2dc" />
      <TestMethod codeBase="C:\Users\navb\source\repos\SampleProject\TestProject\UnitTestProject10\bin\Debug\UnitTestProject10.dll" adapterTypeName="Microsoft.VisualStudio.TestTools.TestTypes.Unit.UnitTestAdapter" className="UnitTestinProgress.MSTestClass2" name="MSTest_P2_784" />
    </UnitTest>
    <UnitTest name="MSTest_P2_785" storage="c:\users\navb\source\repos\sampleproject\testproject\unittestproject10\bin\debug\unittestproject10.dll" id="4a2efd3f-ce57-9ef4-fb58-689160e33173">
      <Execution id="a1aa030e-b373-4ff6-83b7-a71969dd9131" />
      <TestMethod codeBase="C:\Users\navb\source\repos\SampleProject\TestProject\UnitTestProject10\bin\Debug\UnitTestProject10.dll" adapterTypeName="Microsoft.VisualStudio.TestTools.TestTypes.Unit.UnitTestAdapter" className="UnitTestinProgress.MSTestClass2" name="MSTest_P2_785" />
    </UnitTest>
    <UnitTest name="MSTest_P2_786" storage="c:\users\navb\source\repos\sampleproject\testproject\unittestproject10\bin\debug\unittestproject10.dll" id="93a57171-4abe-da1e-d58c-9098c36cbf34">
      <Execution id="ab29ed6e-305d-4b1a-9c67-cf0bec607aa3" />
      <TestMethod codeBase="C:\Users\navb\source\repos\SampleProject\TestProject\UnitTestProject10\bin\Debug\UnitTestProject10.dll" adapterTypeName="Microsoft.VisualStudio.TestTools.TestTypes.Unit.UnitTestAdapter" className="UnitTestinProgress.MSTestClass2" name="MSTest_P2_786" />
    </UnitTest>
    <UnitTest name="MSTest_P2_787" storage="c:\users\navb\source\repos\sampleproject\testproject\unittestproject10\bin\debug\unittestproject10.dll" id="6078dece-5c87-dc47-5b9e-163f0ce91290">
      <Execution id="083b212e-aede-46c3-a068-e48d2f7eff95" />
      <TestMethod codeBase="C:\Users\navb\source\repos\SampleProject\TestProject\UnitTestProject10\bin\Debug\UnitTestProject10.dll" adapterTypeName="Microsoft.VisualStudio.TestTools.TestTypes.Unit.UnitTestAdapter" className="UnitTestinProgress.MSTestClass2" name="MSTest_P2_787" />
    </UnitTest>
    <UnitTest name="MSTest_P2_788" storage="c:\users\navb\source\repos\sampleproject\testproject\unittestproject10\bin\debug\unittestproject10.dll" id="b9cfc5a0-1076-53e9-8cfd-8d1b2a030637">
      <Execution id="1de57eea-c55e-4ad1-b539-8ec746b8b4fc" />
      <TestMethod codeBase="C:\Users\navb\source\repos\SampleProject\TestProject\UnitTestProject10\bin\Debug\UnitTestProject10.dll" adapterTypeName="Microsoft.VisualStudio.TestTools.TestTypes.Unit.UnitTestAdapter" className="UnitTestinProgress.MSTestClass2" name="MSTest_P2_788" />
    </UnitTest>
    <UnitTest name="MSTest_P2_789" storage="c:\users\navb\source\repos\sampleproject\testproject\unittestproject10\bin\debug\unittestproject10.dll" id="d994af04-09c5-a96a-cd41-7a7e0ae83085">
      <Execution id="1dd7bfd2-bffa-4355-b6c4-10d44e0100c4" />
      <TestMethod codeBase="C:\Users\navb\source\repos\SampleProject\TestProject\UnitTestProject10\bin\Debug\UnitTestProject10.dll" adapterTypeName="Microsoft.VisualStudio.TestTools.TestTypes.Unit.UnitTestAdapter" className="UnitTestinProgress.MSTestClass2" name="MSTest_P2_789" />
    </UnitTest>
    <UnitTest name="MSTest_P2_790" storage="c:\users\navb\source\repos\sampleproject\testproject\unittestproject10\bin\debug\unittestproject10.dll" id="849a74f3-1a00-7c33-3325-633604a4bbab">
      <Execution id="9c27a26e-55b4-4077-ac89-87d4dd52a7f6" />
      <TestMethod codeBase="C:\Users\navb\source\repos\SampleProject\TestProject\UnitTestProject10\bin\Debug\UnitTestProject10.dll" adapterTypeName="Microsoft.VisualStudio.TestTools.TestTypes.Unit.UnitTestAdapter" className="UnitTestinProgress.MSTestClass2" name="MSTest_P2_790" />
    </UnitTest>
    <UnitTest name="MSTest_P2_791" storage="c:\users\navb\source\repos\sampleproject\testproject\unittestproject10\bin\debug\unittestproject10.dll" id="cb78321a-8923-80a0-0105-07bbdbd2d757">
      <Execution id="b92d8170-ff7a-4fec-9337-28dc1a7749ae" />
      <TestMethod codeBase="C:\Users\navb\source\repos\SampleProject\TestProject\UnitTestProject10\bin\Debug\UnitTestProject10.dll" adapterTypeName="Microsoft.VisualStudio.TestTools.TestTypes.Unit.UnitTestAdapter" className="UnitTestinProgress.MSTestClass2" name="MSTest_P2_791" />
    </UnitTest>
    <UnitTest name="MSTest_P2_792" storage="c:\users\navb\source\repos\sampleproject\testproject\unittestproject10\bin\debug\unittestproject10.dll" id="40c7469f-c930-c9e9-da2b-daed4edff8ae">
      <Execution id="7bda800f-29ec-4bbb-9a26-7ff6a4924d84" />
      <TestMethod codeBase="C:\Users\navb\source\repos\SampleProject\TestProject\UnitTestProject10\bin\Debug\UnitTestProject10.dll" adapterTypeName="Microsoft.VisualStudio.TestTools.TestTypes.Unit.UnitTestAdapter" className="UnitTestinProgress.MSTestClass2" name="MSTest_P2_792" />
    </UnitTest>
    <UnitTest name="MSTest_P2_793" storage="c:\users\navb\source\repos\sampleproject\testproject\unittestproject10\bin\debug\unittestproject10.dll" id="6f4072a6-4629-5d6d-dc1d-186fda9f3e45">
      <Execution id="dbf0e2f9-513c-44cd-833c-de257a8bb158" />
      <TestMethod codeBase="C:\Users\navb\source\repos\SampleProject\TestProject\UnitTestProject10\bin\Debug\UnitTestProject10.dll" adapterTypeName="Microsoft.VisualStudio.TestTools.TestTypes.Unit.UnitTestAdapter" className="UnitTestinProgress.MSTestClass2" name="MSTest_P2_793" />
    </UnitTest>
    <UnitTest name="MSTest_P2_794" storage="c:\users\navb\source\repos\sampleproject\testproject\unittestproject10\bin\debug\unittestproject10.dll" id="78dd5bfd-af2b-0ae8-c81b-69d9236634f0">
      <Execution id="40f8f72b-2499-4d75-8167-104cd9e657af" />
      <TestMethod codeBase="C:\Users\navb\source\repos\SampleProject\TestProject\UnitTestProject10\bin\Debug\UnitTestProject10.dll" adapterTypeName="Microsoft.VisualStudio.TestTools.TestTypes.Unit.UnitTestAdapter" className="UnitTestinProgress.MSTestClass2" name="MSTest_P2_794" />
    </UnitTest>
    <UnitTest name="MSTest_P2_795" storage="c:\users\navb\source\repos\sampleproject\testproject\unittestproject10\bin\debug\unittestproject10.dll" id="9bb61604-e246-4057-5cb7-3c74df13bf16">
      <Execution id="a3038a6b-457a-44d5-b2b6-34a4a5a829cb" />
      <TestMethod codeBase="C:\Users\navb\source\repos\SampleProject\TestProject\UnitTestProject10\bin\Debug\UnitTestProject10.dll" adapterTypeName="Microsoft.VisualStudio.TestTools.TestTypes.Unit.UnitTestAdapter" className="UnitTestinProgress.MSTestClass2" name="MSTest_P2_795" />
    </UnitTest>
    <UnitTest name="MSTest_P2_796" storage="c:\users\navb\source\repos\sampleproject\testproject\unittestproject10\bin\debug\unittestproject10.dll" id="a1d03f11-272c-53d5-7b4a-76543fd35f2b">
      <Execution id="ef6a802c-3e81-4b57-9f6c-f968a97a5320" />
      <TestMethod codeBase="C:\Users\navb\source\repos\SampleProject\TestProject\UnitTestProject10\bin\Debug\UnitTestProject10.dll" adapterTypeName="Microsoft.VisualStudio.TestTools.TestTypes.Unit.UnitTestAdapter" className="UnitTestinProgress.MSTestClass2" name="MSTest_P2_796" />
    </UnitTest>
    <UnitTest name="MSTest_P2_797" storage="c:\users\navb\source\repos\sampleproject\testproject\unittestproject10\bin\debug\unittestproject10.dll" id="a54176d8-aff8-4202-90bc-083139b234cc">
      <Execution id="0649021b-60f4-4e09-a196-ce7924b4e85c" />
      <TestMethod codeBase="C:\Users\navb\source\repos\SampleProject\TestProject\UnitTestProject10\bin\Debug\UnitTestProject10.dll" adapterTypeName="Microsoft.VisualStudio.TestTools.TestTypes.Unit.UnitTestAdapter" className="UnitTestinProgress.MSTestClass2" name="MSTest_P2_797" />
    </UnitTest>
    <UnitTest name="MSTest_P2_798" storage="c:\users\navb\source\repos\sampleproject\testproject\unittestproject10\bin\debug\unittestproject10.dll" id="f08b2af4-b464-dac8-a571-a6f63862c590">
      <Execution id="d9bcd9b6-b5a0-47bc-ab34-07c2a58b2108" />
      <TestMethod codeBase="C:\Users\navb\source\repos\SampleProject\TestProject\UnitTestProject10\bin\Debug\UnitTestProject10.dll" adapterTypeName="Microsoft.VisualStudio.TestTools.TestTypes.Unit.UnitTestAdapter" className="UnitTestinProgress.MSTestClass2" name="MSTest_P2_798" />
    </UnitTest>
    <UnitTest name="MSTest_P2_799" storage="c:\users\navb\source\repos\sampleproject\testproject\unittestproject10\bin\debug\unittestproject10.dll" id="eb55b32b-fdd2-d130-e182-0abffe1bd832">
      <Execution id="742ff989-bec8-4c8c-aa63-4767cf3fac66" />
      <TestMethod codeBase="C:\Users\navb\source\repos\SampleProject\TestProject\UnitTestProject10\bin\Debug\UnitTestProject10.dll" adapterTypeName="Microsoft.VisualStudio.TestTools.TestTypes.Unit.UnitTestAdapter" className="UnitTestinProgress.MSTestClass2" name="MSTest_P2_799" />
    </UnitTest>
    <UnitTest name="MSTest_P2_800" storage="c:\users\navb\source\repos\sampleproject\testproject\unittestproject10\bin\debug\unittestproject10.dll" id="cf4ed24b-84e3-6e2d-335a-7aa8ec3d1e12">
      <Execution id="9a2313d8-1425-497c-9934-0343eefbaf53" />
      <TestMethod codeBase="C:\Users\navb\source\repos\SampleProject\TestProject\UnitTestProject10\bin\Debug\UnitTestProject10.dll" adapterTypeName="Microsoft.VisualStudio.TestTools.TestTypes.Unit.UnitTestAdapter" className="UnitTestinProgress.MSTestClass2" name="MSTest_P2_800" />
    </UnitTest>
    <UnitTest name="MSTest_P2_801" storage="c:\users\navb\source\repos\sampleproject\testproject\unittestproject10\bin\debug\unittestproject10.dll" id="eff3fa37-cc88-a07a-74eb-51397c885bf1">
      <Execution id="2534c99c-f77c-49c7-8782-d21b9aa74dfe" />
      <TestMethod codeBase="C:\Users\navb\source\repos\SampleProject\TestProject\UnitTestProject10\bin\Debug\UnitTestProject10.dll" adapterTypeName="Microsoft.VisualStudio.TestTools.TestTypes.Unit.UnitTestAdapter" className="UnitTestinProgress.MSTestClass2" name="MSTest_P2_801" />
    </UnitTest>
    <UnitTest name="MSTest_P2_802" storage="c:\users\navb\source\repos\sampleproject\testproject\unittestproject10\bin\debug\unittestproject10.dll" id="84ae3179-dfb4-f897-741b-781224927163">
      <Execution id="5c720e73-9089-4123-8e13-041796f0ad2c" />
      <TestMethod codeBase="C:\Users\navb\source\repos\SampleProject\TestProject\UnitTestProject10\bin\Debug\UnitTestProject10.dll" adapterTypeName="Microsoft.VisualStudio.TestTools.TestTypes.Unit.UnitTestAdapter" className="UnitTestinProgress.MSTestClass2" name="MSTest_P2_802" />
    </UnitTest>
    <UnitTest name="MSTest_P2_803" storage="c:\users\navb\source\repos\sampleproject\testproject\unittestproject10\bin\debug\unittestproject10.dll" id="50ca2d2e-335e-1b51-a58a-9369bd0c88d6">
      <Execution id="64dc2a2b-054b-4e01-91d0-74e672433bd9" />
      <TestMethod codeBase="C:\Users\navb\source\repos\SampleProject\TestProject\UnitTestProject10\bin\Debug\UnitTestProject10.dll" adapterTypeName="Microsoft.VisualStudio.TestTools.TestTypes.Unit.UnitTestAdapter" className="UnitTestinProgress.MSTestClass2" name="MSTest_P2_803" />
    </UnitTest>
    <UnitTest name="MSTest_P2_804" storage="c:\users\navb\source\repos\sampleproject\testproject\unittestproject10\bin\debug\unittestproject10.dll" id="6f6427b3-df2d-53df-9cd3-f5c7d34fe61d">
      <Execution id="d81726ae-c9d4-4e5f-8645-23aaacbafcd7" />
      <TestMethod codeBase="C:\Users\navb\source\repos\SampleProject\TestProject\UnitTestProject10\bin\Debug\UnitTestProject10.dll" adapterTypeName="Microsoft.VisualStudio.TestTools.TestTypes.Unit.UnitTestAdapter" className="UnitTestinProgress.MSTestClass2" name="MSTest_P2_804" />
    </UnitTest>
    <UnitTest name="MSTest_P2_805" storage="c:\users\navb\source\repos\sampleproject\testproject\unittestproject10\bin\debug\unittestproject10.dll" id="025df3ec-7f02-647d-a4d5-94738efbd7f9">
      <Execution id="a4a23668-01e9-4332-8dde-09ca319a82ac" />
      <TestMethod codeBase="C:\Users\navb\source\repos\SampleProject\TestProject\UnitTestProject10\bin\Debug\UnitTestProject10.dll" adapterTypeName="Microsoft.VisualStudio.TestTools.TestTypes.Unit.UnitTestAdapter" className="UnitTestinProgress.MSTestClass2" name="MSTest_P2_805" />
    </UnitTest>
    <UnitTest name="MSTest_P2_806" storage="c:\users\navb\source\repos\sampleproject\testproject\unittestproject10\bin\debug\unittestproject10.dll" id="84a6cd2a-293f-eaf9-92ea-3a15c6eeaa7f">
      <Execution id="62aa7876-fa8e-4a7d-a1de-878538fd7a4d" />
      <TestMethod codeBase="C:\Users\navb\source\repos\SampleProject\TestProject\UnitTestProject10\bin\Debug\UnitTestProject10.dll" adapterTypeName="Microsoft.VisualStudio.TestTools.TestTypes.Unit.UnitTestAdapter" className="UnitTestinProgress.MSTestClass2" name="MSTest_P2_806" />
    </UnitTest>
    <UnitTest name="MSTest_P2_807" storage="c:\users\navb\source\repos\sampleproject\testproject\unittestproject10\bin\debug\unittestproject10.dll" id="2c5ffffa-f808-6c0d-bccb-9a0a67cd47ae">
      <Execution id="10e8698c-ca75-46dc-ada5-39d8dad85a2d" />
      <TestMethod codeBase="C:\Users\navb\source\repos\SampleProject\TestProject\UnitTestProject10\bin\Debug\UnitTestProject10.dll" adapterTypeName="Microsoft.VisualStudio.TestTools.TestTypes.Unit.UnitTestAdapter" className="UnitTestinProgress.MSTestClass2" name="MSTest_P2_807" />
    </UnitTest>
    <UnitTest name="MSTest_P2_808" storage="c:\users\navb\source\repos\sampleproject\testproject\unittestproject10\bin\debug\unittestproject10.dll" id="73d72fb5-c2dc-6f38-0a6b-99cb307fc2f8">
      <Execution id="52855f9e-f62a-4bc3-93f7-aa878747f752" />
      <TestMethod codeBase="C:\Users\navb\source\repos\SampleProject\TestProject\UnitTestProject10\bin\Debug\UnitTestProject10.dll" adapterTypeName="Microsoft.VisualStudio.TestTools.TestTypes.Unit.UnitTestAdapter" className="UnitTestinProgress.MSTestClass2" name="MSTest_P2_808" />
    </UnitTest>
    <UnitTest name="MSTest_P2_809" storage="c:\users\navb\source\repos\sampleproject\testproject\unittestproject10\bin\debug\unittestproject10.dll" id="08f8a123-b42a-0db0-93bb-169edd2fe1a2">
      <Execution id="3b06844c-78fb-4d76-bbb1-0e3f138f2c53" />
      <TestMethod codeBase="C:\Users\navb\source\repos\SampleProject\TestProject\UnitTestProject10\bin\Debug\UnitTestProject10.dll" adapterTypeName="Microsoft.VisualStudio.TestTools.TestTypes.Unit.UnitTestAdapter" className="UnitTestinProgress.MSTestClass2" name="MSTest_P2_809" />
    </UnitTest>
    <UnitTest name="MSTest_P2_810" storage="c:\users\navb\source\repos\sampleproject\testproject\unittestproject10\bin\debug\unittestproject10.dll" id="bd8ad09f-c0c9-94ae-416d-5beec2fc567f">
      <Execution id="521dcee9-a527-4363-ba77-63fbcd265836" />
      <TestMethod codeBase="C:\Users\navb\source\repos\SampleProject\TestProject\UnitTestProject10\bin\Debug\UnitTestProject10.dll" adapterTypeName="Microsoft.VisualStudio.TestTools.TestTypes.Unit.UnitTestAdapter" className="UnitTestinProgress.MSTestClass2" name="MSTest_P2_810" />
    </UnitTest>
    <UnitTest name="MSTest_P2_811" storage="c:\users\navb\source\repos\sampleproject\testproject\unittestproject10\bin\debug\unittestproject10.dll" id="9e90a179-924a-4efb-2987-2bd9261ef26b">
      <Execution id="81a60b5d-86e5-46d9-9505-e6a48d59345e" />
      <TestMethod codeBase="C:\Users\navb\source\repos\SampleProject\TestProject\UnitTestProject10\bin\Debug\UnitTestProject10.dll" adapterTypeName="Microsoft.VisualStudio.TestTools.TestTypes.Unit.UnitTestAdapter" className="UnitTestinProgress.MSTestClass2" name="MSTest_P2_811" />
    </UnitTest>
    <UnitTest name="MSTest_P2_812" storage="c:\users\navb\source\repos\sampleproject\testproject\unittestproject10\bin\debug\unittestproject10.dll" id="32d03bbd-95bd-8068-7509-90fb2972e9e2">
      <Execution id="47b815b8-9ee0-4f0d-9943-032a69e469fd" />
      <TestMethod codeBase="C:\Users\navb\source\repos\SampleProject\TestProject\UnitTestProject10\bin\Debug\UnitTestProject10.dll" adapterTypeName="Microsoft.VisualStudio.TestTools.TestTypes.Unit.UnitTestAdapter" className="UnitTestinProgress.MSTestClass2" name="MSTest_P2_812" />
    </UnitTest>
    <UnitTest name="MSTest_P2_813" storage="c:\users\navb\source\repos\sampleproject\testproject\unittestproject10\bin\debug\unittestproject10.dll" id="3e29961e-79da-7ed5-25ac-d3a8ad153a01">
      <Execution id="e3e359c1-7f84-40e9-8c52-dbaf402c6f7b" />
      <TestMethod codeBase="C:\Users\navb\source\repos\SampleProject\TestProject\UnitTestProject10\bin\Debug\UnitTestProject10.dll" adapterTypeName="Microsoft.VisualStudio.TestTools.TestTypes.Unit.UnitTestAdapter" className="UnitTestinProgress.MSTestClass2" name="MSTest_P2_813" />
    </UnitTest>
    <UnitTest name="MSTest_P2_814" storage="c:\users\navb\source\repos\sampleproject\testproject\unittestproject10\bin\debug\unittestproject10.dll" id="beba9f3d-6689-6c1e-3466-2470e80ff591">
      <Execution id="5582645e-4b1e-441a-8fe7-457e1ce56585" />
      <TestMethod codeBase="C:\Users\navb\source\repos\SampleProject\TestProject\UnitTestProject10\bin\Debug\UnitTestProject10.dll" adapterTypeName="Microsoft.VisualStudio.TestTools.TestTypes.Unit.UnitTestAdapter" className="UnitTestinProgress.MSTestClass2" name="MSTest_P2_814" />
    </UnitTest>
    <UnitTest name="MSTest_P2_815" storage="c:\users\navb\source\repos\sampleproject\testproject\unittestproject10\bin\debug\unittestproject10.dll" id="21c02eda-79ba-d8e8-649a-99f562c171b7">
      <Execution id="73c7c5c9-1754-41fd-bb6c-087ac928c2ee" />
      <TestMethod codeBase="C:\Users\navb\source\repos\SampleProject\TestProject\UnitTestProject10\bin\Debug\UnitTestProject10.dll" adapterTypeName="Microsoft.VisualStudio.TestTools.TestTypes.Unit.UnitTestAdapter" className="UnitTestinProgress.MSTestClass2" name="MSTest_P2_815" />
    </UnitTest>
    <UnitTest name="MSTest_P2_816" storage="c:\users\navb\source\repos\sampleproject\testproject\unittestproject10\bin\debug\unittestproject10.dll" id="66c52b53-6d2d-84a8-084d-624a9be83c8d">
      <Execution id="4b294b91-6d9a-405b-8be7-415dc6870433" />
      <TestMethod codeBase="C:\Users\navb\source\repos\SampleProject\TestProject\UnitTestProject10\bin\Debug\UnitTestProject10.dll" adapterTypeName="Microsoft.VisualStudio.TestTools.TestTypes.Unit.UnitTestAdapter" className="UnitTestinProgress.MSTestClass2" name="MSTest_P2_816" />
    </UnitTest>
    <UnitTest name="MSTest_P2_817" storage="c:\users\navb\source\repos\sampleproject\testproject\unittestproject10\bin\debug\unittestproject10.dll" id="c7200103-eabd-9873-933f-4ecc52948b48">
      <Execution id="172d50ee-39d5-4461-ae76-f874fc1179ef" />
      <TestMethod codeBase="C:\Users\navb\source\repos\SampleProject\TestProject\UnitTestProject10\bin\Debug\UnitTestProject10.dll" adapterTypeName="Microsoft.VisualStudio.TestTools.TestTypes.Unit.UnitTestAdapter" className="UnitTestinProgress.MSTestClass2" name="MSTest_P2_817" />
    </UnitTest>
    <UnitTest name="MSTest_P2_818" storage="c:\users\navb\source\repos\sampleproject\testproject\unittestproject10\bin\debug\unittestproject10.dll" id="d8dd4c81-3480-542b-d677-51d58dbb0d46">
      <Execution id="24c3aeb6-372d-4a47-be17-f6e434dbc6c4" />
      <TestMethod codeBase="C:\Users\navb\source\repos\SampleProject\TestProject\UnitTestProject10\bin\Debug\UnitTestProject10.dll" adapterTypeName="Microsoft.VisualStudio.TestTools.TestTypes.Unit.UnitTestAdapter" className="UnitTestinProgress.MSTestClass2" name="MSTest_P2_818" />
    </UnitTest>
    <UnitTest name="MSTest_P2_819" storage="c:\users\navb\source\repos\sampleproject\testproject\unittestproject10\bin\debug\unittestproject10.dll" id="fe33969b-26e9-e45d-10db-c42f3bf1f246">
      <Execution id="7a9512f0-60b5-41d7-b804-4d4680c78ca3" />
      <TestMethod codeBase="C:\Users\navb\source\repos\SampleProject\TestProject\UnitTestProject10\bin\Debug\UnitTestProject10.dll" adapterTypeName="Microsoft.VisualStudio.TestTools.TestTypes.Unit.UnitTestAdapter" className="UnitTestinProgress.MSTestClass2" name="MSTest_P2_819" />
    </UnitTest>
    <UnitTest name="MSTest_P2_820" storage="c:\users\navb\source\repos\sampleproject\testproject\unittestproject10\bin\debug\unittestproject10.dll" id="90aff43c-a2eb-1531-ccc8-abeea2241125">
      <Execution id="99a74def-5404-4e7d-ae28-20402f888c77" />
      <TestMethod codeBase="C:\Users\navb\source\repos\SampleProject\TestProject\UnitTestProject10\bin\Debug\UnitTestProject10.dll" adapterTypeName="Microsoft.VisualStudio.TestTools.TestTypes.Unit.UnitTestAdapter" className="UnitTestinProgress.MSTestClass2" name="MSTest_P2_820" />
    </UnitTest>
    <UnitTest name="MSTest_P2_821" storage="c:\users\navb\source\repos\sampleproject\testproject\unittestproject10\bin\debug\unittestproject10.dll" id="af52ebbc-8807-9217-fb2c-38c6564a9987">
      <Execution id="a07b394a-3366-424a-ab8b-42a663710e71" />
      <TestMethod codeBase="C:\Users\navb\source\repos\SampleProject\TestProject\UnitTestProject10\bin\Debug\UnitTestProject10.dll" adapterTypeName="Microsoft.VisualStudio.TestTools.TestTypes.Unit.UnitTestAdapter" className="UnitTestinProgress.MSTestClass2" name="MSTest_P2_821" />
    </UnitTest>
    <UnitTest name="MSTest_P2_822" storage="c:\users\navb\source\repos\sampleproject\testproject\unittestproject10\bin\debug\unittestproject10.dll" id="d26f1766-b8e5-87ec-195a-54711cbf2a1d">
      <Execution id="299b491a-100c-4c72-96fb-92f2fc70d5c3" />
      <TestMethod codeBase="C:\Users\navb\source\repos\SampleProject\TestProject\UnitTestProject10\bin\Debug\UnitTestProject10.dll" adapterTypeName="Microsoft.VisualStudio.TestTools.TestTypes.Unit.UnitTestAdapter" className="UnitTestinProgress.MSTestClass2" name="MSTest_P2_822" />
    </UnitTest>
    <UnitTest name="MSTest_P2_823" storage="c:\users\navb\source\repos\sampleproject\testproject\unittestproject10\bin\debug\unittestproject10.dll" id="1142e65d-60a9-555e-0c33-0eb796d843a7">
      <Execution id="d8963630-c57d-4ca7-89b3-47550e2c8cae" />
      <TestMethod codeBase="C:\Users\navb\source\repos\SampleProject\TestProject\UnitTestProject10\bin\Debug\UnitTestProject10.dll" adapterTypeName="Microsoft.VisualStudio.TestTools.TestTypes.Unit.UnitTestAdapter" className="UnitTestinProgress.MSTestClass2" name="MSTest_P2_823" />
    </UnitTest>
    <UnitTest name="MSTest_P2_824" storage="c:\users\navb\source\repos\sampleproject\testproject\unittestproject10\bin\debug\unittestproject10.dll" id="a96cffdc-e003-4d51-c3d6-c71b9765bd8f">
      <Execution id="fc0b6f66-b7b7-41bd-9916-da4d9836718c" />
      <TestMethod codeBase="C:\Users\navb\source\repos\SampleProject\TestProject\UnitTestProject10\bin\Debug\UnitTestProject10.dll" adapterTypeName="Microsoft.VisualStudio.TestTools.TestTypes.Unit.UnitTestAdapter" className="UnitTestinProgress.MSTestClass2" name="MSTest_P2_824" />
    </UnitTest>
    <UnitTest name="MSTest_P2_825" storage="c:\users\navb\source\repos\sampleproject\testproject\unittestproject10\bin\debug\unittestproject10.dll" id="3808d56e-b973-a045-a0d4-7776af3046ca">
      <Execution id="34ad42e2-8c33-4a42-9b6c-3ca815755b5e" />
      <TestMethod codeBase="C:\Users\navb\source\repos\SampleProject\TestProject\UnitTestProject10\bin\Debug\UnitTestProject10.dll" adapterTypeName="Microsoft.VisualStudio.TestTools.TestTypes.Unit.UnitTestAdapter" className="UnitTestinProgress.MSTestClass2" name="MSTest_P2_825" />
    </UnitTest>
    <UnitTest name="MSTest_P2_826" storage="c:\users\navb\source\repos\sampleproject\testproject\unittestproject10\bin\debug\unittestproject10.dll" id="fa6f558e-f835-31c5-57a8-ff603febca1e">
      <Execution id="8919c5fc-fa32-4261-9fbc-8725f9a8bbe4" />
      <TestMethod codeBase="C:\Users\navb\source\repos\SampleProject\TestProject\UnitTestProject10\bin\Debug\UnitTestProject10.dll" adapterTypeName="Microsoft.VisualStudio.TestTools.TestTypes.Unit.UnitTestAdapter" className="UnitTestinProgress.MSTestClass2" name="MSTest_P2_826" />
    </UnitTest>
    <UnitTest name="MSTest_P2_827" storage="c:\users\navb\source\repos\sampleproject\testproject\unittestproject10\bin\debug\unittestproject10.dll" id="b5e6d366-0c8a-df28-38f5-585699d762cd">
      <Execution id="32816ef9-29a3-4a0b-a58b-8e1081cae1ac" />
      <TestMethod codeBase="C:\Users\navb\source\repos\SampleProject\TestProject\UnitTestProject10\bin\Debug\UnitTestProject10.dll" adapterTypeName="Microsoft.VisualStudio.TestTools.TestTypes.Unit.UnitTestAdapter" className="UnitTestinProgress.MSTestClass2" name="MSTest_P2_827" />
    </UnitTest>
    <UnitTest name="MSTest_P2_828" storage="c:\users\navb\source\repos\sampleproject\testproject\unittestproject10\bin\debug\unittestproject10.dll" id="b596ac79-7c20-df28-91f0-608f4763bb4e">
      <Execution id="c3569bca-091f-41bd-8694-d5d88ee68100" />
      <TestMethod codeBase="C:\Users\navb\source\repos\SampleProject\TestProject\UnitTestProject10\bin\Debug\UnitTestProject10.dll" adapterTypeName="Microsoft.VisualStudio.TestTools.TestTypes.Unit.UnitTestAdapter" className="UnitTestinProgress.MSTestClass2" name="MSTest_P2_828" />
    </UnitTest>
    <UnitTest name="MSTest_P2_829" storage="c:\users\navb\source\repos\sampleproject\testproject\unittestproject10\bin\debug\unittestproject10.dll" id="6e6177fe-e296-5fec-1f36-3049bafbdb3a">
      <Execution id="3820dd3c-cdaa-426e-8e02-86efd45fc66c" />
      <TestMethod codeBase="C:\Users\navb\source\repos\SampleProject\TestProject\UnitTestProject10\bin\Debug\UnitTestProject10.dll" adapterTypeName="Microsoft.VisualStudio.TestTools.TestTypes.Unit.UnitTestAdapter" className="UnitTestinProgress.MSTestClass2" name="MSTest_P2_829" />
    </UnitTest>
    <UnitTest name="MSTest_P2_830" storage="c:\users\navb\source\repos\sampleproject\testproject\unittestproject10\bin\debug\unittestproject10.dll" id="dd86b8ea-992a-9576-2486-b98735ccaf74">
      <Execution id="5483fa18-f488-444f-8ba8-59b8162b2b85" />
      <TestMethod codeBase="C:\Users\navb\source\repos\SampleProject\TestProject\UnitTestProject10\bin\Debug\UnitTestProject10.dll" adapterTypeName="Microsoft.VisualStudio.TestTools.TestTypes.Unit.UnitTestAdapter" className="UnitTestinProgress.MSTestClass2" name="MSTest_P2_830" />
    </UnitTest>
    <UnitTest name="MSTest_P2_831" storage="c:\users\navb\source\repos\sampleproject\testproject\unittestproject10\bin\debug\unittestproject10.dll" id="c07ae26d-daf2-50d4-907f-c4def0e041c4">
      <Execution id="eac013d8-a119-487d-9975-d744d1b039ed" />
      <TestMethod codeBase="C:\Users\navb\source\repos\SampleProject\TestProject\UnitTestProject10\bin\Debug\UnitTestProject10.dll" adapterTypeName="Microsoft.VisualStudio.TestTools.TestTypes.Unit.UnitTestAdapter" className="UnitTestinProgress.MSTestClass2" name="MSTest_P2_831" />
    </UnitTest>
    <UnitTest name="MSTest_P2_832" storage="c:\users\navb\source\repos\sampleproject\testproject\unittestproject10\bin\debug\unittestproject10.dll" id="db3689c4-ec64-9807-ff9d-703e1cd5ba30">
      <Execution id="e62b3662-1322-4250-8c48-45b2113b0133" />
      <TestMethod codeBase="C:\Users\navb\source\repos\SampleProject\TestProject\UnitTestProject10\bin\Debug\UnitTestProject10.dll" adapterTypeName="Microsoft.VisualStudio.TestTools.TestTypes.Unit.UnitTestAdapter" className="UnitTestinProgress.MSTestClass2" name="MSTest_P2_832" />
    </UnitTest>
    <UnitTest name="MSTest_P2_833" storage="c:\users\navb\source\repos\sampleproject\testproject\unittestproject10\bin\debug\unittestproject10.dll" id="64ab3aa4-24f6-ff24-e8d1-9d32f057ed1d">
      <Execution id="4a39f8cc-fda5-49c1-8e05-64b0c5b7ea81" />
      <TestMethod codeBase="C:\Users\navb\source\repos\SampleProject\TestProject\UnitTestProject10\bin\Debug\UnitTestProject10.dll" adapterTypeName="Microsoft.VisualStudio.TestTools.TestTypes.Unit.UnitTestAdapter" className="UnitTestinProgress.MSTestClass2" name="MSTest_P2_833" />
    </UnitTest>
    <UnitTest name="MSTest_P2_834" storage="c:\users\navb\source\repos\sampleproject\testproject\unittestproject10\bin\debug\unittestproject10.dll" id="f70340aa-5fce-d298-7f45-ef899e029905">
      <Execution id="0a5440ac-caae-4e89-a69c-df2568d5cf13" />
      <TestMethod codeBase="C:\Users\navb\source\repos\SampleProject\TestProject\UnitTestProject10\bin\Debug\UnitTestProject10.dll" adapterTypeName="Microsoft.VisualStudio.TestTools.TestTypes.Unit.UnitTestAdapter" className="UnitTestinProgress.MSTestClass2" name="MSTest_P2_834" />
    </UnitTest>
    <UnitTest name="MSTest_P2_835" storage="c:\users\navb\source\repos\sampleproject\testproject\unittestproject10\bin\debug\unittestproject10.dll" id="1c8558a4-b15e-bedc-ae12-2c816334a012">
      <Execution id="5c3972ba-33d1-4942-8dd5-d867cc8bf62f" />
      <TestMethod codeBase="C:\Users\navb\source\repos\SampleProject\TestProject\UnitTestProject10\bin\Debug\UnitTestProject10.dll" adapterTypeName="Microsoft.VisualStudio.TestTools.TestTypes.Unit.UnitTestAdapter" className="UnitTestinProgress.MSTestClass2" name="MSTest_P2_835" />
    </UnitTest>
    <UnitTest name="MSTest_P2_836" storage="c:\users\navb\source\repos\sampleproject\testproject\unittestproject10\bin\debug\unittestproject10.dll" id="64787a3d-88fc-40c9-3001-6275bb42a712">
      <Execution id="aceb1b3b-6eaf-4ca5-83b7-966cfab7c0a0" />
      <TestMethod codeBase="C:\Users\navb\source\repos\SampleProject\TestProject\UnitTestProject10\bin\Debug\UnitTestProject10.dll" adapterTypeName="Microsoft.VisualStudio.TestTools.TestTypes.Unit.UnitTestAdapter" className="UnitTestinProgress.MSTestClass2" name="MSTest_P2_836" />
    </UnitTest>
    <UnitTest name="MSTest_P2_837" storage="c:\users\navb\source\repos\sampleproject\testproject\unittestproject10\bin\debug\unittestproject10.dll" id="764ff347-50b0-0099-55f2-3893dcdda0ee">
      <Execution id="e0ff6e7e-a202-44e6-8d76-76a044d5d341" />
      <TestMethod codeBase="C:\Users\navb\source\repos\SampleProject\TestProject\UnitTestProject10\bin\Debug\UnitTestProject10.dll" adapterTypeName="Microsoft.VisualStudio.TestTools.TestTypes.Unit.UnitTestAdapter" className="UnitTestinProgress.MSTestClass2" name="MSTest_P2_837" />
    </UnitTest>
    <UnitTest name="MSTest_P2_838" storage="c:\users\navb\source\repos\sampleproject\testproject\unittestproject10\bin\debug\unittestproject10.dll" id="fd00d6df-9266-d7f9-06a4-30b68bcce890">
      <Execution id="fd4915c2-af7b-4a5c-879d-ae9cc07f3dbc" />
      <TestMethod codeBase="C:\Users\navb\source\repos\SampleProject\TestProject\UnitTestProject10\bin\Debug\UnitTestProject10.dll" adapterTypeName="Microsoft.VisualStudio.TestTools.TestTypes.Unit.UnitTestAdapter" className="UnitTestinProgress.MSTestClass2" name="MSTest_P2_838" />
    </UnitTest>
    <UnitTest name="MSTest_P2_839" storage="c:\users\navb\source\repos\sampleproject\testproject\unittestproject10\bin\debug\unittestproject10.dll" id="6d2690e4-55f2-1173-3955-daa13c7926d5">
      <Execution id="fb217f42-1181-415f-a06f-dc18979ec7e6" />
      <TestMethod codeBase="C:\Users\navb\source\repos\SampleProject\TestProject\UnitTestProject10\bin\Debug\UnitTestProject10.dll" adapterTypeName="Microsoft.VisualStudio.TestTools.TestTypes.Unit.UnitTestAdapter" className="UnitTestinProgress.MSTestClass2" name="MSTest_P2_839" />
    </UnitTest>
    <UnitTest name="MSTest_P2_840" storage="c:\users\navb\source\repos\sampleproject\testproject\unittestproject10\bin\debug\unittestproject10.dll" id="e955f05b-a5be-2c36-d51c-47d6105a054d">
      <Execution id="a18123dd-2997-4677-9945-eefc4074cffc" />
      <TestMethod codeBase="C:\Users\navb\source\repos\SampleProject\TestProject\UnitTestProject10\bin\Debug\UnitTestProject10.dll" adapterTypeName="Microsoft.VisualStudio.TestTools.TestTypes.Unit.UnitTestAdapter" className="UnitTestinProgress.MSTestClass2" name="MSTest_P2_840" />
    </UnitTest>
    <UnitTest name="MSTest_P2_841" storage="c:\users\navb\source\repos\sampleproject\testproject\unittestproject10\bin\debug\unittestproject10.dll" id="6e078b1a-21ca-1b99-765c-26240c6f6eea">
      <Execution id="5ac94041-e89e-4353-a9ae-ac1483bbb5c6" />
      <TestMethod codeBase="C:\Users\navb\source\repos\SampleProject\TestProject\UnitTestProject10\bin\Debug\UnitTestProject10.dll" adapterTypeName="Microsoft.VisualStudio.TestTools.TestTypes.Unit.UnitTestAdapter" className="UnitTestinProgress.MSTestClass2" name="MSTest_P2_841" />
    </UnitTest>
    <UnitTest name="MSTest_P2_842" storage="c:\users\navb\source\repos\sampleproject\testproject\unittestproject10\bin\debug\unittestproject10.dll" id="1f12b4a9-e48c-130f-d084-76be2cb52ea8">
      <Execution id="ff55c338-12fe-4482-83e1-40e348f863e8" />
      <TestMethod codeBase="C:\Users\navb\source\repos\SampleProject\TestProject\UnitTestProject10\bin\Debug\UnitTestProject10.dll" adapterTypeName="Microsoft.VisualStudio.TestTools.TestTypes.Unit.UnitTestAdapter" className="UnitTestinProgress.MSTestClass2" name="MSTest_P2_842" />
    </UnitTest>
    <UnitTest name="MSTest_P2_843" storage="c:\users\navb\source\repos\sampleproject\testproject\unittestproject10\bin\debug\unittestproject10.dll" id="62e597d4-e60d-aa54-8157-377d907b7f43">
      <Execution id="e71923d2-d69f-411a-b95a-617fc3795533" />
      <TestMethod codeBase="C:\Users\navb\source\repos\SampleProject\TestProject\UnitTestProject10\bin\Debug\UnitTestProject10.dll" adapterTypeName="Microsoft.VisualStudio.TestTools.TestTypes.Unit.UnitTestAdapter" className="UnitTestinProgress.MSTestClass2" name="MSTest_P2_843" />
    </UnitTest>
    <UnitTest name="MSTest_P2_844" storage="c:\users\navb\source\repos\sampleproject\testproject\unittestproject10\bin\debug\unittestproject10.dll" id="511bf4f6-7e37-7990-39e8-edda9467c578">
      <Execution id="bdfe9d14-a843-46a2-8738-65d738a1ffde" />
      <TestMethod codeBase="C:\Users\navb\source\repos\SampleProject\TestProject\UnitTestProject10\bin\Debug\UnitTestProject10.dll" adapterTypeName="Microsoft.VisualStudio.TestTools.TestTypes.Unit.UnitTestAdapter" className="UnitTestinProgress.MSTestClass2" name="MSTest_P2_844" />
    </UnitTest>
    <UnitTest name="MSTest_P2_845" storage="c:\users\navb\source\repos\sampleproject\testproject\unittestproject10\bin\debug\unittestproject10.dll" id="c6ee03d5-9684-896d-e10e-1858f02dec5f">
      <Execution id="182535e0-8a2d-47be-87a6-707dc73fbfde" />
      <TestMethod codeBase="C:\Users\navb\source\repos\SampleProject\TestProject\UnitTestProject10\bin\Debug\UnitTestProject10.dll" adapterTypeName="Microsoft.VisualStudio.TestTools.TestTypes.Unit.UnitTestAdapter" className="UnitTestinProgress.MSTestClass2" name="MSTest_P2_845" />
    </UnitTest>
    <UnitTest name="MSTest_P2_846" storage="c:\users\navb\source\repos\sampleproject\testproject\unittestproject10\bin\debug\unittestproject10.dll" id="6a0c6508-a7ea-d027-fd8e-bdabe1521933">
      <Execution id="361abdb9-18c6-4516-a72c-9e4e8cb38a5b" />
      <TestMethod codeBase="C:\Users\navb\source\repos\SampleProject\TestProject\UnitTestProject10\bin\Debug\UnitTestProject10.dll" adapterTypeName="Microsoft.VisualStudio.TestTools.TestTypes.Unit.UnitTestAdapter" className="UnitTestinProgress.MSTestClass2" name="MSTest_P2_846" />
    </UnitTest>
    <UnitTest name="MSTest_P2_847" storage="c:\users\navb\source\repos\sampleproject\testproject\unittestproject10\bin\debug\unittestproject10.dll" id="3a9a7fdb-5b03-106c-0671-c65a903339c6">
      <Execution id="38b412af-e733-4982-9fdb-0619fa9f2034" />
      <TestMethod codeBase="C:\Users\navb\source\repos\SampleProject\TestProject\UnitTestProject10\bin\Debug\UnitTestProject10.dll" adapterTypeName="Microsoft.VisualStudio.TestTools.TestTypes.Unit.UnitTestAdapter" className="UnitTestinProgress.MSTestClass2" name="MSTest_P2_847" />
    </UnitTest>
    <UnitTest name="MSTest_P2_848" storage="c:\users\navb\source\repos\sampleproject\testproject\unittestproject10\bin\debug\unittestproject10.dll" id="92afaed2-9f76-e231-6ecc-808ff600348b">
      <Execution id="f544cc26-8dc2-4d0c-a2c8-bf2c4e3e63cc" />
      <TestMethod codeBase="C:\Users\navb\source\repos\SampleProject\TestProject\UnitTestProject10\bin\Debug\UnitTestProject10.dll" adapterTypeName="Microsoft.VisualStudio.TestTools.TestTypes.Unit.UnitTestAdapter" className="UnitTestinProgress.MSTestClass2" name="MSTest_P2_848" />
    </UnitTest>
    <UnitTest name="MSTest_P2_849" storage="c:\users\navb\source\repos\sampleproject\testproject\unittestproject10\bin\debug\unittestproject10.dll" id="e367aa71-b0af-a758-f513-c2150be0ee58">
      <Execution id="d64cba7f-614b-499f-ac21-0256931310e9" />
      <TestMethod codeBase="C:\Users\navb\source\repos\SampleProject\TestProject\UnitTestProject10\bin\Debug\UnitTestProject10.dll" adapterTypeName="Microsoft.VisualStudio.TestTools.TestTypes.Unit.UnitTestAdapter" className="UnitTestinProgress.MSTestClass2" name="MSTest_P2_849" />
    </UnitTest>
    <UnitTest name="MSTest_P2_850" storage="c:\users\navb\source\repos\sampleproject\testproject\unittestproject10\bin\debug\unittestproject10.dll" id="60863bf4-f9bf-04dc-12a3-a22e0f65c9ea">
      <Execution id="572306cb-310b-4b3f-8c90-c1faf9ff6d70" />
      <TestMethod codeBase="C:\Users\navb\source\repos\SampleProject\TestProject\UnitTestProject10\bin\Debug\UnitTestProject10.dll" adapterTypeName="Microsoft.VisualStudio.TestTools.TestTypes.Unit.UnitTestAdapter" className="UnitTestinProgress.MSTestClass2" name="MSTest_P2_850" />
    </UnitTest>
    <UnitTest name="MSTest_P2_681" storage="c:\users\navb\source\repos\sampleproject\testproject\unittestproject10\bin\debug\unittestproject10.dll" id="e024ef41-083b-00b1-2a7d-aeeaf04191e1">
      <Execution id="64f0e11a-b563-4343-98bd-bcb72326169e" />
      <TestMethod codeBase="C:\Users\navb\source\repos\SampleProject\TestProject\UnitTestProject10\bin\Debug\UnitTestProject10.dll" adapterTypeName="Microsoft.VisualStudio.TestTools.TestTypes.Unit.UnitTestAdapter" className="UnitTestinProgress.MSTestClass2" name="MSTest_P2_681" />
    </UnitTest>
    <UnitTest name="MSTest_P2_682" storage="c:\users\navb\source\repos\sampleproject\testproject\unittestproject10\bin\debug\unittestproject10.dll" id="0aa7aae1-8c4a-9eda-b1d9-2436bdcb68b7">
      <Execution id="e405554b-2f51-42a2-bcf4-7c6035773440" />
      <TestMethod codeBase="C:\Users\navb\source\repos\SampleProject\TestProject\UnitTestProject10\bin\Debug\UnitTestProject10.dll" adapterTypeName="Microsoft.VisualStudio.TestTools.TestTypes.Unit.UnitTestAdapter" className="UnitTestinProgress.MSTestClass2" name="MSTest_P2_682" />
    </UnitTest>
    <UnitTest name="MSTest_P2_683" storage="c:\users\navb\source\repos\sampleproject\testproject\unittestproject10\bin\debug\unittestproject10.dll" id="12bf26ac-5455-f147-ab84-37229d82317a">
      <Execution id="a5582fc2-83a3-4665-8a91-aa5cd8b493d9" />
      <TestMethod codeBase="C:\Users\navb\source\repos\SampleProject\TestProject\UnitTestProject10\bin\Debug\UnitTestProject10.dll" adapterTypeName="Microsoft.VisualStudio.TestTools.TestTypes.Unit.UnitTestAdapter" className="UnitTestinProgress.MSTestClass2" name="MSTest_P2_683" />
    </UnitTest>
    <UnitTest name="MSTest_P2_684" storage="c:\users\navb\source\repos\sampleproject\testproject\unittestproject10\bin\debug\unittestproject10.dll" id="2e3a7c50-e4a5-3602-4438-48bdaf561af3">
      <Execution id="a1cfa698-58cd-4247-bc86-91a349fae057" />
      <TestMethod codeBase="C:\Users\navb\source\repos\SampleProject\TestProject\UnitTestProject10\bin\Debug\UnitTestProject10.dll" adapterTypeName="Microsoft.VisualStudio.TestTools.TestTypes.Unit.UnitTestAdapter" className="UnitTestinProgress.MSTestClass2" name="MSTest_P2_684" />
    </UnitTest>
    <UnitTest name="MSTest_P2_685" storage="c:\users\navb\source\repos\sampleproject\testproject\unittestproject10\bin\debug\unittestproject10.dll" id="bef2782c-3a6e-228f-d81e-4a0182ff4ef4">
      <Execution id="b8f75746-183f-427e-aadc-6bae9a5fb430" />
      <TestMethod codeBase="C:\Users\navb\source\repos\SampleProject\TestProject\UnitTestProject10\bin\Debug\UnitTestProject10.dll" adapterTypeName="Microsoft.VisualStudio.TestTools.TestTypes.Unit.UnitTestAdapter" className="UnitTestinProgress.MSTestClass2" name="MSTest_P2_685" />
    </UnitTest>
    <UnitTest name="MSTest_P2_686" storage="c:\users\navb\source\repos\sampleproject\testproject\unittestproject10\bin\debug\unittestproject10.dll" id="9caa978f-dc1f-3b54-f86d-4561a75a1ad7">
      <Execution id="608ec46c-6c3e-4f7b-9226-9ab9b122c5ed" />
      <TestMethod codeBase="C:\Users\navb\source\repos\SampleProject\TestProject\UnitTestProject10\bin\Debug\UnitTestProject10.dll" adapterTypeName="Microsoft.VisualStudio.TestTools.TestTypes.Unit.UnitTestAdapter" className="UnitTestinProgress.MSTestClass2" name="MSTest_P2_686" />
    </UnitTest>
    <UnitTest name="MSTest_P2_687" storage="c:\users\navb\source\repos\sampleproject\testproject\unittestproject10\bin\debug\unittestproject10.dll" id="1aaed582-bd65-15f1-f19a-f01bfeae0f85">
      <Execution id="15ebc3a6-57c9-46f0-8e7d-900f90054c45" />
      <TestMethod codeBase="C:\Users\navb\source\repos\SampleProject\TestProject\UnitTestProject10\bin\Debug\UnitTestProject10.dll" adapterTypeName="Microsoft.VisualStudio.TestTools.TestTypes.Unit.UnitTestAdapter" className="UnitTestinProgress.MSTestClass2" name="MSTest_P2_687" />
    </UnitTest>
    <UnitTest name="MSTest_P2_688" storage="c:\users\navb\source\repos\sampleproject\testproject\unittestproject10\bin\debug\unittestproject10.dll" id="02514658-3539-4e09-7083-7a561726facb">
      <Execution id="53143584-60dd-4f82-b9cc-c7d675f0e66e" />
      <TestMethod codeBase="C:\Users\navb\source\repos\SampleProject\TestProject\UnitTestProject10\bin\Debug\UnitTestProject10.dll" adapterTypeName="Microsoft.VisualStudio.TestTools.TestTypes.Unit.UnitTestAdapter" className="UnitTestinProgress.MSTestClass2" name="MSTest_P2_688" />
    </UnitTest>
    <UnitTest name="MSTest_P2_689" storage="c:\users\navb\source\repos\sampleproject\testproject\unittestproject10\bin\debug\unittestproject10.dll" id="6b16ac49-7c2b-bc72-bfd4-131c02aab2db">
      <Execution id="bed0aac6-bf19-4fec-b7a4-3d980966f533" />
      <TestMethod codeBase="C:\Users\navb\source\repos\SampleProject\TestProject\UnitTestProject10\bin\Debug\UnitTestProject10.dll" adapterTypeName="Microsoft.VisualStudio.TestTools.TestTypes.Unit.UnitTestAdapter" className="UnitTestinProgress.MSTestClass2" name="MSTest_P2_689" />
    </UnitTest>
    <UnitTest name="MSTest_P2_690" storage="c:\users\navb\source\repos\sampleproject\testproject\unittestproject10\bin\debug\unittestproject10.dll" id="09217960-761f-1039-17a0-ea4ede5ade15">
      <Execution id="deb60b66-d918-4d92-b213-ea0febe6f910" />
      <TestMethod codeBase="C:\Users\navb\source\repos\SampleProject\TestProject\UnitTestProject10\bin\Debug\UnitTestProject10.dll" adapterTypeName="Microsoft.VisualStudio.TestTools.TestTypes.Unit.UnitTestAdapter" className="UnitTestinProgress.MSTestClass2" name="MSTest_P2_690" />
    </UnitTest>
    <UnitTest name="MSTest_P2_691" storage="c:\users\navb\source\repos\sampleproject\testproject\unittestproject10\bin\debug\unittestproject10.dll" id="fdbc3f44-4022-324e-a1e5-7cbdcbe40d5d">
      <Execution id="989c4194-de06-45b1-9543-9fbd17ede813" />
      <TestMethod codeBase="C:\Users\navb\source\repos\SampleProject\TestProject\UnitTestProject10\bin\Debug\UnitTestProject10.dll" adapterTypeName="Microsoft.VisualStudio.TestTools.TestTypes.Unit.UnitTestAdapter" className="UnitTestinProgress.MSTestClass2" name="MSTest_P2_691" />
    </UnitTest>
    <UnitTest name="MSTest_P2_692" storage="c:\users\navb\source\repos\sampleproject\testproject\unittestproject10\bin\debug\unittestproject10.dll" id="10c70c0e-e0e6-4347-f394-4de496e761f1">
      <Execution id="197fdc55-9492-49c3-a845-108ed253c35c" />
      <TestMethod codeBase="C:\Users\navb\source\repos\SampleProject\TestProject\UnitTestProject10\bin\Debug\UnitTestProject10.dll" adapterTypeName="Microsoft.VisualStudio.TestTools.TestTypes.Unit.UnitTestAdapter" className="UnitTestinProgress.MSTestClass2" name="MSTest_P2_692" />
    </UnitTest>
    <UnitTest name="MSTest_P2_693" storage="c:\users\navb\source\repos\sampleproject\testproject\unittestproject10\bin\debug\unittestproject10.dll" id="c517d47e-ca32-e377-d7f6-88e94f2c32ee">
      <Execution id="d6bb1ce7-070a-4db7-bda5-4f67e3b9979f" />
      <TestMethod codeBase="C:\Users\navb\source\repos\SampleProject\TestProject\UnitTestProject10\bin\Debug\UnitTestProject10.dll" adapterTypeName="Microsoft.VisualStudio.TestTools.TestTypes.Unit.UnitTestAdapter" className="UnitTestinProgress.MSTestClass2" name="MSTest_P2_693" />
    </UnitTest>
    <UnitTest name="MSTest_P2_694" storage="c:\users\navb\source\repos\sampleproject\testproject\unittestproject10\bin\debug\unittestproject10.dll" id="a30c0e1c-6be8-c1fc-d186-4953fdc74232">
      <Execution id="b39ee187-5043-4532-83eb-11810d895433" />
      <TestMethod codeBase="C:\Users\navb\source\repos\SampleProject\TestProject\UnitTestProject10\bin\Debug\UnitTestProject10.dll" adapterTypeName="Microsoft.VisualStudio.TestTools.TestTypes.Unit.UnitTestAdapter" className="UnitTestinProgress.MSTestClass2" name="MSTest_P2_694" />
    </UnitTest>
    <UnitTest name="MSTest_P2_695" storage="c:\users\navb\source\repos\sampleproject\testproject\unittestproject10\bin\debug\unittestproject10.dll" id="0544e28d-4fc2-b4ec-7e67-93472bf81c4c">
      <Execution id="ef3f44fd-ee61-4fd2-a5ab-d957fad4f6e3" />
      <TestMethod codeBase="C:\Users\navb\source\repos\SampleProject\TestProject\UnitTestProject10\bin\Debug\UnitTestProject10.dll" adapterTypeName="Microsoft.VisualStudio.TestTools.TestTypes.Unit.UnitTestAdapter" className="UnitTestinProgress.MSTestClass2" name="MSTest_P2_695" />
    </UnitTest>
    <UnitTest name="MSTest_P2_696" storage="c:\users\navb\source\repos\sampleproject\testproject\unittestproject10\bin\debug\unittestproject10.dll" id="9d2ec2a6-d3d1-c073-e2b7-2bdf63a956f5">
      <Execution id="8ed41c88-7ebc-4e34-8433-b229a2bfbe1f" />
      <TestMethod codeBase="C:\Users\navb\source\repos\SampleProject\TestProject\UnitTestProject10\bin\Debug\UnitTestProject10.dll" adapterTypeName="Microsoft.VisualStudio.TestTools.TestTypes.Unit.UnitTestAdapter" className="UnitTestinProgress.MSTestClass2" name="MSTest_P2_696" />
    </UnitTest>
    <UnitTest name="MSTest_P2_697" storage="c:\users\navb\source\repos\sampleproject\testproject\unittestproject10\bin\debug\unittestproject10.dll" id="ff871a0a-f3fb-129c-5e01-0c196d851088">
      <Execution id="5be6ca75-3262-4e60-8e20-5e434c307ce3" />
      <TestMethod codeBase="C:\Users\navb\source\repos\SampleProject\TestProject\UnitTestProject10\bin\Debug\UnitTestProject10.dll" adapterTypeName="Microsoft.VisualStudio.TestTools.TestTypes.Unit.UnitTestAdapter" className="UnitTestinProgress.MSTestClass2" name="MSTest_P2_697" />
    </UnitTest>
    <UnitTest name="MSTest_P2_698" storage="c:\users\navb\source\repos\sampleproject\testproject\unittestproject10\bin\debug\unittestproject10.dll" id="7310670a-0010-c516-b9ef-05b270ab4c04">
      <Execution id="d9230f3c-9faf-4b63-b22c-31b984cd8d7d" />
      <TestMethod codeBase="C:\Users\navb\source\repos\SampleProject\TestProject\UnitTestProject10\bin\Debug\UnitTestProject10.dll" adapterTypeName="Microsoft.VisualStudio.TestTools.TestTypes.Unit.UnitTestAdapter" className="UnitTestinProgress.MSTestClass2" name="MSTest_P2_698" />
    </UnitTest>
    <UnitTest name="MSTest_P2_699" storage="c:\users\navb\source\repos\sampleproject\testproject\unittestproject10\bin\debug\unittestproject10.dll" id="d768bb94-e7be-c795-a879-8660f5a521ca">
      <Execution id="faa12c4c-f357-4087-82b8-d6052c8db43e" />
      <TestMethod codeBase="C:\Users\navb\source\repos\SampleProject\TestProject\UnitTestProject10\bin\Debug\UnitTestProject10.dll" adapterTypeName="Microsoft.VisualStudio.TestTools.TestTypes.Unit.UnitTestAdapter" className="UnitTestinProgress.MSTestClass2" name="MSTest_P2_699" />
    </UnitTest>
    <UnitTest name="MSTest_P2_700" storage="c:\users\navb\source\repos\sampleproject\testproject\unittestproject10\bin\debug\unittestproject10.dll" id="23fd5c35-806e-ce3a-d70e-4f98406ae92e">
      <Execution id="2073b212-8ccc-43dc-b30a-018b4047e6ff" />
      <TestMethod codeBase="C:\Users\navb\source\repos\SampleProject\TestProject\UnitTestProject10\bin\Debug\UnitTestProject10.dll" adapterTypeName="Microsoft.VisualStudio.TestTools.TestTypes.Unit.UnitTestAdapter" className="UnitTestinProgress.MSTestClass2" name="MSTest_P2_700" />
    </UnitTest>
    <UnitTest name="MSTest_P2_701" storage="c:\users\navb\source\repos\sampleproject\testproject\unittestproject10\bin\debug\unittestproject10.dll" id="2c22d41f-092a-968d-84dc-b705713dc267">
      <Execution id="2b44b1bc-be56-47f7-ab25-571874098a6c" />
      <TestMethod codeBase="C:\Users\navb\source\repos\SampleProject\TestProject\UnitTestProject10\bin\Debug\UnitTestProject10.dll" adapterTypeName="Microsoft.VisualStudio.TestTools.TestTypes.Unit.UnitTestAdapter" className="UnitTestinProgress.MSTestClass2" name="MSTest_P2_701" />
    </UnitTest>
    <UnitTest name="MSTest_P2_702" storage="c:\users\navb\source\repos\sampleproject\testproject\unittestproject10\bin\debug\unittestproject10.dll" id="4d43b66e-8962-9bb6-1326-4acf18e1f8af">
      <Execution id="c3f64786-770d-433a-9fb0-6263bada576f" />
      <TestMethod codeBase="C:\Users\navb\source\repos\SampleProject\TestProject\UnitTestProject10\bin\Debug\UnitTestProject10.dll" adapterTypeName="Microsoft.VisualStudio.TestTools.TestTypes.Unit.UnitTestAdapter" className="UnitTestinProgress.MSTestClass2" name="MSTest_P2_702" />
    </UnitTest>
    <UnitTest name="MSTest_P2_703" storage="c:\users\navb\source\repos\sampleproject\testproject\unittestproject10\bin\debug\unittestproject10.dll" id="d4654878-1a35-6721-cf80-bedb39cbf7b8">
      <Execution id="db86e63d-437a-4635-9a32-3b455be86b26" />
      <TestMethod codeBase="C:\Users\navb\source\repos\SampleProject\TestProject\UnitTestProject10\bin\Debug\UnitTestProject10.dll" adapterTypeName="Microsoft.VisualStudio.TestTools.TestTypes.Unit.UnitTestAdapter" className="UnitTestinProgress.MSTestClass2" name="MSTest_P2_703" />
    </UnitTest>
    <UnitTest name="MSTest_P2_704" storage="c:\users\navb\source\repos\sampleproject\testproject\unittestproject10\bin\debug\unittestproject10.dll" id="0375a79b-17bf-9022-0b92-a3ad697c1a71">
      <Execution id="96aad900-903d-4e23-b627-fb593fe2f8d5" />
      <TestMethod codeBase="C:\Users\navb\source\repos\SampleProject\TestProject\UnitTestProject10\bin\Debug\UnitTestProject10.dll" adapterTypeName="Microsoft.VisualStudio.TestTools.TestTypes.Unit.UnitTestAdapter" className="UnitTestinProgress.MSTestClass2" name="MSTest_P2_704" />
    </UnitTest>
    <UnitTest name="MSTest_P2_705" storage="c:\users\navb\source\repos\sampleproject\testproject\unittestproject10\bin\debug\unittestproject10.dll" id="ec973bdb-21c0-1365-934b-b91d9822cd21">
      <Execution id="268964be-865b-4e85-842a-f5905fc79fa4" />
      <TestMethod codeBase="C:\Users\navb\source\repos\SampleProject\TestProject\UnitTestProject10\bin\Debug\UnitTestProject10.dll" adapterTypeName="Microsoft.VisualStudio.TestTools.TestTypes.Unit.UnitTestAdapter" className="UnitTestinProgress.MSTestClass2" name="MSTest_P2_705" />
    </UnitTest>
    <UnitTest name="MSTest_P2_706" storage="c:\users\navb\source\repos\sampleproject\testproject\unittestproject10\bin\debug\unittestproject10.dll" id="5ad515e4-061f-7df7-ad67-b02fe01da566">
      <Execution id="ff6d4346-299e-4eca-ad9f-033e46d40105" />
      <TestMethod codeBase="C:\Users\navb\source\repos\SampleProject\TestProject\UnitTestProject10\bin\Debug\UnitTestProject10.dll" adapterTypeName="Microsoft.VisualStudio.TestTools.TestTypes.Unit.UnitTestAdapter" className="UnitTestinProgress.MSTestClass2" name="MSTest_P2_706" />
    </UnitTest>
    <UnitTest name="MSTest_P2_707" storage="c:\users\navb\source\repos\sampleproject\testproject\unittestproject10\bin\debug\unittestproject10.dll" id="0803935a-871f-a690-4074-dae07f076149">
      <Execution id="074d91a4-5b23-4f87-8231-759ea715af97" />
      <TestMethod codeBase="C:\Users\navb\source\repos\SampleProject\TestProject\UnitTestProject10\bin\Debug\UnitTestProject10.dll" adapterTypeName="Microsoft.VisualStudio.TestTools.TestTypes.Unit.UnitTestAdapter" className="UnitTestinProgress.MSTestClass2" name="MSTest_P2_707" />
    </UnitTest>
    <UnitTest name="MSTest_P2_708" storage="c:\users\navb\source\repos\sampleproject\testproject\unittestproject10\bin\debug\unittestproject10.dll" id="5a551494-faff-53e7-207e-681c218ee1d5">
      <Execution id="0536268c-f5a4-47c4-8504-ed2e42102645" />
      <TestMethod codeBase="C:\Users\navb\source\repos\SampleProject\TestProject\UnitTestProject10\bin\Debug\UnitTestProject10.dll" adapterTypeName="Microsoft.VisualStudio.TestTools.TestTypes.Unit.UnitTestAdapter" className="UnitTestinProgress.MSTestClass2" name="MSTest_P2_708" />
    </UnitTest>
    <UnitTest name="MSTest_P2_709" storage="c:\users\navb\source\repos\sampleproject\testproject\unittestproject10\bin\debug\unittestproject10.dll" id="c3a8a6f2-b935-a4af-92db-4c0183516cfb">
      <Execution id="5c311a7d-6ac5-4d8c-83d4-a04145b2ac16" />
      <TestMethod codeBase="C:\Users\navb\source\repos\SampleProject\TestProject\UnitTestProject10\bin\Debug\UnitTestProject10.dll" adapterTypeName="Microsoft.VisualStudio.TestTools.TestTypes.Unit.UnitTestAdapter" className="UnitTestinProgress.MSTestClass2" name="MSTest_P2_709" />
    </UnitTest>
    <UnitTest name="MSTest_P2_710" storage="c:\users\navb\source\repos\sampleproject\testproject\unittestproject10\bin\debug\unittestproject10.dll" id="0019d10a-a6a6-19da-3d6b-4865f197fa35">
      <Execution id="0f9dfb29-739a-4309-b34f-a89e5a50250e" />
      <TestMethod codeBase="C:\Users\navb\source\repos\SampleProject\TestProject\UnitTestProject10\bin\Debug\UnitTestProject10.dll" adapterTypeName="Microsoft.VisualStudio.TestTools.TestTypes.Unit.UnitTestAdapter" className="UnitTestinProgress.MSTestClass2" name="MSTest_P2_710" />
    </UnitTest>
    <UnitTest name="MSTest_P2_711" storage="c:\users\navb\source\repos\sampleproject\testproject\unittestproject10\bin\debug\unittestproject10.dll" id="cc78e4c8-e396-40e7-5bdc-41f3b1d91c3b">
      <Execution id="65bb737c-be78-42d1-90b7-65eebb0581df" />
      <TestMethod codeBase="C:\Users\navb\source\repos\SampleProject\TestProject\UnitTestProject10\bin\Debug\UnitTestProject10.dll" adapterTypeName="Microsoft.VisualStudio.TestTools.TestTypes.Unit.UnitTestAdapter" className="UnitTestinProgress.MSTestClass2" name="MSTest_P2_711" />
    </UnitTest>
    <UnitTest name="MSTest_P2_712" storage="c:\users\navb\source\repos\sampleproject\testproject\unittestproject10\bin\debug\unittestproject10.dll" id="efecd466-b15f-af39-21f9-c8961441d324">
      <Execution id="9304cea0-986f-4f0d-b9e6-50a98f43fa88" />
      <TestMethod codeBase="C:\Users\navb\source\repos\SampleProject\TestProject\UnitTestProject10\bin\Debug\UnitTestProject10.dll" adapterTypeName="Microsoft.VisualStudio.TestTools.TestTypes.Unit.UnitTestAdapter" className="UnitTestinProgress.MSTestClass2" name="MSTest_P2_712" />
    </UnitTest>
    <UnitTest name="MSTest_P2_713" storage="c:\users\navb\source\repos\sampleproject\testproject\unittestproject10\bin\debug\unittestproject10.dll" id="cd2e6b67-6d53-becf-0933-90bf764522df">
      <Execution id="2c8e6998-ded5-4e12-93cf-2d4b2cac169f" />
      <TestMethod codeBase="C:\Users\navb\source\repos\SampleProject\TestProject\UnitTestProject10\bin\Debug\UnitTestProject10.dll" adapterTypeName="Microsoft.VisualStudio.TestTools.TestTypes.Unit.UnitTestAdapter" className="UnitTestinProgress.MSTestClass2" name="MSTest_P2_713" />
    </UnitTest>
    <UnitTest name="MSTest_P2_714" storage="c:\users\navb\source\repos\sampleproject\testproject\unittestproject10\bin\debug\unittestproject10.dll" id="272f4885-6438-4d19-4138-7ad48b76a66a">
      <Execution id="0b280089-0e72-485d-8e24-c42ca024ef13" />
      <TestMethod codeBase="C:\Users\navb\source\repos\SampleProject\TestProject\UnitTestProject10\bin\Debug\UnitTestProject10.dll" adapterTypeName="Microsoft.VisualStudio.TestTools.TestTypes.Unit.UnitTestAdapter" className="UnitTestinProgress.MSTestClass2" name="MSTest_P2_714" />
    </UnitTest>
    <UnitTest name="MSTest_P2_715" storage="c:\users\navb\source\repos\sampleproject\testproject\unittestproject10\bin\debug\unittestproject10.dll" id="7bcf3a65-993a-a11d-3a6c-189aa950d196">
      <Execution id="3d53d24a-a2b1-414f-acc7-e64342907bb7" />
      <TestMethod codeBase="C:\Users\navb\source\repos\SampleProject\TestProject\UnitTestProject10\bin\Debug\UnitTestProject10.dll" adapterTypeName="Microsoft.VisualStudio.TestTools.TestTypes.Unit.UnitTestAdapter" className="UnitTestinProgress.MSTestClass2" name="MSTest_P2_715" />
    </UnitTest>
    <UnitTest name="MSTest_P2_716" storage="c:\users\navb\source\repos\sampleproject\testproject\unittestproject10\bin\debug\unittestproject10.dll" id="91ca59a7-2b67-023b-8100-5a8eb67c3171">
      <Execution id="66dc39fc-8dd8-4bc6-8b4d-449b34ea62b1" />
      <TestMethod codeBase="C:\Users\navb\source\repos\SampleProject\TestProject\UnitTestProject10\bin\Debug\UnitTestProject10.dll" adapterTypeName="Microsoft.VisualStudio.TestTools.TestTypes.Unit.UnitTestAdapter" className="UnitTestinProgress.MSTestClass2" name="MSTest_P2_716" />
    </UnitTest>
    <UnitTest name="MSTest_P2_717" storage="c:\users\navb\source\repos\sampleproject\testproject\unittestproject10\bin\debug\unittestproject10.dll" id="6f5c5df5-4252-2513-c1dc-4c088c708d7c">
      <Execution id="d17fcea0-e321-4a53-ae0d-e6763f5af4cf" />
      <TestMethod codeBase="C:\Users\navb\source\repos\SampleProject\TestProject\UnitTestProject10\bin\Debug\UnitTestProject10.dll" adapterTypeName="Microsoft.VisualStudio.TestTools.TestTypes.Unit.UnitTestAdapter" className="UnitTestinProgress.MSTestClass2" name="MSTest_P2_717" />
    </UnitTest>
    <UnitTest name="MSTest_P2_718" storage="c:\users\navb\source\repos\sampleproject\testproject\unittestproject10\bin\debug\unittestproject10.dll" id="48651643-3990-f762-2f5d-868f1a95d4b6">
      <Execution id="9e67eaab-7bb5-44e0-a89f-c01b23a3855b" />
      <TestMethod codeBase="C:\Users\navb\source\repos\SampleProject\TestProject\UnitTestProject10\bin\Debug\UnitTestProject10.dll" adapterTypeName="Microsoft.VisualStudio.TestTools.TestTypes.Unit.UnitTestAdapter" className="UnitTestinProgress.MSTestClass2" name="MSTest_P2_718" />
    </UnitTest>
    <UnitTest name="MSTest_P2_719" storage="c:\users\navb\source\repos\sampleproject\testproject\unittestproject10\bin\debug\unittestproject10.dll" id="f8bf1449-939b-89f4-212d-2e74de51e43d">
      <Execution id="baeb2098-b1f4-49d4-9824-037a45df18ef" />
      <TestMethod codeBase="C:\Users\navb\source\repos\SampleProject\TestProject\UnitTestProject10\bin\Debug\UnitTestProject10.dll" adapterTypeName="Microsoft.VisualStudio.TestTools.TestTypes.Unit.UnitTestAdapter" className="UnitTestinProgress.MSTestClass2" name="MSTest_P2_719" />
    </UnitTest>
    <UnitTest name="MSTest_P2_720" storage="c:\users\navb\source\repos\sampleproject\testproject\unittestproject10\bin\debug\unittestproject10.dll" id="7dec1179-eee2-fa94-5da7-099c0e6c3451">
      <Execution id="b09aed4a-54bf-4cb9-95af-88f8bef1d0a0" />
      <TestMethod codeBase="C:\Users\navb\source\repos\SampleProject\TestProject\UnitTestProject10\bin\Debug\UnitTestProject10.dll" adapterTypeName="Microsoft.VisualStudio.TestTools.TestTypes.Unit.UnitTestAdapter" className="UnitTestinProgress.MSTestClass2" name="MSTest_P2_720" />
    </UnitTest>
    <UnitTest name="MSTest_P2_721" storage="c:\users\navb\source\repos\sampleproject\testproject\unittestproject10\bin\debug\unittestproject10.dll" id="7beb1d45-b2f9-3ce6-acac-11111dd263b6">
      <Execution id="016718bf-b524-4bc0-bfe4-c5f9545e42dc" />
      <TestMethod codeBase="C:\Users\navb\source\repos\SampleProject\TestProject\UnitTestProject10\bin\Debug\UnitTestProject10.dll" adapterTypeName="Microsoft.VisualStudio.TestTools.TestTypes.Unit.UnitTestAdapter" className="UnitTestinProgress.MSTestClass2" name="MSTest_P2_721" />
    </UnitTest>
    <UnitTest name="MSTest_P2_722" storage="c:\users\navb\source\repos\sampleproject\testproject\unittestproject10\bin\debug\unittestproject10.dll" id="0f01db86-94cf-3b40-a1fd-a3d559461236">
      <Execution id="f5bc2092-fca9-45c6-b384-e975822a4bdc" />
      <TestMethod codeBase="C:\Users\navb\source\repos\SampleProject\TestProject\UnitTestProject10\bin\Debug\UnitTestProject10.dll" adapterTypeName="Microsoft.VisualStudio.TestTools.TestTypes.Unit.UnitTestAdapter" className="UnitTestinProgress.MSTestClass2" name="MSTest_P2_722" />
    </UnitTest>
    <UnitTest name="MSTest_P2_723" storage="c:\users\navb\source\repos\sampleproject\testproject\unittestproject10\bin\debug\unittestproject10.dll" id="60ae1216-f4f8-6b00-f4c4-045e3d712ab9">
      <Execution id="efbd4dc8-c184-4f15-a4c2-4a800bdf63cc" />
      <TestMethod codeBase="C:\Users\navb\source\repos\SampleProject\TestProject\UnitTestProject10\bin\Debug\UnitTestProject10.dll" adapterTypeName="Microsoft.VisualStudio.TestTools.TestTypes.Unit.UnitTestAdapter" className="UnitTestinProgress.MSTestClass2" name="MSTest_P2_723" />
    </UnitTest>
    <UnitTest name="MSTest_P2_724" storage="c:\users\navb\source\repos\sampleproject\testproject\unittestproject10\bin\debug\unittestproject10.dll" id="19e5591a-1631-c4d0-c9a6-ceae072f9278">
      <Execution id="a086bb86-17f7-4eb3-848f-63db164364b9" />
      <TestMethod codeBase="C:\Users\navb\source\repos\SampleProject\TestProject\UnitTestProject10\bin\Debug\UnitTestProject10.dll" adapterTypeName="Microsoft.VisualStudio.TestTools.TestTypes.Unit.UnitTestAdapter" className="UnitTestinProgress.MSTestClass2" name="MSTest_P2_724" />
    </UnitTest>
    <UnitTest name="MSTest_P2_725" storage="c:\users\navb\source\repos\sampleproject\testproject\unittestproject10\bin\debug\unittestproject10.dll" id="da7afe93-5f9e-e644-ee17-d8f62724b065">
      <Execution id="e079cfc3-f82d-4e26-bc3f-85744c630d43" />
      <TestMethod codeBase="C:\Users\navb\source\repos\SampleProject\TestProject\UnitTestProject10\bin\Debug\UnitTestProject10.dll" adapterTypeName="Microsoft.VisualStudio.TestTools.TestTypes.Unit.UnitTestAdapter" className="UnitTestinProgress.MSTestClass2" name="MSTest_P2_725" />
    </UnitTest>
    <UnitTest name="MSTest_P2_726" storage="c:\users\navb\source\repos\sampleproject\testproject\unittestproject10\bin\debug\unittestproject10.dll" id="8266f92d-e581-75a5-bb2e-4504a7b93262">
      <Execution id="e8ca2947-24b7-4643-9249-5956be636236" />
      <TestMethod codeBase="C:\Users\navb\source\repos\SampleProject\TestProject\UnitTestProject10\bin\Debug\UnitTestProject10.dll" adapterTypeName="Microsoft.VisualStudio.TestTools.TestTypes.Unit.UnitTestAdapter" className="UnitTestinProgress.MSTestClass2" name="MSTest_P2_726" />
    </UnitTest>
    <UnitTest name="MSTest_P2_727" storage="c:\users\navb\source\repos\sampleproject\testproject\unittestproject10\bin\debug\unittestproject10.dll" id="1cbf8c80-94c3-2ec1-b0e8-bab269a8bc81">
      <Execution id="099cc3c4-48af-45e7-b94a-73ef83d8914c" />
      <TestMethod codeBase="C:\Users\navb\source\repos\SampleProject\TestProject\UnitTestProject10\bin\Debug\UnitTestProject10.dll" adapterTypeName="Microsoft.VisualStudio.TestTools.TestTypes.Unit.UnitTestAdapter" className="UnitTestinProgress.MSTestClass2" name="MSTest_P2_727" />
    </UnitTest>
    <UnitTest name="MSTest_P2_728" storage="c:\users\navb\source\repos\sampleproject\testproject\unittestproject10\bin\debug\unittestproject10.dll" id="ccaa3c83-5d1b-ce5f-4059-289c1ce0cfc6">
      <Execution id="bc6def13-05b3-49f5-acbf-055af156c485" />
      <TestMethod codeBase="C:\Users\navb\source\repos\SampleProject\TestProject\UnitTestProject10\bin\Debug\UnitTestProject10.dll" adapterTypeName="Microsoft.VisualStudio.TestTools.TestTypes.Unit.UnitTestAdapter" className="UnitTestinProgress.MSTestClass2" name="MSTest_P2_728" />
    </UnitTest>
    <UnitTest name="MSTest_P2_729" storage="c:\users\navb\source\repos\sampleproject\testproject\unittestproject10\bin\debug\unittestproject10.dll" id="525b9b8a-dc35-c682-c75e-37fc41131ae6">
      <Execution id="fc0f4607-8a0a-4235-92fc-8135364e0069" />
      <TestMethod codeBase="C:\Users\navb\source\repos\SampleProject\TestProject\UnitTestProject10\bin\Debug\UnitTestProject10.dll" adapterTypeName="Microsoft.VisualStudio.TestTools.TestTypes.Unit.UnitTestAdapter" className="UnitTestinProgress.MSTestClass2" name="MSTest_P2_729" />
    </UnitTest>
    <UnitTest name="MSTest_P2_730" storage="c:\users\navb\source\repos\sampleproject\testproject\unittestproject10\bin\debug\unittestproject10.dll" id="03080019-5681-3ce2-8630-2dd43ec7dd80">
      <Execution id="f6f8e825-99bc-4e0a-8bc7-f68c7cbf7077" />
      <TestMethod codeBase="C:\Users\navb\source\repos\SampleProject\TestProject\UnitTestProject10\bin\Debug\UnitTestProject10.dll" adapterTypeName="Microsoft.VisualStudio.TestTools.TestTypes.Unit.UnitTestAdapter" className="UnitTestinProgress.MSTestClass2" name="MSTest_P2_730" />
    </UnitTest>
    <UnitTest name="MSTest_P2_731" storage="c:\users\navb\source\repos\sampleproject\testproject\unittestproject10\bin\debug\unittestproject10.dll" id="4bac3f4f-5c26-53a7-2b63-bc2e982bfcd0">
      <Execution id="b95f5262-13da-4db6-9f6f-fd280b14c7e9" />
      <TestMethod codeBase="C:\Users\navb\source\repos\SampleProject\TestProject\UnitTestProject10\bin\Debug\UnitTestProject10.dll" adapterTypeName="Microsoft.VisualStudio.TestTools.TestTypes.Unit.UnitTestAdapter" className="UnitTestinProgress.MSTestClass2" name="MSTest_P2_731" />
    </UnitTest>
    <UnitTest name="MSTest_P2_732" storage="c:\users\navb\source\repos\sampleproject\testproject\unittestproject10\bin\debug\unittestproject10.dll" id="93b4d200-60a7-c4a5-e8f1-e8a503bfc2a3">
      <Execution id="1cf72b9a-23a0-433e-b2e1-d0d58deb59a3" />
      <TestMethod codeBase="C:\Users\navb\source\repos\SampleProject\TestProject\UnitTestProject10\bin\Debug\UnitTestProject10.dll" adapterTypeName="Microsoft.VisualStudio.TestTools.TestTypes.Unit.UnitTestAdapter" className="UnitTestinProgress.MSTestClass2" name="MSTest_P2_732" />
    </UnitTest>
    <UnitTest name="MSTest_P2_733" storage="c:\users\navb\source\repos\sampleproject\testproject\unittestproject10\bin\debug\unittestproject10.dll" id="6c5f321c-3892-4b16-73e5-6819c0fa06e9">
      <Execution id="6d3744e8-2927-4ea2-8920-98ec22ca0494" />
      <TestMethod codeBase="C:\Users\navb\source\repos\SampleProject\TestProject\UnitTestProject10\bin\Debug\UnitTestProject10.dll" adapterTypeName="Microsoft.VisualStudio.TestTools.TestTypes.Unit.UnitTestAdapter" className="UnitTestinProgress.MSTestClass2" name="MSTest_P2_733" />
    </UnitTest>
    <UnitTest name="MSTest_P2_734" storage="c:\users\navb\source\repos\sampleproject\testproject\unittestproject10\bin\debug\unittestproject10.dll" id="7eb1da94-1ce2-6d2d-984a-cd4d2f71d0f2">
      <Execution id="f220fb27-9b03-4fbf-90bf-3d31face0246" />
      <TestMethod codeBase="C:\Users\navb\source\repos\SampleProject\TestProject\UnitTestProject10\bin\Debug\UnitTestProject10.dll" adapterTypeName="Microsoft.VisualStudio.TestTools.TestTypes.Unit.UnitTestAdapter" className="UnitTestinProgress.MSTestClass2" name="MSTest_P2_734" />
    </UnitTest>
    <UnitTest name="MSTest_P2_735" storage="c:\users\navb\source\repos\sampleproject\testproject\unittestproject10\bin\debug\unittestproject10.dll" id="dafb9c59-4deb-eceb-485d-d78754e3bb3d">
      <Execution id="2ddf9fd8-e7bc-47eb-ba2a-73531454a1ad" />
      <TestMethod codeBase="C:\Users\navb\source\repos\SampleProject\TestProject\UnitTestProject10\bin\Debug\UnitTestProject10.dll" adapterTypeName="Microsoft.VisualStudio.TestTools.TestTypes.Unit.UnitTestAdapter" className="UnitTestinProgress.MSTestClass2" name="MSTest_P2_735" />
    </UnitTest>
    <UnitTest name="MSTest_P2_736" storage="c:\users\navb\source\repos\sampleproject\testproject\unittestproject10\bin\debug\unittestproject10.dll" id="ae1b0e5a-9751-6ec2-a50c-37544beb22df">
      <Execution id="0b7b927e-0a8f-4e5a-9fe2-18505b87ac40" />
      <TestMethod codeBase="C:\Users\navb\source\repos\SampleProject\TestProject\UnitTestProject10\bin\Debug\UnitTestProject10.dll" adapterTypeName="Microsoft.VisualStudio.TestTools.TestTypes.Unit.UnitTestAdapter" className="UnitTestinProgress.MSTestClass2" name="MSTest_P2_736" />
    </UnitTest>
    <UnitTest name="MSTest_P2_737" storage="c:\users\navb\source\repos\sampleproject\testproject\unittestproject10\bin\debug\unittestproject10.dll" id="46201051-8998-885f-f96c-6e7e1db6ebbf">
      <Execution id="0cb2aeb7-27ba-4766-8fd5-03a317f6e33b" />
      <TestMethod codeBase="C:\Users\navb\source\repos\SampleProject\TestProject\UnitTestProject10\bin\Debug\UnitTestProject10.dll" adapterTypeName="Microsoft.VisualStudio.TestTools.TestTypes.Unit.UnitTestAdapter" className="UnitTestinProgress.MSTestClass2" name="MSTest_P2_737" />
    </UnitTest>
    <UnitTest name="MSTest_P2_738" storage="c:\users\navb\source\repos\sampleproject\testproject\unittestproject10\bin\debug\unittestproject10.dll" id="95479c3f-3365-f81a-28bd-bfc5cc121e21">
      <Execution id="a78b3d2d-a27a-47a5-9dab-47d02ac9e96f" />
      <TestMethod codeBase="C:\Users\navb\source\repos\SampleProject\TestProject\UnitTestProject10\bin\Debug\UnitTestProject10.dll" adapterTypeName="Microsoft.VisualStudio.TestTools.TestTypes.Unit.UnitTestAdapter" className="UnitTestinProgress.MSTestClass2" name="MSTest_P2_738" />
    </UnitTest>
    <UnitTest name="MSTest_P2_739" storage="c:\users\navb\source\repos\sampleproject\testproject\unittestproject10\bin\debug\unittestproject10.dll" id="9107236d-d734-f374-4ead-dfd7b705c5ba">
      <Execution id="05532a39-a87d-4577-a6d8-3477206ebb6f" />
      <TestMethod codeBase="C:\Users\navb\source\repos\SampleProject\TestProject\UnitTestProject10\bin\Debug\UnitTestProject10.dll" adapterTypeName="Microsoft.VisualStudio.TestTools.TestTypes.Unit.UnitTestAdapter" className="UnitTestinProgress.MSTestClass2" name="MSTest_P2_739" />
    </UnitTest>
    <UnitTest name="MSTest_P2_740" storage="c:\users\navb\source\repos\sampleproject\testproject\unittestproject10\bin\debug\unittestproject10.dll" id="95f8e000-3ba5-e2a7-1692-54b2972a33db">
      <Execution id="ccb55a79-6f2f-4157-99dd-30a091bb1c1f" />
      <TestMethod codeBase="C:\Users\navb\source\repos\SampleProject\TestProject\UnitTestProject10\bin\Debug\UnitTestProject10.dll" adapterTypeName="Microsoft.VisualStudio.TestTools.TestTypes.Unit.UnitTestAdapter" className="UnitTestinProgress.MSTestClass2" name="MSTest_P2_740" />
    </UnitTest>
    <UnitTest name="MSTest_P2_741" storage="c:\users\navb\source\repos\sampleproject\testproject\unittestproject10\bin\debug\unittestproject10.dll" id="e871f69c-166e-d899-2060-09cc2f7bdee0">
      <Execution id="b510c634-f874-45e3-903d-a08551fb20c8" />
      <TestMethod codeBase="C:\Users\navb\source\repos\SampleProject\TestProject\UnitTestProject10\bin\Debug\UnitTestProject10.dll" adapterTypeName="Microsoft.VisualStudio.TestTools.TestTypes.Unit.UnitTestAdapter" className="UnitTestinProgress.MSTestClass2" name="MSTest_P2_741" />
    </UnitTest>
    <UnitTest name="MSTest_P2_742" storage="c:\users\navb\source\repos\sampleproject\testproject\unittestproject10\bin\debug\unittestproject10.dll" id="579cefdc-1285-49a6-5465-b30a2f09f831">
      <Execution id="8e569d7b-2ffe-4e79-a7d8-a37219c0bc6b" />
      <TestMethod codeBase="C:\Users\navb\source\repos\SampleProject\TestProject\UnitTestProject10\bin\Debug\UnitTestProject10.dll" adapterTypeName="Microsoft.VisualStudio.TestTools.TestTypes.Unit.UnitTestAdapter" className="UnitTestinProgress.MSTestClass2" name="MSTest_P2_742" />
    </UnitTest>
    <UnitTest name="MSTest_P2_743" storage="c:\users\navb\source\repos\sampleproject\testproject\unittestproject10\bin\debug\unittestproject10.dll" id="7b5fe27a-185c-b6c0-b856-dac5483bd5d8">
      <Execution id="560a0086-b351-41bc-ae5e-2ca49afc267c" />
      <TestMethod codeBase="C:\Users\navb\source\repos\SampleProject\TestProject\UnitTestProject10\bin\Debug\UnitTestProject10.dll" adapterTypeName="Microsoft.VisualStudio.TestTools.TestTypes.Unit.UnitTestAdapter" className="UnitTestinProgress.MSTestClass2" name="MSTest_P2_743" />
    </UnitTest>
    <UnitTest name="MSTest_P2_744" storage="c:\users\navb\source\repos\sampleproject\testproject\unittestproject10\bin\debug\unittestproject10.dll" id="a8a1177c-65d4-f665-d2f6-84b5f84d7826">
      <Execution id="d2cc6f36-4394-47d0-9e9c-416f4d641ef7" />
      <TestMethod codeBase="C:\Users\navb\source\repos\SampleProject\TestProject\UnitTestProject10\bin\Debug\UnitTestProject10.dll" adapterTypeName="Microsoft.VisualStudio.TestTools.TestTypes.Unit.UnitTestAdapter" className="UnitTestinProgress.MSTestClass2" name="MSTest_P2_744" />
    </UnitTest>
    <UnitTest name="MSTest_P2_745" storage="c:\users\navb\source\repos\sampleproject\testproject\unittestproject10\bin\debug\unittestproject10.dll" id="7d6376a8-19a6-b812-8c3c-f3e9a6e14d5a">
      <Execution id="e9cbf64e-e0c9-4bc3-b1c8-96653a9bf265" />
      <TestMethod codeBase="C:\Users\navb\source\repos\SampleProject\TestProject\UnitTestProject10\bin\Debug\UnitTestProject10.dll" adapterTypeName="Microsoft.VisualStudio.TestTools.TestTypes.Unit.UnitTestAdapter" className="UnitTestinProgress.MSTestClass2" name="MSTest_P2_745" />
    </UnitTest>
    <UnitTest name="MSTest_P2_746" storage="c:\users\navb\source\repos\sampleproject\testproject\unittestproject10\bin\debug\unittestproject10.dll" id="5a579627-9ef0-b996-872a-63ac1117a53a">
      <Execution id="5b36e554-2637-4ef6-9115-c82ce66ff01d" />
      <TestMethod codeBase="C:\Users\navb\source\repos\SampleProject\TestProject\UnitTestProject10\bin\Debug\UnitTestProject10.dll" adapterTypeName="Microsoft.VisualStudio.TestTools.TestTypes.Unit.UnitTestAdapter" className="UnitTestinProgress.MSTestClass2" name="MSTest_P2_746" />
    </UnitTest>
    <UnitTest name="MSTest_P2_747" storage="c:\users\navb\source\repos\sampleproject\testproject\unittestproject10\bin\debug\unittestproject10.dll" id="0ec68ff8-bcd6-2c1f-5582-11822f574a1b">
      <Execution id="878fad1a-aed7-428e-96b0-897c7db7ec64" />
      <TestMethod codeBase="C:\Users\navb\source\repos\SampleProject\TestProject\UnitTestProject10\bin\Debug\UnitTestProject10.dll" adapterTypeName="Microsoft.VisualStudio.TestTools.TestTypes.Unit.UnitTestAdapter" className="UnitTestinProgress.MSTestClass2" name="MSTest_P2_747" />
    </UnitTest>
    <UnitTest name="MSTest_P2_748" storage="c:\users\navb\source\repos\sampleproject\testproject\unittestproject10\bin\debug\unittestproject10.dll" id="66042806-c8a6-bd56-a38a-6786eac991dd">
      <Execution id="8d239641-44df-451b-bf79-13664d07f8c3" />
      <TestMethod codeBase="C:\Users\navb\source\repos\SampleProject\TestProject\UnitTestProject10\bin\Debug\UnitTestProject10.dll" adapterTypeName="Microsoft.VisualStudio.TestTools.TestTypes.Unit.UnitTestAdapter" className="UnitTestinProgress.MSTestClass2" name="MSTest_P2_748" />
    </UnitTest>
    <UnitTest name="MSTest_P2_749" storage="c:\users\navb\source\repos\sampleproject\testproject\unittestproject10\bin\debug\unittestproject10.dll" id="6c3abf86-27c2-e58e-93b6-ed71048c4a53">
      <Execution id="a1677bf7-9eb0-48cf-9007-06e9fcbd2b7b" />
      <TestMethod codeBase="C:\Users\navb\source\repos\SampleProject\TestProject\UnitTestProject10\bin\Debug\UnitTestProject10.dll" adapterTypeName="Microsoft.VisualStudio.TestTools.TestTypes.Unit.UnitTestAdapter" className="UnitTestinProgress.MSTestClass2" name="MSTest_P2_749" />
    </UnitTest>
    <UnitTest name="MSTest_P2_750" storage="c:\users\navb\source\repos\sampleproject\testproject\unittestproject10\bin\debug\unittestproject10.dll" id="eae726ea-ad96-e1f1-c7ca-d531b520535a">
      <Execution id="c62068cb-5ad8-406a-b056-18265f26f21a" />
      <TestMethod codeBase="C:\Users\navb\source\repos\SampleProject\TestProject\UnitTestProject10\bin\Debug\UnitTestProject10.dll" adapterTypeName="Microsoft.VisualStudio.TestTools.TestTypes.Unit.UnitTestAdapter" className="UnitTestinProgress.MSTestClass2" name="MSTest_P2_750" />
    </UnitTest>
    <UnitTest name="MSTest_P2_751" storage="c:\users\navb\source\repos\sampleproject\testproject\unittestproject10\bin\debug\unittestproject10.dll" id="6489cf79-7398-4703-1fb8-90649bb5e08a">
      <Execution id="e0cab1de-ad16-466f-ace1-3af9dbf8a0fa" />
      <TestMethod codeBase="C:\Users\navb\source\repos\SampleProject\TestProject\UnitTestProject10\bin\Debug\UnitTestProject10.dll" adapterTypeName="Microsoft.VisualStudio.TestTools.TestTypes.Unit.UnitTestAdapter" className="UnitTestinProgress.MSTestClass2" name="MSTest_P2_751" />
    </UnitTest>
    <UnitTest name="MSTest_P2_752" storage="c:\users\navb\source\repos\sampleproject\testproject\unittestproject10\bin\debug\unittestproject10.dll" id="fb86bbe9-b22e-d56e-a772-aac14a596077">
      <Execution id="7f23926d-d9d4-4d71-945b-cb502aa79e0e" />
      <TestMethod codeBase="C:\Users\navb\source\repos\SampleProject\TestProject\UnitTestProject10\bin\Debug\UnitTestProject10.dll" adapterTypeName="Microsoft.VisualStudio.TestTools.TestTypes.Unit.UnitTestAdapter" className="UnitTestinProgress.MSTestClass2" name="MSTest_P2_752" />
    </UnitTest>
    <UnitTest name="MSTest_P2_753" storage="c:\users\navb\source\repos\sampleproject\testproject\unittestproject10\bin\debug\unittestproject10.dll" id="42a10cab-52d6-2423-2dbb-2f996d386821">
      <Execution id="257f234b-268c-4dba-ab6a-f92a125d61e0" />
      <TestMethod codeBase="C:\Users\navb\source\repos\SampleProject\TestProject\UnitTestProject10\bin\Debug\UnitTestProject10.dll" adapterTypeName="Microsoft.VisualStudio.TestTools.TestTypes.Unit.UnitTestAdapter" className="UnitTestinProgress.MSTestClass2" name="MSTest_P2_753" />
    </UnitTest>
    <UnitTest name="MSTest_P2_754" storage="c:\users\navb\source\repos\sampleproject\testproject\unittestproject10\bin\debug\unittestproject10.dll" id="6105d136-097e-2af1-996a-858985393c60">
      <Execution id="acde8e70-c05d-4908-927b-76d524d07d53" />
      <TestMethod codeBase="C:\Users\navb\source\repos\SampleProject\TestProject\UnitTestProject10\bin\Debug\UnitTestProject10.dll" adapterTypeName="Microsoft.VisualStudio.TestTools.TestTypes.Unit.UnitTestAdapter" className="UnitTestinProgress.MSTestClass2" name="MSTest_P2_754" />
    </UnitTest>
    <UnitTest name="MSTest_P2_755" storage="c:\users\navb\source\repos\sampleproject\testproject\unittestproject10\bin\debug\unittestproject10.dll" id="2f10f867-42dc-5abf-9137-8ff312c22506">
      <Execution id="afdd7720-a90e-4059-bd95-21eeedfd45f7" />
      <TestMethod codeBase="C:\Users\navb\source\repos\SampleProject\TestProject\UnitTestProject10\bin\Debug\UnitTestProject10.dll" adapterTypeName="Microsoft.VisualStudio.TestTools.TestTypes.Unit.UnitTestAdapter" className="UnitTestinProgress.MSTestClass2" name="MSTest_P2_755" />
    </UnitTest>
    <UnitTest name="MSTest_P2_756" storage="c:\users\navb\source\repos\sampleproject\testproject\unittestproject10\bin\debug\unittestproject10.dll" id="d4f57a1a-368c-f019-fb17-a0e7731624b1">
      <Execution id="6c14a8b2-0441-4af9-8ec6-fdb838453677" />
      <TestMethod codeBase="C:\Users\navb\source\repos\SampleProject\TestProject\UnitTestProject10\bin\Debug\UnitTestProject10.dll" adapterTypeName="Microsoft.VisualStudio.TestTools.TestTypes.Unit.UnitTestAdapter" className="UnitTestinProgress.MSTestClass2" name="MSTest_P2_756" />
    </UnitTest>
    <UnitTest name="MSTest_P2_757" storage="c:\users\navb\source\repos\sampleproject\testproject\unittestproject10\bin\debug\unittestproject10.dll" id="9092dab4-904e-9739-f876-0b245e77c9c7">
      <Execution id="fbf99f41-db32-4966-bbcf-c27fdf522fba" />
      <TestMethod codeBase="C:\Users\navb\source\repos\SampleProject\TestProject\UnitTestProject10\bin\Debug\UnitTestProject10.dll" adapterTypeName="Microsoft.VisualStudio.TestTools.TestTypes.Unit.UnitTestAdapter" className="UnitTestinProgress.MSTestClass2" name="MSTest_P2_757" />
    </UnitTest>
    <UnitTest name="MSTest_P2_758" storage="c:\users\navb\source\repos\sampleproject\testproject\unittestproject10\bin\debug\unittestproject10.dll" id="02fd2bfc-16a5-c887-4e9e-ab959744df30">
      <Execution id="381ede1a-6780-4aae-94e7-7e76b2ff381a" />
      <TestMethod codeBase="C:\Users\navb\source\repos\SampleProject\TestProject\UnitTestProject10\bin\Debug\UnitTestProject10.dll" adapterTypeName="Microsoft.VisualStudio.TestTools.TestTypes.Unit.UnitTestAdapter" className="UnitTestinProgress.MSTestClass2" name="MSTest_P2_758" />
    </UnitTest>
    <UnitTest name="MSTest_P2_759" storage="c:\users\navb\source\repos\sampleproject\testproject\unittestproject10\bin\debug\unittestproject10.dll" id="883d8df5-a937-843c-875c-56710586893b">
      <Execution id="cf6ac7fd-5128-4790-9824-a702a8d93ba5" />
      <TestMethod codeBase="C:\Users\navb\source\repos\SampleProject\TestProject\UnitTestProject10\bin\Debug\UnitTestProject10.dll" adapterTypeName="Microsoft.VisualStudio.TestTools.TestTypes.Unit.UnitTestAdapter" className="UnitTestinProgress.MSTestClass2" name="MSTest_P2_759" />
    </UnitTest>
    <UnitTest name="MSTest_P2_760" storage="c:\users\navb\source\repos\sampleproject\testproject\unittestproject10\bin\debug\unittestproject10.dll" id="ad15feb4-f8fd-7a5b-4855-197bcbe1921d">
      <Execution id="b0b6201f-9ded-46fb-a81c-f92188972a1d" />
      <TestMethod codeBase="C:\Users\navb\source\repos\SampleProject\TestProject\UnitTestProject10\bin\Debug\UnitTestProject10.dll" adapterTypeName="Microsoft.VisualStudio.TestTools.TestTypes.Unit.UnitTestAdapter" className="UnitTestinProgress.MSTestClass2" name="MSTest_P2_760" />
    </UnitTest>
    <UnitTest name="MSTest_P2_761" storage="c:\users\navb\source\repos\sampleproject\testproject\unittestproject10\bin\debug\unittestproject10.dll" id="c73bedc8-3b2e-54e6-a4da-2f94dce108d2">
      <Execution id="533c6325-ba92-4037-b1cc-41b922bc20f9" />
      <TestMethod codeBase="C:\Users\navb\source\repos\SampleProject\TestProject\UnitTestProject10\bin\Debug\UnitTestProject10.dll" adapterTypeName="Microsoft.VisualStudio.TestTools.TestTypes.Unit.UnitTestAdapter" className="UnitTestinProgress.MSTestClass2" name="MSTest_P2_761" />
    </UnitTest>
    <UnitTest name="MSTest_P2_762" storage="c:\users\navb\source\repos\sampleproject\testproject\unittestproject10\bin\debug\unittestproject10.dll" id="4dcfd13e-e80d-3ae2-2685-11e971133d7e">
      <Execution id="fc333af8-1aed-49c1-a3ea-99749ff7f60b" />
      <TestMethod codeBase="C:\Users\navb\source\repos\SampleProject\TestProject\UnitTestProject10\bin\Debug\UnitTestProject10.dll" adapterTypeName="Microsoft.VisualStudio.TestTools.TestTypes.Unit.UnitTestAdapter" className="UnitTestinProgress.MSTestClass2" name="MSTest_P2_762" />
    </UnitTest>
    <UnitTest name="MSTest_P2_763" storage="c:\users\navb\source\repos\sampleproject\testproject\unittestproject10\bin\debug\unittestproject10.dll" id="639496c7-388a-a84a-e23f-567d9798eca7">
      <Execution id="f369aa18-317a-4716-a680-87cd027a7646" />
      <TestMethod codeBase="C:\Users\navb\source\repos\SampleProject\TestProject\UnitTestProject10\bin\Debug\UnitTestProject10.dll" adapterTypeName="Microsoft.VisualStudio.TestTools.TestTypes.Unit.UnitTestAdapter" className="UnitTestinProgress.MSTestClass2" name="MSTest_P2_763" />
    </UnitTest>
    <UnitTest name="MSTest_P2_764" storage="c:\users\navb\source\repos\sampleproject\testproject\unittestproject10\bin\debug\unittestproject10.dll" id="297bf8b1-3a76-8c37-94a7-3d459e5d6d22">
      <Execution id="e3c701b4-2eaa-4c1c-ae67-0b682224501d" />
      <TestMethod codeBase="C:\Users\navb\source\repos\SampleProject\TestProject\UnitTestProject10\bin\Debug\UnitTestProject10.dll" adapterTypeName="Microsoft.VisualStudio.TestTools.TestTypes.Unit.UnitTestAdapter" className="UnitTestinProgress.MSTestClass2" name="MSTest_P2_764" />
    </UnitTest>
    <UnitTest name="MSTest_P2_765" storage="c:\users\navb\source\repos\sampleproject\testproject\unittestproject10\bin\debug\unittestproject10.dll" id="fcda3bf5-d946-ffb2-7dec-1a9a6c8e3bbd">
      <Execution id="0d32a826-d60a-4ef6-bbf7-a76db24aaf87" />
      <TestMethod codeBase="C:\Users\navb\source\repos\SampleProject\TestProject\UnitTestProject10\bin\Debug\UnitTestProject10.dll" adapterTypeName="Microsoft.VisualStudio.TestTools.TestTypes.Unit.UnitTestAdapter" className="UnitTestinProgress.MSTestClass2" name="MSTest_P2_765" />
    </UnitTest>
    <UnitTest name="MSTest_P2_596" storage="c:\users\navb\source\repos\sampleproject\testproject\unittestproject10\bin\debug\unittestproject10.dll" id="69e2a4d3-1b28-a643-4107-b791dbef4d7f">
      <Execution id="7e7c6c41-fb20-48b3-bda1-7398dda8e119" />
      <TestMethod codeBase="C:\Users\navb\source\repos\SampleProject\TestProject\UnitTestProject10\bin\Debug\UnitTestProject10.dll" adapterTypeName="Microsoft.VisualStudio.TestTools.TestTypes.Unit.UnitTestAdapter" className="UnitTestinProgress.MSTestClass2" name="MSTest_P2_596" />
    </UnitTest>
    <UnitTest name="MSTest_P2_597" storage="c:\users\navb\source\repos\sampleproject\testproject\unittestproject10\bin\debug\unittestproject10.dll" id="f32b48a1-9dba-8cf3-587d-95d6253b660e">
      <Execution id="5cd7c037-708d-4335-b47d-ef013661fdee" />
      <TestMethod codeBase="C:\Users\navb\source\repos\SampleProject\TestProject\UnitTestProject10\bin\Debug\UnitTestProject10.dll" adapterTypeName="Microsoft.VisualStudio.TestTools.TestTypes.Unit.UnitTestAdapter" className="UnitTestinProgress.MSTestClass2" name="MSTest_P2_597" />
    </UnitTest>
    <UnitTest name="MSTest_P2_598" storage="c:\users\navb\source\repos\sampleproject\testproject\unittestproject10\bin\debug\unittestproject10.dll" id="76becc9e-1e4c-85c9-a191-07e6217ba6f5">
      <Execution id="3f181230-e419-4e04-af8a-c96ca7487d96" />
      <TestMethod codeBase="C:\Users\navb\source\repos\SampleProject\TestProject\UnitTestProject10\bin\Debug\UnitTestProject10.dll" adapterTypeName="Microsoft.VisualStudio.TestTools.TestTypes.Unit.UnitTestAdapter" className="UnitTestinProgress.MSTestClass2" name="MSTest_P2_598" />
    </UnitTest>
    <UnitTest name="MSTest_P2_599" storage="c:\users\navb\source\repos\sampleproject\testproject\unittestproject10\bin\debug\unittestproject10.dll" id="601fdee9-f223-768f-8645-d728cc96933e">
      <Execution id="80c71e4a-3c60-4e70-8bd0-42450591cebf" />
      <TestMethod codeBase="C:\Users\navb\source\repos\SampleProject\TestProject\UnitTestProject10\bin\Debug\UnitTestProject10.dll" adapterTypeName="Microsoft.VisualStudio.TestTools.TestTypes.Unit.UnitTestAdapter" className="UnitTestinProgress.MSTestClass2" name="MSTest_P2_599" />
    </UnitTest>
    <UnitTest name="MSTest_P2_600" storage="c:\users\navb\source\repos\sampleproject\testproject\unittestproject10\bin\debug\unittestproject10.dll" id="7bc0bbeb-61dd-1dbf-6a3f-a983237cd5ef">
      <Execution id="7f60b191-5116-4c09-86a3-152ffbbc5e45" />
      <TestMethod codeBase="C:\Users\navb\source\repos\SampleProject\TestProject\UnitTestProject10\bin\Debug\UnitTestProject10.dll" adapterTypeName="Microsoft.VisualStudio.TestTools.TestTypes.Unit.UnitTestAdapter" className="UnitTestinProgress.MSTestClass2" name="MSTest_P2_600" />
    </UnitTest>
    <UnitTest name="MSTest_P2_601" storage="c:\users\navb\source\repos\sampleproject\testproject\unittestproject10\bin\debug\unittestproject10.dll" id="391cd4ba-c48b-0b4e-8a3e-53e402099f58">
      <Execution id="214f5022-3742-4460-9bb6-a732001ce281" />
      <TestMethod codeBase="C:\Users\navb\source\repos\SampleProject\TestProject\UnitTestProject10\bin\Debug\UnitTestProject10.dll" adapterTypeName="Microsoft.VisualStudio.TestTools.TestTypes.Unit.UnitTestAdapter" className="UnitTestinProgress.MSTestClass2" name="MSTest_P2_601" />
    </UnitTest>
    <UnitTest name="MSTest_P2_602" storage="c:\users\navb\source\repos\sampleproject\testproject\unittestproject10\bin\debug\unittestproject10.dll" id="18e51b80-8f0a-97fd-f36b-65341c3d019b">
      <Execution id="e273b0f9-f959-4b30-a889-f071af946d86" />
      <TestMethod codeBase="C:\Users\navb\source\repos\SampleProject\TestProject\UnitTestProject10\bin\Debug\UnitTestProject10.dll" adapterTypeName="Microsoft.VisualStudio.TestTools.TestTypes.Unit.UnitTestAdapter" className="UnitTestinProgress.MSTestClass2" name="MSTest_P2_602" />
    </UnitTest>
    <UnitTest name="MSTest_P2_603" storage="c:\users\navb\source\repos\sampleproject\testproject\unittestproject10\bin\debug\unittestproject10.dll" id="a421e850-c287-4788-1489-affb91c8724e">
      <Execution id="de744de2-b3ea-485a-8749-9be5ad50d98c" />
      <TestMethod codeBase="C:\Users\navb\source\repos\SampleProject\TestProject\UnitTestProject10\bin\Debug\UnitTestProject10.dll" adapterTypeName="Microsoft.VisualStudio.TestTools.TestTypes.Unit.UnitTestAdapter" className="UnitTestinProgress.MSTestClass2" name="MSTest_P2_603" />
    </UnitTest>
    <UnitTest name="MSTest_P2_604" storage="c:\users\navb\source\repos\sampleproject\testproject\unittestproject10\bin\debug\unittestproject10.dll" id="d75321e8-0e5a-80fb-c42d-dd5e0a0950e9">
      <Execution id="551531a5-18ba-4015-937b-b18bf67d641a" />
      <TestMethod codeBase="C:\Users\navb\source\repos\SampleProject\TestProject\UnitTestProject10\bin\Debug\UnitTestProject10.dll" adapterTypeName="Microsoft.VisualStudio.TestTools.TestTypes.Unit.UnitTestAdapter" className="UnitTestinProgress.MSTestClass2" name="MSTest_P2_604" />
    </UnitTest>
    <UnitTest name="MSTest_P2_605" storage="c:\users\navb\source\repos\sampleproject\testproject\unittestproject10\bin\debug\unittestproject10.dll" id="034b013a-a81a-ad66-663b-4a11db95f39e">
      <Execution id="c244917b-ed4f-45aa-b41e-aa3c13503e69" />
      <TestMethod codeBase="C:\Users\navb\source\repos\SampleProject\TestProject\UnitTestProject10\bin\Debug\UnitTestProject10.dll" adapterTypeName="Microsoft.VisualStudio.TestTools.TestTypes.Unit.UnitTestAdapter" className="UnitTestinProgress.MSTestClass2" name="MSTest_P2_605" />
    </UnitTest>
    <UnitTest name="MSTest_P2_606" storage="c:\users\navb\source\repos\sampleproject\testproject\unittestproject10\bin\debug\unittestproject10.dll" id="4b79d86c-13be-8c44-a83b-e4778b52ca96">
      <Execution id="ccb0c267-3913-4080-a0f3-178fbe38d38b" />
      <TestMethod codeBase="C:\Users\navb\source\repos\SampleProject\TestProject\UnitTestProject10\bin\Debug\UnitTestProject10.dll" adapterTypeName="Microsoft.VisualStudio.TestTools.TestTypes.Unit.UnitTestAdapter" className="UnitTestinProgress.MSTestClass2" name="MSTest_P2_606" />
    </UnitTest>
    <UnitTest name="MSTest_P2_607" storage="c:\users\navb\source\repos\sampleproject\testproject\unittestproject10\bin\debug\unittestproject10.dll" id="ab8b2bdc-fcdf-a227-9aa9-2de69a4f993d">
      <Execution id="98e89fbd-43ad-4934-9ba6-50f115398f29" />
      <TestMethod codeBase="C:\Users\navb\source\repos\SampleProject\TestProject\UnitTestProject10\bin\Debug\UnitTestProject10.dll" adapterTypeName="Microsoft.VisualStudio.TestTools.TestTypes.Unit.UnitTestAdapter" className="UnitTestinProgress.MSTestClass2" name="MSTest_P2_607" />
    </UnitTest>
    <UnitTest name="MSTest_P2_608" storage="c:\users\navb\source\repos\sampleproject\testproject\unittestproject10\bin\debug\unittestproject10.dll" id="068d3dbd-f792-4a74-80fd-4b276c449dbd">
      <Execution id="a39f1815-f58e-4748-9a21-e0b1516e2b19" />
      <TestMethod codeBase="C:\Users\navb\source\repos\SampleProject\TestProject\UnitTestProject10\bin\Debug\UnitTestProject10.dll" adapterTypeName="Microsoft.VisualStudio.TestTools.TestTypes.Unit.UnitTestAdapter" className="UnitTestinProgress.MSTestClass2" name="MSTest_P2_608" />
    </UnitTest>
    <UnitTest name="MSTest_P2_609" storage="c:\users\navb\source\repos\sampleproject\testproject\unittestproject10\bin\debug\unittestproject10.dll" id="a522e917-770e-f5b4-c711-d74ff56893b7">
      <Execution id="76edc23b-5407-4227-b1e2-8ccb1afa484d" />
      <TestMethod codeBase="C:\Users\navb\source\repos\SampleProject\TestProject\UnitTestProject10\bin\Debug\UnitTestProject10.dll" adapterTypeName="Microsoft.VisualStudio.TestTools.TestTypes.Unit.UnitTestAdapter" className="UnitTestinProgress.MSTestClass2" name="MSTest_P2_609" />
    </UnitTest>
    <UnitTest name="MSTest_P2_610" storage="c:\users\navb\source\repos\sampleproject\testproject\unittestproject10\bin\debug\unittestproject10.dll" id="f8f7b224-085f-34b4-7c2b-3e82bf61f9e6">
      <Execution id="c5c7540b-e5c7-433f-942b-b59c775be8a3" />
      <TestMethod codeBase="C:\Users\navb\source\repos\SampleProject\TestProject\UnitTestProject10\bin\Debug\UnitTestProject10.dll" adapterTypeName="Microsoft.VisualStudio.TestTools.TestTypes.Unit.UnitTestAdapter" className="UnitTestinProgress.MSTestClass2" name="MSTest_P2_610" />
    </UnitTest>
    <UnitTest name="MSTest_P2_611" storage="c:\users\navb\source\repos\sampleproject\testproject\unittestproject10\bin\debug\unittestproject10.dll" id="8473d434-297b-838f-63b6-6e231f7ca144">
      <Execution id="3992605e-d4b3-4db9-b18b-4d8274ca31ba" />
      <TestMethod codeBase="C:\Users\navb\source\repos\SampleProject\TestProject\UnitTestProject10\bin\Debug\UnitTestProject10.dll" adapterTypeName="Microsoft.VisualStudio.TestTools.TestTypes.Unit.UnitTestAdapter" className="UnitTestinProgress.MSTestClass2" name="MSTest_P2_611" />
    </UnitTest>
    <UnitTest name="MSTest_P2_612" storage="c:\users\navb\source\repos\sampleproject\testproject\unittestproject10\bin\debug\unittestproject10.dll" id="abe00e23-df5b-5f75-6989-af961829c440">
      <Execution id="26e2dd5b-9d49-41ce-b015-45fa8cdee64b" />
      <TestMethod codeBase="C:\Users\navb\source\repos\SampleProject\TestProject\UnitTestProject10\bin\Debug\UnitTestProject10.dll" adapterTypeName="Microsoft.VisualStudio.TestTools.TestTypes.Unit.UnitTestAdapter" className="UnitTestinProgress.MSTestClass2" name="MSTest_P2_612" />
    </UnitTest>
    <UnitTest name="MSTest_P2_613" storage="c:\users\navb\source\repos\sampleproject\testproject\unittestproject10\bin\debug\unittestproject10.dll" id="e57a6700-807c-7140-e9f8-1569c0bdd6f3">
      <Execution id="7b6fedcc-3e3e-4530-a3af-241db64052ea" />
      <TestMethod codeBase="C:\Users\navb\source\repos\SampleProject\TestProject\UnitTestProject10\bin\Debug\UnitTestProject10.dll" adapterTypeName="Microsoft.VisualStudio.TestTools.TestTypes.Unit.UnitTestAdapter" className="UnitTestinProgress.MSTestClass2" name="MSTest_P2_613" />
    </UnitTest>
    <UnitTest name="MSTest_P2_614" storage="c:\users\navb\source\repos\sampleproject\testproject\unittestproject10\bin\debug\unittestproject10.dll" id="709f3ad7-4e19-8615-d7df-07ba30361371">
      <Execution id="be11c2c4-bc31-4f3a-bff4-b17ed4b3ba39" />
      <TestMethod codeBase="C:\Users\navb\source\repos\SampleProject\TestProject\UnitTestProject10\bin\Debug\UnitTestProject10.dll" adapterTypeName="Microsoft.VisualStudio.TestTools.TestTypes.Unit.UnitTestAdapter" className="UnitTestinProgress.MSTestClass2" name="MSTest_P2_614" />
    </UnitTest>
    <UnitTest name="MSTest_P2_615" storage="c:\users\navb\source\repos\sampleproject\testproject\unittestproject10\bin\debug\unittestproject10.dll" id="815df831-608b-a7d8-9c28-fa416168dea4">
      <Execution id="5ff3462f-978a-4416-88e2-74b8da530365" />
      <TestMethod codeBase="C:\Users\navb\source\repos\SampleProject\TestProject\UnitTestProject10\bin\Debug\UnitTestProject10.dll" adapterTypeName="Microsoft.VisualStudio.TestTools.TestTypes.Unit.UnitTestAdapter" className="UnitTestinProgress.MSTestClass2" name="MSTest_P2_615" />
    </UnitTest>
    <UnitTest name="MSTest_P2_616" storage="c:\users\navb\source\repos\sampleproject\testproject\unittestproject10\bin\debug\unittestproject10.dll" id="e23a3200-450c-a180-bf2d-b14626d87370">
      <Execution id="3ce6f1e1-ec84-444a-9260-44abec9f2718" />
      <TestMethod codeBase="C:\Users\navb\source\repos\SampleProject\TestProject\UnitTestProject10\bin\Debug\UnitTestProject10.dll" adapterTypeName="Microsoft.VisualStudio.TestTools.TestTypes.Unit.UnitTestAdapter" className="UnitTestinProgress.MSTestClass2" name="MSTest_P2_616" />
    </UnitTest>
    <UnitTest name="MSTest_P2_617" storage="c:\users\navb\source\repos\sampleproject\testproject\unittestproject10\bin\debug\unittestproject10.dll" id="efcaab1a-d58c-01f3-aaa5-0796b92e35c8">
      <Execution id="c3762221-0670-4594-8e5e-dc9253202472" />
      <TestMethod codeBase="C:\Users\navb\source\repos\SampleProject\TestProject\UnitTestProject10\bin\Debug\UnitTestProject10.dll" adapterTypeName="Microsoft.VisualStudio.TestTools.TestTypes.Unit.UnitTestAdapter" className="UnitTestinProgress.MSTestClass2" name="MSTest_P2_617" />
    </UnitTest>
    <UnitTest name="MSTest_P2_618" storage="c:\users\navb\source\repos\sampleproject\testproject\unittestproject10\bin\debug\unittestproject10.dll" id="0fdedd46-6834-8598-ebf3-651f4b30d69a">
      <Execution id="a73c89a6-af75-464f-abc8-e4d803d6a376" />
      <TestMethod codeBase="C:\Users\navb\source\repos\SampleProject\TestProject\UnitTestProject10\bin\Debug\UnitTestProject10.dll" adapterTypeName="Microsoft.VisualStudio.TestTools.TestTypes.Unit.UnitTestAdapter" className="UnitTestinProgress.MSTestClass2" name="MSTest_P2_618" />
    </UnitTest>
    <UnitTest name="MSTest_P2_619" storage="c:\users\navb\source\repos\sampleproject\testproject\unittestproject10\bin\debug\unittestproject10.dll" id="1b93e0bb-33ed-dd7a-4968-e35c3504d6a8">
      <Execution id="6781e556-f361-49b1-b1db-88af13ae655f" />
      <TestMethod codeBase="C:\Users\navb\source\repos\SampleProject\TestProject\UnitTestProject10\bin\Debug\UnitTestProject10.dll" adapterTypeName="Microsoft.VisualStudio.TestTools.TestTypes.Unit.UnitTestAdapter" className="UnitTestinProgress.MSTestClass2" name="MSTest_P2_619" />
    </UnitTest>
    <UnitTest name="MSTest_P2_620" storage="c:\users\navb\source\repos\sampleproject\testproject\unittestproject10\bin\debug\unittestproject10.dll" id="93f295d6-8e86-df7b-fa00-b500211f45da">
      <Execution id="d6ac00cd-7c2b-45e7-82dd-00627e0c614a" />
      <TestMethod codeBase="C:\Users\navb\source\repos\SampleProject\TestProject\UnitTestProject10\bin\Debug\UnitTestProject10.dll" adapterTypeName="Microsoft.VisualStudio.TestTools.TestTypes.Unit.UnitTestAdapter" className="UnitTestinProgress.MSTestClass2" name="MSTest_P2_620" />
    </UnitTest>
    <UnitTest name="MSTest_P2_621" storage="c:\users\navb\source\repos\sampleproject\testproject\unittestproject10\bin\debug\unittestproject10.dll" id="b6384f39-b3d4-de2f-a83f-b06426b33ab0">
      <Execution id="6b54db2b-c89d-4185-8b79-7a38a4a11cc0" />
      <TestMethod codeBase="C:\Users\navb\source\repos\SampleProject\TestProject\UnitTestProject10\bin\Debug\UnitTestProject10.dll" adapterTypeName="Microsoft.VisualStudio.TestTools.TestTypes.Unit.UnitTestAdapter" className="UnitTestinProgress.MSTestClass2" name="MSTest_P2_621" />
    </UnitTest>
    <UnitTest name="MSTest_P2_622" storage="c:\users\navb\source\repos\sampleproject\testproject\unittestproject10\bin\debug\unittestproject10.dll" id="71e647b9-b3e6-2b31-24b9-2273003b38e4">
      <Execution id="06ed7afd-b3c2-481a-a670-e3ee4985a191" />
      <TestMethod codeBase="C:\Users\navb\source\repos\SampleProject\TestProject\UnitTestProject10\bin\Debug\UnitTestProject10.dll" adapterTypeName="Microsoft.VisualStudio.TestTools.TestTypes.Unit.UnitTestAdapter" className="UnitTestinProgress.MSTestClass2" name="MSTest_P2_622" />
    </UnitTest>
    <UnitTest name="MSTest_P2_623" storage="c:\users\navb\source\repos\sampleproject\testproject\unittestproject10\bin\debug\unittestproject10.dll" id="b23fbb20-fbb6-28da-dab1-c344c6d03b58">
      <Execution id="44a72a0c-a36b-4a58-a4ab-758e8e3c9d4d" />
      <TestMethod codeBase="C:\Users\navb\source\repos\SampleProject\TestProject\UnitTestProject10\bin\Debug\UnitTestProject10.dll" adapterTypeName="Microsoft.VisualStudio.TestTools.TestTypes.Unit.UnitTestAdapter" className="UnitTestinProgress.MSTestClass2" name="MSTest_P2_623" />
    </UnitTest>
    <UnitTest name="MSTest_P2_624" storage="c:\users\navb\source\repos\sampleproject\testproject\unittestproject10\bin\debug\unittestproject10.dll" id="b5d84d04-24a2-eb33-edd6-025bff392c00">
      <Execution id="aa62195d-5ac7-4dd0-8fd4-f9c1e522079c" />
      <TestMethod codeBase="C:\Users\navb\source\repos\SampleProject\TestProject\UnitTestProject10\bin\Debug\UnitTestProject10.dll" adapterTypeName="Microsoft.VisualStudio.TestTools.TestTypes.Unit.UnitTestAdapter" className="UnitTestinProgress.MSTestClass2" name="MSTest_P2_624" />
    </UnitTest>
    <UnitTest name="MSTest_P2_625" storage="c:\users\navb\source\repos\sampleproject\testproject\unittestproject10\bin\debug\unittestproject10.dll" id="ee0027fb-4759-9ed1-4aca-5847f80c07d1">
      <Execution id="088b039e-b79b-4c80-a80d-8e37775768b7" />
      <TestMethod codeBase="C:\Users\navb\source\repos\SampleProject\TestProject\UnitTestProject10\bin\Debug\UnitTestProject10.dll" adapterTypeName="Microsoft.VisualStudio.TestTools.TestTypes.Unit.UnitTestAdapter" className="UnitTestinProgress.MSTestClass2" name="MSTest_P2_625" />
    </UnitTest>
    <UnitTest name="MSTest_P2_626" storage="c:\users\navb\source\repos\sampleproject\testproject\unittestproject10\bin\debug\unittestproject10.dll" id="a92118ae-2875-7edc-c322-7d5e85972741">
      <Execution id="c7c55c02-e104-44f7-bb5d-bae628966cc5" />
      <TestMethod codeBase="C:\Users\navb\source\repos\SampleProject\TestProject\UnitTestProject10\bin\Debug\UnitTestProject10.dll" adapterTypeName="Microsoft.VisualStudio.TestTools.TestTypes.Unit.UnitTestAdapter" className="UnitTestinProgress.MSTestClass2" name="MSTest_P2_626" />
    </UnitTest>
    <UnitTest name="MSTest_P2_627" storage="c:\users\navb\source\repos\sampleproject\testproject\unittestproject10\bin\debug\unittestproject10.dll" id="8c2c804c-8aad-6d08-b0ae-d985017cb328">
      <Execution id="891e983f-538a-412e-b943-3dbbe299952d" />
      <TestMethod codeBase="C:\Users\navb\source\repos\SampleProject\TestProject\UnitTestProject10\bin\Debug\UnitTestProject10.dll" adapterTypeName="Microsoft.VisualStudio.TestTools.TestTypes.Unit.UnitTestAdapter" className="UnitTestinProgress.MSTestClass2" name="MSTest_P2_627" />
    </UnitTest>
    <UnitTest name="MSTest_P2_628" storage="c:\users\navb\source\repos\sampleproject\testproject\unittestproject10\bin\debug\unittestproject10.dll" id="1dff61d3-34c0-5ac1-dca2-cb7ce7ae9edd">
      <Execution id="c5bf38db-ea0e-4a02-a099-321192407e13" />
      <TestMethod codeBase="C:\Users\navb\source\repos\SampleProject\TestProject\UnitTestProject10\bin\Debug\UnitTestProject10.dll" adapterTypeName="Microsoft.VisualStudio.TestTools.TestTypes.Unit.UnitTestAdapter" className="UnitTestinProgress.MSTestClass2" name="MSTest_P2_628" />
    </UnitTest>
    <UnitTest name="MSTest_P2_629" storage="c:\users\navb\source\repos\sampleproject\testproject\unittestproject10\bin\debug\unittestproject10.dll" id="0e5b3111-01f7-b24a-6810-1a9402cdc605">
      <Execution id="8eac8c98-9638-46f7-9f86-7b28cb2fdde6" />
      <TestMethod codeBase="C:\Users\navb\source\repos\SampleProject\TestProject\UnitTestProject10\bin\Debug\UnitTestProject10.dll" adapterTypeName="Microsoft.VisualStudio.TestTools.TestTypes.Unit.UnitTestAdapter" className="UnitTestinProgress.MSTestClass2" name="MSTest_P2_629" />
    </UnitTest>
    <UnitTest name="MSTest_P2_630" storage="c:\users\navb\source\repos\sampleproject\testproject\unittestproject10\bin\debug\unittestproject10.dll" id="601153eb-5271-665b-436d-f187a3541d40">
      <Execution id="6c6b36f7-007b-4128-910e-8814a0d7389d" />
      <TestMethod codeBase="C:\Users\navb\source\repos\SampleProject\TestProject\UnitTestProject10\bin\Debug\UnitTestProject10.dll" adapterTypeName="Microsoft.VisualStudio.TestTools.TestTypes.Unit.UnitTestAdapter" className="UnitTestinProgress.MSTestClass2" name="MSTest_P2_630" />
    </UnitTest>
    <UnitTest name="MSTest_P2_631" storage="c:\users\navb\source\repos\sampleproject\testproject\unittestproject10\bin\debug\unittestproject10.dll" id="150ce5c0-ec6f-a8a5-92e5-bb1a3bd6ce85">
      <Execution id="6eced179-546a-43c7-bc1a-3828af78865a" />
      <TestMethod codeBase="C:\Users\navb\source\repos\SampleProject\TestProject\UnitTestProject10\bin\Debug\UnitTestProject10.dll" adapterTypeName="Microsoft.VisualStudio.TestTools.TestTypes.Unit.UnitTestAdapter" className="UnitTestinProgress.MSTestClass2" name="MSTest_P2_631" />
    </UnitTest>
    <UnitTest name="MSTest_P2_632" storage="c:\users\navb\source\repos\sampleproject\testproject\unittestproject10\bin\debug\unittestproject10.dll" id="85999ceb-c7e0-9b54-df39-198a5f4bb935">
      <Execution id="417cc16b-8e86-437c-9375-d49373c6eb5a" />
      <TestMethod codeBase="C:\Users\navb\source\repos\SampleProject\TestProject\UnitTestProject10\bin\Debug\UnitTestProject10.dll" adapterTypeName="Microsoft.VisualStudio.TestTools.TestTypes.Unit.UnitTestAdapter" className="UnitTestinProgress.MSTestClass2" name="MSTest_P2_632" />
    </UnitTest>
    <UnitTest name="MSTest_P2_633" storage="c:\users\navb\source\repos\sampleproject\testproject\unittestproject10\bin\debug\unittestproject10.dll" id="4919b0df-aa86-3ff5-5c9d-2d9e132274a2">
      <Execution id="0fc9b144-4db6-4a49-915a-f6735fe50b50" />
      <TestMethod codeBase="C:\Users\navb\source\repos\SampleProject\TestProject\UnitTestProject10\bin\Debug\UnitTestProject10.dll" adapterTypeName="Microsoft.VisualStudio.TestTools.TestTypes.Unit.UnitTestAdapter" className="UnitTestinProgress.MSTestClass2" name="MSTest_P2_633" />
    </UnitTest>
    <UnitTest name="MSTest_P2_634" storage="c:\users\navb\source\repos\sampleproject\testproject\unittestproject10\bin\debug\unittestproject10.dll" id="7b4171ae-a03d-93ff-7c69-5778e77fd552">
      <Execution id="e1307ff6-af8e-4c5b-946f-fa7e50209150" />
      <TestMethod codeBase="C:\Users\navb\source\repos\SampleProject\TestProject\UnitTestProject10\bin\Debug\UnitTestProject10.dll" adapterTypeName="Microsoft.VisualStudio.TestTools.TestTypes.Unit.UnitTestAdapter" className="UnitTestinProgress.MSTestClass2" name="MSTest_P2_634" />
    </UnitTest>
    <UnitTest name="MSTest_P2_635" storage="c:\users\navb\source\repos\sampleproject\testproject\unittestproject10\bin\debug\unittestproject10.dll" id="17b7c848-bd3d-0746-890b-7f7afd0444b6">
      <Execution id="b106d2c2-ee76-4fe2-aded-91c75736edc1" />
      <TestMethod codeBase="C:\Users\navb\source\repos\SampleProject\TestProject\UnitTestProject10\bin\Debug\UnitTestProject10.dll" adapterTypeName="Microsoft.VisualStudio.TestTools.TestTypes.Unit.UnitTestAdapter" className="UnitTestinProgress.MSTestClass2" name="MSTest_P2_635" />
    </UnitTest>
    <UnitTest name="MSTest_P2_636" storage="c:\users\navb\source\repos\sampleproject\testproject\unittestproject10\bin\debug\unittestproject10.dll" id="aae4fb24-f554-3152-a299-2f303061b61e">
      <Execution id="7927a8f4-adac-4557-ae22-bf34815e91df" />
      <TestMethod codeBase="C:\Users\navb\source\repos\SampleProject\TestProject\UnitTestProject10\bin\Debug\UnitTestProject10.dll" adapterTypeName="Microsoft.VisualStudio.TestTools.TestTypes.Unit.UnitTestAdapter" className="UnitTestinProgress.MSTestClass2" name="MSTest_P2_636" />
    </UnitTest>
    <UnitTest name="MSTest_P2_637" storage="c:\users\navb\source\repos\sampleproject\testproject\unittestproject10\bin\debug\unittestproject10.dll" id="33ba377d-e68f-5080-8ea9-4564c579f416">
      <Execution id="3b77b710-eaee-4f12-9c36-1170ecd4e66f" />
      <TestMethod codeBase="C:\Users\navb\source\repos\SampleProject\TestProject\UnitTestProject10\bin\Debug\UnitTestProject10.dll" adapterTypeName="Microsoft.VisualStudio.TestTools.TestTypes.Unit.UnitTestAdapter" className="UnitTestinProgress.MSTestClass2" name="MSTest_P2_637" />
    </UnitTest>
    <UnitTest name="MSTest_P2_638" storage="c:\users\navb\source\repos\sampleproject\testproject\unittestproject10\bin\debug\unittestproject10.dll" id="5d08d3ae-03ea-1a7e-0828-74bbb650a574">
      <Execution id="01b63807-f81c-4439-b7ed-d26fbdd81263" />
      <TestMethod codeBase="C:\Users\navb\source\repos\SampleProject\TestProject\UnitTestProject10\bin\Debug\UnitTestProject10.dll" adapterTypeName="Microsoft.VisualStudio.TestTools.TestTypes.Unit.UnitTestAdapter" className="UnitTestinProgress.MSTestClass2" name="MSTest_P2_638" />
    </UnitTest>
    <UnitTest name="MSTest_P2_639" storage="c:\users\navb\source\repos\sampleproject\testproject\unittestproject10\bin\debug\unittestproject10.dll" id="848fdcfd-00e6-2e58-a2ed-e6361a3a4ccf">
      <Execution id="20e22386-bf28-4f7a-af66-6e7c8ce02035" />
      <TestMethod codeBase="C:\Users\navb\source\repos\SampleProject\TestProject\UnitTestProject10\bin\Debug\UnitTestProject10.dll" adapterTypeName="Microsoft.VisualStudio.TestTools.TestTypes.Unit.UnitTestAdapter" className="UnitTestinProgress.MSTestClass2" name="MSTest_P2_639" />
    </UnitTest>
    <UnitTest name="MSTest_P2_640" storage="c:\users\navb\source\repos\sampleproject\testproject\unittestproject10\bin\debug\unittestproject10.dll" id="b5d4fa4d-43f6-ed4c-1ebe-1028a35c3207">
      <Execution id="e4b98d4d-77f8-4fd3-97ae-1bbbdc097d1d" />
      <TestMethod codeBase="C:\Users\navb\source\repos\SampleProject\TestProject\UnitTestProject10\bin\Debug\UnitTestProject10.dll" adapterTypeName="Microsoft.VisualStudio.TestTools.TestTypes.Unit.UnitTestAdapter" className="UnitTestinProgress.MSTestClass2" name="MSTest_P2_640" />
    </UnitTest>
    <UnitTest name="MSTest_P2_641" storage="c:\users\navb\source\repos\sampleproject\testproject\unittestproject10\bin\debug\unittestproject10.dll" id="0b677cef-dffb-d7e8-8796-c9f58ef238e3">
      <Execution id="ae02b012-9c74-4335-b0e2-3ff47aa4c4f5" />
      <TestMethod codeBase="C:\Users\navb\source\repos\SampleProject\TestProject\UnitTestProject10\bin\Debug\UnitTestProject10.dll" adapterTypeName="Microsoft.VisualStudio.TestTools.TestTypes.Unit.UnitTestAdapter" className="UnitTestinProgress.MSTestClass2" name="MSTest_P2_641" />
    </UnitTest>
    <UnitTest name="MSTest_P2_642" storage="c:\users\navb\source\repos\sampleproject\testproject\unittestproject10\bin\debug\unittestproject10.dll" id="3e9c502b-35d8-3ce9-17a4-a57106505143">
      <Execution id="1301aae4-a026-4cc2-b12c-dc8133326b21" />
      <TestMethod codeBase="C:\Users\navb\source\repos\SampleProject\TestProject\UnitTestProject10\bin\Debug\UnitTestProject10.dll" adapterTypeName="Microsoft.VisualStudio.TestTools.TestTypes.Unit.UnitTestAdapter" className="UnitTestinProgress.MSTestClass2" name="MSTest_P2_642" />
    </UnitTest>
    <UnitTest name="MSTest_P2_643" storage="c:\users\navb\source\repos\sampleproject\testproject\unittestproject10\bin\debug\unittestproject10.dll" id="d812f365-14a5-d0a4-d872-df8d8d5bb670">
      <Execution id="a2e87fd0-0b2c-4cc4-89ee-d0ba0757ed12" />
      <TestMethod codeBase="C:\Users\navb\source\repos\SampleProject\TestProject\UnitTestProject10\bin\Debug\UnitTestProject10.dll" adapterTypeName="Microsoft.VisualStudio.TestTools.TestTypes.Unit.UnitTestAdapter" className="UnitTestinProgress.MSTestClass2" name="MSTest_P2_643" />
    </UnitTest>
    <UnitTest name="MSTest_P2_644" storage="c:\users\navb\source\repos\sampleproject\testproject\unittestproject10\bin\debug\unittestproject10.dll" id="67659ca1-ac92-6bcc-2bb5-72e6a6541ab7">
      <Execution id="99e51ed1-c2dd-46e2-90d0-d1d31e92419f" />
      <TestMethod codeBase="C:\Users\navb\source\repos\SampleProject\TestProject\UnitTestProject10\bin\Debug\UnitTestProject10.dll" adapterTypeName="Microsoft.VisualStudio.TestTools.TestTypes.Unit.UnitTestAdapter" className="UnitTestinProgress.MSTestClass2" name="MSTest_P2_644" />
    </UnitTest>
    <UnitTest name="MSTest_P2_645" storage="c:\users\navb\source\repos\sampleproject\testproject\unittestproject10\bin\debug\unittestproject10.dll" id="3c488412-7332-e4c1-0fae-4af5f8b50c1a">
      <Execution id="360cf31b-b590-41de-89b9-4fd5e7ed345c" />
      <TestMethod codeBase="C:\Users\navb\source\repos\SampleProject\TestProject\UnitTestProject10\bin\Debug\UnitTestProject10.dll" adapterTypeName="Microsoft.VisualStudio.TestTools.TestTypes.Unit.UnitTestAdapter" className="UnitTestinProgress.MSTestClass2" name="MSTest_P2_645" />
    </UnitTest>
    <UnitTest name="MSTest_P2_646" storage="c:\users\navb\source\repos\sampleproject\testproject\unittestproject10\bin\debug\unittestproject10.dll" id="e78fe577-197c-bbd5-7ab5-8679a236f69f">
      <Execution id="8bf962f0-16e6-438b-acb4-607e3d9e1f6a" />
      <TestMethod codeBase="C:\Users\navb\source\repos\SampleProject\TestProject\UnitTestProject10\bin\Debug\UnitTestProject10.dll" adapterTypeName="Microsoft.VisualStudio.TestTools.TestTypes.Unit.UnitTestAdapter" className="UnitTestinProgress.MSTestClass2" name="MSTest_P2_646" />
    </UnitTest>
    <UnitTest name="MSTest_P2_647" storage="c:\users\navb\source\repos\sampleproject\testproject\unittestproject10\bin\debug\unittestproject10.dll" id="eca6b0bf-94f2-dc28-1140-8fce9c0681a0">
      <Execution id="9892c91a-d0a6-4d22-982c-724729099825" />
      <TestMethod codeBase="C:\Users\navb\source\repos\SampleProject\TestProject\UnitTestProject10\bin\Debug\UnitTestProject10.dll" adapterTypeName="Microsoft.VisualStudio.TestTools.TestTypes.Unit.UnitTestAdapter" className="UnitTestinProgress.MSTestClass2" name="MSTest_P2_647" />
    </UnitTest>
    <UnitTest name="MSTest_P2_648" storage="c:\users\navb\source\repos\sampleproject\testproject\unittestproject10\bin\debug\unittestproject10.dll" id="e0402f72-9377-b948-a288-28d4fcfc4f9b">
      <Execution id="0c52057a-dacd-4fb6-89b2-1101fed07aa8" />
      <TestMethod codeBase="C:\Users\navb\source\repos\SampleProject\TestProject\UnitTestProject10\bin\Debug\UnitTestProject10.dll" adapterTypeName="Microsoft.VisualStudio.TestTools.TestTypes.Unit.UnitTestAdapter" className="UnitTestinProgress.MSTestClass2" name="MSTest_P2_648" />
    </UnitTest>
    <UnitTest name="MSTest_P2_649" storage="c:\users\navb\source\repos\sampleproject\testproject\unittestproject10\bin\debug\unittestproject10.dll" id="e897475a-565a-d220-02fb-7a22190de11f">
      <Execution id="7f982447-0ba9-4984-8b94-3a01fb166010" />
      <TestMethod codeBase="C:\Users\navb\source\repos\SampleProject\TestProject\UnitTestProject10\bin\Debug\UnitTestProject10.dll" adapterTypeName="Microsoft.VisualStudio.TestTools.TestTypes.Unit.UnitTestAdapter" className="UnitTestinProgress.MSTestClass2" name="MSTest_P2_649" />
    </UnitTest>
    <UnitTest name="MSTest_P2_650" storage="c:\users\navb\source\repos\sampleproject\testproject\unittestproject10\bin\debug\unittestproject10.dll" id="6e51c1a4-c47e-8215-41d4-b6192fc399a7">
      <Execution id="61ac99b2-d41a-463b-a363-d4c90d56a912" />
      <TestMethod codeBase="C:\Users\navb\source\repos\SampleProject\TestProject\UnitTestProject10\bin\Debug\UnitTestProject10.dll" adapterTypeName="Microsoft.VisualStudio.TestTools.TestTypes.Unit.UnitTestAdapter" className="UnitTestinProgress.MSTestClass2" name="MSTest_P2_650" />
    </UnitTest>
    <UnitTest name="MSTest_P2_651" storage="c:\users\navb\source\repos\sampleproject\testproject\unittestproject10\bin\debug\unittestproject10.dll" id="18a5d991-6a62-bd7d-3d37-6bc0e28957ce">
      <Execution id="77eacf86-83e2-4739-8a30-4e26bea09be9" />
      <TestMethod codeBase="C:\Users\navb\source\repos\SampleProject\TestProject\UnitTestProject10\bin\Debug\UnitTestProject10.dll" adapterTypeName="Microsoft.VisualStudio.TestTools.TestTypes.Unit.UnitTestAdapter" className="UnitTestinProgress.MSTestClass2" name="MSTest_P2_651" />
    </UnitTest>
    <UnitTest name="MSTest_P2_652" storage="c:\users\navb\source\repos\sampleproject\testproject\unittestproject10\bin\debug\unittestproject10.dll" id="c3f336f9-64d8-483d-f756-b051b29d09c0">
      <Execution id="b0224478-e9e0-4c6f-b9a5-ec925144b469" />
      <TestMethod codeBase="C:\Users\navb\source\repos\SampleProject\TestProject\UnitTestProject10\bin\Debug\UnitTestProject10.dll" adapterTypeName="Microsoft.VisualStudio.TestTools.TestTypes.Unit.UnitTestAdapter" className="UnitTestinProgress.MSTestClass2" name="MSTest_P2_652" />
    </UnitTest>
    <UnitTest name="MSTest_P2_653" storage="c:\users\navb\source\repos\sampleproject\testproject\unittestproject10\bin\debug\unittestproject10.dll" id="48c7c2f7-e5d2-ef94-1a3f-20ddea55e26b">
      <Execution id="91a6df79-feb3-4375-a3b7-004bcac608da" />
      <TestMethod codeBase="C:\Users\navb\source\repos\SampleProject\TestProject\UnitTestProject10\bin\Debug\UnitTestProject10.dll" adapterTypeName="Microsoft.VisualStudio.TestTools.TestTypes.Unit.UnitTestAdapter" className="UnitTestinProgress.MSTestClass2" name="MSTest_P2_653" />
    </UnitTest>
    <UnitTest name="MSTest_P2_654" storage="c:\users\navb\source\repos\sampleproject\testproject\unittestproject10\bin\debug\unittestproject10.dll" id="ab2c1fba-ddcb-1900-197d-3f9d3fc16360">
      <Execution id="a358bab7-0b33-4c97-b675-7f3d7227bf52" />
      <TestMethod codeBase="C:\Users\navb\source\repos\SampleProject\TestProject\UnitTestProject10\bin\Debug\UnitTestProject10.dll" adapterTypeName="Microsoft.VisualStudio.TestTools.TestTypes.Unit.UnitTestAdapter" className="UnitTestinProgress.MSTestClass2" name="MSTest_P2_654" />
    </UnitTest>
    <UnitTest name="MSTest_P2_655" storage="c:\users\navb\source\repos\sampleproject\testproject\unittestproject10\bin\debug\unittestproject10.dll" id="899e6aca-dd8a-ca3a-7348-95cefdb66bfb">
      <Execution id="ba4e168a-bd2f-4e4a-80fd-fa020003c6a7" />
      <TestMethod codeBase="C:\Users\navb\source\repos\SampleProject\TestProject\UnitTestProject10\bin\Debug\UnitTestProject10.dll" adapterTypeName="Microsoft.VisualStudio.TestTools.TestTypes.Unit.UnitTestAdapter" className="UnitTestinProgress.MSTestClass2" name="MSTest_P2_655" />
    </UnitTest>
    <UnitTest name="MSTest_P2_656" storage="c:\users\navb\source\repos\sampleproject\testproject\unittestproject10\bin\debug\unittestproject10.dll" id="8bdc4f90-77a8-478b-b52c-9da6b7c1e9c9">
      <Execution id="25811797-109f-47d3-992e-d9c0c34e4500" />
      <TestMethod codeBase="C:\Users\navb\source\repos\SampleProject\TestProject\UnitTestProject10\bin\Debug\UnitTestProject10.dll" adapterTypeName="Microsoft.VisualStudio.TestTools.TestTypes.Unit.UnitTestAdapter" className="UnitTestinProgress.MSTestClass2" name="MSTest_P2_656" />
    </UnitTest>
    <UnitTest name="MSTest_P2_657" storage="c:\users\navb\source\repos\sampleproject\testproject\unittestproject10\bin\debug\unittestproject10.dll" id="1cfd503a-2a2f-f054-566c-b2432833b5b0">
      <Execution id="f893dbbe-f9d9-45ac-abb1-7e3860206880" />
      <TestMethod codeBase="C:\Users\navb\source\repos\SampleProject\TestProject\UnitTestProject10\bin\Debug\UnitTestProject10.dll" adapterTypeName="Microsoft.VisualStudio.TestTools.TestTypes.Unit.UnitTestAdapter" className="UnitTestinProgress.MSTestClass2" name="MSTest_P2_657" />
    </UnitTest>
    <UnitTest name="MSTest_P2_658" storage="c:\users\navb\source\repos\sampleproject\testproject\unittestproject10\bin\debug\unittestproject10.dll" id="a4ad3799-a270-f12c-0f00-e20e2f12acdd">
      <Execution id="3a62a3c3-411d-49fa-958b-324a18eba51c" />
      <TestMethod codeBase="C:\Users\navb\source\repos\SampleProject\TestProject\UnitTestProject10\bin\Debug\UnitTestProject10.dll" adapterTypeName="Microsoft.VisualStudio.TestTools.TestTypes.Unit.UnitTestAdapter" className="UnitTestinProgress.MSTestClass2" name="MSTest_P2_658" />
    </UnitTest>
    <UnitTest name="MSTest_P2_659" storage="c:\users\navb\source\repos\sampleproject\testproject\unittestproject10\bin\debug\unittestproject10.dll" id="cbe39397-87a0-2910-ca84-58383bad57ff">
      <Execution id="ed73b542-7f63-4471-b24c-ab1642ba2cc9" />
      <TestMethod codeBase="C:\Users\navb\source\repos\SampleProject\TestProject\UnitTestProject10\bin\Debug\UnitTestProject10.dll" adapterTypeName="Microsoft.VisualStudio.TestTools.TestTypes.Unit.UnitTestAdapter" className="UnitTestinProgress.MSTestClass2" name="MSTest_P2_659" />
    </UnitTest>
    <UnitTest name="MSTest_P2_660" storage="c:\users\navb\source\repos\sampleproject\testproject\unittestproject10\bin\debug\unittestproject10.dll" id="6ee7a2b3-6420-c554-9de7-1720065e8cec">
      <Execution id="e31afe66-2472-467b-ba4e-df67dc6cef10" />
      <TestMethod codeBase="C:\Users\navb\source\repos\SampleProject\TestProject\UnitTestProject10\bin\Debug\UnitTestProject10.dll" adapterTypeName="Microsoft.VisualStudio.TestTools.TestTypes.Unit.UnitTestAdapter" className="UnitTestinProgress.MSTestClass2" name="MSTest_P2_660" />
    </UnitTest>
    <UnitTest name="MSTest_P2_661" storage="c:\users\navb\source\repos\sampleproject\testproject\unittestproject10\bin\debug\unittestproject10.dll" id="e86472bf-e214-2b20-76f5-45745554fad7">
      <Execution id="37a5bf58-3675-4aaf-9a11-90987b8aa39e" />
      <TestMethod codeBase="C:\Users\navb\source\repos\SampleProject\TestProject\UnitTestProject10\bin\Debug\UnitTestProject10.dll" adapterTypeName="Microsoft.VisualStudio.TestTools.TestTypes.Unit.UnitTestAdapter" className="UnitTestinProgress.MSTestClass2" name="MSTest_P2_661" />
    </UnitTest>
    <UnitTest name="MSTest_P2_662" storage="c:\users\navb\source\repos\sampleproject\testproject\unittestproject10\bin\debug\unittestproject10.dll" id="e0267b14-97a9-0d32-c9f5-896dabd96fde">
      <Execution id="be571e17-8fd3-48b4-831a-16e303bdc983" />
      <TestMethod codeBase="C:\Users\navb\source\repos\SampleProject\TestProject\UnitTestProject10\bin\Debug\UnitTestProject10.dll" adapterTypeName="Microsoft.VisualStudio.TestTools.TestTypes.Unit.UnitTestAdapter" className="UnitTestinProgress.MSTestClass2" name="MSTest_P2_662" />
    </UnitTest>
    <UnitTest name="MSTest_P2_663" storage="c:\users\navb\source\repos\sampleproject\testproject\unittestproject10\bin\debug\unittestproject10.dll" id="3fec57b9-8697-e7a2-5cc7-23347c0320cb">
      <Execution id="7e728c5b-c4f7-4895-a2ea-a4881c97e407" />
      <TestMethod codeBase="C:\Users\navb\source\repos\SampleProject\TestProject\UnitTestProject10\bin\Debug\UnitTestProject10.dll" adapterTypeName="Microsoft.VisualStudio.TestTools.TestTypes.Unit.UnitTestAdapter" className="UnitTestinProgress.MSTestClass2" name="MSTest_P2_663" />
    </UnitTest>
    <UnitTest name="MSTest_P2_664" storage="c:\users\navb\source\repos\sampleproject\testproject\unittestproject10\bin\debug\unittestproject10.dll" id="597025ee-fec5-9b13-b948-e15cb8c652bb">
      <Execution id="12447b9c-3a1c-46fc-a844-3e8c35704d44" />
      <TestMethod codeBase="C:\Users\navb\source\repos\SampleProject\TestProject\UnitTestProject10\bin\Debug\UnitTestProject10.dll" adapterTypeName="Microsoft.VisualStudio.TestTools.TestTypes.Unit.UnitTestAdapter" className="UnitTestinProgress.MSTestClass2" name="MSTest_P2_664" />
    </UnitTest>
    <UnitTest name="MSTest_P2_665" storage="c:\users\navb\source\repos\sampleproject\testproject\unittestproject10\bin\debug\unittestproject10.dll" id="0cdbe09b-5b02-9284-150e-310395196ca9">
      <Execution id="a89c0c12-9d47-4930-a7a2-023c59f4094d" />
      <TestMethod codeBase="C:\Users\navb\source\repos\SampleProject\TestProject\UnitTestProject10\bin\Debug\UnitTestProject10.dll" adapterTypeName="Microsoft.VisualStudio.TestTools.TestTypes.Unit.UnitTestAdapter" className="UnitTestinProgress.MSTestClass2" name="MSTest_P2_665" />
    </UnitTest>
    <UnitTest name="MSTest_P2_666" storage="c:\users\navb\source\repos\sampleproject\testproject\unittestproject10\bin\debug\unittestproject10.dll" id="26b36980-26fa-feaa-eeda-467cb17b47b3">
      <Execution id="628041ed-4eec-4ab7-9138-181caf44319a" />
      <TestMethod codeBase="C:\Users\navb\source\repos\SampleProject\TestProject\UnitTestProject10\bin\Debug\UnitTestProject10.dll" adapterTypeName="Microsoft.VisualStudio.TestTools.TestTypes.Unit.UnitTestAdapter" className="UnitTestinProgress.MSTestClass2" name="MSTest_P2_666" />
    </UnitTest>
    <UnitTest name="MSTest_P2_667" storage="c:\users\navb\source\repos\sampleproject\testproject\unittestproject10\bin\debug\unittestproject10.dll" id="ade8bde1-d507-344c-09f7-848e53c880d7">
      <Execution id="066c238e-d4a3-4b7a-a23b-b4e2ce6f315b" />
      <TestMethod codeBase="C:\Users\navb\source\repos\SampleProject\TestProject\UnitTestProject10\bin\Debug\UnitTestProject10.dll" adapterTypeName="Microsoft.VisualStudio.TestTools.TestTypes.Unit.UnitTestAdapter" className="UnitTestinProgress.MSTestClass2" name="MSTest_P2_667" />
    </UnitTest>
    <UnitTest name="MSTest_P2_668" storage="c:\users\navb\source\repos\sampleproject\testproject\unittestproject10\bin\debug\unittestproject10.dll" id="a746b676-bd57-b7d7-68d2-852b9bca4e8d">
      <Execution id="7aca8d15-d33e-4c75-895d-415d8da33c1a" />
      <TestMethod codeBase="C:\Users\navb\source\repos\SampleProject\TestProject\UnitTestProject10\bin\Debug\UnitTestProject10.dll" adapterTypeName="Microsoft.VisualStudio.TestTools.TestTypes.Unit.UnitTestAdapter" className="UnitTestinProgress.MSTestClass2" name="MSTest_P2_668" />
    </UnitTest>
    <UnitTest name="MSTest_P2_669" storage="c:\users\navb\source\repos\sampleproject\testproject\unittestproject10\bin\debug\unittestproject10.dll" id="3d5f1c08-3797-41ba-2b77-d2369ea0e848">
      <Execution id="8c8b7088-9cc8-4d60-92b6-13f8b4b01236" />
      <TestMethod codeBase="C:\Users\navb\source\repos\SampleProject\TestProject\UnitTestProject10\bin\Debug\UnitTestProject10.dll" adapterTypeName="Microsoft.VisualStudio.TestTools.TestTypes.Unit.UnitTestAdapter" className="UnitTestinProgress.MSTestClass2" name="MSTest_P2_669" />
    </UnitTest>
    <UnitTest name="MSTest_P2_670" storage="c:\users\navb\source\repos\sampleproject\testproject\unittestproject10\bin\debug\unittestproject10.dll" id="a089f9e5-4bec-b582-acfc-39a14dd75252">
      <Execution id="7a9a6278-84ab-44c8-8b8a-42e15ffc094d" />
      <TestMethod codeBase="C:\Users\navb\source\repos\SampleProject\TestProject\UnitTestProject10\bin\Debug\UnitTestProject10.dll" adapterTypeName="Microsoft.VisualStudio.TestTools.TestTypes.Unit.UnitTestAdapter" className="UnitTestinProgress.MSTestClass2" name="MSTest_P2_670" />
    </UnitTest>
    <UnitTest name="MSTest_P2_671" storage="c:\users\navb\source\repos\sampleproject\testproject\unittestproject10\bin\debug\unittestproject10.dll" id="23721fe5-9ee6-82b6-d99b-fc80796a2eba">
      <Execution id="eb58dde0-ccb5-43d5-a12e-d33950e06508" />
      <TestMethod codeBase="C:\Users\navb\source\repos\SampleProject\TestProject\UnitTestProject10\bin\Debug\UnitTestProject10.dll" adapterTypeName="Microsoft.VisualStudio.TestTools.TestTypes.Unit.UnitTestAdapter" className="UnitTestinProgress.MSTestClass2" name="MSTest_P2_671" />
    </UnitTest>
    <UnitTest name="MSTest_P2_672" storage="c:\users\navb\source\repos\sampleproject\testproject\unittestproject10\bin\debug\unittestproject10.dll" id="b1cd993d-7313-5ad0-b39e-9f1aa78bc82d">
      <Execution id="3fafc4be-4c5e-4480-bfd6-072dbbd2865b" />
      <TestMethod codeBase="C:\Users\navb\source\repos\SampleProject\TestProject\UnitTestProject10\bin\Debug\UnitTestProject10.dll" adapterTypeName="Microsoft.VisualStudio.TestTools.TestTypes.Unit.UnitTestAdapter" className="UnitTestinProgress.MSTestClass2" name="MSTest_P2_672" />
    </UnitTest>
    <UnitTest name="MSTest_P2_673" storage="c:\users\navb\source\repos\sampleproject\testproject\unittestproject10\bin\debug\unittestproject10.dll" id="3a93a51a-c148-1d02-8f4b-13468c757678">
      <Execution id="408e0614-085d-411b-9b06-c4ad38b1ef7c" />
      <TestMethod codeBase="C:\Users\navb\source\repos\SampleProject\TestProject\UnitTestProject10\bin\Debug\UnitTestProject10.dll" adapterTypeName="Microsoft.VisualStudio.TestTools.TestTypes.Unit.UnitTestAdapter" className="UnitTestinProgress.MSTestClass2" name="MSTest_P2_673" />
    </UnitTest>
    <UnitTest name="MSTest_P2_674" storage="c:\users\navb\source\repos\sampleproject\testproject\unittestproject10\bin\debug\unittestproject10.dll" id="e7bba644-c651-71b0-f2c6-7f5814caa7e2">
      <Execution id="b68b4f1a-1de6-449b-96fe-1952a4f5b475" />
      <TestMethod codeBase="C:\Users\navb\source\repos\SampleProject\TestProject\UnitTestProject10\bin\Debug\UnitTestProject10.dll" adapterTypeName="Microsoft.VisualStudio.TestTools.TestTypes.Unit.UnitTestAdapter" className="UnitTestinProgress.MSTestClass2" name="MSTest_P2_674" />
    </UnitTest>
    <UnitTest name="MSTest_P2_675" storage="c:\users\navb\source\repos\sampleproject\testproject\unittestproject10\bin\debug\unittestproject10.dll" id="27514d22-063a-2899-009e-1b76a88c43a9">
      <Execution id="658defe9-b9a6-4dd5-ac28-bbfdf5ecf42f" />
      <TestMethod codeBase="C:\Users\navb\source\repos\SampleProject\TestProject\UnitTestProject10\bin\Debug\UnitTestProject10.dll" adapterTypeName="Microsoft.VisualStudio.TestTools.TestTypes.Unit.UnitTestAdapter" className="UnitTestinProgress.MSTestClass2" name="MSTest_P2_675" />
    </UnitTest>
    <UnitTest name="MSTest_P2_676" storage="c:\users\navb\source\repos\sampleproject\testproject\unittestproject10\bin\debug\unittestproject10.dll" id="cacb4937-95e1-1710-534d-b2d54b278d0c">
      <Execution id="ace9c52c-b1e8-4990-9021-9734357b669c" />
      <TestMethod codeBase="C:\Users\navb\source\repos\SampleProject\TestProject\UnitTestProject10\bin\Debug\UnitTestProject10.dll" adapterTypeName="Microsoft.VisualStudio.TestTools.TestTypes.Unit.UnitTestAdapter" className="UnitTestinProgress.MSTestClass2" name="MSTest_P2_676" />
    </UnitTest>
    <UnitTest name="MSTest_P2_677" storage="c:\users\navb\source\repos\sampleproject\testproject\unittestproject10\bin\debug\unittestproject10.dll" id="58cec2fa-25a5-3785-4c9d-c8c6dad46cee">
      <Execution id="7f69cc49-5fb3-4a13-9bf8-6a3059bf84bf" />
      <TestMethod codeBase="C:\Users\navb\source\repos\SampleProject\TestProject\UnitTestProject10\bin\Debug\UnitTestProject10.dll" adapterTypeName="Microsoft.VisualStudio.TestTools.TestTypes.Unit.UnitTestAdapter" className="UnitTestinProgress.MSTestClass2" name="MSTest_P2_677" />
    </UnitTest>
    <UnitTest name="MSTest_P2_678" storage="c:\users\navb\source\repos\sampleproject\testproject\unittestproject10\bin\debug\unittestproject10.dll" id="353af7cb-1a1e-cda6-3bd5-1805a8fdcf5d">
      <Execution id="214834c9-0add-4327-8b39-52f846be8e4e" />
      <TestMethod codeBase="C:\Users\navb\source\repos\SampleProject\TestProject\UnitTestProject10\bin\Debug\UnitTestProject10.dll" adapterTypeName="Microsoft.VisualStudio.TestTools.TestTypes.Unit.UnitTestAdapter" className="UnitTestinProgress.MSTestClass2" name="MSTest_P2_678" />
    </UnitTest>
    <UnitTest name="MSTest_P2_679" storage="c:\users\navb\source\repos\sampleproject\testproject\unittestproject10\bin\debug\unittestproject10.dll" id="304b77ec-fc19-406b-4850-5808e5d0243d">
      <Execution id="50dea2fc-e34d-4494-8f70-fe19e1fcbbb8" />
      <TestMethod codeBase="C:\Users\navb\source\repos\SampleProject\TestProject\UnitTestProject10\bin\Debug\UnitTestProject10.dll" adapterTypeName="Microsoft.VisualStudio.TestTools.TestTypes.Unit.UnitTestAdapter" className="UnitTestinProgress.MSTestClass2" name="MSTest_P2_679" />
    </UnitTest>
    <UnitTest name="MSTest_P2_680" storage="c:\users\navb\source\repos\sampleproject\testproject\unittestproject10\bin\debug\unittestproject10.dll" id="74651ac2-e00f-92e8-ff9b-d39647d9a271">
      <Execution id="617c068b-95e4-434e-8a95-4100bc4a1ec8" />
      <TestMethod codeBase="C:\Users\navb\source\repos\SampleProject\TestProject\UnitTestProject10\bin\Debug\UnitTestProject10.dll" adapterTypeName="Microsoft.VisualStudio.TestTools.TestTypes.Unit.UnitTestAdapter" className="UnitTestinProgress.MSTestClass2" name="MSTest_P2_680" />
    </UnitTest>
    <UnitTest name="MSTest_P2_511" storage="c:\users\navb\source\repos\sampleproject\testproject\unittestproject10\bin\debug\unittestproject10.dll" id="e776d51f-5a00-c228-adb8-2f497b9621e5">
      <Execution id="1909daba-f4a0-4c43-970d-af6f5cf7d21a" />
      <TestMethod codeBase="C:\Users\navb\source\repos\SampleProject\TestProject\UnitTestProject10\bin\Debug\UnitTestProject10.dll" adapterTypeName="Microsoft.VisualStudio.TestTools.TestTypes.Unit.UnitTestAdapter" className="UnitTestinProgress.MSTestClass2" name="MSTest_P2_511" />
    </UnitTest>
    <UnitTest name="MSTest_P2_512" storage="c:\users\navb\source\repos\sampleproject\testproject\unittestproject10\bin\debug\unittestproject10.dll" id="8a7e2a5a-b3b1-b936-6f36-5a1d091bcdc6">
      <Execution id="0bddc5f3-3b9c-446f-9dd3-2effbb6a3737" />
      <TestMethod codeBase="C:\Users\navb\source\repos\SampleProject\TestProject\UnitTestProject10\bin\Debug\UnitTestProject10.dll" adapterTypeName="Microsoft.VisualStudio.TestTools.TestTypes.Unit.UnitTestAdapter" className="UnitTestinProgress.MSTestClass2" name="MSTest_P2_512" />
    </UnitTest>
    <UnitTest name="MSTest_P2_513" storage="c:\users\navb\source\repos\sampleproject\testproject\unittestproject10\bin\debug\unittestproject10.dll" id="65550164-3705-10e4-aab2-4f1a75804571">
      <Execution id="5929d84d-2662-4840-beab-6d483fe51d36" />
      <TestMethod codeBase="C:\Users\navb\source\repos\SampleProject\TestProject\UnitTestProject10\bin\Debug\UnitTestProject10.dll" adapterTypeName="Microsoft.VisualStudio.TestTools.TestTypes.Unit.UnitTestAdapter" className="UnitTestinProgress.MSTestClass2" name="MSTest_P2_513" />
    </UnitTest>
    <UnitTest name="MSTest_P2_514" storage="c:\users\navb\source\repos\sampleproject\testproject\unittestproject10\bin\debug\unittestproject10.dll" id="7d1aaa36-3199-455c-0527-ac90899cbd4b">
      <Execution id="cc2485ba-0541-409f-b022-bb3346c0f335" />
      <TestMethod codeBase="C:\Users\navb\source\repos\SampleProject\TestProject\UnitTestProject10\bin\Debug\UnitTestProject10.dll" adapterTypeName="Microsoft.VisualStudio.TestTools.TestTypes.Unit.UnitTestAdapter" className="UnitTestinProgress.MSTestClass2" name="MSTest_P2_514" />
    </UnitTest>
    <UnitTest name="MSTest_P2_515" storage="c:\users\navb\source\repos\sampleproject\testproject\unittestproject10\bin\debug\unittestproject10.dll" id="f166a045-f3e3-f66b-b395-0e361e37a9fe">
      <Execution id="c98d387c-aad5-4a41-b351-7e076669e3f3" />
      <TestMethod codeBase="C:\Users\navb\source\repos\SampleProject\TestProject\UnitTestProject10\bin\Debug\UnitTestProject10.dll" adapterTypeName="Microsoft.VisualStudio.TestTools.TestTypes.Unit.UnitTestAdapter" className="UnitTestinProgress.MSTestClass2" name="MSTest_P2_515" />
    </UnitTest>
    <UnitTest name="MSTest_P2_516" storage="c:\users\navb\source\repos\sampleproject\testproject\unittestproject10\bin\debug\unittestproject10.dll" id="0461b81f-9ef8-c4ca-9df0-2eaf28bf10e0">
      <Execution id="d2ebdaff-99fa-43f0-b5b0-4b2496ad9502" />
      <TestMethod codeBase="C:\Users\navb\source\repos\SampleProject\TestProject\UnitTestProject10\bin\Debug\UnitTestProject10.dll" adapterTypeName="Microsoft.VisualStudio.TestTools.TestTypes.Unit.UnitTestAdapter" className="UnitTestinProgress.MSTestClass2" name="MSTest_P2_516" />
    </UnitTest>
    <UnitTest name="MSTest_P2_517" storage="c:\users\navb\source\repos\sampleproject\testproject\unittestproject10\bin\debug\unittestproject10.dll" id="2e82cae1-4a04-cc61-b41b-8d1fead82e72">
      <Execution id="90e3e940-4348-4e6f-b449-251594e4a73a" />
      <TestMethod codeBase="C:\Users\navb\source\repos\SampleProject\TestProject\UnitTestProject10\bin\Debug\UnitTestProject10.dll" adapterTypeName="Microsoft.VisualStudio.TestTools.TestTypes.Unit.UnitTestAdapter" className="UnitTestinProgress.MSTestClass2" name="MSTest_P2_517" />
    </UnitTest>
    <UnitTest name="MSTest_P2_518" storage="c:\users\navb\source\repos\sampleproject\testproject\unittestproject10\bin\debug\unittestproject10.dll" id="e5e8d614-1f1c-d660-4f2e-468f69745890">
      <Execution id="02ff55d5-2bce-48e9-b888-9be96a586278" />
      <TestMethod codeBase="C:\Users\navb\source\repos\SampleProject\TestProject\UnitTestProject10\bin\Debug\UnitTestProject10.dll" adapterTypeName="Microsoft.VisualStudio.TestTools.TestTypes.Unit.UnitTestAdapter" className="UnitTestinProgress.MSTestClass2" name="MSTest_P2_518" />
    </UnitTest>
    <UnitTest name="MSTest_P2_519" storage="c:\users\navb\source\repos\sampleproject\testproject\unittestproject10\bin\debug\unittestproject10.dll" id="50f497cc-80ab-e360-a8c8-bf2e2dd84698">
      <Execution id="ff1cdab1-7bd4-4a00-8cfe-83b1bee63316" />
      <TestMethod codeBase="C:\Users\navb\source\repos\SampleProject\TestProject\UnitTestProject10\bin\Debug\UnitTestProject10.dll" adapterTypeName="Microsoft.VisualStudio.TestTools.TestTypes.Unit.UnitTestAdapter" className="UnitTestinProgress.MSTestClass2" name="MSTest_P2_519" />
    </UnitTest>
    <UnitTest name="MSTest_P2_520" storage="c:\users\navb\source\repos\sampleproject\testproject\unittestproject10\bin\debug\unittestproject10.dll" id="4ac18af5-dcd0-6fcb-32ee-6714d9bb6bc1">
      <Execution id="d5c561a7-f6e6-4854-a45d-5056e5f69409" />
      <TestMethod codeBase="C:\Users\navb\source\repos\SampleProject\TestProject\UnitTestProject10\bin\Debug\UnitTestProject10.dll" adapterTypeName="Microsoft.VisualStudio.TestTools.TestTypes.Unit.UnitTestAdapter" className="UnitTestinProgress.MSTestClass2" name="MSTest_P2_520" />
    </UnitTest>
    <UnitTest name="MSTest_P2_521" storage="c:\users\navb\source\repos\sampleproject\testproject\unittestproject10\bin\debug\unittestproject10.dll" id="a1477180-0c03-ae3a-b703-3248bd9bbe56">
      <Execution id="d326593f-98d4-45ed-b7b1-52db6e80c025" />
      <TestMethod codeBase="C:\Users\navb\source\repos\SampleProject\TestProject\UnitTestProject10\bin\Debug\UnitTestProject10.dll" adapterTypeName="Microsoft.VisualStudio.TestTools.TestTypes.Unit.UnitTestAdapter" className="UnitTestinProgress.MSTestClass2" name="MSTest_P2_521" />
    </UnitTest>
    <UnitTest name="MSTest_P2_522" storage="c:\users\navb\source\repos\sampleproject\testproject\unittestproject10\bin\debug\unittestproject10.dll" id="efc43898-75b5-8b91-f9a9-1c01d4ce0745">
      <Execution id="2b0fb154-1fb4-4e63-9d2c-a6fb36390490" />
      <TestMethod codeBase="C:\Users\navb\source\repos\SampleProject\TestProject\UnitTestProject10\bin\Debug\UnitTestProject10.dll" adapterTypeName="Microsoft.VisualStudio.TestTools.TestTypes.Unit.UnitTestAdapter" className="UnitTestinProgress.MSTestClass2" name="MSTest_P2_522" />
    </UnitTest>
    <UnitTest name="MSTest_P2_523" storage="c:\users\navb\source\repos\sampleproject\testproject\unittestproject10\bin\debug\unittestproject10.dll" id="cefa4e19-5590-bab1-e575-4886cc8e2a57">
      <Execution id="7714470d-c940-4e7f-b96e-c32fafdf91cf" />
      <TestMethod codeBase="C:\Users\navb\source\repos\SampleProject\TestProject\UnitTestProject10\bin\Debug\UnitTestProject10.dll" adapterTypeName="Microsoft.VisualStudio.TestTools.TestTypes.Unit.UnitTestAdapter" className="UnitTestinProgress.MSTestClass2" name="MSTest_P2_523" />
    </UnitTest>
    <UnitTest name="MSTest_P2_524" storage="c:\users\navb\source\repos\sampleproject\testproject\unittestproject10\bin\debug\unittestproject10.dll" id="ee5a9f3c-7651-30db-e2d4-78c1cbf124fa">
      <Execution id="60defb22-186f-4126-b3c1-2c1754c3a622" />
      <TestMethod codeBase="C:\Users\navb\source\repos\SampleProject\TestProject\UnitTestProject10\bin\Debug\UnitTestProject10.dll" adapterTypeName="Microsoft.VisualStudio.TestTools.TestTypes.Unit.UnitTestAdapter" className="UnitTestinProgress.MSTestClass2" name="MSTest_P2_524" />
    </UnitTest>
    <UnitTest name="MSTest_P2_525" storage="c:\users\navb\source\repos\sampleproject\testproject\unittestproject10\bin\debug\unittestproject10.dll" id="cac9dee8-2158-c973-652f-192379bdacee">
      <Execution id="19b49a5a-6980-4ead-ae78-c8ace2e1bcb6" />
      <TestMethod codeBase="C:\Users\navb\source\repos\SampleProject\TestProject\UnitTestProject10\bin\Debug\UnitTestProject10.dll" adapterTypeName="Microsoft.VisualStudio.TestTools.TestTypes.Unit.UnitTestAdapter" className="UnitTestinProgress.MSTestClass2" name="MSTest_P2_525" />
    </UnitTest>
    <UnitTest name="MSTest_P2_526" storage="c:\users\navb\source\repos\sampleproject\testproject\unittestproject10\bin\debug\unittestproject10.dll" id="c95a30e8-f25a-a236-829f-271728eddca1">
      <Execution id="3043cc1b-4274-4c02-abcf-20a25462a9e9" />
      <TestMethod codeBase="C:\Users\navb\source\repos\SampleProject\TestProject\UnitTestProject10\bin\Debug\UnitTestProject10.dll" adapterTypeName="Microsoft.VisualStudio.TestTools.TestTypes.Unit.UnitTestAdapter" className="UnitTestinProgress.MSTestClass2" name="MSTest_P2_526" />
    </UnitTest>
    <UnitTest name="MSTest_P2_527" storage="c:\users\navb\source\repos\sampleproject\testproject\unittestproject10\bin\debug\unittestproject10.dll" id="5655d584-e19e-8eef-5861-f48862292e74">
      <Execution id="2bcfaa0a-6ba7-45fe-878f-e803ce9b3a59" />
      <TestMethod codeBase="C:\Users\navb\source\repos\SampleProject\TestProject\UnitTestProject10\bin\Debug\UnitTestProject10.dll" adapterTypeName="Microsoft.VisualStudio.TestTools.TestTypes.Unit.UnitTestAdapter" className="UnitTestinProgress.MSTestClass2" name="MSTest_P2_527" />
    </UnitTest>
    <UnitTest name="MSTest_P2_528" storage="c:\users\navb\source\repos\sampleproject\testproject\unittestproject10\bin\debug\unittestproject10.dll" id="9bb271d0-5466-cbe0-3fa2-4633de5f9669">
      <Execution id="b61c369d-390c-4441-b514-514347099de2" />
      <TestMethod codeBase="C:\Users\navb\source\repos\SampleProject\TestProject\UnitTestProject10\bin\Debug\UnitTestProject10.dll" adapterTypeName="Microsoft.VisualStudio.TestTools.TestTypes.Unit.UnitTestAdapter" className="UnitTestinProgress.MSTestClass2" name="MSTest_P2_528" />
    </UnitTest>
    <UnitTest name="MSTest_P2_529" storage="c:\users\navb\source\repos\sampleproject\testproject\unittestproject10\bin\debug\unittestproject10.dll" id="e92fc10c-fb30-b21b-1115-fcf7253c35aa">
      <Execution id="2c592763-4060-4862-a1e6-4c2fb7787e36" />
      <TestMethod codeBase="C:\Users\navb\source\repos\SampleProject\TestProject\UnitTestProject10\bin\Debug\UnitTestProject10.dll" adapterTypeName="Microsoft.VisualStudio.TestTools.TestTypes.Unit.UnitTestAdapter" className="UnitTestinProgress.MSTestClass2" name="MSTest_P2_529" />
    </UnitTest>
    <UnitTest name="MSTest_P2_530" storage="c:\users\navb\source\repos\sampleproject\testproject\unittestproject10\bin\debug\unittestproject10.dll" id="7966242b-d974-0b64-c59c-d020dbb5e761">
      <Execution id="9b1ff8cd-f100-400a-bae1-2b5bb29362f8" />
      <TestMethod codeBase="C:\Users\navb\source\repos\SampleProject\TestProject\UnitTestProject10\bin\Debug\UnitTestProject10.dll" adapterTypeName="Microsoft.VisualStudio.TestTools.TestTypes.Unit.UnitTestAdapter" className="UnitTestinProgress.MSTestClass2" name="MSTest_P2_530" />
    </UnitTest>
    <UnitTest name="MSTest_P2_531" storage="c:\users\navb\source\repos\sampleproject\testproject\unittestproject10\bin\debug\unittestproject10.dll" id="9aae1dad-0c68-f480-1b3c-ff63f29ca930">
      <Execution id="16b2b363-68fc-42e0-94fd-071cb96bb87b" />
      <TestMethod codeBase="C:\Users\navb\source\repos\SampleProject\TestProject\UnitTestProject10\bin\Debug\UnitTestProject10.dll" adapterTypeName="Microsoft.VisualStudio.TestTools.TestTypes.Unit.UnitTestAdapter" className="UnitTestinProgress.MSTestClass2" name="MSTest_P2_531" />
    </UnitTest>
    <UnitTest name="MSTest_P2_532" storage="c:\users\navb\source\repos\sampleproject\testproject\unittestproject10\bin\debug\unittestproject10.dll" id="0a07aa18-e58f-69f9-ea5c-287ee69f5e50">
      <Execution id="e4ee4766-94c6-45b5-92d4-15710ba70625" />
      <TestMethod codeBase="C:\Users\navb\source\repos\SampleProject\TestProject\UnitTestProject10\bin\Debug\UnitTestProject10.dll" adapterTypeName="Microsoft.VisualStudio.TestTools.TestTypes.Unit.UnitTestAdapter" className="UnitTestinProgress.MSTestClass2" name="MSTest_P2_532" />
    </UnitTest>
    <UnitTest name="MSTest_P2_533" storage="c:\users\navb\source\repos\sampleproject\testproject\unittestproject10\bin\debug\unittestproject10.dll" id="32236db3-5b10-cb60-6710-e897f6895176">
      <Execution id="c47494fe-80d0-4a80-8be5-da7c58651dbb" />
      <TestMethod codeBase="C:\Users\navb\source\repos\SampleProject\TestProject\UnitTestProject10\bin\Debug\UnitTestProject10.dll" adapterTypeName="Microsoft.VisualStudio.TestTools.TestTypes.Unit.UnitTestAdapter" className="UnitTestinProgress.MSTestClass2" name="MSTest_P2_533" />
    </UnitTest>
    <UnitTest name="MSTest_P2_534" storage="c:\users\navb\source\repos\sampleproject\testproject\unittestproject10\bin\debug\unittestproject10.dll" id="fd7e494d-611e-bfc7-6e2e-0b9aa90132e4">
      <Execution id="dacb309c-d44a-4cc4-bbd6-7a4c98a61000" />
      <TestMethod codeBase="C:\Users\navb\source\repos\SampleProject\TestProject\UnitTestProject10\bin\Debug\UnitTestProject10.dll" adapterTypeName="Microsoft.VisualStudio.TestTools.TestTypes.Unit.UnitTestAdapter" className="UnitTestinProgress.MSTestClass2" name="MSTest_P2_534" />
    </UnitTest>
    <UnitTest name="MSTest_P2_535" storage="c:\users\navb\source\repos\sampleproject\testproject\unittestproject10\bin\debug\unittestproject10.dll" id="6891dd0b-bc83-91a2-f4f1-c5967c7b6b38">
      <Execution id="8a854cd6-7bfd-4eea-b330-ab7d193c7a39" />
      <TestMethod codeBase="C:\Users\navb\source\repos\SampleProject\TestProject\UnitTestProject10\bin\Debug\UnitTestProject10.dll" adapterTypeName="Microsoft.VisualStudio.TestTools.TestTypes.Unit.UnitTestAdapter" className="UnitTestinProgress.MSTestClass2" name="MSTest_P2_535" />
    </UnitTest>
    <UnitTest name="MSTest_P2_536" storage="c:\users\navb\source\repos\sampleproject\testproject\unittestproject10\bin\debug\unittestproject10.dll" id="17ab976d-ec81-d8a4-0dca-8954c371741a">
      <Execution id="773b1cd1-0abd-4e71-b990-4d33873c61d1" />
      <TestMethod codeBase="C:\Users\navb\source\repos\SampleProject\TestProject\UnitTestProject10\bin\Debug\UnitTestProject10.dll" adapterTypeName="Microsoft.VisualStudio.TestTools.TestTypes.Unit.UnitTestAdapter" className="UnitTestinProgress.MSTestClass2" name="MSTest_P2_536" />
    </UnitTest>
    <UnitTest name="MSTest_P2_537" storage="c:\users\navb\source\repos\sampleproject\testproject\unittestproject10\bin\debug\unittestproject10.dll" id="72723df0-292b-813b-6a25-bd4b93301bd7">
      <Execution id="41ec07b6-1d10-4e77-b1d4-c945d11ea6f1" />
      <TestMethod codeBase="C:\Users\navb\source\repos\SampleProject\TestProject\UnitTestProject10\bin\Debug\UnitTestProject10.dll" adapterTypeName="Microsoft.VisualStudio.TestTools.TestTypes.Unit.UnitTestAdapter" className="UnitTestinProgress.MSTestClass2" name="MSTest_P2_537" />
    </UnitTest>
    <UnitTest name="MSTest_P2_538" storage="c:\users\navb\source\repos\sampleproject\testproject\unittestproject10\bin\debug\unittestproject10.dll" id="27bd9190-4948-ce5f-e027-af484941e259">
      <Execution id="afb4672a-adfc-4d00-b006-2c2ecedafc8c" />
      <TestMethod codeBase="C:\Users\navb\source\repos\SampleProject\TestProject\UnitTestProject10\bin\Debug\UnitTestProject10.dll" adapterTypeName="Microsoft.VisualStudio.TestTools.TestTypes.Unit.UnitTestAdapter" className="UnitTestinProgress.MSTestClass2" name="MSTest_P2_538" />
    </UnitTest>
    <UnitTest name="MSTest_P2_539" storage="c:\users\navb\source\repos\sampleproject\testproject\unittestproject10\bin\debug\unittestproject10.dll" id="fdfbeb7c-11b3-3beb-c55a-8ea097db63c8">
      <Execution id="b47524ed-0668-48aa-83aa-1cedd7f90a4d" />
      <TestMethod codeBase="C:\Users\navb\source\repos\SampleProject\TestProject\UnitTestProject10\bin\Debug\UnitTestProject10.dll" adapterTypeName="Microsoft.VisualStudio.TestTools.TestTypes.Unit.UnitTestAdapter" className="UnitTestinProgress.MSTestClass2" name="MSTest_P2_539" />
    </UnitTest>
    <UnitTest name="MSTest_P2_540" storage="c:\users\navb\source\repos\sampleproject\testproject\unittestproject10\bin\debug\unittestproject10.dll" id="2e11bbad-a552-5219-226e-7056b5ce7697">
      <Execution id="28da3d94-f763-4009-8f81-173fdc0c625b" />
      <TestMethod codeBase="C:\Users\navb\source\repos\SampleProject\TestProject\UnitTestProject10\bin\Debug\UnitTestProject10.dll" adapterTypeName="Microsoft.VisualStudio.TestTools.TestTypes.Unit.UnitTestAdapter" className="UnitTestinProgress.MSTestClass2" name="MSTest_P2_540" />
    </UnitTest>
    <UnitTest name="MSTest_P2_541" storage="c:\users\navb\source\repos\sampleproject\testproject\unittestproject10\bin\debug\unittestproject10.dll" id="4b4812c6-0d0a-0ab1-819c-d86e04dc55c7">
      <Execution id="c354ceab-d2e5-4d59-adbe-0322dcf274a2" />
      <TestMethod codeBase="C:\Users\navb\source\repos\SampleProject\TestProject\UnitTestProject10\bin\Debug\UnitTestProject10.dll" adapterTypeName="Microsoft.VisualStudio.TestTools.TestTypes.Unit.UnitTestAdapter" className="UnitTestinProgress.MSTestClass2" name="MSTest_P2_541" />
    </UnitTest>
    <UnitTest name="MSTest_P2_542" storage="c:\users\navb\source\repos\sampleproject\testproject\unittestproject10\bin\debug\unittestproject10.dll" id="fba16ff8-1dd9-2338-6b6e-5a87d4c6c9ea">
      <Execution id="55b7b934-7ab0-47cd-889a-b152463548d5" />
      <TestMethod codeBase="C:\Users\navb\source\repos\SampleProject\TestProject\UnitTestProject10\bin\Debug\UnitTestProject10.dll" adapterTypeName="Microsoft.VisualStudio.TestTools.TestTypes.Unit.UnitTestAdapter" className="UnitTestinProgress.MSTestClass2" name="MSTest_P2_542" />
    </UnitTest>
    <UnitTest name="MSTest_P2_543" storage="c:\users\navb\source\repos\sampleproject\testproject\unittestproject10\bin\debug\unittestproject10.dll" id="809036b5-9cfc-f4b2-5ff3-932e18c30f49">
      <Execution id="2a5adf65-02f4-4c10-b10d-f427f8dd4129" />
      <TestMethod codeBase="C:\Users\navb\source\repos\SampleProject\TestProject\UnitTestProject10\bin\Debug\UnitTestProject10.dll" adapterTypeName="Microsoft.VisualStudio.TestTools.TestTypes.Unit.UnitTestAdapter" className="UnitTestinProgress.MSTestClass2" name="MSTest_P2_543" />
    </UnitTest>
    <UnitTest name="MSTest_P2_544" storage="c:\users\navb\source\repos\sampleproject\testproject\unittestproject10\bin\debug\unittestproject10.dll" id="d7c9cab3-c1c9-6386-177d-a619c09ea26e">
      <Execution id="fc9de513-bc11-437e-98c6-ea2698395075" />
      <TestMethod codeBase="C:\Users\navb\source\repos\SampleProject\TestProject\UnitTestProject10\bin\Debug\UnitTestProject10.dll" adapterTypeName="Microsoft.VisualStudio.TestTools.TestTypes.Unit.UnitTestAdapter" className="UnitTestinProgress.MSTestClass2" name="MSTest_P2_544" />
    </UnitTest>
    <UnitTest name="MSTest_P2_545" storage="c:\users\navb\source\repos\sampleproject\testproject\unittestproject10\bin\debug\unittestproject10.dll" id="662c26bc-d19f-881f-5a3b-3b472bcbec47">
      <Execution id="eeae8856-8fee-4d40-b510-aaae6b1c94a2" />
      <TestMethod codeBase="C:\Users\navb\source\repos\SampleProject\TestProject\UnitTestProject10\bin\Debug\UnitTestProject10.dll" adapterTypeName="Microsoft.VisualStudio.TestTools.TestTypes.Unit.UnitTestAdapter" className="UnitTestinProgress.MSTestClass2" name="MSTest_P2_545" />
    </UnitTest>
    <UnitTest name="MSTest_P2_546" storage="c:\users\navb\source\repos\sampleproject\testproject\unittestproject10\bin\debug\unittestproject10.dll" id="7fec68fb-a3c3-9ad7-9647-5083ca2a9c0b">
      <Execution id="f3ce9c2c-1063-4212-9e04-944f3c799471" />
      <TestMethod codeBase="C:\Users\navb\source\repos\SampleProject\TestProject\UnitTestProject10\bin\Debug\UnitTestProject10.dll" adapterTypeName="Microsoft.VisualStudio.TestTools.TestTypes.Unit.UnitTestAdapter" className="UnitTestinProgress.MSTestClass2" name="MSTest_P2_546" />
    </UnitTest>
    <UnitTest name="MSTest_P2_547" storage="c:\users\navb\source\repos\sampleproject\testproject\unittestproject10\bin\debug\unittestproject10.dll" id="fd159612-71b0-b743-33dd-3f4e86b87698">
      <Execution id="7b8361ea-e767-4f3d-82c5-96437bc2d289" />
      <TestMethod codeBase="C:\Users\navb\source\repos\SampleProject\TestProject\UnitTestProject10\bin\Debug\UnitTestProject10.dll" adapterTypeName="Microsoft.VisualStudio.TestTools.TestTypes.Unit.UnitTestAdapter" className="UnitTestinProgress.MSTestClass2" name="MSTest_P2_547" />
    </UnitTest>
    <UnitTest name="MSTest_P2_548" storage="c:\users\navb\source\repos\sampleproject\testproject\unittestproject10\bin\debug\unittestproject10.dll" id="349de77d-bf20-d1d2-ca58-ede03ea4c589">
      <Execution id="f7b8047e-5f35-4116-9432-ea9f57a016e7" />
      <TestMethod codeBase="C:\Users\navb\source\repos\SampleProject\TestProject\UnitTestProject10\bin\Debug\UnitTestProject10.dll" adapterTypeName="Microsoft.VisualStudio.TestTools.TestTypes.Unit.UnitTestAdapter" className="UnitTestinProgress.MSTestClass2" name="MSTest_P2_548" />
    </UnitTest>
    <UnitTest name="MSTest_P2_549" storage="c:\users\navb\source\repos\sampleproject\testproject\unittestproject10\bin\debug\unittestproject10.dll" id="082c7339-7cc5-7c47-9922-763ff1cc2ed7">
      <Execution id="3620ff60-8903-42b1-935e-e4c6ffbfa574" />
      <TestMethod codeBase="C:\Users\navb\source\repos\SampleProject\TestProject\UnitTestProject10\bin\Debug\UnitTestProject10.dll" adapterTypeName="Microsoft.VisualStudio.TestTools.TestTypes.Unit.UnitTestAdapter" className="UnitTestinProgress.MSTestClass2" name="MSTest_P2_549" />
    </UnitTest>
    <UnitTest name="MSTest_P2_550" storage="c:\users\navb\source\repos\sampleproject\testproject\unittestproject10\bin\debug\unittestproject10.dll" id="f8e840e4-fd18-1301-16a5-670948fb1fdc">
      <Execution id="88a2efec-6c29-461b-b4e4-a6330210cd45" />
      <TestMethod codeBase="C:\Users\navb\source\repos\SampleProject\TestProject\UnitTestProject10\bin\Debug\UnitTestProject10.dll" adapterTypeName="Microsoft.VisualStudio.TestTools.TestTypes.Unit.UnitTestAdapter" className="UnitTestinProgress.MSTestClass2" name="MSTest_P2_550" />
    </UnitTest>
    <UnitTest name="MSTest_P2_551" storage="c:\users\navb\source\repos\sampleproject\testproject\unittestproject10\bin\debug\unittestproject10.dll" id="9d4d20ed-7122-1fba-7a07-68a842a1262a">
      <Execution id="08a34473-e8a9-4de8-a7ed-2dd9079730bd" />
      <TestMethod codeBase="C:\Users\navb\source\repos\SampleProject\TestProject\UnitTestProject10\bin\Debug\UnitTestProject10.dll" adapterTypeName="Microsoft.VisualStudio.TestTools.TestTypes.Unit.UnitTestAdapter" className="UnitTestinProgress.MSTestClass2" name="MSTest_P2_551" />
    </UnitTest>
    <UnitTest name="MSTest_P2_552" storage="c:\users\navb\source\repos\sampleproject\testproject\unittestproject10\bin\debug\unittestproject10.dll" id="0e5f0a2e-368e-2490-7e26-f608a8254523">
      <Execution id="6b179558-218a-49a1-b3e4-29bdddcfbcaa" />
      <TestMethod codeBase="C:\Users\navb\source\repos\SampleProject\TestProject\UnitTestProject10\bin\Debug\UnitTestProject10.dll" adapterTypeName="Microsoft.VisualStudio.TestTools.TestTypes.Unit.UnitTestAdapter" className="UnitTestinProgress.MSTestClass2" name="MSTest_P2_552" />
    </UnitTest>
    <UnitTest name="MSTest_P2_553" storage="c:\users\navb\source\repos\sampleproject\testproject\unittestproject10\bin\debug\unittestproject10.dll" id="875088e7-68b6-f6e0-6a32-f2b4ed4c14b4">
      <Execution id="f5d55ba4-cc4a-4eed-9912-75320a13df0c" />
      <TestMethod codeBase="C:\Users\navb\source\repos\SampleProject\TestProject\UnitTestProject10\bin\Debug\UnitTestProject10.dll" adapterTypeName="Microsoft.VisualStudio.TestTools.TestTypes.Unit.UnitTestAdapter" className="UnitTestinProgress.MSTestClass2" name="MSTest_P2_553" />
    </UnitTest>
    <UnitTest name="MSTest_P2_554" storage="c:\users\navb\source\repos\sampleproject\testproject\unittestproject10\bin\debug\unittestproject10.dll" id="9cc5d565-f73b-a443-f68b-1e5854b6792c">
      <Execution id="f0b98d68-fc66-4dfc-832b-f5afef3f375c" />
      <TestMethod codeBase="C:\Users\navb\source\repos\SampleProject\TestProject\UnitTestProject10\bin\Debug\UnitTestProject10.dll" adapterTypeName="Microsoft.VisualStudio.TestTools.TestTypes.Unit.UnitTestAdapter" className="UnitTestinProgress.MSTestClass2" name="MSTest_P2_554" />
    </UnitTest>
    <UnitTest name="MSTest_P2_555" storage="c:\users\navb\source\repos\sampleproject\testproject\unittestproject10\bin\debug\unittestproject10.dll" id="7d736325-4dd1-ff28-0317-4dd9055f7865">
      <Execution id="18d75ef7-8cc1-4d91-a327-8ddff6142b68" />
      <TestMethod codeBase="C:\Users\navb\source\repos\SampleProject\TestProject\UnitTestProject10\bin\Debug\UnitTestProject10.dll" adapterTypeName="Microsoft.VisualStudio.TestTools.TestTypes.Unit.UnitTestAdapter" className="UnitTestinProgress.MSTestClass2" name="MSTest_P2_555" />
    </UnitTest>
    <UnitTest name="MSTest_P2_556" storage="c:\users\navb\source\repos\sampleproject\testproject\unittestproject10\bin\debug\unittestproject10.dll" id="7b09c487-2fe1-4c0e-946d-ca6cc6caff6f">
      <Execution id="7a5ccd83-5218-495f-bb04-af7d72af5af1" />
      <TestMethod codeBase="C:\Users\navb\source\repos\SampleProject\TestProject\UnitTestProject10\bin\Debug\UnitTestProject10.dll" adapterTypeName="Microsoft.VisualStudio.TestTools.TestTypes.Unit.UnitTestAdapter" className="UnitTestinProgress.MSTestClass2" name="MSTest_P2_556" />
    </UnitTest>
    <UnitTest name="MSTest_P2_557" storage="c:\users\navb\source\repos\sampleproject\testproject\unittestproject10\bin\debug\unittestproject10.dll" id="bc21ff58-3b14-8973-0b02-2b4d21113581">
      <Execution id="fdcc3cb4-390d-4330-b0a9-c1df9d1dd543" />
      <TestMethod codeBase="C:\Users\navb\source\repos\SampleProject\TestProject\UnitTestProject10\bin\Debug\UnitTestProject10.dll" adapterTypeName="Microsoft.VisualStudio.TestTools.TestTypes.Unit.UnitTestAdapter" className="UnitTestinProgress.MSTestClass2" name="MSTest_P2_557" />
    </UnitTest>
    <UnitTest name="MSTest_P2_558" storage="c:\users\navb\source\repos\sampleproject\testproject\unittestproject10\bin\debug\unittestproject10.dll" id="a61cd15d-d694-4217-2314-94a75d5fde5d">
      <Execution id="9c6d2281-1527-4e2e-afb0-dbee3ebd3e40" />
      <TestMethod codeBase="C:\Users\navb\source\repos\SampleProject\TestProject\UnitTestProject10\bin\Debug\UnitTestProject10.dll" adapterTypeName="Microsoft.VisualStudio.TestTools.TestTypes.Unit.UnitTestAdapter" className="UnitTestinProgress.MSTestClass2" name="MSTest_P2_558" />
    </UnitTest>
    <UnitTest name="MSTest_P2_559" storage="c:\users\navb\source\repos\sampleproject\testproject\unittestproject10\bin\debug\unittestproject10.dll" id="fb7d87eb-067f-4711-53f9-9139d33021bd">
      <Execution id="11ee923a-e017-487e-9bcd-d2e580cb972d" />
      <TestMethod codeBase="C:\Users\navb\source\repos\SampleProject\TestProject\UnitTestProject10\bin\Debug\UnitTestProject10.dll" adapterTypeName="Microsoft.VisualStudio.TestTools.TestTypes.Unit.UnitTestAdapter" className="UnitTestinProgress.MSTestClass2" name="MSTest_P2_559" />
    </UnitTest>
    <UnitTest name="MSTest_P2_560" storage="c:\users\navb\source\repos\sampleproject\testproject\unittestproject10\bin\debug\unittestproject10.dll" id="809dc7a8-ce61-aa44-fca3-16b8d5b0ec1d">
      <Execution id="c91d7836-0b70-46c7-b3dc-7324df19f2e7" />
      <TestMethod codeBase="C:\Users\navb\source\repos\SampleProject\TestProject\UnitTestProject10\bin\Debug\UnitTestProject10.dll" adapterTypeName="Microsoft.VisualStudio.TestTools.TestTypes.Unit.UnitTestAdapter" className="UnitTestinProgress.MSTestClass2" name="MSTest_P2_560" />
    </UnitTest>
    <UnitTest name="MSTest_P2_561" storage="c:\users\navb\source\repos\sampleproject\testproject\unittestproject10\bin\debug\unittestproject10.dll" id="79714c50-5eb1-d5d1-b32a-c7f10cf6fbe7">
      <Execution id="b22ea341-20f4-4946-95da-a43781eefedd" />
      <TestMethod codeBase="C:\Users\navb\source\repos\SampleProject\TestProject\UnitTestProject10\bin\Debug\UnitTestProject10.dll" adapterTypeName="Microsoft.VisualStudio.TestTools.TestTypes.Unit.UnitTestAdapter" className="UnitTestinProgress.MSTestClass2" name="MSTest_P2_561" />
    </UnitTest>
    <UnitTest name="MSTest_P2_562" storage="c:\users\navb\source\repos\sampleproject\testproject\unittestproject10\bin\debug\unittestproject10.dll" id="90b2e005-acc5-1d6c-5a43-a78c5ff76120">
      <Execution id="d8b7766d-b4c3-43fe-90ed-21839d043f2f" />
      <TestMethod codeBase="C:\Users\navb\source\repos\SampleProject\TestProject\UnitTestProject10\bin\Debug\UnitTestProject10.dll" adapterTypeName="Microsoft.VisualStudio.TestTools.TestTypes.Unit.UnitTestAdapter" className="UnitTestinProgress.MSTestClass2" name="MSTest_P2_562" />
    </UnitTest>
    <UnitTest name="MSTest_P2_563" storage="c:\users\navb\source\repos\sampleproject\testproject\unittestproject10\bin\debug\unittestproject10.dll" id="689ffc80-ae01-18fa-b138-8bae52645615">
      <Execution id="e3866d10-5f57-44c3-8cf2-b66e40a05efc" />
      <TestMethod codeBase="C:\Users\navb\source\repos\SampleProject\TestProject\UnitTestProject10\bin\Debug\UnitTestProject10.dll" adapterTypeName="Microsoft.VisualStudio.TestTools.TestTypes.Unit.UnitTestAdapter" className="UnitTestinProgress.MSTestClass2" name="MSTest_P2_563" />
    </UnitTest>
    <UnitTest name="MSTest_P2_564" storage="c:\users\navb\source\repos\sampleproject\testproject\unittestproject10\bin\debug\unittestproject10.dll" id="ad289964-2943-3eb9-099e-d632a52a571e">
      <Execution id="fffc5b06-96ad-425b-b672-d56e52171acc" />
      <TestMethod codeBase="C:\Users\navb\source\repos\SampleProject\TestProject\UnitTestProject10\bin\Debug\UnitTestProject10.dll" adapterTypeName="Microsoft.VisualStudio.TestTools.TestTypes.Unit.UnitTestAdapter" className="UnitTestinProgress.MSTestClass2" name="MSTest_P2_564" />
    </UnitTest>
    <UnitTest name="MSTest_P2_565" storage="c:\users\navb\source\repos\sampleproject\testproject\unittestproject10\bin\debug\unittestproject10.dll" id="da11a2eb-6208-4f87-a0ec-cc4f270b7396">
      <Execution id="ffb942a2-ff1b-442e-82d7-e433cf6659f7" />
      <TestMethod codeBase="C:\Users\navb\source\repos\SampleProject\TestProject\UnitTestProject10\bin\Debug\UnitTestProject10.dll" adapterTypeName="Microsoft.VisualStudio.TestTools.TestTypes.Unit.UnitTestAdapter" className="UnitTestinProgress.MSTestClass2" name="MSTest_P2_565" />
    </UnitTest>
    <UnitTest name="MSTest_P2_566" storage="c:\users\navb\source\repos\sampleproject\testproject\unittestproject10\bin\debug\unittestproject10.dll" id="b019235f-b6d9-c1e6-9ed6-84d1850247d9">
      <Execution id="9c809572-ac85-4f3b-af19-766ffc0f63c0" />
      <TestMethod codeBase="C:\Users\navb\source\repos\SampleProject\TestProject\UnitTestProject10\bin\Debug\UnitTestProject10.dll" adapterTypeName="Microsoft.VisualStudio.TestTools.TestTypes.Unit.UnitTestAdapter" className="UnitTestinProgress.MSTestClass2" name="MSTest_P2_566" />
    </UnitTest>
    <UnitTest name="MSTest_P2_567" storage="c:\users\navb\source\repos\sampleproject\testproject\unittestproject10\bin\debug\unittestproject10.dll" id="c636ae84-7c6c-cc08-2935-5ac732a93a48">
      <Execution id="7d41c028-dacc-4342-8409-ad55b75370f7" />
      <TestMethod codeBase="C:\Users\navb\source\repos\SampleProject\TestProject\UnitTestProject10\bin\Debug\UnitTestProject10.dll" adapterTypeName="Microsoft.VisualStudio.TestTools.TestTypes.Unit.UnitTestAdapter" className="UnitTestinProgress.MSTestClass2" name="MSTest_P2_567" />
    </UnitTest>
    <UnitTest name="MSTest_P2_568" storage="c:\users\navb\source\repos\sampleproject\testproject\unittestproject10\bin\debug\unittestproject10.dll" id="99231236-53fd-bcc2-b2f1-35bf8c9f2cee">
      <Execution id="cc46a3df-857d-4acf-b388-0838e73b8227" />
      <TestMethod codeBase="C:\Users\navb\source\repos\SampleProject\TestProject\UnitTestProject10\bin\Debug\UnitTestProject10.dll" adapterTypeName="Microsoft.VisualStudio.TestTools.TestTypes.Unit.UnitTestAdapter" className="UnitTestinProgress.MSTestClass2" name="MSTest_P2_568" />
    </UnitTest>
    <UnitTest name="MSTest_P2_569" storage="c:\users\navb\source\repos\sampleproject\testproject\unittestproject10\bin\debug\unittestproject10.dll" id="c2a6d61d-4f19-2ce9-e980-ef896a04601b">
      <Execution id="6645a07a-ca9a-4107-ad36-e9d3e6ecf066" />
      <TestMethod codeBase="C:\Users\navb\source\repos\SampleProject\TestProject\UnitTestProject10\bin\Debug\UnitTestProject10.dll" adapterTypeName="Microsoft.VisualStudio.TestTools.TestTypes.Unit.UnitTestAdapter" className="UnitTestinProgress.MSTestClass2" name="MSTest_P2_569" />
    </UnitTest>
    <UnitTest name="MSTest_P2_570" storage="c:\users\navb\source\repos\sampleproject\testproject\unittestproject10\bin\debug\unittestproject10.dll" id="13b7e519-447e-5e0e-9a3c-3c3335bd94f7">
      <Execution id="d4f2f0be-95bc-4c42-8e25-7aa1979fee11" />
      <TestMethod codeBase="C:\Users\navb\source\repos\SampleProject\TestProject\UnitTestProject10\bin\Debug\UnitTestProject10.dll" adapterTypeName="Microsoft.VisualStudio.TestTools.TestTypes.Unit.UnitTestAdapter" className="UnitTestinProgress.MSTestClass2" name="MSTest_P2_570" />
    </UnitTest>
    <UnitTest name="MSTest_P2_571" storage="c:\users\navb\source\repos\sampleproject\testproject\unittestproject10\bin\debug\unittestproject10.dll" id="e08737b9-1fe6-529d-d946-521023a440a3">
      <Execution id="37ca0c4e-764d-4cdd-be8c-ea0d4b4411f8" />
      <TestMethod codeBase="C:\Users\navb\source\repos\SampleProject\TestProject\UnitTestProject10\bin\Debug\UnitTestProject10.dll" adapterTypeName="Microsoft.VisualStudio.TestTools.TestTypes.Unit.UnitTestAdapter" className="UnitTestinProgress.MSTestClass2" name="MSTest_P2_571" />
    </UnitTest>
    <UnitTest name="MSTest_P2_572" storage="c:\users\navb\source\repos\sampleproject\testproject\unittestproject10\bin\debug\unittestproject10.dll" id="8c4dc4e0-e4dd-8342-9276-c69c90a367a4">
      <Execution id="0e685302-6dfd-4b07-85f3-a1872e2a3e47" />
      <TestMethod codeBase="C:\Users\navb\source\repos\SampleProject\TestProject\UnitTestProject10\bin\Debug\UnitTestProject10.dll" adapterTypeName="Microsoft.VisualStudio.TestTools.TestTypes.Unit.UnitTestAdapter" className="UnitTestinProgress.MSTestClass2" name="MSTest_P2_572" />
    </UnitTest>
    <UnitTest name="MSTest_P2_573" storage="c:\users\navb\source\repos\sampleproject\testproject\unittestproject10\bin\debug\unittestproject10.dll" id="7f0a7865-cba7-e81e-fef8-04d0bb1f3e03">
      <Execution id="ad94f694-cc5c-4618-90e4-2b3384806e12" />
      <TestMethod codeBase="C:\Users\navb\source\repos\SampleProject\TestProject\UnitTestProject10\bin\Debug\UnitTestProject10.dll" adapterTypeName="Microsoft.VisualStudio.TestTools.TestTypes.Unit.UnitTestAdapter" className="UnitTestinProgress.MSTestClass2" name="MSTest_P2_573" />
    </UnitTest>
    <UnitTest name="MSTest_P2_574" storage="c:\users\navb\source\repos\sampleproject\testproject\unittestproject10\bin\debug\unittestproject10.dll" id="a2a392f4-9208-dadc-b9c5-6bcf7141eeef">
      <Execution id="413efbe7-a5ad-4823-88a2-76e2ff7a2dae" />
      <TestMethod codeBase="C:\Users\navb\source\repos\SampleProject\TestProject\UnitTestProject10\bin\Debug\UnitTestProject10.dll" adapterTypeName="Microsoft.VisualStudio.TestTools.TestTypes.Unit.UnitTestAdapter" className="UnitTestinProgress.MSTestClass2" name="MSTest_P2_574" />
    </UnitTest>
    <UnitTest name="MSTest_P2_575" storage="c:\users\navb\source\repos\sampleproject\testproject\unittestproject10\bin\debug\unittestproject10.dll" id="352e150b-24db-9a0c-6e6c-53d48231945d">
      <Execution id="c8f944de-0893-4bf3-94f9-f37ed0c971cb" />
      <TestMethod codeBase="C:\Users\navb\source\repos\SampleProject\TestProject\UnitTestProject10\bin\Debug\UnitTestProject10.dll" adapterTypeName="Microsoft.VisualStudio.TestTools.TestTypes.Unit.UnitTestAdapter" className="UnitTestinProgress.MSTestClass2" name="MSTest_P2_575" />
    </UnitTest>
    <UnitTest name="MSTest_P2_576" storage="c:\users\navb\source\repos\sampleproject\testproject\unittestproject10\bin\debug\unittestproject10.dll" id="55bb454f-9cea-2d0c-9de8-1082887d5477">
      <Execution id="db30a671-3f51-40b5-9c25-3b0f5d0c3313" />
      <TestMethod codeBase="C:\Users\navb\source\repos\SampleProject\TestProject\UnitTestProject10\bin\Debug\UnitTestProject10.dll" adapterTypeName="Microsoft.VisualStudio.TestTools.TestTypes.Unit.UnitTestAdapter" className="UnitTestinProgress.MSTestClass2" name="MSTest_P2_576" />
    </UnitTest>
    <UnitTest name="MSTest_P2_577" storage="c:\users\navb\source\repos\sampleproject\testproject\unittestproject10\bin\debug\unittestproject10.dll" id="cd080ca0-655a-7010-db17-2d5a58bf5cf8">
      <Execution id="4cf9d737-7603-4a1c-89d5-acb3a3d7234d" />
      <TestMethod codeBase="C:\Users\navb\source\repos\SampleProject\TestProject\UnitTestProject10\bin\Debug\UnitTestProject10.dll" adapterTypeName="Microsoft.VisualStudio.TestTools.TestTypes.Unit.UnitTestAdapter" className="UnitTestinProgress.MSTestClass2" name="MSTest_P2_577" />
    </UnitTest>
    <UnitTest name="MSTest_P2_578" storage="c:\users\navb\source\repos\sampleproject\testproject\unittestproject10\bin\debug\unittestproject10.dll" id="a3b4422f-6936-c141-3538-498b4226ec66">
      <Execution id="1bb2b516-ac9e-4004-9569-dad41c577ac5" />
      <TestMethod codeBase="C:\Users\navb\source\repos\SampleProject\TestProject\UnitTestProject10\bin\Debug\UnitTestProject10.dll" adapterTypeName="Microsoft.VisualStudio.TestTools.TestTypes.Unit.UnitTestAdapter" className="UnitTestinProgress.MSTestClass2" name="MSTest_P2_578" />
    </UnitTest>
    <UnitTest name="MSTest_P2_579" storage="c:\users\navb\source\repos\sampleproject\testproject\unittestproject10\bin\debug\unittestproject10.dll" id="9c62c3e7-261f-d123-cce8-f248d6add621">
      <Execution id="22c8ea96-4cb5-43ef-8d07-965eeb0679e9" />
      <TestMethod codeBase="C:\Users\navb\source\repos\SampleProject\TestProject\UnitTestProject10\bin\Debug\UnitTestProject10.dll" adapterTypeName="Microsoft.VisualStudio.TestTools.TestTypes.Unit.UnitTestAdapter" className="UnitTestinProgress.MSTestClass2" name="MSTest_P2_579" />
    </UnitTest>
    <UnitTest name="MSTest_P2_580" storage="c:\users\navb\source\repos\sampleproject\testproject\unittestproject10\bin\debug\unittestproject10.dll" id="46d28ad6-deb4-09da-ed2b-bf5fc6628fc8">
      <Execution id="c58cf9a8-4d64-4beb-9525-b25bce1fa985" />
      <TestMethod codeBase="C:\Users\navb\source\repos\SampleProject\TestProject\UnitTestProject10\bin\Debug\UnitTestProject10.dll" adapterTypeName="Microsoft.VisualStudio.TestTools.TestTypes.Unit.UnitTestAdapter" className="UnitTestinProgress.MSTestClass2" name="MSTest_P2_580" />
    </UnitTest>
    <UnitTest name="MSTest_P2_581" storage="c:\users\navb\source\repos\sampleproject\testproject\unittestproject10\bin\debug\unittestproject10.dll" id="1cc79c2e-0aac-d055-10df-3245802c9312">
      <Execution id="5aaf8f0d-3cdb-4a45-a41b-de1832a96cc4" />
      <TestMethod codeBase="C:\Users\navb\source\repos\SampleProject\TestProject\UnitTestProject10\bin\Debug\UnitTestProject10.dll" adapterTypeName="Microsoft.VisualStudio.TestTools.TestTypes.Unit.UnitTestAdapter" className="UnitTestinProgress.MSTestClass2" name="MSTest_P2_581" />
    </UnitTest>
    <UnitTest name="MSTest_P2_582" storage="c:\users\navb\source\repos\sampleproject\testproject\unittestproject10\bin\debug\unittestproject10.dll" id="00c9367a-dbeb-babf-2048-916d2acdf4f7">
      <Execution id="f039ecb4-1998-42db-b2f1-8419e178b5f8" />
      <TestMethod codeBase="C:\Users\navb\source\repos\SampleProject\TestProject\UnitTestProject10\bin\Debug\UnitTestProject10.dll" adapterTypeName="Microsoft.VisualStudio.TestTools.TestTypes.Unit.UnitTestAdapter" className="UnitTestinProgress.MSTestClass2" name="MSTest_P2_582" />
    </UnitTest>
    <UnitTest name="MSTest_P2_583" storage="c:\users\navb\source\repos\sampleproject\testproject\unittestproject10\bin\debug\unittestproject10.dll" id="77fd3bc3-ca21-2bf7-1001-7b2d3bf56275">
      <Execution id="0231016d-8d1d-4261-88d6-eb42fb4a542a" />
      <TestMethod codeBase="C:\Users\navb\source\repos\SampleProject\TestProject\UnitTestProject10\bin\Debug\UnitTestProject10.dll" adapterTypeName="Microsoft.VisualStudio.TestTools.TestTypes.Unit.UnitTestAdapter" className="UnitTestinProgress.MSTestClass2" name="MSTest_P2_583" />
    </UnitTest>
    <UnitTest name="MSTest_P2_584" storage="c:\users\navb\source\repos\sampleproject\testproject\unittestproject10\bin\debug\unittestproject10.dll" id="1e875ee1-ba06-caaa-f566-d5714d44dd68">
      <Execution id="a23eaf77-21b6-46ce-967e-5289d28aecd5" />
      <TestMethod codeBase="C:\Users\navb\source\repos\SampleProject\TestProject\UnitTestProject10\bin\Debug\UnitTestProject10.dll" adapterTypeName="Microsoft.VisualStudio.TestTools.TestTypes.Unit.UnitTestAdapter" className="UnitTestinProgress.MSTestClass2" name="MSTest_P2_584" />
    </UnitTest>
    <UnitTest name="MSTest_P2_585" storage="c:\users\navb\source\repos\sampleproject\testproject\unittestproject10\bin\debug\unittestproject10.dll" id="9088f3dd-8dc4-c819-5b3a-457dd18ba798">
      <Execution id="c9598987-135a-4e62-a86f-8a7f772d5f2a" />
      <TestMethod codeBase="C:\Users\navb\source\repos\SampleProject\TestProject\UnitTestProject10\bin\Debug\UnitTestProject10.dll" adapterTypeName="Microsoft.VisualStudio.TestTools.TestTypes.Unit.UnitTestAdapter" className="UnitTestinProgress.MSTestClass2" name="MSTest_P2_585" />
    </UnitTest>
    <UnitTest name="MSTest_P2_586" storage="c:\users\navb\source\repos\sampleproject\testproject\unittestproject10\bin\debug\unittestproject10.dll" id="952c328e-00b2-fcd1-1c6a-978b594935a5">
      <Execution id="df267901-faa8-4994-bddd-24e606869cf9" />
      <TestMethod codeBase="C:\Users\navb\source\repos\SampleProject\TestProject\UnitTestProject10\bin\Debug\UnitTestProject10.dll" adapterTypeName="Microsoft.VisualStudio.TestTools.TestTypes.Unit.UnitTestAdapter" className="UnitTestinProgress.MSTestClass2" name="MSTest_P2_586" />
    </UnitTest>
    <UnitTest name="MSTest_P2_587" storage="c:\users\navb\source\repos\sampleproject\testproject\unittestproject10\bin\debug\unittestproject10.dll" id="c596a6e3-f667-1ce9-a00b-5dac9db1c828">
      <Execution id="f507a00c-99a8-4332-a2b5-64820e5b5e0e" />
      <TestMethod codeBase="C:\Users\navb\source\repos\SampleProject\TestProject\UnitTestProject10\bin\Debug\UnitTestProject10.dll" adapterTypeName="Microsoft.VisualStudio.TestTools.TestTypes.Unit.UnitTestAdapter" className="UnitTestinProgress.MSTestClass2" name="MSTest_P2_587" />
    </UnitTest>
    <UnitTest name="MSTest_P2_588" storage="c:\users\navb\source\repos\sampleproject\testproject\unittestproject10\bin\debug\unittestproject10.dll" id="700b7243-2131-0478-6625-11e19a3b6196">
      <Execution id="13992f13-7323-424d-aa58-c6ef0dbed66d" />
      <TestMethod codeBase="C:\Users\navb\source\repos\SampleProject\TestProject\UnitTestProject10\bin\Debug\UnitTestProject10.dll" adapterTypeName="Microsoft.VisualStudio.TestTools.TestTypes.Unit.UnitTestAdapter" className="UnitTestinProgress.MSTestClass2" name="MSTest_P2_588" />
    </UnitTest>
    <UnitTest name="MSTest_P2_589" storage="c:\users\navb\source\repos\sampleproject\testproject\unittestproject10\bin\debug\unittestproject10.dll" id="5f3f9071-e72d-11e5-cfb2-09f868e8c2eb">
      <Execution id="00b6e4f8-dcc6-43c8-b4e9-6c6630b04de1" />
      <TestMethod codeBase="C:\Users\navb\source\repos\SampleProject\TestProject\UnitTestProject10\bin\Debug\UnitTestProject10.dll" adapterTypeName="Microsoft.VisualStudio.TestTools.TestTypes.Unit.UnitTestAdapter" className="UnitTestinProgress.MSTestClass2" name="MSTest_P2_589" />
    </UnitTest>
    <UnitTest name="MSTest_P2_590" storage="c:\users\navb\source\repos\sampleproject\testproject\unittestproject10\bin\debug\unittestproject10.dll" id="18bc6132-d4be-24ab-ba89-49edeb609383">
      <Execution id="a0c27191-5b17-452e-8246-41e319e368bf" />
      <TestMethod codeBase="C:\Users\navb\source\repos\SampleProject\TestProject\UnitTestProject10\bin\Debug\UnitTestProject10.dll" adapterTypeName="Microsoft.VisualStudio.TestTools.TestTypes.Unit.UnitTestAdapter" className="UnitTestinProgress.MSTestClass2" name="MSTest_P2_590" />
    </UnitTest>
    <UnitTest name="MSTest_P2_591" storage="c:\users\navb\source\repos\sampleproject\testproject\unittestproject10\bin\debug\unittestproject10.dll" id="ed66a6cc-b05f-6df5-3242-4686b5f5f796">
      <Execution id="0f443f35-cecc-4624-909f-542ef54b6f67" />
      <TestMethod codeBase="C:\Users\navb\source\repos\SampleProject\TestProject\UnitTestProject10\bin\Debug\UnitTestProject10.dll" adapterTypeName="Microsoft.VisualStudio.TestTools.TestTypes.Unit.UnitTestAdapter" className="UnitTestinProgress.MSTestClass2" name="MSTest_P2_591" />
    </UnitTest>
    <UnitTest name="MSTest_P2_592" storage="c:\users\navb\source\repos\sampleproject\testproject\unittestproject10\bin\debug\unittestproject10.dll" id="ca67437b-73b8-ceef-9445-52b4b58e5290">
      <Execution id="c84aae49-75b1-4894-9b56-46f8dd07db6e" />
      <TestMethod codeBase="C:\Users\navb\source\repos\SampleProject\TestProject\UnitTestProject10\bin\Debug\UnitTestProject10.dll" adapterTypeName="Microsoft.VisualStudio.TestTools.TestTypes.Unit.UnitTestAdapter" className="UnitTestinProgress.MSTestClass2" name="MSTest_P2_592" />
    </UnitTest>
    <UnitTest name="MSTest_P2_593" storage="c:\users\navb\source\repos\sampleproject\testproject\unittestproject10\bin\debug\unittestproject10.dll" id="84c2e018-bfdb-d939-f8a3-ac81ef51563a">
      <Execution id="c1b277d7-aba1-48c3-8b1a-f2bb6170d223" />
      <TestMethod codeBase="C:\Users\navb\source\repos\SampleProject\TestProject\UnitTestProject10\bin\Debug\UnitTestProject10.dll" adapterTypeName="Microsoft.VisualStudio.TestTools.TestTypes.Unit.UnitTestAdapter" className="UnitTestinProgress.MSTestClass2" name="MSTest_P2_593" />
    </UnitTest>
    <UnitTest name="MSTest_P2_594" storage="c:\users\navb\source\repos\sampleproject\testproject\unittestproject10\bin\debug\unittestproject10.dll" id="326669d6-1df5-ae8b-ecc8-21a451cb99e7">
      <Execution id="bcfc2de3-0be2-4ac8-83a5-cd9146d697cd" />
      <TestMethod codeBase="C:\Users\navb\source\repos\SampleProject\TestProject\UnitTestProject10\bin\Debug\UnitTestProject10.dll" adapterTypeName="Microsoft.VisualStudio.TestTools.TestTypes.Unit.UnitTestAdapter" className="UnitTestinProgress.MSTestClass2" name="MSTest_P2_594" />
    </UnitTest>
    <UnitTest name="MSTest_P2_595" storage="c:\users\navb\source\repos\sampleproject\testproject\unittestproject10\bin\debug\unittestproject10.dll" id="cc1e114a-7a5b-882e-d4e9-1afd637fbbff">
      <Execution id="bd2a0bac-eae4-48ad-b3bf-72064272c2bb" />
      <TestMethod codeBase="C:\Users\navb\source\repos\SampleProject\TestProject\UnitTestProject10\bin\Debug\UnitTestProject10.dll" adapterTypeName="Microsoft.VisualStudio.TestTools.TestTypes.Unit.UnitTestAdapter" className="UnitTestinProgress.MSTestClass2" name="MSTest_P2_595" />
    </UnitTest>
    <UnitTest name="MSTest_P2_426" storage="c:\users\navb\source\repos\sampleproject\testproject\unittestproject10\bin\debug\unittestproject10.dll" id="98abf001-8325-724b-3646-dcd498785d7a">
      <Execution id="212c4392-f930-4ec5-9c25-8ae0e0aebf8d" />
      <TestMethod codeBase="C:\Users\navb\source\repos\SampleProject\TestProject\UnitTestProject10\bin\Debug\UnitTestProject10.dll" adapterTypeName="Microsoft.VisualStudio.TestTools.TestTypes.Unit.UnitTestAdapter" className="UnitTestinProgress.MSTestClass2" name="MSTest_P2_426" />
    </UnitTest>
    <UnitTest name="MSTest_P2_427" storage="c:\users\navb\source\repos\sampleproject\testproject\unittestproject10\bin\debug\unittestproject10.dll" id="3f6eb43b-0967-1e14-7b80-9a15a48c8d89">
      <Execution id="55ca95d2-8d96-4819-9830-2aba8603fb94" />
      <TestMethod codeBase="C:\Users\navb\source\repos\SampleProject\TestProject\UnitTestProject10\bin\Debug\UnitTestProject10.dll" adapterTypeName="Microsoft.VisualStudio.TestTools.TestTypes.Unit.UnitTestAdapter" className="UnitTestinProgress.MSTestClass2" name="MSTest_P2_427" />
    </UnitTest>
    <UnitTest name="MSTest_P2_428" storage="c:\users\navb\source\repos\sampleproject\testproject\unittestproject10\bin\debug\unittestproject10.dll" id="4807b0ac-94b7-616f-4738-4843ed0f0eae">
      <Execution id="3f8329d2-5269-4a99-ae34-f2da3e9d9566" />
      <TestMethod codeBase="C:\Users\navb\source\repos\SampleProject\TestProject\UnitTestProject10\bin\Debug\UnitTestProject10.dll" adapterTypeName="Microsoft.VisualStudio.TestTools.TestTypes.Unit.UnitTestAdapter" className="UnitTestinProgress.MSTestClass2" name="MSTest_P2_428" />
    </UnitTest>
    <UnitTest name="MSTest_P2_429" storage="c:\users\navb\source\repos\sampleproject\testproject\unittestproject10\bin\debug\unittestproject10.dll" id="82727f2a-6150-fc24-7a49-51f80cdb4987">
      <Execution id="6ad7a104-8b6b-4902-a6b2-a42d17f21e7d" />
      <TestMethod codeBase="C:\Users\navb\source\repos\SampleProject\TestProject\UnitTestProject10\bin\Debug\UnitTestProject10.dll" adapterTypeName="Microsoft.VisualStudio.TestTools.TestTypes.Unit.UnitTestAdapter" className="UnitTestinProgress.MSTestClass2" name="MSTest_P2_429" />
    </UnitTest>
    <UnitTest name="MSTest_P2_430" storage="c:\users\navb\source\repos\sampleproject\testproject\unittestproject10\bin\debug\unittestproject10.dll" id="6d95c5f4-22d9-e776-2353-03f6df58ff86">
      <Execution id="02d89b45-d377-407a-a9ca-8f1553e2f328" />
      <TestMethod codeBase="C:\Users\navb\source\repos\SampleProject\TestProject\UnitTestProject10\bin\Debug\UnitTestProject10.dll" adapterTypeName="Microsoft.VisualStudio.TestTools.TestTypes.Unit.UnitTestAdapter" className="UnitTestinProgress.MSTestClass2" name="MSTest_P2_430" />
    </UnitTest>
    <UnitTest name="MSTest_P2_431" storage="c:\users\navb\source\repos\sampleproject\testproject\unittestproject10\bin\debug\unittestproject10.dll" id="051d2aec-46df-a900-8843-4b0d6b05afb0">
      <Execution id="56e2edda-fa29-4caa-806b-7f70275edf78" />
      <TestMethod codeBase="C:\Users\navb\source\repos\SampleProject\TestProject\UnitTestProject10\bin\Debug\UnitTestProject10.dll" adapterTypeName="Microsoft.VisualStudio.TestTools.TestTypes.Unit.UnitTestAdapter" className="UnitTestinProgress.MSTestClass2" name="MSTest_P2_431" />
    </UnitTest>
    <UnitTest name="MSTest_P2_432" storage="c:\users\navb\source\repos\sampleproject\testproject\unittestproject10\bin\debug\unittestproject10.dll" id="853ac102-a930-910d-cb4b-4b005698cc6d">
      <Execution id="d383b58b-f9c1-45bc-897f-68bcf3934672" />
      <TestMethod codeBase="C:\Users\navb\source\repos\SampleProject\TestProject\UnitTestProject10\bin\Debug\UnitTestProject10.dll" adapterTypeName="Microsoft.VisualStudio.TestTools.TestTypes.Unit.UnitTestAdapter" className="UnitTestinProgress.MSTestClass2" name="MSTest_P2_432" />
    </UnitTest>
    <UnitTest name="MSTest_P2_433" storage="c:\users\navb\source\repos\sampleproject\testproject\unittestproject10\bin\debug\unittestproject10.dll" id="47ca7fad-29cc-f160-b547-703391f4c7c1">
      <Execution id="e7c7f7f5-6eac-4158-9817-0f5f6c6e2e82" />
      <TestMethod codeBase="C:\Users\navb\source\repos\SampleProject\TestProject\UnitTestProject10\bin\Debug\UnitTestProject10.dll" adapterTypeName="Microsoft.VisualStudio.TestTools.TestTypes.Unit.UnitTestAdapter" className="UnitTestinProgress.MSTestClass2" name="MSTest_P2_433" />
    </UnitTest>
    <UnitTest name="MSTest_P2_434" storage="c:\users\navb\source\repos\sampleproject\testproject\unittestproject10\bin\debug\unittestproject10.dll" id="8b3a9ffa-bc6d-bbe3-14b1-e8f5717a3826">
      <Execution id="a38f5bf3-277a-496a-acbb-9839933b941d" />
      <TestMethod codeBase="C:\Users\navb\source\repos\SampleProject\TestProject\UnitTestProject10\bin\Debug\UnitTestProject10.dll" adapterTypeName="Microsoft.VisualStudio.TestTools.TestTypes.Unit.UnitTestAdapter" className="UnitTestinProgress.MSTestClass2" name="MSTest_P2_434" />
    </UnitTest>
    <UnitTest name="MSTest_P2_435" storage="c:\users\navb\source\repos\sampleproject\testproject\unittestproject10\bin\debug\unittestproject10.dll" id="9f99169d-223d-c18b-81c1-2a4fc7718ff4">
      <Execution id="e43c79a8-75eb-485f-bd05-41b5af155f32" />
      <TestMethod codeBase="C:\Users\navb\source\repos\SampleProject\TestProject\UnitTestProject10\bin\Debug\UnitTestProject10.dll" adapterTypeName="Microsoft.VisualStudio.TestTools.TestTypes.Unit.UnitTestAdapter" className="UnitTestinProgress.MSTestClass2" name="MSTest_P2_435" />
    </UnitTest>
    <UnitTest name="MSTest_P2_436" storage="c:\users\navb\source\repos\sampleproject\testproject\unittestproject10\bin\debug\unittestproject10.dll" id="c172ec41-53cc-73e3-6f28-d49974dc4c14">
      <Execution id="ad391830-a2cb-4d87-832e-141064dd686f" />
      <TestMethod codeBase="C:\Users\navb\source\repos\SampleProject\TestProject\UnitTestProject10\bin\Debug\UnitTestProject10.dll" adapterTypeName="Microsoft.VisualStudio.TestTools.TestTypes.Unit.UnitTestAdapter" className="UnitTestinProgress.MSTestClass2" name="MSTest_P2_436" />
    </UnitTest>
    <UnitTest name="MSTest_P2_437" storage="c:\users\navb\source\repos\sampleproject\testproject\unittestproject10\bin\debug\unittestproject10.dll" id="f5fdd381-1fe6-8dbf-3d15-553d9c5900b7">
      <Execution id="cbd3dc38-f55c-4dee-b0f1-bade5332043c" />
      <TestMethod codeBase="C:\Users\navb\source\repos\SampleProject\TestProject\UnitTestProject10\bin\Debug\UnitTestProject10.dll" adapterTypeName="Microsoft.VisualStudio.TestTools.TestTypes.Unit.UnitTestAdapter" className="UnitTestinProgress.MSTestClass2" name="MSTest_P2_437" />
    </UnitTest>
    <UnitTest name="MSTest_P2_438" storage="c:\users\navb\source\repos\sampleproject\testproject\unittestproject10\bin\debug\unittestproject10.dll" id="a63a9b99-cb84-bafc-6c65-02b668a630ec">
      <Execution id="e6bf1bd0-7370-4bae-8dc8-85ff9c6f22ff" />
      <TestMethod codeBase="C:\Users\navb\source\repos\SampleProject\TestProject\UnitTestProject10\bin\Debug\UnitTestProject10.dll" adapterTypeName="Microsoft.VisualStudio.TestTools.TestTypes.Unit.UnitTestAdapter" className="UnitTestinProgress.MSTestClass2" name="MSTest_P2_438" />
    </UnitTest>
    <UnitTest name="MSTest_P2_439" storage="c:\users\navb\source\repos\sampleproject\testproject\unittestproject10\bin\debug\unittestproject10.dll" id="e09e8dca-38a8-b253-db1d-83696b91edf1">
      <Execution id="b4da94fd-4975-4759-98b0-476802cedf53" />
      <TestMethod codeBase="C:\Users\navb\source\repos\SampleProject\TestProject\UnitTestProject10\bin\Debug\UnitTestProject10.dll" adapterTypeName="Microsoft.VisualStudio.TestTools.TestTypes.Unit.UnitTestAdapter" className="UnitTestinProgress.MSTestClass2" name="MSTest_P2_439" />
    </UnitTest>
    <UnitTest name="MSTest_P2_440" storage="c:\users\navb\source\repos\sampleproject\testproject\unittestproject10\bin\debug\unittestproject10.dll" id="70220e49-de77-3dca-1307-614c51c1863d">
      <Execution id="da007c33-a850-4794-84fc-b5e580ada47b" />
      <TestMethod codeBase="C:\Users\navb\source\repos\SampleProject\TestProject\UnitTestProject10\bin\Debug\UnitTestProject10.dll" adapterTypeName="Microsoft.VisualStudio.TestTools.TestTypes.Unit.UnitTestAdapter" className="UnitTestinProgress.MSTestClass2" name="MSTest_P2_440" />
    </UnitTest>
    <UnitTest name="MSTest_P2_441" storage="c:\users\navb\source\repos\sampleproject\testproject\unittestproject10\bin\debug\unittestproject10.dll" id="a354306d-3554-d7a5-2e85-7b50f1eade92">
      <Execution id="68247e98-4de7-4ee8-a816-5e9a29176660" />
      <TestMethod codeBase="C:\Users\navb\source\repos\SampleProject\TestProject\UnitTestProject10\bin\Debug\UnitTestProject10.dll" adapterTypeName="Microsoft.VisualStudio.TestTools.TestTypes.Unit.UnitTestAdapter" className="UnitTestinProgress.MSTestClass2" name="MSTest_P2_441" />
    </UnitTest>
    <UnitTest name="MSTest_P2_442" storage="c:\users\navb\source\repos\sampleproject\testproject\unittestproject10\bin\debug\unittestproject10.dll" id="66b442d3-e450-79e0-60a2-bc39ce3f8d01">
      <Execution id="cf2f6c3e-dc1a-4144-a0d7-f26ff2c254de" />
      <TestMethod codeBase="C:\Users\navb\source\repos\SampleProject\TestProject\UnitTestProject10\bin\Debug\UnitTestProject10.dll" adapterTypeName="Microsoft.VisualStudio.TestTools.TestTypes.Unit.UnitTestAdapter" className="UnitTestinProgress.MSTestClass2" name="MSTest_P2_442" />
    </UnitTest>
    <UnitTest name="MSTest_P2_443" storage="c:\users\navb\source\repos\sampleproject\testproject\unittestproject10\bin\debug\unittestproject10.dll" id="c135c7cb-6cf0-c617-c56f-13200e918382">
      <Execution id="a5a6a3dd-6973-44ae-848d-b78df492f279" />
      <TestMethod codeBase="C:\Users\navb\source\repos\SampleProject\TestProject\UnitTestProject10\bin\Debug\UnitTestProject10.dll" adapterTypeName="Microsoft.VisualStudio.TestTools.TestTypes.Unit.UnitTestAdapter" className="UnitTestinProgress.MSTestClass2" name="MSTest_P2_443" />
    </UnitTest>
    <UnitTest name="MSTest_P2_444" storage="c:\users\navb\source\repos\sampleproject\testproject\unittestproject10\bin\debug\unittestproject10.dll" id="b23a438d-564b-243a-5eff-75fb6294a6ff">
      <Execution id="0fa7856f-9782-4fb6-bec4-602bbb677869" />
      <TestMethod codeBase="C:\Users\navb\source\repos\SampleProject\TestProject\UnitTestProject10\bin\Debug\UnitTestProject10.dll" adapterTypeName="Microsoft.VisualStudio.TestTools.TestTypes.Unit.UnitTestAdapter" className="UnitTestinProgress.MSTestClass2" name="MSTest_P2_444" />
    </UnitTest>
    <UnitTest name="MSTest_P2_445" storage="c:\users\navb\source\repos\sampleproject\testproject\unittestproject10\bin\debug\unittestproject10.dll" id="c08f4ceb-c90f-e1d8-5be1-f089fb0fb815">
      <Execution id="83cbfe81-2994-4a2c-9a9c-4f9e150572dd" />
      <TestMethod codeBase="C:\Users\navb\source\repos\SampleProject\TestProject\UnitTestProject10\bin\Debug\UnitTestProject10.dll" adapterTypeName="Microsoft.VisualStudio.TestTools.TestTypes.Unit.UnitTestAdapter" className="UnitTestinProgress.MSTestClass2" name="MSTest_P2_445" />
    </UnitTest>
    <UnitTest name="MSTest_P2_446" storage="c:\users\navb\source\repos\sampleproject\testproject\unittestproject10\bin\debug\unittestproject10.dll" id="3ae9efa9-0f57-fd3d-f153-53ac3fa0c046">
      <Execution id="7d7db9ce-dbfe-47fc-9ef8-4e129339a90f" />
      <TestMethod codeBase="C:\Users\navb\source\repos\SampleProject\TestProject\UnitTestProject10\bin\Debug\UnitTestProject10.dll" adapterTypeName="Microsoft.VisualStudio.TestTools.TestTypes.Unit.UnitTestAdapter" className="UnitTestinProgress.MSTestClass2" name="MSTest_P2_446" />
    </UnitTest>
    <UnitTest name="MSTest_P2_447" storage="c:\users\navb\source\repos\sampleproject\testproject\unittestproject10\bin\debug\unittestproject10.dll" id="06ae0461-9d74-dd4d-90dc-a32067cf74a2">
      <Execution id="3f88523c-580d-4dd1-bb77-b8977c90c9b4" />
      <TestMethod codeBase="C:\Users\navb\source\repos\SampleProject\TestProject\UnitTestProject10\bin\Debug\UnitTestProject10.dll" adapterTypeName="Microsoft.VisualStudio.TestTools.TestTypes.Unit.UnitTestAdapter" className="UnitTestinProgress.MSTestClass2" name="MSTest_P2_447" />
    </UnitTest>
    <UnitTest name="MSTest_P2_448" storage="c:\users\navb\source\repos\sampleproject\testproject\unittestproject10\bin\debug\unittestproject10.dll" id="995b1b41-31ab-128a-aea4-2fd901ef9d76">
      <Execution id="efba822e-0bb2-4e35-8384-34e87c7d6838" />
      <TestMethod codeBase="C:\Users\navb\source\repos\SampleProject\TestProject\UnitTestProject10\bin\Debug\UnitTestProject10.dll" adapterTypeName="Microsoft.VisualStudio.TestTools.TestTypes.Unit.UnitTestAdapter" className="UnitTestinProgress.MSTestClass2" name="MSTest_P2_448" />
    </UnitTest>
    <UnitTest name="MSTest_P2_449" storage="c:\users\navb\source\repos\sampleproject\testproject\unittestproject10\bin\debug\unittestproject10.dll" id="92028143-5c4d-f92e-9f1c-fab0fe4c46ea">
      <Execution id="66f4d820-b7b0-4b28-86fc-0c6135d1c88e" />
      <TestMethod codeBase="C:\Users\navb\source\repos\SampleProject\TestProject\UnitTestProject10\bin\Debug\UnitTestProject10.dll" adapterTypeName="Microsoft.VisualStudio.TestTools.TestTypes.Unit.UnitTestAdapter" className="UnitTestinProgress.MSTestClass2" name="MSTest_P2_449" />
    </UnitTest>
    <UnitTest name="MSTest_P2_450" storage="c:\users\navb\source\repos\sampleproject\testproject\unittestproject10\bin\debug\unittestproject10.dll" id="536c7789-65f0-cc9e-9a3c-5594f88058a0">
      <Execution id="5853708e-d6e1-4357-8298-649d8e1eacad" />
      <TestMethod codeBase="C:\Users\navb\source\repos\SampleProject\TestProject\UnitTestProject10\bin\Debug\UnitTestProject10.dll" adapterTypeName="Microsoft.VisualStudio.TestTools.TestTypes.Unit.UnitTestAdapter" className="UnitTestinProgress.MSTestClass2" name="MSTest_P2_450" />
    </UnitTest>
    <UnitTest name="MSTest_P2_451" storage="c:\users\navb\source\repos\sampleproject\testproject\unittestproject10\bin\debug\unittestproject10.dll" id="52fdf3e5-d45c-67f0-da0c-581a3ef09293">
      <Execution id="ade75332-30d6-437d-b0a0-03412c8ea1a5" />
      <TestMethod codeBase="C:\Users\navb\source\repos\SampleProject\TestProject\UnitTestProject10\bin\Debug\UnitTestProject10.dll" adapterTypeName="Microsoft.VisualStudio.TestTools.TestTypes.Unit.UnitTestAdapter" className="UnitTestinProgress.MSTestClass2" name="MSTest_P2_451" />
    </UnitTest>
    <UnitTest name="MSTest_P2_452" storage="c:\users\navb\source\repos\sampleproject\testproject\unittestproject10\bin\debug\unittestproject10.dll" id="9632a146-a6fa-ed81-ae55-f2da442c134b">
      <Execution id="d7b60f06-9858-4cee-813f-e56265f614c4" />
      <TestMethod codeBase="C:\Users\navb\source\repos\SampleProject\TestProject\UnitTestProject10\bin\Debug\UnitTestProject10.dll" adapterTypeName="Microsoft.VisualStudio.TestTools.TestTypes.Unit.UnitTestAdapter" className="UnitTestinProgress.MSTestClass2" name="MSTest_P2_452" />
    </UnitTest>
    <UnitTest name="MSTest_P2_453" storage="c:\users\navb\source\repos\sampleproject\testproject\unittestproject10\bin\debug\unittestproject10.dll" id="1d1c66f0-a2f8-2f67-22d7-039b57e19a76">
      <Execution id="ec70cc4e-57a0-4d25-a120-6eb4b11e04a7" />
      <TestMethod codeBase="C:\Users\navb\source\repos\SampleProject\TestProject\UnitTestProject10\bin\Debug\UnitTestProject10.dll" adapterTypeName="Microsoft.VisualStudio.TestTools.TestTypes.Unit.UnitTestAdapter" className="UnitTestinProgress.MSTestClass2" name="MSTest_P2_453" />
    </UnitTest>
    <UnitTest name="MSTest_P2_454" storage="c:\users\navb\source\repos\sampleproject\testproject\unittestproject10\bin\debug\unittestproject10.dll" id="c74913f5-c1ba-6065-4362-e98345b9f046">
      <Execution id="8122aab6-4850-4aa6-8df3-943536d3c401" />
      <TestMethod codeBase="C:\Users\navb\source\repos\SampleProject\TestProject\UnitTestProject10\bin\Debug\UnitTestProject10.dll" adapterTypeName="Microsoft.VisualStudio.TestTools.TestTypes.Unit.UnitTestAdapter" className="UnitTestinProgress.MSTestClass2" name="MSTest_P2_454" />
    </UnitTest>
    <UnitTest name="MSTest_P2_455" storage="c:\users\navb\source\repos\sampleproject\testproject\unittestproject10\bin\debug\unittestproject10.dll" id="714bb07d-6f85-d601-64dc-8a3200fea50a">
      <Execution id="59a570ef-9aa5-40d3-87c5-526fcd1f84bc" />
      <TestMethod codeBase="C:\Users\navb\source\repos\SampleProject\TestProject\UnitTestProject10\bin\Debug\UnitTestProject10.dll" adapterTypeName="Microsoft.VisualStudio.TestTools.TestTypes.Unit.UnitTestAdapter" className="UnitTestinProgress.MSTestClass2" name="MSTest_P2_455" />
    </UnitTest>
    <UnitTest name="MSTest_P2_456" storage="c:\users\navb\source\repos\sampleproject\testproject\unittestproject10\bin\debug\unittestproject10.dll" id="be81fa0c-04e5-7399-ab09-abd6ced13edd">
      <Execution id="3f41ad1f-11fc-4501-a62a-e73497e30d42" />
      <TestMethod codeBase="C:\Users\navb\source\repos\SampleProject\TestProject\UnitTestProject10\bin\Debug\UnitTestProject10.dll" adapterTypeName="Microsoft.VisualStudio.TestTools.TestTypes.Unit.UnitTestAdapter" className="UnitTestinProgress.MSTestClass2" name="MSTest_P2_456" />
    </UnitTest>
    <UnitTest name="MSTest_P2_457" storage="c:\users\navb\source\repos\sampleproject\testproject\unittestproject10\bin\debug\unittestproject10.dll" id="91b2e486-f476-2fce-3021-5f3f62d6ec99">
      <Execution id="f08c443e-3e41-4b24-b904-56847111d7c6" />
      <TestMethod codeBase="C:\Users\navb\source\repos\SampleProject\TestProject\UnitTestProject10\bin\Debug\UnitTestProject10.dll" adapterTypeName="Microsoft.VisualStudio.TestTools.TestTypes.Unit.UnitTestAdapter" className="UnitTestinProgress.MSTestClass2" name="MSTest_P2_457" />
    </UnitTest>
    <UnitTest name="MSTest_P2_458" storage="c:\users\navb\source\repos\sampleproject\testproject\unittestproject10\bin\debug\unittestproject10.dll" id="3ca499ad-79a2-a4fc-016a-09cb45b7be8b">
      <Execution id="4a94a3a5-ca2c-490d-b7ec-ad6c4062a846" />
      <TestMethod codeBase="C:\Users\navb\source\repos\SampleProject\TestProject\UnitTestProject10\bin\Debug\UnitTestProject10.dll" adapterTypeName="Microsoft.VisualStudio.TestTools.TestTypes.Unit.UnitTestAdapter" className="UnitTestinProgress.MSTestClass2" name="MSTest_P2_458" />
    </UnitTest>
    <UnitTest name="MSTest_P2_459" storage="c:\users\navb\source\repos\sampleproject\testproject\unittestproject10\bin\debug\unittestproject10.dll" id="645453de-3af8-5680-24b6-9a48f0ec9ad1">
      <Execution id="3e392535-4c43-4f7d-a019-1b06ef2a494c" />
      <TestMethod codeBase="C:\Users\navb\source\repos\SampleProject\TestProject\UnitTestProject10\bin\Debug\UnitTestProject10.dll" adapterTypeName="Microsoft.VisualStudio.TestTools.TestTypes.Unit.UnitTestAdapter" className="UnitTestinProgress.MSTestClass2" name="MSTest_P2_459" />
    </UnitTest>
    <UnitTest name="MSTest_P2_460" storage="c:\users\navb\source\repos\sampleproject\testproject\unittestproject10\bin\debug\unittestproject10.dll" id="2116128f-bd05-d04d-944b-ae686315656e">
      <Execution id="22b4495c-b941-4cbb-81be-780915c1b82b" />
      <TestMethod codeBase="C:\Users\navb\source\repos\SampleProject\TestProject\UnitTestProject10\bin\Debug\UnitTestProject10.dll" adapterTypeName="Microsoft.VisualStudio.TestTools.TestTypes.Unit.UnitTestAdapter" className="UnitTestinProgress.MSTestClass2" name="MSTest_P2_460" />
    </UnitTest>
    <UnitTest name="MSTest_P2_461" storage="c:\users\navb\source\repos\sampleproject\testproject\unittestproject10\bin\debug\unittestproject10.dll" id="fe492bb4-196c-30bb-1de0-08ba17379422">
      <Execution id="c8ac6a18-7982-4bc7-8057-72247f797969" />
      <TestMethod codeBase="C:\Users\navb\source\repos\SampleProject\TestProject\UnitTestProject10\bin\Debug\UnitTestProject10.dll" adapterTypeName="Microsoft.VisualStudio.TestTools.TestTypes.Unit.UnitTestAdapter" className="UnitTestinProgress.MSTestClass2" name="MSTest_P2_461" />
    </UnitTest>
    <UnitTest name="MSTest_P2_462" storage="c:\users\navb\source\repos\sampleproject\testproject\unittestproject10\bin\debug\unittestproject10.dll" id="cb4b0772-9322-b512-e163-7e2405e65afb">
      <Execution id="70aaae6e-6396-41fb-8e09-48a3c5aefb3c" />
      <TestMethod codeBase="C:\Users\navb\source\repos\SampleProject\TestProject\UnitTestProject10\bin\Debug\UnitTestProject10.dll" adapterTypeName="Microsoft.VisualStudio.TestTools.TestTypes.Unit.UnitTestAdapter" className="UnitTestinProgress.MSTestClass2" name="MSTest_P2_462" />
    </UnitTest>
    <UnitTest name="MSTest_P2_463" storage="c:\users\navb\source\repos\sampleproject\testproject\unittestproject10\bin\debug\unittestproject10.dll" id="0feabef6-a770-66f9-4f17-2499656ced96">
      <Execution id="81d5aac7-1e42-4bd5-8683-346fa2fde0b4" />
      <TestMethod codeBase="C:\Users\navb\source\repos\SampleProject\TestProject\UnitTestProject10\bin\Debug\UnitTestProject10.dll" adapterTypeName="Microsoft.VisualStudio.TestTools.TestTypes.Unit.UnitTestAdapter" className="UnitTestinProgress.MSTestClass2" name="MSTest_P2_463" />
    </UnitTest>
    <UnitTest name="MSTest_P2_464" storage="c:\users\navb\source\repos\sampleproject\testproject\unittestproject10\bin\debug\unittestproject10.dll" id="dd927e15-9c1a-2c89-1c91-207f0d0e1885">
      <Execution id="3d7811f8-41bd-43e9-a2c8-94b939434fc7" />
      <TestMethod codeBase="C:\Users\navb\source\repos\SampleProject\TestProject\UnitTestProject10\bin\Debug\UnitTestProject10.dll" adapterTypeName="Microsoft.VisualStudio.TestTools.TestTypes.Unit.UnitTestAdapter" className="UnitTestinProgress.MSTestClass2" name="MSTest_P2_464" />
    </UnitTest>
    <UnitTest name="MSTest_P2_465" storage="c:\users\navb\source\repos\sampleproject\testproject\unittestproject10\bin\debug\unittestproject10.dll" id="9bddd9ee-d50f-982a-0247-909118f3a809">
      <Execution id="69bae468-7dc0-4c2b-b4a8-eebf7dcfb520" />
      <TestMethod codeBase="C:\Users\navb\source\repos\SampleProject\TestProject\UnitTestProject10\bin\Debug\UnitTestProject10.dll" adapterTypeName="Microsoft.VisualStudio.TestTools.TestTypes.Unit.UnitTestAdapter" className="UnitTestinProgress.MSTestClass2" name="MSTest_P2_465" />
    </UnitTest>
    <UnitTest name="MSTest_P2_466" storage="c:\users\navb\source\repos\sampleproject\testproject\unittestproject10\bin\debug\unittestproject10.dll" id="f75d3395-7975-98cd-c26f-7f15f3350ea8">
      <Execution id="d5204106-cad5-4fd2-a5d6-7c6461789159" />
      <TestMethod codeBase="C:\Users\navb\source\repos\SampleProject\TestProject\UnitTestProject10\bin\Debug\UnitTestProject10.dll" adapterTypeName="Microsoft.VisualStudio.TestTools.TestTypes.Unit.UnitTestAdapter" className="UnitTestinProgress.MSTestClass2" name="MSTest_P2_466" />
    </UnitTest>
    <UnitTest name="MSTest_P2_467" storage="c:\users\navb\source\repos\sampleproject\testproject\unittestproject10\bin\debug\unittestproject10.dll" id="9426df83-15fa-eb90-64ac-269d710dfca2">
      <Execution id="c09624fc-46d2-4789-a1e8-8175a30efc28" />
      <TestMethod codeBase="C:\Users\navb\source\repos\SampleProject\TestProject\UnitTestProject10\bin\Debug\UnitTestProject10.dll" adapterTypeName="Microsoft.VisualStudio.TestTools.TestTypes.Unit.UnitTestAdapter" className="UnitTestinProgress.MSTestClass2" name="MSTest_P2_467" />
    </UnitTest>
    <UnitTest name="MSTest_P2_468" storage="c:\users\navb\source\repos\sampleproject\testproject\unittestproject10\bin\debug\unittestproject10.dll" id="c0bebc5f-e62c-cb07-513e-8a2cbcedc92a">
      <Execution id="7897334b-bb69-44a8-b092-7bba1f13aec5" />
      <TestMethod codeBase="C:\Users\navb\source\repos\SampleProject\TestProject\UnitTestProject10\bin\Debug\UnitTestProject10.dll" adapterTypeName="Microsoft.VisualStudio.TestTools.TestTypes.Unit.UnitTestAdapter" className="UnitTestinProgress.MSTestClass2" name="MSTest_P2_468" />
    </UnitTest>
    <UnitTest name="MSTest_P2_469" storage="c:\users\navb\source\repos\sampleproject\testproject\unittestproject10\bin\debug\unittestproject10.dll" id="4b34b8a9-be9f-e614-67a3-d646e0b0a9ef">
      <Execution id="47805463-632a-4ab6-9584-833ccd2e1ed2" />
      <TestMethod codeBase="C:\Users\navb\source\repos\SampleProject\TestProject\UnitTestProject10\bin\Debug\UnitTestProject10.dll" adapterTypeName="Microsoft.VisualStudio.TestTools.TestTypes.Unit.UnitTestAdapter" className="UnitTestinProgress.MSTestClass2" name="MSTest_P2_469" />
    </UnitTest>
    <UnitTest name="MSTest_P2_470" storage="c:\users\navb\source\repos\sampleproject\testproject\unittestproject10\bin\debug\unittestproject10.dll" id="80c59539-1248-8085-a707-e41b5a0d5237">
      <Execution id="59a79f71-d01f-4910-8b77-ff3133c84bc9" />
      <TestMethod codeBase="C:\Users\navb\source\repos\SampleProject\TestProject\UnitTestProject10\bin\Debug\UnitTestProject10.dll" adapterTypeName="Microsoft.VisualStudio.TestTools.TestTypes.Unit.UnitTestAdapter" className="UnitTestinProgress.MSTestClass2" name="MSTest_P2_470" />
    </UnitTest>
    <UnitTest name="MSTest_P2_471" storage="c:\users\navb\source\repos\sampleproject\testproject\unittestproject10\bin\debug\unittestproject10.dll" id="bbf16cbc-6612-ff34-30a2-1ede195f818c">
      <Execution id="24e28afe-277f-4849-b382-859ec9dd5e45" />
      <TestMethod codeBase="C:\Users\navb\source\repos\SampleProject\TestProject\UnitTestProject10\bin\Debug\UnitTestProject10.dll" adapterTypeName="Microsoft.VisualStudio.TestTools.TestTypes.Unit.UnitTestAdapter" className="UnitTestinProgress.MSTestClass2" name="MSTest_P2_471" />
    </UnitTest>
    <UnitTest name="MSTest_P2_472" storage="c:\users\navb\source\repos\sampleproject\testproject\unittestproject10\bin\debug\unittestproject10.dll" id="e268b3c0-20a8-47d4-74ce-4367ac595cc9">
      <Execution id="9292ff49-6071-4dea-bc37-3e389d35258c" />
      <TestMethod codeBase="C:\Users\navb\source\repos\SampleProject\TestProject\UnitTestProject10\bin\Debug\UnitTestProject10.dll" adapterTypeName="Microsoft.VisualStudio.TestTools.TestTypes.Unit.UnitTestAdapter" className="UnitTestinProgress.MSTestClass2" name="MSTest_P2_472" />
    </UnitTest>
    <UnitTest name="MSTest_P2_473" storage="c:\users\navb\source\repos\sampleproject\testproject\unittestproject10\bin\debug\unittestproject10.dll" id="6230eb1f-0fa8-af17-a896-736e6e5512eb">
      <Execution id="3ef5c7b0-2453-4c06-8913-3bd151f48de4" />
      <TestMethod codeBase="C:\Users\navb\source\repos\SampleProject\TestProject\UnitTestProject10\bin\Debug\UnitTestProject10.dll" adapterTypeName="Microsoft.VisualStudio.TestTools.TestTypes.Unit.UnitTestAdapter" className="UnitTestinProgress.MSTestClass2" name="MSTest_P2_473" />
    </UnitTest>
    <UnitTest name="MSTest_P2_474" storage="c:\users\navb\source\repos\sampleproject\testproject\unittestproject10\bin\debug\unittestproject10.dll" id="c45a225d-5f7b-8685-de59-ffcb22ada015">
      <Execution id="ab59086a-843d-44ef-9ad6-09d1867f64c9" />
      <TestMethod codeBase="C:\Users\navb\source\repos\SampleProject\TestProject\UnitTestProject10\bin\Debug\UnitTestProject10.dll" adapterTypeName="Microsoft.VisualStudio.TestTools.TestTypes.Unit.UnitTestAdapter" className="UnitTestinProgress.MSTestClass2" name="MSTest_P2_474" />
    </UnitTest>
    <UnitTest name="MSTest_P2_475" storage="c:\users\navb\source\repos\sampleproject\testproject\unittestproject10\bin\debug\unittestproject10.dll" id="28d5663d-76d1-0add-7ee1-80f8978fd5b0">
      <Execution id="27126d3c-747e-4e97-b7d4-5eb4923e0e7f" />
      <TestMethod codeBase="C:\Users\navb\source\repos\SampleProject\TestProject\UnitTestProject10\bin\Debug\UnitTestProject10.dll" adapterTypeName="Microsoft.VisualStudio.TestTools.TestTypes.Unit.UnitTestAdapter" className="UnitTestinProgress.MSTestClass2" name="MSTest_P2_475" />
    </UnitTest>
    <UnitTest name="MSTest_P2_476" storage="c:\users\navb\source\repos\sampleproject\testproject\unittestproject10\bin\debug\unittestproject10.dll" id="80affa90-a1cc-ad37-27a1-45c35a04f9bd">
      <Execution id="3f5f236c-0575-4879-a926-2da9769e67cd" />
      <TestMethod codeBase="C:\Users\navb\source\repos\SampleProject\TestProject\UnitTestProject10\bin\Debug\UnitTestProject10.dll" adapterTypeName="Microsoft.VisualStudio.TestTools.TestTypes.Unit.UnitTestAdapter" className="UnitTestinProgress.MSTestClass2" name="MSTest_P2_476" />
    </UnitTest>
    <UnitTest name="MSTest_P2_477" storage="c:\users\navb\source\repos\sampleproject\testproject\unittestproject10\bin\debug\unittestproject10.dll" id="dd19c9f9-18aa-a808-174b-881674af5471">
      <Execution id="dc651270-0917-4f98-9107-9d7215601cab" />
      <TestMethod codeBase="C:\Users\navb\source\repos\SampleProject\TestProject\UnitTestProject10\bin\Debug\UnitTestProject10.dll" adapterTypeName="Microsoft.VisualStudio.TestTools.TestTypes.Unit.UnitTestAdapter" className="UnitTestinProgress.MSTestClass2" name="MSTest_P2_477" />
    </UnitTest>
    <UnitTest name="MSTest_P2_478" storage="c:\users\navb\source\repos\sampleproject\testproject\unittestproject10\bin\debug\unittestproject10.dll" id="0dbd7403-9dd6-4dff-a0e3-46bbd75cf75e">
      <Execution id="73ef19a2-d528-4ad6-b200-12cc46849ba2" />
      <TestMethod codeBase="C:\Users\navb\source\repos\SampleProject\TestProject\UnitTestProject10\bin\Debug\UnitTestProject10.dll" adapterTypeName="Microsoft.VisualStudio.TestTools.TestTypes.Unit.UnitTestAdapter" className="UnitTestinProgress.MSTestClass2" name="MSTest_P2_478" />
    </UnitTest>
    <UnitTest name="MSTest_P2_479" storage="c:\users\navb\source\repos\sampleproject\testproject\unittestproject10\bin\debug\unittestproject10.dll" id="96c73f9f-94e0-7dbe-be67-3a4c7db52436">
      <Execution id="893f85f6-a018-4b2a-906b-21b42d4c00fb" />
      <TestMethod codeBase="C:\Users\navb\source\repos\SampleProject\TestProject\UnitTestProject10\bin\Debug\UnitTestProject10.dll" adapterTypeName="Microsoft.VisualStudio.TestTools.TestTypes.Unit.UnitTestAdapter" className="UnitTestinProgress.MSTestClass2" name="MSTest_P2_479" />
    </UnitTest>
    <UnitTest name="MSTest_P2_480" storage="c:\users\navb\source\repos\sampleproject\testproject\unittestproject10\bin\debug\unittestproject10.dll" id="b7ac8b6b-7155-d77c-cc18-eb6e6aff73b4">
      <Execution id="2dc0060e-cfcc-48df-8097-6337e7072b02" />
      <TestMethod codeBase="C:\Users\navb\source\repos\SampleProject\TestProject\UnitTestProject10\bin\Debug\UnitTestProject10.dll" adapterTypeName="Microsoft.VisualStudio.TestTools.TestTypes.Unit.UnitTestAdapter" className="UnitTestinProgress.MSTestClass2" name="MSTest_P2_480" />
    </UnitTest>
    <UnitTest name="MSTest_P2_481" storage="c:\users\navb\source\repos\sampleproject\testproject\unittestproject10\bin\debug\unittestproject10.dll" id="3263c152-da27-ad6c-a526-b9eabbfeaedd">
      <Execution id="4913bf5d-72f9-48b6-8fd6-828cdb33d54a" />
      <TestMethod codeBase="C:\Users\navb\source\repos\SampleProject\TestProject\UnitTestProject10\bin\Debug\UnitTestProject10.dll" adapterTypeName="Microsoft.VisualStudio.TestTools.TestTypes.Unit.UnitTestAdapter" className="UnitTestinProgress.MSTestClass2" name="MSTest_P2_481" />
    </UnitTest>
    <UnitTest name="MSTest_P2_482" storage="c:\users\navb\source\repos\sampleproject\testproject\unittestproject10\bin\debug\unittestproject10.dll" id="6d1bb024-6f99-7210-a639-ebc6c7f528df">
      <Execution id="6565f7f2-7e5e-4c34-905e-8229097e7da9" />
      <TestMethod codeBase="C:\Users\navb\source\repos\SampleProject\TestProject\UnitTestProject10\bin\Debug\UnitTestProject10.dll" adapterTypeName="Microsoft.VisualStudio.TestTools.TestTypes.Unit.UnitTestAdapter" className="UnitTestinProgress.MSTestClass2" name="MSTest_P2_482" />
    </UnitTest>
    <UnitTest name="MSTest_P2_483" storage="c:\users\navb\source\repos\sampleproject\testproject\unittestproject10\bin\debug\unittestproject10.dll" id="f4e1ac4c-c96e-4d89-9674-af16364cc8fb">
      <Execution id="8263bb8d-d738-4993-886c-cdaae5b27aa3" />
      <TestMethod codeBase="C:\Users\navb\source\repos\SampleProject\TestProject\UnitTestProject10\bin\Debug\UnitTestProject10.dll" adapterTypeName="Microsoft.VisualStudio.TestTools.TestTypes.Unit.UnitTestAdapter" className="UnitTestinProgress.MSTestClass2" name="MSTest_P2_483" />
    </UnitTest>
    <UnitTest name="MSTest_P2_484" storage="c:\users\navb\source\repos\sampleproject\testproject\unittestproject10\bin\debug\unittestproject10.dll" id="15d01901-447d-0737-a91d-9bfaf7e6c85e">
      <Execution id="4a230ade-3490-4fbf-990a-c0eb7aee0147" />
      <TestMethod codeBase="C:\Users\navb\source\repos\SampleProject\TestProject\UnitTestProject10\bin\Debug\UnitTestProject10.dll" adapterTypeName="Microsoft.VisualStudio.TestTools.TestTypes.Unit.UnitTestAdapter" className="UnitTestinProgress.MSTestClass2" name="MSTest_P2_484" />
    </UnitTest>
    <UnitTest name="MSTest_P2_485" storage="c:\users\navb\source\repos\sampleproject\testproject\unittestproject10\bin\debug\unittestproject10.dll" id="54a5bf8c-3322-8eb7-8f1d-05b3d0308872">
      <Execution id="fac32b2a-0100-439f-aac5-2deac8d3004b" />
      <TestMethod codeBase="C:\Users\navb\source\repos\SampleProject\TestProject\UnitTestProject10\bin\Debug\UnitTestProject10.dll" adapterTypeName="Microsoft.VisualStudio.TestTools.TestTypes.Unit.UnitTestAdapter" className="UnitTestinProgress.MSTestClass2" name="MSTest_P2_485" />
    </UnitTest>
    <UnitTest name="MSTest_P2_486" storage="c:\users\navb\source\repos\sampleproject\testproject\unittestproject10\bin\debug\unittestproject10.dll" id="37a99259-be0e-2d37-bce1-b438fd5cc781">
      <Execution id="26fe8663-15fa-4f24-87a1-ee12b5e092f3" />
      <TestMethod codeBase="C:\Users\navb\source\repos\SampleProject\TestProject\UnitTestProject10\bin\Debug\UnitTestProject10.dll" adapterTypeName="Microsoft.VisualStudio.TestTools.TestTypes.Unit.UnitTestAdapter" className="UnitTestinProgress.MSTestClass2" name="MSTest_P2_486" />
    </UnitTest>
    <UnitTest name="MSTest_P2_487" storage="c:\users\navb\source\repos\sampleproject\testproject\unittestproject10\bin\debug\unittestproject10.dll" id="1469177e-21fb-2cad-8783-0585c25d35e7">
      <Execution id="bb2c87d6-3012-45ae-b939-7decb62fecac" />
      <TestMethod codeBase="C:\Users\navb\source\repos\SampleProject\TestProject\UnitTestProject10\bin\Debug\UnitTestProject10.dll" adapterTypeName="Microsoft.VisualStudio.TestTools.TestTypes.Unit.UnitTestAdapter" className="UnitTestinProgress.MSTestClass2" name="MSTest_P2_487" />
    </UnitTest>
    <UnitTest name="MSTest_P2_488" storage="c:\users\navb\source\repos\sampleproject\testproject\unittestproject10\bin\debug\unittestproject10.dll" id="5baeedab-e797-7b40-a6ae-834a7cc350ea">
      <Execution id="17c8be8b-c19d-4c77-8f19-fb55b7953abb" />
      <TestMethod codeBase="C:\Users\navb\source\repos\SampleProject\TestProject\UnitTestProject10\bin\Debug\UnitTestProject10.dll" adapterTypeName="Microsoft.VisualStudio.TestTools.TestTypes.Unit.UnitTestAdapter" className="UnitTestinProgress.MSTestClass2" name="MSTest_P2_488" />
    </UnitTest>
    <UnitTest name="MSTest_P2_489" storage="c:\users\navb\source\repos\sampleproject\testproject\unittestproject10\bin\debug\unittestproject10.dll" id="2a3b49f1-8eff-a750-af47-87580658dad3">
      <Execution id="94f3c166-99d9-49ee-a40d-e4b7944df000" />
      <TestMethod codeBase="C:\Users\navb\source\repos\SampleProject\TestProject\UnitTestProject10\bin\Debug\UnitTestProject10.dll" adapterTypeName="Microsoft.VisualStudio.TestTools.TestTypes.Unit.UnitTestAdapter" className="UnitTestinProgress.MSTestClass2" name="MSTest_P2_489" />
    </UnitTest>
    <UnitTest name="MSTest_P2_490" storage="c:\users\navb\source\repos\sampleproject\testproject\unittestproject10\bin\debug\unittestproject10.dll" id="b798cb2c-7dd9-9186-45a2-73058772e102">
      <Execution id="a40c06c2-9379-45ca-bd05-632e80a749d5" />
      <TestMethod codeBase="C:\Users\navb\source\repos\SampleProject\TestProject\UnitTestProject10\bin\Debug\UnitTestProject10.dll" adapterTypeName="Microsoft.VisualStudio.TestTools.TestTypes.Unit.UnitTestAdapter" className="UnitTestinProgress.MSTestClass2" name="MSTest_P2_490" />
    </UnitTest>
    <UnitTest name="MSTest_P2_491" storage="c:\users\navb\source\repos\sampleproject\testproject\unittestproject10\bin\debug\unittestproject10.dll" id="28035d2e-eb28-2623-1fa1-fdbd34dbc94b">
      <Execution id="e07ae28b-13e6-4b43-8795-5fdba602c3ab" />
      <TestMethod codeBase="C:\Users\navb\source\repos\SampleProject\TestProject\UnitTestProject10\bin\Debug\UnitTestProject10.dll" adapterTypeName="Microsoft.VisualStudio.TestTools.TestTypes.Unit.UnitTestAdapter" className="UnitTestinProgress.MSTestClass2" name="MSTest_P2_491" />
    </UnitTest>
    <UnitTest name="MSTest_P2_492" storage="c:\users\navb\source\repos\sampleproject\testproject\unittestproject10\bin\debug\unittestproject10.dll" id="1cddb1c6-2737-cdb0-f6ab-72a1d1eec2bf">
      <Execution id="e8dd4a51-c407-47c5-bb16-8b6c03368af7" />
      <TestMethod codeBase="C:\Users\navb\source\repos\SampleProject\TestProject\UnitTestProject10\bin\Debug\UnitTestProject10.dll" adapterTypeName="Microsoft.VisualStudio.TestTools.TestTypes.Unit.UnitTestAdapter" className="UnitTestinProgress.MSTestClass2" name="MSTest_P2_492" />
    </UnitTest>
    <UnitTest name="MSTest_P2_493" storage="c:\users\navb\source\repos\sampleproject\testproject\unittestproject10\bin\debug\unittestproject10.dll" id="ee765a9d-2af9-df39-3d95-52ab4c9dda25">
      <Execution id="60b7f743-0dd7-4ac4-92f4-20a8f36681da" />
      <TestMethod codeBase="C:\Users\navb\source\repos\SampleProject\TestProject\UnitTestProject10\bin\Debug\UnitTestProject10.dll" adapterTypeName="Microsoft.VisualStudio.TestTools.TestTypes.Unit.UnitTestAdapter" className="UnitTestinProgress.MSTestClass2" name="MSTest_P2_493" />
    </UnitTest>
    <UnitTest name="MSTest_P2_494" storage="c:\users\navb\source\repos\sampleproject\testproject\unittestproject10\bin\debug\unittestproject10.dll" id="dbdf77cb-29a2-b577-cb96-dbfdcd5991c5">
      <Execution id="e9831601-0f7e-40ea-be87-63e6e1cee26f" />
      <TestMethod codeBase="C:\Users\navb\source\repos\SampleProject\TestProject\UnitTestProject10\bin\Debug\UnitTestProject10.dll" adapterTypeName="Microsoft.VisualStudio.TestTools.TestTypes.Unit.UnitTestAdapter" className="UnitTestinProgress.MSTestClass2" name="MSTest_P2_494" />
    </UnitTest>
    <UnitTest name="MSTest_P2_495" storage="c:\users\navb\source\repos\sampleproject\testproject\unittestproject10\bin\debug\unittestproject10.dll" id="d6cd9f0e-db54-6a7f-25c6-c577ea5412aa">
      <Execution id="859c459d-e016-471a-a939-ae983ac6a485" />
      <TestMethod codeBase="C:\Users\navb\source\repos\SampleProject\TestProject\UnitTestProject10\bin\Debug\UnitTestProject10.dll" adapterTypeName="Microsoft.VisualStudio.TestTools.TestTypes.Unit.UnitTestAdapter" className="UnitTestinProgress.MSTestClass2" name="MSTest_P2_495" />
    </UnitTest>
    <UnitTest name="MSTest_P2_496" storage="c:\users\navb\source\repos\sampleproject\testproject\unittestproject10\bin\debug\unittestproject10.dll" id="d7840737-7c8f-bc7b-3fd1-dc1ce4501a1b">
      <Execution id="e0f5c063-7f0e-43d0-89ec-dce006f578a6" />
      <TestMethod codeBase="C:\Users\navb\source\repos\SampleProject\TestProject\UnitTestProject10\bin\Debug\UnitTestProject10.dll" adapterTypeName="Microsoft.VisualStudio.TestTools.TestTypes.Unit.UnitTestAdapter" className="UnitTestinProgress.MSTestClass2" name="MSTest_P2_496" />
    </UnitTest>
    <UnitTest name="MSTest_P2_497" storage="c:\users\navb\source\repos\sampleproject\testproject\unittestproject10\bin\debug\unittestproject10.dll" id="63b798a9-ff20-3cfc-6009-707250402baa">
      <Execution id="e40aadd6-3304-4174-9b0f-80cb825f4bcb" />
      <TestMethod codeBase="C:\Users\navb\source\repos\SampleProject\TestProject\UnitTestProject10\bin\Debug\UnitTestProject10.dll" adapterTypeName="Microsoft.VisualStudio.TestTools.TestTypes.Unit.UnitTestAdapter" className="UnitTestinProgress.MSTestClass2" name="MSTest_P2_497" />
    </UnitTest>
    <UnitTest name="MSTest_P2_498" storage="c:\users\navb\source\repos\sampleproject\testproject\unittestproject10\bin\debug\unittestproject10.dll" id="ed5d5abb-6d54-799d-7be4-f374cad9b015">
      <Execution id="b6c2ddd8-2fe7-4ef8-a7c1-3cd384e52eae" />
      <TestMethod codeBase="C:\Users\navb\source\repos\SampleProject\TestProject\UnitTestProject10\bin\Debug\UnitTestProject10.dll" adapterTypeName="Microsoft.VisualStudio.TestTools.TestTypes.Unit.UnitTestAdapter" className="UnitTestinProgress.MSTestClass2" name="MSTest_P2_498" />
    </UnitTest>
    <UnitTest name="MSTest_P2_499" storage="c:\users\navb\source\repos\sampleproject\testproject\unittestproject10\bin\debug\unittestproject10.dll" id="92ff6d93-c925-b3b6-824d-6b4e430f0703">
      <Execution id="c0305c6f-f158-445b-990d-508066f0b463" />
      <TestMethod codeBase="C:\Users\navb\source\repos\SampleProject\TestProject\UnitTestProject10\bin\Debug\UnitTestProject10.dll" adapterTypeName="Microsoft.VisualStudio.TestTools.TestTypes.Unit.UnitTestAdapter" className="UnitTestinProgress.MSTestClass2" name="MSTest_P2_499" />
    </UnitTest>
    <UnitTest name="MSTest_P2_500" storage="c:\users\navb\source\repos\sampleproject\testproject\unittestproject10\bin\debug\unittestproject10.dll" id="8ce34ccd-a3ff-74e1-2c20-e6cd5611ebce">
      <Execution id="f6775cb4-551a-48d5-83d8-bf62711bc7fb" />
      <TestMethod codeBase="C:\Users\navb\source\repos\SampleProject\TestProject\UnitTestProject10\bin\Debug\UnitTestProject10.dll" adapterTypeName="Microsoft.VisualStudio.TestTools.TestTypes.Unit.UnitTestAdapter" className="UnitTestinProgress.MSTestClass2" name="MSTest_P2_500" />
    </UnitTest>
    <UnitTest name="MSTest_P2_501" storage="c:\users\navb\source\repos\sampleproject\testproject\unittestproject10\bin\debug\unittestproject10.dll" id="785dc9f4-be06-efe4-aa9b-c29866d4a494">
      <Execution id="f87921b3-0a8b-4e49-9464-279b931a1ecf" />
      <TestMethod codeBase="C:\Users\navb\source\repos\SampleProject\TestProject\UnitTestProject10\bin\Debug\UnitTestProject10.dll" adapterTypeName="Microsoft.VisualStudio.TestTools.TestTypes.Unit.UnitTestAdapter" className="UnitTestinProgress.MSTestClass2" name="MSTest_P2_501" />
    </UnitTest>
    <UnitTest name="MSTest_P2_502" storage="c:\users\navb\source\repos\sampleproject\testproject\unittestproject10\bin\debug\unittestproject10.dll" id="2a7dc3b8-0735-5975-df64-9fd05b060591">
      <Execution id="730d57fb-77f8-40bf-863f-83a2567eb675" />
      <TestMethod codeBase="C:\Users\navb\source\repos\SampleProject\TestProject\UnitTestProject10\bin\Debug\UnitTestProject10.dll" adapterTypeName="Microsoft.VisualStudio.TestTools.TestTypes.Unit.UnitTestAdapter" className="UnitTestinProgress.MSTestClass2" name="MSTest_P2_502" />
    </UnitTest>
    <UnitTest name="MSTest_P2_503" storage="c:\users\navb\source\repos\sampleproject\testproject\unittestproject10\bin\debug\unittestproject10.dll" id="a89bd473-283b-555c-2eda-f2d076a10703">
      <Execution id="77912680-9be7-4dae-8a10-3567105160e9" />
      <TestMethod codeBase="C:\Users\navb\source\repos\SampleProject\TestProject\UnitTestProject10\bin\Debug\UnitTestProject10.dll" adapterTypeName="Microsoft.VisualStudio.TestTools.TestTypes.Unit.UnitTestAdapter" className="UnitTestinProgress.MSTestClass2" name="MSTest_P2_503" />
    </UnitTest>
    <UnitTest name="MSTest_P2_504" storage="c:\users\navb\source\repos\sampleproject\testproject\unittestproject10\bin\debug\unittestproject10.dll" id="abeb1545-7e38-cd9f-897f-dd86c83fc793">
      <Execution id="9ec3e90f-ef1a-4148-9b83-03b8c0244f15" />
      <TestMethod codeBase="C:\Users\navb\source\repos\SampleProject\TestProject\UnitTestProject10\bin\Debug\UnitTestProject10.dll" adapterTypeName="Microsoft.VisualStudio.TestTools.TestTypes.Unit.UnitTestAdapter" className="UnitTestinProgress.MSTestClass2" name="MSTest_P2_504" />
    </UnitTest>
    <UnitTest name="MSTest_P2_505" storage="c:\users\navb\source\repos\sampleproject\testproject\unittestproject10\bin\debug\unittestproject10.dll" id="3a0d195e-cbff-df92-9494-c6e926df71b2">
      <Execution id="a0e5dc18-8c80-4811-9978-d280f618be66" />
      <TestMethod codeBase="C:\Users\navb\source\repos\SampleProject\TestProject\UnitTestProject10\bin\Debug\UnitTestProject10.dll" adapterTypeName="Microsoft.VisualStudio.TestTools.TestTypes.Unit.UnitTestAdapter" className="UnitTestinProgress.MSTestClass2" name="MSTest_P2_505" />
    </UnitTest>
    <UnitTest name="MSTest_P2_506" storage="c:\users\navb\source\repos\sampleproject\testproject\unittestproject10\bin\debug\unittestproject10.dll" id="39d1f3ab-acfa-005e-f27e-c324d815f97b">
      <Execution id="b7b5bd24-5604-4497-983f-31c2522f9382" />
      <TestMethod codeBase="C:\Users\navb\source\repos\SampleProject\TestProject\UnitTestProject10\bin\Debug\UnitTestProject10.dll" adapterTypeName="Microsoft.VisualStudio.TestTools.TestTypes.Unit.UnitTestAdapter" className="UnitTestinProgress.MSTestClass2" name="MSTest_P2_506" />
    </UnitTest>
    <UnitTest name="MSTest_P2_507" storage="c:\users\navb\source\repos\sampleproject\testproject\unittestproject10\bin\debug\unittestproject10.dll" id="7888aaaa-dfdf-1e97-dcc0-e084ff4f6d57">
      <Execution id="52491af5-c342-4bca-b65a-ffec3ad47bd2" />
      <TestMethod codeBase="C:\Users\navb\source\repos\SampleProject\TestProject\UnitTestProject10\bin\Debug\UnitTestProject10.dll" adapterTypeName="Microsoft.VisualStudio.TestTools.TestTypes.Unit.UnitTestAdapter" className="UnitTestinProgress.MSTestClass2" name="MSTest_P2_507" />
    </UnitTest>
    <UnitTest name="MSTest_P2_508" storage="c:\users\navb\source\repos\sampleproject\testproject\unittestproject10\bin\debug\unittestproject10.dll" id="0c81670c-b54e-bbca-db1f-4f3fe2275eb7">
      <Execution id="9b21265a-2add-425a-b52e-9e4a4efa9689" />
      <TestMethod codeBase="C:\Users\navb\source\repos\SampleProject\TestProject\UnitTestProject10\bin\Debug\UnitTestProject10.dll" adapterTypeName="Microsoft.VisualStudio.TestTools.TestTypes.Unit.UnitTestAdapter" className="UnitTestinProgress.MSTestClass2" name="MSTest_P2_508" />
    </UnitTest>
    <UnitTest name="MSTest_P2_509" storage="c:\users\navb\source\repos\sampleproject\testproject\unittestproject10\bin\debug\unittestproject10.dll" id="3e9ac3fe-1069-e460-18cb-375dee03f3ab">
      <Execution id="84e60800-1220-451d-9e97-9fd8c87ea21a" />
      <TestMethod codeBase="C:\Users\navb\source\repos\SampleProject\TestProject\UnitTestProject10\bin\Debug\UnitTestProject10.dll" adapterTypeName="Microsoft.VisualStudio.TestTools.TestTypes.Unit.UnitTestAdapter" className="UnitTestinProgress.MSTestClass2" name="MSTest_P2_509" />
    </UnitTest>
    <UnitTest name="MSTest_P2_510" storage="c:\users\navb\source\repos\sampleproject\testproject\unittestproject10\bin\debug\unittestproject10.dll" id="35ebe54b-0991-677a-a114-9e999fa4c9ed">
      <Execution id="4943315e-610a-495f-b7ff-80bc7b660944" />
      <TestMethod codeBase="C:\Users\navb\source\repos\SampleProject\TestProject\UnitTestProject10\bin\Debug\UnitTestProject10.dll" adapterTypeName="Microsoft.VisualStudio.TestTools.TestTypes.Unit.UnitTestAdapter" className="UnitTestinProgress.MSTestClass2" name="MSTest_P2_510" />
    </UnitTest>
    <UnitTest name="MSTest_P2_341" storage="c:\users\navb\source\repos\sampleproject\testproject\unittestproject10\bin\debug\unittestproject10.dll" id="b42a90cd-c7db-8045-b783-42cfcb6d58b1">
      <Execution id="34fd2eda-94fe-4667-b43c-c5da1feb824d" />
      <TestMethod codeBase="C:\Users\navb\source\repos\SampleProject\TestProject\UnitTestProject10\bin\Debug\UnitTestProject10.dll" adapterTypeName="Microsoft.VisualStudio.TestTools.TestTypes.Unit.UnitTestAdapter" className="UnitTestinProgress.MSTestClass2" name="MSTest_P2_341" />
    </UnitTest>
    <UnitTest name="MSTest_P2_342" storage="c:\users\navb\source\repos\sampleproject\testproject\unittestproject10\bin\debug\unittestproject10.dll" id="2f040462-f386-fa17-cea6-542b7f377e87">
      <Execution id="aa23be9d-600f-4f8f-96e7-9c9066dca160" />
      <TestMethod codeBase="C:\Users\navb\source\repos\SampleProject\TestProject\UnitTestProject10\bin\Debug\UnitTestProject10.dll" adapterTypeName="Microsoft.VisualStudio.TestTools.TestTypes.Unit.UnitTestAdapter" className="UnitTestinProgress.MSTestClass2" name="MSTest_P2_342" />
    </UnitTest>
    <UnitTest name="MSTest_P2_343" storage="c:\users\navb\source\repos\sampleproject\testproject\unittestproject10\bin\debug\unittestproject10.dll" id="b3289586-16e2-de14-36e6-635c5a01a2a7">
      <Execution id="004695c7-15d3-4861-b15e-e7a249baf13d" />
      <TestMethod codeBase="C:\Users\navb\source\repos\SampleProject\TestProject\UnitTestProject10\bin\Debug\UnitTestProject10.dll" adapterTypeName="Microsoft.VisualStudio.TestTools.TestTypes.Unit.UnitTestAdapter" className="UnitTestinProgress.MSTestClass2" name="MSTest_P2_343" />
    </UnitTest>
    <UnitTest name="MSTest_P2_344" storage="c:\users\navb\source\repos\sampleproject\testproject\unittestproject10\bin\debug\unittestproject10.dll" id="f096824d-40cd-717f-e88d-86435808c17f">
      <Execution id="7c249e54-16e9-4869-aac2-f8ca73af11a0" />
      <TestMethod codeBase="C:\Users\navb\source\repos\SampleProject\TestProject\UnitTestProject10\bin\Debug\UnitTestProject10.dll" adapterTypeName="Microsoft.VisualStudio.TestTools.TestTypes.Unit.UnitTestAdapter" className="UnitTestinProgress.MSTestClass2" name="MSTest_P2_344" />
    </UnitTest>
    <UnitTest name="MSTest_P2_345" storage="c:\users\navb\source\repos\sampleproject\testproject\unittestproject10\bin\debug\unittestproject10.dll" id="8da97cd2-880c-f4d0-fc40-f3e35ed402f2">
      <Execution id="04ce45e7-06b1-41b4-b1c3-666f8b89a5f8" />
      <TestMethod codeBase="C:\Users\navb\source\repos\SampleProject\TestProject\UnitTestProject10\bin\Debug\UnitTestProject10.dll" adapterTypeName="Microsoft.VisualStudio.TestTools.TestTypes.Unit.UnitTestAdapter" className="UnitTestinProgress.MSTestClass2" name="MSTest_P2_345" />
    </UnitTest>
    <UnitTest name="MSTest_P2_346" storage="c:\users\navb\source\repos\sampleproject\testproject\unittestproject10\bin\debug\unittestproject10.dll" id="2fcdfbf0-8e6e-d5cd-3a26-45ff947f28f9">
      <Execution id="035dbe11-237e-4a2e-b2ca-6b2068a2166e" />
      <TestMethod codeBase="C:\Users\navb\source\repos\SampleProject\TestProject\UnitTestProject10\bin\Debug\UnitTestProject10.dll" adapterTypeName="Microsoft.VisualStudio.TestTools.TestTypes.Unit.UnitTestAdapter" className="UnitTestinProgress.MSTestClass2" name="MSTest_P2_346" />
    </UnitTest>
    <UnitTest name="MSTest_P2_347" storage="c:\users\navb\source\repos\sampleproject\testproject\unittestproject10\bin\debug\unittestproject10.dll" id="261da64a-35d8-fc7c-9d86-4d9bc391b081">
      <Execution id="aa8d03f4-e70b-4c3c-911b-1ac2e7657708" />
      <TestMethod codeBase="C:\Users\navb\source\repos\SampleProject\TestProject\UnitTestProject10\bin\Debug\UnitTestProject10.dll" adapterTypeName="Microsoft.VisualStudio.TestTools.TestTypes.Unit.UnitTestAdapter" className="UnitTestinProgress.MSTestClass2" name="MSTest_P2_347" />
    </UnitTest>
    <UnitTest name="MSTest_P2_348" storage="c:\users\navb\source\repos\sampleproject\testproject\unittestproject10\bin\debug\unittestproject10.dll" id="e57af493-2346-52f4-cc88-1804a63fe825">
      <Execution id="318a3b8c-bff9-4813-a3d2-ae282aba3495" />
      <TestMethod codeBase="C:\Users\navb\source\repos\SampleProject\TestProject\UnitTestProject10\bin\Debug\UnitTestProject10.dll" adapterTypeName="Microsoft.VisualStudio.TestTools.TestTypes.Unit.UnitTestAdapter" className="UnitTestinProgress.MSTestClass2" name="MSTest_P2_348" />
    </UnitTest>
    <UnitTest name="MSTest_P2_349" storage="c:\users\navb\source\repos\sampleproject\testproject\unittestproject10\bin\debug\unittestproject10.dll" id="d92d8cf9-a667-6491-f73f-b1bfb0d022ec">
      <Execution id="1779ecd9-c9a4-40ac-94e8-ad0ed41e8dc6" />
      <TestMethod codeBase="C:\Users\navb\source\repos\SampleProject\TestProject\UnitTestProject10\bin\Debug\UnitTestProject10.dll" adapterTypeName="Microsoft.VisualStudio.TestTools.TestTypes.Unit.UnitTestAdapter" className="UnitTestinProgress.MSTestClass2" name="MSTest_P2_349" />
    </UnitTest>
    <UnitTest name="MSTest_P2_350" storage="c:\users\navb\source\repos\sampleproject\testproject\unittestproject10\bin\debug\unittestproject10.dll" id="cccd6b29-c0bb-520c-ad4f-12b880e60af8">
      <Execution id="818d4f32-e512-40e6-ac53-bf8374d0fc7a" />
      <TestMethod codeBase="C:\Users\navb\source\repos\SampleProject\TestProject\UnitTestProject10\bin\Debug\UnitTestProject10.dll" adapterTypeName="Microsoft.VisualStudio.TestTools.TestTypes.Unit.UnitTestAdapter" className="UnitTestinProgress.MSTestClass2" name="MSTest_P2_350" />
    </UnitTest>
    <UnitTest name="MSTest_P2_351" storage="c:\users\navb\source\repos\sampleproject\testproject\unittestproject10\bin\debug\unittestproject10.dll" id="aaae3d70-046d-f051-b5b4-eb62d01ad4bf">
      <Execution id="6e9246af-f585-461c-9c79-acc34f65b948" />
      <TestMethod codeBase="C:\Users\navb\source\repos\SampleProject\TestProject\UnitTestProject10\bin\Debug\UnitTestProject10.dll" adapterTypeName="Microsoft.VisualStudio.TestTools.TestTypes.Unit.UnitTestAdapter" className="UnitTestinProgress.MSTestClass2" name="MSTest_P2_351" />
    </UnitTest>
    <UnitTest name="MSTest_P2_352" storage="c:\users\navb\source\repos\sampleproject\testproject\unittestproject10\bin\debug\unittestproject10.dll" id="0c94a7d8-eb7f-8919-c44f-e9081f669d04">
      <Execution id="e35a57ef-26d0-47db-8a0b-b5761da9e087" />
      <TestMethod codeBase="C:\Users\navb\source\repos\SampleProject\TestProject\UnitTestProject10\bin\Debug\UnitTestProject10.dll" adapterTypeName="Microsoft.VisualStudio.TestTools.TestTypes.Unit.UnitTestAdapter" className="UnitTestinProgress.MSTestClass2" name="MSTest_P2_352" />
    </UnitTest>
    <UnitTest name="MSTest_P2_353" storage="c:\users\navb\source\repos\sampleproject\testproject\unittestproject10\bin\debug\unittestproject10.dll" id="e2ae9a98-04d2-06b2-1d1e-1288e302b2f5">
      <Execution id="5e5e13a0-7a6d-429f-ba16-ba254ebac8f9" />
      <TestMethod codeBase="C:\Users\navb\source\repos\SampleProject\TestProject\UnitTestProject10\bin\Debug\UnitTestProject10.dll" adapterTypeName="Microsoft.VisualStudio.TestTools.TestTypes.Unit.UnitTestAdapter" className="UnitTestinProgress.MSTestClass2" name="MSTest_P2_353" />
    </UnitTest>
    <UnitTest name="MSTest_P2_354" storage="c:\users\navb\source\repos\sampleproject\testproject\unittestproject10\bin\debug\unittestproject10.dll" id="cff6766d-a1d5-959d-443d-276615b97e94">
      <Execution id="855a6cc3-4519-4cdd-affe-bee42fa51a1a" />
      <TestMethod codeBase="C:\Users\navb\source\repos\SampleProject\TestProject\UnitTestProject10\bin\Debug\UnitTestProject10.dll" adapterTypeName="Microsoft.VisualStudio.TestTools.TestTypes.Unit.UnitTestAdapter" className="UnitTestinProgress.MSTestClass2" name="MSTest_P2_354" />
    </UnitTest>
    <UnitTest name="MSTest_P2_355" storage="c:\users\navb\source\repos\sampleproject\testproject\unittestproject10\bin\debug\unittestproject10.dll" id="8b8ceab0-29d2-58ce-53d0-5c811244c0d8">
      <Execution id="eb3e224f-587f-44bc-947d-7ce783eaa153" />
      <TestMethod codeBase="C:\Users\navb\source\repos\SampleProject\TestProject\UnitTestProject10\bin\Debug\UnitTestProject10.dll" adapterTypeName="Microsoft.VisualStudio.TestTools.TestTypes.Unit.UnitTestAdapter" className="UnitTestinProgress.MSTestClass2" name="MSTest_P2_355" />
    </UnitTest>
    <UnitTest name="MSTest_P2_356" storage="c:\users\navb\source\repos\sampleproject\testproject\unittestproject10\bin\debug\unittestproject10.dll" id="ad5a0e91-8c30-5d3f-dd6a-3a5ed0699272">
      <Execution id="5169e800-dea5-4292-a792-e4f6855855fc" />
      <TestMethod codeBase="C:\Users\navb\source\repos\SampleProject\TestProject\UnitTestProject10\bin\Debug\UnitTestProject10.dll" adapterTypeName="Microsoft.VisualStudio.TestTools.TestTypes.Unit.UnitTestAdapter" className="UnitTestinProgress.MSTestClass2" name="MSTest_P2_356" />
    </UnitTest>
    <UnitTest name="MSTest_P2_357" storage="c:\users\navb\source\repos\sampleproject\testproject\unittestproject10\bin\debug\unittestproject10.dll" id="9a50cf54-d2da-b725-6a58-109d8be2c84f">
      <Execution id="8f792b06-316a-43e5-bce7-5112f71ec230" />
      <TestMethod codeBase="C:\Users\navb\source\repos\SampleProject\TestProject\UnitTestProject10\bin\Debug\UnitTestProject10.dll" adapterTypeName="Microsoft.VisualStudio.TestTools.TestTypes.Unit.UnitTestAdapter" className="UnitTestinProgress.MSTestClass2" name="MSTest_P2_357" />
    </UnitTest>
    <UnitTest name="MSTest_P2_358" storage="c:\users\navb\source\repos\sampleproject\testproject\unittestproject10\bin\debug\unittestproject10.dll" id="a006f8fc-4a91-b9c9-ca82-88969fd63533">
      <Execution id="fc9616bf-e32a-400d-99c5-5eff00e2297b" />
      <TestMethod codeBase="C:\Users\navb\source\repos\SampleProject\TestProject\UnitTestProject10\bin\Debug\UnitTestProject10.dll" adapterTypeName="Microsoft.VisualStudio.TestTools.TestTypes.Unit.UnitTestAdapter" className="UnitTestinProgress.MSTestClass2" name="MSTest_P2_358" />
    </UnitTest>
    <UnitTest name="MSTest_P2_359" storage="c:\users\navb\source\repos\sampleproject\testproject\unittestproject10\bin\debug\unittestproject10.dll" id="cc7f4aa0-49ea-ec9e-9069-676b0f8bcfc6">
      <Execution id="259c836b-a868-4353-910c-87bd03a9aac1" />
      <TestMethod codeBase="C:\Users\navb\source\repos\SampleProject\TestProject\UnitTestProject10\bin\Debug\UnitTestProject10.dll" adapterTypeName="Microsoft.VisualStudio.TestTools.TestTypes.Unit.UnitTestAdapter" className="UnitTestinProgress.MSTestClass2" name="MSTest_P2_359" />
    </UnitTest>
    <UnitTest name="MSTest_P2_360" storage="c:\users\navb\source\repos\sampleproject\testproject\unittestproject10\bin\debug\unittestproject10.dll" id="b57fa639-5fb9-0830-da2d-85c248573397">
      <Execution id="84ec28e4-35b0-4be4-8031-6e35b05220f6" />
      <TestMethod codeBase="C:\Users\navb\source\repos\SampleProject\TestProject\UnitTestProject10\bin\Debug\UnitTestProject10.dll" adapterTypeName="Microsoft.VisualStudio.TestTools.TestTypes.Unit.UnitTestAdapter" className="UnitTestinProgress.MSTestClass2" name="MSTest_P2_360" />
    </UnitTest>
    <UnitTest name="MSTest_P2_361" storage="c:\users\navb\source\repos\sampleproject\testproject\unittestproject10\bin\debug\unittestproject10.dll" id="a13cdf1d-5ea0-e21c-19f3-f8483190ffb4">
      <Execution id="abe7514c-2afb-4b68-b697-c037ace8f3ad" />
      <TestMethod codeBase="C:\Users\navb\source\repos\SampleProject\TestProject\UnitTestProject10\bin\Debug\UnitTestProject10.dll" adapterTypeName="Microsoft.VisualStudio.TestTools.TestTypes.Unit.UnitTestAdapter" className="UnitTestinProgress.MSTestClass2" name="MSTest_P2_361" />
    </UnitTest>
    <UnitTest name="MSTest_P2_362" storage="c:\users\navb\source\repos\sampleproject\testproject\unittestproject10\bin\debug\unittestproject10.dll" id="c4c6663c-b8b8-36ee-cc44-da0d09c1eeb5">
      <Execution id="f7a016a9-5695-470d-b63b-b45ce8391b63" />
      <TestMethod codeBase="C:\Users\navb\source\repos\SampleProject\TestProject\UnitTestProject10\bin\Debug\UnitTestProject10.dll" adapterTypeName="Microsoft.VisualStudio.TestTools.TestTypes.Unit.UnitTestAdapter" className="UnitTestinProgress.MSTestClass2" name="MSTest_P2_362" />
    </UnitTest>
    <UnitTest name="MSTest_P2_363" storage="c:\users\navb\source\repos\sampleproject\testproject\unittestproject10\bin\debug\unittestproject10.dll" id="85f059df-ab48-015f-9079-68bce7e7081a">
      <Execution id="35726e60-2ea4-4ee3-a1ba-830d34ecc63b" />
      <TestMethod codeBase="C:\Users\navb\source\repos\SampleProject\TestProject\UnitTestProject10\bin\Debug\UnitTestProject10.dll" adapterTypeName="Microsoft.VisualStudio.TestTools.TestTypes.Unit.UnitTestAdapter" className="UnitTestinProgress.MSTestClass2" name="MSTest_P2_363" />
    </UnitTest>
    <UnitTest name="MSTest_P2_364" storage="c:\users\navb\source\repos\sampleproject\testproject\unittestproject10\bin\debug\unittestproject10.dll" id="c958c197-9663-ac85-ff46-f793549f39b7">
      <Execution id="c1bf757a-3f2f-4414-ab14-e36e14d99ca2" />
      <TestMethod codeBase="C:\Users\navb\source\repos\SampleProject\TestProject\UnitTestProject10\bin\Debug\UnitTestProject10.dll" adapterTypeName="Microsoft.VisualStudio.TestTools.TestTypes.Unit.UnitTestAdapter" className="UnitTestinProgress.MSTestClass2" name="MSTest_P2_364" />
    </UnitTest>
    <UnitTest name="MSTest_P2_365" storage="c:\users\navb\source\repos\sampleproject\testproject\unittestproject10\bin\debug\unittestproject10.dll" id="86d33541-0c9d-bf01-4588-941c72e5d2db">
      <Execution id="6e9db642-4228-4847-b1b8-8138435bc363" />
      <TestMethod codeBase="C:\Users\navb\source\repos\SampleProject\TestProject\UnitTestProject10\bin\Debug\UnitTestProject10.dll" adapterTypeName="Microsoft.VisualStudio.TestTools.TestTypes.Unit.UnitTestAdapter" className="UnitTestinProgress.MSTestClass2" name="MSTest_P2_365" />
    </UnitTest>
    <UnitTest name="MSTest_P2_366" storage="c:\users\navb\source\repos\sampleproject\testproject\unittestproject10\bin\debug\unittestproject10.dll" id="29245ba5-4fb2-06bc-c20f-6cdfae14cbc2">
      <Execution id="4d9975bc-ed91-481e-b821-82edc425daba" />
      <TestMethod codeBase="C:\Users\navb\source\repos\SampleProject\TestProject\UnitTestProject10\bin\Debug\UnitTestProject10.dll" adapterTypeName="Microsoft.VisualStudio.TestTools.TestTypes.Unit.UnitTestAdapter" className="UnitTestinProgress.MSTestClass2" name="MSTest_P2_366" />
    </UnitTest>
    <UnitTest name="MSTest_P2_367" storage="c:\users\navb\source\repos\sampleproject\testproject\unittestproject10\bin\debug\unittestproject10.dll" id="b5b533a4-53dc-72cb-3571-2d794c9a324a">
      <Execution id="8ea8248a-9fd8-4330-a467-cc86c9bae40d" />
      <TestMethod codeBase="C:\Users\navb\source\repos\SampleProject\TestProject\UnitTestProject10\bin\Debug\UnitTestProject10.dll" adapterTypeName="Microsoft.VisualStudio.TestTools.TestTypes.Unit.UnitTestAdapter" className="UnitTestinProgress.MSTestClass2" name="MSTest_P2_367" />
    </UnitTest>
    <UnitTest name="MSTest_P2_368" storage="c:\users\navb\source\repos\sampleproject\testproject\unittestproject10\bin\debug\unittestproject10.dll" id="168656cc-c388-569b-4f5a-f872fa91fb0c">
      <Execution id="5a9ef3c5-56bb-4ddd-9a14-a140cc8dbaba" />
      <TestMethod codeBase="C:\Users\navb\source\repos\SampleProject\TestProject\UnitTestProject10\bin\Debug\UnitTestProject10.dll" adapterTypeName="Microsoft.VisualStudio.TestTools.TestTypes.Unit.UnitTestAdapter" className="UnitTestinProgress.MSTestClass2" name="MSTest_P2_368" />
    </UnitTest>
    <UnitTest name="MSTest_P2_369" storage="c:\users\navb\source\repos\sampleproject\testproject\unittestproject10\bin\debug\unittestproject10.dll" id="762b1e7e-d51b-958a-e187-36e32a2e639a">
      <Execution id="cc93f876-93ca-462b-8a49-822f3a2f2444" />
      <TestMethod codeBase="C:\Users\navb\source\repos\SampleProject\TestProject\UnitTestProject10\bin\Debug\UnitTestProject10.dll" adapterTypeName="Microsoft.VisualStudio.TestTools.TestTypes.Unit.UnitTestAdapter" className="UnitTestinProgress.MSTestClass2" name="MSTest_P2_369" />
    </UnitTest>
    <UnitTest name="MSTest_P2_370" storage="c:\users\navb\source\repos\sampleproject\testproject\unittestproject10\bin\debug\unittestproject10.dll" id="b4928c47-746b-0d95-a4af-76487a813ea1">
      <Execution id="061097c1-aa18-42d3-b609-e87cf2207a5f" />
      <TestMethod codeBase="C:\Users\navb\source\repos\SampleProject\TestProject\UnitTestProject10\bin\Debug\UnitTestProject10.dll" adapterTypeName="Microsoft.VisualStudio.TestTools.TestTypes.Unit.UnitTestAdapter" className="UnitTestinProgress.MSTestClass2" name="MSTest_P2_370" />
    </UnitTest>
    <UnitTest name="MSTest_P2_371" storage="c:\users\navb\source\repos\sampleproject\testproject\unittestproject10\bin\debug\unittestproject10.dll" id="a566e3cd-a227-b21d-5140-00ed38f5b13c">
      <Execution id="116f1b89-69fa-4292-8138-0703f404710b" />
      <TestMethod codeBase="C:\Users\navb\source\repos\SampleProject\TestProject\UnitTestProject10\bin\Debug\UnitTestProject10.dll" adapterTypeName="Microsoft.VisualStudio.TestTools.TestTypes.Unit.UnitTestAdapter" className="UnitTestinProgress.MSTestClass2" name="MSTest_P2_371" />
    </UnitTest>
    <UnitTest name="MSTest_P2_372" storage="c:\users\navb\source\repos\sampleproject\testproject\unittestproject10\bin\debug\unittestproject10.dll" id="4285ecbd-ab23-0fc3-1154-3f64e08e6358">
      <Execution id="ce885303-3661-43c8-b75e-216583f73c1a" />
      <TestMethod codeBase="C:\Users\navb\source\repos\SampleProject\TestProject\UnitTestProject10\bin\Debug\UnitTestProject10.dll" adapterTypeName="Microsoft.VisualStudio.TestTools.TestTypes.Unit.UnitTestAdapter" className="UnitTestinProgress.MSTestClass2" name="MSTest_P2_372" />
    </UnitTest>
    <UnitTest name="MSTest_P2_373" storage="c:\users\navb\source\repos\sampleproject\testproject\unittestproject10\bin\debug\unittestproject10.dll" id="573004a9-b189-9f27-d738-0e7542d4598e">
      <Execution id="a5bc5104-c6e3-4b9e-9eca-97382d2e6586" />
      <TestMethod codeBase="C:\Users\navb\source\repos\SampleProject\TestProject\UnitTestProject10\bin\Debug\UnitTestProject10.dll" adapterTypeName="Microsoft.VisualStudio.TestTools.TestTypes.Unit.UnitTestAdapter" className="UnitTestinProgress.MSTestClass2" name="MSTest_P2_373" />
    </UnitTest>
    <UnitTest name="MSTest_P2_374" storage="c:\users\navb\source\repos\sampleproject\testproject\unittestproject10\bin\debug\unittestproject10.dll" id="fcb9f9cb-8bff-4410-2cbd-9f2d9e730c99">
      <Execution id="5b8fff60-ca1c-4d98-97eb-978916becdf9" />
      <TestMethod codeBase="C:\Users\navb\source\repos\SampleProject\TestProject\UnitTestProject10\bin\Debug\UnitTestProject10.dll" adapterTypeName="Microsoft.VisualStudio.TestTools.TestTypes.Unit.UnitTestAdapter" className="UnitTestinProgress.MSTestClass2" name="MSTest_P2_374" />
    </UnitTest>
    <UnitTest name="MSTest_P2_375" storage="c:\users\navb\source\repos\sampleproject\testproject\unittestproject10\bin\debug\unittestproject10.dll" id="a46eadae-e5a3-0fd4-d6c8-6fe01f360833">
      <Execution id="8eb21902-bb76-4efa-b54e-3f8b5bbf5c04" />
      <TestMethod codeBase="C:\Users\navb\source\repos\SampleProject\TestProject\UnitTestProject10\bin\Debug\UnitTestProject10.dll" adapterTypeName="Microsoft.VisualStudio.TestTools.TestTypes.Unit.UnitTestAdapter" className="UnitTestinProgress.MSTestClass2" name="MSTest_P2_375" />
    </UnitTest>
    <UnitTest name="MSTest_P2_376" storage="c:\users\navb\source\repos\sampleproject\testproject\unittestproject10\bin\debug\unittestproject10.dll" id="1babfa2a-0cf6-9ecf-517c-830806d0794f">
      <Execution id="a668bb72-f0d1-407f-b05c-33bceac12f61" />
      <TestMethod codeBase="C:\Users\navb\source\repos\SampleProject\TestProject\UnitTestProject10\bin\Debug\UnitTestProject10.dll" adapterTypeName="Microsoft.VisualStudio.TestTools.TestTypes.Unit.UnitTestAdapter" className="UnitTestinProgress.MSTestClass2" name="MSTest_P2_376" />
    </UnitTest>
    <UnitTest name="MSTest_P2_377" storage="c:\users\navb\source\repos\sampleproject\testproject\unittestproject10\bin\debug\unittestproject10.dll" id="df2a9d0e-a274-5910-744b-a0366c312806">
      <Execution id="68ceed62-2a08-4dc8-b18c-f415f2c8b566" />
      <TestMethod codeBase="C:\Users\navb\source\repos\SampleProject\TestProject\UnitTestProject10\bin\Debug\UnitTestProject10.dll" adapterTypeName="Microsoft.VisualStudio.TestTools.TestTypes.Unit.UnitTestAdapter" className="UnitTestinProgress.MSTestClass2" name="MSTest_P2_377" />
    </UnitTest>
    <UnitTest name="MSTest_P2_378" storage="c:\users\navb\source\repos\sampleproject\testproject\unittestproject10\bin\debug\unittestproject10.dll" id="6488116c-bc89-3940-6845-6622d85e58aa">
      <Execution id="76776288-6a9d-412f-9a0b-50f384bc2de0" />
      <TestMethod codeBase="C:\Users\navb\source\repos\SampleProject\TestProject\UnitTestProject10\bin\Debug\UnitTestProject10.dll" adapterTypeName="Microsoft.VisualStudio.TestTools.TestTypes.Unit.UnitTestAdapter" className="UnitTestinProgress.MSTestClass2" name="MSTest_P2_378" />
    </UnitTest>
    <UnitTest name="MSTest_P2_379" storage="c:\users\navb\source\repos\sampleproject\testproject\unittestproject10\bin\debug\unittestproject10.dll" id="e566dee5-3807-7605-348b-d344cf004cc2">
      <Execution id="9fd7b777-1ea4-4b90-9cab-a36b93ece413" />
      <TestMethod codeBase="C:\Users\navb\source\repos\SampleProject\TestProject\UnitTestProject10\bin\Debug\UnitTestProject10.dll" adapterTypeName="Microsoft.VisualStudio.TestTools.TestTypes.Unit.UnitTestAdapter" className="UnitTestinProgress.MSTestClass2" name="MSTest_P2_379" />
    </UnitTest>
    <UnitTest name="MSTest_P2_380" storage="c:\users\navb\source\repos\sampleproject\testproject\unittestproject10\bin\debug\unittestproject10.dll" id="a1e6eaef-4c12-584e-5f6a-216a53e665a4">
      <Execution id="8e56aa6e-7e93-4b66-9c77-9c582d25d4c4" />
      <TestMethod codeBase="C:\Users\navb\source\repos\SampleProject\TestProject\UnitTestProject10\bin\Debug\UnitTestProject10.dll" adapterTypeName="Microsoft.VisualStudio.TestTools.TestTypes.Unit.UnitTestAdapter" className="UnitTestinProgress.MSTestClass2" name="MSTest_P2_380" />
    </UnitTest>
    <UnitTest name="MSTest_P2_381" storage="c:\users\navb\source\repos\sampleproject\testproject\unittestproject10\bin\debug\unittestproject10.dll" id="169db8bc-9078-646f-fe30-502861017bb9">
      <Execution id="fb6fb083-1b9b-4f57-8094-98b9fb15ab36" />
      <TestMethod codeBase="C:\Users\navb\source\repos\SampleProject\TestProject\UnitTestProject10\bin\Debug\UnitTestProject10.dll" adapterTypeName="Microsoft.VisualStudio.TestTools.TestTypes.Unit.UnitTestAdapter" className="UnitTestinProgress.MSTestClass2" name="MSTest_P2_381" />
    </UnitTest>
    <UnitTest name="MSTest_P2_382" storage="c:\users\navb\source\repos\sampleproject\testproject\unittestproject10\bin\debug\unittestproject10.dll" id="7cd7dc3e-fa7a-6dd1-08a3-6101b8e173af">
      <Execution id="b56c25d2-4756-47f9-974a-37bd9fe01d90" />
      <TestMethod codeBase="C:\Users\navb\source\repos\SampleProject\TestProject\UnitTestProject10\bin\Debug\UnitTestProject10.dll" adapterTypeName="Microsoft.VisualStudio.TestTools.TestTypes.Unit.UnitTestAdapter" className="UnitTestinProgress.MSTestClass2" name="MSTest_P2_382" />
    </UnitTest>
    <UnitTest name="MSTest_P2_383" storage="c:\users\navb\source\repos\sampleproject\testproject\unittestproject10\bin\debug\unittestproject10.dll" id="73defc98-0362-fc29-ddab-170ef0f6d29d">
      <Execution id="fe6b93fc-9c0a-40d1-821b-2ba9a4e6094b" />
      <TestMethod codeBase="C:\Users\navb\source\repos\SampleProject\TestProject\UnitTestProject10\bin\Debug\UnitTestProject10.dll" adapterTypeName="Microsoft.VisualStudio.TestTools.TestTypes.Unit.UnitTestAdapter" className="UnitTestinProgress.MSTestClass2" name="MSTest_P2_383" />
    </UnitTest>
    <UnitTest name="MSTest_P2_384" storage="c:\users\navb\source\repos\sampleproject\testproject\unittestproject10\bin\debug\unittestproject10.dll" id="f0722d68-87a7-b3ef-b39d-26875ec82e68">
      <Execution id="c5464678-188e-4f74-8796-635b551ef576" />
      <TestMethod codeBase="C:\Users\navb\source\repos\SampleProject\TestProject\UnitTestProject10\bin\Debug\UnitTestProject10.dll" adapterTypeName="Microsoft.VisualStudio.TestTools.TestTypes.Unit.UnitTestAdapter" className="UnitTestinProgress.MSTestClass2" name="MSTest_P2_384" />
    </UnitTest>
    <UnitTest name="MSTest_P2_385" storage="c:\users\navb\source\repos\sampleproject\testproject\unittestproject10\bin\debug\unittestproject10.dll" id="9507a82f-228a-e878-fcf5-be244d32dfe3">
      <Execution id="ba62809a-3247-4d68-ace3-76c89320b487" />
      <TestMethod codeBase="C:\Users\navb\source\repos\SampleProject\TestProject\UnitTestProject10\bin\Debug\UnitTestProject10.dll" adapterTypeName="Microsoft.VisualStudio.TestTools.TestTypes.Unit.UnitTestAdapter" className="UnitTestinProgress.MSTestClass2" name="MSTest_P2_385" />
    </UnitTest>
    <UnitTest name="MSTest_P2_386" storage="c:\users\navb\source\repos\sampleproject\testproject\unittestproject10\bin\debug\unittestproject10.dll" id="84d3bffa-3529-5567-4b2a-a62740c3d75e">
      <Execution id="38ccd3d8-a14c-4794-93c5-0d27c3acac80" />
      <TestMethod codeBase="C:\Users\navb\source\repos\SampleProject\TestProject\UnitTestProject10\bin\Debug\UnitTestProject10.dll" adapterTypeName="Microsoft.VisualStudio.TestTools.TestTypes.Unit.UnitTestAdapter" className="UnitTestinProgress.MSTestClass2" name="MSTest_P2_386" />
    </UnitTest>
    <UnitTest name="MSTest_P2_387" storage="c:\users\navb\source\repos\sampleproject\testproject\unittestproject10\bin\debug\unittestproject10.dll" id="a923ba92-5f49-1db0-a980-f6ad3af6c118">
      <Execution id="f11cf070-7d19-467e-adcc-f7308e44665c" />
      <TestMethod codeBase="C:\Users\navb\source\repos\SampleProject\TestProject\UnitTestProject10\bin\Debug\UnitTestProject10.dll" adapterTypeName="Microsoft.VisualStudio.TestTools.TestTypes.Unit.UnitTestAdapter" className="UnitTestinProgress.MSTestClass2" name="MSTest_P2_387" />
    </UnitTest>
    <UnitTest name="MSTest_P2_388" storage="c:\users\navb\source\repos\sampleproject\testproject\unittestproject10\bin\debug\unittestproject10.dll" id="716c3939-21a9-baf1-3381-3805519a2c18">
      <Execution id="d444bcbe-ea8b-4ca8-896a-8b2a74833cda" />
      <TestMethod codeBase="C:\Users\navb\source\repos\SampleProject\TestProject\UnitTestProject10\bin\Debug\UnitTestProject10.dll" adapterTypeName="Microsoft.VisualStudio.TestTools.TestTypes.Unit.UnitTestAdapter" className="UnitTestinProgress.MSTestClass2" name="MSTest_P2_388" />
    </UnitTest>
    <UnitTest name="MSTest_P2_389" storage="c:\users\navb\source\repos\sampleproject\testproject\unittestproject10\bin\debug\unittestproject10.dll" id="2d853185-1b8c-d32c-b8ef-fcd1ca111fe0">
      <Execution id="f6e8cb46-e219-4a10-8529-837274f7246c" />
      <TestMethod codeBase="C:\Users\navb\source\repos\SampleProject\TestProject\UnitTestProject10\bin\Debug\UnitTestProject10.dll" adapterTypeName="Microsoft.VisualStudio.TestTools.TestTypes.Unit.UnitTestAdapter" className="UnitTestinProgress.MSTestClass2" name="MSTest_P2_389" />
    </UnitTest>
    <UnitTest name="MSTest_P2_390" storage="c:\users\navb\source\repos\sampleproject\testproject\unittestproject10\bin\debug\unittestproject10.dll" id="1b51fe85-d5f1-8130-9dfe-a0f9e4a34746">
      <Execution id="3359a277-0e3c-478e-b373-103194afc3f9" />
      <TestMethod codeBase="C:\Users\navb\source\repos\SampleProject\TestProject\UnitTestProject10\bin\Debug\UnitTestProject10.dll" adapterTypeName="Microsoft.VisualStudio.TestTools.TestTypes.Unit.UnitTestAdapter" className="UnitTestinProgress.MSTestClass2" name="MSTest_P2_390" />
    </UnitTest>
    <UnitTest name="MSTest_P2_391" storage="c:\users\navb\source\repos\sampleproject\testproject\unittestproject10\bin\debug\unittestproject10.dll" id="145f33a9-a9ca-28ad-f581-1ed846520f66">
      <Execution id="6334168b-0444-4766-b3ce-62404fc78385" />
      <TestMethod codeBase="C:\Users\navb\source\repos\SampleProject\TestProject\UnitTestProject10\bin\Debug\UnitTestProject10.dll" adapterTypeName="Microsoft.VisualStudio.TestTools.TestTypes.Unit.UnitTestAdapter" className="UnitTestinProgress.MSTestClass2" name="MSTest_P2_391" />
    </UnitTest>
    <UnitTest name="MSTest_P2_392" storage="c:\users\navb\source\repos\sampleproject\testproject\unittestproject10\bin\debug\unittestproject10.dll" id="e4b2455a-64fc-dffc-d919-2a0245f30187">
      <Execution id="034efd65-a96e-4159-b833-bbbd76b0f9c1" />
      <TestMethod codeBase="C:\Users\navb\source\repos\SampleProject\TestProject\UnitTestProject10\bin\Debug\UnitTestProject10.dll" adapterTypeName="Microsoft.VisualStudio.TestTools.TestTypes.Unit.UnitTestAdapter" className="UnitTestinProgress.MSTestClass2" name="MSTest_P2_392" />
    </UnitTest>
    <UnitTest name="MSTest_P2_393" storage="c:\users\navb\source\repos\sampleproject\testproject\unittestproject10\bin\debug\unittestproject10.dll" id="c2ef64d5-231f-4491-5201-a9b7c9060d4a">
      <Execution id="e9725e2e-2e6a-4b12-9abc-54df14692972" />
      <TestMethod codeBase="C:\Users\navb\source\repos\SampleProject\TestProject\UnitTestProject10\bin\Debug\UnitTestProject10.dll" adapterTypeName="Microsoft.VisualStudio.TestTools.TestTypes.Unit.UnitTestAdapter" className="UnitTestinProgress.MSTestClass2" name="MSTest_P2_393" />
    </UnitTest>
    <UnitTest name="MSTest_P2_394" storage="c:\users\navb\source\repos\sampleproject\testproject\unittestproject10\bin\debug\unittestproject10.dll" id="a1bac869-1385-672b-07d7-c035033b5b5b">
      <Execution id="c0cf85f8-8631-486d-a36c-aa756cd9ad89" />
      <TestMethod codeBase="C:\Users\navb\source\repos\SampleProject\TestProject\UnitTestProject10\bin\Debug\UnitTestProject10.dll" adapterTypeName="Microsoft.VisualStudio.TestTools.TestTypes.Unit.UnitTestAdapter" className="UnitTestinProgress.MSTestClass2" name="MSTest_P2_394" />
    </UnitTest>
    <UnitTest name="MSTest_P2_395" storage="c:\users\navb\source\repos\sampleproject\testproject\unittestproject10\bin\debug\unittestproject10.dll" id="33c5b05a-c149-c017-3777-a15579c827fc">
      <Execution id="ee0e3796-c3f3-4510-8357-ada152728846" />
      <TestMethod codeBase="C:\Users\navb\source\repos\SampleProject\TestProject\UnitTestProject10\bin\Debug\UnitTestProject10.dll" adapterTypeName="Microsoft.VisualStudio.TestTools.TestTypes.Unit.UnitTestAdapter" className="UnitTestinProgress.MSTestClass2" name="MSTest_P2_395" />
    </UnitTest>
    <UnitTest name="MSTest_P2_396" storage="c:\users\navb\source\repos\sampleproject\testproject\unittestproject10\bin\debug\unittestproject10.dll" id="5d0af9d1-44bb-6c1c-91da-0de0adda509f">
      <Execution id="593727eb-446e-4ab2-9c67-38e0ab9f96d5" />
      <TestMethod codeBase="C:\Users\navb\source\repos\SampleProject\TestProject\UnitTestProject10\bin\Debug\UnitTestProject10.dll" adapterTypeName="Microsoft.VisualStudio.TestTools.TestTypes.Unit.UnitTestAdapter" className="UnitTestinProgress.MSTestClass2" name="MSTest_P2_396" />
    </UnitTest>
    <UnitTest name="MSTest_P2_397" storage="c:\users\navb\source\repos\sampleproject\testproject\unittestproject10\bin\debug\unittestproject10.dll" id="8a506de1-1596-a50f-344b-f1352abd2793">
      <Execution id="7cc515e3-281a-47fd-a5fb-1edacf47c84f" />
      <TestMethod codeBase="C:\Users\navb\source\repos\SampleProject\TestProject\UnitTestProject10\bin\Debug\UnitTestProject10.dll" adapterTypeName="Microsoft.VisualStudio.TestTools.TestTypes.Unit.UnitTestAdapter" className="UnitTestinProgress.MSTestClass2" name="MSTest_P2_397" />
    </UnitTest>
    <UnitTest name="MSTest_P2_398" storage="c:\users\navb\source\repos\sampleproject\testproject\unittestproject10\bin\debug\unittestproject10.dll" id="ad4a33be-0820-6acd-0fda-f7dc1d9afabe">
      <Execution id="f8e628c6-c83b-44ac-9c52-190876e99dd3" />
      <TestMethod codeBase="C:\Users\navb\source\repos\SampleProject\TestProject\UnitTestProject10\bin\Debug\UnitTestProject10.dll" adapterTypeName="Microsoft.VisualStudio.TestTools.TestTypes.Unit.UnitTestAdapter" className="UnitTestinProgress.MSTestClass2" name="MSTest_P2_398" />
    </UnitTest>
    <UnitTest name="MSTest_P2_399" storage="c:\users\navb\source\repos\sampleproject\testproject\unittestproject10\bin\debug\unittestproject10.dll" id="d4e64b61-1d71-9a31-64b3-8f7fa264d751">
      <Execution id="f931bc93-8bb1-4cba-80f5-4eace352e95e" />
      <TestMethod codeBase="C:\Users\navb\source\repos\SampleProject\TestProject\UnitTestProject10\bin\Debug\UnitTestProject10.dll" adapterTypeName="Microsoft.VisualStudio.TestTools.TestTypes.Unit.UnitTestAdapter" className="UnitTestinProgress.MSTestClass2" name="MSTest_P2_399" />
    </UnitTest>
    <UnitTest name="MSTest_P2_400" storage="c:\users\navb\source\repos\sampleproject\testproject\unittestproject10\bin\debug\unittestproject10.dll" id="71368800-2a58-7d0c-02f5-2226bd31ba61">
      <Execution id="6a8c2d6f-58f0-4b98-b1b4-e80294dd9336" />
      <TestMethod codeBase="C:\Users\navb\source\repos\SampleProject\TestProject\UnitTestProject10\bin\Debug\UnitTestProject10.dll" adapterTypeName="Microsoft.VisualStudio.TestTools.TestTypes.Unit.UnitTestAdapter" className="UnitTestinProgress.MSTestClass2" name="MSTest_P2_400" />
    </UnitTest>
    <UnitTest name="MSTest_P2_401" storage="c:\users\navb\source\repos\sampleproject\testproject\unittestproject10\bin\debug\unittestproject10.dll" id="dec4cc11-275a-6477-9776-6b40db9a3bd4">
      <Execution id="faf425d2-c8a5-498e-a6db-6e74e3565933" />
      <TestMethod codeBase="C:\Users\navb\source\repos\SampleProject\TestProject\UnitTestProject10\bin\Debug\UnitTestProject10.dll" adapterTypeName="Microsoft.VisualStudio.TestTools.TestTypes.Unit.UnitTestAdapter" className="UnitTestinProgress.MSTestClass2" name="MSTest_P2_401" />
    </UnitTest>
    <UnitTest name="MSTest_P2_402" storage="c:\users\navb\source\repos\sampleproject\testproject\unittestproject10\bin\debug\unittestproject10.dll" id="a758e563-1f9a-9b88-d4c0-8cc7153a0dc7">
      <Execution id="c48c5796-7744-4bc8-81d7-42237781c315" />
      <TestMethod codeBase="C:\Users\navb\source\repos\SampleProject\TestProject\UnitTestProject10\bin\Debug\UnitTestProject10.dll" adapterTypeName="Microsoft.VisualStudio.TestTools.TestTypes.Unit.UnitTestAdapter" className="UnitTestinProgress.MSTestClass2" name="MSTest_P2_402" />
    </UnitTest>
    <UnitTest name="MSTest_P2_403" storage="c:\users\navb\source\repos\sampleproject\testproject\unittestproject10\bin\debug\unittestproject10.dll" id="cf6d1948-e4c8-984f-d8fe-0f710a6f4061">
      <Execution id="e36709fa-2fe7-47cc-976d-7a8ad52f52db" />
      <TestMethod codeBase="C:\Users\navb\source\repos\SampleProject\TestProject\UnitTestProject10\bin\Debug\UnitTestProject10.dll" adapterTypeName="Microsoft.VisualStudio.TestTools.TestTypes.Unit.UnitTestAdapter" className="UnitTestinProgress.MSTestClass2" name="MSTest_P2_403" />
    </UnitTest>
    <UnitTest name="MSTest_P2_404" storage="c:\users\navb\source\repos\sampleproject\testproject\unittestproject10\bin\debug\unittestproject10.dll" id="c6c7eaee-0217-c536-1f3e-e884f74d00f9">
      <Execution id="e97b2efb-848c-4e2d-8863-15bc80e38fbb" />
      <TestMethod codeBase="C:\Users\navb\source\repos\SampleProject\TestProject\UnitTestProject10\bin\Debug\UnitTestProject10.dll" adapterTypeName="Microsoft.VisualStudio.TestTools.TestTypes.Unit.UnitTestAdapter" className="UnitTestinProgress.MSTestClass2" name="MSTest_P2_404" />
    </UnitTest>
    <UnitTest name="MSTest_P2_405" storage="c:\users\navb\source\repos\sampleproject\testproject\unittestproject10\bin\debug\unittestproject10.dll" id="b9ed8a5e-ee12-301b-e3c5-ef16e418ae41">
      <Execution id="af3544fb-1608-4be9-974e-39ff2d8e32ca" />
      <TestMethod codeBase="C:\Users\navb\source\repos\SampleProject\TestProject\UnitTestProject10\bin\Debug\UnitTestProject10.dll" adapterTypeName="Microsoft.VisualStudio.TestTools.TestTypes.Unit.UnitTestAdapter" className="UnitTestinProgress.MSTestClass2" name="MSTest_P2_405" />
    </UnitTest>
    <UnitTest name="MSTest_P2_406" storage="c:\users\navb\source\repos\sampleproject\testproject\unittestproject10\bin\debug\unittestproject10.dll" id="b6f1489a-2055-f485-9c7f-98b90c4b3558">
      <Execution id="049850b6-36bc-4e99-a4e3-289df489dc3e" />
      <TestMethod codeBase="C:\Users\navb\source\repos\SampleProject\TestProject\UnitTestProject10\bin\Debug\UnitTestProject10.dll" adapterTypeName="Microsoft.VisualStudio.TestTools.TestTypes.Unit.UnitTestAdapter" className="UnitTestinProgress.MSTestClass2" name="MSTest_P2_406" />
    </UnitTest>
    <UnitTest name="MSTest_P2_407" storage="c:\users\navb\source\repos\sampleproject\testproject\unittestproject10\bin\debug\unittestproject10.dll" id="7b2ca1e9-e284-8127-4f7e-dec3027488f5">
      <Execution id="6a11fb31-f6d3-4d04-8014-a014a866490a" />
      <TestMethod codeBase="C:\Users\navb\source\repos\SampleProject\TestProject\UnitTestProject10\bin\Debug\UnitTestProject10.dll" adapterTypeName="Microsoft.VisualStudio.TestTools.TestTypes.Unit.UnitTestAdapter" className="UnitTestinProgress.MSTestClass2" name="MSTest_P2_407" />
    </UnitTest>
    <UnitTest name="MSTest_P2_408" storage="c:\users\navb\source\repos\sampleproject\testproject\unittestproject10\bin\debug\unittestproject10.dll" id="9c58d5d9-15c3-3301-dbdb-cd91d433ddd3">
      <Execution id="61ef2dbf-6d1b-43b5-b942-de696c3732ca" />
      <TestMethod codeBase="C:\Users\navb\source\repos\SampleProject\TestProject\UnitTestProject10\bin\Debug\UnitTestProject10.dll" adapterTypeName="Microsoft.VisualStudio.TestTools.TestTypes.Unit.UnitTestAdapter" className="UnitTestinProgress.MSTestClass2" name="MSTest_P2_408" />
    </UnitTest>
    <UnitTest name="MSTest_P2_409" storage="c:\users\navb\source\repos\sampleproject\testproject\unittestproject10\bin\debug\unittestproject10.dll" id="02384a4c-827d-2204-02d7-2003620d01f1">
      <Execution id="fddacafe-6637-4e6b-b6d7-d3b72dd5ba37" />
      <TestMethod codeBase="C:\Users\navb\source\repos\SampleProject\TestProject\UnitTestProject10\bin\Debug\UnitTestProject10.dll" adapterTypeName="Microsoft.VisualStudio.TestTools.TestTypes.Unit.UnitTestAdapter" className="UnitTestinProgress.MSTestClass2" name="MSTest_P2_409" />
    </UnitTest>
    <UnitTest name="MSTest_P2_410" storage="c:\users\navb\source\repos\sampleproject\testproject\unittestproject10\bin\debug\unittestproject10.dll" id="08657299-4484-6f51-225a-92afef4d6f02">
      <Execution id="eb3febd5-e3a1-43a2-9f99-27c0d53a5759" />
      <TestMethod codeBase="C:\Users\navb\source\repos\SampleProject\TestProject\UnitTestProject10\bin\Debug\UnitTestProject10.dll" adapterTypeName="Microsoft.VisualStudio.TestTools.TestTypes.Unit.UnitTestAdapter" className="UnitTestinProgress.MSTestClass2" name="MSTest_P2_410" />
    </UnitTest>
    <UnitTest name="MSTest_P2_411" storage="c:\users\navb\source\repos\sampleproject\testproject\unittestproject10\bin\debug\unittestproject10.dll" id="07f61b47-7639-813a-048e-3af6356509db">
      <Execution id="85ff1b22-3558-497c-9ed3-c85dd03f01ef" />
      <TestMethod codeBase="C:\Users\navb\source\repos\SampleProject\TestProject\UnitTestProject10\bin\Debug\UnitTestProject10.dll" adapterTypeName="Microsoft.VisualStudio.TestTools.TestTypes.Unit.UnitTestAdapter" className="UnitTestinProgress.MSTestClass2" name="MSTest_P2_411" />
    </UnitTest>
    <UnitTest name="MSTest_P2_412" storage="c:\users\navb\source\repos\sampleproject\testproject\unittestproject10\bin\debug\unittestproject10.dll" id="5a20067f-af35-443e-c5ef-580f5fde2fa9">
      <Execution id="b591f2f4-4082-4c53-81af-dff7c7397bec" />
      <TestMethod codeBase="C:\Users\navb\source\repos\SampleProject\TestProject\UnitTestProject10\bin\Debug\UnitTestProject10.dll" adapterTypeName="Microsoft.VisualStudio.TestTools.TestTypes.Unit.UnitTestAdapter" className="UnitTestinProgress.MSTestClass2" name="MSTest_P2_412" />
    </UnitTest>
    <UnitTest name="MSTest_P2_413" storage="c:\users\navb\source\repos\sampleproject\testproject\unittestproject10\bin\debug\unittestproject10.dll" id="9f11630d-9ad6-5da3-8de1-e63da75bbad6">
      <Execution id="97549786-b6fc-4bba-8093-47bbae6b236d" />
      <TestMethod codeBase="C:\Users\navb\source\repos\SampleProject\TestProject\UnitTestProject10\bin\Debug\UnitTestProject10.dll" adapterTypeName="Microsoft.VisualStudio.TestTools.TestTypes.Unit.UnitTestAdapter" className="UnitTestinProgress.MSTestClass2" name="MSTest_P2_413" />
    </UnitTest>
    <UnitTest name="MSTest_P2_414" storage="c:\users\navb\source\repos\sampleproject\testproject\unittestproject10\bin\debug\unittestproject10.dll" id="7201bf1f-ad51-b3dd-90bc-4686a347a8b6">
      <Execution id="250b6e76-c233-47eb-9008-5a4b4dfcc235" />
      <TestMethod codeBase="C:\Users\navb\source\repos\SampleProject\TestProject\UnitTestProject10\bin\Debug\UnitTestProject10.dll" adapterTypeName="Microsoft.VisualStudio.TestTools.TestTypes.Unit.UnitTestAdapter" className="UnitTestinProgress.MSTestClass2" name="MSTest_P2_414" />
    </UnitTest>
    <UnitTest name="MSTest_P2_415" storage="c:\users\navb\source\repos\sampleproject\testproject\unittestproject10\bin\debug\unittestproject10.dll" id="f4c72050-220a-8ed3-f57e-229694005702">
      <Execution id="8eee86a0-b3f0-4a48-a027-2ab14a6a7768" />
      <TestMethod codeBase="C:\Users\navb\source\repos\SampleProject\TestProject\UnitTestProject10\bin\Debug\UnitTestProject10.dll" adapterTypeName="Microsoft.VisualStudio.TestTools.TestTypes.Unit.UnitTestAdapter" className="UnitTestinProgress.MSTestClass2" name="MSTest_P2_415" />
    </UnitTest>
    <UnitTest name="MSTest_P2_416" storage="c:\users\navb\source\repos\sampleproject\testproject\unittestproject10\bin\debug\unittestproject10.dll" id="1e1812e7-7d89-f4e5-47fa-6ba327ad9f3d">
      <Execution id="b1ce6616-4861-43ce-ba60-58a9cc6dd662" />
      <TestMethod codeBase="C:\Users\navb\source\repos\SampleProject\TestProject\UnitTestProject10\bin\Debug\UnitTestProject10.dll" adapterTypeName="Microsoft.VisualStudio.TestTools.TestTypes.Unit.UnitTestAdapter" className="UnitTestinProgress.MSTestClass2" name="MSTest_P2_416" />
    </UnitTest>
    <UnitTest name="MSTest_P2_417" storage="c:\users\navb\source\repos\sampleproject\testproject\unittestproject10\bin\debug\unittestproject10.dll" id="80d089ba-d625-b17b-efd7-906fbc26a53f">
      <Execution id="15b0dc69-19fe-43c3-ac39-aced8873c960" />
      <TestMethod codeBase="C:\Users\navb\source\repos\SampleProject\TestProject\UnitTestProject10\bin\Debug\UnitTestProject10.dll" adapterTypeName="Microsoft.VisualStudio.TestTools.TestTypes.Unit.UnitTestAdapter" className="UnitTestinProgress.MSTestClass2" name="MSTest_P2_417" />
    </UnitTest>
    <UnitTest name="MSTest_P2_418" storage="c:\users\navb\source\repos\sampleproject\testproject\unittestproject10\bin\debug\unittestproject10.dll" id="08168dab-134d-4209-dc07-502fc79dff1c">
      <Execution id="ed1f7f31-ae95-4de3-9183-e42f2a722fcd" />
      <TestMethod codeBase="C:\Users\navb\source\repos\SampleProject\TestProject\UnitTestProject10\bin\Debug\UnitTestProject10.dll" adapterTypeName="Microsoft.VisualStudio.TestTools.TestTypes.Unit.UnitTestAdapter" className="UnitTestinProgress.MSTestClass2" name="MSTest_P2_418" />
    </UnitTest>
    <UnitTest name="MSTest_P2_419" storage="c:\users\navb\source\repos\sampleproject\testproject\unittestproject10\bin\debug\unittestproject10.dll" id="afc65689-0d8a-1a8c-230e-11dcfbd51f6f">
      <Execution id="ddcd533b-7719-4b0b-922c-a0042a2e73b6" />
      <TestMethod codeBase="C:\Users\navb\source\repos\SampleProject\TestProject\UnitTestProject10\bin\Debug\UnitTestProject10.dll" adapterTypeName="Microsoft.VisualStudio.TestTools.TestTypes.Unit.UnitTestAdapter" className="UnitTestinProgress.MSTestClass2" name="MSTest_P2_419" />
    </UnitTest>
    <UnitTest name="MSTest_P2_420" storage="c:\users\navb\source\repos\sampleproject\testproject\unittestproject10\bin\debug\unittestproject10.dll" id="fde371e7-9430-28a6-4e5f-caad1e97ede8">
      <Execution id="adbe1e5c-3b5a-4072-b867-35feded733ab" />
      <TestMethod codeBase="C:\Users\navb\source\repos\SampleProject\TestProject\UnitTestProject10\bin\Debug\UnitTestProject10.dll" adapterTypeName="Microsoft.VisualStudio.TestTools.TestTypes.Unit.UnitTestAdapter" className="UnitTestinProgress.MSTestClass2" name="MSTest_P2_420" />
    </UnitTest>
    <UnitTest name="MSTest_P2_421" storage="c:\users\navb\source\repos\sampleproject\testproject\unittestproject10\bin\debug\unittestproject10.dll" id="0664e823-2347-d542-a362-7c3833a62cb7">
      <Execution id="cddced7a-a926-475f-8b5b-69d5c8032fbc" />
      <TestMethod codeBase="C:\Users\navb\source\repos\SampleProject\TestProject\UnitTestProject10\bin\Debug\UnitTestProject10.dll" adapterTypeName="Microsoft.VisualStudio.TestTools.TestTypes.Unit.UnitTestAdapter" className="UnitTestinProgress.MSTestClass2" name="MSTest_P2_421" />
    </UnitTest>
    <UnitTest name="MSTest_P2_422" storage="c:\users\navb\source\repos\sampleproject\testproject\unittestproject10\bin\debug\unittestproject10.dll" id="b0f42246-221a-8273-26a5-64d428e0acf2">
      <Execution id="12ea6779-85cf-4dd0-984c-b9a79340671a" />
      <TestMethod codeBase="C:\Users\navb\source\repos\SampleProject\TestProject\UnitTestProject10\bin\Debug\UnitTestProject10.dll" adapterTypeName="Microsoft.VisualStudio.TestTools.TestTypes.Unit.UnitTestAdapter" className="UnitTestinProgress.MSTestClass2" name="MSTest_P2_422" />
    </UnitTest>
    <UnitTest name="MSTest_P2_423" storage="c:\users\navb\source\repos\sampleproject\testproject\unittestproject10\bin\debug\unittestproject10.dll" id="ed016d2a-a143-45b4-1538-1fd2c412205d">
      <Execution id="ca2c706a-ce6d-401e-ab49-22e098309efb" />
      <TestMethod codeBase="C:\Users\navb\source\repos\SampleProject\TestProject\UnitTestProject10\bin\Debug\UnitTestProject10.dll" adapterTypeName="Microsoft.VisualStudio.TestTools.TestTypes.Unit.UnitTestAdapter" className="UnitTestinProgress.MSTestClass2" name="MSTest_P2_423" />
    </UnitTest>
    <UnitTest name="MSTest_P2_424" storage="c:\users\navb\source\repos\sampleproject\testproject\unittestproject10\bin\debug\unittestproject10.dll" id="b1569a4a-886e-ec94-03b5-fba9d87c80e2">
      <Execution id="12301cd5-14f2-4a2c-81ce-aa2cd1112466" />
      <TestMethod codeBase="C:\Users\navb\source\repos\SampleProject\TestProject\UnitTestProject10\bin\Debug\UnitTestProject10.dll" adapterTypeName="Microsoft.VisualStudio.TestTools.TestTypes.Unit.UnitTestAdapter" className="UnitTestinProgress.MSTestClass2" name="MSTest_P2_424" />
    </UnitTest>
    <UnitTest name="MSTest_P2_425" storage="c:\users\navb\source\repos\sampleproject\testproject\unittestproject10\bin\debug\unittestproject10.dll" id="8e99ddbf-1f62-a90d-a88c-3e09a5e62fbc">
      <Execution id="2eec36c9-ad2d-4dfd-98c6-706503a5cbf9" />
      <TestMethod codeBase="C:\Users\navb\source\repos\SampleProject\TestProject\UnitTestProject10\bin\Debug\UnitTestProject10.dll" adapterTypeName="Microsoft.VisualStudio.TestTools.TestTypes.Unit.UnitTestAdapter" className="UnitTestinProgress.MSTestClass2" name="MSTest_P2_425" />
    </UnitTest>
    <UnitTest name="MSTest_P2_256" storage="c:\users\navb\source\repos\sampleproject\testproject\unittestproject10\bin\debug\unittestproject10.dll" id="62edf976-7a76-227c-ab3e-3e3068d22419">
      <Execution id="d35f34ee-fef5-49b7-a119-5b8afa5d815a" />
      <TestMethod codeBase="C:\Users\navb\source\repos\SampleProject\TestProject\UnitTestProject10\bin\Debug\UnitTestProject10.dll" adapterTypeName="Microsoft.VisualStudio.TestTools.TestTypes.Unit.UnitTestAdapter" className="UnitTestinProgress.MSTestClass2" name="MSTest_P2_256" />
    </UnitTest>
    <UnitTest name="MSTest_P2_257" storage="c:\users\navb\source\repos\sampleproject\testproject\unittestproject10\bin\debug\unittestproject10.dll" id="3afaf579-db15-cc97-6075-93fc66d2482e">
      <Execution id="b2933e94-dd1a-408f-ac9a-73244f0d73bb" />
      <TestMethod codeBase="C:\Users\navb\source\repos\SampleProject\TestProject\UnitTestProject10\bin\Debug\UnitTestProject10.dll" adapterTypeName="Microsoft.VisualStudio.TestTools.TestTypes.Unit.UnitTestAdapter" className="UnitTestinProgress.MSTestClass2" name="MSTest_P2_257" />
    </UnitTest>
    <UnitTest name="MSTest_P2_258" storage="c:\users\navb\source\repos\sampleproject\testproject\unittestproject10\bin\debug\unittestproject10.dll" id="cf3134ed-5854-5d81-39ac-bdd4ad6563c0">
      <Execution id="10102d2a-92f6-46a2-b553-de6d790a5cfd" />
      <TestMethod codeBase="C:\Users\navb\source\repos\SampleProject\TestProject\UnitTestProject10\bin\Debug\UnitTestProject10.dll" adapterTypeName="Microsoft.VisualStudio.TestTools.TestTypes.Unit.UnitTestAdapter" className="UnitTestinProgress.MSTestClass2" name="MSTest_P2_258" />
    </UnitTest>
    <UnitTest name="MSTest_P2_259" storage="c:\users\navb\source\repos\sampleproject\testproject\unittestproject10\bin\debug\unittestproject10.dll" id="c6064df2-d70f-a735-4d38-9ada6958097c">
      <Execution id="698e4368-47e4-4036-9ba6-3d1b46d1eaee" />
      <TestMethod codeBase="C:\Users\navb\source\repos\SampleProject\TestProject\UnitTestProject10\bin\Debug\UnitTestProject10.dll" adapterTypeName="Microsoft.VisualStudio.TestTools.TestTypes.Unit.UnitTestAdapter" className="UnitTestinProgress.MSTestClass2" name="MSTest_P2_259" />
    </UnitTest>
    <UnitTest name="MSTest_P2_260" storage="c:\users\navb\source\repos\sampleproject\testproject\unittestproject10\bin\debug\unittestproject10.dll" id="b5644c1a-4e6f-a72a-7960-9542c506051d">
      <Execution id="2d556c64-2bc3-4d4c-a7e3-4dd7b8ff0484" />
      <TestMethod codeBase="C:\Users\navb\source\repos\SampleProject\TestProject\UnitTestProject10\bin\Debug\UnitTestProject10.dll" adapterTypeName="Microsoft.VisualStudio.TestTools.TestTypes.Unit.UnitTestAdapter" className="UnitTestinProgress.MSTestClass2" name="MSTest_P2_260" />
    </UnitTest>
    <UnitTest name="MSTest_P2_261" storage="c:\users\navb\source\repos\sampleproject\testproject\unittestproject10\bin\debug\unittestproject10.dll" id="08be73c0-a975-a603-5d02-2398253cc14e">
      <Execution id="b7fffc11-2d31-471b-b618-d532392d5eba" />
      <TestMethod codeBase="C:\Users\navb\source\repos\SampleProject\TestProject\UnitTestProject10\bin\Debug\UnitTestProject10.dll" adapterTypeName="Microsoft.VisualStudio.TestTools.TestTypes.Unit.UnitTestAdapter" className="UnitTestinProgress.MSTestClass2" name="MSTest_P2_261" />
    </UnitTest>
    <UnitTest name="MSTest_P2_262" storage="c:\users\navb\source\repos\sampleproject\testproject\unittestproject10\bin\debug\unittestproject10.dll" id="b243411e-0b00-e9ac-a0d9-fd6cc8fe5e76">
      <Execution id="328552f0-785e-46ff-b97c-629ab1b34378" />
      <TestMethod codeBase="C:\Users\navb\source\repos\SampleProject\TestProject\UnitTestProject10\bin\Debug\UnitTestProject10.dll" adapterTypeName="Microsoft.VisualStudio.TestTools.TestTypes.Unit.UnitTestAdapter" className="UnitTestinProgress.MSTestClass2" name="MSTest_P2_262" />
    </UnitTest>
    <UnitTest name="MSTest_P2_263" storage="c:\users\navb\source\repos\sampleproject\testproject\unittestproject10\bin\debug\unittestproject10.dll" id="01bf3557-af42-0cc6-b667-13a114246373">
      <Execution id="70dfc24f-adbe-4d98-859c-df84d6758577" />
      <TestMethod codeBase="C:\Users\navb\source\repos\SampleProject\TestProject\UnitTestProject10\bin\Debug\UnitTestProject10.dll" adapterTypeName="Microsoft.VisualStudio.TestTools.TestTypes.Unit.UnitTestAdapter" className="UnitTestinProgress.MSTestClass2" name="MSTest_P2_263" />
    </UnitTest>
    <UnitTest name="MSTest_P2_264" storage="c:\users\navb\source\repos\sampleproject\testproject\unittestproject10\bin\debug\unittestproject10.dll" id="b9addcd8-1689-aa5c-75f0-51367ace995d">
      <Execution id="fa09bc4b-562c-4092-a8ff-1a20a9ff85b7" />
      <TestMethod codeBase="C:\Users\navb\source\repos\SampleProject\TestProject\UnitTestProject10\bin\Debug\UnitTestProject10.dll" adapterTypeName="Microsoft.VisualStudio.TestTools.TestTypes.Unit.UnitTestAdapter" className="UnitTestinProgress.MSTestClass2" name="MSTest_P2_264" />
    </UnitTest>
    <UnitTest name="MSTest_P2_265" storage="c:\users\navb\source\repos\sampleproject\testproject\unittestproject10\bin\debug\unittestproject10.dll" id="b47b78f9-b0d8-fec8-ab9a-9eaa193e9134">
      <Execution id="d4ba2730-2f29-4eb8-bee2-a6e63117ed31" />
      <TestMethod codeBase="C:\Users\navb\source\repos\SampleProject\TestProject\UnitTestProject10\bin\Debug\UnitTestProject10.dll" adapterTypeName="Microsoft.VisualStudio.TestTools.TestTypes.Unit.UnitTestAdapter" className="UnitTestinProgress.MSTestClass2" name="MSTest_P2_265" />
    </UnitTest>
    <UnitTest name="MSTest_P2_266" storage="c:\users\navb\source\repos\sampleproject\testproject\unittestproject10\bin\debug\unittestproject10.dll" id="2ee5ca22-9ef4-3b84-d450-25e78cba1fdf">
      <Execution id="4d3249d9-7f41-49dd-ad0f-bf5c8cbf68ca" />
      <TestMethod codeBase="C:\Users\navb\source\repos\SampleProject\TestProject\UnitTestProject10\bin\Debug\UnitTestProject10.dll" adapterTypeName="Microsoft.VisualStudio.TestTools.TestTypes.Unit.UnitTestAdapter" className="UnitTestinProgress.MSTestClass2" name="MSTest_P2_266" />
    </UnitTest>
    <UnitTest name="MSTest_P2_267" storage="c:\users\navb\source\repos\sampleproject\testproject\unittestproject10\bin\debug\unittestproject10.dll" id="5b93bb66-36aa-9546-a63c-858a942f47c9">
      <Execution id="ae4b71f5-2d28-419a-b611-620dff22f1b0" />
      <TestMethod codeBase="C:\Users\navb\source\repos\SampleProject\TestProject\UnitTestProject10\bin\Debug\UnitTestProject10.dll" adapterTypeName="Microsoft.VisualStudio.TestTools.TestTypes.Unit.UnitTestAdapter" className="UnitTestinProgress.MSTestClass2" name="MSTest_P2_267" />
    </UnitTest>
    <UnitTest name="MSTest_P2_268" storage="c:\users\navb\source\repos\sampleproject\testproject\unittestproject10\bin\debug\unittestproject10.dll" id="82026b1b-e4f8-c75d-6fd9-4e0c102dea19">
      <Execution id="2cdf5fd2-2d95-4ed7-a729-fc020fe31b96" />
      <TestMethod codeBase="C:\Users\navb\source\repos\SampleProject\TestProject\UnitTestProject10\bin\Debug\UnitTestProject10.dll" adapterTypeName="Microsoft.VisualStudio.TestTools.TestTypes.Unit.UnitTestAdapter" className="UnitTestinProgress.MSTestClass2" name="MSTest_P2_268" />
    </UnitTest>
    <UnitTest name="MSTest_P2_269" storage="c:\users\navb\source\repos\sampleproject\testproject\unittestproject10\bin\debug\unittestproject10.dll" id="a0a14464-fb50-3caf-9ff8-c858c9ed6f8f">
      <Execution id="60ecc843-b0bb-42b4-8720-39c2f37c010f" />
      <TestMethod codeBase="C:\Users\navb\source\repos\SampleProject\TestProject\UnitTestProject10\bin\Debug\UnitTestProject10.dll" adapterTypeName="Microsoft.VisualStudio.TestTools.TestTypes.Unit.UnitTestAdapter" className="UnitTestinProgress.MSTestClass2" name="MSTest_P2_269" />
    </UnitTest>
    <UnitTest name="MSTest_P2_270" storage="c:\users\navb\source\repos\sampleproject\testproject\unittestproject10\bin\debug\unittestproject10.dll" id="963aa350-dc63-27d1-7f7c-e76e264a3a37">
      <Execution id="d2a50a51-4de8-4c93-bf50-a828bcd5e728" />
      <TestMethod codeBase="C:\Users\navb\source\repos\SampleProject\TestProject\UnitTestProject10\bin\Debug\UnitTestProject10.dll" adapterTypeName="Microsoft.VisualStudio.TestTools.TestTypes.Unit.UnitTestAdapter" className="UnitTestinProgress.MSTestClass2" name="MSTest_P2_270" />
    </UnitTest>
    <UnitTest name="MSTest_P2_271" storage="c:\users\navb\source\repos\sampleproject\testproject\unittestproject10\bin\debug\unittestproject10.dll" id="28d66a73-94f8-0e54-f4ff-ed8e155407df">
      <Execution id="7595e3b2-5e79-459a-920a-5fd899a9feb6" />
      <TestMethod codeBase="C:\Users\navb\source\repos\SampleProject\TestProject\UnitTestProject10\bin\Debug\UnitTestProject10.dll" adapterTypeName="Microsoft.VisualStudio.TestTools.TestTypes.Unit.UnitTestAdapter" className="UnitTestinProgress.MSTestClass2" name="MSTest_P2_271" />
    </UnitTest>
    <UnitTest name="MSTest_P2_272" storage="c:\users\navb\source\repos\sampleproject\testproject\unittestproject10\bin\debug\unittestproject10.dll" id="a7e88723-8b5a-898e-e1e7-2c3de4a24710">
      <Execution id="eb5bbb63-3363-4d01-8594-22bfebac1bad" />
      <TestMethod codeBase="C:\Users\navb\source\repos\SampleProject\TestProject\UnitTestProject10\bin\Debug\UnitTestProject10.dll" adapterTypeName="Microsoft.VisualStudio.TestTools.TestTypes.Unit.UnitTestAdapter" className="UnitTestinProgress.MSTestClass2" name="MSTest_P2_272" />
    </UnitTest>
    <UnitTest name="MSTest_P2_273" storage="c:\users\navb\source\repos\sampleproject\testproject\unittestproject10\bin\debug\unittestproject10.dll" id="7e2e5360-6df1-ebd4-8076-bf6f1d65e59c">
      <Execution id="f2afcd3a-f6d0-4613-850a-d5b215ef3234" />
      <TestMethod codeBase="C:\Users\navb\source\repos\SampleProject\TestProject\UnitTestProject10\bin\Debug\UnitTestProject10.dll" adapterTypeName="Microsoft.VisualStudio.TestTools.TestTypes.Unit.UnitTestAdapter" className="UnitTestinProgress.MSTestClass2" name="MSTest_P2_273" />
    </UnitTest>
    <UnitTest name="MSTest_P2_274" storage="c:\users\navb\source\repos\sampleproject\testproject\unittestproject10\bin\debug\unittestproject10.dll" id="d7d436a4-3906-ab93-f5f1-96092f24175b">
      <Execution id="af3aceea-329c-4651-a014-48d0ca783f0a" />
      <TestMethod codeBase="C:\Users\navb\source\repos\SampleProject\TestProject\UnitTestProject10\bin\Debug\UnitTestProject10.dll" adapterTypeName="Microsoft.VisualStudio.TestTools.TestTypes.Unit.UnitTestAdapter" className="UnitTestinProgress.MSTestClass2" name="MSTest_P2_274" />
    </UnitTest>
    <UnitTest name="MSTest_P2_275" storage="c:\users\navb\source\repos\sampleproject\testproject\unittestproject10\bin\debug\unittestproject10.dll" id="28e9670f-567b-9c6f-1402-8bf5f9a39898">
      <Execution id="293327d2-ad44-4bed-8abe-1105392515bf" />
      <TestMethod codeBase="C:\Users\navb\source\repos\SampleProject\TestProject\UnitTestProject10\bin\Debug\UnitTestProject10.dll" adapterTypeName="Microsoft.VisualStudio.TestTools.TestTypes.Unit.UnitTestAdapter" className="UnitTestinProgress.MSTestClass2" name="MSTest_P2_275" />
    </UnitTest>
    <UnitTest name="MSTest_P2_276" storage="c:\users\navb\source\repos\sampleproject\testproject\unittestproject10\bin\debug\unittestproject10.dll" id="fbdd2467-997a-8b59-2d03-827ea0150a6e">
      <Execution id="eaf50ec1-9682-4e14-ace9-1a81880616ea" />
      <TestMethod codeBase="C:\Users\navb\source\repos\SampleProject\TestProject\UnitTestProject10\bin\Debug\UnitTestProject10.dll" adapterTypeName="Microsoft.VisualStudio.TestTools.TestTypes.Unit.UnitTestAdapter" className="UnitTestinProgress.MSTestClass2" name="MSTest_P2_276" />
    </UnitTest>
    <UnitTest name="MSTest_P2_277" storage="c:\users\navb\source\repos\sampleproject\testproject\unittestproject10\bin\debug\unittestproject10.dll" id="ddb1687b-21f5-a3e9-7517-956477c2bca4">
      <Execution id="c188f510-0885-4599-9052-429b757d566c" />
      <TestMethod codeBase="C:\Users\navb\source\repos\SampleProject\TestProject\UnitTestProject10\bin\Debug\UnitTestProject10.dll" adapterTypeName="Microsoft.VisualStudio.TestTools.TestTypes.Unit.UnitTestAdapter" className="UnitTestinProgress.MSTestClass2" name="MSTest_P2_277" />
    </UnitTest>
    <UnitTest name="MSTest_P2_278" storage="c:\users\navb\source\repos\sampleproject\testproject\unittestproject10\bin\debug\unittestproject10.dll" id="d8da4ec2-35b9-0e3a-4030-62ef830c61a7">
      <Execution id="bbf24788-5667-4bf1-83bc-e8aecee4632b" />
      <TestMethod codeBase="C:\Users\navb\source\repos\SampleProject\TestProject\UnitTestProject10\bin\Debug\UnitTestProject10.dll" adapterTypeName="Microsoft.VisualStudio.TestTools.TestTypes.Unit.UnitTestAdapter" className="UnitTestinProgress.MSTestClass2" name="MSTest_P2_278" />
    </UnitTest>
    <UnitTest name="MSTest_P2_279" storage="c:\users\navb\source\repos\sampleproject\testproject\unittestproject10\bin\debug\unittestproject10.dll" id="dfbdc630-5e07-0fdc-f3fc-f4c6c0ff0370">
      <Execution id="40676bca-c54f-4c97-91c0-ca5299ee0527" />
      <TestMethod codeBase="C:\Users\navb\source\repos\SampleProject\TestProject\UnitTestProject10\bin\Debug\UnitTestProject10.dll" adapterTypeName="Microsoft.VisualStudio.TestTools.TestTypes.Unit.UnitTestAdapter" className="UnitTestinProgress.MSTestClass2" name="MSTest_P2_279" />
    </UnitTest>
    <UnitTest name="MSTest_P2_280" storage="c:\users\navb\source\repos\sampleproject\testproject\unittestproject10\bin\debug\unittestproject10.dll" id="b4074a21-e2ce-5842-e74d-fc3d260f335c">
      <Execution id="37d5900c-8927-467a-ab3c-e6f4fc34ba56" />
      <TestMethod codeBase="C:\Users\navb\source\repos\SampleProject\TestProject\UnitTestProject10\bin\Debug\UnitTestProject10.dll" adapterTypeName="Microsoft.VisualStudio.TestTools.TestTypes.Unit.UnitTestAdapter" className="UnitTestinProgress.MSTestClass2" name="MSTest_P2_280" />
    </UnitTest>
    <UnitTest name="MSTest_P2_281" storage="c:\users\navb\source\repos\sampleproject\testproject\unittestproject10\bin\debug\unittestproject10.dll" id="cbb203b9-e6ef-c267-30db-ffaaa0662758">
      <Execution id="8eecb75a-c454-41eb-b076-fff2c7145f9e" />
      <TestMethod codeBase="C:\Users\navb\source\repos\SampleProject\TestProject\UnitTestProject10\bin\Debug\UnitTestProject10.dll" adapterTypeName="Microsoft.VisualStudio.TestTools.TestTypes.Unit.UnitTestAdapter" className="UnitTestinProgress.MSTestClass2" name="MSTest_P2_281" />
    </UnitTest>
    <UnitTest name="MSTest_P2_282" storage="c:\users\navb\source\repos\sampleproject\testproject\unittestproject10\bin\debug\unittestproject10.dll" id="093d6d69-22d5-1124-5efd-663062435753">
      <Execution id="49d8048e-78d2-4bec-a136-a403387df73c" />
      <TestMethod codeBase="C:\Users\navb\source\repos\SampleProject\TestProject\UnitTestProject10\bin\Debug\UnitTestProject10.dll" adapterTypeName="Microsoft.VisualStudio.TestTools.TestTypes.Unit.UnitTestAdapter" className="UnitTestinProgress.MSTestClass2" name="MSTest_P2_282" />
    </UnitTest>
    <UnitTest name="MSTest_P2_283" storage="c:\users\navb\source\repos\sampleproject\testproject\unittestproject10\bin\debug\unittestproject10.dll" id="e7aea337-de24-a376-f3b9-0d22e1d8af40">
      <Execution id="80050a56-22ca-4de4-b43c-708eacd4f44b" />
      <TestMethod codeBase="C:\Users\navb\source\repos\SampleProject\TestProject\UnitTestProject10\bin\Debug\UnitTestProject10.dll" adapterTypeName="Microsoft.VisualStudio.TestTools.TestTypes.Unit.UnitTestAdapter" className="UnitTestinProgress.MSTestClass2" name="MSTest_P2_283" />
    </UnitTest>
    <UnitTest name="MSTest_P2_284" storage="c:\users\navb\source\repos\sampleproject\testproject\unittestproject10\bin\debug\unittestproject10.dll" id="08154134-9b90-89e8-9af5-168ac43908b2">
      <Execution id="dd310476-8734-4ffb-a74a-ca0e7cbf1e5f" />
      <TestMethod codeBase="C:\Users\navb\source\repos\SampleProject\TestProject\UnitTestProject10\bin\Debug\UnitTestProject10.dll" adapterTypeName="Microsoft.VisualStudio.TestTools.TestTypes.Unit.UnitTestAdapter" className="UnitTestinProgress.MSTestClass2" name="MSTest_P2_284" />
    </UnitTest>
    <UnitTest name="MSTest_P2_285" storage="c:\users\navb\source\repos\sampleproject\testproject\unittestproject10\bin\debug\unittestproject10.dll" id="2290ca4f-3875-8b90-edfe-8bab19de1b67">
      <Execution id="e57589ad-3460-435b-a324-cc277e3c3fab" />
      <TestMethod codeBase="C:\Users\navb\source\repos\SampleProject\TestProject\UnitTestProject10\bin\Debug\UnitTestProject10.dll" adapterTypeName="Microsoft.VisualStudio.TestTools.TestTypes.Unit.UnitTestAdapter" className="UnitTestinProgress.MSTestClass2" name="MSTest_P2_285" />
    </UnitTest>
    <UnitTest name="MSTest_P2_286" storage="c:\users\navb\source\repos\sampleproject\testproject\unittestproject10\bin\debug\unittestproject10.dll" id="d7c9e9c0-379b-4273-60a5-d000d941afe0">
      <Execution id="7e18dedb-952a-4531-a48f-7835214ff724" />
      <TestMethod codeBase="C:\Users\navb\source\repos\SampleProject\TestProject\UnitTestProject10\bin\Debug\UnitTestProject10.dll" adapterTypeName="Microsoft.VisualStudio.TestTools.TestTypes.Unit.UnitTestAdapter" className="UnitTestinProgress.MSTestClass2" name="MSTest_P2_286" />
    </UnitTest>
    <UnitTest name="MSTest_P2_287" storage="c:\users\navb\source\repos\sampleproject\testproject\unittestproject10\bin\debug\unittestproject10.dll" id="0393dea9-21b3-c648-a2bb-8c43c535c531">
      <Execution id="443fb217-b2a0-4a3e-90b1-34ff3cb83b0b" />
      <TestMethod codeBase="C:\Users\navb\source\repos\SampleProject\TestProject\UnitTestProject10\bin\Debug\UnitTestProject10.dll" adapterTypeName="Microsoft.VisualStudio.TestTools.TestTypes.Unit.UnitTestAdapter" className="UnitTestinProgress.MSTestClass2" name="MSTest_P2_287" />
    </UnitTest>
    <UnitTest name="MSTest_P2_288" storage="c:\users\navb\source\repos\sampleproject\testproject\unittestproject10\bin\debug\unittestproject10.dll" id="1609fce3-b504-eda5-c2a7-88a436828de6">
      <Execution id="06a21b68-1ee9-43aa-9d53-84ef37c11b97" />
      <TestMethod codeBase="C:\Users\navb\source\repos\SampleProject\TestProject\UnitTestProject10\bin\Debug\UnitTestProject10.dll" adapterTypeName="Microsoft.VisualStudio.TestTools.TestTypes.Unit.UnitTestAdapter" className="UnitTestinProgress.MSTestClass2" name="MSTest_P2_288" />
    </UnitTest>
    <UnitTest name="MSTest_P2_289" storage="c:\users\navb\source\repos\sampleproject\testproject\unittestproject10\bin\debug\unittestproject10.dll" id="98f07e3c-358f-d3cf-0895-d97022d04d5a">
      <Execution id="d4bb8ad3-9f99-4dfe-bba0-a0f45173e87d" />
      <TestMethod codeBase="C:\Users\navb\source\repos\SampleProject\TestProject\UnitTestProject10\bin\Debug\UnitTestProject10.dll" adapterTypeName="Microsoft.VisualStudio.TestTools.TestTypes.Unit.UnitTestAdapter" className="UnitTestinProgress.MSTestClass2" name="MSTest_P2_289" />
    </UnitTest>
    <UnitTest name="MSTest_P2_290" storage="c:\users\navb\source\repos\sampleproject\testproject\unittestproject10\bin\debug\unittestproject10.dll" id="ada0b923-425a-7a46-ecff-77f785a5120c">
      <Execution id="a9f0d6fd-0bcc-4cce-aece-7f98cd9a371b" />
      <TestMethod codeBase="C:\Users\navb\source\repos\SampleProject\TestProject\UnitTestProject10\bin\Debug\UnitTestProject10.dll" adapterTypeName="Microsoft.VisualStudio.TestTools.TestTypes.Unit.UnitTestAdapter" className="UnitTestinProgress.MSTestClass2" name="MSTest_P2_290" />
    </UnitTest>
    <UnitTest name="MSTest_P2_291" storage="c:\users\navb\source\repos\sampleproject\testproject\unittestproject10\bin\debug\unittestproject10.dll" id="30c94d1c-21b6-fe2b-316a-7b2ede5b4559">
      <Execution id="df5e7b58-a7b0-4160-ad9a-87a070e0073a" />
      <TestMethod codeBase="C:\Users\navb\source\repos\SampleProject\TestProject\UnitTestProject10\bin\Debug\UnitTestProject10.dll" adapterTypeName="Microsoft.VisualStudio.TestTools.TestTypes.Unit.UnitTestAdapter" className="UnitTestinProgress.MSTestClass2" name="MSTest_P2_291" />
    </UnitTest>
    <UnitTest name="MSTest_P2_292" storage="c:\users\navb\source\repos\sampleproject\testproject\unittestproject10\bin\debug\unittestproject10.dll" id="55b8d4af-b440-c4c8-a2fe-e30838b46a22">
      <Execution id="510bdfbd-1797-4603-a09e-f1427d5b9c2c" />
      <TestMethod codeBase="C:\Users\navb\source\repos\SampleProject\TestProject\UnitTestProject10\bin\Debug\UnitTestProject10.dll" adapterTypeName="Microsoft.VisualStudio.TestTools.TestTypes.Unit.UnitTestAdapter" className="UnitTestinProgress.MSTestClass2" name="MSTest_P2_292" />
    </UnitTest>
    <UnitTest name="MSTest_P2_293" storage="c:\users\navb\source\repos\sampleproject\testproject\unittestproject10\bin\debug\unittestproject10.dll" id="a3fd5dca-f73b-62b1-bd58-55ba1ea9a5c1">
      <Execution id="a8d0309a-713a-4ddf-a0d5-3a98d31225ac" />
      <TestMethod codeBase="C:\Users\navb\source\repos\SampleProject\TestProject\UnitTestProject10\bin\Debug\UnitTestProject10.dll" adapterTypeName="Microsoft.VisualStudio.TestTools.TestTypes.Unit.UnitTestAdapter" className="UnitTestinProgress.MSTestClass2" name="MSTest_P2_293" />
    </UnitTest>
    <UnitTest name="MSTest_P2_294" storage="c:\users\navb\source\repos\sampleproject\testproject\unittestproject10\bin\debug\unittestproject10.dll" id="3001e9c2-ed25-f9b0-79a7-f5c487f354a4">
      <Execution id="0b5d0a44-3b07-4126-aa31-4219d591f07d" />
      <TestMethod codeBase="C:\Users\navb\source\repos\SampleProject\TestProject\UnitTestProject10\bin\Debug\UnitTestProject10.dll" adapterTypeName="Microsoft.VisualStudio.TestTools.TestTypes.Unit.UnitTestAdapter" className="UnitTestinProgress.MSTestClass2" name="MSTest_P2_294" />
    </UnitTest>
    <UnitTest name="MSTest_P2_295" storage="c:\users\navb\source\repos\sampleproject\testproject\unittestproject10\bin\debug\unittestproject10.dll" id="5d6f6418-386d-98fe-bae2-b06e56b1e19a">
      <Execution id="e7b02843-4ff1-4819-a8c0-803573477bcd" />
      <TestMethod codeBase="C:\Users\navb\source\repos\SampleProject\TestProject\UnitTestProject10\bin\Debug\UnitTestProject10.dll" adapterTypeName="Microsoft.VisualStudio.TestTools.TestTypes.Unit.UnitTestAdapter" className="UnitTestinProgress.MSTestClass2" name="MSTest_P2_295" />
    </UnitTest>
    <UnitTest name="MSTest_P2_296" storage="c:\users\navb\source\repos\sampleproject\testproject\unittestproject10\bin\debug\unittestproject10.dll" id="57ba7df0-92b3-047b-5050-37512ab886e0">
      <Execution id="f0636263-edad-4e99-85c7-3375a6140f86" />
      <TestMethod codeBase="C:\Users\navb\source\repos\SampleProject\TestProject\UnitTestProject10\bin\Debug\UnitTestProject10.dll" adapterTypeName="Microsoft.VisualStudio.TestTools.TestTypes.Unit.UnitTestAdapter" className="UnitTestinProgress.MSTestClass2" name="MSTest_P2_296" />
    </UnitTest>
    <UnitTest name="MSTest_P2_297" storage="c:\users\navb\source\repos\sampleproject\testproject\unittestproject10\bin\debug\unittestproject10.dll" id="e0f0bbf4-1dc9-3459-3c93-967eeb7520cf">
      <Execution id="214f4b33-9edc-468a-9313-e47d20309ce9" />
      <TestMethod codeBase="C:\Users\navb\source\repos\SampleProject\TestProject\UnitTestProject10\bin\Debug\UnitTestProject10.dll" adapterTypeName="Microsoft.VisualStudio.TestTools.TestTypes.Unit.UnitTestAdapter" className="UnitTestinProgress.MSTestClass2" name="MSTest_P2_297" />
    </UnitTest>
    <UnitTest name="MSTest_P2_298" storage="c:\users\navb\source\repos\sampleproject\testproject\unittestproject10\bin\debug\unittestproject10.dll" id="cc9c5d43-fd02-7e0a-3b7a-3966d3d7218e">
      <Execution id="5a6ad9e1-fea8-413b-b707-d6959f73cceb" />
      <TestMethod codeBase="C:\Users\navb\source\repos\SampleProject\TestProject\UnitTestProject10\bin\Debug\UnitTestProject10.dll" adapterTypeName="Microsoft.VisualStudio.TestTools.TestTypes.Unit.UnitTestAdapter" className="UnitTestinProgress.MSTestClass2" name="MSTest_P2_298" />
    </UnitTest>
    <UnitTest name="MSTest_P2_299" storage="c:\users\navb\source\repos\sampleproject\testproject\unittestproject10\bin\debug\unittestproject10.dll" id="dca091ea-1cbc-5f9a-7502-bbe023c83808">
      <Execution id="3016c963-2b7d-45ec-81ef-c8d1e690dcb7" />
      <TestMethod codeBase="C:\Users\navb\source\repos\SampleProject\TestProject\UnitTestProject10\bin\Debug\UnitTestProject10.dll" adapterTypeName="Microsoft.VisualStudio.TestTools.TestTypes.Unit.UnitTestAdapter" className="UnitTestinProgress.MSTestClass2" name="MSTest_P2_299" />
    </UnitTest>
    <UnitTest name="MSTest_P2_300" storage="c:\users\navb\source\repos\sampleproject\testproject\unittestproject10\bin\debug\unittestproject10.dll" id="7a7864aa-a264-e531-b03f-9ba77df9e4f4">
      <Execution id="6566299e-2b2e-4ee7-8dca-faeecd9becc2" />
      <TestMethod codeBase="C:\Users\navb\source\repos\SampleProject\TestProject\UnitTestProject10\bin\Debug\UnitTestProject10.dll" adapterTypeName="Microsoft.VisualStudio.TestTools.TestTypes.Unit.UnitTestAdapter" className="UnitTestinProgress.MSTestClass2" name="MSTest_P2_300" />
    </UnitTest>
    <UnitTest name="MSTest_P2_301" storage="c:\users\navb\source\repos\sampleproject\testproject\unittestproject10\bin\debug\unittestproject10.dll" id="a3264e97-a002-ccfa-f0fa-ad04bee9701c">
      <Execution id="2366a114-91b5-4f62-a7a2-068dc1034f75" />
      <TestMethod codeBase="C:\Users\navb\source\repos\SampleProject\TestProject\UnitTestProject10\bin\Debug\UnitTestProject10.dll" adapterTypeName="Microsoft.VisualStudio.TestTools.TestTypes.Unit.UnitTestAdapter" className="UnitTestinProgress.MSTestClass2" name="MSTest_P2_301" />
    </UnitTest>
    <UnitTest name="MSTest_P2_302" storage="c:\users\navb\source\repos\sampleproject\testproject\unittestproject10\bin\debug\unittestproject10.dll" id="c943d2d5-d592-e6ca-6e00-44246c3c5f00">
      <Execution id="e9e76d0e-a0c3-4e34-8b04-23369da54a48" />
      <TestMethod codeBase="C:\Users\navb\source\repos\SampleProject\TestProject\UnitTestProject10\bin\Debug\UnitTestProject10.dll" adapterTypeName="Microsoft.VisualStudio.TestTools.TestTypes.Unit.UnitTestAdapter" className="UnitTestinProgress.MSTestClass2" name="MSTest_P2_302" />
    </UnitTest>
    <UnitTest name="MSTest_P2_303" storage="c:\users\navb\source\repos\sampleproject\testproject\unittestproject10\bin\debug\unittestproject10.dll" id="9bb1dcad-fcb0-330d-0709-c9e4144cf7f8">
      <Execution id="f4049e15-1888-44d7-8e2e-ba71d4dc48a2" />
      <TestMethod codeBase="C:\Users\navb\source\repos\SampleProject\TestProject\UnitTestProject10\bin\Debug\UnitTestProject10.dll" adapterTypeName="Microsoft.VisualStudio.TestTools.TestTypes.Unit.UnitTestAdapter" className="UnitTestinProgress.MSTestClass2" name="MSTest_P2_303" />
    </UnitTest>
    <UnitTest name="MSTest_P2_304" storage="c:\users\navb\source\repos\sampleproject\testproject\unittestproject10\bin\debug\unittestproject10.dll" id="d26c349f-95f0-0d83-37b0-8277c4d50a65">
      <Execution id="004b8e94-cb66-42c2-af15-ed17d9e31b5e" />
      <TestMethod codeBase="C:\Users\navb\source\repos\SampleProject\TestProject\UnitTestProject10\bin\Debug\UnitTestProject10.dll" adapterTypeName="Microsoft.VisualStudio.TestTools.TestTypes.Unit.UnitTestAdapter" className="UnitTestinProgress.MSTestClass2" name="MSTest_P2_304" />
    </UnitTest>
    <UnitTest name="MSTest_P2_305" storage="c:\users\navb\source\repos\sampleproject\testproject\unittestproject10\bin\debug\unittestproject10.dll" id="66f6f9ca-c07b-4d38-5e2a-4920c58f51c4">
      <Execution id="b3b9e560-ab24-48cb-ad6c-c70aa13a4b60" />
      <TestMethod codeBase="C:\Users\navb\source\repos\SampleProject\TestProject\UnitTestProject10\bin\Debug\UnitTestProject10.dll" adapterTypeName="Microsoft.VisualStudio.TestTools.TestTypes.Unit.UnitTestAdapter" className="UnitTestinProgress.MSTestClass2" name="MSTest_P2_305" />
    </UnitTest>
    <UnitTest name="MSTest_P2_306" storage="c:\users\navb\source\repos\sampleproject\testproject\unittestproject10\bin\debug\unittestproject10.dll" id="e31f0b37-bc0f-e336-b3b7-a2096cfbdfc1">
      <Execution id="698b01cf-64d5-4e08-b346-e844c410be69" />
      <TestMethod codeBase="C:\Users\navb\source\repos\SampleProject\TestProject\UnitTestProject10\bin\Debug\UnitTestProject10.dll" adapterTypeName="Microsoft.VisualStudio.TestTools.TestTypes.Unit.UnitTestAdapter" className="UnitTestinProgress.MSTestClass2" name="MSTest_P2_306" />
    </UnitTest>
    <UnitTest name="MSTest_P2_307" storage="c:\users\navb\source\repos\sampleproject\testproject\unittestproject10\bin\debug\unittestproject10.dll" id="877d15db-0f38-4d44-e0c0-f170c92f8958">
      <Execution id="b4e1081e-7e88-4e88-b0c4-ab0a840790c6" />
      <TestMethod codeBase="C:\Users\navb\source\repos\SampleProject\TestProject\UnitTestProject10\bin\Debug\UnitTestProject10.dll" adapterTypeName="Microsoft.VisualStudio.TestTools.TestTypes.Unit.UnitTestAdapter" className="UnitTestinProgress.MSTestClass2" name="MSTest_P2_307" />
    </UnitTest>
    <UnitTest name="MSTest_P2_308" storage="c:\users\navb\source\repos\sampleproject\testproject\unittestproject10\bin\debug\unittestproject10.dll" id="ef7b2c37-1e52-0fec-59d9-aedf0ac4d7b8">
      <Execution id="e71cad78-6a40-4452-a45e-25449b33039f" />
      <TestMethod codeBase="C:\Users\navb\source\repos\SampleProject\TestProject\UnitTestProject10\bin\Debug\UnitTestProject10.dll" adapterTypeName="Microsoft.VisualStudio.TestTools.TestTypes.Unit.UnitTestAdapter" className="UnitTestinProgress.MSTestClass2" name="MSTest_P2_308" />
    </UnitTest>
    <UnitTest name="MSTest_P2_309" storage="c:\users\navb\source\repos\sampleproject\testproject\unittestproject10\bin\debug\unittestproject10.dll" id="182711c0-250a-b813-8f26-c4e2fd373900">
      <Execution id="2c7c23b2-87d1-4fc1-a0c9-cf64756047b0" />
      <TestMethod codeBase="C:\Users\navb\source\repos\SampleProject\TestProject\UnitTestProject10\bin\Debug\UnitTestProject10.dll" adapterTypeName="Microsoft.VisualStudio.TestTools.TestTypes.Unit.UnitTestAdapter" className="UnitTestinProgress.MSTestClass2" name="MSTest_P2_309" />
    </UnitTest>
    <UnitTest name="MSTest_P2_310" storage="c:\users\navb\source\repos\sampleproject\testproject\unittestproject10\bin\debug\unittestproject10.dll" id="9110038b-b223-ff94-2668-b85a069e7261">
      <Execution id="b05a22c7-b8b5-4e9a-bc16-bf923f939182" />
      <TestMethod codeBase="C:\Users\navb\source\repos\SampleProject\TestProject\UnitTestProject10\bin\Debug\UnitTestProject10.dll" adapterTypeName="Microsoft.VisualStudio.TestTools.TestTypes.Unit.UnitTestAdapter" className="UnitTestinProgress.MSTestClass2" name="MSTest_P2_310" />
    </UnitTest>
    <UnitTest name="MSTest_P2_311" storage="c:\users\navb\source\repos\sampleproject\testproject\unittestproject10\bin\debug\unittestproject10.dll" id="9524ede8-16bb-7379-a529-3ec35e85c5bc">
      <Execution id="a0ed1f43-4534-47b7-8f9d-ad3279a5b893" />
      <TestMethod codeBase="C:\Users\navb\source\repos\SampleProject\TestProject\UnitTestProject10\bin\Debug\UnitTestProject10.dll" adapterTypeName="Microsoft.VisualStudio.TestTools.TestTypes.Unit.UnitTestAdapter" className="UnitTestinProgress.MSTestClass2" name="MSTest_P2_311" />
    </UnitTest>
    <UnitTest name="MSTest_P2_312" storage="c:\users\navb\source\repos\sampleproject\testproject\unittestproject10\bin\debug\unittestproject10.dll" id="f85eddb6-61e8-5884-3144-1ddf8899fb41">
      <Execution id="0e8bdaff-6f6a-4c44-8775-e65b7de3886e" />
      <TestMethod codeBase="C:\Users\navb\source\repos\SampleProject\TestProject\UnitTestProject10\bin\Debug\UnitTestProject10.dll" adapterTypeName="Microsoft.VisualStudio.TestTools.TestTypes.Unit.UnitTestAdapter" className="UnitTestinProgress.MSTestClass2" name="MSTest_P2_312" />
    </UnitTest>
    <UnitTest name="MSTest_P2_313" storage="c:\users\navb\source\repos\sampleproject\testproject\unittestproject10\bin\debug\unittestproject10.dll" id="6094b16c-1fc2-c53b-5d3f-03b3a5b9342c">
      <Execution id="96e5b95f-6ea9-4817-a7e7-31dfa8edd6ac" />
      <TestMethod codeBase="C:\Users\navb\source\repos\SampleProject\TestProject\UnitTestProject10\bin\Debug\UnitTestProject10.dll" adapterTypeName="Microsoft.VisualStudio.TestTools.TestTypes.Unit.UnitTestAdapter" className="UnitTestinProgress.MSTestClass2" name="MSTest_P2_313" />
    </UnitTest>
    <UnitTest name="MSTest_P2_314" storage="c:\users\navb\source\repos\sampleproject\testproject\unittestproject10\bin\debug\unittestproject10.dll" id="339551d9-9d17-4cb2-416c-11838942374e">
      <Execution id="eed7dd39-61a3-405c-8774-a89ec4a0fba5" />
      <TestMethod codeBase="C:\Users\navb\source\repos\SampleProject\TestProject\UnitTestProject10\bin\Debug\UnitTestProject10.dll" adapterTypeName="Microsoft.VisualStudio.TestTools.TestTypes.Unit.UnitTestAdapter" className="UnitTestinProgress.MSTestClass2" name="MSTest_P2_314" />
    </UnitTest>
    <UnitTest name="MSTest_P2_315" storage="c:\users\navb\source\repos\sampleproject\testproject\unittestproject10\bin\debug\unittestproject10.dll" id="127bdc48-2cb0-eb0d-0eb8-f4e5625c7a31">
      <Execution id="c19d01ca-08af-4fd0-8ce7-d72e17c6a8f6" />
      <TestMethod codeBase="C:\Users\navb\source\repos\SampleProject\TestProject\UnitTestProject10\bin\Debug\UnitTestProject10.dll" adapterTypeName="Microsoft.VisualStudio.TestTools.TestTypes.Unit.UnitTestAdapter" className="UnitTestinProgress.MSTestClass2" name="MSTest_P2_315" />
    </UnitTest>
    <UnitTest name="MSTest_P2_316" storage="c:\users\navb\source\repos\sampleproject\testproject\unittestproject10\bin\debug\unittestproject10.dll" id="a378e966-1967-03e8-6d2e-051b0c421b96">
      <Execution id="b455d1bc-d332-4501-b2e9-3fdbe33a84b2" />
      <TestMethod codeBase="C:\Users\navb\source\repos\SampleProject\TestProject\UnitTestProject10\bin\Debug\UnitTestProject10.dll" adapterTypeName="Microsoft.VisualStudio.TestTools.TestTypes.Unit.UnitTestAdapter" className="UnitTestinProgress.MSTestClass2" name="MSTest_P2_316" />
    </UnitTest>
    <UnitTest name="MSTest_P2_317" storage="c:\users\navb\source\repos\sampleproject\testproject\unittestproject10\bin\debug\unittestproject10.dll" id="5a26a265-5783-93f2-3fcd-7e67c3d71a8c">
      <Execution id="3c162db5-9747-4132-95ad-d2ba72eb416c" />
      <TestMethod codeBase="C:\Users\navb\source\repos\SampleProject\TestProject\UnitTestProject10\bin\Debug\UnitTestProject10.dll" adapterTypeName="Microsoft.VisualStudio.TestTools.TestTypes.Unit.UnitTestAdapter" className="UnitTestinProgress.MSTestClass2" name="MSTest_P2_317" />
    </UnitTest>
    <UnitTest name="MSTest_P2_318" storage="c:\users\navb\source\repos\sampleproject\testproject\unittestproject10\bin\debug\unittestproject10.dll" id="3eced6e8-2bb6-e504-06e4-8d378e6ddff6">
      <Execution id="73d593d0-c516-4a3e-a079-6031eb2e9a17" />
      <TestMethod codeBase="C:\Users\navb\source\repos\SampleProject\TestProject\UnitTestProject10\bin\Debug\UnitTestProject10.dll" adapterTypeName="Microsoft.VisualStudio.TestTools.TestTypes.Unit.UnitTestAdapter" className="UnitTestinProgress.MSTestClass2" name="MSTest_P2_318" />
    </UnitTest>
    <UnitTest name="MSTest_P2_319" storage="c:\users\navb\source\repos\sampleproject\testproject\unittestproject10\bin\debug\unittestproject10.dll" id="67742a60-4b68-e5e0-9d7e-b44a8b7eeadd">
      <Execution id="6390898e-58df-4ae5-86e2-04057c98c271" />
      <TestMethod codeBase="C:\Users\navb\source\repos\SampleProject\TestProject\UnitTestProject10\bin\Debug\UnitTestProject10.dll" adapterTypeName="Microsoft.VisualStudio.TestTools.TestTypes.Unit.UnitTestAdapter" className="UnitTestinProgress.MSTestClass2" name="MSTest_P2_319" />
    </UnitTest>
    <UnitTest name="MSTest_P2_320" storage="c:\users\navb\source\repos\sampleproject\testproject\unittestproject10\bin\debug\unittestproject10.dll" id="5a662f06-97b9-d580-dc09-5b578c4f6e42">
      <Execution id="d28e8c88-3fb8-4650-8f7a-24e2bd885009" />
      <TestMethod codeBase="C:\Users\navb\source\repos\SampleProject\TestProject\UnitTestProject10\bin\Debug\UnitTestProject10.dll" adapterTypeName="Microsoft.VisualStudio.TestTools.TestTypes.Unit.UnitTestAdapter" className="UnitTestinProgress.MSTestClass2" name="MSTest_P2_320" />
    </UnitTest>
    <UnitTest name="MSTest_P2_321" storage="c:\users\navb\source\repos\sampleproject\testproject\unittestproject10\bin\debug\unittestproject10.dll" id="0a43a3a6-79b0-9182-0258-9188c25dc043">
      <Execution id="86d2f0d9-94d2-4e02-8782-0be6bffa813c" />
      <TestMethod codeBase="C:\Users\navb\source\repos\SampleProject\TestProject\UnitTestProject10\bin\Debug\UnitTestProject10.dll" adapterTypeName="Microsoft.VisualStudio.TestTools.TestTypes.Unit.UnitTestAdapter" className="UnitTestinProgress.MSTestClass2" name="MSTest_P2_321" />
    </UnitTest>
    <UnitTest name="MSTest_P2_322" storage="c:\users\navb\source\repos\sampleproject\testproject\unittestproject10\bin\debug\unittestproject10.dll" id="a5b0261c-99ed-6de0-4e82-ffb3c3a8c55d">
      <Execution id="b30d47ac-adea-472d-b766-54f2c8f200f4" />
      <TestMethod codeBase="C:\Users\navb\source\repos\SampleProject\TestProject\UnitTestProject10\bin\Debug\UnitTestProject10.dll" adapterTypeName="Microsoft.VisualStudio.TestTools.TestTypes.Unit.UnitTestAdapter" className="UnitTestinProgress.MSTestClass2" name="MSTest_P2_322" />
    </UnitTest>
    <UnitTest name="MSTest_P2_323" storage="c:\users\navb\source\repos\sampleproject\testproject\unittestproject10\bin\debug\unittestproject10.dll" id="dc5585c5-ed56-4d92-117f-27ee8bbc6392">
      <Execution id="58c08e82-2bf8-4199-9ac5-5f8a88c75801" />
      <TestMethod codeBase="C:\Users\navb\source\repos\SampleProject\TestProject\UnitTestProject10\bin\Debug\UnitTestProject10.dll" adapterTypeName="Microsoft.VisualStudio.TestTools.TestTypes.Unit.UnitTestAdapter" className="UnitTestinProgress.MSTestClass2" name="MSTest_P2_323" />
    </UnitTest>
    <UnitTest name="MSTest_P2_324" storage="c:\users\navb\source\repos\sampleproject\testproject\unittestproject10\bin\debug\unittestproject10.dll" id="8652aeba-792d-9d8c-0f0f-b917a43460b0">
      <Execution id="f04d0344-ed14-453d-aefb-3f8f4404246f" />
      <TestMethod codeBase="C:\Users\navb\source\repos\SampleProject\TestProject\UnitTestProject10\bin\Debug\UnitTestProject10.dll" adapterTypeName="Microsoft.VisualStudio.TestTools.TestTypes.Unit.UnitTestAdapter" className="UnitTestinProgress.MSTestClass2" name="MSTest_P2_324" />
    </UnitTest>
    <UnitTest name="MSTest_P2_325" storage="c:\users\navb\source\repos\sampleproject\testproject\unittestproject10\bin\debug\unittestproject10.dll" id="cd9b80e2-b450-dfb5-50fe-c74d73b29539">
      <Execution id="5c5ddd97-e8d1-4262-8f36-f2e953b88bb0" />
      <TestMethod codeBase="C:\Users\navb\source\repos\SampleProject\TestProject\UnitTestProject10\bin\Debug\UnitTestProject10.dll" adapterTypeName="Microsoft.VisualStudio.TestTools.TestTypes.Unit.UnitTestAdapter" className="UnitTestinProgress.MSTestClass2" name="MSTest_P2_325" />
    </UnitTest>
    <UnitTest name="MSTest_P2_326" storage="c:\users\navb\source\repos\sampleproject\testproject\unittestproject10\bin\debug\unittestproject10.dll" id="7d39e355-8daa-a30c-3d03-59dbb669e8dc">
      <Execution id="eb262187-cdf9-4ec1-8f75-92eef61193f6" />
      <TestMethod codeBase="C:\Users\navb\source\repos\SampleProject\TestProject\UnitTestProject10\bin\Debug\UnitTestProject10.dll" adapterTypeName="Microsoft.VisualStudio.TestTools.TestTypes.Unit.UnitTestAdapter" className="UnitTestinProgress.MSTestClass2" name="MSTest_P2_326" />
    </UnitTest>
    <UnitTest name="MSTest_P2_327" storage="c:\users\navb\source\repos\sampleproject\testproject\unittestproject10\bin\debug\unittestproject10.dll" id="c4fc2d07-7267-f47c-9b24-2eafbede2fff">
      <Execution id="e4ee3011-6c5c-4909-a05e-2ce1c1438c11" />
      <TestMethod codeBase="C:\Users\navb\source\repos\SampleProject\TestProject\UnitTestProject10\bin\Debug\UnitTestProject10.dll" adapterTypeName="Microsoft.VisualStudio.TestTools.TestTypes.Unit.UnitTestAdapter" className="UnitTestinProgress.MSTestClass2" name="MSTest_P2_327" />
    </UnitTest>
    <UnitTest name="MSTest_P2_328" storage="c:\users\navb\source\repos\sampleproject\testproject\unittestproject10\bin\debug\unittestproject10.dll" id="a85474ae-2967-b69d-5045-a4e24e68e36f">
      <Execution id="89f507b7-4f83-4c01-91f1-d33a905ef99d" />
      <TestMethod codeBase="C:\Users\navb\source\repos\SampleProject\TestProject\UnitTestProject10\bin\Debug\UnitTestProject10.dll" adapterTypeName="Microsoft.VisualStudio.TestTools.TestTypes.Unit.UnitTestAdapter" className="UnitTestinProgress.MSTestClass2" name="MSTest_P2_328" />
    </UnitTest>
    <UnitTest name="MSTest_P2_329" storage="c:\users\navb\source\repos\sampleproject\testproject\unittestproject10\bin\debug\unittestproject10.dll" id="142bee73-ffde-24dd-28ed-fe9e02e37abc">
      <Execution id="6683eb60-3e55-4ddc-a3a9-f4b0efc99f19" />
      <TestMethod codeBase="C:\Users\navb\source\repos\SampleProject\TestProject\UnitTestProject10\bin\Debug\UnitTestProject10.dll" adapterTypeName="Microsoft.VisualStudio.TestTools.TestTypes.Unit.UnitTestAdapter" className="UnitTestinProgress.MSTestClass2" name="MSTest_P2_329" />
    </UnitTest>
    <UnitTest name="MSTest_P2_330" storage="c:\users\navb\source\repos\sampleproject\testproject\unittestproject10\bin\debug\unittestproject10.dll" id="881cce1f-de25-d9c4-3686-f2632a9fa5d0">
      <Execution id="3ff3f09a-149e-4a2b-8c70-c056e183427e" />
      <TestMethod codeBase="C:\Users\navb\source\repos\SampleProject\TestProject\UnitTestProject10\bin\Debug\UnitTestProject10.dll" adapterTypeName="Microsoft.VisualStudio.TestTools.TestTypes.Unit.UnitTestAdapter" className="UnitTestinProgress.MSTestClass2" name="MSTest_P2_330" />
    </UnitTest>
    <UnitTest name="MSTest_P2_331" storage="c:\users\navb\source\repos\sampleproject\testproject\unittestproject10\bin\debug\unittestproject10.dll" id="a08653e0-4983-d171-dc6f-8458b680423b">
      <Execution id="d16262e7-e338-4a64-8f37-aa971a4e4efb" />
      <TestMethod codeBase="C:\Users\navb\source\repos\SampleProject\TestProject\UnitTestProject10\bin\Debug\UnitTestProject10.dll" adapterTypeName="Microsoft.VisualStudio.TestTools.TestTypes.Unit.UnitTestAdapter" className="UnitTestinProgress.MSTestClass2" name="MSTest_P2_331" />
    </UnitTest>
    <UnitTest name="MSTest_P2_332" storage="c:\users\navb\source\repos\sampleproject\testproject\unittestproject10\bin\debug\unittestproject10.dll" id="df79eee8-6d78-6afa-dd9b-a03170811a13">
      <Execution id="b94f9e6a-5187-49c6-94fd-c19f27da0406" />
      <TestMethod codeBase="C:\Users\navb\source\repos\SampleProject\TestProject\UnitTestProject10\bin\Debug\UnitTestProject10.dll" adapterTypeName="Microsoft.VisualStudio.TestTools.TestTypes.Unit.UnitTestAdapter" className="UnitTestinProgress.MSTestClass2" name="MSTest_P2_332" />
    </UnitTest>
    <UnitTest name="MSTest_P2_333" storage="c:\users\navb\source\repos\sampleproject\testproject\unittestproject10\bin\debug\unittestproject10.dll" id="3c0b759b-f07e-0aa4-02e0-0808101868e7">
      <Execution id="59159c7c-2c9a-4204-a810-2ea26a87820e" />
      <TestMethod codeBase="C:\Users\navb\source\repos\SampleProject\TestProject\UnitTestProject10\bin\Debug\UnitTestProject10.dll" adapterTypeName="Microsoft.VisualStudio.TestTools.TestTypes.Unit.UnitTestAdapter" className="UnitTestinProgress.MSTestClass2" name="MSTest_P2_333" />
    </UnitTest>
    <UnitTest name="MSTest_P2_334" storage="c:\users\navb\source\repos\sampleproject\testproject\unittestproject10\bin\debug\unittestproject10.dll" id="38841c9a-1e94-ace2-5531-37380c3cb27c">
      <Execution id="cd101edf-9ee1-44b8-8ba6-d4145cfd39f4" />
      <TestMethod codeBase="C:\Users\navb\source\repos\SampleProject\TestProject\UnitTestProject10\bin\Debug\UnitTestProject10.dll" adapterTypeName="Microsoft.VisualStudio.TestTools.TestTypes.Unit.UnitTestAdapter" className="UnitTestinProgress.MSTestClass2" name="MSTest_P2_334" />
    </UnitTest>
    <UnitTest name="MSTest_P2_335" storage="c:\users\navb\source\repos\sampleproject\testproject\unittestproject10\bin\debug\unittestproject10.dll" id="c36cb8ae-46c1-d837-c91e-720bf2554055">
      <Execution id="df348b78-990b-4745-b006-db7134246598" />
      <TestMethod codeBase="C:\Users\navb\source\repos\SampleProject\TestProject\UnitTestProject10\bin\Debug\UnitTestProject10.dll" adapterTypeName="Microsoft.VisualStudio.TestTools.TestTypes.Unit.UnitTestAdapter" className="UnitTestinProgress.MSTestClass2" name="MSTest_P2_335" />
    </UnitTest>
    <UnitTest name="MSTest_P2_336" storage="c:\users\navb\source\repos\sampleproject\testproject\unittestproject10\bin\debug\unittestproject10.dll" id="dab630fc-903d-cf72-2e8c-7c559e8ef2c8">
      <Execution id="efdc8663-e165-4bed-b523-bebc81e2e1ae" />
      <TestMethod codeBase="C:\Users\navb\source\repos\SampleProject\TestProject\UnitTestProject10\bin\Debug\UnitTestProject10.dll" adapterTypeName="Microsoft.VisualStudio.TestTools.TestTypes.Unit.UnitTestAdapter" className="UnitTestinProgress.MSTestClass2" name="MSTest_P2_336" />
    </UnitTest>
    <UnitTest name="MSTest_P2_337" storage="c:\users\navb\source\repos\sampleproject\testproject\unittestproject10\bin\debug\unittestproject10.dll" id="e2010539-700a-0895-cf20-741f7c61fd6e">
      <Execution id="d80a4e9e-3bb6-4b56-9a98-312b0c303329" />
      <TestMethod codeBase="C:\Users\navb\source\repos\SampleProject\TestProject\UnitTestProject10\bin\Debug\UnitTestProject10.dll" adapterTypeName="Microsoft.VisualStudio.TestTools.TestTypes.Unit.UnitTestAdapter" className="UnitTestinProgress.MSTestClass2" name="MSTest_P2_337" />
    </UnitTest>
    <UnitTest name="MSTest_P2_338" storage="c:\users\navb\source\repos\sampleproject\testproject\unittestproject10\bin\debug\unittestproject10.dll" id="ab40b798-d765-91f0-8e06-5b70f21cd8d8">
      <Execution id="30479175-f018-4ecf-bf08-0e43683e3458" />
      <TestMethod codeBase="C:\Users\navb\source\repos\SampleProject\TestProject\UnitTestProject10\bin\Debug\UnitTestProject10.dll" adapterTypeName="Microsoft.VisualStudio.TestTools.TestTypes.Unit.UnitTestAdapter" className="UnitTestinProgress.MSTestClass2" name="MSTest_P2_338" />
    </UnitTest>
    <UnitTest name="MSTest_P2_339" storage="c:\users\navb\source\repos\sampleproject\testproject\unittestproject10\bin\debug\unittestproject10.dll" id="5fa14b7d-7f59-da21-db8d-8057acd4ecd4">
      <Execution id="b9a37bf7-2f2d-46d3-8085-ec2c202216b9" />
      <TestMethod codeBase="C:\Users\navb\source\repos\SampleProject\TestProject\UnitTestProject10\bin\Debug\UnitTestProject10.dll" adapterTypeName="Microsoft.VisualStudio.TestTools.TestTypes.Unit.UnitTestAdapter" className="UnitTestinProgress.MSTestClass2" name="MSTest_P2_339" />
    </UnitTest>
    <UnitTest name="MSTest_P2_340" storage="c:\users\navb\source\repos\sampleproject\testproject\unittestproject10\bin\debug\unittestproject10.dll" id="7546d94d-ce85-24d5-44ac-795ab0d6437a">
      <Execution id="bf62b977-a413-42d9-91bf-5f9685ac6d09" />
      <TestMethod codeBase="C:\Users\navb\source\repos\SampleProject\TestProject\UnitTestProject10\bin\Debug\UnitTestProject10.dll" adapterTypeName="Microsoft.VisualStudio.TestTools.TestTypes.Unit.UnitTestAdapter" className="UnitTestinProgress.MSTestClass2" name="MSTest_P2_340" />
    </UnitTest>
    <UnitTest name="MSTest_P2_171" storage="c:\users\navb\source\repos\sampleproject\testproject\unittestproject10\bin\debug\unittestproject10.dll" id="2c1e3bdc-8e1d-9575-3498-9a33d518275d">
      <Execution id="c416a259-087d-43de-8521-69d5e70e28de" />
      <TestMethod codeBase="C:\Users\navb\source\repos\SampleProject\TestProject\UnitTestProject10\bin\Debug\UnitTestProject10.dll" adapterTypeName="Microsoft.VisualStudio.TestTools.TestTypes.Unit.UnitTestAdapter" className="UnitTestinProgress.MSTestClass2" name="MSTest_P2_171" />
    </UnitTest>
    <UnitTest name="MSTest_P2_172" storage="c:\users\navb\source\repos\sampleproject\testproject\unittestproject10\bin\debug\unittestproject10.dll" id="2b46fd64-e5c0-ee62-8d5c-d0040171df6a">
      <Execution id="3f5e5669-b9c6-4854-a808-e5f4ca482d1e" />
      <TestMethod codeBase="C:\Users\navb\source\repos\SampleProject\TestProject\UnitTestProject10\bin\Debug\UnitTestProject10.dll" adapterTypeName="Microsoft.VisualStudio.TestTools.TestTypes.Unit.UnitTestAdapter" className="UnitTestinProgress.MSTestClass2" name="MSTest_P2_172" />
    </UnitTest>
    <UnitTest name="MSTest_P2_173" storage="c:\users\navb\source\repos\sampleproject\testproject\unittestproject10\bin\debug\unittestproject10.dll" id="0cfe45c3-690d-b4eb-33cc-460f9a2b1e7f">
      <Execution id="3c2d840a-9dfc-4cab-a726-5e99112d4d0d" />
      <TestMethod codeBase="C:\Users\navb\source\repos\SampleProject\TestProject\UnitTestProject10\bin\Debug\UnitTestProject10.dll" adapterTypeName="Microsoft.VisualStudio.TestTools.TestTypes.Unit.UnitTestAdapter" className="UnitTestinProgress.MSTestClass2" name="MSTest_P2_173" />
    </UnitTest>
    <UnitTest name="MSTest_P2_174" storage="c:\users\navb\source\repos\sampleproject\testproject\unittestproject10\bin\debug\unittestproject10.dll" id="ab640a57-752a-59a2-6621-efb7c01890e5">
      <Execution id="9a522f09-af2d-49b4-8f1a-57c9da5d0367" />
      <TestMethod codeBase="C:\Users\navb\source\repos\SampleProject\TestProject\UnitTestProject10\bin\Debug\UnitTestProject10.dll" adapterTypeName="Microsoft.VisualStudio.TestTools.TestTypes.Unit.UnitTestAdapter" className="UnitTestinProgress.MSTestClass2" name="MSTest_P2_174" />
    </UnitTest>
    <UnitTest name="MSTest_P2_175" storage="c:\users\navb\source\repos\sampleproject\testproject\unittestproject10\bin\debug\unittestproject10.dll" id="55859722-169b-f5f5-a556-d0974eccd57b">
      <Execution id="92fd998c-fe28-4bc2-8904-5311c806efd2" />
      <TestMethod codeBase="C:\Users\navb\source\repos\SampleProject\TestProject\UnitTestProject10\bin\Debug\UnitTestProject10.dll" adapterTypeName="Microsoft.VisualStudio.TestTools.TestTypes.Unit.UnitTestAdapter" className="UnitTestinProgress.MSTestClass2" name="MSTest_P2_175" />
    </UnitTest>
    <UnitTest name="MSTest_P2_176" storage="c:\users\navb\source\repos\sampleproject\testproject\unittestproject10\bin\debug\unittestproject10.dll" id="eb685602-2e80-bc21-a1dc-470348e548df">
      <Execution id="33d5930f-7bd0-489e-8461-49ddacbc5a91" />
      <TestMethod codeBase="C:\Users\navb\source\repos\SampleProject\TestProject\UnitTestProject10\bin\Debug\UnitTestProject10.dll" adapterTypeName="Microsoft.VisualStudio.TestTools.TestTypes.Unit.UnitTestAdapter" className="UnitTestinProgress.MSTestClass2" name="MSTest_P2_176" />
    </UnitTest>
    <UnitTest name="MSTest_P2_177" storage="c:\users\navb\source\repos\sampleproject\testproject\unittestproject10\bin\debug\unittestproject10.dll" id="594e18ca-0987-37df-7dc2-c7573e82a6a9">
      <Execution id="52a71bc5-7e49-491f-b3e9-94da2522c063" />
      <TestMethod codeBase="C:\Users\navb\source\repos\SampleProject\TestProject\UnitTestProject10\bin\Debug\UnitTestProject10.dll" adapterTypeName="Microsoft.VisualStudio.TestTools.TestTypes.Unit.UnitTestAdapter" className="UnitTestinProgress.MSTestClass2" name="MSTest_P2_177" />
    </UnitTest>
    <UnitTest name="MSTest_P2_178" storage="c:\users\navb\source\repos\sampleproject\testproject\unittestproject10\bin\debug\unittestproject10.dll" id="eaa36cae-cec5-c0d3-577f-7f0969635ecb">
      <Execution id="11729a70-5b86-4472-b16c-0eace6613f91" />
      <TestMethod codeBase="C:\Users\navb\source\repos\SampleProject\TestProject\UnitTestProject10\bin\Debug\UnitTestProject10.dll" adapterTypeName="Microsoft.VisualStudio.TestTools.TestTypes.Unit.UnitTestAdapter" className="UnitTestinProgress.MSTestClass2" name="MSTest_P2_178" />
    </UnitTest>
    <UnitTest name="MSTest_P2_179" storage="c:\users\navb\source\repos\sampleproject\testproject\unittestproject10\bin\debug\unittestproject10.dll" id="b2700c23-7976-41f4-f6a2-216b72a9e115">
      <Execution id="96d6765f-f23c-417a-8437-1e1413cabb06" />
      <TestMethod codeBase="C:\Users\navb\source\repos\SampleProject\TestProject\UnitTestProject10\bin\Debug\UnitTestProject10.dll" adapterTypeName="Microsoft.VisualStudio.TestTools.TestTypes.Unit.UnitTestAdapter" className="UnitTestinProgress.MSTestClass2" name="MSTest_P2_179" />
    </UnitTest>
    <UnitTest name="MSTest_P2_180" storage="c:\users\navb\source\repos\sampleproject\testproject\unittestproject10\bin\debug\unittestproject10.dll" id="5eb34856-2da0-4203-dee1-90fc0e782f79">
      <Execution id="93ba4151-c97b-40b7-8227-1d971e7710eb" />
      <TestMethod codeBase="C:\Users\navb\source\repos\SampleProject\TestProject\UnitTestProject10\bin\Debug\UnitTestProject10.dll" adapterTypeName="Microsoft.VisualStudio.TestTools.TestTypes.Unit.UnitTestAdapter" className="UnitTestinProgress.MSTestClass2" name="MSTest_P2_180" />
    </UnitTest>
    <UnitTest name="MSTest_P2_181" storage="c:\users\navb\source\repos\sampleproject\testproject\unittestproject10\bin\debug\unittestproject10.dll" id="8654dbfb-f069-ee22-a306-8ad0a67bb14f">
      <Execution id="891ae6ff-8a53-40ef-9b0c-2b704c3eb2a6" />
      <TestMethod codeBase="C:\Users\navb\source\repos\SampleProject\TestProject\UnitTestProject10\bin\Debug\UnitTestProject10.dll" adapterTypeName="Microsoft.VisualStudio.TestTools.TestTypes.Unit.UnitTestAdapter" className="UnitTestinProgress.MSTestClass2" name="MSTest_P2_181" />
    </UnitTest>
    <UnitTest name="MSTest_P2_182" storage="c:\users\navb\source\repos\sampleproject\testproject\unittestproject10\bin\debug\unittestproject10.dll" id="f8fc2d29-ae4a-2a28-38d3-c46c841711b9">
      <Execution id="de1fb538-31fa-4953-a36d-50ef84a877f9" />
      <TestMethod codeBase="C:\Users\navb\source\repos\SampleProject\TestProject\UnitTestProject10\bin\Debug\UnitTestProject10.dll" adapterTypeName="Microsoft.VisualStudio.TestTools.TestTypes.Unit.UnitTestAdapter" className="UnitTestinProgress.MSTestClass2" name="MSTest_P2_182" />
    </UnitTest>
    <UnitTest name="MSTest_P2_183" storage="c:\users\navb\source\repos\sampleproject\testproject\unittestproject10\bin\debug\unittestproject10.dll" id="e2a26798-3e2d-66bf-b3ed-e240aa86b080">
      <Execution id="10297143-56fc-44b0-bfa6-1fba4874e369" />
      <TestMethod codeBase="C:\Users\navb\source\repos\SampleProject\TestProject\UnitTestProject10\bin\Debug\UnitTestProject10.dll" adapterTypeName="Microsoft.VisualStudio.TestTools.TestTypes.Unit.UnitTestAdapter" className="UnitTestinProgress.MSTestClass2" name="MSTest_P2_183" />
    </UnitTest>
    <UnitTest name="MSTest_P2_184" storage="c:\users\navb\source\repos\sampleproject\testproject\unittestproject10\bin\debug\unittestproject10.dll" id="aa756adc-70a2-2284-ea9c-e41840178340">
      <Execution id="4e735823-f929-420b-b44a-97bf9eb02ffe" />
      <TestMethod codeBase="C:\Users\navb\source\repos\SampleProject\TestProject\UnitTestProject10\bin\Debug\UnitTestProject10.dll" adapterTypeName="Microsoft.VisualStudio.TestTools.TestTypes.Unit.UnitTestAdapter" className="UnitTestinProgress.MSTestClass2" name="MSTest_P2_184" />
    </UnitTest>
    <UnitTest name="MSTest_P2_185" storage="c:\users\navb\source\repos\sampleproject\testproject\unittestproject10\bin\debug\unittestproject10.dll" id="c22dba7b-8048-0edc-4264-1337741bdbf3">
      <Execution id="e7408475-5993-43ca-b353-03e814d4cef5" />
      <TestMethod codeBase="C:\Users\navb\source\repos\SampleProject\TestProject\UnitTestProject10\bin\Debug\UnitTestProject10.dll" adapterTypeName="Microsoft.VisualStudio.TestTools.TestTypes.Unit.UnitTestAdapter" className="UnitTestinProgress.MSTestClass2" name="MSTest_P2_185" />
    </UnitTest>
    <UnitTest name="MSTest_P2_186" storage="c:\users\navb\source\repos\sampleproject\testproject\unittestproject10\bin\debug\unittestproject10.dll" id="0269cbf6-265f-6c87-84a6-eaad977b24a8">
      <Execution id="4f2e39e4-e7a2-4672-a947-6c60f72b9b42" />
      <TestMethod codeBase="C:\Users\navb\source\repos\SampleProject\TestProject\UnitTestProject10\bin\Debug\UnitTestProject10.dll" adapterTypeName="Microsoft.VisualStudio.TestTools.TestTypes.Unit.UnitTestAdapter" className="UnitTestinProgress.MSTestClass2" name="MSTest_P2_186" />
    </UnitTest>
    <UnitTest name="MSTest_P2_187" storage="c:\users\navb\source\repos\sampleproject\testproject\unittestproject10\bin\debug\unittestproject10.dll" id="eb80484c-36af-5133-1ada-8954549d374b">
      <Execution id="db9158ad-8fb9-4481-8611-379c6b8665e1" />
      <TestMethod codeBase="C:\Users\navb\source\repos\SampleProject\TestProject\UnitTestProject10\bin\Debug\UnitTestProject10.dll" adapterTypeName="Microsoft.VisualStudio.TestTools.TestTypes.Unit.UnitTestAdapter" className="UnitTestinProgress.MSTestClass2" name="MSTest_P2_187" />
    </UnitTest>
    <UnitTest name="MSTest_P2_188" storage="c:\users\navb\source\repos\sampleproject\testproject\unittestproject10\bin\debug\unittestproject10.dll" id="bebd57ae-bbed-9c03-8c0e-09b62ba6f6a1">
      <Execution id="44782bea-1fd7-4d64-bd61-6224996c8a6a" />
      <TestMethod codeBase="C:\Users\navb\source\repos\SampleProject\TestProject\UnitTestProject10\bin\Debug\UnitTestProject10.dll" adapterTypeName="Microsoft.VisualStudio.TestTools.TestTypes.Unit.UnitTestAdapter" className="UnitTestinProgress.MSTestClass2" name="MSTest_P2_188" />
    </UnitTest>
    <UnitTest name="MSTest_P2_189" storage="c:\users\navb\source\repos\sampleproject\testproject\unittestproject10\bin\debug\unittestproject10.dll" id="b73418ff-2ad6-01a4-4ee7-8828e8f303c7">
      <Execution id="18a82f87-3245-4e7d-9b01-f3484b93097f" />
      <TestMethod codeBase="C:\Users\navb\source\repos\SampleProject\TestProject\UnitTestProject10\bin\Debug\UnitTestProject10.dll" adapterTypeName="Microsoft.VisualStudio.TestTools.TestTypes.Unit.UnitTestAdapter" className="UnitTestinProgress.MSTestClass2" name="MSTest_P2_189" />
    </UnitTest>
    <UnitTest name="MSTest_P2_190" storage="c:\users\navb\source\repos\sampleproject\testproject\unittestproject10\bin\debug\unittestproject10.dll" id="f6e3eaa7-8848-dc04-d52d-91af0fd72d66">
      <Execution id="92a5456f-b7e3-4362-9307-8ce19b56dafd" />
      <TestMethod codeBase="C:\Users\navb\source\repos\SampleProject\TestProject\UnitTestProject10\bin\Debug\UnitTestProject10.dll" adapterTypeName="Microsoft.VisualStudio.TestTools.TestTypes.Unit.UnitTestAdapter" className="UnitTestinProgress.MSTestClass2" name="MSTest_P2_190" />
    </UnitTest>
    <UnitTest name="MSTest_P2_191" storage="c:\users\navb\source\repos\sampleproject\testproject\unittestproject10\bin\debug\unittestproject10.dll" id="8484725a-6cd4-83fb-3ffb-951c33303e96">
      <Execution id="085d45bf-d17e-4d80-9b72-d252f7261fbe" />
      <TestMethod codeBase="C:\Users\navb\source\repos\SampleProject\TestProject\UnitTestProject10\bin\Debug\UnitTestProject10.dll" adapterTypeName="Microsoft.VisualStudio.TestTools.TestTypes.Unit.UnitTestAdapter" className="UnitTestinProgress.MSTestClass2" name="MSTest_P2_191" />
    </UnitTest>
    <UnitTest name="MSTest_P2_192" storage="c:\users\navb\source\repos\sampleproject\testproject\unittestproject10\bin\debug\unittestproject10.dll" id="ae90bd75-b902-7f37-c7b5-d2bdc8c4bc61">
      <Execution id="7641e9da-19ed-4ce2-b63b-cd489610e498" />
      <TestMethod codeBase="C:\Users\navb\source\repos\SampleProject\TestProject\UnitTestProject10\bin\Debug\UnitTestProject10.dll" adapterTypeName="Microsoft.VisualStudio.TestTools.TestTypes.Unit.UnitTestAdapter" className="UnitTestinProgress.MSTestClass2" name="MSTest_P2_192" />
    </UnitTest>
    <UnitTest name="MSTest_P2_193" storage="c:\users\navb\source\repos\sampleproject\testproject\unittestproject10\bin\debug\unittestproject10.dll" id="3bf32474-7a0d-2433-69f9-4e57b260d299">
      <Execution id="730a8f2f-c126-40d2-a233-fdb7a292bccb" />
      <TestMethod codeBase="C:\Users\navb\source\repos\SampleProject\TestProject\UnitTestProject10\bin\Debug\UnitTestProject10.dll" adapterTypeName="Microsoft.VisualStudio.TestTools.TestTypes.Unit.UnitTestAdapter" className="UnitTestinProgress.MSTestClass2" name="MSTest_P2_193" />
    </UnitTest>
    <UnitTest name="MSTest_P2_194" storage="c:\users\navb\source\repos\sampleproject\testproject\unittestproject10\bin\debug\unittestproject10.dll" id="32e5d2be-7b20-dc2a-0e1d-8f5e32c6a33d">
      <Execution id="1a4a2124-3a9b-49c4-860d-bdc2fc4e77d9" />
      <TestMethod codeBase="C:\Users\navb\source\repos\SampleProject\TestProject\UnitTestProject10\bin\Debug\UnitTestProject10.dll" adapterTypeName="Microsoft.VisualStudio.TestTools.TestTypes.Unit.UnitTestAdapter" className="UnitTestinProgress.MSTestClass2" name="MSTest_P2_194" />
    </UnitTest>
    <UnitTest name="MSTest_P2_195" storage="c:\users\navb\source\repos\sampleproject\testproject\unittestproject10\bin\debug\unittestproject10.dll" id="9b2191ca-de78-2575-4a4a-b3a9a2067488">
      <Execution id="b008354c-2a40-4d73-9160-79732e835315" />
      <TestMethod codeBase="C:\Users\navb\source\repos\SampleProject\TestProject\UnitTestProject10\bin\Debug\UnitTestProject10.dll" adapterTypeName="Microsoft.VisualStudio.TestTools.TestTypes.Unit.UnitTestAdapter" className="UnitTestinProgress.MSTestClass2" name="MSTest_P2_195" />
    </UnitTest>
    <UnitTest name="MSTest_P2_196" storage="c:\users\navb\source\repos\sampleproject\testproject\unittestproject10\bin\debug\unittestproject10.dll" id="2f20d77e-7fdc-bfdf-1dd4-a8da727855f9">
      <Execution id="106501ae-bc34-41f0-bfb2-e4d2e3da2da1" />
      <TestMethod codeBase="C:\Users\navb\source\repos\SampleProject\TestProject\UnitTestProject10\bin\Debug\UnitTestProject10.dll" adapterTypeName="Microsoft.VisualStudio.TestTools.TestTypes.Unit.UnitTestAdapter" className="UnitTestinProgress.MSTestClass2" name="MSTest_P2_196" />
    </UnitTest>
    <UnitTest name="MSTest_P2_197" storage="c:\users\navb\source\repos\sampleproject\testproject\unittestproject10\bin\debug\unittestproject10.dll" id="a251fbff-911a-3cba-61e7-5ff36bd7bb05">
      <Execution id="3c8e04c8-e2ec-4bbe-bfa7-22fdb4a82015" />
      <TestMethod codeBase="C:\Users\navb\source\repos\SampleProject\TestProject\UnitTestProject10\bin\Debug\UnitTestProject10.dll" adapterTypeName="Microsoft.VisualStudio.TestTools.TestTypes.Unit.UnitTestAdapter" className="UnitTestinProgress.MSTestClass2" name="MSTest_P2_197" />
    </UnitTest>
    <UnitTest name="MSTest_P2_198" storage="c:\users\navb\source\repos\sampleproject\testproject\unittestproject10\bin\debug\unittestproject10.dll" id="d38aba40-6207-a827-6008-82706c360bc9">
      <Execution id="a8fbb94f-c5a1-4f12-a894-5aed5ae3c266" />
      <TestMethod codeBase="C:\Users\navb\source\repos\SampleProject\TestProject\UnitTestProject10\bin\Debug\UnitTestProject10.dll" adapterTypeName="Microsoft.VisualStudio.TestTools.TestTypes.Unit.UnitTestAdapter" className="UnitTestinProgress.MSTestClass2" name="MSTest_P2_198" />
    </UnitTest>
    <UnitTest name="MSTest_P2_199" storage="c:\users\navb\source\repos\sampleproject\testproject\unittestproject10\bin\debug\unittestproject10.dll" id="b0a833d1-f918-0115-a514-3841ec87d6a8">
      <Execution id="a195098e-1113-4a84-94f7-0123b1883d80" />
      <TestMethod codeBase="C:\Users\navb\source\repos\SampleProject\TestProject\UnitTestProject10\bin\Debug\UnitTestProject10.dll" adapterTypeName="Microsoft.VisualStudio.TestTools.TestTypes.Unit.UnitTestAdapter" className="UnitTestinProgress.MSTestClass2" name="MSTest_P2_199" />
    </UnitTest>
    <UnitTest name="MSTest_P2_200" storage="c:\users\navb\source\repos\sampleproject\testproject\unittestproject10\bin\debug\unittestproject10.dll" id="e2970972-ea34-e448-2041-84adb568fdea">
      <Execution id="afb6313f-3e2c-4155-8600-d4c218d66355" />
      <TestMethod codeBase="C:\Users\navb\source\repos\SampleProject\TestProject\UnitTestProject10\bin\Debug\UnitTestProject10.dll" adapterTypeName="Microsoft.VisualStudio.TestTools.TestTypes.Unit.UnitTestAdapter" className="UnitTestinProgress.MSTestClass2" name="MSTest_P2_200" />
    </UnitTest>
    <UnitTest name="MSTest_P2_201" storage="c:\users\navb\source\repos\sampleproject\testproject\unittestproject10\bin\debug\unittestproject10.dll" id="d902866a-a6c6-b644-2cc0-b7b1b80822e4">
      <Execution id="2b07329e-8e04-432c-be25-2c57cb233378" />
      <TestMethod codeBase="C:\Users\navb\source\repos\SampleProject\TestProject\UnitTestProject10\bin\Debug\UnitTestProject10.dll" adapterTypeName="Microsoft.VisualStudio.TestTools.TestTypes.Unit.UnitTestAdapter" className="UnitTestinProgress.MSTestClass2" name="MSTest_P2_201" />
    </UnitTest>
    <UnitTest name="MSTest_P2_202" storage="c:\users\navb\source\repos\sampleproject\testproject\unittestproject10\bin\debug\unittestproject10.dll" id="4f7556dd-01de-53b7-c0db-f3c78ec86f81">
      <Execution id="6b7054b3-fd92-4915-9599-d8c83d9a7159" />
      <TestMethod codeBase="C:\Users\navb\source\repos\SampleProject\TestProject\UnitTestProject10\bin\Debug\UnitTestProject10.dll" adapterTypeName="Microsoft.VisualStudio.TestTools.TestTypes.Unit.UnitTestAdapter" className="UnitTestinProgress.MSTestClass2" name="MSTest_P2_202" />
    </UnitTest>
    <UnitTest name="MSTest_P2_203" storage="c:\users\navb\source\repos\sampleproject\testproject\unittestproject10\bin\debug\unittestproject10.dll" id="d721a845-0f8a-9056-d328-0cafd2f6648b">
      <Execution id="a2259ac1-eca0-43a7-ba09-6fa95119575a" />
      <TestMethod codeBase="C:\Users\navb\source\repos\SampleProject\TestProject\UnitTestProject10\bin\Debug\UnitTestProject10.dll" adapterTypeName="Microsoft.VisualStudio.TestTools.TestTypes.Unit.UnitTestAdapter" className="UnitTestinProgress.MSTestClass2" name="MSTest_P2_203" />
    </UnitTest>
    <UnitTest name="MSTest_P2_204" storage="c:\users\navb\source\repos\sampleproject\testproject\unittestproject10\bin\debug\unittestproject10.dll" id="9c45de35-d86a-1dd1-2361-c05e2d40ebba">
      <Execution id="98129b38-5869-45f4-9944-d369157bf0ed" />
      <TestMethod codeBase="C:\Users\navb\source\repos\SampleProject\TestProject\UnitTestProject10\bin\Debug\UnitTestProject10.dll" adapterTypeName="Microsoft.VisualStudio.TestTools.TestTypes.Unit.UnitTestAdapter" className="UnitTestinProgress.MSTestClass2" name="MSTest_P2_204" />
    </UnitTest>
    <UnitTest name="MSTest_P2_205" storage="c:\users\navb\source\repos\sampleproject\testproject\unittestproject10\bin\debug\unittestproject10.dll" id="7b3f8960-4d29-cfc4-ab61-e313ce02edaf">
      <Execution id="cdbc20e8-c002-4212-8904-3c93b8e7e82f" />
      <TestMethod codeBase="C:\Users\navb\source\repos\SampleProject\TestProject\UnitTestProject10\bin\Debug\UnitTestProject10.dll" adapterTypeName="Microsoft.VisualStudio.TestTools.TestTypes.Unit.UnitTestAdapter" className="UnitTestinProgress.MSTestClass2" name="MSTest_P2_205" />
    </UnitTest>
    <UnitTest name="MSTest_P2_206" storage="c:\users\navb\source\repos\sampleproject\testproject\unittestproject10\bin\debug\unittestproject10.dll" id="cf3ce8a9-dafb-7bf0-be16-407770d74f8c">
      <Execution id="993c0cea-46c5-49fa-a8da-3237676f5a85" />
      <TestMethod codeBase="C:\Users\navb\source\repos\SampleProject\TestProject\UnitTestProject10\bin\Debug\UnitTestProject10.dll" adapterTypeName="Microsoft.VisualStudio.TestTools.TestTypes.Unit.UnitTestAdapter" className="UnitTestinProgress.MSTestClass2" name="MSTest_P2_206" />
    </UnitTest>
    <UnitTest name="MSTest_P2_207" storage="c:\users\navb\source\repos\sampleproject\testproject\unittestproject10\bin\debug\unittestproject10.dll" id="8f98d869-5df0-dc07-03cb-1a12635a8876">
      <Execution id="72fc5a03-bd5d-47ee-bcc4-845e3211af23" />
      <TestMethod codeBase="C:\Users\navb\source\repos\SampleProject\TestProject\UnitTestProject10\bin\Debug\UnitTestProject10.dll" adapterTypeName="Microsoft.VisualStudio.TestTools.TestTypes.Unit.UnitTestAdapter" className="UnitTestinProgress.MSTestClass2" name="MSTest_P2_207" />
    </UnitTest>
    <UnitTest name="MSTest_P2_208" storage="c:\users\navb\source\repos\sampleproject\testproject\unittestproject10\bin\debug\unittestproject10.dll" id="f1b57f3f-3220-124e-896b-da01bafcb43b">
      <Execution id="20f6b939-2d91-4802-a7d9-f9dfad59d821" />
      <TestMethod codeBase="C:\Users\navb\source\repos\SampleProject\TestProject\UnitTestProject10\bin\Debug\UnitTestProject10.dll" adapterTypeName="Microsoft.VisualStudio.TestTools.TestTypes.Unit.UnitTestAdapter" className="UnitTestinProgress.MSTestClass2" name="MSTest_P2_208" />
    </UnitTest>
    <UnitTest name="MSTest_P2_209" storage="c:\users\navb\source\repos\sampleproject\testproject\unittestproject10\bin\debug\unittestproject10.dll" id="d9d755e1-6dc7-5e45-5f41-1aba808dceaa">
      <Execution id="76b962f8-a05c-44bc-af29-0a1015f1f067" />
      <TestMethod codeBase="C:\Users\navb\source\repos\SampleProject\TestProject\UnitTestProject10\bin\Debug\UnitTestProject10.dll" adapterTypeName="Microsoft.VisualStudio.TestTools.TestTypes.Unit.UnitTestAdapter" className="UnitTestinProgress.MSTestClass2" name="MSTest_P2_209" />
    </UnitTest>
    <UnitTest name="MSTest_P2_210" storage="c:\users\navb\source\repos\sampleproject\testproject\unittestproject10\bin\debug\unittestproject10.dll" id="577853bd-d92f-63a0-3a06-64d985628bf4">
      <Execution id="681884c2-7a7b-4a74-aa19-a8c90f7e1700" />
      <TestMethod codeBase="C:\Users\navb\source\repos\SampleProject\TestProject\UnitTestProject10\bin\Debug\UnitTestProject10.dll" adapterTypeName="Microsoft.VisualStudio.TestTools.TestTypes.Unit.UnitTestAdapter" className="UnitTestinProgress.MSTestClass2" name="MSTest_P2_210" />
    </UnitTest>
    <UnitTest name="MSTest_P2_211" storage="c:\users\navb\source\repos\sampleproject\testproject\unittestproject10\bin\debug\unittestproject10.dll" id="ec1fffa6-089b-d47d-d435-f0a02acdccab">
      <Execution id="89a94ab9-929b-4cd3-804b-72dd62ae27df" />
      <TestMethod codeBase="C:\Users\navb\source\repos\SampleProject\TestProject\UnitTestProject10\bin\Debug\UnitTestProject10.dll" adapterTypeName="Microsoft.VisualStudio.TestTools.TestTypes.Unit.UnitTestAdapter" className="UnitTestinProgress.MSTestClass2" name="MSTest_P2_211" />
    </UnitTest>
    <UnitTest name="MSTest_P2_212" storage="c:\users\navb\source\repos\sampleproject\testproject\unittestproject10\bin\debug\unittestproject10.dll" id="42af4767-db61-a5cc-f12c-c7ba7d626fff">
      <Execution id="9f5df4d6-149d-4b23-9adf-8ca3f14da8bc" />
      <TestMethod codeBase="C:\Users\navb\source\repos\SampleProject\TestProject\UnitTestProject10\bin\Debug\UnitTestProject10.dll" adapterTypeName="Microsoft.VisualStudio.TestTools.TestTypes.Unit.UnitTestAdapter" className="UnitTestinProgress.MSTestClass2" name="MSTest_P2_212" />
    </UnitTest>
    <UnitTest name="MSTest_P2_213" storage="c:\users\navb\source\repos\sampleproject\testproject\unittestproject10\bin\debug\unittestproject10.dll" id="7a214316-ec64-dc07-4ea5-967b680b9947">
      <Execution id="b9e1cf9d-0d8d-49f7-b32a-279aec9c2d20" />
      <TestMethod codeBase="C:\Users\navb\source\repos\SampleProject\TestProject\UnitTestProject10\bin\Debug\UnitTestProject10.dll" adapterTypeName="Microsoft.VisualStudio.TestTools.TestTypes.Unit.UnitTestAdapter" className="UnitTestinProgress.MSTestClass2" name="MSTest_P2_213" />
    </UnitTest>
    <UnitTest name="MSTest_P2_214" storage="c:\users\navb\source\repos\sampleproject\testproject\unittestproject10\bin\debug\unittestproject10.dll" id="730bd739-f483-6549-4837-8508b1cb5917">
      <Execution id="e1b5412b-2ef8-4745-b6a4-3a46b7164eaf" />
      <TestMethod codeBase="C:\Users\navb\source\repos\SampleProject\TestProject\UnitTestProject10\bin\Debug\UnitTestProject10.dll" adapterTypeName="Microsoft.VisualStudio.TestTools.TestTypes.Unit.UnitTestAdapter" className="UnitTestinProgress.MSTestClass2" name="MSTest_P2_214" />
    </UnitTest>
    <UnitTest name="MSTest_P2_215" storage="c:\users\navb\source\repos\sampleproject\testproject\unittestproject10\bin\debug\unittestproject10.dll" id="6968fd26-b67d-ecc4-480a-3ffc35cb8c39">
      <Execution id="870d1593-95a3-4a3a-bd54-ce52c8277305" />
      <TestMethod codeBase="C:\Users\navb\source\repos\SampleProject\TestProject\UnitTestProject10\bin\Debug\UnitTestProject10.dll" adapterTypeName="Microsoft.VisualStudio.TestTools.TestTypes.Unit.UnitTestAdapter" className="UnitTestinProgress.MSTestClass2" name="MSTest_P2_215" />
    </UnitTest>
    <UnitTest name="MSTest_P2_216" storage="c:\users\navb\source\repos\sampleproject\testproject\unittestproject10\bin\debug\unittestproject10.dll" id="341ef31b-d437-a146-037f-a9edcdf8f8f3">
      <Execution id="c086cb55-1143-4e9e-8e2c-6499145843e7" />
      <TestMethod codeBase="C:\Users\navb\source\repos\SampleProject\TestProject\UnitTestProject10\bin\Debug\UnitTestProject10.dll" adapterTypeName="Microsoft.VisualStudio.TestTools.TestTypes.Unit.UnitTestAdapter" className="UnitTestinProgress.MSTestClass2" name="MSTest_P2_216" />
    </UnitTest>
    <UnitTest name="MSTest_P2_217" storage="c:\users\navb\source\repos\sampleproject\testproject\unittestproject10\bin\debug\unittestproject10.dll" id="00e5dc4f-943c-26cc-2233-44bd1a0b0f7e">
      <Execution id="069f17ed-a685-41a0-a778-d8dbf4ad4773" />
      <TestMethod codeBase="C:\Users\navb\source\repos\SampleProject\TestProject\UnitTestProject10\bin\Debug\UnitTestProject10.dll" adapterTypeName="Microsoft.VisualStudio.TestTools.TestTypes.Unit.UnitTestAdapter" className="UnitTestinProgress.MSTestClass2" name="MSTest_P2_217" />
    </UnitTest>
    <UnitTest name="MSTest_P2_218" storage="c:\users\navb\source\repos\sampleproject\testproject\unittestproject10\bin\debug\unittestproject10.dll" id="691aa125-d7d5-efd4-f138-9f97eb3c0bfd">
      <Execution id="65b211f9-4913-4d7e-acc4-2ccc8defb41a" />
      <TestMethod codeBase="C:\Users\navb\source\repos\SampleProject\TestProject\UnitTestProject10\bin\Debug\UnitTestProject10.dll" adapterTypeName="Microsoft.VisualStudio.TestTools.TestTypes.Unit.UnitTestAdapter" className="UnitTestinProgress.MSTestClass2" name="MSTest_P2_218" />
    </UnitTest>
    <UnitTest name="MSTest_P2_219" storage="c:\users\navb\source\repos\sampleproject\testproject\unittestproject10\bin\debug\unittestproject10.dll" id="9068a2c7-5f77-a991-fe86-17cee1cf0d9e">
      <Execution id="a2d6a9a9-137d-4429-aa2c-8e73de893c14" />
      <TestMethod codeBase="C:\Users\navb\source\repos\SampleProject\TestProject\UnitTestProject10\bin\Debug\UnitTestProject10.dll" adapterTypeName="Microsoft.VisualStudio.TestTools.TestTypes.Unit.UnitTestAdapter" className="UnitTestinProgress.MSTestClass2" name="MSTest_P2_219" />
    </UnitTest>
    <UnitTest name="MSTest_P2_220" storage="c:\users\navb\source\repos\sampleproject\testproject\unittestproject10\bin\debug\unittestproject10.dll" id="02c19d9d-3cb1-f310-6c51-02331b43a835">
      <Execution id="eadbe4e4-7ee4-4734-8622-940f8e1ea311" />
      <TestMethod codeBase="C:\Users\navb\source\repos\SampleProject\TestProject\UnitTestProject10\bin\Debug\UnitTestProject10.dll" adapterTypeName="Microsoft.VisualStudio.TestTools.TestTypes.Unit.UnitTestAdapter" className="UnitTestinProgress.MSTestClass2" name="MSTest_P2_220" />
    </UnitTest>
    <UnitTest name="MSTest_P2_221" storage="c:\users\navb\source\repos\sampleproject\testproject\unittestproject10\bin\debug\unittestproject10.dll" id="a4cf0f0e-3157-3fd2-1fd7-296445929fa6">
      <Execution id="03494658-7e94-410e-8e76-21dd4b36e9bf" />
      <TestMethod codeBase="C:\Users\navb\source\repos\SampleProject\TestProject\UnitTestProject10\bin\Debug\UnitTestProject10.dll" adapterTypeName="Microsoft.VisualStudio.TestTools.TestTypes.Unit.UnitTestAdapter" className="UnitTestinProgress.MSTestClass2" name="MSTest_P2_221" />
    </UnitTest>
    <UnitTest name="MSTest_P2_222" storage="c:\users\navb\source\repos\sampleproject\testproject\unittestproject10\bin\debug\unittestproject10.dll" id="fe6c340a-2944-b673-a471-414785b785f0">
      <Execution id="33e16e44-7818-4f09-8e9c-e4cf1fb88682" />
      <TestMethod codeBase="C:\Users\navb\source\repos\SampleProject\TestProject\UnitTestProject10\bin\Debug\UnitTestProject10.dll" adapterTypeName="Microsoft.VisualStudio.TestTools.TestTypes.Unit.UnitTestAdapter" className="UnitTestinProgress.MSTestClass2" name="MSTest_P2_222" />
    </UnitTest>
    <UnitTest name="MSTest_P2_223" storage="c:\users\navb\source\repos\sampleproject\testproject\unittestproject10\bin\debug\unittestproject10.dll" id="605d1c99-1323-da38-73f6-6baae324cf28">
      <Execution id="0dc1487c-0a48-4f7b-bb75-90046ffbfe85" />
      <TestMethod codeBase="C:\Users\navb\source\repos\SampleProject\TestProject\UnitTestProject10\bin\Debug\UnitTestProject10.dll" adapterTypeName="Microsoft.VisualStudio.TestTools.TestTypes.Unit.UnitTestAdapter" className="UnitTestinProgress.MSTestClass2" name="MSTest_P2_223" />
    </UnitTest>
    <UnitTest name="MSTest_P2_224" storage="c:\users\navb\source\repos\sampleproject\testproject\unittestproject10\bin\debug\unittestproject10.dll" id="9f5d896c-23c4-d5ae-33fd-fd6708172748">
      <Execution id="1439c82e-22a0-4c55-bc1c-6edf216cf016" />
      <TestMethod codeBase="C:\Users\navb\source\repos\SampleProject\TestProject\UnitTestProject10\bin\Debug\UnitTestProject10.dll" adapterTypeName="Microsoft.VisualStudio.TestTools.TestTypes.Unit.UnitTestAdapter" className="UnitTestinProgress.MSTestClass2" name="MSTest_P2_224" />
    </UnitTest>
    <UnitTest name="MSTest_P2_225" storage="c:\users\navb\source\repos\sampleproject\testproject\unittestproject10\bin\debug\unittestproject10.dll" id="6f678329-59b4-2768-96fe-0f42ff16fa5a">
      <Execution id="308d3658-735b-43b4-99f4-9ec191a4cf6b" />
      <TestMethod codeBase="C:\Users\navb\source\repos\SampleProject\TestProject\UnitTestProject10\bin\Debug\UnitTestProject10.dll" adapterTypeName="Microsoft.VisualStudio.TestTools.TestTypes.Unit.UnitTestAdapter" className="UnitTestinProgress.MSTestClass2" name="MSTest_P2_225" />
    </UnitTest>
    <UnitTest name="MSTest_P2_226" storage="c:\users\navb\source\repos\sampleproject\testproject\unittestproject10\bin\debug\unittestproject10.dll" id="5a0d41d5-a45f-321a-23b7-ba377fafda63">
      <Execution id="d2274274-7a86-4e3b-8161-4bcab3b85a00" />
      <TestMethod codeBase="C:\Users\navb\source\repos\SampleProject\TestProject\UnitTestProject10\bin\Debug\UnitTestProject10.dll" adapterTypeName="Microsoft.VisualStudio.TestTools.TestTypes.Unit.UnitTestAdapter" className="UnitTestinProgress.MSTestClass2" name="MSTest_P2_226" />
    </UnitTest>
    <UnitTest name="MSTest_P2_227" storage="c:\users\navb\source\repos\sampleproject\testproject\unittestproject10\bin\debug\unittestproject10.dll" id="5a86e92f-0ef8-2d17-4442-ea65b9155454">
      <Execution id="93dd0885-a641-4304-ba34-3e88051d95dc" />
      <TestMethod codeBase="C:\Users\navb\source\repos\SampleProject\TestProject\UnitTestProject10\bin\Debug\UnitTestProject10.dll" adapterTypeName="Microsoft.VisualStudio.TestTools.TestTypes.Unit.UnitTestAdapter" className="UnitTestinProgress.MSTestClass2" name="MSTest_P2_227" />
    </UnitTest>
    <UnitTest name="MSTest_P2_228" storage="c:\users\navb\source\repos\sampleproject\testproject\unittestproject10\bin\debug\unittestproject10.dll" id="ac735a88-f7b8-8443-7a9e-2c213dd47d0d">
      <Execution id="5f0d0cea-1dd8-45c0-885e-5885cf808f18" />
      <TestMethod codeBase="C:\Users\navb\source\repos\SampleProject\TestProject\UnitTestProject10\bin\Debug\UnitTestProject10.dll" adapterTypeName="Microsoft.VisualStudio.TestTools.TestTypes.Unit.UnitTestAdapter" className="UnitTestinProgress.MSTestClass2" name="MSTest_P2_228" />
    </UnitTest>
    <UnitTest name="MSTest_P2_229" storage="c:\users\navb\source\repos\sampleproject\testproject\unittestproject10\bin\debug\unittestproject10.dll" id="d1040cc9-0db5-a2c6-8e3b-599d9ae0566a">
      <Execution id="41366752-1792-4948-9d4f-05c2af5248b4" />
      <TestMethod codeBase="C:\Users\navb\source\repos\SampleProject\TestProject\UnitTestProject10\bin\Debug\UnitTestProject10.dll" adapterTypeName="Microsoft.VisualStudio.TestTools.TestTypes.Unit.UnitTestAdapter" className="UnitTestinProgress.MSTestClass2" name="MSTest_P2_229" />
    </UnitTest>
    <UnitTest name="MSTest_P2_230" storage="c:\users\navb\source\repos\sampleproject\testproject\unittestproject10\bin\debug\unittestproject10.dll" id="2cad1e90-449b-be41-afc8-3e491b2139de">
      <Execution id="5200bf02-21a1-4a85-812f-d6423594bfe9" />
      <TestMethod codeBase="C:\Users\navb\source\repos\SampleProject\TestProject\UnitTestProject10\bin\Debug\UnitTestProject10.dll" adapterTypeName="Microsoft.VisualStudio.TestTools.TestTypes.Unit.UnitTestAdapter" className="UnitTestinProgress.MSTestClass2" name="MSTest_P2_230" />
    </UnitTest>
    <UnitTest name="MSTest_P2_231" storage="c:\users\navb\source\repos\sampleproject\testproject\unittestproject10\bin\debug\unittestproject10.dll" id="5a84b0ae-e586-2a61-f5c2-4aa06fe15347">
      <Execution id="e4bfcdae-b35b-4326-9a67-911911ac8aa6" />
      <TestMethod codeBase="C:\Users\navb\source\repos\SampleProject\TestProject\UnitTestProject10\bin\Debug\UnitTestProject10.dll" adapterTypeName="Microsoft.VisualStudio.TestTools.TestTypes.Unit.UnitTestAdapter" className="UnitTestinProgress.MSTestClass2" name="MSTest_P2_231" />
    </UnitTest>
    <UnitTest name="MSTest_P2_232" storage="c:\users\navb\source\repos\sampleproject\testproject\unittestproject10\bin\debug\unittestproject10.dll" id="4eacc58a-39a5-cdc4-7cb0-909b522f5263">
      <Execution id="e91356c8-9550-4b31-8cd2-6bc234b7a8b6" />
      <TestMethod codeBase="C:\Users\navb\source\repos\SampleProject\TestProject\UnitTestProject10\bin\Debug\UnitTestProject10.dll" adapterTypeName="Microsoft.VisualStudio.TestTools.TestTypes.Unit.UnitTestAdapter" className="UnitTestinProgress.MSTestClass2" name="MSTest_P2_232" />
    </UnitTest>
    <UnitTest name="MSTest_P2_233" storage="c:\users\navb\source\repos\sampleproject\testproject\unittestproject10\bin\debug\unittestproject10.dll" id="1ae6bd7a-6166-ebed-fdc7-bafecc9a34a5">
      <Execution id="0b62f100-ba14-4054-a7c9-1ec86f278c48" />
      <TestMethod codeBase="C:\Users\navb\source\repos\SampleProject\TestProject\UnitTestProject10\bin\Debug\UnitTestProject10.dll" adapterTypeName="Microsoft.VisualStudio.TestTools.TestTypes.Unit.UnitTestAdapter" className="UnitTestinProgress.MSTestClass2" name="MSTest_P2_233" />
    </UnitTest>
    <UnitTest name="MSTest_P2_234" storage="c:\users\navb\source\repos\sampleproject\testproject\unittestproject10\bin\debug\unittestproject10.dll" id="a6af2890-8947-2003-b0eb-4dbbae27d5ed">
      <Execution id="63297c2f-820b-4dc3-8804-0822ed220cdc" />
      <TestMethod codeBase="C:\Users\navb\source\repos\SampleProject\TestProject\UnitTestProject10\bin\Debug\UnitTestProject10.dll" adapterTypeName="Microsoft.VisualStudio.TestTools.TestTypes.Unit.UnitTestAdapter" className="UnitTestinProgress.MSTestClass2" name="MSTest_P2_234" />
    </UnitTest>
    <UnitTest name="MSTest_P2_235" storage="c:\users\navb\source\repos\sampleproject\testproject\unittestproject10\bin\debug\unittestproject10.dll" id="6ceec2cf-1895-3234-fc41-4c88056af76b">
      <Execution id="613e5e7a-ed08-413f-9141-94ef9162cebf" />
      <TestMethod codeBase="C:\Users\navb\source\repos\SampleProject\TestProject\UnitTestProject10\bin\Debug\UnitTestProject10.dll" adapterTypeName="Microsoft.VisualStudio.TestTools.TestTypes.Unit.UnitTestAdapter" className="UnitTestinProgress.MSTestClass2" name="MSTest_P2_235" />
    </UnitTest>
    <UnitTest name="MSTest_P2_236" storage="c:\users\navb\source\repos\sampleproject\testproject\unittestproject10\bin\debug\unittestproject10.dll" id="ed24fa60-9ae1-327a-34dd-25499ff1e673">
      <Execution id="89ba216c-de48-4009-8d71-283e557848db" />
      <TestMethod codeBase="C:\Users\navb\source\repos\SampleProject\TestProject\UnitTestProject10\bin\Debug\UnitTestProject10.dll" adapterTypeName="Microsoft.VisualStudio.TestTools.TestTypes.Unit.UnitTestAdapter" className="UnitTestinProgress.MSTestClass2" name="MSTest_P2_236" />
    </UnitTest>
    <UnitTest name="MSTest_P2_237" storage="c:\users\navb\source\repos\sampleproject\testproject\unittestproject10\bin\debug\unittestproject10.dll" id="308de2f1-a65b-2ef3-00c3-b11aed421fad">
      <Execution id="73cb0c88-4df9-4ddb-9578-dc47884629f9" />
      <TestMethod codeBase="C:\Users\navb\source\repos\SampleProject\TestProject\UnitTestProject10\bin\Debug\UnitTestProject10.dll" adapterTypeName="Microsoft.VisualStudio.TestTools.TestTypes.Unit.UnitTestAdapter" className="UnitTestinProgress.MSTestClass2" name="MSTest_P2_237" />
    </UnitTest>
    <UnitTest name="MSTest_P2_238" storage="c:\users\navb\source\repos\sampleproject\testproject\unittestproject10\bin\debug\unittestproject10.dll" id="e67c7e39-2041-921d-fcbf-52c404627a21">
      <Execution id="2068541c-71a2-4bbd-86a5-c7f3260b0b44" />
      <TestMethod codeBase="C:\Users\navb\source\repos\SampleProject\TestProject\UnitTestProject10\bin\Debug\UnitTestProject10.dll" adapterTypeName="Microsoft.VisualStudio.TestTools.TestTypes.Unit.UnitTestAdapter" className="UnitTestinProgress.MSTestClass2" name="MSTest_P2_238" />
    </UnitTest>
    <UnitTest name="MSTest_P2_239" storage="c:\users\navb\source\repos\sampleproject\testproject\unittestproject10\bin\debug\unittestproject10.dll" id="50ceb1a3-bbee-77bd-f7c8-ea6ffa8fcb9e">
      <Execution id="a885db4a-6b62-452a-bd3c-89be1d4df45e" />
      <TestMethod codeBase="C:\Users\navb\source\repos\SampleProject\TestProject\UnitTestProject10\bin\Debug\UnitTestProject10.dll" adapterTypeName="Microsoft.VisualStudio.TestTools.TestTypes.Unit.UnitTestAdapter" className="UnitTestinProgress.MSTestClass2" name="MSTest_P2_239" />
    </UnitTest>
    <UnitTest name="MSTest_P2_240" storage="c:\users\navb\source\repos\sampleproject\testproject\unittestproject10\bin\debug\unittestproject10.dll" id="6ebc79a4-987d-2bc3-df08-09a50a77278a">
      <Execution id="027facfe-bacc-4337-adec-f09a7e37eb0c" />
      <TestMethod codeBase="C:\Users\navb\source\repos\SampleProject\TestProject\UnitTestProject10\bin\Debug\UnitTestProject10.dll" adapterTypeName="Microsoft.VisualStudio.TestTools.TestTypes.Unit.UnitTestAdapter" className="UnitTestinProgress.MSTestClass2" name="MSTest_P2_240" />
    </UnitTest>
    <UnitTest name="MSTest_P2_241" storage="c:\users\navb\source\repos\sampleproject\testproject\unittestproject10\bin\debug\unittestproject10.dll" id="412203ea-3b32-8c37-03c6-58087662cf65">
      <Execution id="fd3eb3bb-6990-4cad-b4f4-e8a1f5c5575e" />
      <TestMethod codeBase="C:\Users\navb\source\repos\SampleProject\TestProject\UnitTestProject10\bin\Debug\UnitTestProject10.dll" adapterTypeName="Microsoft.VisualStudio.TestTools.TestTypes.Unit.UnitTestAdapter" className="UnitTestinProgress.MSTestClass2" name="MSTest_P2_241" />
    </UnitTest>
    <UnitTest name="MSTest_P2_242" storage="c:\users\navb\source\repos\sampleproject\testproject\unittestproject10\bin\debug\unittestproject10.dll" id="688ab4e1-9ede-63ba-415f-d219cfbc76f5">
      <Execution id="f13e49da-6210-456d-97e8-b683d6dad2da" />
      <TestMethod codeBase="C:\Users\navb\source\repos\SampleProject\TestProject\UnitTestProject10\bin\Debug\UnitTestProject10.dll" adapterTypeName="Microsoft.VisualStudio.TestTools.TestTypes.Unit.UnitTestAdapter" className="UnitTestinProgress.MSTestClass2" name="MSTest_P2_242" />
    </UnitTest>
    <UnitTest name="MSTest_P2_243" storage="c:\users\navb\source\repos\sampleproject\testproject\unittestproject10\bin\debug\unittestproject10.dll" id="929d3ee7-c2a7-b471-7d66-c1eb4d7bfb83">
      <Execution id="3bc06c2d-048c-48ff-b995-98e0fa4cd114" />
      <TestMethod codeBase="C:\Users\navb\source\repos\SampleProject\TestProject\UnitTestProject10\bin\Debug\UnitTestProject10.dll" adapterTypeName="Microsoft.VisualStudio.TestTools.TestTypes.Unit.UnitTestAdapter" className="UnitTestinProgress.MSTestClass2" name="MSTest_P2_243" />
    </UnitTest>
    <UnitTest name="MSTest_P2_244" storage="c:\users\navb\source\repos\sampleproject\testproject\unittestproject10\bin\debug\unittestproject10.dll" id="86e77e5b-a8c7-eee6-7aa2-17ce1d5eb81f">
      <Execution id="73c8d2bd-b6a5-4c90-b51f-d8d7d9ccea51" />
      <TestMethod codeBase="C:\Users\navb\source\repos\SampleProject\TestProject\UnitTestProject10\bin\Debug\UnitTestProject10.dll" adapterTypeName="Microsoft.VisualStudio.TestTools.TestTypes.Unit.UnitTestAdapter" className="UnitTestinProgress.MSTestClass2" name="MSTest_P2_244" />
    </UnitTest>
    <UnitTest name="MSTest_P2_245" storage="c:\users\navb\source\repos\sampleproject\testproject\unittestproject10\bin\debug\unittestproject10.dll" id="48e7dd7c-963d-0c73-c44e-071d94068a1f">
      <Execution id="3bc66f55-9184-40e7-a8a1-0d2a77a73ad2" />
      <TestMethod codeBase="C:\Users\navb\source\repos\SampleProject\TestProject\UnitTestProject10\bin\Debug\UnitTestProject10.dll" adapterTypeName="Microsoft.VisualStudio.TestTools.TestTypes.Unit.UnitTestAdapter" className="UnitTestinProgress.MSTestClass2" name="MSTest_P2_245" />
    </UnitTest>
    <UnitTest name="MSTest_P2_246" storage="c:\users\navb\source\repos\sampleproject\testproject\unittestproject10\bin\debug\unittestproject10.dll" id="99afc3a3-e56c-65f0-a935-a8e52ed7d982">
      <Execution id="83c5efff-aba2-48f5-b575-3c6f384fda91" />
      <TestMethod codeBase="C:\Users\navb\source\repos\SampleProject\TestProject\UnitTestProject10\bin\Debug\UnitTestProject10.dll" adapterTypeName="Microsoft.VisualStudio.TestTools.TestTypes.Unit.UnitTestAdapter" className="UnitTestinProgress.MSTestClass2" name="MSTest_P2_246" />
    </UnitTest>
    <UnitTest name="MSTest_P2_247" storage="c:\users\navb\source\repos\sampleproject\testproject\unittestproject10\bin\debug\unittestproject10.dll" id="7900cd3f-12b8-1eff-695a-493ad9dbd3cf">
      <Execution id="b451d2e8-631a-47cb-97bd-162600fdf9f6" />
      <TestMethod codeBase="C:\Users\navb\source\repos\SampleProject\TestProject\UnitTestProject10\bin\Debug\UnitTestProject10.dll" adapterTypeName="Microsoft.VisualStudio.TestTools.TestTypes.Unit.UnitTestAdapter" className="UnitTestinProgress.MSTestClass2" name="MSTest_P2_247" />
    </UnitTest>
    <UnitTest name="MSTest_P2_248" storage="c:\users\navb\source\repos\sampleproject\testproject\unittestproject10\bin\debug\unittestproject10.dll" id="5eff9454-3e7e-e22f-ff2d-9eff65c48d24">
      <Execution id="7e21aaaf-99a4-4fdc-9dd2-734a41663d58" />
      <TestMethod codeBase="C:\Users\navb\source\repos\SampleProject\TestProject\UnitTestProject10\bin\Debug\UnitTestProject10.dll" adapterTypeName="Microsoft.VisualStudio.TestTools.TestTypes.Unit.UnitTestAdapter" className="UnitTestinProgress.MSTestClass2" name="MSTest_P2_248" />
    </UnitTest>
    <UnitTest name="MSTest_P2_249" storage="c:\users\navb\source\repos\sampleproject\testproject\unittestproject10\bin\debug\unittestproject10.dll" id="95872637-10aa-91a4-5b1e-72f11650fb60">
      <Execution id="1a3dae76-3e0f-4859-84e9-a0a00ddcf97c" />
      <TestMethod codeBase="C:\Users\navb\source\repos\SampleProject\TestProject\UnitTestProject10\bin\Debug\UnitTestProject10.dll" adapterTypeName="Microsoft.VisualStudio.TestTools.TestTypes.Unit.UnitTestAdapter" className="UnitTestinProgress.MSTestClass2" name="MSTest_P2_249" />
    </UnitTest>
    <UnitTest name="MSTest_P2_250" storage="c:\users\navb\source\repos\sampleproject\testproject\unittestproject10\bin\debug\unittestproject10.dll" id="5e9ea610-9094-fb5a-1809-d8c49e738327">
      <Execution id="a81f3f44-4852-4cc6-9087-e607b2eb71bd" />
      <TestMethod codeBase="C:\Users\navb\source\repos\SampleProject\TestProject\UnitTestProject10\bin\Debug\UnitTestProject10.dll" adapterTypeName="Microsoft.VisualStudio.TestTools.TestTypes.Unit.UnitTestAdapter" className="UnitTestinProgress.MSTestClass2" name="MSTest_P2_250" />
    </UnitTest>
    <UnitTest name="MSTest_P2_251" storage="c:\users\navb\source\repos\sampleproject\testproject\unittestproject10\bin\debug\unittestproject10.dll" id="e2464868-1917-fea2-960f-a50e75ae2910">
      <Execution id="8fb7e396-2873-464f-83d2-dbde44310f36" />
      <TestMethod codeBase="C:\Users\navb\source\repos\SampleProject\TestProject\UnitTestProject10\bin\Debug\UnitTestProject10.dll" adapterTypeName="Microsoft.VisualStudio.TestTools.TestTypes.Unit.UnitTestAdapter" className="UnitTestinProgress.MSTestClass2" name="MSTest_P2_251" />
    </UnitTest>
    <UnitTest name="MSTest_P2_252" storage="c:\users\navb\source\repos\sampleproject\testproject\unittestproject10\bin\debug\unittestproject10.dll" id="d7728b7a-65fd-b6e3-45d3-f0717092cd5c">
      <Execution id="1a0105be-c857-4384-bdf5-9cd5cc15dd98" />
      <TestMethod codeBase="C:\Users\navb\source\repos\SampleProject\TestProject\UnitTestProject10\bin\Debug\UnitTestProject10.dll" adapterTypeName="Microsoft.VisualStudio.TestTools.TestTypes.Unit.UnitTestAdapter" className="UnitTestinProgress.MSTestClass2" name="MSTest_P2_252" />
    </UnitTest>
    <UnitTest name="MSTest_P2_253" storage="c:\users\navb\source\repos\sampleproject\testproject\unittestproject10\bin\debug\unittestproject10.dll" id="988a76fb-eb14-31ef-5ee6-1186dfa7274b">
      <Execution id="3aeea0ee-10b2-4a7e-b2ef-2993f01def2a" />
      <TestMethod codeBase="C:\Users\navb\source\repos\SampleProject\TestProject\UnitTestProject10\bin\Debug\UnitTestProject10.dll" adapterTypeName="Microsoft.VisualStudio.TestTools.TestTypes.Unit.UnitTestAdapter" className="UnitTestinProgress.MSTestClass2" name="MSTest_P2_253" />
    </UnitTest>
    <UnitTest name="MSTest_P2_254" storage="c:\users\navb\source\repos\sampleproject\testproject\unittestproject10\bin\debug\unittestproject10.dll" id="f05470f3-dd98-66fc-30c8-eedbefc2c2fd">
      <Execution id="4478d163-0b75-4b90-8948-eb4ab2d35898" />
      <TestMethod codeBase="C:\Users\navb\source\repos\SampleProject\TestProject\UnitTestProject10\bin\Debug\UnitTestProject10.dll" adapterTypeName="Microsoft.VisualStudio.TestTools.TestTypes.Unit.UnitTestAdapter" className="UnitTestinProgress.MSTestClass2" name="MSTest_P2_254" />
    </UnitTest>
    <UnitTest name="MSTest_P2_255" storage="c:\users\navb\source\repos\sampleproject\testproject\unittestproject10\bin\debug\unittestproject10.dll" id="e9be7b7b-dc0a-0a89-0d10-388e7cb87792">
      <Execution id="7a955729-71f7-40b1-b16e-ba043c607991" />
      <TestMethod codeBase="C:\Users\navb\source\repos\SampleProject\TestProject\UnitTestProject10\bin\Debug\UnitTestProject10.dll" adapterTypeName="Microsoft.VisualStudio.TestTools.TestTypes.Unit.UnitTestAdapter" className="UnitTestinProgress.MSTestClass2" name="MSTest_P2_255" />
    </UnitTest>
    <UnitTest name="MSTest_P2_86" storage="c:\users\navb\source\repos\sampleproject\testproject\unittestproject10\bin\debug\unittestproject10.dll" id="8cf89d54-be14-6b51-122f-95abd8412bb8">
      <Execution id="63dfd352-db91-4821-9c60-80a5159d40b9" />
      <TestMethod codeBase="C:\Users\navb\source\repos\SampleProject\TestProject\UnitTestProject10\bin\Debug\UnitTestProject10.dll" adapterTypeName="Microsoft.VisualStudio.TestTools.TestTypes.Unit.UnitTestAdapter" className="UnitTestinProgress.MSTestClass2" name="MSTest_P2_86" />
    </UnitTest>
    <UnitTest name="MSTest_P2_87" storage="c:\users\navb\source\repos\sampleproject\testproject\unittestproject10\bin\debug\unittestproject10.dll" id="af8664c8-bb1f-43f3-80b2-16d2443501ee">
      <Execution id="2f94a4a0-eacd-40f6-83e5-81c45820db66" />
      <TestMethod codeBase="C:\Users\navb\source\repos\SampleProject\TestProject\UnitTestProject10\bin\Debug\UnitTestProject10.dll" adapterTypeName="Microsoft.VisualStudio.TestTools.TestTypes.Unit.UnitTestAdapter" className="UnitTestinProgress.MSTestClass2" name="MSTest_P2_87" />
    </UnitTest>
    <UnitTest name="MSTest_P2_88" storage="c:\users\navb\source\repos\sampleproject\testproject\unittestproject10\bin\debug\unittestproject10.dll" id="2e239ad8-51c8-4368-8f5f-8170258aca39">
      <Execution id="ae330b9d-f387-470e-89fe-b88ac0232d20" />
      <TestMethod codeBase="C:\Users\navb\source\repos\SampleProject\TestProject\UnitTestProject10\bin\Debug\UnitTestProject10.dll" adapterTypeName="Microsoft.VisualStudio.TestTools.TestTypes.Unit.UnitTestAdapter" className="UnitTestinProgress.MSTestClass2" name="MSTest_P2_88" />
    </UnitTest>
    <UnitTest name="MSTest_P2_89" storage="c:\users\navb\source\repos\sampleproject\testproject\unittestproject10\bin\debug\unittestproject10.dll" id="6a103265-61c4-c703-aa4c-eb91c9c0b9e7">
      <Execution id="47293db0-03c1-4a5b-ac8a-b08f49eb138b" />
      <TestMethod codeBase="C:\Users\navb\source\repos\SampleProject\TestProject\UnitTestProject10\bin\Debug\UnitTestProject10.dll" adapterTypeName="Microsoft.VisualStudio.TestTools.TestTypes.Unit.UnitTestAdapter" className="UnitTestinProgress.MSTestClass2" name="MSTest_P2_89" />
    </UnitTest>
    <UnitTest name="MSTest_P2_90" storage="c:\users\navb\source\repos\sampleproject\testproject\unittestproject10\bin\debug\unittestproject10.dll" id="543fd025-c46a-063a-e7de-4ca06c2152d1">
      <Execution id="9c5dd711-2cd0-4e66-981d-60b81485a9dc" />
      <TestMethod codeBase="C:\Users\navb\source\repos\SampleProject\TestProject\UnitTestProject10\bin\Debug\UnitTestProject10.dll" adapterTypeName="Microsoft.VisualStudio.TestTools.TestTypes.Unit.UnitTestAdapter" className="UnitTestinProgress.MSTestClass2" name="MSTest_P2_90" />
    </UnitTest>
    <UnitTest name="MSTest_P2_91" storage="c:\users\navb\source\repos\sampleproject\testproject\unittestproject10\bin\debug\unittestproject10.dll" id="92cdf67a-081b-2da5-36e5-8c058767cb2d">
      <Execution id="42ecde2c-4869-41f5-94ca-1c31a73ab252" />
      <TestMethod codeBase="C:\Users\navb\source\repos\SampleProject\TestProject\UnitTestProject10\bin\Debug\UnitTestProject10.dll" adapterTypeName="Microsoft.VisualStudio.TestTools.TestTypes.Unit.UnitTestAdapter" className="UnitTestinProgress.MSTestClass2" name="MSTest_P2_91" />
    </UnitTest>
    <UnitTest name="MSTest_P2_92" storage="c:\users\navb\source\repos\sampleproject\testproject\unittestproject10\bin\debug\unittestproject10.dll" id="af35a698-328d-7ccb-f3a4-1ca20c607cd3">
      <Execution id="1cfb45ba-84f5-4d8d-8082-211fb2f241a0" />
      <TestMethod codeBase="C:\Users\navb\source\repos\SampleProject\TestProject\UnitTestProject10\bin\Debug\UnitTestProject10.dll" adapterTypeName="Microsoft.VisualStudio.TestTools.TestTypes.Unit.UnitTestAdapter" className="UnitTestinProgress.MSTestClass2" name="MSTest_P2_92" />
    </UnitTest>
    <UnitTest name="MSTest_P2_93" storage="c:\users\navb\source\repos\sampleproject\testproject\unittestproject10\bin\debug\unittestproject10.dll" id="facad60b-be32-9dda-fba5-7c7fb77c582b">
      <Execution id="1ca5c183-fdf4-44b0-baba-2f4caf37a391" />
      <TestMethod codeBase="C:\Users\navb\source\repos\SampleProject\TestProject\UnitTestProject10\bin\Debug\UnitTestProject10.dll" adapterTypeName="Microsoft.VisualStudio.TestTools.TestTypes.Unit.UnitTestAdapter" className="UnitTestinProgress.MSTestClass2" name="MSTest_P2_93" />
    </UnitTest>
    <UnitTest name="MSTest_P2_94" storage="c:\users\navb\source\repos\sampleproject\testproject\unittestproject10\bin\debug\unittestproject10.dll" id="a7f039bb-e008-d895-9ca3-6a3be43521e0">
      <Execution id="b1e83ddc-fbe4-4518-bc83-6df1a6c87b83" />
      <TestMethod codeBase="C:\Users\navb\source\repos\SampleProject\TestProject\UnitTestProject10\bin\Debug\UnitTestProject10.dll" adapterTypeName="Microsoft.VisualStudio.TestTools.TestTypes.Unit.UnitTestAdapter" className="UnitTestinProgress.MSTestClass2" name="MSTest_P2_94" />
    </UnitTest>
    <UnitTest name="MSTest_P2_95" storage="c:\users\navb\source\repos\sampleproject\testproject\unittestproject10\bin\debug\unittestproject10.dll" id="c7f0b721-5cb3-11b9-78ce-982c6c93b561">
      <Execution id="8723b82a-c41b-4c8a-8b28-31e6501f0ddc" />
      <TestMethod codeBase="C:\Users\navb\source\repos\SampleProject\TestProject\UnitTestProject10\bin\Debug\UnitTestProject10.dll" adapterTypeName="Microsoft.VisualStudio.TestTools.TestTypes.Unit.UnitTestAdapter" className="UnitTestinProgress.MSTestClass2" name="MSTest_P2_95" />
    </UnitTest>
    <UnitTest name="MSTest_P2_96" storage="c:\users\navb\source\repos\sampleproject\testproject\unittestproject10\bin\debug\unittestproject10.dll" id="9f772cef-e404-3eb2-ee64-340c0f46aba5">
      <Execution id="eb4c7348-5ac0-496d-9efc-1cbc9d250245" />
      <TestMethod codeBase="C:\Users\navb\source\repos\SampleProject\TestProject\UnitTestProject10\bin\Debug\UnitTestProject10.dll" adapterTypeName="Microsoft.VisualStudio.TestTools.TestTypes.Unit.UnitTestAdapter" className="UnitTestinProgress.MSTestClass2" name="MSTest_P2_96" />
    </UnitTest>
    <UnitTest name="MSTest_P2_97" storage="c:\users\navb\source\repos\sampleproject\testproject\unittestproject10\bin\debug\unittestproject10.dll" id="939a2244-834b-61d1-6354-aa06c674cd79">
      <Execution id="e88a0fee-691c-4c93-9a95-011afbdf4bb1" />
      <TestMethod codeBase="C:\Users\navb\source\repos\SampleProject\TestProject\UnitTestProject10\bin\Debug\UnitTestProject10.dll" adapterTypeName="Microsoft.VisualStudio.TestTools.TestTypes.Unit.UnitTestAdapter" className="UnitTestinProgress.MSTestClass2" name="MSTest_P2_97" />
    </UnitTest>
    <UnitTest name="MSTest_P2_98" storage="c:\users\navb\source\repos\sampleproject\testproject\unittestproject10\bin\debug\unittestproject10.dll" id="3c0ef892-0b3e-7e60-bcd6-b7064953d994">
      <Execution id="7249403a-a2d5-4971-b5e7-0f428d05913a" />
      <TestMethod codeBase="C:\Users\navb\source\repos\SampleProject\TestProject\UnitTestProject10\bin\Debug\UnitTestProject10.dll" adapterTypeName="Microsoft.VisualStudio.TestTools.TestTypes.Unit.UnitTestAdapter" className="UnitTestinProgress.MSTestClass2" name="MSTest_P2_98" />
    </UnitTest>
    <UnitTest name="MSTest_P2_99" storage="c:\users\navb\source\repos\sampleproject\testproject\unittestproject10\bin\debug\unittestproject10.dll" id="7d6d4444-0857-2926-ad21-737ce1d59354">
      <Execution id="f94f9364-94da-4994-b3c0-ad2f74a9a532" />
      <TestMethod codeBase="C:\Users\navb\source\repos\SampleProject\TestProject\UnitTestProject10\bin\Debug\UnitTestProject10.dll" adapterTypeName="Microsoft.VisualStudio.TestTools.TestTypes.Unit.UnitTestAdapter" className="UnitTestinProgress.MSTestClass2" name="MSTest_P2_99" />
    </UnitTest>
    <UnitTest name="MSTest_P2_100" storage="c:\users\navb\source\repos\sampleproject\testproject\unittestproject10\bin\debug\unittestproject10.dll" id="29221416-c2aa-3a8e-bcbb-e2e374422384">
      <Execution id="237320a1-9be1-46b0-9372-5f22bc515c90" />
      <TestMethod codeBase="C:\Users\navb\source\repos\SampleProject\TestProject\UnitTestProject10\bin\Debug\UnitTestProject10.dll" adapterTypeName="Microsoft.VisualStudio.TestTools.TestTypes.Unit.UnitTestAdapter" className="UnitTestinProgress.MSTestClass2" name="MSTest_P2_100" />
    </UnitTest>
    <UnitTest name="MSTest_P2_101" storage="c:\users\navb\source\repos\sampleproject\testproject\unittestproject10\bin\debug\unittestproject10.dll" id="3f1a6d2c-e41e-7400-2935-a30ddfef3b4f">
      <Execution id="cab71a2f-cdec-4626-9fb8-682bc33697f1" />
      <TestMethod codeBase="C:\Users\navb\source\repos\SampleProject\TestProject\UnitTestProject10\bin\Debug\UnitTestProject10.dll" adapterTypeName="Microsoft.VisualStudio.TestTools.TestTypes.Unit.UnitTestAdapter" className="UnitTestinProgress.MSTestClass2" name="MSTest_P2_101" />
    </UnitTest>
    <UnitTest name="MSTest_P2_102" storage="c:\users\navb\source\repos\sampleproject\testproject\unittestproject10\bin\debug\unittestproject10.dll" id="915baf8a-558c-8445-25e8-39afc4def2d3">
      <Execution id="ddc2e676-3c36-45e1-b8c1-870b9b22f15b" />
      <TestMethod codeBase="C:\Users\navb\source\repos\SampleProject\TestProject\UnitTestProject10\bin\Debug\UnitTestProject10.dll" adapterTypeName="Microsoft.VisualStudio.TestTools.TestTypes.Unit.UnitTestAdapter" className="UnitTestinProgress.MSTestClass2" name="MSTest_P2_102" />
    </UnitTest>
    <UnitTest name="MSTest_P2_103" storage="c:\users\navb\source\repos\sampleproject\testproject\unittestproject10\bin\debug\unittestproject10.dll" id="fccc4855-8f79-aac6-2d77-b19e845576b0">
      <Execution id="de28fb9f-e746-4dfb-adaf-7d09c47db999" />
      <TestMethod codeBase="C:\Users\navb\source\repos\SampleProject\TestProject\UnitTestProject10\bin\Debug\UnitTestProject10.dll" adapterTypeName="Microsoft.VisualStudio.TestTools.TestTypes.Unit.UnitTestAdapter" className="UnitTestinProgress.MSTestClass2" name="MSTest_P2_103" />
    </UnitTest>
    <UnitTest name="MSTest_P2_104" storage="c:\users\navb\source\repos\sampleproject\testproject\unittestproject10\bin\debug\unittestproject10.dll" id="fd196665-9f74-c566-c22f-3c3e5b1d3bc2">
      <Execution id="0b99fa5f-2152-4ebe-85a8-7ef840a4ba2f" />
      <TestMethod codeBase="C:\Users\navb\source\repos\SampleProject\TestProject\UnitTestProject10\bin\Debug\UnitTestProject10.dll" adapterTypeName="Microsoft.VisualStudio.TestTools.TestTypes.Unit.UnitTestAdapter" className="UnitTestinProgress.MSTestClass2" name="MSTest_P2_104" />
    </UnitTest>
    <UnitTest name="MSTest_P2_105" storage="c:\users\navb\source\repos\sampleproject\testproject\unittestproject10\bin\debug\unittestproject10.dll" id="91185eda-8025-13c8-dfb8-0ba856a8e4b6">
      <Execution id="28e52f75-9d3c-4a35-a67f-7fafa841c244" />
      <TestMethod codeBase="C:\Users\navb\source\repos\SampleProject\TestProject\UnitTestProject10\bin\Debug\UnitTestProject10.dll" adapterTypeName="Microsoft.VisualStudio.TestTools.TestTypes.Unit.UnitTestAdapter" className="UnitTestinProgress.MSTestClass2" name="MSTest_P2_105" />
    </UnitTest>
    <UnitTest name="MSTest_P2_106" storage="c:\users\navb\source\repos\sampleproject\testproject\unittestproject10\bin\debug\unittestproject10.dll" id="2312bf96-caf8-4555-c7c6-ad46b1dc526b">
      <Execution id="5a6d746c-9b37-4b98-af92-3afde85c17dd" />
      <TestMethod codeBase="C:\Users\navb\source\repos\SampleProject\TestProject\UnitTestProject10\bin\Debug\UnitTestProject10.dll" adapterTypeName="Microsoft.VisualStudio.TestTools.TestTypes.Unit.UnitTestAdapter" className="UnitTestinProgress.MSTestClass2" name="MSTest_P2_106" />
    </UnitTest>
    <UnitTest name="MSTest_P2_107" storage="c:\users\navb\source\repos\sampleproject\testproject\unittestproject10\bin\debug\unittestproject10.dll" id="16c2d2bb-f749-1b84-5d1a-f4693eeff379">
      <Execution id="8e520ed5-8c57-46c5-9cf0-59a207e633a4" />
      <TestMethod codeBase="C:\Users\navb\source\repos\SampleProject\TestProject\UnitTestProject10\bin\Debug\UnitTestProject10.dll" adapterTypeName="Microsoft.VisualStudio.TestTools.TestTypes.Unit.UnitTestAdapter" className="UnitTestinProgress.MSTestClass2" name="MSTest_P2_107" />
    </UnitTest>
    <UnitTest name="MSTest_P2_108" storage="c:\users\navb\source\repos\sampleproject\testproject\unittestproject10\bin\debug\unittestproject10.dll" id="3052bbd6-828d-da64-f0c6-52ba6226af7a">
      <Execution id="23db3e23-cbd4-4d81-aab1-857d7b9998ad" />
      <TestMethod codeBase="C:\Users\navb\source\repos\SampleProject\TestProject\UnitTestProject10\bin\Debug\UnitTestProject10.dll" adapterTypeName="Microsoft.VisualStudio.TestTools.TestTypes.Unit.UnitTestAdapter" className="UnitTestinProgress.MSTestClass2" name="MSTest_P2_108" />
    </UnitTest>
    <UnitTest name="MSTest_P2_109" storage="c:\users\navb\source\repos\sampleproject\testproject\unittestproject10\bin\debug\unittestproject10.dll" id="de7798a5-e4ad-f8d4-2c72-5c24a0cf7145">
      <Execution id="156b95bb-77a0-4611-84f6-95a0189750c4" />
      <TestMethod codeBase="C:\Users\navb\source\repos\SampleProject\TestProject\UnitTestProject10\bin\Debug\UnitTestProject10.dll" adapterTypeName="Microsoft.VisualStudio.TestTools.TestTypes.Unit.UnitTestAdapter" className="UnitTestinProgress.MSTestClass2" name="MSTest_P2_109" />
    </UnitTest>
    <UnitTest name="MSTest_P2_110" storage="c:\users\navb\source\repos\sampleproject\testproject\unittestproject10\bin\debug\unittestproject10.dll" id="537f464b-2890-762f-2d6a-4c915364b3e3">
      <Execution id="cd2d82d9-df7c-47fb-9660-5f19fa1c7372" />
      <TestMethod codeBase="C:\Users\navb\source\repos\SampleProject\TestProject\UnitTestProject10\bin\Debug\UnitTestProject10.dll" adapterTypeName="Microsoft.VisualStudio.TestTools.TestTypes.Unit.UnitTestAdapter" className="UnitTestinProgress.MSTestClass2" name="MSTest_P2_110" />
    </UnitTest>
    <UnitTest name="MSTest_P2_111" storage="c:\users\navb\source\repos\sampleproject\testproject\unittestproject10\bin\debug\unittestproject10.dll" id="c43ccd69-1d07-f1ca-15df-57ee4d99dac7">
      <Execution id="357575e2-9a5b-4cad-b347-563406d0bdab" />
      <TestMethod codeBase="C:\Users\navb\source\repos\SampleProject\TestProject\UnitTestProject10\bin\Debug\UnitTestProject10.dll" adapterTypeName="Microsoft.VisualStudio.TestTools.TestTypes.Unit.UnitTestAdapter" className="UnitTestinProgress.MSTestClass2" name="MSTest_P2_111" />
    </UnitTest>
    <UnitTest name="MSTest_P2_112" storage="c:\users\navb\source\repos\sampleproject\testproject\unittestproject10\bin\debug\unittestproject10.dll" id="9f00f2fa-3d74-2446-5749-9f3e0babecac">
      <Execution id="ef2a0fd9-7696-41d6-84d5-bab3be28e7b1" />
      <TestMethod codeBase="C:\Users\navb\source\repos\SampleProject\TestProject\UnitTestProject10\bin\Debug\UnitTestProject10.dll" adapterTypeName="Microsoft.VisualStudio.TestTools.TestTypes.Unit.UnitTestAdapter" className="UnitTestinProgress.MSTestClass2" name="MSTest_P2_112" />
    </UnitTest>
    <UnitTest name="MSTest_P2_113" storage="c:\users\navb\source\repos\sampleproject\testproject\unittestproject10\bin\debug\unittestproject10.dll" id="cd11f649-a23e-aa6b-25ea-c9537d6d7754">
      <Execution id="a89b0247-268b-4e0f-b835-d543807298c0" />
      <TestMethod codeBase="C:\Users\navb\source\repos\SampleProject\TestProject\UnitTestProject10\bin\Debug\UnitTestProject10.dll" adapterTypeName="Microsoft.VisualStudio.TestTools.TestTypes.Unit.UnitTestAdapter" className="UnitTestinProgress.MSTestClass2" name="MSTest_P2_113" />
    </UnitTest>
    <UnitTest name="MSTest_P2_114" storage="c:\users\navb\source\repos\sampleproject\testproject\unittestproject10\bin\debug\unittestproject10.dll" id="34211a94-c56c-bda5-da75-a958f6fec0fd">
      <Execution id="ce14c3d9-1eca-4961-bac5-f31979152ba5" />
      <TestMethod codeBase="C:\Users\navb\source\repos\SampleProject\TestProject\UnitTestProject10\bin\Debug\UnitTestProject10.dll" adapterTypeName="Microsoft.VisualStudio.TestTools.TestTypes.Unit.UnitTestAdapter" className="UnitTestinProgress.MSTestClass2" name="MSTest_P2_114" />
    </UnitTest>
    <UnitTest name="MSTest_P2_115" storage="c:\users\navb\source\repos\sampleproject\testproject\unittestproject10\bin\debug\unittestproject10.dll" id="914fcf56-73e7-5755-af49-0edb6532b413">
      <Execution id="811365ff-a720-4ad8-a224-8d641d34da8a" />
      <TestMethod codeBase="C:\Users\navb\source\repos\SampleProject\TestProject\UnitTestProject10\bin\Debug\UnitTestProject10.dll" adapterTypeName="Microsoft.VisualStudio.TestTools.TestTypes.Unit.UnitTestAdapter" className="UnitTestinProgress.MSTestClass2" name="MSTest_P2_115" />
    </UnitTest>
    <UnitTest name="MSTest_P2_116" storage="c:\users\navb\source\repos\sampleproject\testproject\unittestproject10\bin\debug\unittestproject10.dll" id="55fcdea5-f0c8-1939-1d6f-85530f5b3f84">
      <Execution id="9c6029b4-25e4-4c38-8043-5415f4931397" />
      <TestMethod codeBase="C:\Users\navb\source\repos\SampleProject\TestProject\UnitTestProject10\bin\Debug\UnitTestProject10.dll" adapterTypeName="Microsoft.VisualStudio.TestTools.TestTypes.Unit.UnitTestAdapter" className="UnitTestinProgress.MSTestClass2" name="MSTest_P2_116" />
    </UnitTest>
    <UnitTest name="MSTest_P2_117" storage="c:\users\navb\source\repos\sampleproject\testproject\unittestproject10\bin\debug\unittestproject10.dll" id="bd9e4de3-f354-3ba6-5d06-fcf4d194d7fd">
      <Execution id="f8bd1492-73fc-4dca-9b26-62185d712a43" />
      <TestMethod codeBase="C:\Users\navb\source\repos\SampleProject\TestProject\UnitTestProject10\bin\Debug\UnitTestProject10.dll" adapterTypeName="Microsoft.VisualStudio.TestTools.TestTypes.Unit.UnitTestAdapter" className="UnitTestinProgress.MSTestClass2" name="MSTest_P2_117" />
    </UnitTest>
    <UnitTest name="MSTest_P2_118" storage="c:\users\navb\source\repos\sampleproject\testproject\unittestproject10\bin\debug\unittestproject10.dll" id="e01f699e-2cfd-1511-9baf-46a63b479927">
      <Execution id="049982d6-1996-4ea8-a9dc-99b0ceb28bac" />
      <TestMethod codeBase="C:\Users\navb\source\repos\SampleProject\TestProject\UnitTestProject10\bin\Debug\UnitTestProject10.dll" adapterTypeName="Microsoft.VisualStudio.TestTools.TestTypes.Unit.UnitTestAdapter" className="UnitTestinProgress.MSTestClass2" name="MSTest_P2_118" />
    </UnitTest>
    <UnitTest name="MSTest_P2_119" storage="c:\users\navb\source\repos\sampleproject\testproject\unittestproject10\bin\debug\unittestproject10.dll" id="807a3318-f20a-42a4-889a-f1120df8c97a">
      <Execution id="e376d97e-69e2-42dc-aa25-2b66b37d6734" />
      <TestMethod codeBase="C:\Users\navb\source\repos\SampleProject\TestProject\UnitTestProject10\bin\Debug\UnitTestProject10.dll" adapterTypeName="Microsoft.VisualStudio.TestTools.TestTypes.Unit.UnitTestAdapter" className="UnitTestinProgress.MSTestClass2" name="MSTest_P2_119" />
    </UnitTest>
    <UnitTest name="MSTest_P2_120" storage="c:\users\navb\source\repos\sampleproject\testproject\unittestproject10\bin\debug\unittestproject10.dll" id="3a2ef3df-829b-c946-16cd-4ccab9f111ab">
      <Execution id="a2695ef1-e59e-441c-be7f-58e5fbd445cc" />
      <TestMethod codeBase="C:\Users\navb\source\repos\SampleProject\TestProject\UnitTestProject10\bin\Debug\UnitTestProject10.dll" adapterTypeName="Microsoft.VisualStudio.TestTools.TestTypes.Unit.UnitTestAdapter" className="UnitTestinProgress.MSTestClass2" name="MSTest_P2_120" />
    </UnitTest>
    <UnitTest name="MSTest_P2_121" storage="c:\users\navb\source\repos\sampleproject\testproject\unittestproject10\bin\debug\unittestproject10.dll" id="33f1551c-325e-5bc6-9b2a-69eeddb08656">
      <Execution id="58a00f86-36cf-4ac2-bd3a-1aad6abc29ac" />
      <TestMethod codeBase="C:\Users\navb\source\repos\SampleProject\TestProject\UnitTestProject10\bin\Debug\UnitTestProject10.dll" adapterTypeName="Microsoft.VisualStudio.TestTools.TestTypes.Unit.UnitTestAdapter" className="UnitTestinProgress.MSTestClass2" name="MSTest_P2_121" />
    </UnitTest>
    <UnitTest name="MSTest_P2_122" storage="c:\users\navb\source\repos\sampleproject\testproject\unittestproject10\bin\debug\unittestproject10.dll" id="1ba574a1-6649-3d9c-bbd9-ac7d24976a9a">
      <Execution id="0157d6ee-e1ef-4631-99e1-224bedc7c1c2" />
      <TestMethod codeBase="C:\Users\navb\source\repos\SampleProject\TestProject\UnitTestProject10\bin\Debug\UnitTestProject10.dll" adapterTypeName="Microsoft.VisualStudio.TestTools.TestTypes.Unit.UnitTestAdapter" className="UnitTestinProgress.MSTestClass2" name="MSTest_P2_122" />
    </UnitTest>
    <UnitTest name="MSTest_P2_123" storage="c:\users\navb\source\repos\sampleproject\testproject\unittestproject10\bin\debug\unittestproject10.dll" id="5a87932a-3364-a4d0-eff8-debcdd964c85">
      <Execution id="3c044ade-c354-4d2a-9415-75ba34cd26e3" />
      <TestMethod codeBase="C:\Users\navb\source\repos\SampleProject\TestProject\UnitTestProject10\bin\Debug\UnitTestProject10.dll" adapterTypeName="Microsoft.VisualStudio.TestTools.TestTypes.Unit.UnitTestAdapter" className="UnitTestinProgress.MSTestClass2" name="MSTest_P2_123" />
    </UnitTest>
    <UnitTest name="MSTest_P2_124" storage="c:\users\navb\source\repos\sampleproject\testproject\unittestproject10\bin\debug\unittestproject10.dll" id="683f065d-9593-0c25-faae-663a5d47b14d">
      <Execution id="13a78abb-a1e8-4108-8057-b14d6cdc65b5" />
      <TestMethod codeBase="C:\Users\navb\source\repos\SampleProject\TestProject\UnitTestProject10\bin\Debug\UnitTestProject10.dll" adapterTypeName="Microsoft.VisualStudio.TestTools.TestTypes.Unit.UnitTestAdapter" className="UnitTestinProgress.MSTestClass2" name="MSTest_P2_124" />
    </UnitTest>
    <UnitTest name="MSTest_P2_125" storage="c:\users\navb\source\repos\sampleproject\testproject\unittestproject10\bin\debug\unittestproject10.dll" id="82b008a7-be57-0cc4-9799-cf73507f9143">
      <Execution id="73fb3317-7ba9-4750-9075-f84fb029204f" />
      <TestMethod codeBase="C:\Users\navb\source\repos\SampleProject\TestProject\UnitTestProject10\bin\Debug\UnitTestProject10.dll" adapterTypeName="Microsoft.VisualStudio.TestTools.TestTypes.Unit.UnitTestAdapter" className="UnitTestinProgress.MSTestClass2" name="MSTest_P2_125" />
    </UnitTest>
    <UnitTest name="MSTest_P2_126" storage="c:\users\navb\source\repos\sampleproject\testproject\unittestproject10\bin\debug\unittestproject10.dll" id="54cf61e4-1c71-8316-8ed4-f64d77175755">
      <Execution id="61be1fbd-ba96-41fb-a71f-70d61100bbfd" />
      <TestMethod codeBase="C:\Users\navb\source\repos\SampleProject\TestProject\UnitTestProject10\bin\Debug\UnitTestProject10.dll" adapterTypeName="Microsoft.VisualStudio.TestTools.TestTypes.Unit.UnitTestAdapter" className="UnitTestinProgress.MSTestClass2" name="MSTest_P2_126" />
    </UnitTest>
    <UnitTest name="MSTest_P2_127" storage="c:\users\navb\source\repos\sampleproject\testproject\unittestproject10\bin\debug\unittestproject10.dll" id="313fbd05-9ccb-9751-9fc3-6e68b028f609">
      <Execution id="9912497b-0ee2-4a11-b72b-3c89f85faa61" />
      <TestMethod codeBase="C:\Users\navb\source\repos\SampleProject\TestProject\UnitTestProject10\bin\Debug\UnitTestProject10.dll" adapterTypeName="Microsoft.VisualStudio.TestTools.TestTypes.Unit.UnitTestAdapter" className="UnitTestinProgress.MSTestClass2" name="MSTest_P2_127" />
    </UnitTest>
    <UnitTest name="MSTest_P2_128" storage="c:\users\navb\source\repos\sampleproject\testproject\unittestproject10\bin\debug\unittestproject10.dll" id="fdf1163b-4929-09f8-4881-b4623554d75c">
      <Execution id="2c33b7be-6ea5-4fcc-85c7-d2c8ec9869cd" />
      <TestMethod codeBase="C:\Users\navb\source\repos\SampleProject\TestProject\UnitTestProject10\bin\Debug\UnitTestProject10.dll" adapterTypeName="Microsoft.VisualStudio.TestTools.TestTypes.Unit.UnitTestAdapter" className="UnitTestinProgress.MSTestClass2" name="MSTest_P2_128" />
    </UnitTest>
    <UnitTest name="MSTest_P2_129" storage="c:\users\navb\source\repos\sampleproject\testproject\unittestproject10\bin\debug\unittestproject10.dll" id="3b471184-88ca-7a13-34f4-c6d1b7cf4d66">
      <Execution id="03231c0d-da4a-489f-bdb7-55898d71e891" />
      <TestMethod codeBase="C:\Users\navb\source\repos\SampleProject\TestProject\UnitTestProject10\bin\Debug\UnitTestProject10.dll" adapterTypeName="Microsoft.VisualStudio.TestTools.TestTypes.Unit.UnitTestAdapter" className="UnitTestinProgress.MSTestClass2" name="MSTest_P2_129" />
    </UnitTest>
    <UnitTest name="MSTest_P2_130" storage="c:\users\navb\source\repos\sampleproject\testproject\unittestproject10\bin\debug\unittestproject10.dll" id="953013aa-d082-3c5d-8a98-9e0ecff132b0">
      <Execution id="bd7c26bc-a6de-413a-b97d-83929414867b" />
      <TestMethod codeBase="C:\Users\navb\source\repos\SampleProject\TestProject\UnitTestProject10\bin\Debug\UnitTestProject10.dll" adapterTypeName="Microsoft.VisualStudio.TestTools.TestTypes.Unit.UnitTestAdapter" className="UnitTestinProgress.MSTestClass2" name="MSTest_P2_130" />
    </UnitTest>
    <UnitTest name="MSTest_P2_131" storage="c:\users\navb\source\repos\sampleproject\testproject\unittestproject10\bin\debug\unittestproject10.dll" id="7c6a723b-a4be-6a05-a4a9-5ba579b0ba3b">
      <Execution id="246efadb-bc2c-48fb-9bf4-cbf6f9f732d1" />
      <TestMethod codeBase="C:\Users\navb\source\repos\SampleProject\TestProject\UnitTestProject10\bin\Debug\UnitTestProject10.dll" adapterTypeName="Microsoft.VisualStudio.TestTools.TestTypes.Unit.UnitTestAdapter" className="UnitTestinProgress.MSTestClass2" name="MSTest_P2_131" />
    </UnitTest>
    <UnitTest name="MSTest_P2_132" storage="c:\users\navb\source\repos\sampleproject\testproject\unittestproject10\bin\debug\unittestproject10.dll" id="45cb87c9-ee6a-f724-01aa-c025b8b44d98">
      <Execution id="16fdf3a1-7538-40cc-88b3-e06f2e005108" />
      <TestMethod codeBase="C:\Users\navb\source\repos\SampleProject\TestProject\UnitTestProject10\bin\Debug\UnitTestProject10.dll" adapterTypeName="Microsoft.VisualStudio.TestTools.TestTypes.Unit.UnitTestAdapter" className="UnitTestinProgress.MSTestClass2" name="MSTest_P2_132" />
    </UnitTest>
    <UnitTest name="MSTest_P2_133" storage="c:\users\navb\source\repos\sampleproject\testproject\unittestproject10\bin\debug\unittestproject10.dll" id="12f89f78-f9fc-272f-f46c-011dcde46eaa">
      <Execution id="506ac722-8908-4d6b-9910-f5198650cae6" />
      <TestMethod codeBase="C:\Users\navb\source\repos\SampleProject\TestProject\UnitTestProject10\bin\Debug\UnitTestProject10.dll" adapterTypeName="Microsoft.VisualStudio.TestTools.TestTypes.Unit.UnitTestAdapter" className="UnitTestinProgress.MSTestClass2" name="MSTest_P2_133" />
    </UnitTest>
    <UnitTest name="MSTest_P2_134" storage="c:\users\navb\source\repos\sampleproject\testproject\unittestproject10\bin\debug\unittestproject10.dll" id="385136dc-bac7-acd8-7962-cdf97a4bb2c9">
      <Execution id="28aa9e20-79a7-495c-9885-8881a1f979e5" />
      <TestMethod codeBase="C:\Users\navb\source\repos\SampleProject\TestProject\UnitTestProject10\bin\Debug\UnitTestProject10.dll" adapterTypeName="Microsoft.VisualStudio.TestTools.TestTypes.Unit.UnitTestAdapter" className="UnitTestinProgress.MSTestClass2" name="MSTest_P2_134" />
    </UnitTest>
    <UnitTest name="MSTest_P2_135" storage="c:\users\navb\source\repos\sampleproject\testproject\unittestproject10\bin\debug\unittestproject10.dll" id="11a34d87-512e-de17-6267-ac3a29b1cf72">
      <Execution id="49803559-8764-4ef1-8aa4-0d2dbdb67b8b" />
      <TestMethod codeBase="C:\Users\navb\source\repos\SampleProject\TestProject\UnitTestProject10\bin\Debug\UnitTestProject10.dll" adapterTypeName="Microsoft.VisualStudio.TestTools.TestTypes.Unit.UnitTestAdapter" className="UnitTestinProgress.MSTestClass2" name="MSTest_P2_135" />
    </UnitTest>
    <UnitTest name="MSTest_P2_136" storage="c:\users\navb\source\repos\sampleproject\testproject\unittestproject10\bin\debug\unittestproject10.dll" id="22abed9d-49d8-71a4-89c2-66713f85425f">
      <Execution id="2803f60e-2ef3-45a4-a0b2-9f9573cd972a" />
      <TestMethod codeBase="C:\Users\navb\source\repos\SampleProject\TestProject\UnitTestProject10\bin\Debug\UnitTestProject10.dll" adapterTypeName="Microsoft.VisualStudio.TestTools.TestTypes.Unit.UnitTestAdapter" className="UnitTestinProgress.MSTestClass2" name="MSTest_P2_136" />
    </UnitTest>
    <UnitTest name="MSTest_P2_137" storage="c:\users\navb\source\repos\sampleproject\testproject\unittestproject10\bin\debug\unittestproject10.dll" id="ee5a758c-544a-d3b1-f895-5f90e0109756">
      <Execution id="f9bbd231-49de-4d90-833f-9b74c9d0f61f" />
      <TestMethod codeBase="C:\Users\navb\source\repos\SampleProject\TestProject\UnitTestProject10\bin\Debug\UnitTestProject10.dll" adapterTypeName="Microsoft.VisualStudio.TestTools.TestTypes.Unit.UnitTestAdapter" className="UnitTestinProgress.MSTestClass2" name="MSTest_P2_137" />
    </UnitTest>
    <UnitTest name="MSTest_P2_138" storage="c:\users\navb\source\repos\sampleproject\testproject\unittestproject10\bin\debug\unittestproject10.dll" id="6fb0c6b5-3d65-c95b-a9a8-8dfc5d0d66aa">
      <Execution id="0b818390-733a-4fcb-b361-79b746f802b0" />
      <TestMethod codeBase="C:\Users\navb\source\repos\SampleProject\TestProject\UnitTestProject10\bin\Debug\UnitTestProject10.dll" adapterTypeName="Microsoft.VisualStudio.TestTools.TestTypes.Unit.UnitTestAdapter" className="UnitTestinProgress.MSTestClass2" name="MSTest_P2_138" />
    </UnitTest>
    <UnitTest name="MSTest_P2_139" storage="c:\users\navb\source\repos\sampleproject\testproject\unittestproject10\bin\debug\unittestproject10.dll" id="036f551c-e61f-c570-996f-7bae87eb586a">
      <Execution id="18d0efb3-5237-425c-887e-7d7ab562f0ed" />
      <TestMethod codeBase="C:\Users\navb\source\repos\SampleProject\TestProject\UnitTestProject10\bin\Debug\UnitTestProject10.dll" adapterTypeName="Microsoft.VisualStudio.TestTools.TestTypes.Unit.UnitTestAdapter" className="UnitTestinProgress.MSTestClass2" name="MSTest_P2_139" />
    </UnitTest>
    <UnitTest name="MSTest_P2_140" storage="c:\users\navb\source\repos\sampleproject\testproject\unittestproject10\bin\debug\unittestproject10.dll" id="57bcd0ca-050a-b275-e807-ded96d0587fe">
      <Execution id="e614eda2-9c33-4204-9605-3dde86aecc19" />
      <TestMethod codeBase="C:\Users\navb\source\repos\SampleProject\TestProject\UnitTestProject10\bin\Debug\UnitTestProject10.dll" adapterTypeName="Microsoft.VisualStudio.TestTools.TestTypes.Unit.UnitTestAdapter" className="UnitTestinProgress.MSTestClass2" name="MSTest_P2_140" />
    </UnitTest>
    <UnitTest name="MSTest_P2_141" storage="c:\users\navb\source\repos\sampleproject\testproject\unittestproject10\bin\debug\unittestproject10.dll" id="da64defb-3906-2b10-5011-37335c8d4ff1">
      <Execution id="9d76439b-91b7-4f29-9d9c-91f7dadbd00d" />
      <TestMethod codeBase="C:\Users\navb\source\repos\SampleProject\TestProject\UnitTestProject10\bin\Debug\UnitTestProject10.dll" adapterTypeName="Microsoft.VisualStudio.TestTools.TestTypes.Unit.UnitTestAdapter" className="UnitTestinProgress.MSTestClass2" name="MSTest_P2_141" />
    </UnitTest>
    <UnitTest name="MSTest_P2_142" storage="c:\users\navb\source\repos\sampleproject\testproject\unittestproject10\bin\debug\unittestproject10.dll" id="c3437a62-552a-ed54-b8f7-fcecde198474">
      <Execution id="90cf29ae-738a-4e4d-8fb8-aa0b80d79128" />
      <TestMethod codeBase="C:\Users\navb\source\repos\SampleProject\TestProject\UnitTestProject10\bin\Debug\UnitTestProject10.dll" adapterTypeName="Microsoft.VisualStudio.TestTools.TestTypes.Unit.UnitTestAdapter" className="UnitTestinProgress.MSTestClass2" name="MSTest_P2_142" />
    </UnitTest>
    <UnitTest name="MSTest_P2_143" storage="c:\users\navb\source\repos\sampleproject\testproject\unittestproject10\bin\debug\unittestproject10.dll" id="1685dbe1-9f1c-2a95-90f9-ff921808fdad">
      <Execution id="6684c7e9-7247-427e-945f-2ddb2d39474b" />
      <TestMethod codeBase="C:\Users\navb\source\repos\SampleProject\TestProject\UnitTestProject10\bin\Debug\UnitTestProject10.dll" adapterTypeName="Microsoft.VisualStudio.TestTools.TestTypes.Unit.UnitTestAdapter" className="UnitTestinProgress.MSTestClass2" name="MSTest_P2_143" />
    </UnitTest>
    <UnitTest name="MSTest_P2_144" storage="c:\users\navb\source\repos\sampleproject\testproject\unittestproject10\bin\debug\unittestproject10.dll" id="7227b3e2-e334-0aaa-fa61-7c29a4ebe86b">
      <Execution id="34fe74a7-b5ca-4a85-b0b2-ba49e2f6fff0" />
      <TestMethod codeBase="C:\Users\navb\source\repos\SampleProject\TestProject\UnitTestProject10\bin\Debug\UnitTestProject10.dll" adapterTypeName="Microsoft.VisualStudio.TestTools.TestTypes.Unit.UnitTestAdapter" className="UnitTestinProgress.MSTestClass2" name="MSTest_P2_144" />
    </UnitTest>
    <UnitTest name="MSTest_P2_145" storage="c:\users\navb\source\repos\sampleproject\testproject\unittestproject10\bin\debug\unittestproject10.dll" id="341643ad-55ad-fdb4-18ba-ece3bccc4431">
      <Execution id="21c8324f-550b-4c53-ac1a-216beba62b06" />
      <TestMethod codeBase="C:\Users\navb\source\repos\SampleProject\TestProject\UnitTestProject10\bin\Debug\UnitTestProject10.dll" adapterTypeName="Microsoft.VisualStudio.TestTools.TestTypes.Unit.UnitTestAdapter" className="UnitTestinProgress.MSTestClass2" name="MSTest_P2_145" />
    </UnitTest>
    <UnitTest name="MSTest_P2_146" storage="c:\users\navb\source\repos\sampleproject\testproject\unittestproject10\bin\debug\unittestproject10.dll" id="4c7d6d90-1ebb-8c38-5ca6-20ae78ee870a">
      <Execution id="ffb48bb6-fde4-49dc-8259-07401c4d3f93" />
      <TestMethod codeBase="C:\Users\navb\source\repos\SampleProject\TestProject\UnitTestProject10\bin\Debug\UnitTestProject10.dll" adapterTypeName="Microsoft.VisualStudio.TestTools.TestTypes.Unit.UnitTestAdapter" className="UnitTestinProgress.MSTestClass2" name="MSTest_P2_146" />
    </UnitTest>
    <UnitTest name="MSTest_P2_147" storage="c:\users\navb\source\repos\sampleproject\testproject\unittestproject10\bin\debug\unittestproject10.dll" id="d092aa67-a9be-4767-c2e7-52ff796b3a92">
      <Execution id="c7005c9f-82ed-4f93-be0c-e3789861bcce" />
      <TestMethod codeBase="C:\Users\navb\source\repos\SampleProject\TestProject\UnitTestProject10\bin\Debug\UnitTestProject10.dll" adapterTypeName="Microsoft.VisualStudio.TestTools.TestTypes.Unit.UnitTestAdapter" className="UnitTestinProgress.MSTestClass2" name="MSTest_P2_147" />
    </UnitTest>
    <UnitTest name="MSTest_P2_148" storage="c:\users\navb\source\repos\sampleproject\testproject\unittestproject10\bin\debug\unittestproject10.dll" id="6aeb39e9-dab2-1804-ca3c-8a8217081440">
      <Execution id="650b66dd-1417-42ed-b629-61fc7efa7323" />
      <TestMethod codeBase="C:\Users\navb\source\repos\SampleProject\TestProject\UnitTestProject10\bin\Debug\UnitTestProject10.dll" adapterTypeName="Microsoft.VisualStudio.TestTools.TestTypes.Unit.UnitTestAdapter" className="UnitTestinProgress.MSTestClass2" name="MSTest_P2_148" />
    </UnitTest>
    <UnitTest name="MSTest_P2_149" storage="c:\users\navb\source\repos\sampleproject\testproject\unittestproject10\bin\debug\unittestproject10.dll" id="c7feaebf-9198-62e2-d84a-e46179321576">
      <Execution id="f817c966-d7e8-4f71-9b9c-ceb86b7a66ed" />
      <TestMethod codeBase="C:\Users\navb\source\repos\SampleProject\TestProject\UnitTestProject10\bin\Debug\UnitTestProject10.dll" adapterTypeName="Microsoft.VisualStudio.TestTools.TestTypes.Unit.UnitTestAdapter" className="UnitTestinProgress.MSTestClass2" name="MSTest_P2_149" />
    </UnitTest>
    <UnitTest name="MSTest_P2_150" storage="c:\users\navb\source\repos\sampleproject\testproject\unittestproject10\bin\debug\unittestproject10.dll" id="c7b1f0e6-b20c-4656-f570-63b0a322af39">
      <Execution id="69aba7b2-b576-4e2d-b957-771b43f987b1" />
      <TestMethod codeBase="C:\Users\navb\source\repos\SampleProject\TestProject\UnitTestProject10\bin\Debug\UnitTestProject10.dll" adapterTypeName="Microsoft.VisualStudio.TestTools.TestTypes.Unit.UnitTestAdapter" className="UnitTestinProgress.MSTestClass2" name="MSTest_P2_150" />
    </UnitTest>
    <UnitTest name="MSTest_P2_151" storage="c:\users\navb\source\repos\sampleproject\testproject\unittestproject10\bin\debug\unittestproject10.dll" id="ba601120-1d8a-05ea-533e-27048785ecd2">
      <Execution id="2ae6493b-dafe-4ea7-972b-c0590bc57add" />
      <TestMethod codeBase="C:\Users\navb\source\repos\SampleProject\TestProject\UnitTestProject10\bin\Debug\UnitTestProject10.dll" adapterTypeName="Microsoft.VisualStudio.TestTools.TestTypes.Unit.UnitTestAdapter" className="UnitTestinProgress.MSTestClass2" name="MSTest_P2_151" />
    </UnitTest>
    <UnitTest name="MSTest_P2_152" storage="c:\users\navb\source\repos\sampleproject\testproject\unittestproject10\bin\debug\unittestproject10.dll" id="800e376d-8447-b1c1-a59a-6bbdf67f99d3">
      <Execution id="ae6b690c-ca27-4f9c-8c85-401a0da17f7e" />
      <TestMethod codeBase="C:\Users\navb\source\repos\SampleProject\TestProject\UnitTestProject10\bin\Debug\UnitTestProject10.dll" adapterTypeName="Microsoft.VisualStudio.TestTools.TestTypes.Unit.UnitTestAdapter" className="UnitTestinProgress.MSTestClass2" name="MSTest_P2_152" />
    </UnitTest>
    <UnitTest name="MSTest_P2_153" storage="c:\users\navb\source\repos\sampleproject\testproject\unittestproject10\bin\debug\unittestproject10.dll" id="be756dfa-b7b5-ad99-6695-714ebfe75552">
      <Execution id="49c54b9e-b32f-4e68-a81b-079b9819fe46" />
      <TestMethod codeBase="C:\Users\navb\source\repos\SampleProject\TestProject\UnitTestProject10\bin\Debug\UnitTestProject10.dll" adapterTypeName="Microsoft.VisualStudio.TestTools.TestTypes.Unit.UnitTestAdapter" className="UnitTestinProgress.MSTestClass2" name="MSTest_P2_153" />
    </UnitTest>
    <UnitTest name="MSTest_P2_154" storage="c:\users\navb\source\repos\sampleproject\testproject\unittestproject10\bin\debug\unittestproject10.dll" id="dcd5e115-f666-b3c0-1f2e-23ef0ff0a732">
      <Execution id="4076c196-b9bd-46c1-bd38-fd6a6ccc436f" />
      <TestMethod codeBase="C:\Users\navb\source\repos\SampleProject\TestProject\UnitTestProject10\bin\Debug\UnitTestProject10.dll" adapterTypeName="Microsoft.VisualStudio.TestTools.TestTypes.Unit.UnitTestAdapter" className="UnitTestinProgress.MSTestClass2" name="MSTest_P2_154" />
    </UnitTest>
    <UnitTest name="MSTest_P2_155" storage="c:\users\navb\source\repos\sampleproject\testproject\unittestproject10\bin\debug\unittestproject10.dll" id="4758b8c7-dd1b-ea54-9b32-61255bb7b2ee">
      <Execution id="ec010892-fcce-4888-9e8f-305d44993bc8" />
      <TestMethod codeBase="C:\Users\navb\source\repos\SampleProject\TestProject\UnitTestProject10\bin\Debug\UnitTestProject10.dll" adapterTypeName="Microsoft.VisualStudio.TestTools.TestTypes.Unit.UnitTestAdapter" className="UnitTestinProgress.MSTestClass2" name="MSTest_P2_155" />
    </UnitTest>
    <UnitTest name="MSTest_P2_156" storage="c:\users\navb\source\repos\sampleproject\testproject\unittestproject10\bin\debug\unittestproject10.dll" id="2fff50bd-e523-bbea-2dad-8cb56239ed43">
      <Execution id="08e4a2b3-8e72-491a-a2cc-77053d9cbb9b" />
      <TestMethod codeBase="C:\Users\navb\source\repos\SampleProject\TestProject\UnitTestProject10\bin\Debug\UnitTestProject10.dll" adapterTypeName="Microsoft.VisualStudio.TestTools.TestTypes.Unit.UnitTestAdapter" className="UnitTestinProgress.MSTestClass2" name="MSTest_P2_156" />
    </UnitTest>
    <UnitTest name="MSTest_P2_157" storage="c:\users\navb\source\repos\sampleproject\testproject\unittestproject10\bin\debug\unittestproject10.dll" id="3f7e344f-2ac5-e9c1-c15b-3351e575b864">
      <Execution id="e7339cd9-bc94-4858-8585-9da97d536c29" />
      <TestMethod codeBase="C:\Users\navb\source\repos\SampleProject\TestProject\UnitTestProject10\bin\Debug\UnitTestProject10.dll" adapterTypeName="Microsoft.VisualStudio.TestTools.TestTypes.Unit.UnitTestAdapter" className="UnitTestinProgress.MSTestClass2" name="MSTest_P2_157" />
    </UnitTest>
    <UnitTest name="MSTest_P2_158" storage="c:\users\navb\source\repos\sampleproject\testproject\unittestproject10\bin\debug\unittestproject10.dll" id="1b49c08b-32cf-4465-2415-0716b4f9d1dc">
      <Execution id="ea27bdfc-105c-402a-bc5c-787b2e7984f3" />
      <TestMethod codeBase="C:\Users\navb\source\repos\SampleProject\TestProject\UnitTestProject10\bin\Debug\UnitTestProject10.dll" adapterTypeName="Microsoft.VisualStudio.TestTools.TestTypes.Unit.UnitTestAdapter" className="UnitTestinProgress.MSTestClass2" name="MSTest_P2_158" />
    </UnitTest>
    <UnitTest name="MSTest_P2_159" storage="c:\users\navb\source\repos\sampleproject\testproject\unittestproject10\bin\debug\unittestproject10.dll" id="825f865b-478d-d1c8-2ac4-a7befc0ac424">
      <Execution id="308c4a47-a545-437f-817c-a7ebbd0fccf6" />
      <TestMethod codeBase="C:\Users\navb\source\repos\SampleProject\TestProject\UnitTestProject10\bin\Debug\UnitTestProject10.dll" adapterTypeName="Microsoft.VisualStudio.TestTools.TestTypes.Unit.UnitTestAdapter" className="UnitTestinProgress.MSTestClass2" name="MSTest_P2_159" />
    </UnitTest>
    <UnitTest name="MSTest_P2_160" storage="c:\users\navb\source\repos\sampleproject\testproject\unittestproject10\bin\debug\unittestproject10.dll" id="29c7ac91-4e62-f459-d5d6-91ca9bee8817">
      <Execution id="1f8c7ff8-344d-49e4-94bb-61aa7e7e458f" />
      <TestMethod codeBase="C:\Users\navb\source\repos\SampleProject\TestProject\UnitTestProject10\bin\Debug\UnitTestProject10.dll" adapterTypeName="Microsoft.VisualStudio.TestTools.TestTypes.Unit.UnitTestAdapter" className="UnitTestinProgress.MSTestClass2" name="MSTest_P2_160" />
    </UnitTest>
    <UnitTest name="MSTest_P2_161" storage="c:\users\navb\source\repos\sampleproject\testproject\unittestproject10\bin\debug\unittestproject10.dll" id="6641a4e9-3fe6-7f29-b4a1-efa288cf1fad">
      <Execution id="d0d8b7af-0260-4820-93e3-5676a73f523c" />
      <TestMethod codeBase="C:\Users\navb\source\repos\SampleProject\TestProject\UnitTestProject10\bin\Debug\UnitTestProject10.dll" adapterTypeName="Microsoft.VisualStudio.TestTools.TestTypes.Unit.UnitTestAdapter" className="UnitTestinProgress.MSTestClass2" name="MSTest_P2_161" />
    </UnitTest>
    <UnitTest name="MSTest_P2_162" storage="c:\users\navb\source\repos\sampleproject\testproject\unittestproject10\bin\debug\unittestproject10.dll" id="4382419f-13f7-0845-003b-916b2981c71a">
      <Execution id="45754c05-0024-4750-9831-6bc468e4e245" />
      <TestMethod codeBase="C:\Users\navb\source\repos\SampleProject\TestProject\UnitTestProject10\bin\Debug\UnitTestProject10.dll" adapterTypeName="Microsoft.VisualStudio.TestTools.TestTypes.Unit.UnitTestAdapter" className="UnitTestinProgress.MSTestClass2" name="MSTest_P2_162" />
    </UnitTest>
    <UnitTest name="MSTest_P2_163" storage="c:\users\navb\source\repos\sampleproject\testproject\unittestproject10\bin\debug\unittestproject10.dll" id="be1b6951-253c-0819-087b-82ed5331132b">
      <Execution id="664ce0df-4e66-46f3-b141-8f1396e9aefd" />
      <TestMethod codeBase="C:\Users\navb\source\repos\SampleProject\TestProject\UnitTestProject10\bin\Debug\UnitTestProject10.dll" adapterTypeName="Microsoft.VisualStudio.TestTools.TestTypes.Unit.UnitTestAdapter" className="UnitTestinProgress.MSTestClass2" name="MSTest_P2_163" />
    </UnitTest>
    <UnitTest name="MSTest_P2_164" storage="c:\users\navb\source\repos\sampleproject\testproject\unittestproject10\bin\debug\unittestproject10.dll" id="67cc3065-555c-f5aa-0cc2-37a5adf97462">
      <Execution id="99335526-3877-4b26-83ce-77e63cff5607" />
      <TestMethod codeBase="C:\Users\navb\source\repos\SampleProject\TestProject\UnitTestProject10\bin\Debug\UnitTestProject10.dll" adapterTypeName="Microsoft.VisualStudio.TestTools.TestTypes.Unit.UnitTestAdapter" className="UnitTestinProgress.MSTestClass2" name="MSTest_P2_164" />
    </UnitTest>
    <UnitTest name="MSTest_P2_165" storage="c:\users\navb\source\repos\sampleproject\testproject\unittestproject10\bin\debug\unittestproject10.dll" id="00120dea-7622-88ad-3f22-a370349f1818">
      <Execution id="5f5c33f2-2963-435d-8eb1-1b89315fb962" />
      <TestMethod codeBase="C:\Users\navb\source\repos\SampleProject\TestProject\UnitTestProject10\bin\Debug\UnitTestProject10.dll" adapterTypeName="Microsoft.VisualStudio.TestTools.TestTypes.Unit.UnitTestAdapter" className="UnitTestinProgress.MSTestClass2" name="MSTest_P2_165" />
    </UnitTest>
    <UnitTest name="MSTest_P2_166" storage="c:\users\navb\source\repos\sampleproject\testproject\unittestproject10\bin\debug\unittestproject10.dll" id="3c5b1a9e-c8b2-65c9-34cd-2a1c54be71ab">
      <Execution id="292af42b-d689-4ad3-9aa2-6f7dcb9da60e" />
      <TestMethod codeBase="C:\Users\navb\source\repos\SampleProject\TestProject\UnitTestProject10\bin\Debug\UnitTestProject10.dll" adapterTypeName="Microsoft.VisualStudio.TestTools.TestTypes.Unit.UnitTestAdapter" className="UnitTestinProgress.MSTestClass2" name="MSTest_P2_166" />
    </UnitTest>
    <UnitTest name="MSTest_P2_167" storage="c:\users\navb\source\repos\sampleproject\testproject\unittestproject10\bin\debug\unittestproject10.dll" id="c6fb0d07-8065-f29e-c772-055a9d010e16">
      <Execution id="df9f1ed5-d9dc-442a-96e7-00395eaa742d" />
      <TestMethod codeBase="C:\Users\navb\source\repos\SampleProject\TestProject\UnitTestProject10\bin\Debug\UnitTestProject10.dll" adapterTypeName="Microsoft.VisualStudio.TestTools.TestTypes.Unit.UnitTestAdapter" className="UnitTestinProgress.MSTestClass2" name="MSTest_P2_167" />
    </UnitTest>
    <UnitTest name="MSTest_P2_168" storage="c:\users\navb\source\repos\sampleproject\testproject\unittestproject10\bin\debug\unittestproject10.dll" id="54177842-3e52-de32-f3fa-d7af1a4fc4f9">
      <Execution id="cfb7876d-921f-479e-beaa-1ce2a6611165" />
      <TestMethod codeBase="C:\Users\navb\source\repos\SampleProject\TestProject\UnitTestProject10\bin\Debug\UnitTestProject10.dll" adapterTypeName="Microsoft.VisualStudio.TestTools.TestTypes.Unit.UnitTestAdapter" className="UnitTestinProgress.MSTestClass2" name="MSTest_P2_168" />
    </UnitTest>
    <UnitTest name="MSTest_P2_169" storage="c:\users\navb\source\repos\sampleproject\testproject\unittestproject10\bin\debug\unittestproject10.dll" id="bd9be175-3f11-e2af-e478-5a99233fd72f">
      <Execution id="89f27164-0852-4101-99a1-50e6618baafa" />
      <TestMethod codeBase="C:\Users\navb\source\repos\SampleProject\TestProject\UnitTestProject10\bin\Debug\UnitTestProject10.dll" adapterTypeName="Microsoft.VisualStudio.TestTools.TestTypes.Unit.UnitTestAdapter" className="UnitTestinProgress.MSTestClass2" name="MSTest_P2_169" />
    </UnitTest>
    <UnitTest name="MSTest_P2_170" storage="c:\users\navb\source\repos\sampleproject\testproject\unittestproject10\bin\debug\unittestproject10.dll" id="5207ba34-ff73-e996-4133-2d057c8d5ad1">
      <Execution id="25db0978-0a4a-42f0-8551-06ed3e6f2870" />
      <TestMethod codeBase="C:\Users\navb\source\repos\SampleProject\TestProject\UnitTestProject10\bin\Debug\UnitTestProject10.dll" adapterTypeName="Microsoft.VisualStudio.TestTools.TestTypes.Unit.UnitTestAdapter" className="UnitTestinProgress.MSTestClass2" name="MSTest_P2_170" />
    </UnitTest>
    <UnitTest name="MSTest_P2_01" storage="c:\users\navb\source\repos\sampleproject\testproject\unittestproject10\bin\debug\unittestproject10.dll" id="266c1673-c18f-1799-f292-dae45c9faeb0">
      <Execution id="5720ac9a-2701-44e8-81fe-f79efcbb6e47" />
      <TestMethod codeBase="C:\Users\navb\source\repos\SampleProject\TestProject\UnitTestProject10\bin\Debug\UnitTestProject10.dll" adapterTypeName="Microsoft.VisualStudio.TestTools.TestTypes.Unit.UnitTestAdapter" className="UnitTestinProgress.MSTestClass2" name="MSTest_P2_01" />
    </UnitTest>
    <UnitTest name="MSTest_P2_02" storage="c:\users\navb\source\repos\sampleproject\testproject\unittestproject10\bin\debug\unittestproject10.dll" id="4dcc34f5-2e20-7f83-e900-3de41873f6a4">
      <Execution id="5160f5f5-3492-4e80-8d83-f724a1c922a8" />
      <TestMethod codeBase="C:\Users\navb\source\repos\SampleProject\TestProject\UnitTestProject10\bin\Debug\UnitTestProject10.dll" adapterTypeName="Microsoft.VisualStudio.TestTools.TestTypes.Unit.UnitTestAdapter" className="UnitTestinProgress.MSTestClass2" name="MSTest_P2_02" />
    </UnitTest>
    <UnitTest name="MSTest_P2_03" storage="c:\users\navb\source\repos\sampleproject\testproject\unittestproject10\bin\debug\unittestproject10.dll" id="5bf2f827-a694-5c40-9e1c-9ae629007eed">
      <Execution id="6c6f9e62-89dc-49ff-9fbc-3e9a46668284" />
      <TestMethod codeBase="C:\Users\navb\source\repos\SampleProject\TestProject\UnitTestProject10\bin\Debug\UnitTestProject10.dll" adapterTypeName="Microsoft.VisualStudio.TestTools.TestTypes.Unit.UnitTestAdapter" className="UnitTestinProgress.MSTestClass2" name="MSTest_P2_03" />
    </UnitTest>
    <UnitTest name="MSTest_P2_04" storage="c:\users\navb\source\repos\sampleproject\testproject\unittestproject10\bin\debug\unittestproject10.dll" id="dbdd8738-f971-2ac4-1f4f-b334ef243188">
      <Execution id="3dde78df-8ca8-4e25-aac8-2160c931aea8" />
      <TestMethod codeBase="C:\Users\navb\source\repos\SampleProject\TestProject\UnitTestProject10\bin\Debug\UnitTestProject10.dll" adapterTypeName="Microsoft.VisualStudio.TestTools.TestTypes.Unit.UnitTestAdapter" className="UnitTestinProgress.MSTestClass2" name="MSTest_P2_04" />
    </UnitTest>
    <UnitTest name="MSTest_P2_05" storage="c:\users\navb\source\repos\sampleproject\testproject\unittestproject10\bin\debug\unittestproject10.dll" id="04bd6ec9-2d65-7664-c334-46c83b945990">
      <Execution id="7a0d47b6-f111-4d05-ab47-42c258897fc4" />
      <TestMethod codeBase="C:\Users\navb\source\repos\SampleProject\TestProject\UnitTestProject10\bin\Debug\UnitTestProject10.dll" adapterTypeName="Microsoft.VisualStudio.TestTools.TestTypes.Unit.UnitTestAdapter" className="UnitTestinProgress.MSTestClass2" name="MSTest_P2_05" />
    </UnitTest>
    <UnitTest name="MSTest_P2_06" storage="c:\users\navb\source\repos\sampleproject\testproject\unittestproject10\bin\debug\unittestproject10.dll" id="36047bf0-906f-2972-04b9-54bf22739225">
      <Execution id="1a8a84a7-1452-42fd-b489-50c423d91dea" />
      <TestMethod codeBase="C:\Users\navb\source\repos\SampleProject\TestProject\UnitTestProject10\bin\Debug\UnitTestProject10.dll" adapterTypeName="Microsoft.VisualStudio.TestTools.TestTypes.Unit.UnitTestAdapter" className="UnitTestinProgress.MSTestClass2" name="MSTest_P2_06" />
    </UnitTest>
    <UnitTest name="MSTest_P2_07" storage="c:\users\navb\source\repos\sampleproject\testproject\unittestproject10\bin\debug\unittestproject10.dll" id="a1e89a98-a76b-73b6-16aa-d82d2430a368">
      <Execution id="3246b86d-66a6-4091-91f4-730884f58180" />
      <TestMethod codeBase="C:\Users\navb\source\repos\SampleProject\TestProject\UnitTestProject10\bin\Debug\UnitTestProject10.dll" adapterTypeName="Microsoft.VisualStudio.TestTools.TestTypes.Unit.UnitTestAdapter" className="UnitTestinProgress.MSTestClass2" name="MSTest_P2_07" />
    </UnitTest>
    <UnitTest name="MSTest_P2_08" storage="c:\users\navb\source\repos\sampleproject\testproject\unittestproject10\bin\debug\unittestproject10.dll" id="fa72d82c-ff06-ed3e-fe4c-28ba5a65c72a">
      <Execution id="808af1c9-72a7-4d48-82af-b347b957545b" />
      <TestMethod codeBase="C:\Users\navb\source\repos\SampleProject\TestProject\UnitTestProject10\bin\Debug\UnitTestProject10.dll" adapterTypeName="Microsoft.VisualStudio.TestTools.TestTypes.Unit.UnitTestAdapter" className="UnitTestinProgress.MSTestClass2" name="MSTest_P2_08" />
    </UnitTest>
    <UnitTest name="MSTest_P2_09" storage="c:\users\navb\source\repos\sampleproject\testproject\unittestproject10\bin\debug\unittestproject10.dll" id="97b1f011-5b3f-3448-cf2c-c730ad856ce3">
      <Execution id="cb8ba96c-cb6d-44ca-ad6f-92c7e4636dce" />
      <TestMethod codeBase="C:\Users\navb\source\repos\SampleProject\TestProject\UnitTestProject10\bin\Debug\UnitTestProject10.dll" adapterTypeName="Microsoft.VisualStudio.TestTools.TestTypes.Unit.UnitTestAdapter" className="UnitTestinProgress.MSTestClass2" name="MSTest_P2_09" />
    </UnitTest>
    <UnitTest name="MSTest_P2_10" storage="c:\users\navb\source\repos\sampleproject\testproject\unittestproject10\bin\debug\unittestproject10.dll" id="d9c88791-a31f-50fb-edfa-0553db7632a5">
      <Execution id="4e7af8c1-ed53-4681-b6a5-2c34abacbbd7" />
      <TestMethod codeBase="C:\Users\navb\source\repos\SampleProject\TestProject\UnitTestProject10\bin\Debug\UnitTestProject10.dll" adapterTypeName="Microsoft.VisualStudio.TestTools.TestTypes.Unit.UnitTestAdapter" className="UnitTestinProgress.MSTestClass2" name="MSTest_P2_10" />
    </UnitTest>
    <UnitTest name="MSTest_P2_11" storage="c:\users\navb\source\repos\sampleproject\testproject\unittestproject10\bin\debug\unittestproject10.dll" id="c05cf843-a216-7fb4-27dd-aef083160757">
      <Execution id="07d0a417-e55c-4a10-bf89-c7b8b9c83a22" />
      <TestMethod codeBase="C:\Users\navb\source\repos\SampleProject\TestProject\UnitTestProject10\bin\Debug\UnitTestProject10.dll" adapterTypeName="Microsoft.VisualStudio.TestTools.TestTypes.Unit.UnitTestAdapter" className="UnitTestinProgress.MSTestClass2" name="MSTest_P2_11" />
    </UnitTest>
    <UnitTest name="MSTest_P2_12" storage="c:\users\navb\source\repos\sampleproject\testproject\unittestproject10\bin\debug\unittestproject10.dll" id="031cd14d-90fd-cff5-0f2d-a9b616527c02">
      <Execution id="82679fd6-1d5a-47e8-9743-f2589d5fd3e5" />
      <TestMethod codeBase="C:\Users\navb\source\repos\SampleProject\TestProject\UnitTestProject10\bin\Debug\UnitTestProject10.dll" adapterTypeName="Microsoft.VisualStudio.TestTools.TestTypes.Unit.UnitTestAdapter" className="UnitTestinProgress.MSTestClass2" name="MSTest_P2_12" />
    </UnitTest>
    <UnitTest name="MSTest_P2_13" storage="c:\users\navb\source\repos\sampleproject\testproject\unittestproject10\bin\debug\unittestproject10.dll" id="f02c4b37-2d35-e127-ed31-a1360b6b386f">
      <Execution id="f0ca1c33-bc59-4c5d-beb3-0942dcbc48f5" />
      <TestMethod codeBase="C:\Users\navb\source\repos\SampleProject\TestProject\UnitTestProject10\bin\Debug\UnitTestProject10.dll" adapterTypeName="Microsoft.VisualStudio.TestTools.TestTypes.Unit.UnitTestAdapter" className="UnitTestinProgress.MSTestClass2" name="MSTest_P2_13" />
    </UnitTest>
    <UnitTest name="MSTest_P2_14" storage="c:\users\navb\source\repos\sampleproject\testproject\unittestproject10\bin\debug\unittestproject10.dll" id="aea9b725-6b91-83a7-24ed-fba9aecaea7d">
      <Execution id="158b26dd-a36c-445a-abcd-651352760b4c" />
      <TestMethod codeBase="C:\Users\navb\source\repos\SampleProject\TestProject\UnitTestProject10\bin\Debug\UnitTestProject10.dll" adapterTypeName="Microsoft.VisualStudio.TestTools.TestTypes.Unit.UnitTestAdapter" className="UnitTestinProgress.MSTestClass2" name="MSTest_P2_14" />
    </UnitTest>
    <UnitTest name="MSTest_P2_15" storage="c:\users\navb\source\repos\sampleproject\testproject\unittestproject10\bin\debug\unittestproject10.dll" id="4cc89ad0-e24a-4039-f296-387b2c4c908d">
      <Execution id="2d870709-34d4-4ac9-8b5f-081d911492f6" />
      <TestMethod codeBase="C:\Users\navb\source\repos\SampleProject\TestProject\UnitTestProject10\bin\Debug\UnitTestProject10.dll" adapterTypeName="Microsoft.VisualStudio.TestTools.TestTypes.Unit.UnitTestAdapter" className="UnitTestinProgress.MSTestClass2" name="MSTest_P2_15" />
    </UnitTest>
    <UnitTest name="MSTest_P2_16" storage="c:\users\navb\source\repos\sampleproject\testproject\unittestproject10\bin\debug\unittestproject10.dll" id="3e8618fb-d9c2-89e4-b68f-23c09de3774f">
      <Execution id="3ef061b4-24c5-484f-9d8a-d12c7923e691" />
      <TestMethod codeBase="C:\Users\navb\source\repos\SampleProject\TestProject\UnitTestProject10\bin\Debug\UnitTestProject10.dll" adapterTypeName="Microsoft.VisualStudio.TestTools.TestTypes.Unit.UnitTestAdapter" className="UnitTestinProgress.MSTestClass2" name="MSTest_P2_16" />
    </UnitTest>
    <UnitTest name="MSTest_P2_17" storage="c:\users\navb\source\repos\sampleproject\testproject\unittestproject10\bin\debug\unittestproject10.dll" id="a7878fba-8233-46a1-465f-b16492f8d563">
      <Execution id="277c2f82-1f60-442a-8fb0-d1dd86ff590a" />
      <TestMethod codeBase="C:\Users\navb\source\repos\SampleProject\TestProject\UnitTestProject10\bin\Debug\UnitTestProject10.dll" adapterTypeName="Microsoft.VisualStudio.TestTools.TestTypes.Unit.UnitTestAdapter" className="UnitTestinProgress.MSTestClass2" name="MSTest_P2_17" />
    </UnitTest>
    <UnitTest name="MSTest_P2_18" storage="c:\users\navb\source\repos\sampleproject\testproject\unittestproject10\bin\debug\unittestproject10.dll" id="594e7349-f67d-b54a-3ff1-32e7d00732d0">
      <Execution id="d8f9d669-cf7a-4498-adda-d43f1e0c7012" />
      <TestMethod codeBase="C:\Users\navb\source\repos\SampleProject\TestProject\UnitTestProject10\bin\Debug\UnitTestProject10.dll" adapterTypeName="Microsoft.VisualStudio.TestTools.TestTypes.Unit.UnitTestAdapter" className="UnitTestinProgress.MSTestClass2" name="MSTest_P2_18" />
    </UnitTest>
    <UnitTest name="MSTest_P2_19" storage="c:\users\navb\source\repos\sampleproject\testproject\unittestproject10\bin\debug\unittestproject10.dll" id="0600cf9e-1d21-dc00-6774-436608f5ef65">
      <Execution id="9caa0ed1-3cf1-49a9-96df-9987d2c3974e" />
      <TestMethod codeBase="C:\Users\navb\source\repos\SampleProject\TestProject\UnitTestProject10\bin\Debug\UnitTestProject10.dll" adapterTypeName="Microsoft.VisualStudio.TestTools.TestTypes.Unit.UnitTestAdapter" className="UnitTestinProgress.MSTestClass2" name="MSTest_P2_19" />
    </UnitTest>
    <UnitTest name="MSTest_P2_20" storage="c:\users\navb\source\repos\sampleproject\testproject\unittestproject10\bin\debug\unittestproject10.dll" id="6823f43f-237c-e909-3a18-05eff59f5e15">
      <Execution id="cd372d14-19a6-44ea-84ca-cd12cb7c43ad" />
      <TestMethod codeBase="C:\Users\navb\source\repos\SampleProject\TestProject\UnitTestProject10\bin\Debug\UnitTestProject10.dll" adapterTypeName="Microsoft.VisualStudio.TestTools.TestTypes.Unit.UnitTestAdapter" className="UnitTestinProgress.MSTestClass2" name="MSTest_P2_20" />
    </UnitTest>
    <UnitTest name="MSTest_P2_21" storage="c:\users\navb\source\repos\sampleproject\testproject\unittestproject10\bin\debug\unittestproject10.dll" id="c0313b89-fd8f-a6a5-6269-7c2f8313d3f8">
      <Execution id="31dc0d39-32c7-4c1e-810f-12096f7f9e59" />
      <TestMethod codeBase="C:\Users\navb\source\repos\SampleProject\TestProject\UnitTestProject10\bin\Debug\UnitTestProject10.dll" adapterTypeName="Microsoft.VisualStudio.TestTools.TestTypes.Unit.UnitTestAdapter" className="UnitTestinProgress.MSTestClass2" name="MSTest_P2_21" />
    </UnitTest>
    <UnitTest name="MSTest_P2_22" storage="c:\users\navb\source\repos\sampleproject\testproject\unittestproject10\bin\debug\unittestproject10.dll" id="717bd1e2-dd57-8b5a-9066-9060a27b508d">
      <Execution id="2cdb60b0-3c75-41e8-9b16-a97204bc906c" />
      <TestMethod codeBase="C:\Users\navb\source\repos\SampleProject\TestProject\UnitTestProject10\bin\Debug\UnitTestProject10.dll" adapterTypeName="Microsoft.VisualStudio.TestTools.TestTypes.Unit.UnitTestAdapter" className="UnitTestinProgress.MSTestClass2" name="MSTest_P2_22" />
    </UnitTest>
    <UnitTest name="MSTest_P2_23" storage="c:\users\navb\source\repos\sampleproject\testproject\unittestproject10\bin\debug\unittestproject10.dll" id="46223da2-1af1-111c-e434-95d68baf71e9">
      <Execution id="8b356cef-53ea-4382-826d-1e3f44840724" />
      <TestMethod codeBase="C:\Users\navb\source\repos\SampleProject\TestProject\UnitTestProject10\bin\Debug\UnitTestProject10.dll" adapterTypeName="Microsoft.VisualStudio.TestTools.TestTypes.Unit.UnitTestAdapter" className="UnitTestinProgress.MSTestClass2" name="MSTest_P2_23" />
    </UnitTest>
    <UnitTest name="MSTest_P2_24" storage="c:\users\navb\source\repos\sampleproject\testproject\unittestproject10\bin\debug\unittestproject10.dll" id="4c0fed65-2528-7458-3c00-153a4778437c">
      <Execution id="fd1fc2a3-f43c-4b2e-93b6-bd3491420adf" />
      <TestMethod codeBase="C:\Users\navb\source\repos\SampleProject\TestProject\UnitTestProject10\bin\Debug\UnitTestProject10.dll" adapterTypeName="Microsoft.VisualStudio.TestTools.TestTypes.Unit.UnitTestAdapter" className="UnitTestinProgress.MSTestClass2" name="MSTest_P2_24" />
    </UnitTest>
    <UnitTest name="MSTest_P2_25" storage="c:\users\navb\source\repos\sampleproject\testproject\unittestproject10\bin\debug\unittestproject10.dll" id="f6478a14-0781-a840-1331-60ec0ea84836">
      <Execution id="a11c080c-572d-4824-ab5c-d6f7e5547cd9" />
      <TestMethod codeBase="C:\Users\navb\source\repos\SampleProject\TestProject\UnitTestProject10\bin\Debug\UnitTestProject10.dll" adapterTypeName="Microsoft.VisualStudio.TestTools.TestTypes.Unit.UnitTestAdapter" className="UnitTestinProgress.MSTestClass2" name="MSTest_P2_25" />
    </UnitTest>
    <UnitTest name="MSTest_P2_26" storage="c:\users\navb\source\repos\sampleproject\testproject\unittestproject10\bin\debug\unittestproject10.dll" id="209e8c12-8f87-634b-aabf-f55790bff9e4">
      <Execution id="14de643f-354d-44d2-9cb3-2d25af412012" />
      <TestMethod codeBase="C:\Users\navb\source\repos\SampleProject\TestProject\UnitTestProject10\bin\Debug\UnitTestProject10.dll" adapterTypeName="Microsoft.VisualStudio.TestTools.TestTypes.Unit.UnitTestAdapter" className="UnitTestinProgress.MSTestClass2" name="MSTest_P2_26" />
    </UnitTest>
    <UnitTest name="MSTest_P2_27" storage="c:\users\navb\source\repos\sampleproject\testproject\unittestproject10\bin\debug\unittestproject10.dll" id="450c4c4f-dd64-c052-a58d-0f321e9a4ab5">
      <Execution id="094342f2-4722-46e9-b018-cec03a25b051" />
      <TestMethod codeBase="C:\Users\navb\source\repos\SampleProject\TestProject\UnitTestProject10\bin\Debug\UnitTestProject10.dll" adapterTypeName="Microsoft.VisualStudio.TestTools.TestTypes.Unit.UnitTestAdapter" className="UnitTestinProgress.MSTestClass2" name="MSTest_P2_27" />
    </UnitTest>
    <UnitTest name="MSTest_P2_28" storage="c:\users\navb\source\repos\sampleproject\testproject\unittestproject10\bin\debug\unittestproject10.dll" id="79431802-2d85-13b8-ab61-67a85be3995c">
      <Execution id="b0dea2ee-1289-471a-9709-6b4cb4540439" />
      <TestMethod codeBase="C:\Users\navb\source\repos\SampleProject\TestProject\UnitTestProject10\bin\Debug\UnitTestProject10.dll" adapterTypeName="Microsoft.VisualStudio.TestTools.TestTypes.Unit.UnitTestAdapter" className="UnitTestinProgress.MSTestClass2" name="MSTest_P2_28" />
    </UnitTest>
    <UnitTest name="MSTest_P2_29" storage="c:\users\navb\source\repos\sampleproject\testproject\unittestproject10\bin\debug\unittestproject10.dll" id="2e9a08db-93e4-a0b0-2823-9687580ea111">
      <Execution id="6761f810-9be5-4f48-8f93-3ca65261acd5" />
      <TestMethod codeBase="C:\Users\navb\source\repos\SampleProject\TestProject\UnitTestProject10\bin\Debug\UnitTestProject10.dll" adapterTypeName="Microsoft.VisualStudio.TestTools.TestTypes.Unit.UnitTestAdapter" className="UnitTestinProgress.MSTestClass2" name="MSTest_P2_29" />
    </UnitTest>
    <UnitTest name="MSTest_P2_30" storage="c:\users\navb\source\repos\sampleproject\testproject\unittestproject10\bin\debug\unittestproject10.dll" id="c6a1a0c6-0543-e043-6574-7026d074da5a">
      <Execution id="2995434e-24d4-4408-9cb4-39df7b16bf20" />
      <TestMethod codeBase="C:\Users\navb\source\repos\SampleProject\TestProject\UnitTestProject10\bin\Debug\UnitTestProject10.dll" adapterTypeName="Microsoft.VisualStudio.TestTools.TestTypes.Unit.UnitTestAdapter" className="UnitTestinProgress.MSTestClass2" name="MSTest_P2_30" />
    </UnitTest>
    <UnitTest name="MSTest_P2_31" storage="c:\users\navb\source\repos\sampleproject\testproject\unittestproject10\bin\debug\unittestproject10.dll" id="832e72e0-cf72-177f-4b57-b8a6c410d77d">
      <Execution id="a465d519-bfac-48de-a5f7-6aef5f91abf7" />
      <TestMethod codeBase="C:\Users\navb\source\repos\SampleProject\TestProject\UnitTestProject10\bin\Debug\UnitTestProject10.dll" adapterTypeName="Microsoft.VisualStudio.TestTools.TestTypes.Unit.UnitTestAdapter" className="UnitTestinProgress.MSTestClass2" name="MSTest_P2_31" />
    </UnitTest>
    <UnitTest name="MSTest_P2_32" storage="c:\users\navb\source\repos\sampleproject\testproject\unittestproject10\bin\debug\unittestproject10.dll" id="af18c65a-6dab-963c-ae11-ca606f9ec716">
      <Execution id="ea3dd18e-4191-456a-bd56-0e8396832a24" />
      <TestMethod codeBase="C:\Users\navb\source\repos\SampleProject\TestProject\UnitTestProject10\bin\Debug\UnitTestProject10.dll" adapterTypeName="Microsoft.VisualStudio.TestTools.TestTypes.Unit.UnitTestAdapter" className="UnitTestinProgress.MSTestClass2" name="MSTest_P2_32" />
    </UnitTest>
    <UnitTest name="MSTest_P2_33" storage="c:\users\navb\source\repos\sampleproject\testproject\unittestproject10\bin\debug\unittestproject10.dll" id="71ea535e-e323-ac42-effa-861c728b9432">
      <Execution id="bcbcc387-3b2f-4ff4-979c-ecbceb0e0122" />
      <TestMethod codeBase="C:\Users\navb\source\repos\SampleProject\TestProject\UnitTestProject10\bin\Debug\UnitTestProject10.dll" adapterTypeName="Microsoft.VisualStudio.TestTools.TestTypes.Unit.UnitTestAdapter" className="UnitTestinProgress.MSTestClass2" name="MSTest_P2_33" />
    </UnitTest>
    <UnitTest name="MSTest_P2_34" storage="c:\users\navb\source\repos\sampleproject\testproject\unittestproject10\bin\debug\unittestproject10.dll" id="a7789761-e712-36f0-3d13-cb2a7e42aa93">
      <Execution id="43a6988c-03a3-4132-81ce-9edec1eb342f" />
      <TestMethod codeBase="C:\Users\navb\source\repos\SampleProject\TestProject\UnitTestProject10\bin\Debug\UnitTestProject10.dll" adapterTypeName="Microsoft.VisualStudio.TestTools.TestTypes.Unit.UnitTestAdapter" className="UnitTestinProgress.MSTestClass2" name="MSTest_P2_34" />
    </UnitTest>
    <UnitTest name="MSTest_P2_35" storage="c:\users\navb\source\repos\sampleproject\testproject\unittestproject10\bin\debug\unittestproject10.dll" id="48bba266-5231-49e4-88d1-691c91359319">
      <Execution id="6adb6602-daa4-4920-a85f-e7f557a4c13a" />
      <TestMethod codeBase="C:\Users\navb\source\repos\SampleProject\TestProject\UnitTestProject10\bin\Debug\UnitTestProject10.dll" adapterTypeName="Microsoft.VisualStudio.TestTools.TestTypes.Unit.UnitTestAdapter" className="UnitTestinProgress.MSTestClass2" name="MSTest_P2_35" />
    </UnitTest>
    <UnitTest name="MSTest_P2_36" storage="c:\users\navb\source\repos\sampleproject\testproject\unittestproject10\bin\debug\unittestproject10.dll" id="a5766b4c-0dc0-04ea-2ded-12460a086d5f">
      <Execution id="a3a27080-5dea-4e93-906a-9886a841f7c1" />
      <TestMethod codeBase="C:\Users\navb\source\repos\SampleProject\TestProject\UnitTestProject10\bin\Debug\UnitTestProject10.dll" adapterTypeName="Microsoft.VisualStudio.TestTools.TestTypes.Unit.UnitTestAdapter" className="UnitTestinProgress.MSTestClass2" name="MSTest_P2_36" />
    </UnitTest>
    <UnitTest name="MSTest_P2_37" storage="c:\users\navb\source\repos\sampleproject\testproject\unittestproject10\bin\debug\unittestproject10.dll" id="a8e7e1f1-4bf2-014f-d2e4-4938a7f4e81c">
      <Execution id="46096673-ca00-482d-b010-bcf56ae97acd" />
      <TestMethod codeBase="C:\Users\navb\source\repos\SampleProject\TestProject\UnitTestProject10\bin\Debug\UnitTestProject10.dll" adapterTypeName="Microsoft.VisualStudio.TestTools.TestTypes.Unit.UnitTestAdapter" className="UnitTestinProgress.MSTestClass2" name="MSTest_P2_37" />
    </UnitTest>
    <UnitTest name="MSTest_P2_38" storage="c:\users\navb\source\repos\sampleproject\testproject\unittestproject10\bin\debug\unittestproject10.dll" id="f02d8dd0-31af-bb80-f1c4-f378ce56b784">
      <Execution id="c047d5e8-7319-4204-bef6-eca0b5df5964" />
      <TestMethod codeBase="C:\Users\navb\source\repos\SampleProject\TestProject\UnitTestProject10\bin\Debug\UnitTestProject10.dll" adapterTypeName="Microsoft.VisualStudio.TestTools.TestTypes.Unit.UnitTestAdapter" className="UnitTestinProgress.MSTestClass2" name="MSTest_P2_38" />
    </UnitTest>
    <UnitTest name="MSTest_P2_39" storage="c:\users\navb\source\repos\sampleproject\testproject\unittestproject10\bin\debug\unittestproject10.dll" id="2520ece5-6d09-2a4f-6a86-aaceeae65ffd">
      <Execution id="b839aa97-e39a-40a2-a7ae-b16c5c401d88" />
      <TestMethod codeBase="C:\Users\navb\source\repos\SampleProject\TestProject\UnitTestProject10\bin\Debug\UnitTestProject10.dll" adapterTypeName="Microsoft.VisualStudio.TestTools.TestTypes.Unit.UnitTestAdapter" className="UnitTestinProgress.MSTestClass2" name="MSTest_P2_39" />
    </UnitTest>
    <UnitTest name="MSTest_P2_40" storage="c:\users\navb\source\repos\sampleproject\testproject\unittestproject10\bin\debug\unittestproject10.dll" id="e449c253-e685-88dc-b9a2-4cb435a6f8c9">
      <Execution id="0316c654-4169-42d6-b0e2-e28efb4b56d9" />
      <TestMethod codeBase="C:\Users\navb\source\repos\SampleProject\TestProject\UnitTestProject10\bin\Debug\UnitTestProject10.dll" adapterTypeName="Microsoft.VisualStudio.TestTools.TestTypes.Unit.UnitTestAdapter" className="UnitTestinProgress.MSTestClass2" name="MSTest_P2_40" />
    </UnitTest>
    <UnitTest name="MSTest_P2_41" storage="c:\users\navb\source\repos\sampleproject\testproject\unittestproject10\bin\debug\unittestproject10.dll" id="910e3c4e-91ca-5a52-25c0-efa52d0d7125">
      <Execution id="055178fa-671b-4740-8ad3-41666e3afeb6" />
      <TestMethod codeBase="C:\Users\navb\source\repos\SampleProject\TestProject\UnitTestProject10\bin\Debug\UnitTestProject10.dll" adapterTypeName="Microsoft.VisualStudio.TestTools.TestTypes.Unit.UnitTestAdapter" className="UnitTestinProgress.MSTestClass2" name="MSTest_P2_41" />
    </UnitTest>
    <UnitTest name="MSTest_P2_42" storage="c:\users\navb\source\repos\sampleproject\testproject\unittestproject10\bin\debug\unittestproject10.dll" id="467aeb63-52fb-5550-90b9-62408ec18747">
      <Execution id="fe127efb-0869-4df9-8bad-89282d84594e" />
      <TestMethod codeBase="C:\Users\navb\source\repos\SampleProject\TestProject\UnitTestProject10\bin\Debug\UnitTestProject10.dll" adapterTypeName="Microsoft.VisualStudio.TestTools.TestTypes.Unit.UnitTestAdapter" className="UnitTestinProgress.MSTestClass2" name="MSTest_P2_42" />
    </UnitTest>
    <UnitTest name="MSTest_P2_43" storage="c:\users\navb\source\repos\sampleproject\testproject\unittestproject10\bin\debug\unittestproject10.dll" id="34de9a5c-ffac-5ea5-1c8c-bc8c44eaa588">
      <Execution id="7cda15e3-3f11-471c-947e-03ec28f89882" />
      <TestMethod codeBase="C:\Users\navb\source\repos\SampleProject\TestProject\UnitTestProject10\bin\Debug\UnitTestProject10.dll" adapterTypeName="Microsoft.VisualStudio.TestTools.TestTypes.Unit.UnitTestAdapter" className="UnitTestinProgress.MSTestClass2" name="MSTest_P2_43" />
    </UnitTest>
    <UnitTest name="MSTest_P2_44" storage="c:\users\navb\source\repos\sampleproject\testproject\unittestproject10\bin\debug\unittestproject10.dll" id="88461271-8542-7451-7f10-15633b7a652e">
      <Execution id="49aa20c6-a9c7-485a-96b0-10e5e58792a0" />
      <TestMethod codeBase="C:\Users\navb\source\repos\SampleProject\TestProject\UnitTestProject10\bin\Debug\UnitTestProject10.dll" adapterTypeName="Microsoft.VisualStudio.TestTools.TestTypes.Unit.UnitTestAdapter" className="UnitTestinProgress.MSTestClass2" name="MSTest_P2_44" />
    </UnitTest>
    <UnitTest name="MSTest_P2_45" storage="c:\users\navb\source\repos\sampleproject\testproject\unittestproject10\bin\debug\unittestproject10.dll" id="4c795da5-98b8-4296-89a1-f144b9f88460">
      <Execution id="b31ad001-b8cb-4a91-aee1-5cc0c4471d43" />
      <TestMethod codeBase="C:\Users\navb\source\repos\SampleProject\TestProject\UnitTestProject10\bin\Debug\UnitTestProject10.dll" adapterTypeName="Microsoft.VisualStudio.TestTools.TestTypes.Unit.UnitTestAdapter" className="UnitTestinProgress.MSTestClass2" name="MSTest_P2_45" />
    </UnitTest>
    <UnitTest name="MSTest_P2_46" storage="c:\users\navb\source\repos\sampleproject\testproject\unittestproject10\bin\debug\unittestproject10.dll" id="bcf9aa62-f8de-054d-810a-52baa94a16f5">
      <Execution id="b802b05b-5d36-4c04-ad66-b56b402bef2d" />
      <TestMethod codeBase="C:\Users\navb\source\repos\SampleProject\TestProject\UnitTestProject10\bin\Debug\UnitTestProject10.dll" adapterTypeName="Microsoft.VisualStudio.TestTools.TestTypes.Unit.UnitTestAdapter" className="UnitTestinProgress.MSTestClass2" name="MSTest_P2_46" />
    </UnitTest>
    <UnitTest name="MSTest_P2_47" storage="c:\users\navb\source\repos\sampleproject\testproject\unittestproject10\bin\debug\unittestproject10.dll" id="09bd71e3-6d9b-b514-a037-f6e515efdbd3">
      <Execution id="d2250652-9d37-407c-932a-4b7d8e2f1937" />
      <TestMethod codeBase="C:\Users\navb\source\repos\SampleProject\TestProject\UnitTestProject10\bin\Debug\UnitTestProject10.dll" adapterTypeName="Microsoft.VisualStudio.TestTools.TestTypes.Unit.UnitTestAdapter" className="UnitTestinProgress.MSTestClass2" name="MSTest_P2_47" />
    </UnitTest>
    <UnitTest name="MSTest_P2_48" storage="c:\users\navb\source\repos\sampleproject\testproject\unittestproject10\bin\debug\unittestproject10.dll" id="f8bcba92-efa3-dd7f-fde0-cbf5bd42a380">
      <Execution id="7c435fc5-bf59-4be4-bdd4-5b6634d06c98" />
      <TestMethod codeBase="C:\Users\navb\source\repos\SampleProject\TestProject\UnitTestProject10\bin\Debug\UnitTestProject10.dll" adapterTypeName="Microsoft.VisualStudio.TestTools.TestTypes.Unit.UnitTestAdapter" className="UnitTestinProgress.MSTestClass2" name="MSTest_P2_48" />
    </UnitTest>
    <UnitTest name="MSTest_P2_49" storage="c:\users\navb\source\repos\sampleproject\testproject\unittestproject10\bin\debug\unittestproject10.dll" id="9a59e2f9-cef5-d6ee-3a90-b3902d6003af">
      <Execution id="ffccf9b1-ef5b-44e4-9996-98b7af41f22a" />
      <TestMethod codeBase="C:\Users\navb\source\repos\SampleProject\TestProject\UnitTestProject10\bin\Debug\UnitTestProject10.dll" adapterTypeName="Microsoft.VisualStudio.TestTools.TestTypes.Unit.UnitTestAdapter" className="UnitTestinProgress.MSTestClass2" name="MSTest_P2_49" />
    </UnitTest>
    <UnitTest name="MSTest_P2_50" storage="c:\users\navb\source\repos\sampleproject\testproject\unittestproject10\bin\debug\unittestproject10.dll" id="7dfc9189-fb1b-a28d-4a92-90ac81e9729a">
      <Execution id="0435a4db-89b0-40e0-867f-0066a3c1d189" />
      <TestMethod codeBase="C:\Users\navb\source\repos\SampleProject\TestProject\UnitTestProject10\bin\Debug\UnitTestProject10.dll" adapterTypeName="Microsoft.VisualStudio.TestTools.TestTypes.Unit.UnitTestAdapter" className="UnitTestinProgress.MSTestClass2" name="MSTest_P2_50" />
    </UnitTest>
    <UnitTest name="MSTest_P2_51" storage="c:\users\navb\source\repos\sampleproject\testproject\unittestproject10\bin\debug\unittestproject10.dll" id="c677994e-be98-5f54-d1fb-321aebfa3a16">
      <Execution id="5a225d8e-779c-49b7-9b8f-362f2766dd00" />
      <TestMethod codeBase="C:\Users\navb\source\repos\SampleProject\TestProject\UnitTestProject10\bin\Debug\UnitTestProject10.dll" adapterTypeName="Microsoft.VisualStudio.TestTools.TestTypes.Unit.UnitTestAdapter" className="UnitTestinProgress.MSTestClass2" name="MSTest_P2_51" />
    </UnitTest>
    <UnitTest name="MSTest_P2_52" storage="c:\users\navb\source\repos\sampleproject\testproject\unittestproject10\bin\debug\unittestproject10.dll" id="f54520c7-8c9b-76a2-4894-0d118d41d4e3">
      <Execution id="6c4047de-0770-44da-9d25-4c6d0da276b7" />
      <TestMethod codeBase="C:\Users\navb\source\repos\SampleProject\TestProject\UnitTestProject10\bin\Debug\UnitTestProject10.dll" adapterTypeName="Microsoft.VisualStudio.TestTools.TestTypes.Unit.UnitTestAdapter" className="UnitTestinProgress.MSTestClass2" name="MSTest_P2_52" />
    </UnitTest>
    <UnitTest name="MSTest_P2_53" storage="c:\users\navb\source\repos\sampleproject\testproject\unittestproject10\bin\debug\unittestproject10.dll" id="f1794d39-df94-d1e9-60a6-10119aebc35f">
      <Execution id="c6214dee-3816-4e09-a41d-74ae63abd0a1" />
      <TestMethod codeBase="C:\Users\navb\source\repos\SampleProject\TestProject\UnitTestProject10\bin\Debug\UnitTestProject10.dll" adapterTypeName="Microsoft.VisualStudio.TestTools.TestTypes.Unit.UnitTestAdapter" className="UnitTestinProgress.MSTestClass2" name="MSTest_P2_53" />
    </UnitTest>
    <UnitTest name="MSTest_P2_54" storage="c:\users\navb\source\repos\sampleproject\testproject\unittestproject10\bin\debug\unittestproject10.dll" id="64e6c983-0403-dff9-6112-34addbef41c9">
      <Execution id="3c8b2381-80d7-43b6-a04f-ae9b5de68803" />
      <TestMethod codeBase="C:\Users\navb\source\repos\SampleProject\TestProject\UnitTestProject10\bin\Debug\UnitTestProject10.dll" adapterTypeName="Microsoft.VisualStudio.TestTools.TestTypes.Unit.UnitTestAdapter" className="UnitTestinProgress.MSTestClass2" name="MSTest_P2_54" />
    </UnitTest>
    <UnitTest name="MSTest_P2_55" storage="c:\users\navb\source\repos\sampleproject\testproject\unittestproject10\bin\debug\unittestproject10.dll" id="d9e22f6c-6893-f2d5-4bad-1f25a676c4a6">
      <Execution id="64e46520-e380-4579-9997-86bda5fb667b" />
      <TestMethod codeBase="C:\Users\navb\source\repos\SampleProject\TestProject\UnitTestProject10\bin\Debug\UnitTestProject10.dll" adapterTypeName="Microsoft.VisualStudio.TestTools.TestTypes.Unit.UnitTestAdapter" className="UnitTestinProgress.MSTestClass2" name="MSTest_P2_55" />
    </UnitTest>
    <UnitTest name="MSTest_P2_56" storage="c:\users\navb\source\repos\sampleproject\testproject\unittestproject10\bin\debug\unittestproject10.dll" id="ca69075d-0b70-18d5-1a06-fac35b67cd3b">
      <Execution id="224e30a2-4278-4eb2-8b1e-c9a1b9cc1644" />
      <TestMethod codeBase="C:\Users\navb\source\repos\SampleProject\TestProject\UnitTestProject10\bin\Debug\UnitTestProject10.dll" adapterTypeName="Microsoft.VisualStudio.TestTools.TestTypes.Unit.UnitTestAdapter" className="UnitTestinProgress.MSTestClass2" name="MSTest_P2_56" />
    </UnitTest>
    <UnitTest name="MSTest_P2_57" storage="c:\users\navb\source\repos\sampleproject\testproject\unittestproject10\bin\debug\unittestproject10.dll" id="c57e7f9f-0cce-b6f4-07ee-ada8d8fbc5c3">
      <Execution id="b495aca7-bca1-4190-942b-ade576153dd6" />
      <TestMethod codeBase="C:\Users\navb\source\repos\SampleProject\TestProject\UnitTestProject10\bin\Debug\UnitTestProject10.dll" adapterTypeName="Microsoft.VisualStudio.TestTools.TestTypes.Unit.UnitTestAdapter" className="UnitTestinProgress.MSTestClass2" name="MSTest_P2_57" />
    </UnitTest>
    <UnitTest name="MSTest_P2_58" storage="c:\users\navb\source\repos\sampleproject\testproject\unittestproject10\bin\debug\unittestproject10.dll" id="1a585a28-c287-7bb4-1bb2-c0e1b93f38bd">
      <Execution id="08b57c4c-d7ee-4a5e-b6f9-bc1ce3eb81d7" />
      <TestMethod codeBase="C:\Users\navb\source\repos\SampleProject\TestProject\UnitTestProject10\bin\Debug\UnitTestProject10.dll" adapterTypeName="Microsoft.VisualStudio.TestTools.TestTypes.Unit.UnitTestAdapter" className="UnitTestinProgress.MSTestClass2" name="MSTest_P2_58" />
    </UnitTest>
    <UnitTest name="MSTest_P2_59" storage="c:\users\navb\source\repos\sampleproject\testproject\unittestproject10\bin\debug\unittestproject10.dll" id="f8615455-a4b0-bdd0-1ecf-8870ef34a7e9">
      <Execution id="827d3a5a-8124-42a8-965a-93a0955ba42c" />
      <TestMethod codeBase="C:\Users\navb\source\repos\SampleProject\TestProject\UnitTestProject10\bin\Debug\UnitTestProject10.dll" adapterTypeName="Microsoft.VisualStudio.TestTools.TestTypes.Unit.UnitTestAdapter" className="UnitTestinProgress.MSTestClass2" name="MSTest_P2_59" />
    </UnitTest>
    <UnitTest name="MSTest_P2_60" storage="c:\users\navb\source\repos\sampleproject\testproject\unittestproject10\bin\debug\unittestproject10.dll" id="482c8cf5-ae0a-bdfe-8fea-125551c79d32">
      <Execution id="e2edb1b3-06bc-4cfe-a712-af6f511554b9" />
      <TestMethod codeBase="C:\Users\navb\source\repos\SampleProject\TestProject\UnitTestProject10\bin\Debug\UnitTestProject10.dll" adapterTypeName="Microsoft.VisualStudio.TestTools.TestTypes.Unit.UnitTestAdapter" className="UnitTestinProgress.MSTestClass2" name="MSTest_P2_60" />
    </UnitTest>
    <UnitTest name="MSTest_P2_61" storage="c:\users\navb\source\repos\sampleproject\testproject\unittestproject10\bin\debug\unittestproject10.dll" id="e66a5384-6cb0-65a2-e91d-02c1e155d5c3">
      <Execution id="86c903ef-b1b8-430f-ad97-c7c135aa5f06" />
      <TestMethod codeBase="C:\Users\navb\source\repos\SampleProject\TestProject\UnitTestProject10\bin\Debug\UnitTestProject10.dll" adapterTypeName="Microsoft.VisualStudio.TestTools.TestTypes.Unit.UnitTestAdapter" className="UnitTestinProgress.MSTestClass2" name="MSTest_P2_61" />
    </UnitTest>
    <UnitTest name="MSTest_P2_62" storage="c:\users\navb\source\repos\sampleproject\testproject\unittestproject10\bin\debug\unittestproject10.dll" id="2e962158-3ffe-3f85-8291-ad30cd47ebcb">
      <Execution id="c988306b-53d7-4ad0-8790-2fb4da4244fc" />
      <TestMethod codeBase="C:\Users\navb\source\repos\SampleProject\TestProject\UnitTestProject10\bin\Debug\UnitTestProject10.dll" adapterTypeName="Microsoft.VisualStudio.TestTools.TestTypes.Unit.UnitTestAdapter" className="UnitTestinProgress.MSTestClass2" name="MSTest_P2_62" />
    </UnitTest>
    <UnitTest name="MSTest_P2_63" storage="c:\users\navb\source\repos\sampleproject\testproject\unittestproject10\bin\debug\unittestproject10.dll" id="2bdceb26-ca6a-1ff9-bb11-3a9cdbe462e0">
      <Execution id="55ea73c3-a3ac-41df-8493-3340afa3552b" />
      <TestMethod codeBase="C:\Users\navb\source\repos\SampleProject\TestProject\UnitTestProject10\bin\Debug\UnitTestProject10.dll" adapterTypeName="Microsoft.VisualStudio.TestTools.TestTypes.Unit.UnitTestAdapter" className="UnitTestinProgress.MSTestClass2" name="MSTest_P2_63" />
    </UnitTest>
    <UnitTest name="MSTest_P2_64" storage="c:\users\navb\source\repos\sampleproject\testproject\unittestproject10\bin\debug\unittestproject10.dll" id="2520ef80-08f7-0a88-649a-45adca3a8d2b">
      <Execution id="52cda54a-3f94-4b52-99e1-f927c384300a" />
      <TestMethod codeBase="C:\Users\navb\source\repos\SampleProject\TestProject\UnitTestProject10\bin\Debug\UnitTestProject10.dll" adapterTypeName="Microsoft.VisualStudio.TestTools.TestTypes.Unit.UnitTestAdapter" className="UnitTestinProgress.MSTestClass2" name="MSTest_P2_64" />
    </UnitTest>
    <UnitTest name="MSTest_P2_65" storage="c:\users\navb\source\repos\sampleproject\testproject\unittestproject10\bin\debug\unittestproject10.dll" id="acdf9e27-ac18-9369-da0a-58cd6c064cde">
      <Execution id="e83aa43a-47a3-48ea-bca7-0bc86966d832" />
      <TestMethod codeBase="C:\Users\navb\source\repos\SampleProject\TestProject\UnitTestProject10\bin\Debug\UnitTestProject10.dll" adapterTypeName="Microsoft.VisualStudio.TestTools.TestTypes.Unit.UnitTestAdapter" className="UnitTestinProgress.MSTestClass2" name="MSTest_P2_65" />
    </UnitTest>
    <UnitTest name="MSTest_P2_66" storage="c:\users\navb\source\repos\sampleproject\testproject\unittestproject10\bin\debug\unittestproject10.dll" id="65721392-e906-b72c-9e38-c0b0eb482edc">
      <Execution id="1f2588a4-7051-4685-85a3-e8a18c559f74" />
      <TestMethod codeBase="C:\Users\navb\source\repos\SampleProject\TestProject\UnitTestProject10\bin\Debug\UnitTestProject10.dll" adapterTypeName="Microsoft.VisualStudio.TestTools.TestTypes.Unit.UnitTestAdapter" className="UnitTestinProgress.MSTestClass2" name="MSTest_P2_66" />
    </UnitTest>
    <UnitTest name="MSTest_P2_67" storage="c:\users\navb\source\repos\sampleproject\testproject\unittestproject10\bin\debug\unittestproject10.dll" id="491bc67f-7e7f-5614-884d-dec272d0026c">
      <Execution id="3ac1779d-9133-43ba-9de9-4fa6b5486deb" />
      <TestMethod codeBase="C:\Users\navb\source\repos\SampleProject\TestProject\UnitTestProject10\bin\Debug\UnitTestProject10.dll" adapterTypeName="Microsoft.VisualStudio.TestTools.TestTypes.Unit.UnitTestAdapter" className="UnitTestinProgress.MSTestClass2" name="MSTest_P2_67" />
    </UnitTest>
    <UnitTest name="MSTest_P2_68" storage="c:\users\navb\source\repos\sampleproject\testproject\unittestproject10\bin\debug\unittestproject10.dll" id="0d79d664-5469-b946-d144-1a8906ff02db">
      <Execution id="13326ea1-51ac-4f5b-8351-8f54a2a1c26b" />
      <TestMethod codeBase="C:\Users\navb\source\repos\SampleProject\TestProject\UnitTestProject10\bin\Debug\UnitTestProject10.dll" adapterTypeName="Microsoft.VisualStudio.TestTools.TestTypes.Unit.UnitTestAdapter" className="UnitTestinProgress.MSTestClass2" name="MSTest_P2_68" />
    </UnitTest>
    <UnitTest name="MSTest_P2_69" storage="c:\users\navb\source\repos\sampleproject\testproject\unittestproject10\bin\debug\unittestproject10.dll" id="876d31d9-fb1a-792e-0be0-736862f1be56">
      <Execution id="2229162e-dd54-4210-acde-21263659424a" />
      <TestMethod codeBase="C:\Users\navb\source\repos\SampleProject\TestProject\UnitTestProject10\bin\Debug\UnitTestProject10.dll" adapterTypeName="Microsoft.VisualStudio.TestTools.TestTypes.Unit.UnitTestAdapter" className="UnitTestinProgress.MSTestClass2" name="MSTest_P2_69" />
    </UnitTest>
    <UnitTest name="MSTest_P2_70" storage="c:\users\navb\source\repos\sampleproject\testproject\unittestproject10\bin\debug\unittestproject10.dll" id="fe28166b-13d8-a133-208f-4359b9894fdc">
      <Execution id="22ea15c9-7d3f-4809-bac6-492eabc6b5d8" />
      <TestMethod codeBase="C:\Users\navb\source\repos\SampleProject\TestProject\UnitTestProject10\bin\Debug\UnitTestProject10.dll" adapterTypeName="Microsoft.VisualStudio.TestTools.TestTypes.Unit.UnitTestAdapter" className="UnitTestinProgress.MSTestClass2" name="MSTest_P2_70" />
    </UnitTest>
    <UnitTest name="MSTest_P2_71" storage="c:\users\navb\source\repos\sampleproject\testproject\unittestproject10\bin\debug\unittestproject10.dll" id="84f75f95-3219-0890-164f-b43e2a396545">
      <Execution id="38ff8935-5365-49fd-ad2b-2b038e362207" />
      <TestMethod codeBase="C:\Users\navb\source\repos\SampleProject\TestProject\UnitTestProject10\bin\Debug\UnitTestProject10.dll" adapterTypeName="Microsoft.VisualStudio.TestTools.TestTypes.Unit.UnitTestAdapter" className="UnitTestinProgress.MSTestClass2" name="MSTest_P2_71" />
    </UnitTest>
    <UnitTest name="MSTest_P2_72" storage="c:\users\navb\source\repos\sampleproject\testproject\unittestproject10\bin\debug\unittestproject10.dll" id="c11ab97d-c893-e1cf-5312-f111a740bfdf">
      <Execution id="b9248491-8816-4530-8528-8a22a2245321" />
      <TestMethod codeBase="C:\Users\navb\source\repos\SampleProject\TestProject\UnitTestProject10\bin\Debug\UnitTestProject10.dll" adapterTypeName="Microsoft.VisualStudio.TestTools.TestTypes.Unit.UnitTestAdapter" className="UnitTestinProgress.MSTestClass2" name="MSTest_P2_72" />
    </UnitTest>
    <UnitTest name="MSTest_P2_73" storage="c:\users\navb\source\repos\sampleproject\testproject\unittestproject10\bin\debug\unittestproject10.dll" id="8b3429f2-4cdd-dda8-4850-b96c716e5e44">
      <Execution id="f630a29b-9c6e-4262-9f6c-f03c948a6333" />
      <TestMethod codeBase="C:\Users\navb\source\repos\SampleProject\TestProject\UnitTestProject10\bin\Debug\UnitTestProject10.dll" adapterTypeName="Microsoft.VisualStudio.TestTools.TestTypes.Unit.UnitTestAdapter" className="UnitTestinProgress.MSTestClass2" name="MSTest_P2_73" />
    </UnitTest>
    <UnitTest name="MSTest_P2_74" storage="c:\users\navb\source\repos\sampleproject\testproject\unittestproject10\bin\debug\unittestproject10.dll" id="93f22dd6-8de6-585c-5715-a0390a34c0b2">
      <Execution id="9593c326-3e2e-4de5-9f29-cb1da77121f4" />
      <TestMethod codeBase="C:\Users\navb\source\repos\SampleProject\TestProject\UnitTestProject10\bin\Debug\UnitTestProject10.dll" adapterTypeName="Microsoft.VisualStudio.TestTools.TestTypes.Unit.UnitTestAdapter" className="UnitTestinProgress.MSTestClass2" name="MSTest_P2_74" />
    </UnitTest>
    <UnitTest name="MSTest_P2_75" storage="c:\users\navb\source\repos\sampleproject\testproject\unittestproject10\bin\debug\unittestproject10.dll" id="30ba49f3-c41a-af3c-6a4c-c75c4a2a3acc">
      <Execution id="1421f498-3522-4cc5-80be-a9ffe646ee10" />
      <TestMethod codeBase="C:\Users\navb\source\repos\SampleProject\TestProject\UnitTestProject10\bin\Debug\UnitTestProject10.dll" adapterTypeName="Microsoft.VisualStudio.TestTools.TestTypes.Unit.UnitTestAdapter" className="UnitTestinProgress.MSTestClass2" name="MSTest_P2_75" />
    </UnitTest>
    <UnitTest name="MSTest_P2_76" storage="c:\users\navb\source\repos\sampleproject\testproject\unittestproject10\bin\debug\unittestproject10.dll" id="4c6f794f-c5bb-f458-941d-32ab8518b9d6">
      <Execution id="a3857ae9-6aa9-421b-b36c-984374b59d36" />
      <TestMethod codeBase="C:\Users\navb\source\repos\SampleProject\TestProject\UnitTestProject10\bin\Debug\UnitTestProject10.dll" adapterTypeName="Microsoft.VisualStudio.TestTools.TestTypes.Unit.UnitTestAdapter" className="UnitTestinProgress.MSTestClass2" name="MSTest_P2_76" />
    </UnitTest>
    <UnitTest name="MSTest_P2_77" storage="c:\users\navb\source\repos\sampleproject\testproject\unittestproject10\bin\debug\unittestproject10.dll" id="5b7cb14d-e2cf-47b2-be5d-4ccbf441dc80">
      <Execution id="cc999a09-2205-4c30-9e5e-201682f40f69" />
      <TestMethod codeBase="C:\Users\navb\source\repos\SampleProject\TestProject\UnitTestProject10\bin\Debug\UnitTestProject10.dll" adapterTypeName="Microsoft.VisualStudio.TestTools.TestTypes.Unit.UnitTestAdapter" className="UnitTestinProgress.MSTestClass2" name="MSTest_P2_77" />
    </UnitTest>
    <UnitTest name="MSTest_P2_78" storage="c:\users\navb\source\repos\sampleproject\testproject\unittestproject10\bin\debug\unittestproject10.dll" id="18c44544-acad-6617-1142-684d35a26c3b">
      <Execution id="972b107d-db08-47bd-8907-1d47b8190feb" />
      <TestMethod codeBase="C:\Users\navb\source\repos\SampleProject\TestProject\UnitTestProject10\bin\Debug\UnitTestProject10.dll" adapterTypeName="Microsoft.VisualStudio.TestTools.TestTypes.Unit.UnitTestAdapter" className="UnitTestinProgress.MSTestClass2" name="MSTest_P2_78" />
    </UnitTest>
    <UnitTest name="MSTest_P2_79" storage="c:\users\navb\source\repos\sampleproject\testproject\unittestproject10\bin\debug\unittestproject10.dll" id="df9a9820-2b23-f3db-c367-77cc26700e6f">
      <Execution id="1f76b5f8-3b1f-4b5c-9ad9-61c89c3b0dfe" />
      <TestMethod codeBase="C:\Users\navb\source\repos\SampleProject\TestProject\UnitTestProject10\bin\Debug\UnitTestProject10.dll" adapterTypeName="Microsoft.VisualStudio.TestTools.TestTypes.Unit.UnitTestAdapter" className="UnitTestinProgress.MSTestClass2" name="MSTest_P2_79" />
    </UnitTest>
    <UnitTest name="MSTest_P2_80" storage="c:\users\navb\source\repos\sampleproject\testproject\unittestproject10\bin\debug\unittestproject10.dll" id="901b3e11-eb23-a25f-de1e-7060c98c147c">
      <Execution id="c7003147-f289-45ab-8212-ee8b74ee21fe" />
      <TestMethod codeBase="C:\Users\navb\source\repos\SampleProject\TestProject\UnitTestProject10\bin\Debug\UnitTestProject10.dll" adapterTypeName="Microsoft.VisualStudio.TestTools.TestTypes.Unit.UnitTestAdapter" className="UnitTestinProgress.MSTestClass2" name="MSTest_P2_80" />
    </UnitTest>
    <UnitTest name="MSTest_P2_81" storage="c:\users\navb\source\repos\sampleproject\testproject\unittestproject10\bin\debug\unittestproject10.dll" id="42fbaa12-b780-8351-11ef-f860362fd63f">
      <Execution id="ac4a90df-a8c5-47d2-83b8-7aaae10ca1b6" />
      <TestMethod codeBase="C:\Users\navb\source\repos\SampleProject\TestProject\UnitTestProject10\bin\Debug\UnitTestProject10.dll" adapterTypeName="Microsoft.VisualStudio.TestTools.TestTypes.Unit.UnitTestAdapter" className="UnitTestinProgress.MSTestClass2" name="MSTest_P2_81" />
    </UnitTest>
    <UnitTest name="MSTest_P2_82" storage="c:\users\navb\source\repos\sampleproject\testproject\unittestproject10\bin\debug\unittestproject10.dll" id="d25df39d-7eba-d3e6-f674-e9e0f95d7b9a">
      <Execution id="12975d0c-e5c1-44b9-9de4-a8bb557d1226" />
      <TestMethod codeBase="C:\Users\navb\source\repos\SampleProject\TestProject\UnitTestProject10\bin\Debug\UnitTestProject10.dll" adapterTypeName="Microsoft.VisualStudio.TestTools.TestTypes.Unit.UnitTestAdapter" className="UnitTestinProgress.MSTestClass2" name="MSTest_P2_82" />
    </UnitTest>
    <UnitTest name="MSTest_P2_83" storage="c:\users\navb\source\repos\sampleproject\testproject\unittestproject10\bin\debug\unittestproject10.dll" id="ad0a023a-3693-562e-9fc0-99203e08636b">
      <Execution id="ab991b70-b780-4c54-b8aa-44a226a84f64" />
      <TestMethod codeBase="C:\Users\navb\source\repos\SampleProject\TestProject\UnitTestProject10\bin\Debug\UnitTestProject10.dll" adapterTypeName="Microsoft.VisualStudio.TestTools.TestTypes.Unit.UnitTestAdapter" className="UnitTestinProgress.MSTestClass2" name="MSTest_P2_83" />
    </UnitTest>
    <UnitTest name="MSTest_P2_84" storage="c:\users\navb\source\repos\sampleproject\testproject\unittestproject10\bin\debug\unittestproject10.dll" id="b8011298-da04-432a-4208-b77526e552c7">
      <Execution id="e1765275-8848-4728-8be3-c283dccde1c8" />
      <TestMethod codeBase="C:\Users\navb\source\repos\SampleProject\TestProject\UnitTestProject10\bin\Debug\UnitTestProject10.dll" adapterTypeName="Microsoft.VisualStudio.TestTools.TestTypes.Unit.UnitTestAdapter" className="UnitTestinProgress.MSTestClass2" name="MSTest_P2_84" />
    </UnitTest>
    <UnitTest name="MSTest_P2_85" storage="c:\users\navb\source\repos\sampleproject\testproject\unittestproject10\bin\debug\unittestproject10.dll" id="f40ed4b4-c95a-cc58-32e7-3c22c07fd1c6">
      <Execution id="45e0fd9d-9d57-460e-bdef-6809a1148723" />
      <TestMethod codeBase="C:\Users\navb\source\repos\SampleProject\TestProject\UnitTestProject10\bin\Debug\UnitTestProject10.dll" adapterTypeName="Microsoft.VisualStudio.TestTools.TestTypes.Unit.UnitTestAdapter" className="UnitTestinProgress.MSTestClass2" name="MSTest_P2_85" />
    </UnitTest>
  </TestDefinitions>
  <TestEntries>
    <TestEntry testId="36bde96d-0d96-c298-43a3-0f3842a0cfda" executionId="e7eeccb8-31ed-4be1-b8e1-4a008702f70e" testListId="8c84fa94-04c1-424b-9868-57a2d4851a1d" />
    <TestEntry testId="cb12f671-288e-b984-7841-f27b28b5a954" executionId="0b1d739a-1f4f-4340-ba66-2c76a4ffbb6e" testListId="8c84fa94-04c1-424b-9868-57a2d4851a1d" />
    <TestEntry testId="689479ad-c111-709a-1cd1-0ad6c680155c" executionId="310bf521-17b4-414e-8d9d-64be81aec646" testListId="8c84fa94-04c1-424b-9868-57a2d4851a1d" />
    <TestEntry testId="dd0943f8-c48f-9d2e-8e55-d0f390e5f150" executionId="c567764d-ef26-43d2-937d-10c00a966c61" testListId="8c84fa94-04c1-424b-9868-57a2d4851a1d" />
    <TestEntry testId="4d7cd98e-bc15-a9a0-0037-b9c70c17a135" executionId="7175df60-a419-4097-bb53-758ce5aba412" testListId="8c84fa94-04c1-424b-9868-57a2d4851a1d" />
    <TestEntry testId="9809cbdd-d7b2-80fa-b868-9b34da7f8378" executionId="ba88d9b1-0e2f-415c-8b89-8e0af8ed4c76" testListId="8c84fa94-04c1-424b-9868-57a2d4851a1d" />
    <TestEntry testId="09cf93a3-d30f-5c1b-50e2-348e7377cba1" executionId="a0327d9c-9db9-45e3-8181-1f98dbf16bf3" testListId="8c84fa94-04c1-424b-9868-57a2d4851a1d" />
    <TestEntry testId="c2b41b39-03cf-6a86-2cd5-dc527130e719" executionId="3ef284c6-d8cc-4587-b9e9-7fb1542e2379" testListId="8c84fa94-04c1-424b-9868-57a2d4851a1d" />
    <TestEntry testId="4a218327-1398-cf0c-6349-b25e288d1af2" executionId="07f90189-b8ab-4aa9-b43a-023fbf00dcc7" testListId="8c84fa94-04c1-424b-9868-57a2d4851a1d" />
    <TestEntry testId="4cbcf606-68cf-8ad7-dc0c-2d4bd155347a" executionId="0104f2dd-8d76-4468-b87c-87ef68155c94" testListId="8c84fa94-04c1-424b-9868-57a2d4851a1d" />
    <TestEntry testId="202ead75-6032-5a2e-65ad-5bc7c7338fc2" executionId="c9839f6d-3219-4b20-b663-08890e5f7267" testListId="8c84fa94-04c1-424b-9868-57a2d4851a1d" />
    <TestEntry testId="f35819d5-69b2-b60a-d2a4-edf7fab86950" executionId="a93173b3-0511-4513-a8d6-22e3d523cdaa" testListId="8c84fa94-04c1-424b-9868-57a2d4851a1d" />
    <TestEntry testId="77ec1bfe-343f-fe1c-d4cd-31c5de335f97" executionId="34e7a610-af5e-44f8-ba05-08d064af0b42" testListId="8c84fa94-04c1-424b-9868-57a2d4851a1d" />
    <TestEntry testId="b1ff8ea2-5898-8cb4-3204-7704c0e69a5e" executionId="ba8e511c-6d33-49e9-9c3c-7ba17241cc44" testListId="8c84fa94-04c1-424b-9868-57a2d4851a1d" />
    <TestEntry testId="9502191f-357c-d53a-b156-3c8b5d42c22c" executionId="45e06f9e-3c88-465b-84a8-7d51f6570224" testListId="8c84fa94-04c1-424b-9868-57a2d4851a1d" />
    <TestEntry testId="ebd8948d-700c-4a44-ff27-5d3f84686268" executionId="312643f5-4aa3-484c-ac5a-5aedcbb71525" testListId="8c84fa94-04c1-424b-9868-57a2d4851a1d" />
    <TestEntry testId="23a62c50-bc12-7400-f1fd-092d1390b2fe" executionId="632c7a0e-e5b7-4efb-a013-81fe1db276cf" testListId="8c84fa94-04c1-424b-9868-57a2d4851a1d" />
    <TestEntry testId="a0c85cac-2650-391a-3d91-e98b8cb1a39e" executionId="9c95a698-be17-47de-bfb1-365bf072fcee" testListId="8c84fa94-04c1-424b-9868-57a2d4851a1d" />
    <TestEntry testId="356b006a-65a7-c5af-a896-53d6e9074107" executionId="58aff17e-48fb-4c2c-b7b7-6c311ce88c52" testListId="8c84fa94-04c1-424b-9868-57a2d4851a1d" />
    <TestEntry testId="4918836b-5d34-a726-31f2-3925ebb3e38f" executionId="7a0c53c1-287e-4289-b708-8761a1ad2de6" testListId="8c84fa94-04c1-424b-9868-57a2d4851a1d" />
    <TestEntry testId="656d9fc4-21bf-625c-ad74-01b978a3b51b" executionId="4fd9b37c-4a0f-4fe8-b92d-6c72170b713d" testListId="8c84fa94-04c1-424b-9868-57a2d4851a1d" />
    <TestEntry testId="959e2205-0310-59a4-9a70-b62eadedc62b" executionId="31606dc3-ec33-44c5-8439-8d2128648d47" testListId="8c84fa94-04c1-424b-9868-57a2d4851a1d" />
    <TestEntry testId="673501ac-dbdd-1a26-34e8-e22d36492c19" executionId="9d230204-a776-46de-a81f-ac726942afb6" testListId="8c84fa94-04c1-424b-9868-57a2d4851a1d" />
    <TestEntry testId="67a2eca1-f9f7-38e2-798c-2069f3b96ad7" executionId="24a60541-2fb7-4ae9-b8a8-21fd38a7eba0" testListId="8c84fa94-04c1-424b-9868-57a2d4851a1d" />
    <TestEntry testId="0a8a668f-ff71-29d0-c08b-0fc576ae2e32" executionId="0ea01ec6-cf28-403b-a13d-db67e13e67ec" testListId="8c84fa94-04c1-424b-9868-57a2d4851a1d" />
    <TestEntry testId="d12a5db6-fe22-e196-74ee-7702ee4ec904" executionId="65a7fd33-89b5-4ad8-9421-31f1adbb6cf2" testListId="8c84fa94-04c1-424b-9868-57a2d4851a1d" />
    <TestEntry testId="1d3891a6-1247-0c7b-0dc7-cfd177bcdbdd" executionId="314b44b9-10ab-4727-9471-be8211686b3c" testListId="8c84fa94-04c1-424b-9868-57a2d4851a1d" />
    <TestEntry testId="95077557-478d-7507-6475-5cf434b1d3b7" executionId="a9641fa9-5a31-4eeb-ab5e-224d738a4dba" testListId="8c84fa94-04c1-424b-9868-57a2d4851a1d" />
    <TestEntry testId="dde802ab-3490-e7fd-a348-51dfedb39074" executionId="6cbfb375-3896-4c49-a133-46b19902a1b4" testListId="8c84fa94-04c1-424b-9868-57a2d4851a1d" />
    <TestEntry testId="a53a1da3-8a72-7627-2744-1b497aa4a58a" executionId="bebcdad6-7fe3-4cb3-89e5-59239957cacb" testListId="8c84fa94-04c1-424b-9868-57a2d4851a1d" />
    <TestEntry testId="6f45ea30-aeef-91aa-f63d-95cdbbda8819" executionId="f0bb422d-48ca-4dcd-b421-1eb450bc32af" testListId="8c84fa94-04c1-424b-9868-57a2d4851a1d" />
    <TestEntry testId="2e7291dd-c1de-8bf0-4046-3eab145e03ad" executionId="e3c5e285-edf3-4bb2-a45a-36099821dbba" testListId="8c84fa94-04c1-424b-9868-57a2d4851a1d" />
    <TestEntry testId="eec61463-083f-d697-f74b-78e6661a0ffa" executionId="09ef366d-04b8-47e6-9607-ce8b1bb83a0c" testListId="8c84fa94-04c1-424b-9868-57a2d4851a1d" />
    <TestEntry testId="021aa6e2-1ab8-bf0e-3a87-a681b1bfbd3c" executionId="33f40c0a-e381-4fc3-9d67-fe0dfd137c85" testListId="8c84fa94-04c1-424b-9868-57a2d4851a1d" />
    <TestEntry testId="f1b7b4ee-b356-2a6e-ad47-59d1eea98de9" executionId="fc8d0f7c-6770-49b8-88bb-0a4d064adf0c" testListId="8c84fa94-04c1-424b-9868-57a2d4851a1d" />
    <TestEntry testId="937c1a24-2374-a6c9-43f7-7bd06df36671" executionId="60368c65-d1ee-4d41-96cc-9412ffb286a5" testListId="8c84fa94-04c1-424b-9868-57a2d4851a1d" />
    <TestEntry testId="00e26104-cf41-c102-75d3-90abc73f737c" executionId="dd625fcd-5e01-4441-b5d0-05d79ef3b353" testListId="8c84fa94-04c1-424b-9868-57a2d4851a1d" />
    <TestEntry testId="6db42630-2762-f0dd-63a5-dfa32cb907cc" executionId="5c04855e-57e1-456f-9322-a21e12199ae2" testListId="8c84fa94-04c1-424b-9868-57a2d4851a1d" />
    <TestEntry testId="f149c2ba-465a-6c74-3c63-988375e8514b" executionId="b76b89e1-2bed-43e8-b5eb-057e32936457" testListId="8c84fa94-04c1-424b-9868-57a2d4851a1d" />
    <TestEntry testId="534e5a5e-a75c-4d7b-ee03-c96c63db19fe" executionId="2532d19f-2241-46df-a250-12b953db0bc7" testListId="8c84fa94-04c1-424b-9868-57a2d4851a1d" />
    <TestEntry testId="c4e1a648-d13c-6d96-77e1-194682ca2e2f" executionId="cd45e116-21b6-4d59-91fe-c1431bcbfd57" testListId="8c84fa94-04c1-424b-9868-57a2d4851a1d" />
    <TestEntry testId="5a6efaa2-6cee-cfc4-c728-aae3bfe1ac68" executionId="9aae71fc-8859-41f7-acb4-9631a64cc0a3" testListId="8c84fa94-04c1-424b-9868-57a2d4851a1d" />
    <TestEntry testId="2714cde1-9535-bf45-b8a7-195dca391fda" executionId="6ee6a1f7-9474-407b-a815-f7e131649565" testListId="8c84fa94-04c1-424b-9868-57a2d4851a1d" />
    <TestEntry testId="0c9e54e2-5122-ba29-f0a0-9ae6abe21274" executionId="4283201b-fee1-4998-97ac-2fc85c46a0b4" testListId="8c84fa94-04c1-424b-9868-57a2d4851a1d" />
    <TestEntry testId="f53bd6f4-efaa-25e3-9060-6b3174fffaa7" executionId="dded7d0e-9524-4169-bdb5-22172283ba6d" testListId="8c84fa94-04c1-424b-9868-57a2d4851a1d" />
    <TestEntry testId="31a54882-0459-8808-6dea-815b93d1cf37" executionId="97aec587-7cb0-4adb-9c77-ba8539c6822d" testListId="8c84fa94-04c1-424b-9868-57a2d4851a1d" />
    <TestEntry testId="73ee45f0-db72-8be7-691e-6a6da7f10eb4" executionId="5577bb84-6f29-45cc-b57a-e06783c00da0" testListId="8c84fa94-04c1-424b-9868-57a2d4851a1d" />
    <TestEntry testId="c42e4098-937c-1bdf-286e-4a88535261f6" executionId="42f9d21f-e263-4269-b958-a73ede440803" testListId="8c84fa94-04c1-424b-9868-57a2d4851a1d" />
    <TestEntry testId="eb5031d8-5a01-da61-3df7-26c870bd3135" executionId="f0ea465e-f68c-4a8d-b20d-32552a458589" testListId="8c84fa94-04c1-424b-9868-57a2d4851a1d" />
    <TestEntry testId="6526c150-7f85-b1c4-20f9-d5f664670ad4" executionId="92ed1a9c-3361-4063-ad2b-4de5bd70f122" testListId="8c84fa94-04c1-424b-9868-57a2d4851a1d" />
    <TestEntry testId="641d120b-a58b-5f63-7577-1d2096e02b03" executionId="356dac79-0d8d-4c36-9fb8-3791899662b7" testListId="8c84fa94-04c1-424b-9868-57a2d4851a1d" />
    <TestEntry testId="2a114e9d-3e7a-eed7-7fc6-c79f8364b40f" executionId="7d66496e-d8ec-4c20-928c-3a8b2a09431c" testListId="8c84fa94-04c1-424b-9868-57a2d4851a1d" />
    <TestEntry testId="7a199eaa-23a1-e626-ccad-d70838934b1e" executionId="ae3e7a42-8df8-4a4a-8d7f-e7d56e20c927" testListId="8c84fa94-04c1-424b-9868-57a2d4851a1d" />
    <TestEntry testId="040e15d1-3cc6-eb89-1511-64d9be934374" executionId="a96433ca-93b9-4698-8730-7c3d331a86e1" testListId="8c84fa94-04c1-424b-9868-57a2d4851a1d" />
    <TestEntry testId="4072e1a5-5a8d-7b88-a069-2fef89825d5c" executionId="ff9c0e93-41d1-468c-9266-871d68fc1caf" testListId="8c84fa94-04c1-424b-9868-57a2d4851a1d" />
    <TestEntry testId="5befa1f8-d1ed-8ba8-f375-fd0acfe7d428" executionId="d64ad827-ed77-4c32-ad9a-96870200ed7a" testListId="8c84fa94-04c1-424b-9868-57a2d4851a1d" />
    <TestEntry testId="3bc42893-cda1-767a-940c-35ff84d6f263" executionId="551d2a60-f879-48c7-97e8-898482632485" testListId="8c84fa94-04c1-424b-9868-57a2d4851a1d" />
    <TestEntry testId="acd2cded-6d85-a36c-f6c5-4544e1fd59e5" executionId="5f2c7925-c301-4b9e-881d-145b28cfb0bf" testListId="8c84fa94-04c1-424b-9868-57a2d4851a1d" />
    <TestEntry testId="78f37c92-952e-5a6b-3748-988cf20dc3bb" executionId="369e5f99-d5f9-419d-9666-fdb6a7e70856" testListId="8c84fa94-04c1-424b-9868-57a2d4851a1d" />
    <TestEntry testId="775de9b7-b56f-e178-17a4-2e73b893f714" executionId="7530f334-476e-424c-94bc-fc01f94e204a" testListId="8c84fa94-04c1-424b-9868-57a2d4851a1d" />
    <TestEntry testId="7b614397-d243-a17d-7fb1-de23fbb638cf" executionId="651cd1f8-7cfa-4ac8-b42d-059e37f2ec67" testListId="8c84fa94-04c1-424b-9868-57a2d4851a1d" />
    <TestEntry testId="35cd141a-84b6-cc50-2752-0f4f7b4c9285" executionId="c2021892-25a1-480c-87ed-6b3df7cc3ae7" testListId="8c84fa94-04c1-424b-9868-57a2d4851a1d" />
    <TestEntry testId="1d9e7009-8802-9d9b-8a2f-df3debadc0a0" executionId="c63324f4-9f8d-4315-92b2-f676e59be4f4" testListId="8c84fa94-04c1-424b-9868-57a2d4851a1d" />
    <TestEntry testId="41171bd7-86b8-6ca1-3adc-e33c367d87d2" executionId="0d672b36-36e9-46b5-899e-83012e736d5c" testListId="8c84fa94-04c1-424b-9868-57a2d4851a1d" />
    <TestEntry testId="c5239ca4-79b1-e054-dcaf-e5932e86c8d2" executionId="a2af73d3-5d1a-4ef9-9bc4-3f849aa28067" testListId="8c84fa94-04c1-424b-9868-57a2d4851a1d" />
    <TestEntry testId="8c179aa1-3adf-0dbb-7bf6-79bd1dec4b45" executionId="1ce68d10-d19f-4948-9b77-bf4d51d538c7" testListId="8c84fa94-04c1-424b-9868-57a2d4851a1d" />
    <TestEntry testId="a7fe75a3-2e96-03bd-b6ec-4bc0846c7d00" executionId="4aade8e6-7712-4d6d-8297-b4e0feebe562" testListId="8c84fa94-04c1-424b-9868-57a2d4851a1d" />
    <TestEntry testId="c4ee037e-817c-ec67-92c1-9e161f80ebc3" executionId="2c21d862-897e-416f-9c81-d7af764cf30c" testListId="8c84fa94-04c1-424b-9868-57a2d4851a1d" />
    <TestEntry testId="3a19ebda-b487-9e39-3057-c3b49f9be1eb" executionId="71f3451a-b38e-4c1a-9f8d-4c1ba03b402b" testListId="8c84fa94-04c1-424b-9868-57a2d4851a1d" />
    <TestEntry testId="4d82cbc9-2b0f-469d-9800-fb435711556a" executionId="2146ae85-c338-4b60-88f1-5d44eb10207c" testListId="8c84fa94-04c1-424b-9868-57a2d4851a1d" />
    <TestEntry testId="ae41f3b8-920f-ca4d-e937-5dcb87ebba03" executionId="deef6683-de3f-4e4e-83e3-254dc3714354" testListId="8c84fa94-04c1-424b-9868-57a2d4851a1d" />
    <TestEntry testId="3033e893-6716-43cf-7916-56ba87dea9be" executionId="27c6d78a-b9d2-484c-b270-39b359e66f7d" testListId="8c84fa94-04c1-424b-9868-57a2d4851a1d" />
    <TestEntry testId="7fb75753-0271-6479-c751-1f628e7ab5ff" executionId="ba14b0fa-5d4f-4dc6-9365-c3918a63b716" testListId="8c84fa94-04c1-424b-9868-57a2d4851a1d" />
    <TestEntry testId="be672a72-fc18-0400-485a-12de53f23a2a" executionId="093088f4-578a-46d2-a3c0-27618a4ff0e2" testListId="8c84fa94-04c1-424b-9868-57a2d4851a1d" />
    <TestEntry testId="21085900-bc69-616c-355b-a614e8f5bf08" executionId="02885754-4ba1-447a-ab8a-f77274409048" testListId="8c84fa94-04c1-424b-9868-57a2d4851a1d" />
    <TestEntry testId="86027b69-76ae-89a5-9c9b-b257953e6d41" executionId="6d560a3b-5997-4fdf-9f76-8df29ff3e1ea" testListId="8c84fa94-04c1-424b-9868-57a2d4851a1d" />
    <TestEntry testId="e2ba3635-b0ba-c8cb-7d36-5283fe37fe6e" executionId="7ca807d2-417b-4a55-9de6-268e59de1a16" testListId="8c84fa94-04c1-424b-9868-57a2d4851a1d" />
    <TestEntry testId="f3ac47bd-a9a8-a877-946f-8b49d4f70f4f" executionId="7b19cb71-ba2a-4093-9481-0ce2959cdb01" testListId="8c84fa94-04c1-424b-9868-57a2d4851a1d" />
    <TestEntry testId="b533f450-c8f3-9828-57b4-7959e05dc76f" executionId="ef93bfc8-5e1a-428c-82c0-50176e76eed6" testListId="8c84fa94-04c1-424b-9868-57a2d4851a1d" />
    <TestEntry testId="352da715-0705-873c-fcfe-67b3903ef9f1" executionId="a0dfbb13-4bb8-427c-ae1d-37a12db891a8" testListId="8c84fa94-04c1-424b-9868-57a2d4851a1d" />
    <TestEntry testId="c8fa2475-1264-b11f-70e9-ad862879d13f" executionId="508caa7a-ec56-45c4-8312-f72a48eb7ae6" testListId="8c84fa94-04c1-424b-9868-57a2d4851a1d" />
    <TestEntry testId="01ba11fe-433f-f074-761c-8c83de2a907f" executionId="4ddefdcf-4470-4597-aae5-b0ea55960332" testListId="8c84fa94-04c1-424b-9868-57a2d4851a1d" />
    <TestEntry testId="d6c2787e-17a8-1045-2399-a361ca4f0a4d" executionId="97fd8029-b14b-4654-8f86-9487083788d0" testListId="8c84fa94-04c1-424b-9868-57a2d4851a1d" />
    <TestEntry testId="4b1598ca-bcf0-e7b8-8f2f-39050e65c172" executionId="48bcb4ef-130b-46a4-adaf-fd2d33830910" testListId="8c84fa94-04c1-424b-9868-57a2d4851a1d" />
    <TestEntry testId="8d76d231-341b-be2a-b80f-b4f3e307e824" executionId="28a47072-b1d8-43e9-a734-6e64e0d6bbec" testListId="8c84fa94-04c1-424b-9868-57a2d4851a1d" />
    <TestEntry testId="0010ea3a-5287-fd2f-b258-8339604e8989" executionId="75faa01f-9cc6-41f3-a2c1-ccb280da1510" testListId="8c84fa94-04c1-424b-9868-57a2d4851a1d" />
    <TestEntry testId="677d7f28-e935-23ec-2ee4-6f2d6738fc72" executionId="b9ffa066-d360-4712-9b11-67764bcb32bc" testListId="8c84fa94-04c1-424b-9868-57a2d4851a1d" />
    <TestEntry testId="05efae6d-3bf9-84bc-60cc-c072aff43c91" executionId="232789a4-8bcd-497c-9d69-79bd8f43bfed" testListId="8c84fa94-04c1-424b-9868-57a2d4851a1d" />
    <TestEntry testId="e7aa002b-1aa3-87d8-d09b-f2903787c4c5" executionId="b7615690-c091-46de-ad3b-114bbee8cfc5" testListId="8c84fa94-04c1-424b-9868-57a2d4851a1d" />
    <TestEntry testId="f83b8ceb-3c02-7924-de7f-cf05e02feba9" executionId="93d866db-63f2-426e-bcaa-85a953504a28" testListId="8c84fa94-04c1-424b-9868-57a2d4851a1d" />
    <TestEntry testId="3c3b9333-2695-fbcf-f1f2-3fe50dd2df23" executionId="82d4bd43-a66b-4c98-b676-a9fbd0ff792c" testListId="8c84fa94-04c1-424b-9868-57a2d4851a1d" />
    <TestEntry testId="78d579f6-f34e-71d5-c443-3fb4705c2583" executionId="433cc6fb-25bc-4d1b-a6bb-e7f361ee40b7" testListId="8c84fa94-04c1-424b-9868-57a2d4851a1d" />
    <TestEntry testId="4026a03c-5cd1-f768-0585-3b65bec7b92e" executionId="cb30967b-9515-4c7a-aeb4-07c229fede1f" testListId="8c84fa94-04c1-424b-9868-57a2d4851a1d" />
    <TestEntry testId="19807a41-2691-53a6-d62a-2db876d4fc94" executionId="a224e996-b85e-4447-b9f3-5a4d6928c858" testListId="8c84fa94-04c1-424b-9868-57a2d4851a1d" />
    <TestEntry testId="53223002-3ece-d6b7-90af-dfc6000e70ce" executionId="fb8e6c5e-3c2b-476a-aa78-3348bc125675" testListId="8c84fa94-04c1-424b-9868-57a2d4851a1d" />
    <TestEntry testId="5973e6ab-4412-1088-a080-cf1835df860a" executionId="1aa6ba76-8dbc-413a-b15b-8274834929a8" testListId="8c84fa94-04c1-424b-9868-57a2d4851a1d" />
    <TestEntry testId="b6cbae22-7678-43bf-a3cf-9e1a02f451c5" executionId="0c0efbb8-cf2a-4ad9-ab3b-a90f12c177c7" testListId="8c84fa94-04c1-424b-9868-57a2d4851a1d" />
    <TestEntry testId="19aa84b0-3d14-3b24-492f-1b765811c409" executionId="bd5576e0-3bab-436a-882b-7f26ade87650" testListId="8c84fa94-04c1-424b-9868-57a2d4851a1d" />
    <TestEntry testId="793dceeb-29da-7d67-8f22-0b73d18f83f5" executionId="71d0ec83-337a-409d-9999-b68d7b484b8f" testListId="8c84fa94-04c1-424b-9868-57a2d4851a1d" />
    <TestEntry testId="405694f4-36fb-6245-aa30-de3fbd3780af" executionId="3d93f179-6af4-4ff5-bd5c-566c15407fdd" testListId="8c84fa94-04c1-424b-9868-57a2d4851a1d" />
    <TestEntry testId="37b695b3-3e61-189f-b467-3318d8d15d31" executionId="78cdaf7a-d32c-481c-b853-7158483f523e" testListId="8c84fa94-04c1-424b-9868-57a2d4851a1d" />
    <TestEntry testId="135d2e13-c57b-2fe9-21d1-c8744f718b44" executionId="b9847182-7ecb-411f-87d8-c4e141b8b982" testListId="8c84fa94-04c1-424b-9868-57a2d4851a1d" />
    <TestEntry testId="49f8e1df-8bb0-8489-559f-8c7db164e7ca" executionId="c864c34d-7e0c-4107-a846-551d276929d8" testListId="8c84fa94-04c1-424b-9868-57a2d4851a1d" />
    <TestEntry testId="c5821e74-d368-e2f0-980a-54e9e41c9527" executionId="69fd5044-3d6e-4cf3-a181-132f09a59a98" testListId="8c84fa94-04c1-424b-9868-57a2d4851a1d" />
    <TestEntry testId="13525bc0-6c1b-b08c-be93-a925f20b8daf" executionId="1e1685e0-00d0-4f56-a835-d21727148055" testListId="8c84fa94-04c1-424b-9868-57a2d4851a1d" />
    <TestEntry testId="9e1ec76b-8a3d-b2e3-797b-a1567313d528" executionId="825dba20-dbb1-4382-8330-6bdb9cebd3fc" testListId="8c84fa94-04c1-424b-9868-57a2d4851a1d" />
    <TestEntry testId="b6107094-3ee8-6336-dda3-3cc40b28cc63" executionId="99554740-2187-459f-be17-50af260c189e" testListId="8c84fa94-04c1-424b-9868-57a2d4851a1d" />
    <TestEntry testId="17bb2056-a845-81a8-50e9-5b0df5282b4f" executionId="e61eeb94-66f1-490c-a756-16a875a5c516" testListId="8c84fa94-04c1-424b-9868-57a2d4851a1d" />
    <TestEntry testId="10c2ad78-f2d3-605c-6e27-d687e82263f6" executionId="8ec0ca7f-fc7d-419c-85d4-0e07a1d494c2" testListId="8c84fa94-04c1-424b-9868-57a2d4851a1d" />
    <TestEntry testId="2efc752f-e52a-dec4-178f-19604a7c5e7b" executionId="a0b9f7d8-10bb-4ab9-93d3-61931a86d347" testListId="8c84fa94-04c1-424b-9868-57a2d4851a1d" />
    <TestEntry testId="30c624c3-79f0-0618-153b-028d806d78cc" executionId="da5c1dcf-c85e-406a-ba13-6a6635da09cc" testListId="8c84fa94-04c1-424b-9868-57a2d4851a1d" />
    <TestEntry testId="ec73b0ac-2802-ef8b-0d4a-c76a499b198f" executionId="9518d447-4e16-4bf4-8550-b1f4cf4da19c" testListId="8c84fa94-04c1-424b-9868-57a2d4851a1d" />
    <TestEntry testId="1e9cea06-c718-480a-6787-7ecd55d42cf9" executionId="86fd1dd0-8db1-4e2b-a95e-e0d1f943f0a6" testListId="8c84fa94-04c1-424b-9868-57a2d4851a1d" />
    <TestEntry testId="3666793a-a353-00ae-7d73-2bbf8422df32" executionId="b765a44a-ba7d-4b23-bf43-20028114f9eb" testListId="8c84fa94-04c1-424b-9868-57a2d4851a1d" />
    <TestEntry testId="320eb563-5f19-1e3e-f62a-24be6dd2d251" executionId="34ad9ba3-a0a1-4359-9ac0-900a0defb76a" testListId="8c84fa94-04c1-424b-9868-57a2d4851a1d" />
    <TestEntry testId="aa4382a8-b1d4-c067-573b-0b02a333c466" executionId="b55e8ec9-f30e-483a-94bd-43193f4c2a7f" testListId="8c84fa94-04c1-424b-9868-57a2d4851a1d" />
    <TestEntry testId="836d7214-8330-e17b-f95a-b8fe91af83f3" executionId="1f8a0ce7-d92b-48b8-bf81-f27ef961d226" testListId="8c84fa94-04c1-424b-9868-57a2d4851a1d" />
    <TestEntry testId="e24539b2-56b5-2869-cb2f-2fa73e925e9c" executionId="3cfd062b-0edc-43a1-9544-90e4b6b5e80a" testListId="8c84fa94-04c1-424b-9868-57a2d4851a1d" />
    <TestEntry testId="a6fa6f17-e648-a691-3cc0-28cc92e8100f" executionId="57cea20f-0f31-4336-8d16-403e948319f8" testListId="8c84fa94-04c1-424b-9868-57a2d4851a1d" />
    <TestEntry testId="d6b49d03-800f-4e68-47a4-e5f093cd9f74" executionId="e9466a8f-09ed-4ab6-ac83-d6943481c4e2" testListId="8c84fa94-04c1-424b-9868-57a2d4851a1d" />
    <TestEntry testId="9cf10940-879d-c09a-703d-e30b8b71f85e" executionId="e92dcbc7-0fb7-4bc2-b564-e4c70d556dde" testListId="8c84fa94-04c1-424b-9868-57a2d4851a1d" />
    <TestEntry testId="0649e455-ff28-da43-dca0-ccf61336f387" executionId="e36499b5-cc5d-4f75-a43b-73d02718b8e5" testListId="8c84fa94-04c1-424b-9868-57a2d4851a1d" />
    <TestEntry testId="a1357182-ed79-cee5-385d-a835414b865b" executionId="a34c3517-77da-46ff-bb89-1a76611915cf" testListId="8c84fa94-04c1-424b-9868-57a2d4851a1d" />
    <TestEntry testId="f95789be-557d-7fe1-a340-17926bf88c2a" executionId="3449c9f8-a346-4792-8b04-184332974191" testListId="8c84fa94-04c1-424b-9868-57a2d4851a1d" />
    <TestEntry testId="60ebc807-76cf-94a4-39b4-5f450c95d8b9" executionId="dd6061b0-f85c-4aef-ac79-f727ce05f7d5" testListId="8c84fa94-04c1-424b-9868-57a2d4851a1d" />
    <TestEntry testId="3553da06-deeb-eaa9-c4cd-278b080fcb72" executionId="b8e208ec-dd4a-44b2-8d7f-0721b624c670" testListId="8c84fa94-04c1-424b-9868-57a2d4851a1d" />
    <TestEntry testId="6bfece42-94dc-3924-f4b1-5ec02be37163" executionId="db9ba00c-6f6d-4bab-b58a-f51b5e32b55d" testListId="8c84fa94-04c1-424b-9868-57a2d4851a1d" />
    <TestEntry testId="9cf3f932-6f06-75fc-27e0-026ef589ed1f" executionId="97fc684c-80b1-47f3-b312-0f07ab6715eb" testListId="8c84fa94-04c1-424b-9868-57a2d4851a1d" />
    <TestEntry testId="a5fb7c56-c36e-8ccf-9be8-25d804e11321" executionId="4b195e82-86d8-421a-9bef-a3ee2b038e0e" testListId="8c84fa94-04c1-424b-9868-57a2d4851a1d" />
    <TestEntry testId="46727c90-1e9f-d54e-ceb3-653740269c58" executionId="7be297ca-3a24-4c59-9d3c-80cfeb15d977" testListId="8c84fa94-04c1-424b-9868-57a2d4851a1d" />
    <TestEntry testId="323465df-b0c6-c93a-f976-a3e87e7c0f65" executionId="0d8858ce-5b35-4ab8-999e-d883382ed5e9" testListId="8c84fa94-04c1-424b-9868-57a2d4851a1d" />
    <TestEntry testId="5ed4fa02-b449-16f6-d37a-9b8b6e3854fd" executionId="7ba2229a-b4b8-4013-86bf-d74404a4ceda" testListId="8c84fa94-04c1-424b-9868-57a2d4851a1d" />
    <TestEntry testId="ea7ebcbf-c4f3-0665-8fe8-2b8a062f861b" executionId="38570299-4399-4a83-b28b-baecfbc710ef" testListId="8c84fa94-04c1-424b-9868-57a2d4851a1d" />
    <TestEntry testId="9c453d34-0f8d-1810-5953-ca629e7e2dd9" executionId="49c7719c-09c8-4665-baf9-53c75fbd4bc7" testListId="8c84fa94-04c1-424b-9868-57a2d4851a1d" />
    <TestEntry testId="fa2e4d78-d3eb-924c-3ce9-2277de7a3a36" executionId="52eece80-2dd6-4747-8ccf-936fa1882fd0" testListId="8c84fa94-04c1-424b-9868-57a2d4851a1d" />
    <TestEntry testId="08d6f6f2-ea22-dfbd-0e1d-827e4b20306e" executionId="56f9e3a0-2dba-42e9-b7e0-64451c0c101e" testListId="8c84fa94-04c1-424b-9868-57a2d4851a1d" />
    <TestEntry testId="0fb46cb7-2202-1804-bbaf-4fd6de1dadf9" executionId="8e03598d-c555-4e9a-892c-361826f71282" testListId="8c84fa94-04c1-424b-9868-57a2d4851a1d" />
    <TestEntry testId="533775aa-cd99-b6a3-8ecf-1c326e710103" executionId="d82eddf7-50e8-4d72-b65a-dd3fefdcdc1c" testListId="8c84fa94-04c1-424b-9868-57a2d4851a1d" />
    <TestEntry testId="24df425f-241c-1aaf-b5d2-9182d665aedf" executionId="3e5c9c38-7142-41cb-8a57-5176e8280acd" testListId="8c84fa94-04c1-424b-9868-57a2d4851a1d" />
    <TestEntry testId="b0ca919c-7697-da10-c08a-ecf886c5ae32" executionId="b4a48e0b-f40f-40c1-9860-3e05711d8dc2" testListId="8c84fa94-04c1-424b-9868-57a2d4851a1d" />
    <TestEntry testId="6812fd0f-ab65-6692-938e-7ca2dbd6f66d" executionId="eae3fa72-4ed7-4cc9-82e3-6d4cd03d99e4" testListId="8c84fa94-04c1-424b-9868-57a2d4851a1d" />
    <TestEntry testId="1f1cc244-f301-73b4-f226-162b426a437c" executionId="2dde1734-cb00-4b85-93aa-f753332f3335" testListId="8c84fa94-04c1-424b-9868-57a2d4851a1d" />
    <TestEntry testId="9f12b5fb-25f3-3eaa-431d-8aa6894ec997" executionId="280b8213-c3ec-4da7-a5ae-be7db9958cce" testListId="8c84fa94-04c1-424b-9868-57a2d4851a1d" />
    <TestEntry testId="9a0f6bd3-4ccd-1b56-8e36-06a02cdba06c" executionId="05a32df7-44d9-46d1-9a21-fd6e727e1eaa" testListId="8c84fa94-04c1-424b-9868-57a2d4851a1d" />
    <TestEntry testId="ebd7decd-c846-6ba5-b848-0cc6fe27c8c7" executionId="fb935b90-bd40-4803-8f77-76789ba6333e" testListId="8c84fa94-04c1-424b-9868-57a2d4851a1d" />
    <TestEntry testId="8c9252dc-213f-a58b-390c-7e02c0b5ea9b" executionId="78012753-5f92-441b-aeb7-b6ba942934f2" testListId="8c84fa94-04c1-424b-9868-57a2d4851a1d" />
    <TestEntry testId="63099140-f5f1-56a0-a3ef-ed9482f6b9a9" executionId="bca5b54e-f535-4e77-a1c1-39c01000a7fa" testListId="8c84fa94-04c1-424b-9868-57a2d4851a1d" />
    <TestEntry testId="bea2b1bc-233d-f16e-387b-58a8ca485ce9" executionId="d32e7391-ed17-40ea-8a32-ff2cfd4846a7" testListId="8c84fa94-04c1-424b-9868-57a2d4851a1d" />
    <TestEntry testId="d326654a-907f-afbd-a71c-7bea3aaf6405" executionId="d19d2dca-38d5-4903-8494-3e5cc977737e" testListId="8c84fa94-04c1-424b-9868-57a2d4851a1d" />
    <TestEntry testId="84834102-f0f5-8e13-66a1-6f61f6ca122a" executionId="172103d4-138d-446e-99a3-026c4f8ef435" testListId="8c84fa94-04c1-424b-9868-57a2d4851a1d" />
    <TestEntry testId="122256d8-b7df-94dc-0680-fe2bd42aafc0" executionId="df9ec8f9-9a1e-4e0f-a129-84146fb3ab58" testListId="8c84fa94-04c1-424b-9868-57a2d4851a1d" />
    <TestEntry testId="6b05b717-7cc0-0819-e23f-8cb34e553ca0" executionId="6abff873-f15f-477c-8793-f361104fb876" testListId="8c84fa94-04c1-424b-9868-57a2d4851a1d" />
    <TestEntry testId="476483cf-f278-f6ac-64a1-5aeac311afbc" executionId="b9cc120d-0d3a-4f32-904d-4a2216ee235f" testListId="8c84fa94-04c1-424b-9868-57a2d4851a1d" />
    <TestEntry testId="03b3affe-7eb8-8fde-2b55-cdf310972d33" executionId="f5ca5d1b-efba-47d9-9a28-9aeed5d585aa" testListId="8c84fa94-04c1-424b-9868-57a2d4851a1d" />
    <TestEntry testId="69239abb-5536-6353-1e1d-6090bab5656d" executionId="11b93ddc-cbcf-4d3d-97d6-fb16adb97ecb" testListId="8c84fa94-04c1-424b-9868-57a2d4851a1d" />
    <TestEntry testId="24c6bed6-b7ca-60c7-9615-4bb29f84597d" executionId="0657b2b9-c3ca-4a9a-88ff-0d32a6d4475c" testListId="8c84fa94-04c1-424b-9868-57a2d4851a1d" />
    <TestEntry testId="57350ea8-1da1-16ca-24be-59cd98188beb" executionId="afa909e5-4911-4360-ac11-2d5ade01afd6" testListId="8c84fa94-04c1-424b-9868-57a2d4851a1d" />
    <TestEntry testId="255701e3-d6c5-2a7e-582e-4e9454ab3f3a" executionId="650083f5-ecf4-49d8-baa5-96c311b765aa" testListId="8c84fa94-04c1-424b-9868-57a2d4851a1d" />
    <TestEntry testId="fd864e03-a2ac-9d68-e3e5-21c183607447" executionId="d5dced3d-2a0b-4753-9abc-1a3cbaf8fa91" testListId="8c84fa94-04c1-424b-9868-57a2d4851a1d" />
    <TestEntry testId="67cbe143-c9e1-3667-f354-b13f0a4a5818" executionId="0f35ea63-55bf-4da7-86ce-69da5e8f588c" testListId="8c84fa94-04c1-424b-9868-57a2d4851a1d" />
    <TestEntry testId="2826db9d-036b-730c-6273-7b93a2454dd5" executionId="3e69a117-f504-49d1-b7de-289a837eeaac" testListId="8c84fa94-04c1-424b-9868-57a2d4851a1d" />
    <TestEntry testId="0701ec27-8442-0285-8771-a886cad269b6" executionId="ede5c072-989c-4abc-9895-ba0db50b284d" testListId="8c84fa94-04c1-424b-9868-57a2d4851a1d" />
    <TestEntry testId="0f372502-e6c5-d869-decb-44a8aeec4b47" executionId="8584a6f7-4ca7-4ac6-b036-c9645b876255" testListId="8c84fa94-04c1-424b-9868-57a2d4851a1d" />
    <TestEntry testId="6f274f50-385d-9228-ce38-75d52ba2893b" executionId="6facb2f2-a5b9-49b7-ab94-98e95636b54b" testListId="8c84fa94-04c1-424b-9868-57a2d4851a1d" />
    <TestEntry testId="d984c8fb-0f45-07d5-5aff-491c95740fee" executionId="c3a69462-4f7a-4f95-b412-ed8a92e42319" testListId="8c84fa94-04c1-424b-9868-57a2d4851a1d" />
    <TestEntry testId="3af3e295-475e-2965-3fae-ed16c007300a" executionId="80bb1df6-69d8-415c-941c-409dc56adb31" testListId="8c84fa94-04c1-424b-9868-57a2d4851a1d" />
    <TestEntry testId="0ee59989-0de4-6468-54b0-11241b424a01" executionId="0a11fb0b-d470-4b21-98e2-5d9f0e8746dd" testListId="8c84fa94-04c1-424b-9868-57a2d4851a1d" />
    <TestEntry testId="d2bcf89c-eb86-9096-0cc4-2265fbaee027" executionId="702f64dd-55be-44c5-8322-696736090348" testListId="8c84fa94-04c1-424b-9868-57a2d4851a1d" />
    <TestEntry testId="1266c2b5-1292-dcba-e77b-8d9741e46aca" executionId="31d12e39-29ff-48c8-9724-5eb8ed5cd421" testListId="8c84fa94-04c1-424b-9868-57a2d4851a1d" />
    <TestEntry testId="de217202-f290-81bc-2399-85d15c17e773" executionId="15b1f4b4-52e8-4a3a-91a2-65f2fc1cf2dc" testListId="8c84fa94-04c1-424b-9868-57a2d4851a1d" />
    <TestEntry testId="4a2efd3f-ce57-9ef4-fb58-689160e33173" executionId="a1aa030e-b373-4ff6-83b7-a71969dd9131" testListId="8c84fa94-04c1-424b-9868-57a2d4851a1d" />
    <TestEntry testId="93a57171-4abe-da1e-d58c-9098c36cbf34" executionId="ab29ed6e-305d-4b1a-9c67-cf0bec607aa3" testListId="8c84fa94-04c1-424b-9868-57a2d4851a1d" />
    <TestEntry testId="6078dece-5c87-dc47-5b9e-163f0ce91290" executionId="083b212e-aede-46c3-a068-e48d2f7eff95" testListId="8c84fa94-04c1-424b-9868-57a2d4851a1d" />
    <TestEntry testId="b9cfc5a0-1076-53e9-8cfd-8d1b2a030637" executionId="1de57eea-c55e-4ad1-b539-8ec746b8b4fc" testListId="8c84fa94-04c1-424b-9868-57a2d4851a1d" />
    <TestEntry testId="d994af04-09c5-a96a-cd41-7a7e0ae83085" executionId="1dd7bfd2-bffa-4355-b6c4-10d44e0100c4" testListId="8c84fa94-04c1-424b-9868-57a2d4851a1d" />
    <TestEntry testId="849a74f3-1a00-7c33-3325-633604a4bbab" executionId="9c27a26e-55b4-4077-ac89-87d4dd52a7f6" testListId="8c84fa94-04c1-424b-9868-57a2d4851a1d" />
    <TestEntry testId="cb78321a-8923-80a0-0105-07bbdbd2d757" executionId="b92d8170-ff7a-4fec-9337-28dc1a7749ae" testListId="8c84fa94-04c1-424b-9868-57a2d4851a1d" />
    <TestEntry testId="40c7469f-c930-c9e9-da2b-daed4edff8ae" executionId="7bda800f-29ec-4bbb-9a26-7ff6a4924d84" testListId="8c84fa94-04c1-424b-9868-57a2d4851a1d" />
    <TestEntry testId="6f4072a6-4629-5d6d-dc1d-186fda9f3e45" executionId="dbf0e2f9-513c-44cd-833c-de257a8bb158" testListId="8c84fa94-04c1-424b-9868-57a2d4851a1d" />
    <TestEntry testId="78dd5bfd-af2b-0ae8-c81b-69d9236634f0" executionId="40f8f72b-2499-4d75-8167-104cd9e657af" testListId="8c84fa94-04c1-424b-9868-57a2d4851a1d" />
    <TestEntry testId="9bb61604-e246-4057-5cb7-3c74df13bf16" executionId="a3038a6b-457a-44d5-b2b6-34a4a5a829cb" testListId="8c84fa94-04c1-424b-9868-57a2d4851a1d" />
    <TestEntry testId="a1d03f11-272c-53d5-7b4a-76543fd35f2b" executionId="ef6a802c-3e81-4b57-9f6c-f968a97a5320" testListId="8c84fa94-04c1-424b-9868-57a2d4851a1d" />
    <TestEntry testId="a54176d8-aff8-4202-90bc-083139b234cc" executionId="0649021b-60f4-4e09-a196-ce7924b4e85c" testListId="8c84fa94-04c1-424b-9868-57a2d4851a1d" />
    <TestEntry testId="f08b2af4-b464-dac8-a571-a6f63862c590" executionId="d9bcd9b6-b5a0-47bc-ab34-07c2a58b2108" testListId="8c84fa94-04c1-424b-9868-57a2d4851a1d" />
    <TestEntry testId="eb55b32b-fdd2-d130-e182-0abffe1bd832" executionId="742ff989-bec8-4c8c-aa63-4767cf3fac66" testListId="8c84fa94-04c1-424b-9868-57a2d4851a1d" />
    <TestEntry testId="cf4ed24b-84e3-6e2d-335a-7aa8ec3d1e12" executionId="9a2313d8-1425-497c-9934-0343eefbaf53" testListId="8c84fa94-04c1-424b-9868-57a2d4851a1d" />
    <TestEntry testId="eff3fa37-cc88-a07a-74eb-51397c885bf1" executionId="2534c99c-f77c-49c7-8782-d21b9aa74dfe" testListId="8c84fa94-04c1-424b-9868-57a2d4851a1d" />
    <TestEntry testId="84ae3179-dfb4-f897-741b-781224927163" executionId="5c720e73-9089-4123-8e13-041796f0ad2c" testListId="8c84fa94-04c1-424b-9868-57a2d4851a1d" />
    <TestEntry testId="50ca2d2e-335e-1b51-a58a-9369bd0c88d6" executionId="64dc2a2b-054b-4e01-91d0-74e672433bd9" testListId="8c84fa94-04c1-424b-9868-57a2d4851a1d" />
    <TestEntry testId="6f6427b3-df2d-53df-9cd3-f5c7d34fe61d" executionId="d81726ae-c9d4-4e5f-8645-23aaacbafcd7" testListId="8c84fa94-04c1-424b-9868-57a2d4851a1d" />
    <TestEntry testId="025df3ec-7f02-647d-a4d5-94738efbd7f9" executionId="a4a23668-01e9-4332-8dde-09ca319a82ac" testListId="8c84fa94-04c1-424b-9868-57a2d4851a1d" />
    <TestEntry testId="84a6cd2a-293f-eaf9-92ea-3a15c6eeaa7f" executionId="62aa7876-fa8e-4a7d-a1de-878538fd7a4d" testListId="8c84fa94-04c1-424b-9868-57a2d4851a1d" />
    <TestEntry testId="2c5ffffa-f808-6c0d-bccb-9a0a67cd47ae" executionId="10e8698c-ca75-46dc-ada5-39d8dad85a2d" testListId="8c84fa94-04c1-424b-9868-57a2d4851a1d" />
    <TestEntry testId="73d72fb5-c2dc-6f38-0a6b-99cb307fc2f8" executionId="52855f9e-f62a-4bc3-93f7-aa878747f752" testListId="8c84fa94-04c1-424b-9868-57a2d4851a1d" />
    <TestEntry testId="08f8a123-b42a-0db0-93bb-169edd2fe1a2" executionId="3b06844c-78fb-4d76-bbb1-0e3f138f2c53" testListId="8c84fa94-04c1-424b-9868-57a2d4851a1d" />
    <TestEntry testId="bd8ad09f-c0c9-94ae-416d-5beec2fc567f" executionId="521dcee9-a527-4363-ba77-63fbcd265836" testListId="8c84fa94-04c1-424b-9868-57a2d4851a1d" />
    <TestEntry testId="9e90a179-924a-4efb-2987-2bd9261ef26b" executionId="81a60b5d-86e5-46d9-9505-e6a48d59345e" testListId="8c84fa94-04c1-424b-9868-57a2d4851a1d" />
    <TestEntry testId="32d03bbd-95bd-8068-7509-90fb2972e9e2" executionId="47b815b8-9ee0-4f0d-9943-032a69e469fd" testListId="8c84fa94-04c1-424b-9868-57a2d4851a1d" />
    <TestEntry testId="3e29961e-79da-7ed5-25ac-d3a8ad153a01" executionId="e3e359c1-7f84-40e9-8c52-dbaf402c6f7b" testListId="8c84fa94-04c1-424b-9868-57a2d4851a1d" />
    <TestEntry testId="beba9f3d-6689-6c1e-3466-2470e80ff591" executionId="5582645e-4b1e-441a-8fe7-457e1ce56585" testListId="8c84fa94-04c1-424b-9868-57a2d4851a1d" />
    <TestEntry testId="21c02eda-79ba-d8e8-649a-99f562c171b7" executionId="73c7c5c9-1754-41fd-bb6c-087ac928c2ee" testListId="8c84fa94-04c1-424b-9868-57a2d4851a1d" />
    <TestEntry testId="66c52b53-6d2d-84a8-084d-624a9be83c8d" executionId="4b294b91-6d9a-405b-8be7-415dc6870433" testListId="8c84fa94-04c1-424b-9868-57a2d4851a1d" />
    <TestEntry testId="c7200103-eabd-9873-933f-4ecc52948b48" executionId="172d50ee-39d5-4461-ae76-f874fc1179ef" testListId="8c84fa94-04c1-424b-9868-57a2d4851a1d" />
    <TestEntry testId="d8dd4c81-3480-542b-d677-51d58dbb0d46" executionId="24c3aeb6-372d-4a47-be17-f6e434dbc6c4" testListId="8c84fa94-04c1-424b-9868-57a2d4851a1d" />
    <TestEntry testId="fe33969b-26e9-e45d-10db-c42f3bf1f246" executionId="7a9512f0-60b5-41d7-b804-4d4680c78ca3" testListId="8c84fa94-04c1-424b-9868-57a2d4851a1d" />
    <TestEntry testId="90aff43c-a2eb-1531-ccc8-abeea2241125" executionId="99a74def-5404-4e7d-ae28-20402f888c77" testListId="8c84fa94-04c1-424b-9868-57a2d4851a1d" />
    <TestEntry testId="af52ebbc-8807-9217-fb2c-38c6564a9987" executionId="a07b394a-3366-424a-ab8b-42a663710e71" testListId="8c84fa94-04c1-424b-9868-57a2d4851a1d" />
    <TestEntry testId="d26f1766-b8e5-87ec-195a-54711cbf2a1d" executionId="299b491a-100c-4c72-96fb-92f2fc70d5c3" testListId="8c84fa94-04c1-424b-9868-57a2d4851a1d" />
    <TestEntry testId="1142e65d-60a9-555e-0c33-0eb796d843a7" executionId="d8963630-c57d-4ca7-89b3-47550e2c8cae" testListId="8c84fa94-04c1-424b-9868-57a2d4851a1d" />
    <TestEntry testId="a96cffdc-e003-4d51-c3d6-c71b9765bd8f" executionId="fc0b6f66-b7b7-41bd-9916-da4d9836718c" testListId="8c84fa94-04c1-424b-9868-57a2d4851a1d" />
    <TestEntry testId="3808d56e-b973-a045-a0d4-7776af3046ca" executionId="34ad42e2-8c33-4a42-9b6c-3ca815755b5e" testListId="8c84fa94-04c1-424b-9868-57a2d4851a1d" />
    <TestEntry testId="fa6f558e-f835-31c5-57a8-ff603febca1e" executionId="8919c5fc-fa32-4261-9fbc-8725f9a8bbe4" testListId="8c84fa94-04c1-424b-9868-57a2d4851a1d" />
    <TestEntry testId="b5e6d366-0c8a-df28-38f5-585699d762cd" executionId="32816ef9-29a3-4a0b-a58b-8e1081cae1ac" testListId="8c84fa94-04c1-424b-9868-57a2d4851a1d" />
    <TestEntry testId="b596ac79-7c20-df28-91f0-608f4763bb4e" executionId="c3569bca-091f-41bd-8694-d5d88ee68100" testListId="8c84fa94-04c1-424b-9868-57a2d4851a1d" />
    <TestEntry testId="6e6177fe-e296-5fec-1f36-3049bafbdb3a" executionId="3820dd3c-cdaa-426e-8e02-86efd45fc66c" testListId="8c84fa94-04c1-424b-9868-57a2d4851a1d" />
    <TestEntry testId="dd86b8ea-992a-9576-2486-b98735ccaf74" executionId="5483fa18-f488-444f-8ba8-59b8162b2b85" testListId="8c84fa94-04c1-424b-9868-57a2d4851a1d" />
    <TestEntry testId="c07ae26d-daf2-50d4-907f-c4def0e041c4" executionId="eac013d8-a119-487d-9975-d744d1b039ed" testListId="8c84fa94-04c1-424b-9868-57a2d4851a1d" />
    <TestEntry testId="db3689c4-ec64-9807-ff9d-703e1cd5ba30" executionId="e62b3662-1322-4250-8c48-45b2113b0133" testListId="8c84fa94-04c1-424b-9868-57a2d4851a1d" />
    <TestEntry testId="64ab3aa4-24f6-ff24-e8d1-9d32f057ed1d" executionId="4a39f8cc-fda5-49c1-8e05-64b0c5b7ea81" testListId="8c84fa94-04c1-424b-9868-57a2d4851a1d" />
    <TestEntry testId="f70340aa-5fce-d298-7f45-ef899e029905" executionId="0a5440ac-caae-4e89-a69c-df2568d5cf13" testListId="8c84fa94-04c1-424b-9868-57a2d4851a1d" />
    <TestEntry testId="1c8558a4-b15e-bedc-ae12-2c816334a012" executionId="5c3972ba-33d1-4942-8dd5-d867cc8bf62f" testListId="8c84fa94-04c1-424b-9868-57a2d4851a1d" />
    <TestEntry testId="64787a3d-88fc-40c9-3001-6275bb42a712" executionId="aceb1b3b-6eaf-4ca5-83b7-966cfab7c0a0" testListId="8c84fa94-04c1-424b-9868-57a2d4851a1d" />
    <TestEntry testId="764ff347-50b0-0099-55f2-3893dcdda0ee" executionId="e0ff6e7e-a202-44e6-8d76-76a044d5d341" testListId="8c84fa94-04c1-424b-9868-57a2d4851a1d" />
    <TestEntry testId="fd00d6df-9266-d7f9-06a4-30b68bcce890" executionId="fd4915c2-af7b-4a5c-879d-ae9cc07f3dbc" testListId="8c84fa94-04c1-424b-9868-57a2d4851a1d" />
    <TestEntry testId="6d2690e4-55f2-1173-3955-daa13c7926d5" executionId="fb217f42-1181-415f-a06f-dc18979ec7e6" testListId="8c84fa94-04c1-424b-9868-57a2d4851a1d" />
    <TestEntry testId="e955f05b-a5be-2c36-d51c-47d6105a054d" executionId="a18123dd-2997-4677-9945-eefc4074cffc" testListId="8c84fa94-04c1-424b-9868-57a2d4851a1d" />
    <TestEntry testId="6e078b1a-21ca-1b99-765c-26240c6f6eea" executionId="5ac94041-e89e-4353-a9ae-ac1483bbb5c6" testListId="8c84fa94-04c1-424b-9868-57a2d4851a1d" />
    <TestEntry testId="1f12b4a9-e48c-130f-d084-76be2cb52ea8" executionId="ff55c338-12fe-4482-83e1-40e348f863e8" testListId="8c84fa94-04c1-424b-9868-57a2d4851a1d" />
    <TestEntry testId="62e597d4-e60d-aa54-8157-377d907b7f43" executionId="e71923d2-d69f-411a-b95a-617fc3795533" testListId="8c84fa94-04c1-424b-9868-57a2d4851a1d" />
    <TestEntry testId="511bf4f6-7e37-7990-39e8-edda9467c578" executionId="bdfe9d14-a843-46a2-8738-65d738a1ffde" testListId="8c84fa94-04c1-424b-9868-57a2d4851a1d" />
    <TestEntry testId="c6ee03d5-9684-896d-e10e-1858f02dec5f" executionId="182535e0-8a2d-47be-87a6-707dc73fbfde" testListId="8c84fa94-04c1-424b-9868-57a2d4851a1d" />
    <TestEntry testId="6a0c6508-a7ea-d027-fd8e-bdabe1521933" executionId="361abdb9-18c6-4516-a72c-9e4e8cb38a5b" testListId="8c84fa94-04c1-424b-9868-57a2d4851a1d" />
    <TestEntry testId="3a9a7fdb-5b03-106c-0671-c65a903339c6" executionId="38b412af-e733-4982-9fdb-0619fa9f2034" testListId="8c84fa94-04c1-424b-9868-57a2d4851a1d" />
    <TestEntry testId="92afaed2-9f76-e231-6ecc-808ff600348b" executionId="f544cc26-8dc2-4d0c-a2c8-bf2c4e3e63cc" testListId="8c84fa94-04c1-424b-9868-57a2d4851a1d" />
    <TestEntry testId="e367aa71-b0af-a758-f513-c2150be0ee58" executionId="d64cba7f-614b-499f-ac21-0256931310e9" testListId="8c84fa94-04c1-424b-9868-57a2d4851a1d" />
    <TestEntry testId="60863bf4-f9bf-04dc-12a3-a22e0f65c9ea" executionId="572306cb-310b-4b3f-8c90-c1faf9ff6d70" testListId="8c84fa94-04c1-424b-9868-57a2d4851a1d" />
    <TestEntry testId="e024ef41-083b-00b1-2a7d-aeeaf04191e1" executionId="64f0e11a-b563-4343-98bd-bcb72326169e" testListId="8c84fa94-04c1-424b-9868-57a2d4851a1d" />
    <TestEntry testId="0aa7aae1-8c4a-9eda-b1d9-2436bdcb68b7" executionId="e405554b-2f51-42a2-bcf4-7c6035773440" testListId="8c84fa94-04c1-424b-9868-57a2d4851a1d" />
    <TestEntry testId="12bf26ac-5455-f147-ab84-37229d82317a" executionId="a5582fc2-83a3-4665-8a91-aa5cd8b493d9" testListId="8c84fa94-04c1-424b-9868-57a2d4851a1d" />
    <TestEntry testId="2e3a7c50-e4a5-3602-4438-48bdaf561af3" executionId="a1cfa698-58cd-4247-bc86-91a349fae057" testListId="8c84fa94-04c1-424b-9868-57a2d4851a1d" />
    <TestEntry testId="bef2782c-3a6e-228f-d81e-4a0182ff4ef4" executionId="b8f75746-183f-427e-aadc-6bae9a5fb430" testListId="8c84fa94-04c1-424b-9868-57a2d4851a1d" />
    <TestEntry testId="9caa978f-dc1f-3b54-f86d-4561a75a1ad7" executionId="608ec46c-6c3e-4f7b-9226-9ab9b122c5ed" testListId="8c84fa94-04c1-424b-9868-57a2d4851a1d" />
    <TestEntry testId="1aaed582-bd65-15f1-f19a-f01bfeae0f85" executionId="15ebc3a6-57c9-46f0-8e7d-900f90054c45" testListId="8c84fa94-04c1-424b-9868-57a2d4851a1d" />
    <TestEntry testId="02514658-3539-4e09-7083-7a561726facb" executionId="53143584-60dd-4f82-b9cc-c7d675f0e66e" testListId="8c84fa94-04c1-424b-9868-57a2d4851a1d" />
    <TestEntry testId="6b16ac49-7c2b-bc72-bfd4-131c02aab2db" executionId="bed0aac6-bf19-4fec-b7a4-3d980966f533" testListId="8c84fa94-04c1-424b-9868-57a2d4851a1d" />
    <TestEntry testId="09217960-761f-1039-17a0-ea4ede5ade15" executionId="deb60b66-d918-4d92-b213-ea0febe6f910" testListId="8c84fa94-04c1-424b-9868-57a2d4851a1d" />
    <TestEntry testId="fdbc3f44-4022-324e-a1e5-7cbdcbe40d5d" executionId="989c4194-de06-45b1-9543-9fbd17ede813" testListId="8c84fa94-04c1-424b-9868-57a2d4851a1d" />
    <TestEntry testId="10c70c0e-e0e6-4347-f394-4de496e761f1" executionId="197fdc55-9492-49c3-a845-108ed253c35c" testListId="8c84fa94-04c1-424b-9868-57a2d4851a1d" />
    <TestEntry testId="c517d47e-ca32-e377-d7f6-88e94f2c32ee" executionId="d6bb1ce7-070a-4db7-bda5-4f67e3b9979f" testListId="8c84fa94-04c1-424b-9868-57a2d4851a1d" />
    <TestEntry testId="a30c0e1c-6be8-c1fc-d186-4953fdc74232" executionId="b39ee187-5043-4532-83eb-11810d895433" testListId="8c84fa94-04c1-424b-9868-57a2d4851a1d" />
    <TestEntry testId="0544e28d-4fc2-b4ec-7e67-93472bf81c4c" executionId="ef3f44fd-ee61-4fd2-a5ab-d957fad4f6e3" testListId="8c84fa94-04c1-424b-9868-57a2d4851a1d" />
    <TestEntry testId="9d2ec2a6-d3d1-c073-e2b7-2bdf63a956f5" executionId="8ed41c88-7ebc-4e34-8433-b229a2bfbe1f" testListId="8c84fa94-04c1-424b-9868-57a2d4851a1d" />
    <TestEntry testId="ff871a0a-f3fb-129c-5e01-0c196d851088" executionId="5be6ca75-3262-4e60-8e20-5e434c307ce3" testListId="8c84fa94-04c1-424b-9868-57a2d4851a1d" />
    <TestEntry testId="7310670a-0010-c516-b9ef-05b270ab4c04" executionId="d9230f3c-9faf-4b63-b22c-31b984cd8d7d" testListId="8c84fa94-04c1-424b-9868-57a2d4851a1d" />
    <TestEntry testId="d768bb94-e7be-c795-a879-8660f5a521ca" executionId="faa12c4c-f357-4087-82b8-d6052c8db43e" testListId="8c84fa94-04c1-424b-9868-57a2d4851a1d" />
    <TestEntry testId="23fd5c35-806e-ce3a-d70e-4f98406ae92e" executionId="2073b212-8ccc-43dc-b30a-018b4047e6ff" testListId="8c84fa94-04c1-424b-9868-57a2d4851a1d" />
    <TestEntry testId="2c22d41f-092a-968d-84dc-b705713dc267" executionId="2b44b1bc-be56-47f7-ab25-571874098a6c" testListId="8c84fa94-04c1-424b-9868-57a2d4851a1d" />
    <TestEntry testId="4d43b66e-8962-9bb6-1326-4acf18e1f8af" executionId="c3f64786-770d-433a-9fb0-6263bada576f" testListId="8c84fa94-04c1-424b-9868-57a2d4851a1d" />
    <TestEntry testId="d4654878-1a35-6721-cf80-bedb39cbf7b8" executionId="db86e63d-437a-4635-9a32-3b455be86b26" testListId="8c84fa94-04c1-424b-9868-57a2d4851a1d" />
    <TestEntry testId="0375a79b-17bf-9022-0b92-a3ad697c1a71" executionId="96aad900-903d-4e23-b627-fb593fe2f8d5" testListId="8c84fa94-04c1-424b-9868-57a2d4851a1d" />
    <TestEntry testId="ec973bdb-21c0-1365-934b-b91d9822cd21" executionId="268964be-865b-4e85-842a-f5905fc79fa4" testListId="8c84fa94-04c1-424b-9868-57a2d4851a1d" />
    <TestEntry testId="5ad515e4-061f-7df7-ad67-b02fe01da566" executionId="ff6d4346-299e-4eca-ad9f-033e46d40105" testListId="8c84fa94-04c1-424b-9868-57a2d4851a1d" />
    <TestEntry testId="0803935a-871f-a690-4074-dae07f076149" executionId="074d91a4-5b23-4f87-8231-759ea715af97" testListId="8c84fa94-04c1-424b-9868-57a2d4851a1d" />
    <TestEntry testId="5a551494-faff-53e7-207e-681c218ee1d5" executionId="0536268c-f5a4-47c4-8504-ed2e42102645" testListId="8c84fa94-04c1-424b-9868-57a2d4851a1d" />
    <TestEntry testId="c3a8a6f2-b935-a4af-92db-4c0183516cfb" executionId="5c311a7d-6ac5-4d8c-83d4-a04145b2ac16" testListId="8c84fa94-04c1-424b-9868-57a2d4851a1d" />
    <TestEntry testId="0019d10a-a6a6-19da-3d6b-4865f197fa35" executionId="0f9dfb29-739a-4309-b34f-a89e5a50250e" testListId="8c84fa94-04c1-424b-9868-57a2d4851a1d" />
    <TestEntry testId="cc78e4c8-e396-40e7-5bdc-41f3b1d91c3b" executionId="65bb737c-be78-42d1-90b7-65eebb0581df" testListId="8c84fa94-04c1-424b-9868-57a2d4851a1d" />
    <TestEntry testId="efecd466-b15f-af39-21f9-c8961441d324" executionId="9304cea0-986f-4f0d-b9e6-50a98f43fa88" testListId="8c84fa94-04c1-424b-9868-57a2d4851a1d" />
    <TestEntry testId="cd2e6b67-6d53-becf-0933-90bf764522df" executionId="2c8e6998-ded5-4e12-93cf-2d4b2cac169f" testListId="8c84fa94-04c1-424b-9868-57a2d4851a1d" />
    <TestEntry testId="272f4885-6438-4d19-4138-7ad48b76a66a" executionId="0b280089-0e72-485d-8e24-c42ca024ef13" testListId="8c84fa94-04c1-424b-9868-57a2d4851a1d" />
    <TestEntry testId="7bcf3a65-993a-a11d-3a6c-189aa950d196" executionId="3d53d24a-a2b1-414f-acc7-e64342907bb7" testListId="8c84fa94-04c1-424b-9868-57a2d4851a1d" />
    <TestEntry testId="91ca59a7-2b67-023b-8100-5a8eb67c3171" executionId="66dc39fc-8dd8-4bc6-8b4d-449b34ea62b1" testListId="8c84fa94-04c1-424b-9868-57a2d4851a1d" />
    <TestEntry testId="6f5c5df5-4252-2513-c1dc-4c088c708d7c" executionId="d17fcea0-e321-4a53-ae0d-e6763f5af4cf" testListId="8c84fa94-04c1-424b-9868-57a2d4851a1d" />
    <TestEntry testId="48651643-3990-f762-2f5d-868f1a95d4b6" executionId="9e67eaab-7bb5-44e0-a89f-c01b23a3855b" testListId="8c84fa94-04c1-424b-9868-57a2d4851a1d" />
    <TestEntry testId="f8bf1449-939b-89f4-212d-2e74de51e43d" executionId="baeb2098-b1f4-49d4-9824-037a45df18ef" testListId="8c84fa94-04c1-424b-9868-57a2d4851a1d" />
    <TestEntry testId="7dec1179-eee2-fa94-5da7-099c0e6c3451" executionId="b09aed4a-54bf-4cb9-95af-88f8bef1d0a0" testListId="8c84fa94-04c1-424b-9868-57a2d4851a1d" />
    <TestEntry testId="7beb1d45-b2f9-3ce6-acac-11111dd263b6" executionId="016718bf-b524-4bc0-bfe4-c5f9545e42dc" testListId="8c84fa94-04c1-424b-9868-57a2d4851a1d" />
    <TestEntry testId="0f01db86-94cf-3b40-a1fd-a3d559461236" executionId="f5bc2092-fca9-45c6-b384-e975822a4bdc" testListId="8c84fa94-04c1-424b-9868-57a2d4851a1d" />
    <TestEntry testId="60ae1216-f4f8-6b00-f4c4-045e3d712ab9" executionId="efbd4dc8-c184-4f15-a4c2-4a800bdf63cc" testListId="8c84fa94-04c1-424b-9868-57a2d4851a1d" />
    <TestEntry testId="19e5591a-1631-c4d0-c9a6-ceae072f9278" executionId="a086bb86-17f7-4eb3-848f-63db164364b9" testListId="8c84fa94-04c1-424b-9868-57a2d4851a1d" />
    <TestEntry testId="da7afe93-5f9e-e644-ee17-d8f62724b065" executionId="e079cfc3-f82d-4e26-bc3f-85744c630d43" testListId="8c84fa94-04c1-424b-9868-57a2d4851a1d" />
    <TestEntry testId="8266f92d-e581-75a5-bb2e-4504a7b93262" executionId="e8ca2947-24b7-4643-9249-5956be636236" testListId="8c84fa94-04c1-424b-9868-57a2d4851a1d" />
    <TestEntry testId="1cbf8c80-94c3-2ec1-b0e8-bab269a8bc81" executionId="099cc3c4-48af-45e7-b94a-73ef83d8914c" testListId="8c84fa94-04c1-424b-9868-57a2d4851a1d" />
    <TestEntry testId="ccaa3c83-5d1b-ce5f-4059-289c1ce0cfc6" executionId="bc6def13-05b3-49f5-acbf-055af156c485" testListId="8c84fa94-04c1-424b-9868-57a2d4851a1d" />
    <TestEntry testId="525b9b8a-dc35-c682-c75e-37fc41131ae6" executionId="fc0f4607-8a0a-4235-92fc-8135364e0069" testListId="8c84fa94-04c1-424b-9868-57a2d4851a1d" />
    <TestEntry testId="03080019-5681-3ce2-8630-2dd43ec7dd80" executionId="f6f8e825-99bc-4e0a-8bc7-f68c7cbf7077" testListId="8c84fa94-04c1-424b-9868-57a2d4851a1d" />
    <TestEntry testId="4bac3f4f-5c26-53a7-2b63-bc2e982bfcd0" executionId="b95f5262-13da-4db6-9f6f-fd280b14c7e9" testListId="8c84fa94-04c1-424b-9868-57a2d4851a1d" />
    <TestEntry testId="93b4d200-60a7-c4a5-e8f1-e8a503bfc2a3" executionId="1cf72b9a-23a0-433e-b2e1-d0d58deb59a3" testListId="8c84fa94-04c1-424b-9868-57a2d4851a1d" />
    <TestEntry testId="6c5f321c-3892-4b16-73e5-6819c0fa06e9" executionId="6d3744e8-2927-4ea2-8920-98ec22ca0494" testListId="8c84fa94-04c1-424b-9868-57a2d4851a1d" />
    <TestEntry testId="7eb1da94-1ce2-6d2d-984a-cd4d2f71d0f2" executionId="f220fb27-9b03-4fbf-90bf-3d31face0246" testListId="8c84fa94-04c1-424b-9868-57a2d4851a1d" />
    <TestEntry testId="dafb9c59-4deb-eceb-485d-d78754e3bb3d" executionId="2ddf9fd8-e7bc-47eb-ba2a-73531454a1ad" testListId="8c84fa94-04c1-424b-9868-57a2d4851a1d" />
    <TestEntry testId="ae1b0e5a-9751-6ec2-a50c-37544beb22df" executionId="0b7b927e-0a8f-4e5a-9fe2-18505b87ac40" testListId="8c84fa94-04c1-424b-9868-57a2d4851a1d" />
    <TestEntry testId="46201051-8998-885f-f96c-6e7e1db6ebbf" executionId="0cb2aeb7-27ba-4766-8fd5-03a317f6e33b" testListId="8c84fa94-04c1-424b-9868-57a2d4851a1d" />
    <TestEntry testId="95479c3f-3365-f81a-28bd-bfc5cc121e21" executionId="a78b3d2d-a27a-47a5-9dab-47d02ac9e96f" testListId="8c84fa94-04c1-424b-9868-57a2d4851a1d" />
    <TestEntry testId="9107236d-d734-f374-4ead-dfd7b705c5ba" executionId="05532a39-a87d-4577-a6d8-3477206ebb6f" testListId="8c84fa94-04c1-424b-9868-57a2d4851a1d" />
    <TestEntry testId="95f8e000-3ba5-e2a7-1692-54b2972a33db" executionId="ccb55a79-6f2f-4157-99dd-30a091bb1c1f" testListId="8c84fa94-04c1-424b-9868-57a2d4851a1d" />
    <TestEntry testId="e871f69c-166e-d899-2060-09cc2f7bdee0" executionId="b510c634-f874-45e3-903d-a08551fb20c8" testListId="8c84fa94-04c1-424b-9868-57a2d4851a1d" />
    <TestEntry testId="579cefdc-1285-49a6-5465-b30a2f09f831" executionId="8e569d7b-2ffe-4e79-a7d8-a37219c0bc6b" testListId="8c84fa94-04c1-424b-9868-57a2d4851a1d" />
    <TestEntry testId="7b5fe27a-185c-b6c0-b856-dac5483bd5d8" executionId="560a0086-b351-41bc-ae5e-2ca49afc267c" testListId="8c84fa94-04c1-424b-9868-57a2d4851a1d" />
    <TestEntry testId="a8a1177c-65d4-f665-d2f6-84b5f84d7826" executionId="d2cc6f36-4394-47d0-9e9c-416f4d641ef7" testListId="8c84fa94-04c1-424b-9868-57a2d4851a1d" />
    <TestEntry testId="7d6376a8-19a6-b812-8c3c-f3e9a6e14d5a" executionId="e9cbf64e-e0c9-4bc3-b1c8-96653a9bf265" testListId="8c84fa94-04c1-424b-9868-57a2d4851a1d" />
    <TestEntry testId="5a579627-9ef0-b996-872a-63ac1117a53a" executionId="5b36e554-2637-4ef6-9115-c82ce66ff01d" testListId="8c84fa94-04c1-424b-9868-57a2d4851a1d" />
    <TestEntry testId="0ec68ff8-bcd6-2c1f-5582-11822f574a1b" executionId="878fad1a-aed7-428e-96b0-897c7db7ec64" testListId="8c84fa94-04c1-424b-9868-57a2d4851a1d" />
    <TestEntry testId="66042806-c8a6-bd56-a38a-6786eac991dd" executionId="8d239641-44df-451b-bf79-13664d07f8c3" testListId="8c84fa94-04c1-424b-9868-57a2d4851a1d" />
    <TestEntry testId="6c3abf86-27c2-e58e-93b6-ed71048c4a53" executionId="a1677bf7-9eb0-48cf-9007-06e9fcbd2b7b" testListId="8c84fa94-04c1-424b-9868-57a2d4851a1d" />
    <TestEntry testId="eae726ea-ad96-e1f1-c7ca-d531b520535a" executionId="c62068cb-5ad8-406a-b056-18265f26f21a" testListId="8c84fa94-04c1-424b-9868-57a2d4851a1d" />
    <TestEntry testId="6489cf79-7398-4703-1fb8-90649bb5e08a" executionId="e0cab1de-ad16-466f-ace1-3af9dbf8a0fa" testListId="8c84fa94-04c1-424b-9868-57a2d4851a1d" />
    <TestEntry testId="fb86bbe9-b22e-d56e-a772-aac14a596077" executionId="7f23926d-d9d4-4d71-945b-cb502aa79e0e" testListId="8c84fa94-04c1-424b-9868-57a2d4851a1d" />
    <TestEntry testId="42a10cab-52d6-2423-2dbb-2f996d386821" executionId="257f234b-268c-4dba-ab6a-f92a125d61e0" testListId="8c84fa94-04c1-424b-9868-57a2d4851a1d" />
    <TestEntry testId="6105d136-097e-2af1-996a-858985393c60" executionId="acde8e70-c05d-4908-927b-76d524d07d53" testListId="8c84fa94-04c1-424b-9868-57a2d4851a1d" />
    <TestEntry testId="2f10f867-42dc-5abf-9137-8ff312c22506" executionId="afdd7720-a90e-4059-bd95-21eeedfd45f7" testListId="8c84fa94-04c1-424b-9868-57a2d4851a1d" />
    <TestEntry testId="d4f57a1a-368c-f019-fb17-a0e7731624b1" executionId="6c14a8b2-0441-4af9-8ec6-fdb838453677" testListId="8c84fa94-04c1-424b-9868-57a2d4851a1d" />
    <TestEntry testId="9092dab4-904e-9739-f876-0b245e77c9c7" executionId="fbf99f41-db32-4966-bbcf-c27fdf522fba" testListId="8c84fa94-04c1-424b-9868-57a2d4851a1d" />
    <TestEntry testId="02fd2bfc-16a5-c887-4e9e-ab959744df30" executionId="381ede1a-6780-4aae-94e7-7e76b2ff381a" testListId="8c84fa94-04c1-424b-9868-57a2d4851a1d" />
    <TestEntry testId="883d8df5-a937-843c-875c-56710586893b" executionId="cf6ac7fd-5128-4790-9824-a702a8d93ba5" testListId="8c84fa94-04c1-424b-9868-57a2d4851a1d" />
    <TestEntry testId="ad15feb4-f8fd-7a5b-4855-197bcbe1921d" executionId="b0b6201f-9ded-46fb-a81c-f92188972a1d" testListId="8c84fa94-04c1-424b-9868-57a2d4851a1d" />
    <TestEntry testId="c73bedc8-3b2e-54e6-a4da-2f94dce108d2" executionId="533c6325-ba92-4037-b1cc-41b922bc20f9" testListId="8c84fa94-04c1-424b-9868-57a2d4851a1d" />
    <TestEntry testId="4dcfd13e-e80d-3ae2-2685-11e971133d7e" executionId="fc333af8-1aed-49c1-a3ea-99749ff7f60b" testListId="8c84fa94-04c1-424b-9868-57a2d4851a1d" />
    <TestEntry testId="639496c7-388a-a84a-e23f-567d9798eca7" executionId="f369aa18-317a-4716-a680-87cd027a7646" testListId="8c84fa94-04c1-424b-9868-57a2d4851a1d" />
    <TestEntry testId="297bf8b1-3a76-8c37-94a7-3d459e5d6d22" executionId="e3c701b4-2eaa-4c1c-ae67-0b682224501d" testListId="8c84fa94-04c1-424b-9868-57a2d4851a1d" />
    <TestEntry testId="fcda3bf5-d946-ffb2-7dec-1a9a6c8e3bbd" executionId="0d32a826-d60a-4ef6-bbf7-a76db24aaf87" testListId="8c84fa94-04c1-424b-9868-57a2d4851a1d" />
    <TestEntry testId="69e2a4d3-1b28-a643-4107-b791dbef4d7f" executionId="7e7c6c41-fb20-48b3-bda1-7398dda8e119" testListId="8c84fa94-04c1-424b-9868-57a2d4851a1d" />
    <TestEntry testId="f32b48a1-9dba-8cf3-587d-95d6253b660e" executionId="5cd7c037-708d-4335-b47d-ef013661fdee" testListId="8c84fa94-04c1-424b-9868-57a2d4851a1d" />
    <TestEntry testId="76becc9e-1e4c-85c9-a191-07e6217ba6f5" executionId="3f181230-e419-4e04-af8a-c96ca7487d96" testListId="8c84fa94-04c1-424b-9868-57a2d4851a1d" />
    <TestEntry testId="601fdee9-f223-768f-8645-d728cc96933e" executionId="80c71e4a-3c60-4e70-8bd0-42450591cebf" testListId="8c84fa94-04c1-424b-9868-57a2d4851a1d" />
    <TestEntry testId="7bc0bbeb-61dd-1dbf-6a3f-a983237cd5ef" executionId="7f60b191-5116-4c09-86a3-152ffbbc5e45" testListId="8c84fa94-04c1-424b-9868-57a2d4851a1d" />
    <TestEntry testId="391cd4ba-c48b-0b4e-8a3e-53e402099f58" executionId="214f5022-3742-4460-9bb6-a732001ce281" testListId="8c84fa94-04c1-424b-9868-57a2d4851a1d" />
    <TestEntry testId="18e51b80-8f0a-97fd-f36b-65341c3d019b" executionId="e273b0f9-f959-4b30-a889-f071af946d86" testListId="8c84fa94-04c1-424b-9868-57a2d4851a1d" />
    <TestEntry testId="a421e850-c287-4788-1489-affb91c8724e" executionId="de744de2-b3ea-485a-8749-9be5ad50d98c" testListId="8c84fa94-04c1-424b-9868-57a2d4851a1d" />
    <TestEntry testId="d75321e8-0e5a-80fb-c42d-dd5e0a0950e9" executionId="551531a5-18ba-4015-937b-b18bf67d641a" testListId="8c84fa94-04c1-424b-9868-57a2d4851a1d" />
    <TestEntry testId="034b013a-a81a-ad66-663b-4a11db95f39e" executionId="c244917b-ed4f-45aa-b41e-aa3c13503e69" testListId="8c84fa94-04c1-424b-9868-57a2d4851a1d" />
    <TestEntry testId="4b79d86c-13be-8c44-a83b-e4778b52ca96" executionId="ccb0c267-3913-4080-a0f3-178fbe38d38b" testListId="8c84fa94-04c1-424b-9868-57a2d4851a1d" />
    <TestEntry testId="ab8b2bdc-fcdf-a227-9aa9-2de69a4f993d" executionId="98e89fbd-43ad-4934-9ba6-50f115398f29" testListId="8c84fa94-04c1-424b-9868-57a2d4851a1d" />
    <TestEntry testId="068d3dbd-f792-4a74-80fd-4b276c449dbd" executionId="a39f1815-f58e-4748-9a21-e0b1516e2b19" testListId="8c84fa94-04c1-424b-9868-57a2d4851a1d" />
    <TestEntry testId="a522e917-770e-f5b4-c711-d74ff56893b7" executionId="76edc23b-5407-4227-b1e2-8ccb1afa484d" testListId="8c84fa94-04c1-424b-9868-57a2d4851a1d" />
    <TestEntry testId="f8f7b224-085f-34b4-7c2b-3e82bf61f9e6" executionId="c5c7540b-e5c7-433f-942b-b59c775be8a3" testListId="8c84fa94-04c1-424b-9868-57a2d4851a1d" />
    <TestEntry testId="8473d434-297b-838f-63b6-6e231f7ca144" executionId="3992605e-d4b3-4db9-b18b-4d8274ca31ba" testListId="8c84fa94-04c1-424b-9868-57a2d4851a1d" />
    <TestEntry testId="abe00e23-df5b-5f75-6989-af961829c440" executionId="26e2dd5b-9d49-41ce-b015-45fa8cdee64b" testListId="8c84fa94-04c1-424b-9868-57a2d4851a1d" />
    <TestEntry testId="e57a6700-807c-7140-e9f8-1569c0bdd6f3" executionId="7b6fedcc-3e3e-4530-a3af-241db64052ea" testListId="8c84fa94-04c1-424b-9868-57a2d4851a1d" />
    <TestEntry testId="709f3ad7-4e19-8615-d7df-07ba30361371" executionId="be11c2c4-bc31-4f3a-bff4-b17ed4b3ba39" testListId="8c84fa94-04c1-424b-9868-57a2d4851a1d" />
    <TestEntry testId="815df831-608b-a7d8-9c28-fa416168dea4" executionId="5ff3462f-978a-4416-88e2-74b8da530365" testListId="8c84fa94-04c1-424b-9868-57a2d4851a1d" />
    <TestEntry testId="e23a3200-450c-a180-bf2d-b14626d87370" executionId="3ce6f1e1-ec84-444a-9260-44abec9f2718" testListId="8c84fa94-04c1-424b-9868-57a2d4851a1d" />
    <TestEntry testId="efcaab1a-d58c-01f3-aaa5-0796b92e35c8" executionId="c3762221-0670-4594-8e5e-dc9253202472" testListId="8c84fa94-04c1-424b-9868-57a2d4851a1d" />
    <TestEntry testId="0fdedd46-6834-8598-ebf3-651f4b30d69a" executionId="a73c89a6-af75-464f-abc8-e4d803d6a376" testListId="8c84fa94-04c1-424b-9868-57a2d4851a1d" />
    <TestEntry testId="1b93e0bb-33ed-dd7a-4968-e35c3504d6a8" executionId="6781e556-f361-49b1-b1db-88af13ae655f" testListId="8c84fa94-04c1-424b-9868-57a2d4851a1d" />
    <TestEntry testId="93f295d6-8e86-df7b-fa00-b500211f45da" executionId="d6ac00cd-7c2b-45e7-82dd-00627e0c614a" testListId="8c84fa94-04c1-424b-9868-57a2d4851a1d" />
    <TestEntry testId="b6384f39-b3d4-de2f-a83f-b06426b33ab0" executionId="6b54db2b-c89d-4185-8b79-7a38a4a11cc0" testListId="8c84fa94-04c1-424b-9868-57a2d4851a1d" />
    <TestEntry testId="71e647b9-b3e6-2b31-24b9-2273003b38e4" executionId="06ed7afd-b3c2-481a-a670-e3ee4985a191" testListId="8c84fa94-04c1-424b-9868-57a2d4851a1d" />
    <TestEntry testId="b23fbb20-fbb6-28da-dab1-c344c6d03b58" executionId="44a72a0c-a36b-4a58-a4ab-758e8e3c9d4d" testListId="8c84fa94-04c1-424b-9868-57a2d4851a1d" />
    <TestEntry testId="b5d84d04-24a2-eb33-edd6-025bff392c00" executionId="aa62195d-5ac7-4dd0-8fd4-f9c1e522079c" testListId="8c84fa94-04c1-424b-9868-57a2d4851a1d" />
    <TestEntry testId="ee0027fb-4759-9ed1-4aca-5847f80c07d1" executionId="088b039e-b79b-4c80-a80d-8e37775768b7" testListId="8c84fa94-04c1-424b-9868-57a2d4851a1d" />
    <TestEntry testId="a92118ae-2875-7edc-c322-7d5e85972741" executionId="c7c55c02-e104-44f7-bb5d-bae628966cc5" testListId="8c84fa94-04c1-424b-9868-57a2d4851a1d" />
    <TestEntry testId="8c2c804c-8aad-6d08-b0ae-d985017cb328" executionId="891e983f-538a-412e-b943-3dbbe299952d" testListId="8c84fa94-04c1-424b-9868-57a2d4851a1d" />
    <TestEntry testId="1dff61d3-34c0-5ac1-dca2-cb7ce7ae9edd" executionId="c5bf38db-ea0e-4a02-a099-321192407e13" testListId="8c84fa94-04c1-424b-9868-57a2d4851a1d" />
    <TestEntry testId="0e5b3111-01f7-b24a-6810-1a9402cdc605" executionId="8eac8c98-9638-46f7-9f86-7b28cb2fdde6" testListId="8c84fa94-04c1-424b-9868-57a2d4851a1d" />
    <TestEntry testId="601153eb-5271-665b-436d-f187a3541d40" executionId="6c6b36f7-007b-4128-910e-8814a0d7389d" testListId="8c84fa94-04c1-424b-9868-57a2d4851a1d" />
    <TestEntry testId="150ce5c0-ec6f-a8a5-92e5-bb1a3bd6ce85" executionId="6eced179-546a-43c7-bc1a-3828af78865a" testListId="8c84fa94-04c1-424b-9868-57a2d4851a1d" />
    <TestEntry testId="85999ceb-c7e0-9b54-df39-198a5f4bb935" executionId="417cc16b-8e86-437c-9375-d49373c6eb5a" testListId="8c84fa94-04c1-424b-9868-57a2d4851a1d" />
    <TestEntry testId="4919b0df-aa86-3ff5-5c9d-2d9e132274a2" executionId="0fc9b144-4db6-4a49-915a-f6735fe50b50" testListId="8c84fa94-04c1-424b-9868-57a2d4851a1d" />
    <TestEntry testId="7b4171ae-a03d-93ff-7c69-5778e77fd552" executionId="e1307ff6-af8e-4c5b-946f-fa7e50209150" testListId="8c84fa94-04c1-424b-9868-57a2d4851a1d" />
    <TestEntry testId="17b7c848-bd3d-0746-890b-7f7afd0444b6" executionId="b106d2c2-ee76-4fe2-aded-91c75736edc1" testListId="8c84fa94-04c1-424b-9868-57a2d4851a1d" />
    <TestEntry testId="aae4fb24-f554-3152-a299-2f303061b61e" executionId="7927a8f4-adac-4557-ae22-bf34815e91df" testListId="8c84fa94-04c1-424b-9868-57a2d4851a1d" />
    <TestEntry testId="33ba377d-e68f-5080-8ea9-4564c579f416" executionId="3b77b710-eaee-4f12-9c36-1170ecd4e66f" testListId="8c84fa94-04c1-424b-9868-57a2d4851a1d" />
    <TestEntry testId="5d08d3ae-03ea-1a7e-0828-74bbb650a574" executionId="01b63807-f81c-4439-b7ed-d26fbdd81263" testListId="8c84fa94-04c1-424b-9868-57a2d4851a1d" />
    <TestEntry testId="848fdcfd-00e6-2e58-a2ed-e6361a3a4ccf" executionId="20e22386-bf28-4f7a-af66-6e7c8ce02035" testListId="8c84fa94-04c1-424b-9868-57a2d4851a1d" />
    <TestEntry testId="b5d4fa4d-43f6-ed4c-1ebe-1028a35c3207" executionId="e4b98d4d-77f8-4fd3-97ae-1bbbdc097d1d" testListId="8c84fa94-04c1-424b-9868-57a2d4851a1d" />
    <TestEntry testId="0b677cef-dffb-d7e8-8796-c9f58ef238e3" executionId="ae02b012-9c74-4335-b0e2-3ff47aa4c4f5" testListId="8c84fa94-04c1-424b-9868-57a2d4851a1d" />
    <TestEntry testId="3e9c502b-35d8-3ce9-17a4-a57106505143" executionId="1301aae4-a026-4cc2-b12c-dc8133326b21" testListId="8c84fa94-04c1-424b-9868-57a2d4851a1d" />
    <TestEntry testId="d812f365-14a5-d0a4-d872-df8d8d5bb670" executionId="a2e87fd0-0b2c-4cc4-89ee-d0ba0757ed12" testListId="8c84fa94-04c1-424b-9868-57a2d4851a1d" />
    <TestEntry testId="67659ca1-ac92-6bcc-2bb5-72e6a6541ab7" executionId="99e51ed1-c2dd-46e2-90d0-d1d31e92419f" testListId="8c84fa94-04c1-424b-9868-57a2d4851a1d" />
    <TestEntry testId="3c488412-7332-e4c1-0fae-4af5f8b50c1a" executionId="360cf31b-b590-41de-89b9-4fd5e7ed345c" testListId="8c84fa94-04c1-424b-9868-57a2d4851a1d" />
    <TestEntry testId="e78fe577-197c-bbd5-7ab5-8679a236f69f" executionId="8bf962f0-16e6-438b-acb4-607e3d9e1f6a" testListId="8c84fa94-04c1-424b-9868-57a2d4851a1d" />
    <TestEntry testId="eca6b0bf-94f2-dc28-1140-8fce9c0681a0" executionId="9892c91a-d0a6-4d22-982c-724729099825" testListId="8c84fa94-04c1-424b-9868-57a2d4851a1d" />
    <TestEntry testId="e0402f72-9377-b948-a288-28d4fcfc4f9b" executionId="0c52057a-dacd-4fb6-89b2-1101fed07aa8" testListId="8c84fa94-04c1-424b-9868-57a2d4851a1d" />
    <TestEntry testId="e897475a-565a-d220-02fb-7a22190de11f" executionId="7f982447-0ba9-4984-8b94-3a01fb166010" testListId="8c84fa94-04c1-424b-9868-57a2d4851a1d" />
    <TestEntry testId="6e51c1a4-c47e-8215-41d4-b6192fc399a7" executionId="61ac99b2-d41a-463b-a363-d4c90d56a912" testListId="8c84fa94-04c1-424b-9868-57a2d4851a1d" />
    <TestEntry testId="18a5d991-6a62-bd7d-3d37-6bc0e28957ce" executionId="77eacf86-83e2-4739-8a30-4e26bea09be9" testListId="8c84fa94-04c1-424b-9868-57a2d4851a1d" />
    <TestEntry testId="c3f336f9-64d8-483d-f756-b051b29d09c0" executionId="b0224478-e9e0-4c6f-b9a5-ec925144b469" testListId="8c84fa94-04c1-424b-9868-57a2d4851a1d" />
    <TestEntry testId="48c7c2f7-e5d2-ef94-1a3f-20ddea55e26b" executionId="91a6df79-feb3-4375-a3b7-004bcac608da" testListId="8c84fa94-04c1-424b-9868-57a2d4851a1d" />
    <TestEntry testId="ab2c1fba-ddcb-1900-197d-3f9d3fc16360" executionId="a358bab7-0b33-4c97-b675-7f3d7227bf52" testListId="8c84fa94-04c1-424b-9868-57a2d4851a1d" />
    <TestEntry testId="899e6aca-dd8a-ca3a-7348-95cefdb66bfb" executionId="ba4e168a-bd2f-4e4a-80fd-fa020003c6a7" testListId="8c84fa94-04c1-424b-9868-57a2d4851a1d" />
    <TestEntry testId="8bdc4f90-77a8-478b-b52c-9da6b7c1e9c9" executionId="25811797-109f-47d3-992e-d9c0c34e4500" testListId="8c84fa94-04c1-424b-9868-57a2d4851a1d" />
    <TestEntry testId="1cfd503a-2a2f-f054-566c-b2432833b5b0" executionId="f893dbbe-f9d9-45ac-abb1-7e3860206880" testListId="8c84fa94-04c1-424b-9868-57a2d4851a1d" />
    <TestEntry testId="a4ad3799-a270-f12c-0f00-e20e2f12acdd" executionId="3a62a3c3-411d-49fa-958b-324a18eba51c" testListId="8c84fa94-04c1-424b-9868-57a2d4851a1d" />
    <TestEntry testId="cbe39397-87a0-2910-ca84-58383bad57ff" executionId="ed73b542-7f63-4471-b24c-ab1642ba2cc9" testListId="8c84fa94-04c1-424b-9868-57a2d4851a1d" />
    <TestEntry testId="6ee7a2b3-6420-c554-9de7-1720065e8cec" executionId="e31afe66-2472-467b-ba4e-df67dc6cef10" testListId="8c84fa94-04c1-424b-9868-57a2d4851a1d" />
    <TestEntry testId="e86472bf-e214-2b20-76f5-45745554fad7" executionId="37a5bf58-3675-4aaf-9a11-90987b8aa39e" testListId="8c84fa94-04c1-424b-9868-57a2d4851a1d" />
    <TestEntry testId="e0267b14-97a9-0d32-c9f5-896dabd96fde" executionId="be571e17-8fd3-48b4-831a-16e303bdc983" testListId="8c84fa94-04c1-424b-9868-57a2d4851a1d" />
    <TestEntry testId="3fec57b9-8697-e7a2-5cc7-23347c0320cb" executionId="7e728c5b-c4f7-4895-a2ea-a4881c97e407" testListId="8c84fa94-04c1-424b-9868-57a2d4851a1d" />
    <TestEntry testId="597025ee-fec5-9b13-b948-e15cb8c652bb" executionId="12447b9c-3a1c-46fc-a844-3e8c35704d44" testListId="8c84fa94-04c1-424b-9868-57a2d4851a1d" />
    <TestEntry testId="0cdbe09b-5b02-9284-150e-310395196ca9" executionId="a89c0c12-9d47-4930-a7a2-023c59f4094d" testListId="8c84fa94-04c1-424b-9868-57a2d4851a1d" />
    <TestEntry testId="26b36980-26fa-feaa-eeda-467cb17b47b3" executionId="628041ed-4eec-4ab7-9138-181caf44319a" testListId="8c84fa94-04c1-424b-9868-57a2d4851a1d" />
    <TestEntry testId="ade8bde1-d507-344c-09f7-848e53c880d7" executionId="066c238e-d4a3-4b7a-a23b-b4e2ce6f315b" testListId="8c84fa94-04c1-424b-9868-57a2d4851a1d" />
    <TestEntry testId="a746b676-bd57-b7d7-68d2-852b9bca4e8d" executionId="7aca8d15-d33e-4c75-895d-415d8da33c1a" testListId="8c84fa94-04c1-424b-9868-57a2d4851a1d" />
    <TestEntry testId="3d5f1c08-3797-41ba-2b77-d2369ea0e848" executionId="8c8b7088-9cc8-4d60-92b6-13f8b4b01236" testListId="8c84fa94-04c1-424b-9868-57a2d4851a1d" />
    <TestEntry testId="a089f9e5-4bec-b582-acfc-39a14dd75252" executionId="7a9a6278-84ab-44c8-8b8a-42e15ffc094d" testListId="8c84fa94-04c1-424b-9868-57a2d4851a1d" />
    <TestEntry testId="23721fe5-9ee6-82b6-d99b-fc80796a2eba" executionId="eb58dde0-ccb5-43d5-a12e-d33950e06508" testListId="8c84fa94-04c1-424b-9868-57a2d4851a1d" />
    <TestEntry testId="b1cd993d-7313-5ad0-b39e-9f1aa78bc82d" executionId="3fafc4be-4c5e-4480-bfd6-072dbbd2865b" testListId="8c84fa94-04c1-424b-9868-57a2d4851a1d" />
    <TestEntry testId="3a93a51a-c148-1d02-8f4b-13468c757678" executionId="408e0614-085d-411b-9b06-c4ad38b1ef7c" testListId="8c84fa94-04c1-424b-9868-57a2d4851a1d" />
    <TestEntry testId="e7bba644-c651-71b0-f2c6-7f5814caa7e2" executionId="b68b4f1a-1de6-449b-96fe-1952a4f5b475" testListId="8c84fa94-04c1-424b-9868-57a2d4851a1d" />
    <TestEntry testId="27514d22-063a-2899-009e-1b76a88c43a9" executionId="658defe9-b9a6-4dd5-ac28-bbfdf5ecf42f" testListId="8c84fa94-04c1-424b-9868-57a2d4851a1d" />
    <TestEntry testId="cacb4937-95e1-1710-534d-b2d54b278d0c" executionId="ace9c52c-b1e8-4990-9021-9734357b669c" testListId="8c84fa94-04c1-424b-9868-57a2d4851a1d" />
    <TestEntry testId="58cec2fa-25a5-3785-4c9d-c8c6dad46cee" executionId="7f69cc49-5fb3-4a13-9bf8-6a3059bf84bf" testListId="8c84fa94-04c1-424b-9868-57a2d4851a1d" />
    <TestEntry testId="353af7cb-1a1e-cda6-3bd5-1805a8fdcf5d" executionId="214834c9-0add-4327-8b39-52f846be8e4e" testListId="8c84fa94-04c1-424b-9868-57a2d4851a1d" />
    <TestEntry testId="304b77ec-fc19-406b-4850-5808e5d0243d" executionId="50dea2fc-e34d-4494-8f70-fe19e1fcbbb8" testListId="8c84fa94-04c1-424b-9868-57a2d4851a1d" />
    <TestEntry testId="74651ac2-e00f-92e8-ff9b-d39647d9a271" executionId="617c068b-95e4-434e-8a95-4100bc4a1ec8" testListId="8c84fa94-04c1-424b-9868-57a2d4851a1d" />
    <TestEntry testId="e776d51f-5a00-c228-adb8-2f497b9621e5" executionId="1909daba-f4a0-4c43-970d-af6f5cf7d21a" testListId="8c84fa94-04c1-424b-9868-57a2d4851a1d" />
    <TestEntry testId="8a7e2a5a-b3b1-b936-6f36-5a1d091bcdc6" executionId="0bddc5f3-3b9c-446f-9dd3-2effbb6a3737" testListId="8c84fa94-04c1-424b-9868-57a2d4851a1d" />
    <TestEntry testId="65550164-3705-10e4-aab2-4f1a75804571" executionId="5929d84d-2662-4840-beab-6d483fe51d36" testListId="8c84fa94-04c1-424b-9868-57a2d4851a1d" />
    <TestEntry testId="7d1aaa36-3199-455c-0527-ac90899cbd4b" executionId="cc2485ba-0541-409f-b022-bb3346c0f335" testListId="8c84fa94-04c1-424b-9868-57a2d4851a1d" />
    <TestEntry testId="f166a045-f3e3-f66b-b395-0e361e37a9fe" executionId="c98d387c-aad5-4a41-b351-7e076669e3f3" testListId="8c84fa94-04c1-424b-9868-57a2d4851a1d" />
    <TestEntry testId="0461b81f-9ef8-c4ca-9df0-2eaf28bf10e0" executionId="d2ebdaff-99fa-43f0-b5b0-4b2496ad9502" testListId="8c84fa94-04c1-424b-9868-57a2d4851a1d" />
    <TestEntry testId="2e82cae1-4a04-cc61-b41b-8d1fead82e72" executionId="90e3e940-4348-4e6f-b449-251594e4a73a" testListId="8c84fa94-04c1-424b-9868-57a2d4851a1d" />
    <TestEntry testId="e5e8d614-1f1c-d660-4f2e-468f69745890" executionId="02ff55d5-2bce-48e9-b888-9be96a586278" testListId="8c84fa94-04c1-424b-9868-57a2d4851a1d" />
    <TestEntry testId="50f497cc-80ab-e360-a8c8-bf2e2dd84698" executionId="ff1cdab1-7bd4-4a00-8cfe-83b1bee63316" testListId="8c84fa94-04c1-424b-9868-57a2d4851a1d" />
    <TestEntry testId="4ac18af5-dcd0-6fcb-32ee-6714d9bb6bc1" executionId="d5c561a7-f6e6-4854-a45d-5056e5f69409" testListId="8c84fa94-04c1-424b-9868-57a2d4851a1d" />
    <TestEntry testId="a1477180-0c03-ae3a-b703-3248bd9bbe56" executionId="d326593f-98d4-45ed-b7b1-52db6e80c025" testListId="8c84fa94-04c1-424b-9868-57a2d4851a1d" />
    <TestEntry testId="efc43898-75b5-8b91-f9a9-1c01d4ce0745" executionId="2b0fb154-1fb4-4e63-9d2c-a6fb36390490" testListId="8c84fa94-04c1-424b-9868-57a2d4851a1d" />
    <TestEntry testId="cefa4e19-5590-bab1-e575-4886cc8e2a57" executionId="7714470d-c940-4e7f-b96e-c32fafdf91cf" testListId="8c84fa94-04c1-424b-9868-57a2d4851a1d" />
    <TestEntry testId="ee5a9f3c-7651-30db-e2d4-78c1cbf124fa" executionId="60defb22-186f-4126-b3c1-2c1754c3a622" testListId="8c84fa94-04c1-424b-9868-57a2d4851a1d" />
    <TestEntry testId="cac9dee8-2158-c973-652f-192379bdacee" executionId="19b49a5a-6980-4ead-ae78-c8ace2e1bcb6" testListId="8c84fa94-04c1-424b-9868-57a2d4851a1d" />
    <TestEntry testId="c95a30e8-f25a-a236-829f-271728eddca1" executionId="3043cc1b-4274-4c02-abcf-20a25462a9e9" testListId="8c84fa94-04c1-424b-9868-57a2d4851a1d" />
    <TestEntry testId="5655d584-e19e-8eef-5861-f48862292e74" executionId="2bcfaa0a-6ba7-45fe-878f-e803ce9b3a59" testListId="8c84fa94-04c1-424b-9868-57a2d4851a1d" />
    <TestEntry testId="9bb271d0-5466-cbe0-3fa2-4633de5f9669" executionId="b61c369d-390c-4441-b514-514347099de2" testListId="8c84fa94-04c1-424b-9868-57a2d4851a1d" />
    <TestEntry testId="e92fc10c-fb30-b21b-1115-fcf7253c35aa" executionId="2c592763-4060-4862-a1e6-4c2fb7787e36" testListId="8c84fa94-04c1-424b-9868-57a2d4851a1d" />
    <TestEntry testId="7966242b-d974-0b64-c59c-d020dbb5e761" executionId="9b1ff8cd-f100-400a-bae1-2b5bb29362f8" testListId="8c84fa94-04c1-424b-9868-57a2d4851a1d" />
    <TestEntry testId="9aae1dad-0c68-f480-1b3c-ff63f29ca930" executionId="16b2b363-68fc-42e0-94fd-071cb96bb87b" testListId="8c84fa94-04c1-424b-9868-57a2d4851a1d" />
    <TestEntry testId="0a07aa18-e58f-69f9-ea5c-287ee69f5e50" executionId="e4ee4766-94c6-45b5-92d4-15710ba70625" testListId="8c84fa94-04c1-424b-9868-57a2d4851a1d" />
    <TestEntry testId="32236db3-5b10-cb60-6710-e897f6895176" executionId="c47494fe-80d0-4a80-8be5-da7c58651dbb" testListId="8c84fa94-04c1-424b-9868-57a2d4851a1d" />
    <TestEntry testId="fd7e494d-611e-bfc7-6e2e-0b9aa90132e4" executionId="dacb309c-d44a-4cc4-bbd6-7a4c98a61000" testListId="8c84fa94-04c1-424b-9868-57a2d4851a1d" />
    <TestEntry testId="6891dd0b-bc83-91a2-f4f1-c5967c7b6b38" executionId="8a854cd6-7bfd-4eea-b330-ab7d193c7a39" testListId="8c84fa94-04c1-424b-9868-57a2d4851a1d" />
    <TestEntry testId="17ab976d-ec81-d8a4-0dca-8954c371741a" executionId="773b1cd1-0abd-4e71-b990-4d33873c61d1" testListId="8c84fa94-04c1-424b-9868-57a2d4851a1d" />
    <TestEntry testId="72723df0-292b-813b-6a25-bd4b93301bd7" executionId="41ec07b6-1d10-4e77-b1d4-c945d11ea6f1" testListId="8c84fa94-04c1-424b-9868-57a2d4851a1d" />
    <TestEntry testId="27bd9190-4948-ce5f-e027-af484941e259" executionId="afb4672a-adfc-4d00-b006-2c2ecedafc8c" testListId="8c84fa94-04c1-424b-9868-57a2d4851a1d" />
    <TestEntry testId="fdfbeb7c-11b3-3beb-c55a-8ea097db63c8" executionId="b47524ed-0668-48aa-83aa-1cedd7f90a4d" testListId="8c84fa94-04c1-424b-9868-57a2d4851a1d" />
    <TestEntry testId="2e11bbad-a552-5219-226e-7056b5ce7697" executionId="28da3d94-f763-4009-8f81-173fdc0c625b" testListId="8c84fa94-04c1-424b-9868-57a2d4851a1d" />
    <TestEntry testId="4b4812c6-0d0a-0ab1-819c-d86e04dc55c7" executionId="c354ceab-d2e5-4d59-adbe-0322dcf274a2" testListId="8c84fa94-04c1-424b-9868-57a2d4851a1d" />
    <TestEntry testId="fba16ff8-1dd9-2338-6b6e-5a87d4c6c9ea" executionId="55b7b934-7ab0-47cd-889a-b152463548d5" testListId="8c84fa94-04c1-424b-9868-57a2d4851a1d" />
    <TestEntry testId="809036b5-9cfc-f4b2-5ff3-932e18c30f49" executionId="2a5adf65-02f4-4c10-b10d-f427f8dd4129" testListId="8c84fa94-04c1-424b-9868-57a2d4851a1d" />
    <TestEntry testId="d7c9cab3-c1c9-6386-177d-a619c09ea26e" executionId="fc9de513-bc11-437e-98c6-ea2698395075" testListId="8c84fa94-04c1-424b-9868-57a2d4851a1d" />
    <TestEntry testId="662c26bc-d19f-881f-5a3b-3b472bcbec47" executionId="eeae8856-8fee-4d40-b510-aaae6b1c94a2" testListId="8c84fa94-04c1-424b-9868-57a2d4851a1d" />
    <TestEntry testId="7fec68fb-a3c3-9ad7-9647-5083ca2a9c0b" executionId="f3ce9c2c-1063-4212-9e04-944f3c799471" testListId="8c84fa94-04c1-424b-9868-57a2d4851a1d" />
    <TestEntry testId="fd159612-71b0-b743-33dd-3f4e86b87698" executionId="7b8361ea-e767-4f3d-82c5-96437bc2d289" testListId="8c84fa94-04c1-424b-9868-57a2d4851a1d" />
    <TestEntry testId="349de77d-bf20-d1d2-ca58-ede03ea4c589" executionId="f7b8047e-5f35-4116-9432-ea9f57a016e7" testListId="8c84fa94-04c1-424b-9868-57a2d4851a1d" />
    <TestEntry testId="082c7339-7cc5-7c47-9922-763ff1cc2ed7" executionId="3620ff60-8903-42b1-935e-e4c6ffbfa574" testListId="8c84fa94-04c1-424b-9868-57a2d4851a1d" />
    <TestEntry testId="f8e840e4-fd18-1301-16a5-670948fb1fdc" executionId="88a2efec-6c29-461b-b4e4-a6330210cd45" testListId="8c84fa94-04c1-424b-9868-57a2d4851a1d" />
    <TestEntry testId="9d4d20ed-7122-1fba-7a07-68a842a1262a" executionId="08a34473-e8a9-4de8-a7ed-2dd9079730bd" testListId="8c84fa94-04c1-424b-9868-57a2d4851a1d" />
    <TestEntry testId="0e5f0a2e-368e-2490-7e26-f608a8254523" executionId="6b179558-218a-49a1-b3e4-29bdddcfbcaa" testListId="8c84fa94-04c1-424b-9868-57a2d4851a1d" />
    <TestEntry testId="875088e7-68b6-f6e0-6a32-f2b4ed4c14b4" executionId="f5d55ba4-cc4a-4eed-9912-75320a13df0c" testListId="8c84fa94-04c1-424b-9868-57a2d4851a1d" />
    <TestEntry testId="9cc5d565-f73b-a443-f68b-1e5854b6792c" executionId="f0b98d68-fc66-4dfc-832b-f5afef3f375c" testListId="8c84fa94-04c1-424b-9868-57a2d4851a1d" />
    <TestEntry testId="7d736325-4dd1-ff28-0317-4dd9055f7865" executionId="18d75ef7-8cc1-4d91-a327-8ddff6142b68" testListId="8c84fa94-04c1-424b-9868-57a2d4851a1d" />
    <TestEntry testId="7b09c487-2fe1-4c0e-946d-ca6cc6caff6f" executionId="7a5ccd83-5218-495f-bb04-af7d72af5af1" testListId="8c84fa94-04c1-424b-9868-57a2d4851a1d" />
    <TestEntry testId="bc21ff58-3b14-8973-0b02-2b4d21113581" executionId="fdcc3cb4-390d-4330-b0a9-c1df9d1dd543" testListId="8c84fa94-04c1-424b-9868-57a2d4851a1d" />
    <TestEntry testId="a61cd15d-d694-4217-2314-94a75d5fde5d" executionId="9c6d2281-1527-4e2e-afb0-dbee3ebd3e40" testListId="8c84fa94-04c1-424b-9868-57a2d4851a1d" />
    <TestEntry testId="fb7d87eb-067f-4711-53f9-9139d33021bd" executionId="11ee923a-e017-487e-9bcd-d2e580cb972d" testListId="8c84fa94-04c1-424b-9868-57a2d4851a1d" />
    <TestEntry testId="809dc7a8-ce61-aa44-fca3-16b8d5b0ec1d" executionId="c91d7836-0b70-46c7-b3dc-7324df19f2e7" testListId="8c84fa94-04c1-424b-9868-57a2d4851a1d" />
    <TestEntry testId="79714c50-5eb1-d5d1-b32a-c7f10cf6fbe7" executionId="b22ea341-20f4-4946-95da-a43781eefedd" testListId="8c84fa94-04c1-424b-9868-57a2d4851a1d" />
    <TestEntry testId="90b2e005-acc5-1d6c-5a43-a78c5ff76120" executionId="d8b7766d-b4c3-43fe-90ed-21839d043f2f" testListId="8c84fa94-04c1-424b-9868-57a2d4851a1d" />
    <TestEntry testId="689ffc80-ae01-18fa-b138-8bae52645615" executionId="e3866d10-5f57-44c3-8cf2-b66e40a05efc" testListId="8c84fa94-04c1-424b-9868-57a2d4851a1d" />
    <TestEntry testId="ad289964-2943-3eb9-099e-d632a52a571e" executionId="fffc5b06-96ad-425b-b672-d56e52171acc" testListId="8c84fa94-04c1-424b-9868-57a2d4851a1d" />
    <TestEntry testId="da11a2eb-6208-4f87-a0ec-cc4f270b7396" executionId="ffb942a2-ff1b-442e-82d7-e433cf6659f7" testListId="8c84fa94-04c1-424b-9868-57a2d4851a1d" />
    <TestEntry testId="b019235f-b6d9-c1e6-9ed6-84d1850247d9" executionId="9c809572-ac85-4f3b-af19-766ffc0f63c0" testListId="8c84fa94-04c1-424b-9868-57a2d4851a1d" />
    <TestEntry testId="c636ae84-7c6c-cc08-2935-5ac732a93a48" executionId="7d41c028-dacc-4342-8409-ad55b75370f7" testListId="8c84fa94-04c1-424b-9868-57a2d4851a1d" />
    <TestEntry testId="99231236-53fd-bcc2-b2f1-35bf8c9f2cee" executionId="cc46a3df-857d-4acf-b388-0838e73b8227" testListId="8c84fa94-04c1-424b-9868-57a2d4851a1d" />
    <TestEntry testId="c2a6d61d-4f19-2ce9-e980-ef896a04601b" executionId="6645a07a-ca9a-4107-ad36-e9d3e6ecf066" testListId="8c84fa94-04c1-424b-9868-57a2d4851a1d" />
    <TestEntry testId="13b7e519-447e-5e0e-9a3c-3c3335bd94f7" executionId="d4f2f0be-95bc-4c42-8e25-7aa1979fee11" testListId="8c84fa94-04c1-424b-9868-57a2d4851a1d" />
    <TestEntry testId="e08737b9-1fe6-529d-d946-521023a440a3" executionId="37ca0c4e-764d-4cdd-be8c-ea0d4b4411f8" testListId="8c84fa94-04c1-424b-9868-57a2d4851a1d" />
    <TestEntry testId="8c4dc4e0-e4dd-8342-9276-c69c90a367a4" executionId="0e685302-6dfd-4b07-85f3-a1872e2a3e47" testListId="8c84fa94-04c1-424b-9868-57a2d4851a1d" />
    <TestEntry testId="7f0a7865-cba7-e81e-fef8-04d0bb1f3e03" executionId="ad94f694-cc5c-4618-90e4-2b3384806e12" testListId="8c84fa94-04c1-424b-9868-57a2d4851a1d" />
    <TestEntry testId="a2a392f4-9208-dadc-b9c5-6bcf7141eeef" executionId="413efbe7-a5ad-4823-88a2-76e2ff7a2dae" testListId="8c84fa94-04c1-424b-9868-57a2d4851a1d" />
    <TestEntry testId="352e150b-24db-9a0c-6e6c-53d48231945d" executionId="c8f944de-0893-4bf3-94f9-f37ed0c971cb" testListId="8c84fa94-04c1-424b-9868-57a2d4851a1d" />
    <TestEntry testId="55bb454f-9cea-2d0c-9de8-1082887d5477" executionId="db30a671-3f51-40b5-9c25-3b0f5d0c3313" testListId="8c84fa94-04c1-424b-9868-57a2d4851a1d" />
    <TestEntry testId="cd080ca0-655a-7010-db17-2d5a58bf5cf8" executionId="4cf9d737-7603-4a1c-89d5-acb3a3d7234d" testListId="8c84fa94-04c1-424b-9868-57a2d4851a1d" />
    <TestEntry testId="a3b4422f-6936-c141-3538-498b4226ec66" executionId="1bb2b516-ac9e-4004-9569-dad41c577ac5" testListId="8c84fa94-04c1-424b-9868-57a2d4851a1d" />
    <TestEntry testId="9c62c3e7-261f-d123-cce8-f248d6add621" executionId="22c8ea96-4cb5-43ef-8d07-965eeb0679e9" testListId="8c84fa94-04c1-424b-9868-57a2d4851a1d" />
    <TestEntry testId="46d28ad6-deb4-09da-ed2b-bf5fc6628fc8" executionId="c58cf9a8-4d64-4beb-9525-b25bce1fa985" testListId="8c84fa94-04c1-424b-9868-57a2d4851a1d" />
    <TestEntry testId="1cc79c2e-0aac-d055-10df-3245802c9312" executionId="5aaf8f0d-3cdb-4a45-a41b-de1832a96cc4" testListId="8c84fa94-04c1-424b-9868-57a2d4851a1d" />
    <TestEntry testId="00c9367a-dbeb-babf-2048-916d2acdf4f7" executionId="f039ecb4-1998-42db-b2f1-8419e178b5f8" testListId="8c84fa94-04c1-424b-9868-57a2d4851a1d" />
    <TestEntry testId="77fd3bc3-ca21-2bf7-1001-7b2d3bf56275" executionId="0231016d-8d1d-4261-88d6-eb42fb4a542a" testListId="8c84fa94-04c1-424b-9868-57a2d4851a1d" />
    <TestEntry testId="1e875ee1-ba06-caaa-f566-d5714d44dd68" executionId="a23eaf77-21b6-46ce-967e-5289d28aecd5" testListId="8c84fa94-04c1-424b-9868-57a2d4851a1d" />
    <TestEntry testId="9088f3dd-8dc4-c819-5b3a-457dd18ba798" executionId="c9598987-135a-4e62-a86f-8a7f772d5f2a" testListId="8c84fa94-04c1-424b-9868-57a2d4851a1d" />
    <TestEntry testId="952c328e-00b2-fcd1-1c6a-978b594935a5" executionId="df267901-faa8-4994-bddd-24e606869cf9" testListId="8c84fa94-04c1-424b-9868-57a2d4851a1d" />
    <TestEntry testId="c596a6e3-f667-1ce9-a00b-5dac9db1c828" executionId="f507a00c-99a8-4332-a2b5-64820e5b5e0e" testListId="8c84fa94-04c1-424b-9868-57a2d4851a1d" />
    <TestEntry testId="700b7243-2131-0478-6625-11e19a3b6196" executionId="13992f13-7323-424d-aa58-c6ef0dbed66d" testListId="8c84fa94-04c1-424b-9868-57a2d4851a1d" />
    <TestEntry testId="5f3f9071-e72d-11e5-cfb2-09f868e8c2eb" executionId="00b6e4f8-dcc6-43c8-b4e9-6c6630b04de1" testListId="8c84fa94-04c1-424b-9868-57a2d4851a1d" />
    <TestEntry testId="18bc6132-d4be-24ab-ba89-49edeb609383" executionId="a0c27191-5b17-452e-8246-41e319e368bf" testListId="8c84fa94-04c1-424b-9868-57a2d4851a1d" />
    <TestEntry testId="ed66a6cc-b05f-6df5-3242-4686b5f5f796" executionId="0f443f35-cecc-4624-909f-542ef54b6f67" testListId="8c84fa94-04c1-424b-9868-57a2d4851a1d" />
    <TestEntry testId="ca67437b-73b8-ceef-9445-52b4b58e5290" executionId="c84aae49-75b1-4894-9b56-46f8dd07db6e" testListId="8c84fa94-04c1-424b-9868-57a2d4851a1d" />
    <TestEntry testId="84c2e018-bfdb-d939-f8a3-ac81ef51563a" executionId="c1b277d7-aba1-48c3-8b1a-f2bb6170d223" testListId="8c84fa94-04c1-424b-9868-57a2d4851a1d" />
    <TestEntry testId="326669d6-1df5-ae8b-ecc8-21a451cb99e7" executionId="bcfc2de3-0be2-4ac8-83a5-cd9146d697cd" testListId="8c84fa94-04c1-424b-9868-57a2d4851a1d" />
    <TestEntry testId="cc1e114a-7a5b-882e-d4e9-1afd637fbbff" executionId="bd2a0bac-eae4-48ad-b3bf-72064272c2bb" testListId="8c84fa94-04c1-424b-9868-57a2d4851a1d" />
    <TestEntry testId="98abf001-8325-724b-3646-dcd498785d7a" executionId="212c4392-f930-4ec5-9c25-8ae0e0aebf8d" testListId="8c84fa94-04c1-424b-9868-57a2d4851a1d" />
    <TestEntry testId="3f6eb43b-0967-1e14-7b80-9a15a48c8d89" executionId="55ca95d2-8d96-4819-9830-2aba8603fb94" testListId="8c84fa94-04c1-424b-9868-57a2d4851a1d" />
    <TestEntry testId="4807b0ac-94b7-616f-4738-4843ed0f0eae" executionId="3f8329d2-5269-4a99-ae34-f2da3e9d9566" testListId="8c84fa94-04c1-424b-9868-57a2d4851a1d" />
    <TestEntry testId="82727f2a-6150-fc24-7a49-51f80cdb4987" executionId="6ad7a104-8b6b-4902-a6b2-a42d17f21e7d" testListId="8c84fa94-04c1-424b-9868-57a2d4851a1d" />
    <TestEntry testId="6d95c5f4-22d9-e776-2353-03f6df58ff86" executionId="02d89b45-d377-407a-a9ca-8f1553e2f328" testListId="8c84fa94-04c1-424b-9868-57a2d4851a1d" />
    <TestEntry testId="051d2aec-46df-a900-8843-4b0d6b05afb0" executionId="56e2edda-fa29-4caa-806b-7f70275edf78" testListId="8c84fa94-04c1-424b-9868-57a2d4851a1d" />
    <TestEntry testId="853ac102-a930-910d-cb4b-4b005698cc6d" executionId="d383b58b-f9c1-45bc-897f-68bcf3934672" testListId="8c84fa94-04c1-424b-9868-57a2d4851a1d" />
    <TestEntry testId="47ca7fad-29cc-f160-b547-703391f4c7c1" executionId="e7c7f7f5-6eac-4158-9817-0f5f6c6e2e82" testListId="8c84fa94-04c1-424b-9868-57a2d4851a1d" />
    <TestEntry testId="8b3a9ffa-bc6d-bbe3-14b1-e8f5717a3826" executionId="a38f5bf3-277a-496a-acbb-9839933b941d" testListId="8c84fa94-04c1-424b-9868-57a2d4851a1d" />
    <TestEntry testId="9f99169d-223d-c18b-81c1-2a4fc7718ff4" executionId="e43c79a8-75eb-485f-bd05-41b5af155f32" testListId="8c84fa94-04c1-424b-9868-57a2d4851a1d" />
    <TestEntry testId="c172ec41-53cc-73e3-6f28-d49974dc4c14" executionId="ad391830-a2cb-4d87-832e-141064dd686f" testListId="8c84fa94-04c1-424b-9868-57a2d4851a1d" />
    <TestEntry testId="f5fdd381-1fe6-8dbf-3d15-553d9c5900b7" executionId="cbd3dc38-f55c-4dee-b0f1-bade5332043c" testListId="8c84fa94-04c1-424b-9868-57a2d4851a1d" />
    <TestEntry testId="a63a9b99-cb84-bafc-6c65-02b668a630ec" executionId="e6bf1bd0-7370-4bae-8dc8-85ff9c6f22ff" testListId="8c84fa94-04c1-424b-9868-57a2d4851a1d" />
    <TestEntry testId="e09e8dca-38a8-b253-db1d-83696b91edf1" executionId="b4da94fd-4975-4759-98b0-476802cedf53" testListId="8c84fa94-04c1-424b-9868-57a2d4851a1d" />
    <TestEntry testId="70220e49-de77-3dca-1307-614c51c1863d" executionId="da007c33-a850-4794-84fc-b5e580ada47b" testListId="8c84fa94-04c1-424b-9868-57a2d4851a1d" />
    <TestEntry testId="a354306d-3554-d7a5-2e85-7b50f1eade92" executionId="68247e98-4de7-4ee8-a816-5e9a29176660" testListId="8c84fa94-04c1-424b-9868-57a2d4851a1d" />
    <TestEntry testId="66b442d3-e450-79e0-60a2-bc39ce3f8d01" executionId="cf2f6c3e-dc1a-4144-a0d7-f26ff2c254de" testListId="8c84fa94-04c1-424b-9868-57a2d4851a1d" />
    <TestEntry testId="c135c7cb-6cf0-c617-c56f-13200e918382" executionId="a5a6a3dd-6973-44ae-848d-b78df492f279" testListId="8c84fa94-04c1-424b-9868-57a2d4851a1d" />
    <TestEntry testId="b23a438d-564b-243a-5eff-75fb6294a6ff" executionId="0fa7856f-9782-4fb6-bec4-602bbb677869" testListId="8c84fa94-04c1-424b-9868-57a2d4851a1d" />
    <TestEntry testId="c08f4ceb-c90f-e1d8-5be1-f089fb0fb815" executionId="83cbfe81-2994-4a2c-9a9c-4f9e150572dd" testListId="8c84fa94-04c1-424b-9868-57a2d4851a1d" />
    <TestEntry testId="3ae9efa9-0f57-fd3d-f153-53ac3fa0c046" executionId="7d7db9ce-dbfe-47fc-9ef8-4e129339a90f" testListId="8c84fa94-04c1-424b-9868-57a2d4851a1d" />
    <TestEntry testId="06ae0461-9d74-dd4d-90dc-a32067cf74a2" executionId="3f88523c-580d-4dd1-bb77-b8977c90c9b4" testListId="8c84fa94-04c1-424b-9868-57a2d4851a1d" />
    <TestEntry testId="995b1b41-31ab-128a-aea4-2fd901ef9d76" executionId="efba822e-0bb2-4e35-8384-34e87c7d6838" testListId="8c84fa94-04c1-424b-9868-57a2d4851a1d" />
    <TestEntry testId="92028143-5c4d-f92e-9f1c-fab0fe4c46ea" executionId="66f4d820-b7b0-4b28-86fc-0c6135d1c88e" testListId="8c84fa94-04c1-424b-9868-57a2d4851a1d" />
    <TestEntry testId="536c7789-65f0-cc9e-9a3c-5594f88058a0" executionId="5853708e-d6e1-4357-8298-649d8e1eacad" testListId="8c84fa94-04c1-424b-9868-57a2d4851a1d" />
    <TestEntry testId="52fdf3e5-d45c-67f0-da0c-581a3ef09293" executionId="ade75332-30d6-437d-b0a0-03412c8ea1a5" testListId="8c84fa94-04c1-424b-9868-57a2d4851a1d" />
    <TestEntry testId="9632a146-a6fa-ed81-ae55-f2da442c134b" executionId="d7b60f06-9858-4cee-813f-e56265f614c4" testListId="8c84fa94-04c1-424b-9868-57a2d4851a1d" />
    <TestEntry testId="1d1c66f0-a2f8-2f67-22d7-039b57e19a76" executionId="ec70cc4e-57a0-4d25-a120-6eb4b11e04a7" testListId="8c84fa94-04c1-424b-9868-57a2d4851a1d" />
    <TestEntry testId="c74913f5-c1ba-6065-4362-e98345b9f046" executionId="8122aab6-4850-4aa6-8df3-943536d3c401" testListId="8c84fa94-04c1-424b-9868-57a2d4851a1d" />
    <TestEntry testId="714bb07d-6f85-d601-64dc-8a3200fea50a" executionId="59a570ef-9aa5-40d3-87c5-526fcd1f84bc" testListId="8c84fa94-04c1-424b-9868-57a2d4851a1d" />
    <TestEntry testId="be81fa0c-04e5-7399-ab09-abd6ced13edd" executionId="3f41ad1f-11fc-4501-a62a-e73497e30d42" testListId="8c84fa94-04c1-424b-9868-57a2d4851a1d" />
    <TestEntry testId="91b2e486-f476-2fce-3021-5f3f62d6ec99" executionId="f08c443e-3e41-4b24-b904-56847111d7c6" testListId="8c84fa94-04c1-424b-9868-57a2d4851a1d" />
    <TestEntry testId="3ca499ad-79a2-a4fc-016a-09cb45b7be8b" executionId="4a94a3a5-ca2c-490d-b7ec-ad6c4062a846" testListId="8c84fa94-04c1-424b-9868-57a2d4851a1d" />
    <TestEntry testId="645453de-3af8-5680-24b6-9a48f0ec9ad1" executionId="3e392535-4c43-4f7d-a019-1b06ef2a494c" testListId="8c84fa94-04c1-424b-9868-57a2d4851a1d" />
    <TestEntry testId="2116128f-bd05-d04d-944b-ae686315656e" executionId="22b4495c-b941-4cbb-81be-780915c1b82b" testListId="8c84fa94-04c1-424b-9868-57a2d4851a1d" />
    <TestEntry testId="fe492bb4-196c-30bb-1de0-08ba17379422" executionId="c8ac6a18-7982-4bc7-8057-72247f797969" testListId="8c84fa94-04c1-424b-9868-57a2d4851a1d" />
    <TestEntry testId="cb4b0772-9322-b512-e163-7e2405e65afb" executionId="70aaae6e-6396-41fb-8e09-48a3c5aefb3c" testListId="8c84fa94-04c1-424b-9868-57a2d4851a1d" />
    <TestEntry testId="0feabef6-a770-66f9-4f17-2499656ced96" executionId="81d5aac7-1e42-4bd5-8683-346fa2fde0b4" testListId="8c84fa94-04c1-424b-9868-57a2d4851a1d" />
    <TestEntry testId="dd927e15-9c1a-2c89-1c91-207f0d0e1885" executionId="3d7811f8-41bd-43e9-a2c8-94b939434fc7" testListId="8c84fa94-04c1-424b-9868-57a2d4851a1d" />
    <TestEntry testId="9bddd9ee-d50f-982a-0247-909118f3a809" executionId="69bae468-7dc0-4c2b-b4a8-eebf7dcfb520" testListId="8c84fa94-04c1-424b-9868-57a2d4851a1d" />
    <TestEntry testId="f75d3395-7975-98cd-c26f-7f15f3350ea8" executionId="d5204106-cad5-4fd2-a5d6-7c6461789159" testListId="8c84fa94-04c1-424b-9868-57a2d4851a1d" />
    <TestEntry testId="9426df83-15fa-eb90-64ac-269d710dfca2" executionId="c09624fc-46d2-4789-a1e8-8175a30efc28" testListId="8c84fa94-04c1-424b-9868-57a2d4851a1d" />
    <TestEntry testId="c0bebc5f-e62c-cb07-513e-8a2cbcedc92a" executionId="7897334b-bb69-44a8-b092-7bba1f13aec5" testListId="8c84fa94-04c1-424b-9868-57a2d4851a1d" />
    <TestEntry testId="4b34b8a9-be9f-e614-67a3-d646e0b0a9ef" executionId="47805463-632a-4ab6-9584-833ccd2e1ed2" testListId="8c84fa94-04c1-424b-9868-57a2d4851a1d" />
    <TestEntry testId="80c59539-1248-8085-a707-e41b5a0d5237" executionId="59a79f71-d01f-4910-8b77-ff3133c84bc9" testListId="8c84fa94-04c1-424b-9868-57a2d4851a1d" />
    <TestEntry testId="bbf16cbc-6612-ff34-30a2-1ede195f818c" executionId="24e28afe-277f-4849-b382-859ec9dd5e45" testListId="8c84fa94-04c1-424b-9868-57a2d4851a1d" />
    <TestEntry testId="e268b3c0-20a8-47d4-74ce-4367ac595cc9" executionId="9292ff49-6071-4dea-bc37-3e389d35258c" testListId="8c84fa94-04c1-424b-9868-57a2d4851a1d" />
    <TestEntry testId="6230eb1f-0fa8-af17-a896-736e6e5512eb" executionId="3ef5c7b0-2453-4c06-8913-3bd151f48de4" testListId="8c84fa94-04c1-424b-9868-57a2d4851a1d" />
    <TestEntry testId="c45a225d-5f7b-8685-de59-ffcb22ada015" executionId="ab59086a-843d-44ef-9ad6-09d1867f64c9" testListId="8c84fa94-04c1-424b-9868-57a2d4851a1d" />
    <TestEntry testId="28d5663d-76d1-0add-7ee1-80f8978fd5b0" executionId="27126d3c-747e-4e97-b7d4-5eb4923e0e7f" testListId="8c84fa94-04c1-424b-9868-57a2d4851a1d" />
    <TestEntry testId="80affa90-a1cc-ad37-27a1-45c35a04f9bd" executionId="3f5f236c-0575-4879-a926-2da9769e67cd" testListId="8c84fa94-04c1-424b-9868-57a2d4851a1d" />
    <TestEntry testId="dd19c9f9-18aa-a808-174b-881674af5471" executionId="dc651270-0917-4f98-9107-9d7215601cab" testListId="8c84fa94-04c1-424b-9868-57a2d4851a1d" />
    <TestEntry testId="0dbd7403-9dd6-4dff-a0e3-46bbd75cf75e" executionId="73ef19a2-d528-4ad6-b200-12cc46849ba2" testListId="8c84fa94-04c1-424b-9868-57a2d4851a1d" />
    <TestEntry testId="96c73f9f-94e0-7dbe-be67-3a4c7db52436" executionId="893f85f6-a018-4b2a-906b-21b42d4c00fb" testListId="8c84fa94-04c1-424b-9868-57a2d4851a1d" />
    <TestEntry testId="b7ac8b6b-7155-d77c-cc18-eb6e6aff73b4" executionId="2dc0060e-cfcc-48df-8097-6337e7072b02" testListId="8c84fa94-04c1-424b-9868-57a2d4851a1d" />
    <TestEntry testId="3263c152-da27-ad6c-a526-b9eabbfeaedd" executionId="4913bf5d-72f9-48b6-8fd6-828cdb33d54a" testListId="8c84fa94-04c1-424b-9868-57a2d4851a1d" />
    <TestEntry testId="6d1bb024-6f99-7210-a639-ebc6c7f528df" executionId="6565f7f2-7e5e-4c34-905e-8229097e7da9" testListId="8c84fa94-04c1-424b-9868-57a2d4851a1d" />
    <TestEntry testId="f4e1ac4c-c96e-4d89-9674-af16364cc8fb" executionId="8263bb8d-d738-4993-886c-cdaae5b27aa3" testListId="8c84fa94-04c1-424b-9868-57a2d4851a1d" />
    <TestEntry testId="15d01901-447d-0737-a91d-9bfaf7e6c85e" executionId="4a230ade-3490-4fbf-990a-c0eb7aee0147" testListId="8c84fa94-04c1-424b-9868-57a2d4851a1d" />
    <TestEntry testId="54a5bf8c-3322-8eb7-8f1d-05b3d0308872" executionId="fac32b2a-0100-439f-aac5-2deac8d3004b" testListId="8c84fa94-04c1-424b-9868-57a2d4851a1d" />
    <TestEntry testId="37a99259-be0e-2d37-bce1-b438fd5cc781" executionId="26fe8663-15fa-4f24-87a1-ee12b5e092f3" testListId="8c84fa94-04c1-424b-9868-57a2d4851a1d" />
    <TestEntry testId="1469177e-21fb-2cad-8783-0585c25d35e7" executionId="bb2c87d6-3012-45ae-b939-7decb62fecac" testListId="8c84fa94-04c1-424b-9868-57a2d4851a1d" />
    <TestEntry testId="5baeedab-e797-7b40-a6ae-834a7cc350ea" executionId="17c8be8b-c19d-4c77-8f19-fb55b7953abb" testListId="8c84fa94-04c1-424b-9868-57a2d4851a1d" />
    <TestEntry testId="2a3b49f1-8eff-a750-af47-87580658dad3" executionId="94f3c166-99d9-49ee-a40d-e4b7944df000" testListId="8c84fa94-04c1-424b-9868-57a2d4851a1d" />
    <TestEntry testId="b798cb2c-7dd9-9186-45a2-73058772e102" executionId="a40c06c2-9379-45ca-bd05-632e80a749d5" testListId="8c84fa94-04c1-424b-9868-57a2d4851a1d" />
    <TestEntry testId="28035d2e-eb28-2623-1fa1-fdbd34dbc94b" executionId="e07ae28b-13e6-4b43-8795-5fdba602c3ab" testListId="8c84fa94-04c1-424b-9868-57a2d4851a1d" />
    <TestEntry testId="1cddb1c6-2737-cdb0-f6ab-72a1d1eec2bf" executionId="e8dd4a51-c407-47c5-bb16-8b6c03368af7" testListId="8c84fa94-04c1-424b-9868-57a2d4851a1d" />
    <TestEntry testId="ee765a9d-2af9-df39-3d95-52ab4c9dda25" executionId="60b7f743-0dd7-4ac4-92f4-20a8f36681da" testListId="8c84fa94-04c1-424b-9868-57a2d4851a1d" />
    <TestEntry testId="dbdf77cb-29a2-b577-cb96-dbfdcd5991c5" executionId="e9831601-0f7e-40ea-be87-63e6e1cee26f" testListId="8c84fa94-04c1-424b-9868-57a2d4851a1d" />
    <TestEntry testId="d6cd9f0e-db54-6a7f-25c6-c577ea5412aa" executionId="859c459d-e016-471a-a939-ae983ac6a485" testListId="8c84fa94-04c1-424b-9868-57a2d4851a1d" />
    <TestEntry testId="d7840737-7c8f-bc7b-3fd1-dc1ce4501a1b" executionId="e0f5c063-7f0e-43d0-89ec-dce006f578a6" testListId="8c84fa94-04c1-424b-9868-57a2d4851a1d" />
    <TestEntry testId="63b798a9-ff20-3cfc-6009-707250402baa" executionId="e40aadd6-3304-4174-9b0f-80cb825f4bcb" testListId="8c84fa94-04c1-424b-9868-57a2d4851a1d" />
    <TestEntry testId="ed5d5abb-6d54-799d-7be4-f374cad9b015" executionId="b6c2ddd8-2fe7-4ef8-a7c1-3cd384e52eae" testListId="8c84fa94-04c1-424b-9868-57a2d4851a1d" />
    <TestEntry testId="92ff6d93-c925-b3b6-824d-6b4e430f0703" executionId="c0305c6f-f158-445b-990d-508066f0b463" testListId="8c84fa94-04c1-424b-9868-57a2d4851a1d" />
    <TestEntry testId="8ce34ccd-a3ff-74e1-2c20-e6cd5611ebce" executionId="f6775cb4-551a-48d5-83d8-bf62711bc7fb" testListId="8c84fa94-04c1-424b-9868-57a2d4851a1d" />
    <TestEntry testId="785dc9f4-be06-efe4-aa9b-c29866d4a494" executionId="f87921b3-0a8b-4e49-9464-279b931a1ecf" testListId="8c84fa94-04c1-424b-9868-57a2d4851a1d" />
    <TestEntry testId="2a7dc3b8-0735-5975-df64-9fd05b060591" executionId="730d57fb-77f8-40bf-863f-83a2567eb675" testListId="8c84fa94-04c1-424b-9868-57a2d4851a1d" />
    <TestEntry testId="a89bd473-283b-555c-2eda-f2d076a10703" executionId="77912680-9be7-4dae-8a10-3567105160e9" testListId="8c84fa94-04c1-424b-9868-57a2d4851a1d" />
    <TestEntry testId="abeb1545-7e38-cd9f-897f-dd86c83fc793" executionId="9ec3e90f-ef1a-4148-9b83-03b8c0244f15" testListId="8c84fa94-04c1-424b-9868-57a2d4851a1d" />
    <TestEntry testId="3a0d195e-cbff-df92-9494-c6e926df71b2" executionId="a0e5dc18-8c80-4811-9978-d280f618be66" testListId="8c84fa94-04c1-424b-9868-57a2d4851a1d" />
    <TestEntry testId="39d1f3ab-acfa-005e-f27e-c324d815f97b" executionId="b7b5bd24-5604-4497-983f-31c2522f9382" testListId="8c84fa94-04c1-424b-9868-57a2d4851a1d" />
    <TestEntry testId="7888aaaa-dfdf-1e97-dcc0-e084ff4f6d57" executionId="52491af5-c342-4bca-b65a-ffec3ad47bd2" testListId="8c84fa94-04c1-424b-9868-57a2d4851a1d" />
    <TestEntry testId="0c81670c-b54e-bbca-db1f-4f3fe2275eb7" executionId="9b21265a-2add-425a-b52e-9e4a4efa9689" testListId="8c84fa94-04c1-424b-9868-57a2d4851a1d" />
    <TestEntry testId="3e9ac3fe-1069-e460-18cb-375dee03f3ab" executionId="84e60800-1220-451d-9e97-9fd8c87ea21a" testListId="8c84fa94-04c1-424b-9868-57a2d4851a1d" />
    <TestEntry testId="35ebe54b-0991-677a-a114-9e999fa4c9ed" executionId="4943315e-610a-495f-b7ff-80bc7b660944" testListId="8c84fa94-04c1-424b-9868-57a2d4851a1d" />
    <TestEntry testId="b42a90cd-c7db-8045-b783-42cfcb6d58b1" executionId="34fd2eda-94fe-4667-b43c-c5da1feb824d" testListId="8c84fa94-04c1-424b-9868-57a2d4851a1d" />
    <TestEntry testId="2f040462-f386-fa17-cea6-542b7f377e87" executionId="aa23be9d-600f-4f8f-96e7-9c9066dca160" testListId="8c84fa94-04c1-424b-9868-57a2d4851a1d" />
    <TestEntry testId="b3289586-16e2-de14-36e6-635c5a01a2a7" executionId="004695c7-15d3-4861-b15e-e7a249baf13d" testListId="8c84fa94-04c1-424b-9868-57a2d4851a1d" />
    <TestEntry testId="f096824d-40cd-717f-e88d-86435808c17f" executionId="7c249e54-16e9-4869-aac2-f8ca73af11a0" testListId="8c84fa94-04c1-424b-9868-57a2d4851a1d" />
    <TestEntry testId="8da97cd2-880c-f4d0-fc40-f3e35ed402f2" executionId="04ce45e7-06b1-41b4-b1c3-666f8b89a5f8" testListId="8c84fa94-04c1-424b-9868-57a2d4851a1d" />
    <TestEntry testId="2fcdfbf0-8e6e-d5cd-3a26-45ff947f28f9" executionId="035dbe11-237e-4a2e-b2ca-6b2068a2166e" testListId="8c84fa94-04c1-424b-9868-57a2d4851a1d" />
    <TestEntry testId="261da64a-35d8-fc7c-9d86-4d9bc391b081" executionId="aa8d03f4-e70b-4c3c-911b-1ac2e7657708" testListId="8c84fa94-04c1-424b-9868-57a2d4851a1d" />
    <TestEntry testId="e57af493-2346-52f4-cc88-1804a63fe825" executionId="318a3b8c-bff9-4813-a3d2-ae282aba3495" testListId="8c84fa94-04c1-424b-9868-57a2d4851a1d" />
    <TestEntry testId="d92d8cf9-a667-6491-f73f-b1bfb0d022ec" executionId="1779ecd9-c9a4-40ac-94e8-ad0ed41e8dc6" testListId="8c84fa94-04c1-424b-9868-57a2d4851a1d" />
    <TestEntry testId="cccd6b29-c0bb-520c-ad4f-12b880e60af8" executionId="818d4f32-e512-40e6-ac53-bf8374d0fc7a" testListId="8c84fa94-04c1-424b-9868-57a2d4851a1d" />
    <TestEntry testId="aaae3d70-046d-f051-b5b4-eb62d01ad4bf" executionId="6e9246af-f585-461c-9c79-acc34f65b948" testListId="8c84fa94-04c1-424b-9868-57a2d4851a1d" />
    <TestEntry testId="0c94a7d8-eb7f-8919-c44f-e9081f669d04" executionId="e35a57ef-26d0-47db-8a0b-b5761da9e087" testListId="8c84fa94-04c1-424b-9868-57a2d4851a1d" />
    <TestEntry testId="e2ae9a98-04d2-06b2-1d1e-1288e302b2f5" executionId="5e5e13a0-7a6d-429f-ba16-ba254ebac8f9" testListId="8c84fa94-04c1-424b-9868-57a2d4851a1d" />
    <TestEntry testId="cff6766d-a1d5-959d-443d-276615b97e94" executionId="855a6cc3-4519-4cdd-affe-bee42fa51a1a" testListId="8c84fa94-04c1-424b-9868-57a2d4851a1d" />
    <TestEntry testId="8b8ceab0-29d2-58ce-53d0-5c811244c0d8" executionId="eb3e224f-587f-44bc-947d-7ce783eaa153" testListId="8c84fa94-04c1-424b-9868-57a2d4851a1d" />
    <TestEntry testId="ad5a0e91-8c30-5d3f-dd6a-3a5ed0699272" executionId="5169e800-dea5-4292-a792-e4f6855855fc" testListId="8c84fa94-04c1-424b-9868-57a2d4851a1d" />
    <TestEntry testId="9a50cf54-d2da-b725-6a58-109d8be2c84f" executionId="8f792b06-316a-43e5-bce7-5112f71ec230" testListId="8c84fa94-04c1-424b-9868-57a2d4851a1d" />
    <TestEntry testId="a006f8fc-4a91-b9c9-ca82-88969fd63533" executionId="fc9616bf-e32a-400d-99c5-5eff00e2297b" testListId="8c84fa94-04c1-424b-9868-57a2d4851a1d" />
    <TestEntry testId="cc7f4aa0-49ea-ec9e-9069-676b0f8bcfc6" executionId="259c836b-a868-4353-910c-87bd03a9aac1" testListId="8c84fa94-04c1-424b-9868-57a2d4851a1d" />
    <TestEntry testId="b57fa639-5fb9-0830-da2d-85c248573397" executionId="84ec28e4-35b0-4be4-8031-6e35b05220f6" testListId="8c84fa94-04c1-424b-9868-57a2d4851a1d" />
    <TestEntry testId="a13cdf1d-5ea0-e21c-19f3-f8483190ffb4" executionId="abe7514c-2afb-4b68-b697-c037ace8f3ad" testListId="8c84fa94-04c1-424b-9868-57a2d4851a1d" />
    <TestEntry testId="c4c6663c-b8b8-36ee-cc44-da0d09c1eeb5" executionId="f7a016a9-5695-470d-b63b-b45ce8391b63" testListId="8c84fa94-04c1-424b-9868-57a2d4851a1d" />
    <TestEntry testId="85f059df-ab48-015f-9079-68bce7e7081a" executionId="35726e60-2ea4-4ee3-a1ba-830d34ecc63b" testListId="8c84fa94-04c1-424b-9868-57a2d4851a1d" />
    <TestEntry testId="c958c197-9663-ac85-ff46-f793549f39b7" executionId="c1bf757a-3f2f-4414-ab14-e36e14d99ca2" testListId="8c84fa94-04c1-424b-9868-57a2d4851a1d" />
    <TestEntry testId="86d33541-0c9d-bf01-4588-941c72e5d2db" executionId="6e9db642-4228-4847-b1b8-8138435bc363" testListId="8c84fa94-04c1-424b-9868-57a2d4851a1d" />
    <TestEntry testId="29245ba5-4fb2-06bc-c20f-6cdfae14cbc2" executionId="4d9975bc-ed91-481e-b821-82edc425daba" testListId="8c84fa94-04c1-424b-9868-57a2d4851a1d" />
    <TestEntry testId="b5b533a4-53dc-72cb-3571-2d794c9a324a" executionId="8ea8248a-9fd8-4330-a467-cc86c9bae40d" testListId="8c84fa94-04c1-424b-9868-57a2d4851a1d" />
    <TestEntry testId="168656cc-c388-569b-4f5a-f872fa91fb0c" executionId="5a9ef3c5-56bb-4ddd-9a14-a140cc8dbaba" testListId="8c84fa94-04c1-424b-9868-57a2d4851a1d" />
    <TestEntry testId="762b1e7e-d51b-958a-e187-36e32a2e639a" executionId="cc93f876-93ca-462b-8a49-822f3a2f2444" testListId="8c84fa94-04c1-424b-9868-57a2d4851a1d" />
    <TestEntry testId="b4928c47-746b-0d95-a4af-76487a813ea1" executionId="061097c1-aa18-42d3-b609-e87cf2207a5f" testListId="8c84fa94-04c1-424b-9868-57a2d4851a1d" />
    <TestEntry testId="a566e3cd-a227-b21d-5140-00ed38f5b13c" executionId="116f1b89-69fa-4292-8138-0703f404710b" testListId="8c84fa94-04c1-424b-9868-57a2d4851a1d" />
    <TestEntry testId="4285ecbd-ab23-0fc3-1154-3f64e08e6358" executionId="ce885303-3661-43c8-b75e-216583f73c1a" testListId="8c84fa94-04c1-424b-9868-57a2d4851a1d" />
    <TestEntry testId="573004a9-b189-9f27-d738-0e7542d4598e" executionId="a5bc5104-c6e3-4b9e-9eca-97382d2e6586" testListId="8c84fa94-04c1-424b-9868-57a2d4851a1d" />
    <TestEntry testId="fcb9f9cb-8bff-4410-2cbd-9f2d9e730c99" executionId="5b8fff60-ca1c-4d98-97eb-978916becdf9" testListId="8c84fa94-04c1-424b-9868-57a2d4851a1d" />
    <TestEntry testId="a46eadae-e5a3-0fd4-d6c8-6fe01f360833" executionId="8eb21902-bb76-4efa-b54e-3f8b5bbf5c04" testListId="8c84fa94-04c1-424b-9868-57a2d4851a1d" />
    <TestEntry testId="1babfa2a-0cf6-9ecf-517c-830806d0794f" executionId="a668bb72-f0d1-407f-b05c-33bceac12f61" testListId="8c84fa94-04c1-424b-9868-57a2d4851a1d" />
    <TestEntry testId="df2a9d0e-a274-5910-744b-a0366c312806" executionId="68ceed62-2a08-4dc8-b18c-f415f2c8b566" testListId="8c84fa94-04c1-424b-9868-57a2d4851a1d" />
    <TestEntry testId="6488116c-bc89-3940-6845-6622d85e58aa" executionId="76776288-6a9d-412f-9a0b-50f384bc2de0" testListId="8c84fa94-04c1-424b-9868-57a2d4851a1d" />
    <TestEntry testId="e566dee5-3807-7605-348b-d344cf004cc2" executionId="9fd7b777-1ea4-4b90-9cab-a36b93ece413" testListId="8c84fa94-04c1-424b-9868-57a2d4851a1d" />
    <TestEntry testId="a1e6eaef-4c12-584e-5f6a-216a53e665a4" executionId="8e56aa6e-7e93-4b66-9c77-9c582d25d4c4" testListId="8c84fa94-04c1-424b-9868-57a2d4851a1d" />
    <TestEntry testId="169db8bc-9078-646f-fe30-502861017bb9" executionId="fb6fb083-1b9b-4f57-8094-98b9fb15ab36" testListId="8c84fa94-04c1-424b-9868-57a2d4851a1d" />
    <TestEntry testId="7cd7dc3e-fa7a-6dd1-08a3-6101b8e173af" executionId="b56c25d2-4756-47f9-974a-37bd9fe01d90" testListId="8c84fa94-04c1-424b-9868-57a2d4851a1d" />
    <TestEntry testId="73defc98-0362-fc29-ddab-170ef0f6d29d" executionId="fe6b93fc-9c0a-40d1-821b-2ba9a4e6094b" testListId="8c84fa94-04c1-424b-9868-57a2d4851a1d" />
    <TestEntry testId="f0722d68-87a7-b3ef-b39d-26875ec82e68" executionId="c5464678-188e-4f74-8796-635b551ef576" testListId="8c84fa94-04c1-424b-9868-57a2d4851a1d" />
    <TestEntry testId="9507a82f-228a-e878-fcf5-be244d32dfe3" executionId="ba62809a-3247-4d68-ace3-76c89320b487" testListId="8c84fa94-04c1-424b-9868-57a2d4851a1d" />
    <TestEntry testId="84d3bffa-3529-5567-4b2a-a62740c3d75e" executionId="38ccd3d8-a14c-4794-93c5-0d27c3acac80" testListId="8c84fa94-04c1-424b-9868-57a2d4851a1d" />
    <TestEntry testId="a923ba92-5f49-1db0-a980-f6ad3af6c118" executionId="f11cf070-7d19-467e-adcc-f7308e44665c" testListId="8c84fa94-04c1-424b-9868-57a2d4851a1d" />
    <TestEntry testId="716c3939-21a9-baf1-3381-3805519a2c18" executionId="d444bcbe-ea8b-4ca8-896a-8b2a74833cda" testListId="8c84fa94-04c1-424b-9868-57a2d4851a1d" />
    <TestEntry testId="2d853185-1b8c-d32c-b8ef-fcd1ca111fe0" executionId="f6e8cb46-e219-4a10-8529-837274f7246c" testListId="8c84fa94-04c1-424b-9868-57a2d4851a1d" />
    <TestEntry testId="1b51fe85-d5f1-8130-9dfe-a0f9e4a34746" executionId="3359a277-0e3c-478e-b373-103194afc3f9" testListId="8c84fa94-04c1-424b-9868-57a2d4851a1d" />
    <TestEntry testId="145f33a9-a9ca-28ad-f581-1ed846520f66" executionId="6334168b-0444-4766-b3ce-62404fc78385" testListId="8c84fa94-04c1-424b-9868-57a2d4851a1d" />
    <TestEntry testId="e4b2455a-64fc-dffc-d919-2a0245f30187" executionId="034efd65-a96e-4159-b833-bbbd76b0f9c1" testListId="8c84fa94-04c1-424b-9868-57a2d4851a1d" />
    <TestEntry testId="c2ef64d5-231f-4491-5201-a9b7c9060d4a" executionId="e9725e2e-2e6a-4b12-9abc-54df14692972" testListId="8c84fa94-04c1-424b-9868-57a2d4851a1d" />
    <TestEntry testId="a1bac869-1385-672b-07d7-c035033b5b5b" executionId="c0cf85f8-8631-486d-a36c-aa756cd9ad89" testListId="8c84fa94-04c1-424b-9868-57a2d4851a1d" />
    <TestEntry testId="33c5b05a-c149-c017-3777-a15579c827fc" executionId="ee0e3796-c3f3-4510-8357-ada152728846" testListId="8c84fa94-04c1-424b-9868-57a2d4851a1d" />
    <TestEntry testId="5d0af9d1-44bb-6c1c-91da-0de0adda509f" executionId="593727eb-446e-4ab2-9c67-38e0ab9f96d5" testListId="8c84fa94-04c1-424b-9868-57a2d4851a1d" />
    <TestEntry testId="8a506de1-1596-a50f-344b-f1352abd2793" executionId="7cc515e3-281a-47fd-a5fb-1edacf47c84f" testListId="8c84fa94-04c1-424b-9868-57a2d4851a1d" />
    <TestEntry testId="ad4a33be-0820-6acd-0fda-f7dc1d9afabe" executionId="f8e628c6-c83b-44ac-9c52-190876e99dd3" testListId="8c84fa94-04c1-424b-9868-57a2d4851a1d" />
    <TestEntry testId="d4e64b61-1d71-9a31-64b3-8f7fa264d751" executionId="f931bc93-8bb1-4cba-80f5-4eace352e95e" testListId="8c84fa94-04c1-424b-9868-57a2d4851a1d" />
    <TestEntry testId="71368800-2a58-7d0c-02f5-2226bd31ba61" executionId="6a8c2d6f-58f0-4b98-b1b4-e80294dd9336" testListId="8c84fa94-04c1-424b-9868-57a2d4851a1d" />
    <TestEntry testId="dec4cc11-275a-6477-9776-6b40db9a3bd4" executionId="faf425d2-c8a5-498e-a6db-6e74e3565933" testListId="8c84fa94-04c1-424b-9868-57a2d4851a1d" />
    <TestEntry testId="a758e563-1f9a-9b88-d4c0-8cc7153a0dc7" executionId="c48c5796-7744-4bc8-81d7-42237781c315" testListId="8c84fa94-04c1-424b-9868-57a2d4851a1d" />
    <TestEntry testId="cf6d1948-e4c8-984f-d8fe-0f710a6f4061" executionId="e36709fa-2fe7-47cc-976d-7a8ad52f52db" testListId="8c84fa94-04c1-424b-9868-57a2d4851a1d" />
    <TestEntry testId="c6c7eaee-0217-c536-1f3e-e884f74d00f9" executionId="e97b2efb-848c-4e2d-8863-15bc80e38fbb" testListId="8c84fa94-04c1-424b-9868-57a2d4851a1d" />
    <TestEntry testId="b9ed8a5e-ee12-301b-e3c5-ef16e418ae41" executionId="af3544fb-1608-4be9-974e-39ff2d8e32ca" testListId="8c84fa94-04c1-424b-9868-57a2d4851a1d" />
    <TestEntry testId="b6f1489a-2055-f485-9c7f-98b90c4b3558" executionId="049850b6-36bc-4e99-a4e3-289df489dc3e" testListId="8c84fa94-04c1-424b-9868-57a2d4851a1d" />
    <TestEntry testId="7b2ca1e9-e284-8127-4f7e-dec3027488f5" executionId="6a11fb31-f6d3-4d04-8014-a014a866490a" testListId="8c84fa94-04c1-424b-9868-57a2d4851a1d" />
    <TestEntry testId="9c58d5d9-15c3-3301-dbdb-cd91d433ddd3" executionId="61ef2dbf-6d1b-43b5-b942-de696c3732ca" testListId="8c84fa94-04c1-424b-9868-57a2d4851a1d" />
    <TestEntry testId="02384a4c-827d-2204-02d7-2003620d01f1" executionId="fddacafe-6637-4e6b-b6d7-d3b72dd5ba37" testListId="8c84fa94-04c1-424b-9868-57a2d4851a1d" />
    <TestEntry testId="08657299-4484-6f51-225a-92afef4d6f02" executionId="eb3febd5-e3a1-43a2-9f99-27c0d53a5759" testListId="8c84fa94-04c1-424b-9868-57a2d4851a1d" />
    <TestEntry testId="07f61b47-7639-813a-048e-3af6356509db" executionId="85ff1b22-3558-497c-9ed3-c85dd03f01ef" testListId="8c84fa94-04c1-424b-9868-57a2d4851a1d" />
    <TestEntry testId="5a20067f-af35-443e-c5ef-580f5fde2fa9" executionId="b591f2f4-4082-4c53-81af-dff7c7397bec" testListId="8c84fa94-04c1-424b-9868-57a2d4851a1d" />
    <TestEntry testId="9f11630d-9ad6-5da3-8de1-e63da75bbad6" executionId="97549786-b6fc-4bba-8093-47bbae6b236d" testListId="8c84fa94-04c1-424b-9868-57a2d4851a1d" />
    <TestEntry testId="7201bf1f-ad51-b3dd-90bc-4686a347a8b6" executionId="250b6e76-c233-47eb-9008-5a4b4dfcc235" testListId="8c84fa94-04c1-424b-9868-57a2d4851a1d" />
    <TestEntry testId="f4c72050-220a-8ed3-f57e-229694005702" executionId="8eee86a0-b3f0-4a48-a027-2ab14a6a7768" testListId="8c84fa94-04c1-424b-9868-57a2d4851a1d" />
    <TestEntry testId="1e1812e7-7d89-f4e5-47fa-6ba327ad9f3d" executionId="b1ce6616-4861-43ce-ba60-58a9cc6dd662" testListId="8c84fa94-04c1-424b-9868-57a2d4851a1d" />
    <TestEntry testId="80d089ba-d625-b17b-efd7-906fbc26a53f" executionId="15b0dc69-19fe-43c3-ac39-aced8873c960" testListId="8c84fa94-04c1-424b-9868-57a2d4851a1d" />
    <TestEntry testId="08168dab-134d-4209-dc07-502fc79dff1c" executionId="ed1f7f31-ae95-4de3-9183-e42f2a722fcd" testListId="8c84fa94-04c1-424b-9868-57a2d4851a1d" />
    <TestEntry testId="afc65689-0d8a-1a8c-230e-11dcfbd51f6f" executionId="ddcd533b-7719-4b0b-922c-a0042a2e73b6" testListId="8c84fa94-04c1-424b-9868-57a2d4851a1d" />
    <TestEntry testId="fde371e7-9430-28a6-4e5f-caad1e97ede8" executionId="adbe1e5c-3b5a-4072-b867-35feded733ab" testListId="8c84fa94-04c1-424b-9868-57a2d4851a1d" />
    <TestEntry testId="0664e823-2347-d542-a362-7c3833a62cb7" executionId="cddced7a-a926-475f-8b5b-69d5c8032fbc" testListId="8c84fa94-04c1-424b-9868-57a2d4851a1d" />
    <TestEntry testId="b0f42246-221a-8273-26a5-64d428e0acf2" executionId="12ea6779-85cf-4dd0-984c-b9a79340671a" testListId="8c84fa94-04c1-424b-9868-57a2d4851a1d" />
    <TestEntry testId="ed016d2a-a143-45b4-1538-1fd2c412205d" executionId="ca2c706a-ce6d-401e-ab49-22e098309efb" testListId="8c84fa94-04c1-424b-9868-57a2d4851a1d" />
    <TestEntry testId="b1569a4a-886e-ec94-03b5-fba9d87c80e2" executionId="12301cd5-14f2-4a2c-81ce-aa2cd1112466" testListId="8c84fa94-04c1-424b-9868-57a2d4851a1d" />
    <TestEntry testId="8e99ddbf-1f62-a90d-a88c-3e09a5e62fbc" executionId="2eec36c9-ad2d-4dfd-98c6-706503a5cbf9" testListId="8c84fa94-04c1-424b-9868-57a2d4851a1d" />
    <TestEntry testId="62edf976-7a76-227c-ab3e-3e3068d22419" executionId="d35f34ee-fef5-49b7-a119-5b8afa5d815a" testListId="8c84fa94-04c1-424b-9868-57a2d4851a1d" />
    <TestEntry testId="3afaf579-db15-cc97-6075-93fc66d2482e" executionId="b2933e94-dd1a-408f-ac9a-73244f0d73bb" testListId="8c84fa94-04c1-424b-9868-57a2d4851a1d" />
    <TestEntry testId="cf3134ed-5854-5d81-39ac-bdd4ad6563c0" executionId="10102d2a-92f6-46a2-b553-de6d790a5cfd" testListId="8c84fa94-04c1-424b-9868-57a2d4851a1d" />
    <TestEntry testId="c6064df2-d70f-a735-4d38-9ada6958097c" executionId="698e4368-47e4-4036-9ba6-3d1b46d1eaee" testListId="8c84fa94-04c1-424b-9868-57a2d4851a1d" />
    <TestEntry testId="b5644c1a-4e6f-a72a-7960-9542c506051d" executionId="2d556c64-2bc3-4d4c-a7e3-4dd7b8ff0484" testListId="8c84fa94-04c1-424b-9868-57a2d4851a1d" />
    <TestEntry testId="08be73c0-a975-a603-5d02-2398253cc14e" executionId="b7fffc11-2d31-471b-b618-d532392d5eba" testListId="8c84fa94-04c1-424b-9868-57a2d4851a1d" />
    <TestEntry testId="b243411e-0b00-e9ac-a0d9-fd6cc8fe5e76" executionId="328552f0-785e-46ff-b97c-629ab1b34378" testListId="8c84fa94-04c1-424b-9868-57a2d4851a1d" />
    <TestEntry testId="01bf3557-af42-0cc6-b667-13a114246373" executionId="70dfc24f-adbe-4d98-859c-df84d6758577" testListId="8c84fa94-04c1-424b-9868-57a2d4851a1d" />
    <TestEntry testId="b9addcd8-1689-aa5c-75f0-51367ace995d" executionId="fa09bc4b-562c-4092-a8ff-1a20a9ff85b7" testListId="8c84fa94-04c1-424b-9868-57a2d4851a1d" />
    <TestEntry testId="b47b78f9-b0d8-fec8-ab9a-9eaa193e9134" executionId="d4ba2730-2f29-4eb8-bee2-a6e63117ed31" testListId="8c84fa94-04c1-424b-9868-57a2d4851a1d" />
    <TestEntry testId="2ee5ca22-9ef4-3b84-d450-25e78cba1fdf" executionId="4d3249d9-7f41-49dd-ad0f-bf5c8cbf68ca" testListId="8c84fa94-04c1-424b-9868-57a2d4851a1d" />
    <TestEntry testId="5b93bb66-36aa-9546-a63c-858a942f47c9" executionId="ae4b71f5-2d28-419a-b611-620dff22f1b0" testListId="8c84fa94-04c1-424b-9868-57a2d4851a1d" />
    <TestEntry testId="82026b1b-e4f8-c75d-6fd9-4e0c102dea19" executionId="2cdf5fd2-2d95-4ed7-a729-fc020fe31b96" testListId="8c84fa94-04c1-424b-9868-57a2d4851a1d" />
    <TestEntry testId="a0a14464-fb50-3caf-9ff8-c858c9ed6f8f" executionId="60ecc843-b0bb-42b4-8720-39c2f37c010f" testListId="8c84fa94-04c1-424b-9868-57a2d4851a1d" />
    <TestEntry testId="963aa350-dc63-27d1-7f7c-e76e264a3a37" executionId="d2a50a51-4de8-4c93-bf50-a828bcd5e728" testListId="8c84fa94-04c1-424b-9868-57a2d4851a1d" />
    <TestEntry testId="28d66a73-94f8-0e54-f4ff-ed8e155407df" executionId="7595e3b2-5e79-459a-920a-5fd899a9feb6" testListId="8c84fa94-04c1-424b-9868-57a2d4851a1d" />
    <TestEntry testId="a7e88723-8b5a-898e-e1e7-2c3de4a24710" executionId="eb5bbb63-3363-4d01-8594-22bfebac1bad" testListId="8c84fa94-04c1-424b-9868-57a2d4851a1d" />
    <TestEntry testId="7e2e5360-6df1-ebd4-8076-bf6f1d65e59c" executionId="f2afcd3a-f6d0-4613-850a-d5b215ef3234" testListId="8c84fa94-04c1-424b-9868-57a2d4851a1d" />
    <TestEntry testId="d7d436a4-3906-ab93-f5f1-96092f24175b" executionId="af3aceea-329c-4651-a014-48d0ca783f0a" testListId="8c84fa94-04c1-424b-9868-57a2d4851a1d" />
    <TestEntry testId="28e9670f-567b-9c6f-1402-8bf5f9a39898" executionId="293327d2-ad44-4bed-8abe-1105392515bf" testListId="8c84fa94-04c1-424b-9868-57a2d4851a1d" />
    <TestEntry testId="fbdd2467-997a-8b59-2d03-827ea0150a6e" executionId="eaf50ec1-9682-4e14-ace9-1a81880616ea" testListId="8c84fa94-04c1-424b-9868-57a2d4851a1d" />
    <TestEntry testId="ddb1687b-21f5-a3e9-7517-956477c2bca4" executionId="c188f510-0885-4599-9052-429b757d566c" testListId="8c84fa94-04c1-424b-9868-57a2d4851a1d" />
    <TestEntry testId="d8da4ec2-35b9-0e3a-4030-62ef830c61a7" executionId="bbf24788-5667-4bf1-83bc-e8aecee4632b" testListId="8c84fa94-04c1-424b-9868-57a2d4851a1d" />
    <TestEntry testId="dfbdc630-5e07-0fdc-f3fc-f4c6c0ff0370" executionId="40676bca-c54f-4c97-91c0-ca5299ee0527" testListId="8c84fa94-04c1-424b-9868-57a2d4851a1d" />
    <TestEntry testId="b4074a21-e2ce-5842-e74d-fc3d260f335c" executionId="37d5900c-8927-467a-ab3c-e6f4fc34ba56" testListId="8c84fa94-04c1-424b-9868-57a2d4851a1d" />
    <TestEntry testId="cbb203b9-e6ef-c267-30db-ffaaa0662758" executionId="8eecb75a-c454-41eb-b076-fff2c7145f9e" testListId="8c84fa94-04c1-424b-9868-57a2d4851a1d" />
    <TestEntry testId="093d6d69-22d5-1124-5efd-663062435753" executionId="49d8048e-78d2-4bec-a136-a403387df73c" testListId="8c84fa94-04c1-424b-9868-57a2d4851a1d" />
    <TestEntry testId="e7aea337-de24-a376-f3b9-0d22e1d8af40" executionId="80050a56-22ca-4de4-b43c-708eacd4f44b" testListId="8c84fa94-04c1-424b-9868-57a2d4851a1d" />
    <TestEntry testId="08154134-9b90-89e8-9af5-168ac43908b2" executionId="dd310476-8734-4ffb-a74a-ca0e7cbf1e5f" testListId="8c84fa94-04c1-424b-9868-57a2d4851a1d" />
    <TestEntry testId="2290ca4f-3875-8b90-edfe-8bab19de1b67" executionId="e57589ad-3460-435b-a324-cc277e3c3fab" testListId="8c84fa94-04c1-424b-9868-57a2d4851a1d" />
    <TestEntry testId="d7c9e9c0-379b-4273-60a5-d000d941afe0" executionId="7e18dedb-952a-4531-a48f-7835214ff724" testListId="8c84fa94-04c1-424b-9868-57a2d4851a1d" />
    <TestEntry testId="0393dea9-21b3-c648-a2bb-8c43c535c531" executionId="443fb217-b2a0-4a3e-90b1-34ff3cb83b0b" testListId="8c84fa94-04c1-424b-9868-57a2d4851a1d" />
    <TestEntry testId="1609fce3-b504-eda5-c2a7-88a436828de6" executionId="06a21b68-1ee9-43aa-9d53-84ef37c11b97" testListId="8c84fa94-04c1-424b-9868-57a2d4851a1d" />
    <TestEntry testId="98f07e3c-358f-d3cf-0895-d97022d04d5a" executionId="d4bb8ad3-9f99-4dfe-bba0-a0f45173e87d" testListId="8c84fa94-04c1-424b-9868-57a2d4851a1d" />
    <TestEntry testId="ada0b923-425a-7a46-ecff-77f785a5120c" executionId="a9f0d6fd-0bcc-4cce-aece-7f98cd9a371b" testListId="8c84fa94-04c1-424b-9868-57a2d4851a1d" />
    <TestEntry testId="30c94d1c-21b6-fe2b-316a-7b2ede5b4559" executionId="df5e7b58-a7b0-4160-ad9a-87a070e0073a" testListId="8c84fa94-04c1-424b-9868-57a2d4851a1d" />
    <TestEntry testId="55b8d4af-b440-c4c8-a2fe-e30838b46a22" executionId="510bdfbd-1797-4603-a09e-f1427d5b9c2c" testListId="8c84fa94-04c1-424b-9868-57a2d4851a1d" />
    <TestEntry testId="a3fd5dca-f73b-62b1-bd58-55ba1ea9a5c1" executionId="a8d0309a-713a-4ddf-a0d5-3a98d31225ac" testListId="8c84fa94-04c1-424b-9868-57a2d4851a1d" />
    <TestEntry testId="3001e9c2-ed25-f9b0-79a7-f5c487f354a4" executionId="0b5d0a44-3b07-4126-aa31-4219d591f07d" testListId="8c84fa94-04c1-424b-9868-57a2d4851a1d" />
    <TestEntry testId="5d6f6418-386d-98fe-bae2-b06e56b1e19a" executionId="e7b02843-4ff1-4819-a8c0-803573477bcd" testListId="8c84fa94-04c1-424b-9868-57a2d4851a1d" />
    <TestEntry testId="57ba7df0-92b3-047b-5050-37512ab886e0" executionId="f0636263-edad-4e99-85c7-3375a6140f86" testListId="8c84fa94-04c1-424b-9868-57a2d4851a1d" />
    <TestEntry testId="e0f0bbf4-1dc9-3459-3c93-967eeb7520cf" executionId="214f4b33-9edc-468a-9313-e47d20309ce9" testListId="8c84fa94-04c1-424b-9868-57a2d4851a1d" />
    <TestEntry testId="cc9c5d43-fd02-7e0a-3b7a-3966d3d7218e" executionId="5a6ad9e1-fea8-413b-b707-d6959f73cceb" testListId="8c84fa94-04c1-424b-9868-57a2d4851a1d" />
    <TestEntry testId="dca091ea-1cbc-5f9a-7502-bbe023c83808" executionId="3016c963-2b7d-45ec-81ef-c8d1e690dcb7" testListId="8c84fa94-04c1-424b-9868-57a2d4851a1d" />
    <TestEntry testId="7a7864aa-a264-e531-b03f-9ba77df9e4f4" executionId="6566299e-2b2e-4ee7-8dca-faeecd9becc2" testListId="8c84fa94-04c1-424b-9868-57a2d4851a1d" />
    <TestEntry testId="a3264e97-a002-ccfa-f0fa-ad04bee9701c" executionId="2366a114-91b5-4f62-a7a2-068dc1034f75" testListId="8c84fa94-04c1-424b-9868-57a2d4851a1d" />
    <TestEntry testId="c943d2d5-d592-e6ca-6e00-44246c3c5f00" executionId="e9e76d0e-a0c3-4e34-8b04-23369da54a48" testListId="8c84fa94-04c1-424b-9868-57a2d4851a1d" />
    <TestEntry testId="9bb1dcad-fcb0-330d-0709-c9e4144cf7f8" executionId="f4049e15-1888-44d7-8e2e-ba71d4dc48a2" testListId="8c84fa94-04c1-424b-9868-57a2d4851a1d" />
    <TestEntry testId="d26c349f-95f0-0d83-37b0-8277c4d50a65" executionId="004b8e94-cb66-42c2-af15-ed17d9e31b5e" testListId="8c84fa94-04c1-424b-9868-57a2d4851a1d" />
    <TestEntry testId="66f6f9ca-c07b-4d38-5e2a-4920c58f51c4" executionId="b3b9e560-ab24-48cb-ad6c-c70aa13a4b60" testListId="8c84fa94-04c1-424b-9868-57a2d4851a1d" />
    <TestEntry testId="e31f0b37-bc0f-e336-b3b7-a2096cfbdfc1" executionId="698b01cf-64d5-4e08-b346-e844c410be69" testListId="8c84fa94-04c1-424b-9868-57a2d4851a1d" />
    <TestEntry testId="877d15db-0f38-4d44-e0c0-f170c92f8958" executionId="b4e1081e-7e88-4e88-b0c4-ab0a840790c6" testListId="8c84fa94-04c1-424b-9868-57a2d4851a1d" />
    <TestEntry testId="ef7b2c37-1e52-0fec-59d9-aedf0ac4d7b8" executionId="e71cad78-6a40-4452-a45e-25449b33039f" testListId="8c84fa94-04c1-424b-9868-57a2d4851a1d" />
    <TestEntry testId="182711c0-250a-b813-8f26-c4e2fd373900" executionId="2c7c23b2-87d1-4fc1-a0c9-cf64756047b0" testListId="8c84fa94-04c1-424b-9868-57a2d4851a1d" />
    <TestEntry testId="9110038b-b223-ff94-2668-b85a069e7261" executionId="b05a22c7-b8b5-4e9a-bc16-bf923f939182" testListId="8c84fa94-04c1-424b-9868-57a2d4851a1d" />
    <TestEntry testId="9524ede8-16bb-7379-a529-3ec35e85c5bc" executionId="a0ed1f43-4534-47b7-8f9d-ad3279a5b893" testListId="8c84fa94-04c1-424b-9868-57a2d4851a1d" />
    <TestEntry testId="f85eddb6-61e8-5884-3144-1ddf8899fb41" executionId="0e8bdaff-6f6a-4c44-8775-e65b7de3886e" testListId="8c84fa94-04c1-424b-9868-57a2d4851a1d" />
    <TestEntry testId="6094b16c-1fc2-c53b-5d3f-03b3a5b9342c" executionId="96e5b95f-6ea9-4817-a7e7-31dfa8edd6ac" testListId="8c84fa94-04c1-424b-9868-57a2d4851a1d" />
    <TestEntry testId="339551d9-9d17-4cb2-416c-11838942374e" executionId="eed7dd39-61a3-405c-8774-a89ec4a0fba5" testListId="8c84fa94-04c1-424b-9868-57a2d4851a1d" />
    <TestEntry testId="127bdc48-2cb0-eb0d-0eb8-f4e5625c7a31" executionId="c19d01ca-08af-4fd0-8ce7-d72e17c6a8f6" testListId="8c84fa94-04c1-424b-9868-57a2d4851a1d" />
    <TestEntry testId="a378e966-1967-03e8-6d2e-051b0c421b96" executionId="b455d1bc-d332-4501-b2e9-3fdbe33a84b2" testListId="8c84fa94-04c1-424b-9868-57a2d4851a1d" />
    <TestEntry testId="5a26a265-5783-93f2-3fcd-7e67c3d71a8c" executionId="3c162db5-9747-4132-95ad-d2ba72eb416c" testListId="8c84fa94-04c1-424b-9868-57a2d4851a1d" />
    <TestEntry testId="3eced6e8-2bb6-e504-06e4-8d378e6ddff6" executionId="73d593d0-c516-4a3e-a079-6031eb2e9a17" testListId="8c84fa94-04c1-424b-9868-57a2d4851a1d" />
    <TestEntry testId="67742a60-4b68-e5e0-9d7e-b44a8b7eeadd" executionId="6390898e-58df-4ae5-86e2-04057c98c271" testListId="8c84fa94-04c1-424b-9868-57a2d4851a1d" />
    <TestEntry testId="5a662f06-97b9-d580-dc09-5b578c4f6e42" executionId="d28e8c88-3fb8-4650-8f7a-24e2bd885009" testListId="8c84fa94-04c1-424b-9868-57a2d4851a1d" />
    <TestEntry testId="0a43a3a6-79b0-9182-0258-9188c25dc043" executionId="86d2f0d9-94d2-4e02-8782-0be6bffa813c" testListId="8c84fa94-04c1-424b-9868-57a2d4851a1d" />
    <TestEntry testId="a5b0261c-99ed-6de0-4e82-ffb3c3a8c55d" executionId="b30d47ac-adea-472d-b766-54f2c8f200f4" testListId="8c84fa94-04c1-424b-9868-57a2d4851a1d" />
    <TestEntry testId="dc5585c5-ed56-4d92-117f-27ee8bbc6392" executionId="58c08e82-2bf8-4199-9ac5-5f8a88c75801" testListId="8c84fa94-04c1-424b-9868-57a2d4851a1d" />
    <TestEntry testId="8652aeba-792d-9d8c-0f0f-b917a43460b0" executionId="f04d0344-ed14-453d-aefb-3f8f4404246f" testListId="8c84fa94-04c1-424b-9868-57a2d4851a1d" />
    <TestEntry testId="cd9b80e2-b450-dfb5-50fe-c74d73b29539" executionId="5c5ddd97-e8d1-4262-8f36-f2e953b88bb0" testListId="8c84fa94-04c1-424b-9868-57a2d4851a1d" />
    <TestEntry testId="7d39e355-8daa-a30c-3d03-59dbb669e8dc" executionId="eb262187-cdf9-4ec1-8f75-92eef61193f6" testListId="8c84fa94-04c1-424b-9868-57a2d4851a1d" />
    <TestEntry testId="c4fc2d07-7267-f47c-9b24-2eafbede2fff" executionId="e4ee3011-6c5c-4909-a05e-2ce1c1438c11" testListId="8c84fa94-04c1-424b-9868-57a2d4851a1d" />
    <TestEntry testId="a85474ae-2967-b69d-5045-a4e24e68e36f" executionId="89f507b7-4f83-4c01-91f1-d33a905ef99d" testListId="8c84fa94-04c1-424b-9868-57a2d4851a1d" />
    <TestEntry testId="142bee73-ffde-24dd-28ed-fe9e02e37abc" executionId="6683eb60-3e55-4ddc-a3a9-f4b0efc99f19" testListId="8c84fa94-04c1-424b-9868-57a2d4851a1d" />
    <TestEntry testId="881cce1f-de25-d9c4-3686-f2632a9fa5d0" executionId="3ff3f09a-149e-4a2b-8c70-c056e183427e" testListId="8c84fa94-04c1-424b-9868-57a2d4851a1d" />
    <TestEntry testId="a08653e0-4983-d171-dc6f-8458b680423b" executionId="d16262e7-e338-4a64-8f37-aa971a4e4efb" testListId="8c84fa94-04c1-424b-9868-57a2d4851a1d" />
    <TestEntry testId="df79eee8-6d78-6afa-dd9b-a03170811a13" executionId="b94f9e6a-5187-49c6-94fd-c19f27da0406" testListId="8c84fa94-04c1-424b-9868-57a2d4851a1d" />
    <TestEntry testId="3c0b759b-f07e-0aa4-02e0-0808101868e7" executionId="59159c7c-2c9a-4204-a810-2ea26a87820e" testListId="8c84fa94-04c1-424b-9868-57a2d4851a1d" />
    <TestEntry testId="38841c9a-1e94-ace2-5531-37380c3cb27c" executionId="cd101edf-9ee1-44b8-8ba6-d4145cfd39f4" testListId="8c84fa94-04c1-424b-9868-57a2d4851a1d" />
    <TestEntry testId="c36cb8ae-46c1-d837-c91e-720bf2554055" executionId="df348b78-990b-4745-b006-db7134246598" testListId="8c84fa94-04c1-424b-9868-57a2d4851a1d" />
    <TestEntry testId="dab630fc-903d-cf72-2e8c-7c559e8ef2c8" executionId="efdc8663-e165-4bed-b523-bebc81e2e1ae" testListId="8c84fa94-04c1-424b-9868-57a2d4851a1d" />
    <TestEntry testId="e2010539-700a-0895-cf20-741f7c61fd6e" executionId="d80a4e9e-3bb6-4b56-9a98-312b0c303329" testListId="8c84fa94-04c1-424b-9868-57a2d4851a1d" />
    <TestEntry testId="ab40b798-d765-91f0-8e06-5b70f21cd8d8" executionId="30479175-f018-4ecf-bf08-0e43683e3458" testListId="8c84fa94-04c1-424b-9868-57a2d4851a1d" />
    <TestEntry testId="5fa14b7d-7f59-da21-db8d-8057acd4ecd4" executionId="b9a37bf7-2f2d-46d3-8085-ec2c202216b9" testListId="8c84fa94-04c1-424b-9868-57a2d4851a1d" />
    <TestEntry testId="7546d94d-ce85-24d5-44ac-795ab0d6437a" executionId="bf62b977-a413-42d9-91bf-5f9685ac6d09" testListId="8c84fa94-04c1-424b-9868-57a2d4851a1d" />
    <TestEntry testId="2c1e3bdc-8e1d-9575-3498-9a33d518275d" executionId="c416a259-087d-43de-8521-69d5e70e28de" testListId="8c84fa94-04c1-424b-9868-57a2d4851a1d" />
    <TestEntry testId="2b46fd64-e5c0-ee62-8d5c-d0040171df6a" executionId="3f5e5669-b9c6-4854-a808-e5f4ca482d1e" testListId="8c84fa94-04c1-424b-9868-57a2d4851a1d" />
    <TestEntry testId="0cfe45c3-690d-b4eb-33cc-460f9a2b1e7f" executionId="3c2d840a-9dfc-4cab-a726-5e99112d4d0d" testListId="8c84fa94-04c1-424b-9868-57a2d4851a1d" />
    <TestEntry testId="ab640a57-752a-59a2-6621-efb7c01890e5" executionId="9a522f09-af2d-49b4-8f1a-57c9da5d0367" testListId="8c84fa94-04c1-424b-9868-57a2d4851a1d" />
    <TestEntry testId="55859722-169b-f5f5-a556-d0974eccd57b" executionId="92fd998c-fe28-4bc2-8904-5311c806efd2" testListId="8c84fa94-04c1-424b-9868-57a2d4851a1d" />
    <TestEntry testId="eb685602-2e80-bc21-a1dc-470348e548df" executionId="33d5930f-7bd0-489e-8461-49ddacbc5a91" testListId="8c84fa94-04c1-424b-9868-57a2d4851a1d" />
    <TestEntry testId="594e18ca-0987-37df-7dc2-c7573e82a6a9" executionId="52a71bc5-7e49-491f-b3e9-94da2522c063" testListId="8c84fa94-04c1-424b-9868-57a2d4851a1d" />
    <TestEntry testId="eaa36cae-cec5-c0d3-577f-7f0969635ecb" executionId="11729a70-5b86-4472-b16c-0eace6613f91" testListId="8c84fa94-04c1-424b-9868-57a2d4851a1d" />
    <TestEntry testId="b2700c23-7976-41f4-f6a2-216b72a9e115" executionId="96d6765f-f23c-417a-8437-1e1413cabb06" testListId="8c84fa94-04c1-424b-9868-57a2d4851a1d" />
    <TestEntry testId="5eb34856-2da0-4203-dee1-90fc0e782f79" executionId="93ba4151-c97b-40b7-8227-1d971e7710eb" testListId="8c84fa94-04c1-424b-9868-57a2d4851a1d" />
    <TestEntry testId="8654dbfb-f069-ee22-a306-8ad0a67bb14f" executionId="891ae6ff-8a53-40ef-9b0c-2b704c3eb2a6" testListId="8c84fa94-04c1-424b-9868-57a2d4851a1d" />
    <TestEntry testId="f8fc2d29-ae4a-2a28-38d3-c46c841711b9" executionId="de1fb538-31fa-4953-a36d-50ef84a877f9" testListId="8c84fa94-04c1-424b-9868-57a2d4851a1d" />
    <TestEntry testId="e2a26798-3e2d-66bf-b3ed-e240aa86b080" executionId="10297143-56fc-44b0-bfa6-1fba4874e369" testListId="8c84fa94-04c1-424b-9868-57a2d4851a1d" />
    <TestEntry testId="aa756adc-70a2-2284-ea9c-e41840178340" executionId="4e735823-f929-420b-b44a-97bf9eb02ffe" testListId="8c84fa94-04c1-424b-9868-57a2d4851a1d" />
    <TestEntry testId="c22dba7b-8048-0edc-4264-1337741bdbf3" executionId="e7408475-5993-43ca-b353-03e814d4cef5" testListId="8c84fa94-04c1-424b-9868-57a2d4851a1d" />
    <TestEntry testId="0269cbf6-265f-6c87-84a6-eaad977b24a8" executionId="4f2e39e4-e7a2-4672-a947-6c60f72b9b42" testListId="8c84fa94-04c1-424b-9868-57a2d4851a1d" />
    <TestEntry testId="eb80484c-36af-5133-1ada-8954549d374b" executionId="db9158ad-8fb9-4481-8611-379c6b8665e1" testListId="8c84fa94-04c1-424b-9868-57a2d4851a1d" />
    <TestEntry testId="bebd57ae-bbed-9c03-8c0e-09b62ba6f6a1" executionId="44782bea-1fd7-4d64-bd61-6224996c8a6a" testListId="8c84fa94-04c1-424b-9868-57a2d4851a1d" />
    <TestEntry testId="b73418ff-2ad6-01a4-4ee7-8828e8f303c7" executionId="18a82f87-3245-4e7d-9b01-f3484b93097f" testListId="8c84fa94-04c1-424b-9868-57a2d4851a1d" />
    <TestEntry testId="f6e3eaa7-8848-dc04-d52d-91af0fd72d66" executionId="92a5456f-b7e3-4362-9307-8ce19b56dafd" testListId="8c84fa94-04c1-424b-9868-57a2d4851a1d" />
    <TestEntry testId="8484725a-6cd4-83fb-3ffb-951c33303e96" executionId="085d45bf-d17e-4d80-9b72-d252f7261fbe" testListId="8c84fa94-04c1-424b-9868-57a2d4851a1d" />
    <TestEntry testId="ae90bd75-b902-7f37-c7b5-d2bdc8c4bc61" executionId="7641e9da-19ed-4ce2-b63b-cd489610e498" testListId="8c84fa94-04c1-424b-9868-57a2d4851a1d" />
    <TestEntry testId="3bf32474-7a0d-2433-69f9-4e57b260d299" executionId="730a8f2f-c126-40d2-a233-fdb7a292bccb" testListId="8c84fa94-04c1-424b-9868-57a2d4851a1d" />
    <TestEntry testId="32e5d2be-7b20-dc2a-0e1d-8f5e32c6a33d" executionId="1a4a2124-3a9b-49c4-860d-bdc2fc4e77d9" testListId="8c84fa94-04c1-424b-9868-57a2d4851a1d" />
    <TestEntry testId="9b2191ca-de78-2575-4a4a-b3a9a2067488" executionId="b008354c-2a40-4d73-9160-79732e835315" testListId="8c84fa94-04c1-424b-9868-57a2d4851a1d" />
    <TestEntry testId="2f20d77e-7fdc-bfdf-1dd4-a8da727855f9" executionId="106501ae-bc34-41f0-bfb2-e4d2e3da2da1" testListId="8c84fa94-04c1-424b-9868-57a2d4851a1d" />
    <TestEntry testId="a251fbff-911a-3cba-61e7-5ff36bd7bb05" executionId="3c8e04c8-e2ec-4bbe-bfa7-22fdb4a82015" testListId="8c84fa94-04c1-424b-9868-57a2d4851a1d" />
    <TestEntry testId="d38aba40-6207-a827-6008-82706c360bc9" executionId="a8fbb94f-c5a1-4f12-a894-5aed5ae3c266" testListId="8c84fa94-04c1-424b-9868-57a2d4851a1d" />
    <TestEntry testId="b0a833d1-f918-0115-a514-3841ec87d6a8" executionId="a195098e-1113-4a84-94f7-0123b1883d80" testListId="8c84fa94-04c1-424b-9868-57a2d4851a1d" />
    <TestEntry testId="e2970972-ea34-e448-2041-84adb568fdea" executionId="afb6313f-3e2c-4155-8600-d4c218d66355" testListId="8c84fa94-04c1-424b-9868-57a2d4851a1d" />
    <TestEntry testId="d902866a-a6c6-b644-2cc0-b7b1b80822e4" executionId="2b07329e-8e04-432c-be25-2c57cb233378" testListId="8c84fa94-04c1-424b-9868-57a2d4851a1d" />
    <TestEntry testId="4f7556dd-01de-53b7-c0db-f3c78ec86f81" executionId="6b7054b3-fd92-4915-9599-d8c83d9a7159" testListId="8c84fa94-04c1-424b-9868-57a2d4851a1d" />
    <TestEntry testId="d721a845-0f8a-9056-d328-0cafd2f6648b" executionId="a2259ac1-eca0-43a7-ba09-6fa95119575a" testListId="8c84fa94-04c1-424b-9868-57a2d4851a1d" />
    <TestEntry testId="9c45de35-d86a-1dd1-2361-c05e2d40ebba" executionId="98129b38-5869-45f4-9944-d369157bf0ed" testListId="8c84fa94-04c1-424b-9868-57a2d4851a1d" />
    <TestEntry testId="7b3f8960-4d29-cfc4-ab61-e313ce02edaf" executionId="cdbc20e8-c002-4212-8904-3c93b8e7e82f" testListId="8c84fa94-04c1-424b-9868-57a2d4851a1d" />
    <TestEntry testId="cf3ce8a9-dafb-7bf0-be16-407770d74f8c" executionId="993c0cea-46c5-49fa-a8da-3237676f5a85" testListId="8c84fa94-04c1-424b-9868-57a2d4851a1d" />
    <TestEntry testId="8f98d869-5df0-dc07-03cb-1a12635a8876" executionId="72fc5a03-bd5d-47ee-bcc4-845e3211af23" testListId="8c84fa94-04c1-424b-9868-57a2d4851a1d" />
    <TestEntry testId="f1b57f3f-3220-124e-896b-da01bafcb43b" executionId="20f6b939-2d91-4802-a7d9-f9dfad59d821" testListId="8c84fa94-04c1-424b-9868-57a2d4851a1d" />
    <TestEntry testId="d9d755e1-6dc7-5e45-5f41-1aba808dceaa" executionId="76b962f8-a05c-44bc-af29-0a1015f1f067" testListId="8c84fa94-04c1-424b-9868-57a2d4851a1d" />
    <TestEntry testId="577853bd-d92f-63a0-3a06-64d985628bf4" executionId="681884c2-7a7b-4a74-aa19-a8c90f7e1700" testListId="8c84fa94-04c1-424b-9868-57a2d4851a1d" />
    <TestEntry testId="ec1fffa6-089b-d47d-d435-f0a02acdccab" executionId="89a94ab9-929b-4cd3-804b-72dd62ae27df" testListId="8c84fa94-04c1-424b-9868-57a2d4851a1d" />
    <TestEntry testId="42af4767-db61-a5cc-f12c-c7ba7d626fff" executionId="9f5df4d6-149d-4b23-9adf-8ca3f14da8bc" testListId="8c84fa94-04c1-424b-9868-57a2d4851a1d" />
    <TestEntry testId="7a214316-ec64-dc07-4ea5-967b680b9947" executionId="b9e1cf9d-0d8d-49f7-b32a-279aec9c2d20" testListId="8c84fa94-04c1-424b-9868-57a2d4851a1d" />
    <TestEntry testId="730bd739-f483-6549-4837-8508b1cb5917" executionId="e1b5412b-2ef8-4745-b6a4-3a46b7164eaf" testListId="8c84fa94-04c1-424b-9868-57a2d4851a1d" />
    <TestEntry testId="6968fd26-b67d-ecc4-480a-3ffc35cb8c39" executionId="870d1593-95a3-4a3a-bd54-ce52c8277305" testListId="8c84fa94-04c1-424b-9868-57a2d4851a1d" />
    <TestEntry testId="341ef31b-d437-a146-037f-a9edcdf8f8f3" executionId="c086cb55-1143-4e9e-8e2c-6499145843e7" testListId="8c84fa94-04c1-424b-9868-57a2d4851a1d" />
    <TestEntry testId="00e5dc4f-943c-26cc-2233-44bd1a0b0f7e" executionId="069f17ed-a685-41a0-a778-d8dbf4ad4773" testListId="8c84fa94-04c1-424b-9868-57a2d4851a1d" />
    <TestEntry testId="691aa125-d7d5-efd4-f138-9f97eb3c0bfd" executionId="65b211f9-4913-4d7e-acc4-2ccc8defb41a" testListId="8c84fa94-04c1-424b-9868-57a2d4851a1d" />
    <TestEntry testId="9068a2c7-5f77-a991-fe86-17cee1cf0d9e" executionId="a2d6a9a9-137d-4429-aa2c-8e73de893c14" testListId="8c84fa94-04c1-424b-9868-57a2d4851a1d" />
    <TestEntry testId="02c19d9d-3cb1-f310-6c51-02331b43a835" executionId="eadbe4e4-7ee4-4734-8622-940f8e1ea311" testListId="8c84fa94-04c1-424b-9868-57a2d4851a1d" />
    <TestEntry testId="a4cf0f0e-3157-3fd2-1fd7-296445929fa6" executionId="03494658-7e94-410e-8e76-21dd4b36e9bf" testListId="8c84fa94-04c1-424b-9868-57a2d4851a1d" />
    <TestEntry testId="fe6c340a-2944-b673-a471-414785b785f0" executionId="33e16e44-7818-4f09-8e9c-e4cf1fb88682" testListId="8c84fa94-04c1-424b-9868-57a2d4851a1d" />
    <TestEntry testId="605d1c99-1323-da38-73f6-6baae324cf28" executionId="0dc1487c-0a48-4f7b-bb75-90046ffbfe85" testListId="8c84fa94-04c1-424b-9868-57a2d4851a1d" />
    <TestEntry testId="9f5d896c-23c4-d5ae-33fd-fd6708172748" executionId="1439c82e-22a0-4c55-bc1c-6edf216cf016" testListId="8c84fa94-04c1-424b-9868-57a2d4851a1d" />
    <TestEntry testId="6f678329-59b4-2768-96fe-0f42ff16fa5a" executionId="308d3658-735b-43b4-99f4-9ec191a4cf6b" testListId="8c84fa94-04c1-424b-9868-57a2d4851a1d" />
    <TestEntry testId="5a0d41d5-a45f-321a-23b7-ba377fafda63" executionId="d2274274-7a86-4e3b-8161-4bcab3b85a00" testListId="8c84fa94-04c1-424b-9868-57a2d4851a1d" />
    <TestEntry testId="5a86e92f-0ef8-2d17-4442-ea65b9155454" executionId="93dd0885-a641-4304-ba34-3e88051d95dc" testListId="8c84fa94-04c1-424b-9868-57a2d4851a1d" />
    <TestEntry testId="ac735a88-f7b8-8443-7a9e-2c213dd47d0d" executionId="5f0d0cea-1dd8-45c0-885e-5885cf808f18" testListId="8c84fa94-04c1-424b-9868-57a2d4851a1d" />
    <TestEntry testId="d1040cc9-0db5-a2c6-8e3b-599d9ae0566a" executionId="41366752-1792-4948-9d4f-05c2af5248b4" testListId="8c84fa94-04c1-424b-9868-57a2d4851a1d" />
    <TestEntry testId="2cad1e90-449b-be41-afc8-3e491b2139de" executionId="5200bf02-21a1-4a85-812f-d6423594bfe9" testListId="8c84fa94-04c1-424b-9868-57a2d4851a1d" />
    <TestEntry testId="5a84b0ae-e586-2a61-f5c2-4aa06fe15347" executionId="e4bfcdae-b35b-4326-9a67-911911ac8aa6" testListId="8c84fa94-04c1-424b-9868-57a2d4851a1d" />
    <TestEntry testId="4eacc58a-39a5-cdc4-7cb0-909b522f5263" executionId="e91356c8-9550-4b31-8cd2-6bc234b7a8b6" testListId="8c84fa94-04c1-424b-9868-57a2d4851a1d" />
    <TestEntry testId="1ae6bd7a-6166-ebed-fdc7-bafecc9a34a5" executionId="0b62f100-ba14-4054-a7c9-1ec86f278c48" testListId="8c84fa94-04c1-424b-9868-57a2d4851a1d" />
    <TestEntry testId="a6af2890-8947-2003-b0eb-4dbbae27d5ed" executionId="63297c2f-820b-4dc3-8804-0822ed220cdc" testListId="8c84fa94-04c1-424b-9868-57a2d4851a1d" />
    <TestEntry testId="6ceec2cf-1895-3234-fc41-4c88056af76b" executionId="613e5e7a-ed08-413f-9141-94ef9162cebf" testListId="8c84fa94-04c1-424b-9868-57a2d4851a1d" />
    <TestEntry testId="ed24fa60-9ae1-327a-34dd-25499ff1e673" executionId="89ba216c-de48-4009-8d71-283e557848db" testListId="8c84fa94-04c1-424b-9868-57a2d4851a1d" />
    <TestEntry testId="308de2f1-a65b-2ef3-00c3-b11aed421fad" executionId="73cb0c88-4df9-4ddb-9578-dc47884629f9" testListId="8c84fa94-04c1-424b-9868-57a2d4851a1d" />
    <TestEntry testId="e67c7e39-2041-921d-fcbf-52c404627a21" executionId="2068541c-71a2-4bbd-86a5-c7f3260b0b44" testListId="8c84fa94-04c1-424b-9868-57a2d4851a1d" />
    <TestEntry testId="50ceb1a3-bbee-77bd-f7c8-ea6ffa8fcb9e" executionId="a885db4a-6b62-452a-bd3c-89be1d4df45e" testListId="8c84fa94-04c1-424b-9868-57a2d4851a1d" />
    <TestEntry testId="6ebc79a4-987d-2bc3-df08-09a50a77278a" executionId="027facfe-bacc-4337-adec-f09a7e37eb0c" testListId="8c84fa94-04c1-424b-9868-57a2d4851a1d" />
    <TestEntry testId="412203ea-3b32-8c37-03c6-58087662cf65" executionId="fd3eb3bb-6990-4cad-b4f4-e8a1f5c5575e" testListId="8c84fa94-04c1-424b-9868-57a2d4851a1d" />
    <TestEntry testId="688ab4e1-9ede-63ba-415f-d219cfbc76f5" executionId="f13e49da-6210-456d-97e8-b683d6dad2da" testListId="8c84fa94-04c1-424b-9868-57a2d4851a1d" />
    <TestEntry testId="929d3ee7-c2a7-b471-7d66-c1eb4d7bfb83" executionId="3bc06c2d-048c-48ff-b995-98e0fa4cd114" testListId="8c84fa94-04c1-424b-9868-57a2d4851a1d" />
    <TestEntry testId="86e77e5b-a8c7-eee6-7aa2-17ce1d5eb81f" executionId="73c8d2bd-b6a5-4c90-b51f-d8d7d9ccea51" testListId="8c84fa94-04c1-424b-9868-57a2d4851a1d" />
    <TestEntry testId="48e7dd7c-963d-0c73-c44e-071d94068a1f" executionId="3bc66f55-9184-40e7-a8a1-0d2a77a73ad2" testListId="8c84fa94-04c1-424b-9868-57a2d4851a1d" />
    <TestEntry testId="99afc3a3-e56c-65f0-a935-a8e52ed7d982" executionId="83c5efff-aba2-48f5-b575-3c6f384fda91" testListId="8c84fa94-04c1-424b-9868-57a2d4851a1d" />
    <TestEntry testId="7900cd3f-12b8-1eff-695a-493ad9dbd3cf" executionId="b451d2e8-631a-47cb-97bd-162600fdf9f6" testListId="8c84fa94-04c1-424b-9868-57a2d4851a1d" />
    <TestEntry testId="5eff9454-3e7e-e22f-ff2d-9eff65c48d24" executionId="7e21aaaf-99a4-4fdc-9dd2-734a41663d58" testListId="8c84fa94-04c1-424b-9868-57a2d4851a1d" />
    <TestEntry testId="95872637-10aa-91a4-5b1e-72f11650fb60" executionId="1a3dae76-3e0f-4859-84e9-a0a00ddcf97c" testListId="8c84fa94-04c1-424b-9868-57a2d4851a1d" />
    <TestEntry testId="5e9ea610-9094-fb5a-1809-d8c49e738327" executionId="a81f3f44-4852-4cc6-9087-e607b2eb71bd" testListId="8c84fa94-04c1-424b-9868-57a2d4851a1d" />
    <TestEntry testId="e2464868-1917-fea2-960f-a50e75ae2910" executionId="8fb7e396-2873-464f-83d2-dbde44310f36" testListId="8c84fa94-04c1-424b-9868-57a2d4851a1d" />
    <TestEntry testId="d7728b7a-65fd-b6e3-45d3-f0717092cd5c" executionId="1a0105be-c857-4384-bdf5-9cd5cc15dd98" testListId="8c84fa94-04c1-424b-9868-57a2d4851a1d" />
    <TestEntry testId="988a76fb-eb14-31ef-5ee6-1186dfa7274b" executionId="3aeea0ee-10b2-4a7e-b2ef-2993f01def2a" testListId="8c84fa94-04c1-424b-9868-57a2d4851a1d" />
    <TestEntry testId="f05470f3-dd98-66fc-30c8-eedbefc2c2fd" executionId="4478d163-0b75-4b90-8948-eb4ab2d35898" testListId="8c84fa94-04c1-424b-9868-57a2d4851a1d" />
    <TestEntry testId="e9be7b7b-dc0a-0a89-0d10-388e7cb87792" executionId="7a955729-71f7-40b1-b16e-ba043c607991" testListId="8c84fa94-04c1-424b-9868-57a2d4851a1d" />
    <TestEntry testId="8cf89d54-be14-6b51-122f-95abd8412bb8" executionId="63dfd352-db91-4821-9c60-80a5159d40b9" testListId="8c84fa94-04c1-424b-9868-57a2d4851a1d" />
    <TestEntry testId="af8664c8-bb1f-43f3-80b2-16d2443501ee" executionId="2f94a4a0-eacd-40f6-83e5-81c45820db66" testListId="8c84fa94-04c1-424b-9868-57a2d4851a1d" />
    <TestEntry testId="2e239ad8-51c8-4368-8f5f-8170258aca39" executionId="ae330b9d-f387-470e-89fe-b88ac0232d20" testListId="8c84fa94-04c1-424b-9868-57a2d4851a1d" />
    <TestEntry testId="6a103265-61c4-c703-aa4c-eb91c9c0b9e7" executionId="47293db0-03c1-4a5b-ac8a-b08f49eb138b" testListId="8c84fa94-04c1-424b-9868-57a2d4851a1d" />
    <TestEntry testId="543fd025-c46a-063a-e7de-4ca06c2152d1" executionId="9c5dd711-2cd0-4e66-981d-60b81485a9dc" testListId="8c84fa94-04c1-424b-9868-57a2d4851a1d" />
    <TestEntry testId="92cdf67a-081b-2da5-36e5-8c058767cb2d" executionId="42ecde2c-4869-41f5-94ca-1c31a73ab252" testListId="8c84fa94-04c1-424b-9868-57a2d4851a1d" />
    <TestEntry testId="af35a698-328d-7ccb-f3a4-1ca20c607cd3" executionId="1cfb45ba-84f5-4d8d-8082-211fb2f241a0" testListId="8c84fa94-04c1-424b-9868-57a2d4851a1d" />
    <TestEntry testId="facad60b-be32-9dda-fba5-7c7fb77c582b" executionId="1ca5c183-fdf4-44b0-baba-2f4caf37a391" testListId="8c84fa94-04c1-424b-9868-57a2d4851a1d" />
    <TestEntry testId="a7f039bb-e008-d895-9ca3-6a3be43521e0" executionId="b1e83ddc-fbe4-4518-bc83-6df1a6c87b83" testListId="8c84fa94-04c1-424b-9868-57a2d4851a1d" />
    <TestEntry testId="c7f0b721-5cb3-11b9-78ce-982c6c93b561" executionId="8723b82a-c41b-4c8a-8b28-31e6501f0ddc" testListId="8c84fa94-04c1-424b-9868-57a2d4851a1d" />
    <TestEntry testId="9f772cef-e404-3eb2-ee64-340c0f46aba5" executionId="eb4c7348-5ac0-496d-9efc-1cbc9d250245" testListId="8c84fa94-04c1-424b-9868-57a2d4851a1d" />
    <TestEntry testId="939a2244-834b-61d1-6354-aa06c674cd79" executionId="e88a0fee-691c-4c93-9a95-011afbdf4bb1" testListId="8c84fa94-04c1-424b-9868-57a2d4851a1d" />
    <TestEntry testId="3c0ef892-0b3e-7e60-bcd6-b7064953d994" executionId="7249403a-a2d5-4971-b5e7-0f428d05913a" testListId="8c84fa94-04c1-424b-9868-57a2d4851a1d" />
    <TestEntry testId="7d6d4444-0857-2926-ad21-737ce1d59354" executionId="f94f9364-94da-4994-b3c0-ad2f74a9a532" testListId="8c84fa94-04c1-424b-9868-57a2d4851a1d" />
    <TestEntry testId="29221416-c2aa-3a8e-bcbb-e2e374422384" executionId="237320a1-9be1-46b0-9372-5f22bc515c90" testListId="8c84fa94-04c1-424b-9868-57a2d4851a1d" />
    <TestEntry testId="3f1a6d2c-e41e-7400-2935-a30ddfef3b4f" executionId="cab71a2f-cdec-4626-9fb8-682bc33697f1" testListId="8c84fa94-04c1-424b-9868-57a2d4851a1d" />
    <TestEntry testId="915baf8a-558c-8445-25e8-39afc4def2d3" executionId="ddc2e676-3c36-45e1-b8c1-870b9b22f15b" testListId="8c84fa94-04c1-424b-9868-57a2d4851a1d" />
    <TestEntry testId="fccc4855-8f79-aac6-2d77-b19e845576b0" executionId="de28fb9f-e746-4dfb-adaf-7d09c47db999" testListId="8c84fa94-04c1-424b-9868-57a2d4851a1d" />
    <TestEntry testId="fd196665-9f74-c566-c22f-3c3e5b1d3bc2" executionId="0b99fa5f-2152-4ebe-85a8-7ef840a4ba2f" testListId="8c84fa94-04c1-424b-9868-57a2d4851a1d" />
    <TestEntry testId="91185eda-8025-13c8-dfb8-0ba856a8e4b6" executionId="28e52f75-9d3c-4a35-a67f-7fafa841c244" testListId="8c84fa94-04c1-424b-9868-57a2d4851a1d" />
    <TestEntry testId="2312bf96-caf8-4555-c7c6-ad46b1dc526b" executionId="5a6d746c-9b37-4b98-af92-3afde85c17dd" testListId="8c84fa94-04c1-424b-9868-57a2d4851a1d" />
    <TestEntry testId="16c2d2bb-f749-1b84-5d1a-f4693eeff379" executionId="8e520ed5-8c57-46c5-9cf0-59a207e633a4" testListId="8c84fa94-04c1-424b-9868-57a2d4851a1d" />
    <TestEntry testId="3052bbd6-828d-da64-f0c6-52ba6226af7a" executionId="23db3e23-cbd4-4d81-aab1-857d7b9998ad" testListId="8c84fa94-04c1-424b-9868-57a2d4851a1d" />
    <TestEntry testId="de7798a5-e4ad-f8d4-2c72-5c24a0cf7145" executionId="156b95bb-77a0-4611-84f6-95a0189750c4" testListId="8c84fa94-04c1-424b-9868-57a2d4851a1d" />
    <TestEntry testId="537f464b-2890-762f-2d6a-4c915364b3e3" executionId="cd2d82d9-df7c-47fb-9660-5f19fa1c7372" testListId="8c84fa94-04c1-424b-9868-57a2d4851a1d" />
    <TestEntry testId="c43ccd69-1d07-f1ca-15df-57ee4d99dac7" executionId="357575e2-9a5b-4cad-b347-563406d0bdab" testListId="8c84fa94-04c1-424b-9868-57a2d4851a1d" />
    <TestEntry testId="9f00f2fa-3d74-2446-5749-9f3e0babecac" executionId="ef2a0fd9-7696-41d6-84d5-bab3be28e7b1" testListId="8c84fa94-04c1-424b-9868-57a2d4851a1d" />
    <TestEntry testId="cd11f649-a23e-aa6b-25ea-c9537d6d7754" executionId="a89b0247-268b-4e0f-b835-d543807298c0" testListId="8c84fa94-04c1-424b-9868-57a2d4851a1d" />
    <TestEntry testId="34211a94-c56c-bda5-da75-a958f6fec0fd" executionId="ce14c3d9-1eca-4961-bac5-f31979152ba5" testListId="8c84fa94-04c1-424b-9868-57a2d4851a1d" />
    <TestEntry testId="914fcf56-73e7-5755-af49-0edb6532b413" executionId="811365ff-a720-4ad8-a224-8d641d34da8a" testListId="8c84fa94-04c1-424b-9868-57a2d4851a1d" />
    <TestEntry testId="55fcdea5-f0c8-1939-1d6f-85530f5b3f84" executionId="9c6029b4-25e4-4c38-8043-5415f4931397" testListId="8c84fa94-04c1-424b-9868-57a2d4851a1d" />
    <TestEntry testId="bd9e4de3-f354-3ba6-5d06-fcf4d194d7fd" executionId="f8bd1492-73fc-4dca-9b26-62185d712a43" testListId="8c84fa94-04c1-424b-9868-57a2d4851a1d" />
    <TestEntry testId="e01f699e-2cfd-1511-9baf-46a63b479927" executionId="049982d6-1996-4ea8-a9dc-99b0ceb28bac" testListId="8c84fa94-04c1-424b-9868-57a2d4851a1d" />
    <TestEntry testId="807a3318-f20a-42a4-889a-f1120df8c97a" executionId="e376d97e-69e2-42dc-aa25-2b66b37d6734" testListId="8c84fa94-04c1-424b-9868-57a2d4851a1d" />
    <TestEntry testId="3a2ef3df-829b-c946-16cd-4ccab9f111ab" executionId="a2695ef1-e59e-441c-be7f-58e5fbd445cc" testListId="8c84fa94-04c1-424b-9868-57a2d4851a1d" />
    <TestEntry testId="33f1551c-325e-5bc6-9b2a-69eeddb08656" executionId="58a00f86-36cf-4ac2-bd3a-1aad6abc29ac" testListId="8c84fa94-04c1-424b-9868-57a2d4851a1d" />
    <TestEntry testId="1ba574a1-6649-3d9c-bbd9-ac7d24976a9a" executionId="0157d6ee-e1ef-4631-99e1-224bedc7c1c2" testListId="8c84fa94-04c1-424b-9868-57a2d4851a1d" />
    <TestEntry testId="5a87932a-3364-a4d0-eff8-debcdd964c85" executionId="3c044ade-c354-4d2a-9415-75ba34cd26e3" testListId="8c84fa94-04c1-424b-9868-57a2d4851a1d" />
    <TestEntry testId="683f065d-9593-0c25-faae-663a5d47b14d" executionId="13a78abb-a1e8-4108-8057-b14d6cdc65b5" testListId="8c84fa94-04c1-424b-9868-57a2d4851a1d" />
    <TestEntry testId="82b008a7-be57-0cc4-9799-cf73507f9143" executionId="73fb3317-7ba9-4750-9075-f84fb029204f" testListId="8c84fa94-04c1-424b-9868-57a2d4851a1d" />
    <TestEntry testId="54cf61e4-1c71-8316-8ed4-f64d77175755" executionId="61be1fbd-ba96-41fb-a71f-70d61100bbfd" testListId="8c84fa94-04c1-424b-9868-57a2d4851a1d" />
    <TestEntry testId="313fbd05-9ccb-9751-9fc3-6e68b028f609" executionId="9912497b-0ee2-4a11-b72b-3c89f85faa61" testListId="8c84fa94-04c1-424b-9868-57a2d4851a1d" />
    <TestEntry testId="fdf1163b-4929-09f8-4881-b4623554d75c" executionId="2c33b7be-6ea5-4fcc-85c7-d2c8ec9869cd" testListId="8c84fa94-04c1-424b-9868-57a2d4851a1d" />
    <TestEntry testId="3b471184-88ca-7a13-34f4-c6d1b7cf4d66" executionId="03231c0d-da4a-489f-bdb7-55898d71e891" testListId="8c84fa94-04c1-424b-9868-57a2d4851a1d" />
    <TestEntry testId="953013aa-d082-3c5d-8a98-9e0ecff132b0" executionId="bd7c26bc-a6de-413a-b97d-83929414867b" testListId="8c84fa94-04c1-424b-9868-57a2d4851a1d" />
    <TestEntry testId="7c6a723b-a4be-6a05-a4a9-5ba579b0ba3b" executionId="246efadb-bc2c-48fb-9bf4-cbf6f9f732d1" testListId="8c84fa94-04c1-424b-9868-57a2d4851a1d" />
    <TestEntry testId="45cb87c9-ee6a-f724-01aa-c025b8b44d98" executionId="16fdf3a1-7538-40cc-88b3-e06f2e005108" testListId="8c84fa94-04c1-424b-9868-57a2d4851a1d" />
    <TestEntry testId="12f89f78-f9fc-272f-f46c-011dcde46eaa" executionId="506ac722-8908-4d6b-9910-f5198650cae6" testListId="8c84fa94-04c1-424b-9868-57a2d4851a1d" />
    <TestEntry testId="385136dc-bac7-acd8-7962-cdf97a4bb2c9" executionId="28aa9e20-79a7-495c-9885-8881a1f979e5" testListId="8c84fa94-04c1-424b-9868-57a2d4851a1d" />
    <TestEntry testId="11a34d87-512e-de17-6267-ac3a29b1cf72" executionId="49803559-8764-4ef1-8aa4-0d2dbdb67b8b" testListId="8c84fa94-04c1-424b-9868-57a2d4851a1d" />
    <TestEntry testId="22abed9d-49d8-71a4-89c2-66713f85425f" executionId="2803f60e-2ef3-45a4-a0b2-9f9573cd972a" testListId="8c84fa94-04c1-424b-9868-57a2d4851a1d" />
    <TestEntry testId="ee5a758c-544a-d3b1-f895-5f90e0109756" executionId="f9bbd231-49de-4d90-833f-9b74c9d0f61f" testListId="8c84fa94-04c1-424b-9868-57a2d4851a1d" />
    <TestEntry testId="6fb0c6b5-3d65-c95b-a9a8-8dfc5d0d66aa" executionId="0b818390-733a-4fcb-b361-79b746f802b0" testListId="8c84fa94-04c1-424b-9868-57a2d4851a1d" />
    <TestEntry testId="036f551c-e61f-c570-996f-7bae87eb586a" executionId="18d0efb3-5237-425c-887e-7d7ab562f0ed" testListId="8c84fa94-04c1-424b-9868-57a2d4851a1d" />
    <TestEntry testId="57bcd0ca-050a-b275-e807-ded96d0587fe" executionId="e614eda2-9c33-4204-9605-3dde86aecc19" testListId="8c84fa94-04c1-424b-9868-57a2d4851a1d" />
    <TestEntry testId="da64defb-3906-2b10-5011-37335c8d4ff1" executionId="9d76439b-91b7-4f29-9d9c-91f7dadbd00d" testListId="8c84fa94-04c1-424b-9868-57a2d4851a1d" />
    <TestEntry testId="c3437a62-552a-ed54-b8f7-fcecde198474" executionId="90cf29ae-738a-4e4d-8fb8-aa0b80d79128" testListId="8c84fa94-04c1-424b-9868-57a2d4851a1d" />
    <TestEntry testId="1685dbe1-9f1c-2a95-90f9-ff921808fdad" executionId="6684c7e9-7247-427e-945f-2ddb2d39474b" testListId="8c84fa94-04c1-424b-9868-57a2d4851a1d" />
    <TestEntry testId="7227b3e2-e334-0aaa-fa61-7c29a4ebe86b" executionId="34fe74a7-b5ca-4a85-b0b2-ba49e2f6fff0" testListId="8c84fa94-04c1-424b-9868-57a2d4851a1d" />
    <TestEntry testId="341643ad-55ad-fdb4-18ba-ece3bccc4431" executionId="21c8324f-550b-4c53-ac1a-216beba62b06" testListId="8c84fa94-04c1-424b-9868-57a2d4851a1d" />
    <TestEntry testId="4c7d6d90-1ebb-8c38-5ca6-20ae78ee870a" executionId="ffb48bb6-fde4-49dc-8259-07401c4d3f93" testListId="8c84fa94-04c1-424b-9868-57a2d4851a1d" />
    <TestEntry testId="d092aa67-a9be-4767-c2e7-52ff796b3a92" executionId="c7005c9f-82ed-4f93-be0c-e3789861bcce" testListId="8c84fa94-04c1-424b-9868-57a2d4851a1d" />
    <TestEntry testId="6aeb39e9-dab2-1804-ca3c-8a8217081440" executionId="650b66dd-1417-42ed-b629-61fc7efa7323" testListId="8c84fa94-04c1-424b-9868-57a2d4851a1d" />
    <TestEntry testId="c7feaebf-9198-62e2-d84a-e46179321576" executionId="f817c966-d7e8-4f71-9b9c-ceb86b7a66ed" testListId="8c84fa94-04c1-424b-9868-57a2d4851a1d" />
    <TestEntry testId="c7b1f0e6-b20c-4656-f570-63b0a322af39" executionId="69aba7b2-b576-4e2d-b957-771b43f987b1" testListId="8c84fa94-04c1-424b-9868-57a2d4851a1d" />
    <TestEntry testId="ba601120-1d8a-05ea-533e-27048785ecd2" executionId="2ae6493b-dafe-4ea7-972b-c0590bc57add" testListId="8c84fa94-04c1-424b-9868-57a2d4851a1d" />
    <TestEntry testId="800e376d-8447-b1c1-a59a-6bbdf67f99d3" executionId="ae6b690c-ca27-4f9c-8c85-401a0da17f7e" testListId="8c84fa94-04c1-424b-9868-57a2d4851a1d" />
    <TestEntry testId="be756dfa-b7b5-ad99-6695-714ebfe75552" executionId="49c54b9e-b32f-4e68-a81b-079b9819fe46" testListId="8c84fa94-04c1-424b-9868-57a2d4851a1d" />
    <TestEntry testId="dcd5e115-f666-b3c0-1f2e-23ef0ff0a732" executionId="4076c196-b9bd-46c1-bd38-fd6a6ccc436f" testListId="8c84fa94-04c1-424b-9868-57a2d4851a1d" />
    <TestEntry testId="4758b8c7-dd1b-ea54-9b32-61255bb7b2ee" executionId="ec010892-fcce-4888-9e8f-305d44993bc8" testListId="8c84fa94-04c1-424b-9868-57a2d4851a1d" />
    <TestEntry testId="2fff50bd-e523-bbea-2dad-8cb56239ed43" executionId="08e4a2b3-8e72-491a-a2cc-77053d9cbb9b" testListId="8c84fa94-04c1-424b-9868-57a2d4851a1d" />
    <TestEntry testId="3f7e344f-2ac5-e9c1-c15b-3351e575b864" executionId="e7339cd9-bc94-4858-8585-9da97d536c29" testListId="8c84fa94-04c1-424b-9868-57a2d4851a1d" />
    <TestEntry testId="1b49c08b-32cf-4465-2415-0716b4f9d1dc" executionId="ea27bdfc-105c-402a-bc5c-787b2e7984f3" testListId="8c84fa94-04c1-424b-9868-57a2d4851a1d" />
    <TestEntry testId="825f865b-478d-d1c8-2ac4-a7befc0ac424" executionId="308c4a47-a545-437f-817c-a7ebbd0fccf6" testListId="8c84fa94-04c1-424b-9868-57a2d4851a1d" />
    <TestEntry testId="29c7ac91-4e62-f459-d5d6-91ca9bee8817" executionId="1f8c7ff8-344d-49e4-94bb-61aa7e7e458f" testListId="8c84fa94-04c1-424b-9868-57a2d4851a1d" />
    <TestEntry testId="6641a4e9-3fe6-7f29-b4a1-efa288cf1fad" executionId="d0d8b7af-0260-4820-93e3-5676a73f523c" testListId="8c84fa94-04c1-424b-9868-57a2d4851a1d" />
    <TestEntry testId="4382419f-13f7-0845-003b-916b2981c71a" executionId="45754c05-0024-4750-9831-6bc468e4e245" testListId="8c84fa94-04c1-424b-9868-57a2d4851a1d" />
    <TestEntry testId="be1b6951-253c-0819-087b-82ed5331132b" executionId="664ce0df-4e66-46f3-b141-8f1396e9aefd" testListId="8c84fa94-04c1-424b-9868-57a2d4851a1d" />
    <TestEntry testId="67cc3065-555c-f5aa-0cc2-37a5adf97462" executionId="99335526-3877-4b26-83ce-77e63cff5607" testListId="8c84fa94-04c1-424b-9868-57a2d4851a1d" />
    <TestEntry testId="00120dea-7622-88ad-3f22-a370349f1818" executionId="5f5c33f2-2963-435d-8eb1-1b89315fb962" testListId="8c84fa94-04c1-424b-9868-57a2d4851a1d" />
    <TestEntry testId="3c5b1a9e-c8b2-65c9-34cd-2a1c54be71ab" executionId="292af42b-d689-4ad3-9aa2-6f7dcb9da60e" testListId="8c84fa94-04c1-424b-9868-57a2d4851a1d" />
    <TestEntry testId="c6fb0d07-8065-f29e-c772-055a9d010e16" executionId="df9f1ed5-d9dc-442a-96e7-00395eaa742d" testListId="8c84fa94-04c1-424b-9868-57a2d4851a1d" />
    <TestEntry testId="54177842-3e52-de32-f3fa-d7af1a4fc4f9" executionId="cfb7876d-921f-479e-beaa-1ce2a6611165" testListId="8c84fa94-04c1-424b-9868-57a2d4851a1d" />
    <TestEntry testId="bd9be175-3f11-e2af-e478-5a99233fd72f" executionId="89f27164-0852-4101-99a1-50e6618baafa" testListId="8c84fa94-04c1-424b-9868-57a2d4851a1d" />
    <TestEntry testId="5207ba34-ff73-e996-4133-2d057c8d5ad1" executionId="25db0978-0a4a-42f0-8551-06ed3e6f2870" testListId="8c84fa94-04c1-424b-9868-57a2d4851a1d" />
    <TestEntry testId="266c1673-c18f-1799-f292-dae45c9faeb0" executionId="5720ac9a-2701-44e8-81fe-f79efcbb6e47" testListId="8c84fa94-04c1-424b-9868-57a2d4851a1d" />
    <TestEntry testId="4dcc34f5-2e20-7f83-e900-3de41873f6a4" executionId="5160f5f5-3492-4e80-8d83-f724a1c922a8" testListId="8c84fa94-04c1-424b-9868-57a2d4851a1d" />
    <TestEntry testId="5bf2f827-a694-5c40-9e1c-9ae629007eed" executionId="6c6f9e62-89dc-49ff-9fbc-3e9a46668284" testListId="8c84fa94-04c1-424b-9868-57a2d4851a1d" />
    <TestEntry testId="dbdd8738-f971-2ac4-1f4f-b334ef243188" executionId="3dde78df-8ca8-4e25-aac8-2160c931aea8" testListId="8c84fa94-04c1-424b-9868-57a2d4851a1d" />
    <TestEntry testId="04bd6ec9-2d65-7664-c334-46c83b945990" executionId="7a0d47b6-f111-4d05-ab47-42c258897fc4" testListId="8c84fa94-04c1-424b-9868-57a2d4851a1d" />
    <TestEntry testId="36047bf0-906f-2972-04b9-54bf22739225" executionId="1a8a84a7-1452-42fd-b489-50c423d91dea" testListId="8c84fa94-04c1-424b-9868-57a2d4851a1d" />
    <TestEntry testId="a1e89a98-a76b-73b6-16aa-d82d2430a368" executionId="3246b86d-66a6-4091-91f4-730884f58180" testListId="8c84fa94-04c1-424b-9868-57a2d4851a1d" />
    <TestEntry testId="fa72d82c-ff06-ed3e-fe4c-28ba5a65c72a" executionId="808af1c9-72a7-4d48-82af-b347b957545b" testListId="8c84fa94-04c1-424b-9868-57a2d4851a1d" />
    <TestEntry testId="97b1f011-5b3f-3448-cf2c-c730ad856ce3" executionId="cb8ba96c-cb6d-44ca-ad6f-92c7e4636dce" testListId="8c84fa94-04c1-424b-9868-57a2d4851a1d" />
    <TestEntry testId="d9c88791-a31f-50fb-edfa-0553db7632a5" executionId="4e7af8c1-ed53-4681-b6a5-2c34abacbbd7" testListId="8c84fa94-04c1-424b-9868-57a2d4851a1d" />
    <TestEntry testId="c05cf843-a216-7fb4-27dd-aef083160757" executionId="07d0a417-e55c-4a10-bf89-c7b8b9c83a22" testListId="8c84fa94-04c1-424b-9868-57a2d4851a1d" />
    <TestEntry testId="031cd14d-90fd-cff5-0f2d-a9b616527c02" executionId="82679fd6-1d5a-47e8-9743-f2589d5fd3e5" testListId="8c84fa94-04c1-424b-9868-57a2d4851a1d" />
    <TestEntry testId="f02c4b37-2d35-e127-ed31-a1360b6b386f" executionId="f0ca1c33-bc59-4c5d-beb3-0942dcbc48f5" testListId="8c84fa94-04c1-424b-9868-57a2d4851a1d" />
    <TestEntry testId="aea9b725-6b91-83a7-24ed-fba9aecaea7d" executionId="158b26dd-a36c-445a-abcd-651352760b4c" testListId="8c84fa94-04c1-424b-9868-57a2d4851a1d" />
    <TestEntry testId="4cc89ad0-e24a-4039-f296-387b2c4c908d" executionId="2d870709-34d4-4ac9-8b5f-081d911492f6" testListId="8c84fa94-04c1-424b-9868-57a2d4851a1d" />
    <TestEntry testId="3e8618fb-d9c2-89e4-b68f-23c09de3774f" executionId="3ef061b4-24c5-484f-9d8a-d12c7923e691" testListId="8c84fa94-04c1-424b-9868-57a2d4851a1d" />
    <TestEntry testId="a7878fba-8233-46a1-465f-b16492f8d563" executionId="277c2f82-1f60-442a-8fb0-d1dd86ff590a" testListId="8c84fa94-04c1-424b-9868-57a2d4851a1d" />
    <TestEntry testId="594e7349-f67d-b54a-3ff1-32e7d00732d0" executionId="d8f9d669-cf7a-4498-adda-d43f1e0c7012" testListId="8c84fa94-04c1-424b-9868-57a2d4851a1d" />
    <TestEntry testId="0600cf9e-1d21-dc00-6774-436608f5ef65" executionId="9caa0ed1-3cf1-49a9-96df-9987d2c3974e" testListId="8c84fa94-04c1-424b-9868-57a2d4851a1d" />
    <TestEntry testId="6823f43f-237c-e909-3a18-05eff59f5e15" executionId="cd372d14-19a6-44ea-84ca-cd12cb7c43ad" testListId="8c84fa94-04c1-424b-9868-57a2d4851a1d" />
    <TestEntry testId="c0313b89-fd8f-a6a5-6269-7c2f8313d3f8" executionId="31dc0d39-32c7-4c1e-810f-12096f7f9e59" testListId="8c84fa94-04c1-424b-9868-57a2d4851a1d" />
    <TestEntry testId="717bd1e2-dd57-8b5a-9066-9060a27b508d" executionId="2cdb60b0-3c75-41e8-9b16-a97204bc906c" testListId="8c84fa94-04c1-424b-9868-57a2d4851a1d" />
    <TestEntry testId="46223da2-1af1-111c-e434-95d68baf71e9" executionId="8b356cef-53ea-4382-826d-1e3f44840724" testListId="8c84fa94-04c1-424b-9868-57a2d4851a1d" />
    <TestEntry testId="4c0fed65-2528-7458-3c00-153a4778437c" executionId="fd1fc2a3-f43c-4b2e-93b6-bd3491420adf" testListId="8c84fa94-04c1-424b-9868-57a2d4851a1d" />
    <TestEntry testId="f6478a14-0781-a840-1331-60ec0ea84836" executionId="a11c080c-572d-4824-ab5c-d6f7e5547cd9" testListId="8c84fa94-04c1-424b-9868-57a2d4851a1d" />
    <TestEntry testId="209e8c12-8f87-634b-aabf-f55790bff9e4" executionId="14de643f-354d-44d2-9cb3-2d25af412012" testListId="8c84fa94-04c1-424b-9868-57a2d4851a1d" />
    <TestEntry testId="450c4c4f-dd64-c052-a58d-0f321e9a4ab5" executionId="094342f2-4722-46e9-b018-cec03a25b051" testListId="8c84fa94-04c1-424b-9868-57a2d4851a1d" />
    <TestEntry testId="79431802-2d85-13b8-ab61-67a85be3995c" executionId="b0dea2ee-1289-471a-9709-6b4cb4540439" testListId="8c84fa94-04c1-424b-9868-57a2d4851a1d" />
    <TestEntry testId="2e9a08db-93e4-a0b0-2823-9687580ea111" executionId="6761f810-9be5-4f48-8f93-3ca65261acd5" testListId="8c84fa94-04c1-424b-9868-57a2d4851a1d" />
    <TestEntry testId="c6a1a0c6-0543-e043-6574-7026d074da5a" executionId="2995434e-24d4-4408-9cb4-39df7b16bf20" testListId="8c84fa94-04c1-424b-9868-57a2d4851a1d" />
    <TestEntry testId="832e72e0-cf72-177f-4b57-b8a6c410d77d" executionId="a465d519-bfac-48de-a5f7-6aef5f91abf7" testListId="8c84fa94-04c1-424b-9868-57a2d4851a1d" />
    <TestEntry testId="af18c65a-6dab-963c-ae11-ca606f9ec716" executionId="ea3dd18e-4191-456a-bd56-0e8396832a24" testListId="8c84fa94-04c1-424b-9868-57a2d4851a1d" />
    <TestEntry testId="71ea535e-e323-ac42-effa-861c728b9432" executionId="bcbcc387-3b2f-4ff4-979c-ecbceb0e0122" testListId="8c84fa94-04c1-424b-9868-57a2d4851a1d" />
    <TestEntry testId="a7789761-e712-36f0-3d13-cb2a7e42aa93" executionId="43a6988c-03a3-4132-81ce-9edec1eb342f" testListId="8c84fa94-04c1-424b-9868-57a2d4851a1d" />
    <TestEntry testId="48bba266-5231-49e4-88d1-691c91359319" executionId="6adb6602-daa4-4920-a85f-e7f557a4c13a" testListId="8c84fa94-04c1-424b-9868-57a2d4851a1d" />
    <TestEntry testId="a5766b4c-0dc0-04ea-2ded-12460a086d5f" executionId="a3a27080-5dea-4e93-906a-9886a841f7c1" testListId="8c84fa94-04c1-424b-9868-57a2d4851a1d" />
    <TestEntry testId="a8e7e1f1-4bf2-014f-d2e4-4938a7f4e81c" executionId="46096673-ca00-482d-b010-bcf56ae97acd" testListId="8c84fa94-04c1-424b-9868-57a2d4851a1d" />
    <TestEntry testId="f02d8dd0-31af-bb80-f1c4-f378ce56b784" executionId="c047d5e8-7319-4204-bef6-eca0b5df5964" testListId="8c84fa94-04c1-424b-9868-57a2d4851a1d" />
    <TestEntry testId="2520ece5-6d09-2a4f-6a86-aaceeae65ffd" executionId="b839aa97-e39a-40a2-a7ae-b16c5c401d88" testListId="8c84fa94-04c1-424b-9868-57a2d4851a1d" />
    <TestEntry testId="e449c253-e685-88dc-b9a2-4cb435a6f8c9" executionId="0316c654-4169-42d6-b0e2-e28efb4b56d9" testListId="8c84fa94-04c1-424b-9868-57a2d4851a1d" />
    <TestEntry testId="910e3c4e-91ca-5a52-25c0-efa52d0d7125" executionId="055178fa-671b-4740-8ad3-41666e3afeb6" testListId="8c84fa94-04c1-424b-9868-57a2d4851a1d" />
    <TestEntry testId="467aeb63-52fb-5550-90b9-62408ec18747" executionId="fe127efb-0869-4df9-8bad-89282d84594e" testListId="8c84fa94-04c1-424b-9868-57a2d4851a1d" />
    <TestEntry testId="34de9a5c-ffac-5ea5-1c8c-bc8c44eaa588" executionId="7cda15e3-3f11-471c-947e-03ec28f89882" testListId="8c84fa94-04c1-424b-9868-57a2d4851a1d" />
    <TestEntry testId="88461271-8542-7451-7f10-15633b7a652e" executionId="49aa20c6-a9c7-485a-96b0-10e5e58792a0" testListId="8c84fa94-04c1-424b-9868-57a2d4851a1d" />
    <TestEntry testId="4c795da5-98b8-4296-89a1-f144b9f88460" executionId="b31ad001-b8cb-4a91-aee1-5cc0c4471d43" testListId="8c84fa94-04c1-424b-9868-57a2d4851a1d" />
    <TestEntry testId="bcf9aa62-f8de-054d-810a-52baa94a16f5" executionId="b802b05b-5d36-4c04-ad66-b56b402bef2d" testListId="8c84fa94-04c1-424b-9868-57a2d4851a1d" />
    <TestEntry testId="09bd71e3-6d9b-b514-a037-f6e515efdbd3" executionId="d2250652-9d37-407c-932a-4b7d8e2f1937" testListId="8c84fa94-04c1-424b-9868-57a2d4851a1d" />
    <TestEntry testId="f8bcba92-efa3-dd7f-fde0-cbf5bd42a380" executionId="7c435fc5-bf59-4be4-bdd4-5b6634d06c98" testListId="8c84fa94-04c1-424b-9868-57a2d4851a1d" />
    <TestEntry testId="9a59e2f9-cef5-d6ee-3a90-b3902d6003af" executionId="ffccf9b1-ef5b-44e4-9996-98b7af41f22a" testListId="8c84fa94-04c1-424b-9868-57a2d4851a1d" />
    <TestEntry testId="7dfc9189-fb1b-a28d-4a92-90ac81e9729a" executionId="0435a4db-89b0-40e0-867f-0066a3c1d189" testListId="8c84fa94-04c1-424b-9868-57a2d4851a1d" />
    <TestEntry testId="c677994e-be98-5f54-d1fb-321aebfa3a16" executionId="5a225d8e-779c-49b7-9b8f-362f2766dd00" testListId="8c84fa94-04c1-424b-9868-57a2d4851a1d" />
    <TestEntry testId="f54520c7-8c9b-76a2-4894-0d118d41d4e3" executionId="6c4047de-0770-44da-9d25-4c6d0da276b7" testListId="8c84fa94-04c1-424b-9868-57a2d4851a1d" />
    <TestEntry testId="f1794d39-df94-d1e9-60a6-10119aebc35f" executionId="c6214dee-3816-4e09-a41d-74ae63abd0a1" testListId="8c84fa94-04c1-424b-9868-57a2d4851a1d" />
    <TestEntry testId="64e6c983-0403-dff9-6112-34addbef41c9" executionId="3c8b2381-80d7-43b6-a04f-ae9b5de68803" testListId="8c84fa94-04c1-424b-9868-57a2d4851a1d" />
    <TestEntry testId="d9e22f6c-6893-f2d5-4bad-1f25a676c4a6" executionId="64e46520-e380-4579-9997-86bda5fb667b" testListId="8c84fa94-04c1-424b-9868-57a2d4851a1d" />
    <TestEntry testId="ca69075d-0b70-18d5-1a06-fac35b67cd3b" executionId="224e30a2-4278-4eb2-8b1e-c9a1b9cc1644" testListId="8c84fa94-04c1-424b-9868-57a2d4851a1d" />
    <TestEntry testId="c57e7f9f-0cce-b6f4-07ee-ada8d8fbc5c3" executionId="b495aca7-bca1-4190-942b-ade576153dd6" testListId="8c84fa94-04c1-424b-9868-57a2d4851a1d" />
    <TestEntry testId="1a585a28-c287-7bb4-1bb2-c0e1b93f38bd" executionId="08b57c4c-d7ee-4a5e-b6f9-bc1ce3eb81d7" testListId="8c84fa94-04c1-424b-9868-57a2d4851a1d" />
    <TestEntry testId="f8615455-a4b0-bdd0-1ecf-8870ef34a7e9" executionId="827d3a5a-8124-42a8-965a-93a0955ba42c" testListId="8c84fa94-04c1-424b-9868-57a2d4851a1d" />
    <TestEntry testId="482c8cf5-ae0a-bdfe-8fea-125551c79d32" executionId="e2edb1b3-06bc-4cfe-a712-af6f511554b9" testListId="8c84fa94-04c1-424b-9868-57a2d4851a1d" />
    <TestEntry testId="e66a5384-6cb0-65a2-e91d-02c1e155d5c3" executionId="86c903ef-b1b8-430f-ad97-c7c135aa5f06" testListId="8c84fa94-04c1-424b-9868-57a2d4851a1d" />
    <TestEntry testId="2e962158-3ffe-3f85-8291-ad30cd47ebcb" executionId="c988306b-53d7-4ad0-8790-2fb4da4244fc" testListId="8c84fa94-04c1-424b-9868-57a2d4851a1d" />
    <TestEntry testId="2bdceb26-ca6a-1ff9-bb11-3a9cdbe462e0" executionId="55ea73c3-a3ac-41df-8493-3340afa3552b" testListId="8c84fa94-04c1-424b-9868-57a2d4851a1d" />
    <TestEntry testId="2520ef80-08f7-0a88-649a-45adca3a8d2b" executionId="52cda54a-3f94-4b52-99e1-f927c384300a" testListId="8c84fa94-04c1-424b-9868-57a2d4851a1d" />
    <TestEntry testId="acdf9e27-ac18-9369-da0a-58cd6c064cde" executionId="e83aa43a-47a3-48ea-bca7-0bc86966d832" testListId="8c84fa94-04c1-424b-9868-57a2d4851a1d" />
    <TestEntry testId="65721392-e906-b72c-9e38-c0b0eb482edc" executionId="1f2588a4-7051-4685-85a3-e8a18c559f74" testListId="8c84fa94-04c1-424b-9868-57a2d4851a1d" />
    <TestEntry testId="491bc67f-7e7f-5614-884d-dec272d0026c" executionId="3ac1779d-9133-43ba-9de9-4fa6b5486deb" testListId="8c84fa94-04c1-424b-9868-57a2d4851a1d" />
    <TestEntry testId="0d79d664-5469-b946-d144-1a8906ff02db" executionId="13326ea1-51ac-4f5b-8351-8f54a2a1c26b" testListId="8c84fa94-04c1-424b-9868-57a2d4851a1d" />
    <TestEntry testId="876d31d9-fb1a-792e-0be0-736862f1be56" executionId="2229162e-dd54-4210-acde-21263659424a" testListId="8c84fa94-04c1-424b-9868-57a2d4851a1d" />
    <TestEntry testId="fe28166b-13d8-a133-208f-4359b9894fdc" executionId="22ea15c9-7d3f-4809-bac6-492eabc6b5d8" testListId="8c84fa94-04c1-424b-9868-57a2d4851a1d" />
    <TestEntry testId="84f75f95-3219-0890-164f-b43e2a396545" executionId="38ff8935-5365-49fd-ad2b-2b038e362207" testListId="8c84fa94-04c1-424b-9868-57a2d4851a1d" />
    <TestEntry testId="c11ab97d-c893-e1cf-5312-f111a740bfdf" executionId="b9248491-8816-4530-8528-8a22a2245321" testListId="8c84fa94-04c1-424b-9868-57a2d4851a1d" />
    <TestEntry testId="8b3429f2-4cdd-dda8-4850-b96c716e5e44" executionId="f630a29b-9c6e-4262-9f6c-f03c948a6333" testListId="8c84fa94-04c1-424b-9868-57a2d4851a1d" />
    <TestEntry testId="93f22dd6-8de6-585c-5715-a0390a34c0b2" executionId="9593c326-3e2e-4de5-9f29-cb1da77121f4" testListId="8c84fa94-04c1-424b-9868-57a2d4851a1d" />
    <TestEntry testId="30ba49f3-c41a-af3c-6a4c-c75c4a2a3acc" executionId="1421f498-3522-4cc5-80be-a9ffe646ee10" testListId="8c84fa94-04c1-424b-9868-57a2d4851a1d" />
    <TestEntry testId="4c6f794f-c5bb-f458-941d-32ab8518b9d6" executionId="a3857ae9-6aa9-421b-b36c-984374b59d36" testListId="8c84fa94-04c1-424b-9868-57a2d4851a1d" />
    <TestEntry testId="5b7cb14d-e2cf-47b2-be5d-4ccbf441dc80" executionId="cc999a09-2205-4c30-9e5e-201682f40f69" testListId="8c84fa94-04c1-424b-9868-57a2d4851a1d" />
    <TestEntry testId="18c44544-acad-6617-1142-684d35a26c3b" executionId="972b107d-db08-47bd-8907-1d47b8190feb" testListId="8c84fa94-04c1-424b-9868-57a2d4851a1d" />
    <TestEntry testId="df9a9820-2b23-f3db-c367-77cc26700e6f" executionId="1f76b5f8-3b1f-4b5c-9ad9-61c89c3b0dfe" testListId="8c84fa94-04c1-424b-9868-57a2d4851a1d" />
    <TestEntry testId="901b3e11-eb23-a25f-de1e-7060c98c147c" executionId="c7003147-f289-45ab-8212-ee8b74ee21fe" testListId="8c84fa94-04c1-424b-9868-57a2d4851a1d" />
    <TestEntry testId="42fbaa12-b780-8351-11ef-f860362fd63f" executionId="ac4a90df-a8c5-47d2-83b8-7aaae10ca1b6" testListId="8c84fa94-04c1-424b-9868-57a2d4851a1d" />
    <TestEntry testId="d25df39d-7eba-d3e6-f674-e9e0f95d7b9a" executionId="12975d0c-e5c1-44b9-9de4-a8bb557d1226" testListId="8c84fa94-04c1-424b-9868-57a2d4851a1d" />
    <TestEntry testId="ad0a023a-3693-562e-9fc0-99203e08636b" executionId="ab991b70-b780-4c54-b8aa-44a226a84f64" testListId="8c84fa94-04c1-424b-9868-57a2d4851a1d" />
    <TestEntry testId="b8011298-da04-432a-4208-b77526e552c7" executionId="e1765275-8848-4728-8be3-c283dccde1c8" testListId="8c84fa94-04c1-424b-9868-57a2d4851a1d" />
    <TestEntry testId="f40ed4b4-c95a-cc58-32e7-3c22c07fd1c6" executionId="45e0fd9d-9d57-460e-bdef-6809a1148723" testListId="8c84fa94-04c1-424b-9868-57a2d4851a1d" />
  </TestEntries>
  <TestLists>
    <TestList name="Results Not in a List" id="8c84fa94-04c1-424b-9868-57a2d4851a1d" />
    <TestList name="All Loaded Results" id="19431567-8539-422a-85d7-44ee4e166bda" />
  </TestLists>
  <ResultSummary outcome="Completed">
    <Counters total="1001" executed="1001" passed="1001" failed="0" error="0" timeout="0" aborted="0" inconclusive="0" passedButRunAborted="0" notRunnable="0" notExecuted="0" disconnected="0" warning="0" completed="0" inProgress="0" pending="0" />
  </ResultSummary>
</TestRun>